Port monitor named: Port2_h1.prt

nx        = 70
ny        = 76
nz        = 25

nu        = 9
nv        = 22
iu        = 8
iv        = 39

idir      = 1
dcut      = 2.750000e-002
icut      = 67
type      = 1
frequency = 3.500000e+009

fcutoff   = 0.000000e+000
alpha     = 0.000000e+000
beta      = 1.352475e+002
accuracy  = 3.716546e-016

type          = QTEM
wave imp.     = 2.051347e+002
wave imp.sig. = 1.014168e-001
line imp.     = 4.918069e+001

ref. port     = 0

-0.000000e+000  -1.618830e-001  -2.976781e-001  -3.547200e-001  -3.404162e-001  -2.800124e-001  -1.739272e-001  -9.088595e-002  -0.000000e+000  
-0.000000e+000  -1.740358e-001  -3.284268e-001  -4.060207e-001  -3.998096e-001  -3.374980e-001  -2.139780e-001  -1.126686e-001  -0.000000e+000  
-0.000000e+000  -1.963638e-001  -3.881891e-001  -5.128776e-001  -5.298479e-001  -4.697981e-001  -3.100613e-001  -1.656528e-001  -0.000000e+000  
-0.000000e+000  -2.243634e-001  -4.713454e-001  -6.807333e-001  -7.530825e-001  -7.181208e-001  -5.048642e-001  -2.755674e-001  -0.000000e+000  
-0.000000e+000  -2.506070e-001  -5.658814e-001  -9.125643e-001  -1.108301e+000  -1.173495e+000  -9.113322e-001  -5.114216e-001  -0.000000e+000  
-0.000000e+000  -2.628584e-001  -6.434833e-001  -1.182885e+000  -1.628486e+000  -2.005698e+000  -1.832109e+000  -1.052223e+000  -0.000000e+000  
-0.000000e+000  -2.451866e-001  -6.530919e-001  -1.391556e+000  -2.259147e+000  -3.472655e+000  -4.201932e+000  -2.339625e+000  -0.000000e+000  
-0.000000e+000  -1.834610e-001  -5.270987e-001  -1.298620e+000  -2.571931e+000  -5.536884e+000  -1.153915e+001  -4.930920e+000  -0.000000e+000  
-0.000000e+000  -9.034351e-002  -2.659860e-001  -6.742424e-001  -1.315190e+000  -2.478760e+000  -0.000000e+000  -2.795897e+000  -0.000000e+000  
-0.000000e+000  2.954557e-003  1.046149e-002  3.063669e-002  5.925062e-002  8.643909e-002  -0.000000e+000  2.504258e-002  -0.000000e+000  
-0.000000e+000  9.550893e-002  2.840558e-001  7.285119e-001  1.435313e+000  2.722531e+000  -0.000000e+000  2.924108e+000  -0.000000e+000  
-0.000000e+000  1.733178e-001  4.997805e-001  1.237393e+000  2.480946e+000  5.580785e+000  1.364645e+001  5.170281e+000  -0.000000e+000  
-0.000000e+000  2.270628e-001  6.223430e-001  1.400325e+000  2.442570e+000  4.184943e+000  5.966270e+000  3.166839e+000  -0.000000e+000  
-0.000000e+000  2.548491e-001  6.573152e-001  1.324310e+000  2.014798e+000  2.819713e+000  2.992605e+000  1.720729e+000  -0.000000e+000  
-0.000000e+000  2.615277e-001  6.261140e-001  1.108175e+000  1.465815e+000  1.712737e+000  1.468988e+000  8.412124e-001  -0.000000e+000  
-0.000000e+000  2.436972e-001  5.389072e-001  8.406483e-001  9.903906e-001  1.011381e+000  7.568449e-001  4.210231e-001  -0.000000e+000  
-0.000000e+000  2.157324e-001  4.448802e-001  6.246577e-001  6.753143e-001  6.277315e-001  4.311325e-001  2.335471e-001  -0.000000e+000  
-0.000000e+000  1.920119e-001  3.768897e-001  4.927895e-001  5.050624e-001  4.440110e-001  2.908743e-001  1.549921e-001  -0.000000e+000  
-0.000000e+000  1.733058e-001  3.270396e-001  4.041902e-001  3.978215e-001  3.355854e-001  2.126043e-001  1.119126e-001  -0.000000e+000  
-0.000000e+000  1.612697e-001  2.965925e-001  3.534492e-001  3.391729e-001  2.789469e-001  1.732336e-001  9.051677e-002  -0.000000e+000  
-0.000000e+000  1.601995e-001  2.939070e-001  3.490199e-001  3.340923e-001  2.740784e-001  1.698712e-001  8.869362e-002  -0.000000e+000  
-0.000000e+000  -0.000000e+000  -0.000000e+000  -0.000000e+000  -0.000000e+000  -0.000000e+000  -0.000000e+000  -0.000000e+000  -0.000000e+000  

-0.000000e+000  -0.000000e+000  -0.000000e+000  -0.000000e+000  -0.000000e+000  -0.000000e+000  -0.000000e+000  -0.000000e+000  -0.000000e+000  
2.765833e-002  5.325243e-003  -4.678963e-002  -1.117745e-001  -1.698219e-001  -2.263635e-001  -2.612821e-001  -2.771974e-001  -0.000000e+000  
6.307137e-002  2.154484e-002  -8.077986e-002  -2.173156e-001  -3.453738e-001  -4.762918e-001  -5.596313e-001  -5.976794e-001  -0.000000e+000  
1.120579e-001  5.918534e-002  -8.479633e-002  -3.010837e-001  -5.224026e-001  -7.692506e-001  -9.362722e-001  -1.012950e+000  -0.000000e+000  
1.797597e-001  1.294721e-001  -3.486659e-002  -3.332257e-001  -6.841354e-001  -1.134050e+000  -1.474145e+000  -1.631695e+000  -0.000000e+000  
2.669412e-001  2.415137e-001  1.045916e-001  -2.435171e-001  -7.557509e-001  -1.573135e+000  -2.325595e+000  -2.672742e+000  -0.000000e+000  
3.680135e-001  3.964405e-001  3.729952e-001  1.015836e-001  -5.185557e-001  -1.952268e+000  -3.851059e+000  -4.652966e+000  -0.000000e+000  
4.688533e-001  5.768694e-001  7.807721e-001  8.884576e-001  5.763173e-001  -1.434597e+000  -7.231971e+000  -8.816981e+000  -0.000000e+000  
5.474750e-001  7.363486e-001  1.229663e+000  2.117984e+000  3.500136e+000  6.873823e+000  -1.876002e+001  -1.730093e+001  -0.000000e+000  
5.768437e-001  7.982467e-001  1.409379e+000  2.582365e+000  4.348808e+000  7.652274e+000  -2.315289e+001  -2.089740e+001  -0.000000e+000  
5.756356e-001  7.952324e-001  1.399947e+000  2.561121e+000  4.329533e+000  7.724246e+000  -2.317691e+001  -2.085916e+001  -0.000000e+000  
5.441454e-001  7.281456e-001  1.203274e+000  2.047326e+000  3.388387e+000  7.067039e+000  -1.887967e+001  -1.708917e+001  -0.000000e+000  
4.880798e-001  6.140191e-001  8.806144e-001  1.144458e+000  1.085578e+000  -7.282568e-001  -8.799911e+000  -1.043118e+001  -0.000000e+000  
4.166866e-001  4.800492e-001  5.507153e-001  4.139186e-001  -1.480982e-001  -1.924223e+000  -5.078038e+000  -6.266897e+000  -0.000000e+000  
3.397911e-001  3.500648e-001  2.829171e-001  -3.671233e-002  -6.537372e-001  -1.892004e+000  -3.295745e+000  -3.927076e+000  -0.000000e+000  
2.413434e-001  2.058826e-001  5.297992e-002  -2.914176e-001  -7.600447e-001  -1.450196e+000  -2.036516e+000  -2.309504e+000  -0.000000e+000  
1.592621e-001  1.059688e-001  -5.727569e-002  -3.353841e-001  -6.470238e-001  -1.026838e+000  -1.301536e+000  -1.428526e+000  -0.000000e+000  
9.710784e-002  4.599219e-002  -8.853018e-002  -2.828555e-001  -4.759868e-001  -6.850836e-001  -8.234642e-001  -8.868732e-001  -0.000000e+000  
6.219679e-002  2.054219e-002  -8.165650e-002  -2.172137e-001  -3.436801e-001  -4.721817e-001  -5.535961e-001  -5.907524e-001  -0.000000e+000  
2.974738e-002  5.673329e-003  -5.048772e-002  -1.204370e-001  -1.828158e-001  -2.434432e-001  -2.808185e-001  -2.978517e-001  -0.000000e+000  
4.358311e-003  7.191013e-004  -7.704843e-003  -1.809130e-002  -2.728489e-002  -3.615353e-002  -4.159588e-002  -4.407571e-002  -0.000000e+000  
-0.000000e+000  -0.000000e+000  -0.000000e+000  -0.000000e+000  -0.000000e+000  -0.000000e+000  -0.000000e+000  -0.000000e+000  -0.000000e+000  

0.000000e+000  0.000000e+000  0.000000e+000  0.000000e+000  0.000000e+000  0.000000e+000  0.000000e+000  0.000000e+000  0.000000e+000  
0.000000e+000  0.000000e+000  0.000000e+000  0.000000e+000  0.000000e+000  0.000000e+000  0.000000e+000  0.000000e+000  0.000000e+000  
0.000000e+000  0.000000e+000  0.000000e+000  0.000000e+000  0.000000e+000  0.000000e+000  0.000000e+000  0.000000e+000  0.000000e+000  
0.000000e+000  0.000000e+000  0.000000e+000  0.000000e+000  0.000000e+000  0.000000e+000  0.000000e+000  0.000000e+000  0.000000e+000  
0.000000e+000  0.000000e+000  0.000000e+000  0.000000e+000  0.000000e+000  0.000000e+000  0.000000e+000  0.000000e+000  0.000000e+000  
0.000000e+000  0.000000e+000  0.000000e+000  0.000000e+000  0.000000e+000  0.000000e+000  0.000000e+000  0.000000e+000  0.000000e+000  
0.000000e+000  0.000000e+000  0.000000e+000  0.000000e+000  0.000000e+000  0.000000e+000  0.000000e+000  0.000000e+000  0.000000e+000  
0.000000e+000  0.000000e+000  0.000000e+000  0.000000e+000  0.000000e+000  0.000000e+000  0.000000e+000  0.000000e+000  0.000000e+000  
0.000000e+000  0.000000e+000  0.000000e+000  0.000000e+000  0.000000e+000  0.000000e+000  0.000000e+000  0.000000e+000  0.000000e+000  
0.000000e+000  0.000000e+000  0.000000e+000  0.000000e+000  0.000000e+000  0.000000e+000  0.000000e+000  0.000000e+000  0.000000e+000  
0.000000e+000  0.000000e+000  0.000000e+000  0.000000e+000  0.000000e+000  0.000000e+000  0.000000e+000  0.000000e+000  0.000000e+000  
0.000000e+000  0.000000e+000  0.000000e+000  0.000000e+000  0.000000e+000  0.000000e+000  0.000000e+000  0.000000e+000  0.000000e+000  
0.000000e+000  0.000000e+000  0.000000e+000  0.000000e+000  0.000000e+000  0.000000e+000  0.000000e+000  0.000000e+000  0.000000e+000  
0.000000e+000  0.000000e+000  0.000000e+000  0.000000e+000  0.000000e+000  0.000000e+000  0.000000e+000  0.000000e+000  0.000000e+000  
0.000000e+000  0.000000e+000  0.000000e+000  0.000000e+000  0.000000e+000  0.000000e+000  0.000000e+000  0.000000e+000  0.000000e+000  
0.000000e+000  0.000000e+000  0.000000e+000  0.000000e+000  0.000000e+000  0.000000e+000  0.000000e+000  0.000000e+000  0.000000e+000  
0.000000e+000  0.000000e+000  0.000000e+000  0.000000e+000  0.000000e+000  0.000000e+000  0.000000e+000  0.000000e+000  0.000000e+000  
0.000000e+000  0.000000e+000  0.000000e+000  0.000000e+000  0.000000e+000  0.000000e+000  0.000000e+000  0.000000e+000  0.000000e+000  
0.000000e+000  0.000000e+000  0.000000e+000  0.000000e+000  0.000000e+000  0.000000e+000  0.000000e+000  0.000000e+000  0.000000e+000  
0.000000e+000  0.000000e+000  0.000000e+000  0.000000e+000  0.000000e+000  0.000000e+000  0.000000e+000  0.000000e+000  0.000000e+000  
0.000000e+000  0.000000e+000  0.000000e+000  0.000000e+000  0.000000e+000  0.000000e+000  0.000000e+000  0.000000e+000  0.000000e+000  
0.000000e+000  0.000000e+000  0.000000e+000  0.000000e+000  0.000000e+000  0.000000e+000  0.000000e+000  0.000000e+000  0.000000e+000  

0.000000e+000  0.000000e+000  0.000000e+000  0.000000e+000  0.000000e+000  0.000000e+000  0.000000e+000  0.000000e+000  0.000000e+000  
0.000000e+000  0.000000e+000  0.000000e+000  0.000000e+000  0.000000e+000  0.000000e+000  0.000000e+000  0.000000e+000  0.000000e+000  
0.000000e+000  0.000000e+000  0.000000e+000  0.000000e+000  0.000000e+000  0.000000e+000  0.000000e+000  0.000000e+000  0.000000e+000  
0.000000e+000  0.000000e+000  0.000000e+000  0.000000e+000  0.000000e+000  0.000000e+000  0.000000e+000  0.000000e+000  0.000000e+000  
0.000000e+000  0.000000e+000  0.000000e+000  0.000000e+000  0.000000e+000  0.000000e+000  0.000000e+000  0.000000e+000  0.000000e+000  
0.000000e+000  0.000000e+000  0.000000e+000  0.000000e+000  0.000000e+000  0.000000e+000  0.000000e+000  0.000000e+000  0.000000e+000  
0.000000e+000  0.000000e+000  0.000000e+000  0.000000e+000  0.000000e+000  0.000000e+000  0.000000e+000  0.000000e+000  0.000000e+000  
0.000000e+000  0.000000e+000  0.000000e+000  0.000000e+000  0.000000e+000  0.000000e+000  0.000000e+000  0.000000e+000  0.000000e+000  
0.000000e+000  0.000000e+000  0.000000e+000  0.000000e+000  0.000000e+000  0.000000e+000  0.000000e+000  0.000000e+000  0.000000e+000  
0.000000e+000  0.000000e+000  0.000000e+000  0.000000e+000  0.000000e+000  0.000000e+000  0.000000e+000  0.000000e+000  0.000000e+000  
0.000000e+000  0.000000e+000  0.000000e+000  0.000000e+000  0.000000e+000  0.000000e+000  0.000000e+000  0.000000e+000  0.000000e+000  
0.000000e+000  0.000000e+000  0.000000e+000  0.000000e+000  0.000000e+000  0.000000e+000  0.000000e+000  0.000000e+000  0.000000e+000  
0.000000e+000  0.000000e+000  0.000000e+000  0.000000e+000  0.000000e+000  0.000000e+000  0.000000e+000  0.000000e+000  0.000000e+000  
0.000000e+000  0.000000e+000  0.000000e+000  0.000000e+000  0.000000e+000  0.000000e+000  0.000000e+000  0.000000e+000  0.000000e+000  
0.000000e+000  0.000000e+000  0.000000e+000  0.000000e+000  0.000000e+000  0.000000e+000  0.000000e+000  0.000000e+000  0.000000e+000  
0.000000e+000  0.000000e+000  0.000000e+000  0.000000e+000  0.000000e+000  0.000000e+000  0.000000e+000  0.000000e+000  0.000000e+000  
0.000000e+000  0.000000e+000  0.000000e+000  0.000000e+000  0.000000e+000  0.000000e+000  0.000000e+000  0.000000e+000  0.000000e+000  
0.000000e+000  0.000000e+000  0.000000e+000  0.000000e+000  0.000000e+000  0.000000e+000  0.000000e+000  0.000000e+000  0.000000e+000  
0.000000e+000  0.000000e+000  0.000000e+000  0.000000e+000  0.000000e+000  0.000000e+000  0.000000e+000  0.000000e+000  0.000000e+000  
0.000000e+000  0.000000e+000  0.000000e+000  0.000000e+000  0.000000e+000  0.000000e+000  0.000000e+000  0.000000e+000  0.000000e+000  
0.000000e+000  0.000000e+000  0.000000e+000  0.000000e+000  0.000000e+000  0.000000e+000  0.000000e+000  0.000000e+000  0.000000e+000  
0.000000e+000  0.000000e+000  0.000000e+000  0.000000e+000  0.000000e+000  0.000000e+000  0.000000e+000  0.000000e+000  0.000000e+000  

0.000000e+000  0.000000e+000  0.000000e+000  0.000000e+000  0.000000e+000  0.000000e+000  0.000000e+000  0.000000e+000  0.000000e+000  
0.000000e+000  0.000000e+000  0.000000e+000  0.000000e+000  0.000000e+000  0.000000e+000  0.000000e+000  0.000000e+000  0.000000e+000  
0.000000e+000  0.000000e+000  0.000000e+000  0.000000e+000  0.000000e+000  0.000000e+000  0.000000e+000  0.000000e+000  0.000000e+000  
0.000000e+000  0.000000e+000  0.000000e+000  0.000000e+000  0.000000e+000  0.000000e+000  0.000000e+000  0.000000e+000  0.000000e+000  
0.000000e+000  0.000000e+000  0.000000e+000  0.000000e+000  0.000000e+000  0.000000e+000  0.000000e+000  0.000000e+000  0.000000e+000  
0.000000e+000  0.000000e+000  0.000000e+000  0.000000e+000  0.000000e+000  0.000000e+000  0.000000e+000  0.000000e+000  0.000000e+000  
0.000000e+000  0.000000e+000  0.000000e+000  0.000000e+000  0.000000e+000  0.000000e+000  0.000000e+000  0.000000e+000  0.000000e+000  
0.000000e+000  0.000000e+000  0.000000e+000  0.000000e+000  0.000000e+000  0.000000e+000  0.000000e+000  0.000000e+000  0.000000e+000  
0.000000e+000  0.000000e+000  0.000000e+000  0.000000e+000  0.000000e+000  0.000000e+000  0.000000e+000  0.000000e+000  0.000000e+000  
0.000000e+000  0.000000e+000  0.000000e+000  0.000000e+000  0.000000e+000  0.000000e+000  0.000000e+000  0.000000e+000  0.000000e+000  
0.000000e+000  0.000000e+000  0.000000e+000  0.000000e+000  0.000000e+000  0.000000e+000  0.000000e+000  0.000000e+000  0.000000e+000  
0.000000e+000  0.000000e+000  0.000000e+000  0.000000e+000  0.000000e+000  0.000000e+000  0.000000e+000  0.000000e+000  0.000000e+000  
0.000000e+000  0.000000e+000  0.000000e+000  0.000000e+000  0.000000e+000  0.000000e+000  0.000000e+000  0.000000e+000  0.000000e+000  
0.000000e+000  0.000000e+000  0.000000e+000  0.000000e+000  0.000000e+000  0.000000e+000  0.000000e+000  0.000000e+000  0.000000e+000  
0.000000e+000  0.000000e+000  0.000000e+000  0.000000e+000  0.000000e+000  0.000000e+000  0.000000e+000  0.000000e+000  0.000000e+000  
0.000000e+000  0.000000e+000  0.000000e+000  0.000000e+000  0.000000e+000  0.000000e+000  0.000000e+000  0.000000e+000  0.000000e+000  
0.000000e+000  0.000000e+000  0.000000e+000  0.000000e+000  0.000000e+000  0.000000e+000  0.000000e+000  0.000000e+000  0.000000e+000  
0.000000e+000  0.000000e+000  0.000000e+000  0.000000e+000  0.000000e+000  0.000000e+000  0.000000e+000  0.000000e+000  0.000000e+000  
0.000000e+000  0.000000e+000  0.000000e+000  0.000000e+000  0.000000e+000  0.000000e+000  0.000000e+000  0.000000e+000  0.000000e+000  
0.000000e+000  0.000000e+000  0.000000e+000  0.000000e+000  0.000000e+000  0.000000e+000  0.000000e+000  0.000000e+000  0.000000e+000  
0.000000e+000  0.000000e+000  0.000000e+000  0.000000e+000  0.000000e+000  0.000000e+000  0.000000e+000  0.000000e+000  0.000000e+000  
0.000000e+000  0.000000e+000  0.000000e+000  0.000000e+000  0.000000e+000  0.000000e+000  0.000000e+000  0.000000e+000  0.000000e+000  

-3.456656e-001  -3.871456e-001  -4.591244e-001  -5.256749e-001  -5.769635e-001  -6.224648e-001  -6.530079e-001  -6.670303e-001  -0.000000e+000  
-3.407438e-001  -3.848976e-001  -4.633073e-001  -5.381820e-001  -5.971771e-001  -6.506239e-001  -6.856888e-001  -7.010326e-001  -0.000000e+000  
-3.300392e-001  -3.790511e-001  -4.698275e-001  -5.618191e-001  -6.374229e-001  -7.087862e-001  -7.539516e-001  -7.718227e-001  -0.000000e+000  
-3.120517e-001  -3.670233e-001  -4.746932e-001  -5.930237e-001  -6.964331e-001  -8.003353e-001  -8.634825e-001  -8.842997e-001  -0.000000e+000  
-2.844426e-001  -3.447348e-001  -4.710272e-001  -6.247050e-001  -7.709019e-001  -9.318976e-001  -1.025522e+000  -1.046291e+000  -0.000000e+000  
-2.449537e-001  -3.071637e-001  -4.477168e-001  -6.409501e-001  -8.472473e-001  -1.107239e+000  -1.251338e+000  -1.256142e+000  -0.000000e+000  
-1.920933e-001  -2.493356e-001  -3.893470e-001  -6.104507e-001  -8.856486e-001  -1.310320e+000  -1.536445e+000  -1.467531e+000  -0.000000e+000  
-1.261646e-001  -1.685848e-001  -2.800074e-001  -4.818020e-001  -7.846144e-001  -1.425381e+000  -1.768222e+000  -1.473702e+000  -0.000000e+000  
-5.967809e-002  -8.052941e-002  -1.365938e-001  -2.410380e-001  -3.959006e-001  -6.858009e-001  -8.657156e-001  -7.511324e-001  -0.000000e+000  
1.209378e-004  7.145913e-004  2.673138e-003  6.971307e-003  1.335901e-002  2.265709e-002  5.382810e-002  5.122016e-002  -0.000000e+000  
5.981957e-002  8.170686e-002  1.411538e-001  2.532201e-001  4.210413e-001  7.371550e-001  9.771621e-001  8.492270e-001  -0.000000e+000  
1.165315e-001  1.564975e-001  2.618774e-001  4.537239e-001  7.450028e-001  1.387278e+000  1.767755e+000  1.442845e+000  -0.000000e+000  
1.678842e-001  2.206456e-001  3.532478e-001  5.737816e-001  8.675561e-001  1.369704e+000  1.645757e+000  1.521165e+000  -0.000000e+000  
2.123429e-001  2.721326e-001  4.140386e-001  6.267245e-001  8.760318e-001  1.229424e+000  1.422939e+000  1.396768e+000  -0.000000e+000  
2.554301e-001  3.176019e-001  4.552105e-001  6.379395e-001  8.261075e-001  1.052570e+000  1.180813e+000  1.195315e+000  -0.000000e+000  
2.915531e-001  3.505077e-001  4.716534e-001  6.146746e-001  7.470822e-001  8.884096e-001  9.719762e-001  9.941347e-001  -0.000000e+000  
3.163679e-001  3.695505e-001  4.719717e-001  5.817106e-001  6.756709e-001  7.680406e-001  8.249494e-001  8.451618e-001  -0.000000e+000  
3.302267e-001  3.783205e-001  4.668318e-001  5.557067e-001  6.282437e-001  6.962197e-001  7.394997e-001  7.569875e-001  -0.000000e+000  
3.390948e-001  3.831132e-001  4.612890e-001  5.359307e-001  5.947204e-001  6.479455e-001  6.828778e-001  6.982001e-001  -0.000000e+000  
3.439767e-001  3.853452e-001  4.571448e-001  5.235364e-001  5.746973e-001  6.200716e-001  6.505267e-001  6.645214e-001  -0.000000e+000  
3.444000e-001  3.855325e-001  4.567688e-001  5.224388e-001  5.729372e-001  6.176345e-001  6.477030e-001  6.615807e-001  -0.000000e+000  
-0.000000e+000  -0.000000e+000  -0.000000e+000  -0.000000e+000  -0.000000e+000  -0.000000e+000  -0.000000e+000  -0.000000e+000  -0.000000e+000  

