Port monitor named: Port1_e1.prt

nx        = 70
ny        = 76
nz        = 25

nu        = 9
nv        = 22
iu        = 8
iv        = 11

idir      = 1
dcut      = 2.750000e-002
icut      = 67
type      = 0
frequency = 3.500000e+009

fcutoff   = 0.000000e+000
alpha     = 0.000000e+000
beta      = 1.352475e+002
accuracy  = 3.280303e-016

type          = QTEM
wave imp.     = 2.051347e+002
wave imp.sig. = 1.014168e-001
line imp.     = 4.918069e+001

ref. port     = 0

0.000000e+000  0.000000e+000  0.000000e+000  0.000000e+000  0.000000e+000  0.000000e+000  0.000000e+000  0.000000e+000  0.000000e+000  
-6.964253e-002  8.092359e-001  2.724688e+000  4.896913e+000  6.653417e+000  8.082763e+000  2.090811e+000  2.297345e+000  0.000000e+000  
-6.048425e-001  5.229347e+000  1.804171e+001  3.273209e+001  4.471656e+001  5.457237e+001  1.418060e+001  1.563577e+001  0.000000e+000  
-2.717841e+000  7.610961e+000  3.141482e+001  6.059616e+001  8.568148e+001  1.075984e+002  2.876380e+001  3.239771e+001  0.000000e+000  
-6.443356e+000  6.660214e+000  3.886665e+001  8.199937e+001  1.218409e+002  1.596966e+002  4.468825e+001  5.200229e+001  0.000000e+000  
-1.504081e+001  -2.563378e-001  4.100951e+001  1.059858e+002  1.743578e+002  2.495994e+002  7.707210e+001  9.549125e+001  0.000000e+000  
-2.849751e+001  -1.625868e+001  2.653522e+001  1.128056e+002  2.235342e+002  3.749873e+002  1.392449e+002  1.892470e+002  0.000000e+000  
-4.634508e+001  -4.299474e+001  -1.527171e+001  7.486926e+001  2.343133e+002  5.356535e+002  2.791831e+002  4.201189e+002  0.000000e+000  
-6.110015e+001  -6.901639e+001  -7.031913e+001  -1.560543e+001  1.463974e+002  6.161194e+002  5.437926e+002  8.475960e+002  0.000000e+000  
-7.528451e+001  -9.704727e+001  -1.424164e+002  -1.783505e+002  -1.246361e+002  4.155863e+002  1.251926e+003  1.745285e+003  0.000000e+000  
-8.670327e+001  -1.216618e+002  -2.157846e+002  -3.923291e+002  -6.897783e+002  -1.569874e+003  3.919300e+003  3.404620e+003  0.000000e+000  
-9.323757e+001  -1.364100e+002  -2.611966e+002  -5.142748e+002  -9.135262e+002  -1.695755e+003  4.756051e+003  4.241767e+003  0.000000e+000  
-9.356109e+001  -1.372109e+002  -2.637106e+002  -5.199894e+002  -9.188137e+002  -1.676783e+003  4.747801e+003  4.252921e+003  0.000000e+000  
-8.759602e+001  -1.238394e+002  -2.228034e+002  -4.112849e+002  -7.200380e+002  -1.518851e+003  3.880391e+003  3.468339e+003  0.000000e+000  
-7.171921e+001  -8.965470e+001  -1.211662e+002  -1.215894e+002  -1.114361e+001  5.532731e+002  9.426329e+002  1.392194e+003  0.000000e+000  
-5.201247e+001  -5.262329e+001  -3.425194e+001  4.691819e+001  2.122726e+002  5.738090e+002  3.598329e+002  5.517460e+002  0.000000e+000  
-3.331308e+001  -2.303818e+001  1.713819e+001  1.065732e+002  2.308737e+002  4.173122e+002  1.701418e+002  2.392039e+002  0.000000e+000  
-1.851546e+001  -4.079731e+000  3.833922e+001  1.094272e+002  1.883587e+002  2.809538e+002  9.123701e+001  1.162528e+002  0.000000e+000  
-8.550366e+000  5.218822e+000  4.015745e+001  8.893730e+001  1.355627e+002  1.816892e+002  5.213232e+001  6.169716e+001  0.000000e+000  
-2.985546e+000  7.331592e+000  3.124346e+001  6.080250e+001  8.641138e+001  1.090187e+002  2.929903e+001  3.313068e+001  0.000000e+000  
-6.251998e-001  4.790142e+000  1.670412e+001  3.040790e+001  4.162545e+001  5.089480e+001  1.325300e+001  1.463701e+001  0.000000e+000  
0.000000e+000  0.000000e+000  0.000000e+000  0.000000e+000  0.000000e+000  0.000000e+000  0.000000e+000  0.000000e+000  0.000000e+000  

0.000000e+000  -2.372963e+001  -4.056236e+001  -4.105223e+001  -3.096543e+001  -1.238145e+001  1.298860e+001  6.272187e+000  0.000000e+000  
0.000000e+000  -2.397071e+001  -4.113421e+001  -4.191602e+001  -3.185616e+001  -1.306703e+001  1.279891e+001  6.154588e+000  0.000000e+000  
0.000000e+000  -2.669097e+001  -4.764078e+001  -5.186194e+001  -4.221400e+001  -2.114461e+001  1.047186e+001  4.708110e+000  0.000000e+000  
0.000000e+000  -3.101038e+001  -5.853226e+001  -6.975681e+001  -6.195900e+001  -3.771557e+001  4.660985e+000  1.051748e+000  0.000000e+000  
0.000000e+000  -3.665586e+001  -7.381607e+001  -9.737282e+001  -9.490394e+001  -6.818744e+001  -8.601009e+000  -7.408611e+000  0.000000e+000  
0.000000e+000  -4.379519e+001  -9.612869e+001  -1.453399e+002  -1.606505e+002  -1.397102e+002  -5.009052e+001  -3.427522e+001  0.000000e+000  
0.000000e+000  -4.933282e+001  -1.188975e+002  -2.094000e+002  -2.688307e+002  -2.878471e+002  -1.699549e+002  -1.120972e+002  0.000000e+000  
0.000000e+000  -4.976397e+001  -1.307014e+002  -2.676643e+002  -4.066844e+002  -5.512898e+002  -4.913314e+002  -3.111020e+002  0.000000e+000  
0.000000e+000  -4.542220e+001  -1.277746e+002  -2.963984e+002  -5.267373e+002  -9.072039e+002  -1.214644e+003  -6.845213e+002  0.000000e+000  
0.000000e+000  -3.532438e+001  -1.051554e+002  -2.711959e+002  -5.633308e+002  -1.318736e+003  -3.315715e+003  -1.295569e+003  0.000000e+000  
0.000000e+000  -1.975634e+001  -6.079244e+001  -1.623729e+002  -3.286688e+002  -6.322382e+002  0.000000e+000  -6.509434e+002  0.000000e+000  
0.000000e+000  -7.887218e-001  -2.768985e+000  -8.099892e+000  -1.571829e+001  -2.301365e+001  0.000000e+000  -7.790347e+000  0.000000e+000  
0.000000e+000  1.837335e+001  5.600892e+001  1.480504e+002  2.968351e+002  5.673024e+002  0.000000e+000  6.110590e+002  0.000000e+000  
0.000000e+000  3.714635e+001  1.102544e+002  2.832177e+002  5.806004e+002  1.294250e+003  2.758463e+003  1.213107e+003  0.000000e+000  
0.000000e+000  4.847395e+001  1.321186e+002  2.885599e+002  4.733073e+002  7.209737e+002  7.875373e+002  4.718249e+002  0.000000e+000  
0.000000e+000  5.017582e+001  1.242006e+002  2.290820e+002  3.096275e+002  3.578158e+002  2.459048e+002  1.597546e+002  0.000000e+000  
0.000000e+000  4.574778e+001  1.030462e+002  1.626141e+002  1.876393e+002  1.739912e+002  7.531015e+001  5.063939e+001  0.000000e+000  
0.000000e+000  3.884314e+001  8.014569e+001  1.099770e+002  1.112935e+002  8.504700e+001  1.755635e+001  1.318334e+001  0.000000e+000  
0.000000e+000  3.207915e+001  6.117920e+001  7.415289e+001  6.696253e+001  4.213829e+001  -2.891823e+000  7.649694e-002  0.000000e+000  
0.000000e+000  2.690988e+001  4.806694e+001  5.241905e+001  4.277692e+001  2.159016e+001  -1.034005e+001  -4.619737e+000  0.000000e+000  
0.000000e+000  2.415945e+001  4.147662e+001  4.231174e+001  3.221123e+001  1.330112e+001  -1.277740e+001  -6.136641e+000  0.000000e+000  
0.000000e+000  0.000000e+000  0.000000e+000  0.000000e+000  0.000000e+000  0.000000e+000  0.000000e+000  0.000000e+000  0.000000e+000  

0.000000e+000  0.000000e+000  0.000000e+000  0.000000e+000  0.000000e+000  0.000000e+000  0.000000e+000  0.000000e+000  0.000000e+000  
0.000000e+000  0.000000e+000  0.000000e+000  0.000000e+000  0.000000e+000  0.000000e+000  0.000000e+000  0.000000e+000  0.000000e+000  
0.000000e+000  0.000000e+000  0.000000e+000  0.000000e+000  0.000000e+000  0.000000e+000  0.000000e+000  0.000000e+000  0.000000e+000  
0.000000e+000  0.000000e+000  0.000000e+000  0.000000e+000  0.000000e+000  0.000000e+000  0.000000e+000  0.000000e+000  0.000000e+000  
0.000000e+000  0.000000e+000  0.000000e+000  0.000000e+000  0.000000e+000  0.000000e+000  0.000000e+000  0.000000e+000  0.000000e+000  
0.000000e+000  0.000000e+000  0.000000e+000  0.000000e+000  0.000000e+000  0.000000e+000  0.000000e+000  0.000000e+000  0.000000e+000  
0.000000e+000  0.000000e+000  0.000000e+000  0.000000e+000  0.000000e+000  0.000000e+000  0.000000e+000  0.000000e+000  0.000000e+000  
0.000000e+000  0.000000e+000  0.000000e+000  0.000000e+000  0.000000e+000  0.000000e+000  0.000000e+000  0.000000e+000  0.000000e+000  
0.000000e+000  0.000000e+000  0.000000e+000  0.000000e+000  0.000000e+000  0.000000e+000  0.000000e+000  0.000000e+000  0.000000e+000  
0.000000e+000  0.000000e+000  0.000000e+000  0.000000e+000  0.000000e+000  0.000000e+000  0.000000e+000  0.000000e+000  0.000000e+000  
0.000000e+000  0.000000e+000  0.000000e+000  0.000000e+000  0.000000e+000  0.000000e+000  0.000000e+000  0.000000e+000  0.000000e+000  
0.000000e+000  0.000000e+000  0.000000e+000  0.000000e+000  0.000000e+000  0.000000e+000  0.000000e+000  0.000000e+000  0.000000e+000  
0.000000e+000  0.000000e+000  0.000000e+000  0.000000e+000  0.000000e+000  0.000000e+000  0.000000e+000  0.000000e+000  0.000000e+000  
0.000000e+000  0.000000e+000  0.000000e+000  0.000000e+000  0.000000e+000  0.000000e+000  0.000000e+000  0.000000e+000  0.000000e+000  
0.000000e+000  0.000000e+000  0.000000e+000  0.000000e+000  0.000000e+000  0.000000e+000  0.000000e+000  0.000000e+000  0.000000e+000  
0.000000e+000  0.000000e+000  0.000000e+000  0.000000e+000  0.000000e+000  0.000000e+000  0.000000e+000  0.000000e+000  0.000000e+000  
0.000000e+000  0.000000e+000  0.000000e+000  0.000000e+000  0.000000e+000  0.000000e+000  0.000000e+000  0.000000e+000  0.000000e+000  
0.000000e+000  0.000000e+000  0.000000e+000  0.000000e+000  0.000000e+000  0.000000e+000  0.000000e+000  0.000000e+000  0.000000e+000  
0.000000e+000  0.000000e+000  0.000000e+000  0.000000e+000  0.000000e+000  0.000000e+000  0.000000e+000  0.000000e+000  0.000000e+000  
0.000000e+000  0.000000e+000  0.000000e+000  0.000000e+000  0.000000e+000  0.000000e+000  0.000000e+000  0.000000e+000  0.000000e+000  
0.000000e+000  0.000000e+000  0.000000e+000  0.000000e+000  0.000000e+000  0.000000e+000  0.000000e+000  0.000000e+000  0.000000e+000  
0.000000e+000  0.000000e+000  0.000000e+000  0.000000e+000  0.000000e+000  0.000000e+000  0.000000e+000  0.000000e+000  0.000000e+000  

0.000000e+000  0.000000e+000  0.000000e+000  0.000000e+000  0.000000e+000  0.000000e+000  0.000000e+000  0.000000e+000  0.000000e+000  
0.000000e+000  0.000000e+000  0.000000e+000  0.000000e+000  0.000000e+000  0.000000e+000  0.000000e+000  0.000000e+000  0.000000e+000  
0.000000e+000  0.000000e+000  0.000000e+000  0.000000e+000  0.000000e+000  0.000000e+000  0.000000e+000  0.000000e+000  0.000000e+000  
0.000000e+000  0.000000e+000  0.000000e+000  0.000000e+000  0.000000e+000  0.000000e+000  0.000000e+000  0.000000e+000  0.000000e+000  
0.000000e+000  0.000000e+000  0.000000e+000  0.000000e+000  0.000000e+000  0.000000e+000  0.000000e+000  0.000000e+000  0.000000e+000  
0.000000e+000  0.000000e+000  0.000000e+000  0.000000e+000  0.000000e+000  0.000000e+000  0.000000e+000  0.000000e+000  0.000000e+000  
0.000000e+000  0.000000e+000  0.000000e+000  0.000000e+000  0.000000e+000  0.000000e+000  0.000000e+000  0.000000e+000  0.000000e+000  
0.000000e+000  0.000000e+000  0.000000e+000  0.000000e+000  0.000000e+000  0.000000e+000  0.000000e+000  0.000000e+000  0.000000e+000  
0.000000e+000  0.000000e+000  0.000000e+000  0.000000e+000  0.000000e+000  0.000000e+000  0.000000e+000  0.000000e+000  0.000000e+000  
0.000000e+000  0.000000e+000  0.000000e+000  0.000000e+000  0.000000e+000  0.000000e+000  0.000000e+000  0.000000e+000  0.000000e+000  
0.000000e+000  0.000000e+000  0.000000e+000  0.000000e+000  0.000000e+000  0.000000e+000  0.000000e+000  0.000000e+000  0.000000e+000  
0.000000e+000  0.000000e+000  0.000000e+000  0.000000e+000  0.000000e+000  0.000000e+000  0.000000e+000  0.000000e+000  0.000000e+000  
0.000000e+000  0.000000e+000  0.000000e+000  0.000000e+000  0.000000e+000  0.000000e+000  0.000000e+000  0.000000e+000  0.000000e+000  
0.000000e+000  0.000000e+000  0.000000e+000  0.000000e+000  0.000000e+000  0.000000e+000  0.000000e+000  0.000000e+000  0.000000e+000  
0.000000e+000  0.000000e+000  0.000000e+000  0.000000e+000  0.000000e+000  0.000000e+000  0.000000e+000  0.000000e+000  0.000000e+000  
0.000000e+000  0.000000e+000  0.000000e+000  0.000000e+000  0.000000e+000  0.000000e+000  0.000000e+000  0.000000e+000  0.000000e+000  
0.000000e+000  0.000000e+000  0.000000e+000  0.000000e+000  0.000000e+000  0.000000e+000  0.000000e+000  0.000000e+000  0.000000e+000  
0.000000e+000  0.000000e+000  0.000000e+000  0.000000e+000  0.000000e+000  0.000000e+000  0.000000e+000  0.000000e+000  0.000000e+000  
0.000000e+000  0.000000e+000  0.000000e+000  0.000000e+000  0.000000e+000  0.000000e+000  0.000000e+000  0.000000e+000  0.000000e+000  
0.000000e+000  0.000000e+000  0.000000e+000  0.000000e+000  0.000000e+000  0.000000e+000  0.000000e+000  0.000000e+000  0.000000e+000  
0.000000e+000  0.000000e+000  0.000000e+000  0.000000e+000  0.000000e+000  0.000000e+000  0.000000e+000  0.000000e+000  0.000000e+000  
0.000000e+000  0.000000e+000  0.000000e+000  0.000000e+000  0.000000e+000  0.000000e+000  0.000000e+000  0.000000e+000  0.000000e+000  

0.000000e+000  0.000000e+000  0.000000e+000  0.000000e+000  0.000000e+000  0.000000e+000  0.000000e+000  0.000000e+000  0.000000e+000  
0.000000e+000  0.000000e+000  0.000000e+000  0.000000e+000  0.000000e+000  0.000000e+000  0.000000e+000  0.000000e+000  0.000000e+000  
0.000000e+000  0.000000e+000  0.000000e+000  0.000000e+000  0.000000e+000  0.000000e+000  0.000000e+000  0.000000e+000  0.000000e+000  
0.000000e+000  0.000000e+000  0.000000e+000  0.000000e+000  0.000000e+000  0.000000e+000  0.000000e+000  0.000000e+000  0.000000e+000  
0.000000e+000  0.000000e+000  0.000000e+000  0.000000e+000  0.000000e+000  0.000000e+000  0.000000e+000  0.000000e+000  0.000000e+000  
0.000000e+000  0.000000e+000  0.000000e+000  0.000000e+000  0.000000e+000  0.000000e+000  0.000000e+000  0.000000e+000  0.000000e+000  
0.000000e+000  0.000000e+000  0.000000e+000  0.000000e+000  0.000000e+000  0.000000e+000  0.000000e+000  0.000000e+000  0.000000e+000  
0.000000e+000  0.000000e+000  0.000000e+000  0.000000e+000  0.000000e+000  0.000000e+000  0.000000e+000  0.000000e+000  0.000000e+000  
0.000000e+000  0.000000e+000  0.000000e+000  0.000000e+000  0.000000e+000  0.000000e+000  0.000000e+000  0.000000e+000  0.000000e+000  
0.000000e+000  0.000000e+000  0.000000e+000  0.000000e+000  0.000000e+000  0.000000e+000  0.000000e+000  0.000000e+000  0.000000e+000  
0.000000e+000  0.000000e+000  0.000000e+000  0.000000e+000  0.000000e+000  0.000000e+000  0.000000e+000  0.000000e+000  0.000000e+000  
0.000000e+000  0.000000e+000  0.000000e+000  0.000000e+000  0.000000e+000  0.000000e+000  0.000000e+000  0.000000e+000  0.000000e+000  
0.000000e+000  0.000000e+000  0.000000e+000  0.000000e+000  0.000000e+000  0.000000e+000  0.000000e+000  0.000000e+000  0.000000e+000  
0.000000e+000  0.000000e+000  0.000000e+000  0.000000e+000  0.000000e+000  0.000000e+000  0.000000e+000  0.000000e+000  0.000000e+000  
0.000000e+000  0.000000e+000  0.000000e+000  0.000000e+000  0.000000e+000  0.000000e+000  0.000000e+000  0.000000e+000  0.000000e+000  
0.000000e+000  0.000000e+000  0.000000e+000  0.000000e+000  0.000000e+000  0.000000e+000  0.000000e+000  0.000000e+000  0.000000e+000  
0.000000e+000  0.000000e+000  0.000000e+000  0.000000e+000  0.000000e+000  0.000000e+000  0.000000e+000  0.000000e+000  0.000000e+000  
0.000000e+000  0.000000e+000  0.000000e+000  0.000000e+000  0.000000e+000  0.000000e+000  0.000000e+000  0.000000e+000  0.000000e+000  
0.000000e+000  0.000000e+000  0.000000e+000  0.000000e+000  0.000000e+000  0.000000e+000  0.000000e+000  0.000000e+000  0.000000e+000  
0.000000e+000  0.000000e+000  0.000000e+000  0.000000e+000  0.000000e+000  0.000000e+000  0.000000e+000  0.000000e+000  0.000000e+000  
0.000000e+000  0.000000e+000  0.000000e+000  0.000000e+000  0.000000e+000  0.000000e+000  0.000000e+000  0.000000e+000  0.000000e+000  
0.000000e+000  0.000000e+000  0.000000e+000  0.000000e+000  0.000000e+000  0.000000e+000  0.000000e+000  0.000000e+000  0.000000e+000  

0.000000e+000  0.000000e+000  0.000000e+000  0.000000e+000  0.000000e+000  0.000000e+000  0.000000e+000  0.000000e+000  0.000000e+000  
0.000000e+000  -2.678991e-001  -5.799489e-001  -9.004414e-001  -1.109814e+000  -1.297904e+000  -1.419230e+000  -7.258539e-001  0.000000e+000  
0.000000e+000  -1.786265e+000  -3.871202e+000  -6.023559e+000  -7.440492e+000  -8.724636e+000  -9.567119e+000  -4.893121e+000  0.000000e+000  
0.000000e+000  -3.260517e+000  -7.114211e+000  -1.121800e+001  -1.404601e+001  -1.674228e+001  -1.868161e+001  -9.554936e+000  0.000000e+000  
0.000000e+000  -4.372668e+000  -9.613176e+000  -1.540175e+001  -1.962356e+001  -2.391153e+001  -2.735027e+001  -1.398037e+001  0.000000e+000  
0.000000e+000  -5.711508e+000  -1.269421e+001  -2.085898e+001  -2.739252e+001  -3.474502e+001  -4.168498e+001  -2.124978e+001  0.000000e+000  
0.000000e+000  -6.793319e+000  -1.521619e+001  -2.562481e+001  -3.491488e+001  -4.681694e+001  -6.053926e+001  -3.058217e+001  0.000000e+000  
0.000000e+000  -7.533521e+000  -1.684553e+001  -2.869611e+001  -4.044683e+001  -5.801787e+001  -8.401842e+001  -4.136343e+001  0.000000e+000  
0.000000e+000  -7.845797e+000  -1.733333e+001  -2.909235e+001  -4.112250e+001  -6.137978e+001  -1.002674e+002  -4.683984e+001  0.000000e+000  
0.000000e+000  -7.977413e+000  -1.725053e+001  -2.770304e+001  -3.738277e+001  -5.433319e+001  -1.008671e+002  -4.177531e+001  0.000000e+000  
0.000000e+000  -7.989498e+000  -1.683990e+001  -2.521972e+001  -2.975437e+001  -3.020183e+001  0.000000e+000  -9.432985e+000  0.000000e+000  
0.000000e+000  -7.956882e+000  -1.646773e+001  -2.339154e+001  -2.496746e+001  -1.993005e+001  0.000000e+000  -2.201952e+000  0.000000e+000  
0.000000e+000  -7.931859e+000  -1.638233e+001  -2.314269e+001  -2.447898e+001  -1.920625e+001  0.000000e+000  -1.840376e+000  0.000000e+000  
0.000000e+000  -7.920175e+000  -1.660690e+001  -2.453352e+001  -2.828006e+001  -2.743219e+001  0.000000e+000  -7.220246e+000  0.000000e+000  
0.000000e+000  -7.858874e+000  -1.706731e+001  -2.775654e+001  -3.821298e+001  -5.680931e+001  -1.021853e+002  -4.429244e+001  0.000000e+000  
0.000000e+000  -7.565907e+000  -1.682808e+001  -2.851855e+001  -4.032277e+001  -5.886722e+001  -8.937525e+001  -4.316958e+001  0.000000e+000  
0.000000e+000  -6.928692e+000  -1.551505e+001  -2.624370e+001  -3.615384e+001  -4.948913e+001  -6.621242e+001  -3.320737e+001  0.000000e+000  
0.000000e+000  -5.944391e+000  -1.324660e+001  -2.194308e+001  -2.915380e+001  -3.762575e+001  -4.621367e+001  -2.349506e+001  0.000000e+000  
0.000000e+000  -4.681960e+000  -1.033183e+001  -1.669258e+001  -2.147488e+001  -2.650202e+001  -3.077712e+001  -1.571871e+001  0.000000e+000  
0.000000e+000  -3.231471e+000  -7.060852e+000  -1.116681e+001  -1.402718e+001  -1.679039e+001  -1.883096e+001  -9.628773e+000  0.000000e+000  
0.000000e+000  -1.640316e+000  -3.558705e+000  -5.548928e+000  -6.869193e+000  -8.077272e+000  -8.887014e+000  -4.544560e+000  0.000000e+000  
0.000000e+000  0.000000e+000  0.000000e+000  0.000000e+000  0.000000e+000  0.000000e+000  0.000000e+000  0.000000e+000  0.000000e+000  

