Port monitor named: Port4_e1.prt

nx        = 78
ny        = 75
nz        = 25

nu        = 9
nv        = 28
iu        = 10
iv        = 10

idir      = 1
dcut      = -2.750000e-002
icut      = 9
type      = 0
frequency = 3.500000e+009

fcutoff   = 0.000000e+000
alpha     = 0.000000e+000
beta      = 1.358123e+002
accuracy  = 2.360950e-014

type          = QTEM
wave imp.     = 2.046605e+002
wave imp.sig. = 0.000000e+000
line imp.     = 4.917974e+001

ref. port     = 0

0.000000e+000  0.000000e+000  0.000000e+000  0.000000e+000  0.000000e+000  0.000000e+000  0.000000e+000  0.000000e+000  0.000000e+000  
-5.987691e-002  -2.331107e+000  -1.350382e+001  -9.919478e+000  -7.360651e+000  -4.165528e+000  -1.370667e+000  -1.090818e-001  0.000000e+000  
-1.102322e+001  -1.085304e+001  -4.483383e+001  -3.717078e+001  -2.779682e+001  -1.559111e+001  -5.013896e+000  -2.815671e-001  0.000000e+000  
-2.217107e+001  -2.045964e+001  -8.020303e+001  -6.586680e+001  -4.839690e+001  -2.617802e+001  -7.734651e+000  2.675965e-001  0.000000e+000  
-3.587922e+001  -3.216681e+001  -1.217339e+002  -9.718000e+001  -6.903909e+001  -3.506225e+001  -8.795496e+000  2.046766e+000  0.000000e+000  
-3.952306e+001  -3.517056e+001  -1.317914e+002  -1.042705e+002  -7.333076e+001  -3.656384e+001  -8.701400e+000  2.643601e+000  0.000000e+000  
-6.589421e+001  -5.614178e+001  -1.977283e+002  -1.473645e+002  -9.671221e+001  -4.217922e+001  -5.878795e+000  7.558724e+000  0.000000e+000  
-1.059483e+002  -8.514107e+001  -2.729187e+002  -1.868211e+002  -1.114918e+002  -3.988568e+001  9.177138e-001  1.430152e+001  0.000000e+000  
-1.805035e+002  -1.344046e+002  -3.706103e+002  -2.223967e+002  -1.142785e+002  -2.739237e+001  1.264643e+001  2.345990e+001  0.000000e+000  
-2.437408e+002  -1.735159e+002  -4.254737e+002  -2.319894e+002  -1.067220e+002  -1.620080e+001  2.021238e+001  2.862328e+001  0.000000e+000  
-3.092617e+002  -2.132501e+002  -4.685122e+002  -2.334028e+002  -9.586093e+001  -5.273447e+000  2.671406e+001  3.278599e+001  0.000000e+000  
-5.447356e+002  -3.557639e+002  -5.657622e+002  -2.081096e+002  -4.922708e+001  2.921060e+001  4.447111e+001  4.327671e+001  0.000000e+000  
-1.362970e+003  -9.108505e+002  -5.637994e+002  -8.621378e-001  1.097498e+002  1.086038e+002  7.711302e+001  6.019945e+001  0.000000e+000  
-3.496515e+003  -3.778851e+003  1.419683e+003  6.832032e+002  3.889223e+002  2.008903e+002  1.069320e+002  7.372617e+001  0.000000e+000  
-4.059651e+003  -4.808989e+003  1.713780e+003  8.208263e+002  4.523476e+002  2.223969e+002  1.137189e+002  7.672775e+001  0.000000e+000  
-4.292160e+003  -4.598382e+003  1.528262e+003  8.836047e+002  5.001427e+002  2.405290e+002  1.194562e+002  7.923047e+001  0.000000e+000  
-4.138085e+003  -4.738931e+003  1.645809e+003  8.421740e+002  4.697761e+002  2.292649e+002  1.159594e+002  7.774072e+001  0.000000e+000  
-3.443974e+003  -3.814052e+003  1.439473e+003  6.709500e+002  3.814705e+002  1.984214e+002  1.062860e+002  7.352723e+001  0.000000e+000  
-1.382323e+003  -9.353935e+002  -5.497812e+002  5.745805e+000  1.113237e+002  1.087160e+002  7.726305e+001  6.039713e+001  0.000000e+000  
-5.495254e+002  -3.594250e+002  -5.737390e+002  -2.109060e+002  -4.909834e+001  3.055936e+001  4.557276e+001  4.407413e+001  0.000000e+000  
-2.397695e+002  -1.713073e+002  -4.220473e+002  -2.321143e+002  -1.080609e+002  -1.736470e+001  1.967260e+001  2.836639e+001  0.000000e+000  
-1.179980e+002  -9.313330e+001  -2.887448e+002  -1.930581e+002  -1.126875e+002  -3.851313e+001  2.525906e+000  1.568636e+001  0.000000e+000  
-6.421831e+001  -5.461758e+001  -1.918755e+002  -1.432215e+002  -9.445382e+001  -4.179643e+001  -6.330280e+000  6.956624e+000  0.000000e+000  
-3.652120e+001  -3.250026e+001  -1.218562e+002  -9.682450e+001  -6.858734e+001  -3.477586e+001  -8.740897e+000  2.008887e+000  0.000000e+000  
-2.285947e+001  -2.077296e+001  -8.015174e+001  -6.559894e+001  -4.810439e+001  -2.598033e+001  -7.684296e+000  2.509339e-001  0.000000e+000  
-1.234057e+001  -1.129405e+001  -4.428911e+001  -3.687948e+001  -2.760662e+001  -1.547579e+001  -4.980721e+000  -2.875030e-001  0.000000e+000  
-2.399562e+000  -2.807537e+000  -1.155023e+001  -9.686315e+000  -7.295956e+000  -4.134333e+000  -1.361550e+000  -1.103632e-001  0.000000e+000  
0.000000e+000  0.000000e+000  0.000000e+000  0.000000e+000  0.000000e+000  0.000000e+000  0.000000e+000  0.000000e+000  0.000000e+000  

0.000000e+000  1.310044e+001  2.096505e+001  -8.288660e+000  -2.574161e+001  -3.540374e+001  -3.564605e+001  -2.092811e+001  0.000000e+000  
0.000000e+000  4.633331e+000  1.095226e+001  -9.934606e+000  -2.689308e+001  -3.648229e+001  -3.635442e+001  -2.122805e+001  0.000000e+000  
0.000000e+000  4.982555e+000  1.091249e+001  -1.468711e+001  -3.306886e+001  -4.254796e+001  -4.029806e+001  -2.288168e+001  0.000000e+000  
0.000000e+000  3.825915e+000  8.927153e+000  -2.367774e+001  -4.466736e+001  -5.364183e+001  -4.718090e+001  -2.567190e+001  0.000000e+000  
0.000000e+000  1.904071e+000  5.857440e+000  -3.326661e+001  -5.614005e+001  -6.400004e+001  -5.313061e+001  -2.795439e+001  0.000000e+000  
0.000000e+000  -8.357607e-001  1.508023e+000  -4.595556e+001  -7.097819e+001  -7.716491e+001  -6.053104e+001  -3.075059e+001  0.000000e+000  
0.000000e+000  -1.191459e+001  -1.577321e+001  -8.393143e+001  -1.100484e+002  -1.083169e+002  -7.575775e+001  -3.591891e+001  0.000000e+000  
0.000000e+000  -3.567248e+001  -5.235303e+001  -1.456469e+002  -1.645567e+002  -1.463879e+002  -9.148479e+001  -4.055337e+001  0.000000e+000  
0.000000e+000  -7.684282e+001  -1.154873e+002  -2.262090e+002  -2.232615e+002  -1.807486e+002  -1.027174e+002  -4.313786e+001  0.000000e+000  
0.000000e+000  -1.132853e+002  -1.720685e+002  -2.867072e+002  -2.621986e+002  -2.011284e+002  -1.084208e+002  -4.418124e+001  0.000000e+000  
0.000000e+000  -1.855822e+002  -2.867374e+002  -3.928419e+002  -3.237156e+002  -2.303228e+002  -1.154175e+002  -4.508683e+001  0.000000e+000  
0.000000e+000  -4.449811e+002  -7.351073e+002  -6.854742e+002  -4.515914e+002  -2.748886e+002  -1.200593e+002  -4.345538e+001  0.000000e+000  
0.000000e+000  -1.211589e+003  -2.657601e+003  -1.252913e+003  -5.581320e+002  -2.689344e+002  -9.915041e+001  -3.298185e+001  0.000000e+000  
0.000000e+000  -8.804299e+002  0.000000e+000  -7.335333e+002  -3.484515e+002  -1.685489e+002  -6.075904e+001  -1.986205e+001  0.000000e+000  
0.000000e+000  -1.776172e+002  0.000000e+000  -2.299216e+002  -1.389516e+002  -7.077402e+001  -2.543099e+001  -8.233870e+000  0.000000e+000  
0.000000e+000  1.574568e+002  0.000000e+000  1.945413e+002  1.150566e+002  5.756898e+001  2.025798e+001  6.440302e+000  0.000000e+000  
0.000000e+000  7.209880e+002  0.000000e+000  6.478663e+002  3.266871e+002  1.596994e+002  5.701860e+001  1.842945e+001  0.000000e+000  
0.000000e+000  1.203930e+003  2.714992e+003  1.251155e+003  5.564230e+002  2.686079e+002  9.898057e+001  3.285517e+001  0.000000e+000  
0.000000e+000  4.671688e+002  7.787723e+002  7.068228e+002  4.578746e+002  2.754939e+002  1.192997e+002  4.301763e+001  0.000000e+000  
0.000000e+000  1.582698e+002  2.436810e+002  3.553029e+002  3.036192e+002  2.218664e+002  1.139576e+002  4.511526e+001  0.000000e+000  
0.000000e+000  5.031140e+001  7.492549e+001  1.747854e+002  1.863820e+002  1.597472e+002  9.626810e+001  4.179549e+001  0.000000e+000  
0.000000e+000  1.327526e+001  1.784601e+001  8.629060e+001  1.115751e+002  1.091121e+002  7.601813e+001  3.599214e+001  0.000000e+000  
0.000000e+000  2.971841e-001  -2.371101e+000  4.281321e+001  6.701253e+001  7.347535e+001  5.838153e+001  2.992556e+001  0.000000e+000  
0.000000e+000  -3.853270e+000  -8.925942e+000  2.393996e+001  4.484881e+001  5.364855e+001  4.704448e+001  2.557584e+001  0.000000e+000  
0.000000e+000  -5.485704e+000  -1.150910e+001  1.477862e+001  3.322545e+001  4.260265e+001  4.022048e+001  2.281114e+001  0.000000e+000  
0.000000e+000  -6.249828e+000  -1.259565e+001  1.020584e+001  2.712047e+001  3.657553e+001  3.630954e+001  2.117238e+001  0.000000e+000  
0.000000e+000  -5.800774e+000  -1.261723e+001  9.431090e+000  2.605360e+001  3.550904e+001  3.560714e+001  2.087512e+001  0.000000e+000  
0.000000e+000  0.000000e+000  0.000000e+000  0.000000e+000  0.000000e+000  0.000000e+000  0.000000e+000  0.000000e+000  0.000000e+000  

0.000000e+000  0.000000e+000  0.000000e+000  0.000000e+000  0.000000e+000  0.000000e+000  0.000000e+000  0.000000e+000  0.000000e+000  
0.000000e+000  0.000000e+000  0.000000e+000  0.000000e+000  0.000000e+000  0.000000e+000  0.000000e+000  0.000000e+000  0.000000e+000  
0.000000e+000  0.000000e+000  0.000000e+000  0.000000e+000  0.000000e+000  0.000000e+000  0.000000e+000  0.000000e+000  0.000000e+000  
0.000000e+000  0.000000e+000  0.000000e+000  0.000000e+000  0.000000e+000  0.000000e+000  0.000000e+000  0.000000e+000  0.000000e+000  
0.000000e+000  0.000000e+000  0.000000e+000  0.000000e+000  0.000000e+000  0.000000e+000  0.000000e+000  0.000000e+000  0.000000e+000  
0.000000e+000  0.000000e+000  0.000000e+000  0.000000e+000  0.000000e+000  0.000000e+000  0.000000e+000  0.000000e+000  0.000000e+000  
0.000000e+000  0.000000e+000  0.000000e+000  0.000000e+000  0.000000e+000  0.000000e+000  0.000000e+000  0.000000e+000  0.000000e+000  
0.000000e+000  0.000000e+000  0.000000e+000  0.000000e+000  0.000000e+000  0.000000e+000  0.000000e+000  0.000000e+000  0.000000e+000  
0.000000e+000  0.000000e+000  0.000000e+000  0.000000e+000  0.000000e+000  0.000000e+000  0.000000e+000  0.000000e+000  0.000000e+000  
0.000000e+000  0.000000e+000  0.000000e+000  0.000000e+000  0.000000e+000  0.000000e+000  0.000000e+000  0.000000e+000  0.000000e+000  
0.000000e+000  0.000000e+000  0.000000e+000  0.000000e+000  0.000000e+000  0.000000e+000  0.000000e+000  0.000000e+000  0.000000e+000  
0.000000e+000  0.000000e+000  0.000000e+000  0.000000e+000  0.000000e+000  0.000000e+000  0.000000e+000  0.000000e+000  0.000000e+000  
0.000000e+000  0.000000e+000  0.000000e+000  0.000000e+000  0.000000e+000  0.000000e+000  0.000000e+000  0.000000e+000  0.000000e+000  
0.000000e+000  0.000000e+000  0.000000e+000  0.000000e+000  0.000000e+000  0.000000e+000  0.000000e+000  0.000000e+000  0.000000e+000  
0.000000e+000  0.000000e+000  0.000000e+000  0.000000e+000  0.000000e+000  0.000000e+000  0.000000e+000  0.000000e+000  0.000000e+000  
0.000000e+000  0.000000e+000  0.000000e+000  0.000000e+000  0.000000e+000  0.000000e+000  0.000000e+000  0.000000e+000  0.000000e+000  
0.000000e+000  0.000000e+000  0.000000e+000  0.000000e+000  0.000000e+000  0.000000e+000  0.000000e+000  0.000000e+000  0.000000e+000  
0.000000e+000  0.000000e+000  0.000000e+000  0.000000e+000  0.000000e+000  0.000000e+000  0.000000e+000  0.000000e+000  0.000000e+000  
0.000000e+000  0.000000e+000  0.000000e+000  0.000000e+000  0.000000e+000  0.000000e+000  0.000000e+000  0.000000e+000  0.000000e+000  
0.000000e+000  0.000000e+000  0.000000e+000  0.000000e+000  0.000000e+000  0.000000e+000  0.000000e+000  0.000000e+000  0.000000e+000  
0.000000e+000  0.000000e+000  0.000000e+000  0.000000e+000  0.000000e+000  0.000000e+000  0.000000e+000  0.000000e+000  0.000000e+000  
0.000000e+000  0.000000e+000  0.000000e+000  0.000000e+000  0.000000e+000  0.000000e+000  0.000000e+000  0.000000e+000  0.000000e+000  
0.000000e+000  0.000000e+000  0.000000e+000  0.000000e+000  0.000000e+000  0.000000e+000  0.000000e+000  0.000000e+000  0.000000e+000  
0.000000e+000  0.000000e+000  0.000000e+000  0.000000e+000  0.000000e+000  0.000000e+000  0.000000e+000  0.000000e+000  0.000000e+000  
0.000000e+000  0.000000e+000  0.000000e+000  0.000000e+000  0.000000e+000  0.000000e+000  0.000000e+000  0.000000e+000  0.000000e+000  
0.000000e+000  0.000000e+000  0.000000e+000  0.000000e+000  0.000000e+000  0.000000e+000  0.000000e+000  0.000000e+000  0.000000e+000  
0.000000e+000  0.000000e+000  0.000000e+000  0.000000e+000  0.000000e+000  0.000000e+000  0.000000e+000  0.000000e+000  0.000000e+000  
0.000000e+000  0.000000e+000  0.000000e+000  0.000000e+000  0.000000e+000  0.000000e+000  0.000000e+000  0.000000e+000  0.000000e+000  

0.000000e+000  0.000000e+000  0.000000e+000  0.000000e+000  0.000000e+000  0.000000e+000  0.000000e+000  0.000000e+000  0.000000e+000  
0.000000e+000  0.000000e+000  0.000000e+000  0.000000e+000  0.000000e+000  0.000000e+000  0.000000e+000  0.000000e+000  0.000000e+000  
0.000000e+000  0.000000e+000  0.000000e+000  0.000000e+000  0.000000e+000  0.000000e+000  0.000000e+000  0.000000e+000  0.000000e+000  
0.000000e+000  0.000000e+000  0.000000e+000  0.000000e+000  0.000000e+000  0.000000e+000  0.000000e+000  0.000000e+000  0.000000e+000  
0.000000e+000  0.000000e+000  0.000000e+000  0.000000e+000  0.000000e+000  0.000000e+000  0.000000e+000  0.000000e+000  0.000000e+000  
0.000000e+000  0.000000e+000  0.000000e+000  0.000000e+000  0.000000e+000  0.000000e+000  0.000000e+000  0.000000e+000  0.000000e+000  
0.000000e+000  0.000000e+000  0.000000e+000  0.000000e+000  0.000000e+000  0.000000e+000  0.000000e+000  0.000000e+000  0.000000e+000  
0.000000e+000  0.000000e+000  0.000000e+000  0.000000e+000  0.000000e+000  0.000000e+000  0.000000e+000  0.000000e+000  0.000000e+000  
0.000000e+000  0.000000e+000  0.000000e+000  0.000000e+000  0.000000e+000  0.000000e+000  0.000000e+000  0.000000e+000  0.000000e+000  
0.000000e+000  0.000000e+000  0.000000e+000  0.000000e+000  0.000000e+000  0.000000e+000  0.000000e+000  0.000000e+000  0.000000e+000  
0.000000e+000  0.000000e+000  0.000000e+000  0.000000e+000  0.000000e+000  0.000000e+000  0.000000e+000  0.000000e+000  0.000000e+000  
0.000000e+000  0.000000e+000  0.000000e+000  0.000000e+000  0.000000e+000  0.000000e+000  0.000000e+000  0.000000e+000  0.000000e+000  
0.000000e+000  0.000000e+000  0.000000e+000  0.000000e+000  0.000000e+000  0.000000e+000  0.000000e+000  0.000000e+000  0.000000e+000  
0.000000e+000  0.000000e+000  0.000000e+000  0.000000e+000  0.000000e+000  0.000000e+000  0.000000e+000  0.000000e+000  0.000000e+000  
0.000000e+000  0.000000e+000  0.000000e+000  0.000000e+000  0.000000e+000  0.000000e+000  0.000000e+000  0.000000e+000  0.000000e+000  
0.000000e+000  0.000000e+000  0.000000e+000  0.000000e+000  0.000000e+000  0.000000e+000  0.000000e+000  0.000000e+000  0.000000e+000  
0.000000e+000  0.000000e+000  0.000000e+000  0.000000e+000  0.000000e+000  0.000000e+000  0.000000e+000  0.000000e+000  0.000000e+000  
0.000000e+000  0.000000e+000  0.000000e+000  0.000000e+000  0.000000e+000  0.000000e+000  0.000000e+000  0.000000e+000  0.000000e+000  
0.000000e+000  0.000000e+000  0.000000e+000  0.000000e+000  0.000000e+000  0.000000e+000  0.000000e+000  0.000000e+000  0.000000e+000  
0.000000e+000  0.000000e+000  0.000000e+000  0.000000e+000  0.000000e+000  0.000000e+000  0.000000e+000  0.000000e+000  0.000000e+000  
0.000000e+000  0.000000e+000  0.000000e+000  0.000000e+000  0.000000e+000  0.000000e+000  0.000000e+000  0.000000e+000  0.000000e+000  
0.000000e+000  0.000000e+000  0.000000e+000  0.000000e+000  0.000000e+000  0.000000e+000  0.000000e+000  0.000000e+000  0.000000e+000  
0.000000e+000  0.000000e+000  0.000000e+000  0.000000e+000  0.000000e+000  0.000000e+000  0.000000e+000  0.000000e+000  0.000000e+000  
0.000000e+000  0.000000e+000  0.000000e+000  0.000000e+000  0.000000e+000  0.000000e+000  0.000000e+000  0.000000e+000  0.000000e+000  
0.000000e+000  0.000000e+000  0.000000e+000  0.000000e+000  0.000000e+000  0.000000e+000  0.000000e+000  0.000000e+000  0.000000e+000  
0.000000e+000  0.000000e+000  0.000000e+000  0.000000e+000  0.000000e+000  0.000000e+000  0.000000e+000  0.000000e+000  0.000000e+000  
0.000000e+000  0.000000e+000  0.000000e+000  0.000000e+000  0.000000e+000  0.000000e+000  0.000000e+000  0.000000e+000  0.000000e+000  
0.000000e+000  0.000000e+000  0.000000e+000  0.000000e+000  0.000000e+000  0.000000e+000  0.000000e+000  0.000000e+000  0.000000e+000  

0.000000e+000  0.000000e+000  0.000000e+000  0.000000e+000  0.000000e+000  0.000000e+000  0.000000e+000  0.000000e+000  0.000000e+000  
0.000000e+000  0.000000e+000  0.000000e+000  0.000000e+000  0.000000e+000  0.000000e+000  0.000000e+000  0.000000e+000  0.000000e+000  
0.000000e+000  0.000000e+000  0.000000e+000  0.000000e+000  0.000000e+000  0.000000e+000  0.000000e+000  0.000000e+000  0.000000e+000  
0.000000e+000  0.000000e+000  0.000000e+000  0.000000e+000  0.000000e+000  0.000000e+000  0.000000e+000  0.000000e+000  0.000000e+000  
0.000000e+000  0.000000e+000  0.000000e+000  0.000000e+000  0.000000e+000  0.000000e+000  0.000000e+000  0.000000e+000  0.000000e+000  
0.000000e+000  0.000000e+000  0.000000e+000  0.000000e+000  0.000000e+000  0.000000e+000  0.000000e+000  0.000000e+000  0.000000e+000  
0.000000e+000  0.000000e+000  0.000000e+000  0.000000e+000  0.000000e+000  0.000000e+000  0.000000e+000  0.000000e+000  0.000000e+000  
0.000000e+000  0.000000e+000  0.000000e+000  0.000000e+000  0.000000e+000  0.000000e+000  0.000000e+000  0.000000e+000  0.000000e+000  
0.000000e+000  0.000000e+000  0.000000e+000  0.000000e+000  0.000000e+000  0.000000e+000  0.000000e+000  0.000000e+000  0.000000e+000  
0.000000e+000  0.000000e+000  0.000000e+000  0.000000e+000  0.000000e+000  0.000000e+000  0.000000e+000  0.000000e+000  0.000000e+000  
0.000000e+000  0.000000e+000  0.000000e+000  0.000000e+000  0.000000e+000  0.000000e+000  0.000000e+000  0.000000e+000  0.000000e+000  
0.000000e+000  0.000000e+000  0.000000e+000  0.000000e+000  0.000000e+000  0.000000e+000  0.000000e+000  0.000000e+000  0.000000e+000  
0.000000e+000  0.000000e+000  0.000000e+000  0.000000e+000  0.000000e+000  0.000000e+000  0.000000e+000  0.000000e+000  0.000000e+000  
0.000000e+000  0.000000e+000  0.000000e+000  0.000000e+000  0.000000e+000  0.000000e+000  0.000000e+000  0.000000e+000  0.000000e+000  
0.000000e+000  0.000000e+000  0.000000e+000  0.000000e+000  0.000000e+000  0.000000e+000  0.000000e+000  0.000000e+000  0.000000e+000  
0.000000e+000  0.000000e+000  0.000000e+000  0.000000e+000  0.000000e+000  0.000000e+000  0.000000e+000  0.000000e+000  0.000000e+000  
0.000000e+000  0.000000e+000  0.000000e+000  0.000000e+000  0.000000e+000  0.000000e+000  0.000000e+000  0.000000e+000  0.000000e+000  
0.000000e+000  0.000000e+000  0.000000e+000  0.000000e+000  0.000000e+000  0.000000e+000  0.000000e+000  0.000000e+000  0.000000e+000  
0.000000e+000  0.000000e+000  0.000000e+000  0.000000e+000  0.000000e+000  0.000000e+000  0.000000e+000  0.000000e+000  0.000000e+000  
0.000000e+000  0.000000e+000  0.000000e+000  0.000000e+000  0.000000e+000  0.000000e+000  0.000000e+000  0.000000e+000  0.000000e+000  
0.000000e+000  0.000000e+000  0.000000e+000  0.000000e+000  0.000000e+000  0.000000e+000  0.000000e+000  0.000000e+000  0.000000e+000  
0.000000e+000  0.000000e+000  0.000000e+000  0.000000e+000  0.000000e+000  0.000000e+000  0.000000e+000  0.000000e+000  0.000000e+000  
0.000000e+000  0.000000e+000  0.000000e+000  0.000000e+000  0.000000e+000  0.000000e+000  0.000000e+000  0.000000e+000  0.000000e+000  
0.000000e+000  0.000000e+000  0.000000e+000  0.000000e+000  0.000000e+000  0.000000e+000  0.000000e+000  0.000000e+000  0.000000e+000  
0.000000e+000  0.000000e+000  0.000000e+000  0.000000e+000  0.000000e+000  0.000000e+000  0.000000e+000  0.000000e+000  0.000000e+000  
0.000000e+000  0.000000e+000  0.000000e+000  0.000000e+000  0.000000e+000  0.000000e+000  0.000000e+000  0.000000e+000  0.000000e+000  
0.000000e+000  0.000000e+000  0.000000e+000  0.000000e+000  0.000000e+000  0.000000e+000  0.000000e+000  0.000000e+000  0.000000e+000  
0.000000e+000  0.000000e+000  0.000000e+000  0.000000e+000  0.000000e+000  0.000000e+000  0.000000e+000  0.000000e+000  0.000000e+000  

0.000000e+000  0.000000e+000  0.000000e+000  0.000000e+000  0.000000e+000  0.000000e+000  0.000000e+000  0.000000e+000  0.000000e+000  
0.000000e+000  -1.463266e+000  -2.459741e+000  -1.937734e+000  -1.638394e+000  -1.336387e+000  -8.440706e-001  -3.889192e-001  0.000000e+000  
0.000000e+000  -4.137693e+000  -7.990919e+000  -7.252661e+000  -6.205062e+000  -5.056625e+000  -3.185582e+000  -1.465802e+000  0.000000e+000  
0.000000e+000  -7.235361e+000  -1.412560e+001  -1.283575e+001  -1.090932e+001  -8.821301e+000  -5.507687e+000  -2.522907e+000  0.000000e+000  
0.000000e+000  -1.083514e+001  -2.119000e+001  -1.894339e+001  -1.584669e+001  -1.264050e+001  -7.783803e+000  -3.542181e+000  0.000000e+000  
0.000000e+000  -1.169129e+001  -2.286959e+001  -2.033726e+001  -1.693257e+001  -1.345569e+001  -8.256441e+000  -3.751329e+000  0.000000e+000  
0.000000e+000  -1.719191e+001  -3.366748e+001  -2.890354e+001  -2.332542e+001  -1.808371e+001  -1.084982e+001  -4.882081e+000  0.000000e+000  
0.000000e+000  -2.312122e+001  -4.541951e+001  -3.723631e+001  -2.895277e+001  -2.184990e+001  -1.283877e+001  -5.733604e+000  0.000000e+000  
0.000000e+000  -3.031019e+001  -6.000096e+001  -4.615479e+001  -3.427401e+001  -2.510909e+001  -1.448571e+001  -6.439086e+000  0.000000e+000  
0.000000e+000  -3.408265e+001  -6.799884e+001  -5.025527e+001  -3.642161e+001  -2.633528e+001  -1.511083e+001  -6.716201e+000  0.000000e+000  
0.000000e+000  -3.693755e+001  -7.430798e+001  -5.308979e+001  -3.777072e+001  -2.707553e+001  -1.550235e+001  -6.896909e+000  0.000000e+000  
0.000000e+000  -4.313669e+001  -8.933337e+001  -5.827359e+001  -3.976466e+001  -2.810525e+001  -1.613914e+001  -7.224538e+000  0.000000e+000  
0.000000e+000  -4.506256e+001  -1.034329e+002  -5.665470e+001  -3.774172e+001  -2.730203e+001  -1.633215e+001  -7.480340e+000  0.000000e+000  
0.000000e+000  -7.451117e+000  0.000000e+000  -2.705233e+001  -2.771350e+001  -2.404410e+001  -1.587856e+001  -7.524619e+000  0.000000e+000  
0.000000e+000  -3.017637e+000  0.000000e+000  -2.140349e+001  -2.536220e+001  -2.321919e+001  -1.574993e+001  -7.527286e+000  0.000000e+000  
0.000000e+000  -1.211656e+000  0.000000e+000  -1.789372e+001  -2.347350e+001  -2.249064e+001  -1.562919e+001  -7.526439e+000  0.000000e+000  
0.000000e+000  -2.337931e+000  0.000000e+000  -2.012318e+001  -2.467252e+001  -2.296264e+001  -1.571668e+001  -7.532363e+000  0.000000e+000  
0.000000e+000  -7.567098e+000  0.000000e+000  -2.758325e+001  -2.802657e+001  -2.419413e+001  -1.592561e+001  -7.537431e+000  0.000000e+000  
0.000000e+000  -4.484287e+001  -1.033263e+002  -5.659809e+001  -3.782692e+001  -2.740468e+001  -1.638877e+001  -7.502099e+000  0.000000e+000  
0.000000e+000  -4.381897e+001  -9.068328e+001  -5.906546e+001  -4.018526e+001  -2.832972e+001  -1.623717e+001  -7.263733e+000  0.000000e+000  
0.000000e+000  -3.393584e+001  -6.766175e+001  -5.021031e+001  -3.647612e+001  -2.639982e+001  -1.514487e+001  -6.728206e+000  0.000000e+000  
0.000000e+000  -2.432613e+001  -4.786016e+001  -3.881668e+001  -2.996870e+001  -2.251897e+001  -1.319643e+001  -5.888869e+000  0.000000e+000  
0.000000e+000  -1.669473e+001  -3.270444e+001  -2.812972e+001  -2.276381e+001  -1.769745e+001  -1.065074e+001  -4.799736e+000  0.000000e+000  
0.000000e+000  -1.081375e+001  -2.116344e+001  -1.888458e+001  -1.578909e+001  -1.259644e+001  -7.763562e+000  -3.535627e+000  0.000000e+000  
0.000000e+000  -7.184213e+000  -1.405617e+001  -1.277263e+001  -1.086224e+001  -8.788187e+000  -5.492135e+000  -2.517638e+000  0.000000e+000  
0.000000e+000  -4.005687e+000  -7.818832e+000  -7.178951e+000  -6.169029e+000  -5.035546e+000  -3.176038e+000  -1.462516e+000  0.000000e+000  
0.000000e+000  -1.107443e+000  -2.054403e+000  -1.886499e+000  -1.625684e+000  -1.330461e+000  -8.414904e-001  -3.880294e-001  0.000000e+000  
0.000000e+000  0.000000e+000  0.000000e+000  0.000000e+000  0.000000e+000  0.000000e+000  0.000000e+000  0.000000e+000  0.000000e+000  

