Port monitor named: Port4_h1.prt

nx        = 78
ny        = 75
nz        = 25

nu        = 9
nv        = 28
iu        = 10
iv        = 10

idir      = 1
dcut      = -2.750000e-002
icut      = 9
type      = 1
frequency = 3.500000e+009

fcutoff   = 0.000000e+000
alpha     = 0.000000e+000
beta      = 1.358123e+002
accuracy  = 2.360950e-014

type          = QTEM
wave imp.     = 2.046605e+002
wave imp.sig. = 0.000000e+000
line imp.     = 4.917974e+001

ref. port     = 0

0.000000e+000  8.270074e-002  1.442127e-001  2.355101e-001  2.911943e-001  3.083222e-001  2.600269e-001  1.419447e-001  0.000000e+000  
0.000000e+000  7.400659e-002  1.463268e-001  2.411506e-001  2.974168e-001  3.139142e-001  2.633950e-001  1.432940e-001  0.000000e+000  
0.000000e+000  8.760574e-002  1.683607e-001  2.742107e-001  3.327467e-001  3.453321e-001  2.820738e-001  1.507051e-001  0.000000e+000  
0.000000e+000  1.114594e-001  2.117605e-001  3.373766e-001  3.981831e-001  4.018262e-001  3.142356e-001  1.630488e-001  0.000000e+000  
0.000000e+000  1.361520e-001  2.566737e-001  4.003903e-001  4.604561e-001  4.530773e-001  3.414404e-001  1.729290e-001  0.000000e+000  
0.000000e+000  1.686982e-001  3.156854e-001  4.821717e-001  5.401122e-001  5.177095e-001  3.750809e-001  1.849591e-001  0.000000e+000  
0.000000e+000  2.650849e-001  4.868658e-001  7.027307e-001  7.368481e-001  6.635105e-001  4.415925e-001  2.061847e-001  0.000000e+000  
0.000000e+000  4.257199e-001  7.651926e-001  1.026435e+000  9.940681e-001  8.329512e-001  5.069708e-001  2.238740e-001  0.000000e+000  
0.000000e+000  6.506676e-001  1.146390e+000  1.408471e+000  1.252651e+000  9.770361e-001  5.500484e-001  2.320575e-001  0.000000e+000  
0.000000e+000  8.311153e-001  1.451979e+000  1.681442e+000  1.418239e+000  1.059593e+000  5.704645e-001  2.344969e-001  0.000000e+000  
0.000000e+000  1.166719e+000  2.026446e+000  2.143591e+000  1.672823e+000  1.174229e+000  5.933825e-001  2.350398e-001  0.000000e+000  
0.000000e+000  2.237690e+000  3.984757e+000  3.326061e+000  2.165976e+000  1.329751e+000  5.951275e-001  2.203126e-001  0.000000e+000  
0.000000e+000  4.961902e+000  1.113089e+001  5.376330e+000  2.478331e+000  1.235715e+000  4.753079e-001  1.632585e-001  0.000000e+000  
0.000000e+000  4.006033e+000  0.000000e+000  3.196148e+000  1.542305e+000  7.686375e-001  2.892930e-001  9.780558e-002  0.000000e+000  
0.000000e+000  8.075525e-001  0.000000e+000  1.002950e+000  6.145364e-001  3.214572e-001  1.206119e-001  4.043491e-002  0.000000e+000  
0.000000e+000  -7.194846e-001  0.000000e+000  -8.485109e-001  -5.075980e-001  -2.601510e-001  -9.533692e-002  -3.136520e-002  0.000000e+000  
0.000000e+000  -3.291015e+000  0.000000e+000  -2.824020e+000  -1.443685e+000  -7.254294e-001  -2.701388e-001  -9.032748e-002  0.000000e+000  
0.000000e+000  -4.905095e+000  -1.136000e+001  -5.361383e+000  -2.468577e+000  -1.232947e+000  -4.738724e-001  -1.624264e-001  0.000000e+000  
0.000000e+000  -2.323701e+000  -4.170422e+000  -3.406735e+000  -2.186231e+000  -1.328816e+000  -5.904156e-001  -2.178804e-001  0.000000e+000  
0.000000e+000  -1.046045e+000  -1.822372e+000  -1.986470e+000  -1.592808e+000  -1.142744e+000  -5.896923e-001  -2.362540e-001  0.000000e+000  
0.000000e+000  -5.080601e-001  -9.056303e-001  -1.168206e+000  -1.092588e+000  -8.904060e-001  -5.259918e-001  -2.281842e-001  0.000000e+000  
0.000000e+000  -2.723550e-001  -4.990248e-001  -7.141170e-001  -7.438762e-001  -6.670881e-001  -4.426820e-001  -2.064429e-001  0.000000e+000  
0.000000e+000  -1.610678e-001  -3.015655e-001  -4.613162e-001  -5.186260e-001  -4.995358e-001  -3.652742e-001  -1.813773e-001  0.000000e+000  
0.000000e+000  -1.124021e-001  -2.133177e-001  -3.388212e-001  -3.986944e-001  -4.014633e-001  -3.133955e-001  -1.625302e-001  0.000000e+000  
0.000000e+000  -8.805897e-002  -1.691435e-001  -2.750435e-001  -3.331163e-001  -3.451654e-001  -2.814752e-001  -1.502867e-001  0.000000e+000  
0.000000e+000  -7.416131e-002  -1.466908e-001  -2.416703e-001  -2.976904e-001  -3.138240e-001  -2.629224e-001  -1.429337e-001  0.000000e+000  
0.000000e+000  -8.280888e-002  -1.444949e-001  -2.359746e-001  -2.914500e-001  -3.082441e-001  -2.595763e-001  -1.415949e-001  0.000000e+000  
0.000000e+000  0.000000e+000  0.000000e+000  0.000000e+000  0.000000e+000  0.000000e+000  0.000000e+000  0.000000e+000  0.000000e+000  

0.000000e+000  0.000000e+000  0.000000e+000  0.000000e+000  0.000000e+000  0.000000e+000  0.000000e+000  0.000000e+000  0.000000e+000  
-4.709585e-002  -5.652952e-002  -5.222187e-002  -4.063938e-002  -2.799168e-002  -1.265660e-002  -2.881378e-004  4.973657e-003  0.000000e+000  
-2.413328e-001  -2.276292e-001  -2.003350e-001  -1.542936e-001  -1.054930e-001  -4.692212e-002  -2.771416e-004  1.938196e-002  0.000000e+000  
-4.362350e-001  -4.122134e-001  -3.592133e-001  -2.715104e-001  -1.812761e-001  -7.605252e-002  4.272648e-003  3.705664e-002  0.000000e+000  
-6.664315e-001  -6.264627e-001  -5.373957e-001  -3.936933e-001  -2.524276e-001  -9.521950e-002  1.686454e-002  6.024026e-002  0.000000e+000  
-7.230652e-001  -6.784713e-001  -5.790826e-001  -4.201953e-001  -2.661851e-001  -9.716153e-002  2.105979e-002  6.613638e-002  0.000000e+000  
-1.101475e+000  -1.021144e+000  -8.426695e-001  -5.730960e-001  -3.332786e-001  -9.246070e-002  5.565226e-002  1.063110e-001  0.000000e+000  
-1.566520e+000  -1.427039e+000  -1.119555e+000  -6.937074e-001  -3.554884e-001  -5.297724e-002  1.051676e-001  1.515120e-001  0.000000e+000  
-2.258100e+000  -2.003528e+000  -1.446233e+000  -7.710831e-001  -3.133155e-001  3.401402e-002  1.761462e-001  2.065155e-001  0.000000e+000  
-2.739519e+000  -2.386868e+000  -1.610267e+000  -7.653162e-001  -2.512150e-001  9.855675e-002  2.182593e-001  2.358169e-001  0.000000e+000  
-3.190659e+000  -2.738387e+000  -1.727641e+000  -7.320178e-001  -1.813416e-001  1.577951e-001  2.531985e-001  2.588347e-001  0.000000e+000  
-4.628304e+000  -3.838010e+000  -1.938936e+000  -5.212897e-001  7.396574e-002  3.335052e-001  3.448458e-001  3.150330e-001  0.000000e+000  
-8.736650e+000  -7.116642e+000  -1.503426e+000  5.081803e-001  8.222153e-001  7.078709e-001  5.043757e-001  4.018242e-001  0.000000e+000  
-1.752074e+001  -1.833293e+001  6.444766e+000  3.339706e+000  2.010784e+000  1.116899e+000  6.438688e-001  4.689289e-001  0.000000e+000  
-2.008775e+001  -2.349740e+001  7.826816e+000  3.926716e+000  2.281135e+000  1.211541e+000  6.753628e-001  4.837180e-001  0.000000e+000  
-2.114873e+001  -2.254405e+001  7.012751e+000  4.191321e+000  2.484592e+000  1.291004e+000  7.018605e-001  4.960057e-001  0.000000e+000  
-2.044247e+001  -2.318384e+001  7.528396e+000  4.015627e+000  2.355052e+000  1.241750e+000  6.858310e-001  4.887682e-001  0.000000e+000  
-1.726777e+001  -1.850222e+001  6.531577e+000  3.285389e+000  1.978580e+000  1.106401e+000  6.411790e-001  4.681326e-001  0.000000e+000  
-8.821821e+000  -7.242376e+000  -1.435886e+000  5.368132e-001  8.294774e-001  7.091530e-001  5.056069e-001  4.031040e-001  0.000000e+000  
-4.682705e+000  -3.886202e+000  -1.963019e+000  -5.249735e-001  7.991198e-002  3.421408e-001  3.510934e-001  3.195072e-001  0.000000e+000  
-2.713362e+000  -2.367407e+000  -1.601342e+000  -7.686255e-001  -2.580665e-001  9.332094e-002  2.159187e-001  2.347245e-001  0.000000e+000  
-1.680240e+000  -1.522213e+000  -1.174024e+000  -7.090666e-001  -3.519668e-001  -4.128844e-002  1.159384e-001  1.605174e-001  0.000000e+000  
-1.070750e+000  -9.925818e-001  -8.190319e-001  -5.584847e-001  -3.269305e-001  -9.355062e-002  5.177964e-002  1.021854e-001  0.000000e+000  
-6.686193e-001  -6.278673e-001  -5.371230e-001  -3.919790e-001  -2.505745e-001  -9.419010e-002  1.693897e-002  5.996125e-002  0.000000e+000  
-4.373046e-001  -4.129264e-001  -3.591321e-001  -2.706285e-001  -1.802171e-001  -7.535973e-002  4.374455e-003  3.690010e-002  0.000000e+000  
-2.418359e-001  -2.279836e-001  -2.003233e-001  -1.538829e-001  -1.049635e-001  -4.653848e-002  -2.027526e-004  1.930624e-002  0.000000e+000  
-4.721354e-002  -5.663124e-002  -5.221477e-002  -4.053725e-002  -2.785757e-002  -1.255640e-002  -2.672792e-004  4.954753e-003  0.000000e+000  
0.000000e+000  0.000000e+000  0.000000e+000  0.000000e+000  0.000000e+000  0.000000e+000  0.000000e+000  0.000000e+000  0.000000e+000  

0.000000e+000  0.000000e+000  0.000000e+000  0.000000e+000  0.000000e+000  0.000000e+000  0.000000e+000  0.000000e+000  0.000000e+000  
0.000000e+000  0.000000e+000  0.000000e+000  0.000000e+000  0.000000e+000  0.000000e+000  0.000000e+000  0.000000e+000  0.000000e+000  
0.000000e+000  0.000000e+000  0.000000e+000  0.000000e+000  0.000000e+000  0.000000e+000  0.000000e+000  0.000000e+000  0.000000e+000  
0.000000e+000  0.000000e+000  0.000000e+000  0.000000e+000  0.000000e+000  0.000000e+000  0.000000e+000  0.000000e+000  0.000000e+000  
0.000000e+000  0.000000e+000  0.000000e+000  0.000000e+000  0.000000e+000  0.000000e+000  0.000000e+000  0.000000e+000  0.000000e+000  
0.000000e+000  0.000000e+000  0.000000e+000  0.000000e+000  0.000000e+000  0.000000e+000  0.000000e+000  0.000000e+000  0.000000e+000  
0.000000e+000  0.000000e+000  0.000000e+000  0.000000e+000  0.000000e+000  0.000000e+000  0.000000e+000  0.000000e+000  0.000000e+000  
0.000000e+000  0.000000e+000  0.000000e+000  0.000000e+000  0.000000e+000  0.000000e+000  0.000000e+000  0.000000e+000  0.000000e+000  
0.000000e+000  0.000000e+000  0.000000e+000  0.000000e+000  0.000000e+000  0.000000e+000  0.000000e+000  0.000000e+000  0.000000e+000  
0.000000e+000  0.000000e+000  0.000000e+000  0.000000e+000  0.000000e+000  0.000000e+000  0.000000e+000  0.000000e+000  0.000000e+000  
0.000000e+000  0.000000e+000  0.000000e+000  0.000000e+000  0.000000e+000  0.000000e+000  0.000000e+000  0.000000e+000  0.000000e+000  
0.000000e+000  0.000000e+000  0.000000e+000  0.000000e+000  0.000000e+000  0.000000e+000  0.000000e+000  0.000000e+000  0.000000e+000  
0.000000e+000  0.000000e+000  0.000000e+000  0.000000e+000  0.000000e+000  0.000000e+000  0.000000e+000  0.000000e+000  0.000000e+000  
0.000000e+000  0.000000e+000  0.000000e+000  0.000000e+000  0.000000e+000  0.000000e+000  0.000000e+000  0.000000e+000  0.000000e+000  
0.000000e+000  0.000000e+000  0.000000e+000  0.000000e+000  0.000000e+000  0.000000e+000  0.000000e+000  0.000000e+000  0.000000e+000  
0.000000e+000  0.000000e+000  0.000000e+000  0.000000e+000  0.000000e+000  0.000000e+000  0.000000e+000  0.000000e+000  0.000000e+000  
0.000000e+000  0.000000e+000  0.000000e+000  0.000000e+000  0.000000e+000  0.000000e+000  0.000000e+000  0.000000e+000  0.000000e+000  
0.000000e+000  0.000000e+000  0.000000e+000  0.000000e+000  0.000000e+000  0.000000e+000  0.000000e+000  0.000000e+000  0.000000e+000  
0.000000e+000  0.000000e+000  0.000000e+000  0.000000e+000  0.000000e+000  0.000000e+000  0.000000e+000  0.000000e+000  0.000000e+000  
0.000000e+000  0.000000e+000  0.000000e+000  0.000000e+000  0.000000e+000  0.000000e+000  0.000000e+000  0.000000e+000  0.000000e+000  
0.000000e+000  0.000000e+000  0.000000e+000  0.000000e+000  0.000000e+000  0.000000e+000  0.000000e+000  0.000000e+000  0.000000e+000  
0.000000e+000  0.000000e+000  0.000000e+000  0.000000e+000  0.000000e+000  0.000000e+000  0.000000e+000  0.000000e+000  0.000000e+000  
0.000000e+000  0.000000e+000  0.000000e+000  0.000000e+000  0.000000e+000  0.000000e+000  0.000000e+000  0.000000e+000  0.000000e+000  
0.000000e+000  0.000000e+000  0.000000e+000  0.000000e+000  0.000000e+000  0.000000e+000  0.000000e+000  0.000000e+000  0.000000e+000  
0.000000e+000  0.000000e+000  0.000000e+000  0.000000e+000  0.000000e+000  0.000000e+000  0.000000e+000  0.000000e+000  0.000000e+000  
0.000000e+000  0.000000e+000  0.000000e+000  0.000000e+000  0.000000e+000  0.000000e+000  0.000000e+000  0.000000e+000  0.000000e+000  
0.000000e+000  0.000000e+000  0.000000e+000  0.000000e+000  0.000000e+000  0.000000e+000  0.000000e+000  0.000000e+000  0.000000e+000  
0.000000e+000  0.000000e+000  0.000000e+000  0.000000e+000  0.000000e+000  0.000000e+000  0.000000e+000  0.000000e+000  0.000000e+000  

0.000000e+000  0.000000e+000  0.000000e+000  0.000000e+000  0.000000e+000  0.000000e+000  0.000000e+000  0.000000e+000  0.000000e+000  
0.000000e+000  0.000000e+000  0.000000e+000  0.000000e+000  0.000000e+000  0.000000e+000  0.000000e+000  0.000000e+000  0.000000e+000  
0.000000e+000  0.000000e+000  0.000000e+000  0.000000e+000  0.000000e+000  0.000000e+000  0.000000e+000  0.000000e+000  0.000000e+000  
0.000000e+000  0.000000e+000  0.000000e+000  0.000000e+000  0.000000e+000  0.000000e+000  0.000000e+000  0.000000e+000  0.000000e+000  
0.000000e+000  0.000000e+000  0.000000e+000  0.000000e+000  0.000000e+000  0.000000e+000  0.000000e+000  0.000000e+000  0.000000e+000  
0.000000e+000  0.000000e+000  0.000000e+000  0.000000e+000  0.000000e+000  0.000000e+000  0.000000e+000  0.000000e+000  0.000000e+000  
0.000000e+000  0.000000e+000  0.000000e+000  0.000000e+000  0.000000e+000  0.000000e+000  0.000000e+000  0.000000e+000  0.000000e+000  
0.000000e+000  0.000000e+000  0.000000e+000  0.000000e+000  0.000000e+000  0.000000e+000  0.000000e+000  0.000000e+000  0.000000e+000  
0.000000e+000  0.000000e+000  0.000000e+000  0.000000e+000  0.000000e+000  0.000000e+000  0.000000e+000  0.000000e+000  0.000000e+000  
0.000000e+000  0.000000e+000  0.000000e+000  0.000000e+000  0.000000e+000  0.000000e+000  0.000000e+000  0.000000e+000  0.000000e+000  
0.000000e+000  0.000000e+000  0.000000e+000  0.000000e+000  0.000000e+000  0.000000e+000  0.000000e+000  0.000000e+000  0.000000e+000  
0.000000e+000  0.000000e+000  0.000000e+000  0.000000e+000  0.000000e+000  0.000000e+000  0.000000e+000  0.000000e+000  0.000000e+000  
0.000000e+000  0.000000e+000  0.000000e+000  0.000000e+000  0.000000e+000  0.000000e+000  0.000000e+000  0.000000e+000  0.000000e+000  
0.000000e+000  0.000000e+000  0.000000e+000  0.000000e+000  0.000000e+000  0.000000e+000  0.000000e+000  0.000000e+000  0.000000e+000  
0.000000e+000  0.000000e+000  0.000000e+000  0.000000e+000  0.000000e+000  0.000000e+000  0.000000e+000  0.000000e+000  0.000000e+000  
0.000000e+000  0.000000e+000  0.000000e+000  0.000000e+000  0.000000e+000  0.000000e+000  0.000000e+000  0.000000e+000  0.000000e+000  
0.000000e+000  0.000000e+000  0.000000e+000  0.000000e+000  0.000000e+000  0.000000e+000  0.000000e+000  0.000000e+000  0.000000e+000  
0.000000e+000  0.000000e+000  0.000000e+000  0.000000e+000  0.000000e+000  0.000000e+000  0.000000e+000  0.000000e+000  0.000000e+000  
0.000000e+000  0.000000e+000  0.000000e+000  0.000000e+000  0.000000e+000  0.000000e+000  0.000000e+000  0.000000e+000  0.000000e+000  
0.000000e+000  0.000000e+000  0.000000e+000  0.000000e+000  0.000000e+000  0.000000e+000  0.000000e+000  0.000000e+000  0.000000e+000  
0.000000e+000  0.000000e+000  0.000000e+000  0.000000e+000  0.000000e+000  0.000000e+000  0.000000e+000  0.000000e+000  0.000000e+000  
0.000000e+000  0.000000e+000  0.000000e+000  0.000000e+000  0.000000e+000  0.000000e+000  0.000000e+000  0.000000e+000  0.000000e+000  
0.000000e+000  0.000000e+000  0.000000e+000  0.000000e+000  0.000000e+000  0.000000e+000  0.000000e+000  0.000000e+000  0.000000e+000  
0.000000e+000  0.000000e+000  0.000000e+000  0.000000e+000  0.000000e+000  0.000000e+000  0.000000e+000  0.000000e+000  0.000000e+000  
0.000000e+000  0.000000e+000  0.000000e+000  0.000000e+000  0.000000e+000  0.000000e+000  0.000000e+000  0.000000e+000  0.000000e+000  
0.000000e+000  0.000000e+000  0.000000e+000  0.000000e+000  0.000000e+000  0.000000e+000  0.000000e+000  0.000000e+000  0.000000e+000  
0.000000e+000  0.000000e+000  0.000000e+000  0.000000e+000  0.000000e+000  0.000000e+000  0.000000e+000  0.000000e+000  0.000000e+000  
0.000000e+000  0.000000e+000  0.000000e+000  0.000000e+000  0.000000e+000  0.000000e+000  0.000000e+000  0.000000e+000  0.000000e+000  

0.000000e+000  0.000000e+000  0.000000e+000  0.000000e+000  0.000000e+000  0.000000e+000  0.000000e+000  0.000000e+000  0.000000e+000  
0.000000e+000  0.000000e+000  0.000000e+000  0.000000e+000  0.000000e+000  0.000000e+000  0.000000e+000  0.000000e+000  0.000000e+000  
0.000000e+000  0.000000e+000  0.000000e+000  0.000000e+000  0.000000e+000  0.000000e+000  0.000000e+000  0.000000e+000  0.000000e+000  
0.000000e+000  0.000000e+000  0.000000e+000  0.000000e+000  0.000000e+000  0.000000e+000  0.000000e+000  0.000000e+000  0.000000e+000  
0.000000e+000  0.000000e+000  0.000000e+000  0.000000e+000  0.000000e+000  0.000000e+000  0.000000e+000  0.000000e+000  0.000000e+000  
0.000000e+000  0.000000e+000  0.000000e+000  0.000000e+000  0.000000e+000  0.000000e+000  0.000000e+000  0.000000e+000  0.000000e+000  
0.000000e+000  0.000000e+000  0.000000e+000  0.000000e+000  0.000000e+000  0.000000e+000  0.000000e+000  0.000000e+000  0.000000e+000  
0.000000e+000  0.000000e+000  0.000000e+000  0.000000e+000  0.000000e+000  0.000000e+000  0.000000e+000  0.000000e+000  0.000000e+000  
0.000000e+000  0.000000e+000  0.000000e+000  0.000000e+000  0.000000e+000  0.000000e+000  0.000000e+000  0.000000e+000  0.000000e+000  
0.000000e+000  0.000000e+000  0.000000e+000  0.000000e+000  0.000000e+000  0.000000e+000  0.000000e+000  0.000000e+000  0.000000e+000  
0.000000e+000  0.000000e+000  0.000000e+000  0.000000e+000  0.000000e+000  0.000000e+000  0.000000e+000  0.000000e+000  0.000000e+000  
0.000000e+000  0.000000e+000  0.000000e+000  0.000000e+000  0.000000e+000  0.000000e+000  0.000000e+000  0.000000e+000  0.000000e+000  
0.000000e+000  0.000000e+000  0.000000e+000  0.000000e+000  0.000000e+000  0.000000e+000  0.000000e+000  0.000000e+000  0.000000e+000  
0.000000e+000  0.000000e+000  0.000000e+000  0.000000e+000  0.000000e+000  0.000000e+000  0.000000e+000  0.000000e+000  0.000000e+000  
0.000000e+000  0.000000e+000  0.000000e+000  0.000000e+000  0.000000e+000  0.000000e+000  0.000000e+000  0.000000e+000  0.000000e+000  
0.000000e+000  0.000000e+000  0.000000e+000  0.000000e+000  0.000000e+000  0.000000e+000  0.000000e+000  0.000000e+000  0.000000e+000  
0.000000e+000  0.000000e+000  0.000000e+000  0.000000e+000  0.000000e+000  0.000000e+000  0.000000e+000  0.000000e+000  0.000000e+000  
0.000000e+000  0.000000e+000  0.000000e+000  0.000000e+000  0.000000e+000  0.000000e+000  0.000000e+000  0.000000e+000  0.000000e+000  
0.000000e+000  0.000000e+000  0.000000e+000  0.000000e+000  0.000000e+000  0.000000e+000  0.000000e+000  0.000000e+000  0.000000e+000  
0.000000e+000  0.000000e+000  0.000000e+000  0.000000e+000  0.000000e+000  0.000000e+000  0.000000e+000  0.000000e+000  0.000000e+000  
0.000000e+000  0.000000e+000  0.000000e+000  0.000000e+000  0.000000e+000  0.000000e+000  0.000000e+000  0.000000e+000  0.000000e+000  
0.000000e+000  0.000000e+000  0.000000e+000  0.000000e+000  0.000000e+000  0.000000e+000  0.000000e+000  0.000000e+000  0.000000e+000  
0.000000e+000  0.000000e+000  0.000000e+000  0.000000e+000  0.000000e+000  0.000000e+000  0.000000e+000  0.000000e+000  0.000000e+000  
0.000000e+000  0.000000e+000  0.000000e+000  0.000000e+000  0.000000e+000  0.000000e+000  0.000000e+000  0.000000e+000  0.000000e+000  
0.000000e+000  0.000000e+000  0.000000e+000  0.000000e+000  0.000000e+000  0.000000e+000  0.000000e+000  0.000000e+000  0.000000e+000  
0.000000e+000  0.000000e+000  0.000000e+000  0.000000e+000  0.000000e+000  0.000000e+000  0.000000e+000  0.000000e+000  0.000000e+000  
0.000000e+000  0.000000e+000  0.000000e+000  0.000000e+000  0.000000e+000  0.000000e+000  0.000000e+000  0.000000e+000  0.000000e+000  
0.000000e+000  0.000000e+000  0.000000e+000  0.000000e+000  0.000000e+000  0.000000e+000  0.000000e+000  0.000000e+000  0.000000e+000  

6.010796e-001  5.900535e-001  5.647807e-001  5.242166e-001  4.780907e-001  4.148601e-001  3.462815e-001  3.074490e-001  -0.000000e+000  
6.054013e-001  5.941979e-001  5.678155e-001  5.266564e-001  4.797012e-001  4.154775e-001  3.461267e-001  3.069752e-001  -0.000000e+000  
6.287721e-001  6.158528e-001  5.862937e-001  5.403737e-001  4.886161e-001  4.188143e-001  3.451880e-001  3.042881e-001  -0.000000e+000  
6.691014e-001  6.543799e-001  6.194627e-001  5.644230e-001  5.038121e-001  4.240459e-001  3.431017e-001  2.993075e-001  -0.000000e+000  
7.054262e-001  6.893336e-001  6.493499e-001  5.853737e-001  5.164506e-001  4.277482e-001  3.406740e-001  2.945875e-001  -0.000000e+000  
7.512791e-001  7.335206e-001  6.870289e-001  6.115181e-001  5.320048e-001  4.320692e-001  3.374352e-001  2.885661e-001  -0.000000e+000  
8.562389e-001  8.355701e-001  7.723986e-001  6.667563e-001  5.617174e-001  4.369528e-001  3.276522e-001  2.739903e-001  -0.000000e+000  
9.833510e-001  9.614458e-001  8.751518e-001  7.268420e-001  5.893210e-001  4.363593e-001  3.129996e-001  2.555062e-001  -0.000000e+000  
1.100820e+000  1.082576e+000  9.707570e-001  7.741000e-001  6.049410e-001  4.287009e-001  2.964871e-001  2.374403e-001  -0.000000e+000  
1.172737e+000  1.159762e+000  1.030294e+000  7.998557e-001  6.107864e-001  4.214522e-001  2.852209e-001  2.258467e-001  -0.000000e+000  
1.279275e+000  1.279185e+000  1.120453e+000  8.337858e-001  6.145352e-001  4.073337e-001  2.668723e-001  2.077602e-001  -0.000000e+000  
1.463729e+000  1.524337e+000  1.292934e+000  8.678786e-001  5.924296e-001  3.627338e-001  2.238841e-001  1.690695e-001  -0.000000e+000  
1.496138e+000  1.784028e+000  1.422392e+000  7.730038e-001  4.686033e-001  2.598972e-001  1.505384e-001  1.103070e-001  -0.000000e+000  
9.312238e-001  1.096928e+000  8.620751e-001  4.730834e-001  2.839406e-001  1.545675e-001  8.820078e-002  6.415011e-002  -0.000000e+000  
3.795189e-001  4.130155e-001  3.151139e-001  1.929806e-001  1.176447e-001  6.363862e-002  3.601580e-002  2.608392e-002  -0.000000e+000  
-3.116377e-001  -3.409418e-001  -2.578750e-001  -1.545547e-001  -9.240227e-002  -4.879884e-002  -2.703807e-002  -1.936046e-002  -0.000000e+000  
-8.774020e-001  -1.011962e+000  -7.843656e-001  -4.405963e-001  -2.636822e-001  -1.418018e-001  -7.996213e-002  -5.779313e-002  -0.000000e+000  
-1.495409e+000  -1.784244e+000  -1.416432e+000  -7.692976e-001  -4.662218e-001  -2.580804e-001  -1.491128e-001  -1.091071e-001  -0.000000e+000  
-1.470491e+000  -1.536899e+000  -1.299150e+000  -8.650137e-001  -5.875245e-001  -3.582714e-001  -2.206108e-001  -1.664222e-001  -0.000000e+000  
-1.247686e+000  -1.242065e+000  -1.092634e+000  -8.247049e-001  -6.147420e-001  -4.122935e-001  -2.723564e-001  -2.128372e-001  -0.000000e+000  
-1.029110e+000  -1.008251e+000  -9.122291e-001  -7.457809e-001  -5.960651e-001  -4.337006e-001  -3.063482e-001  -2.479774e-001  -0.000000e+000  
-8.590843e-001  -8.385544e-001  -7.745965e-001  -6.675024e-001  -5.615856e-001  -4.362227e-001  -3.266869e-001  -2.729719e-001  -0.000000e+000  
-7.382460e-001  -7.209489e-001  -6.760981e-001  -6.035531e-001  -5.269060e-001  -4.301333e-001  -3.377068e-001  -2.896699e-001  -0.000000e+000  
-6.686588e-001  -6.538162e-001  -6.186737e-001  -5.634402e-001  -5.027837e-001  -4.231090e-001  -3.423764e-001  -2.987143e-001  -0.000000e+000  
-6.287716e-001  -6.154596e-001  -5.855058e-001  -5.394585e-001  -4.876746e-001  -4.179330e-001  -3.444667e-001  -3.036769e-001  -0.000000e+000  
-6.064565e-001  -5.941329e-001  -5.669231e-001  -5.257403e-001  -4.787946e-001  -4.146258e-001  -3.454090e-001  -3.063549e-001  -0.000000e+000  
-6.034884e-001  -5.905318e-001  -5.636303e-001  -5.232791e-001  -4.771880e-001  -4.140136e-001  -3.455646e-001  -3.068271e-001  -0.000000e+000  
-0.000000e+000  -0.000000e+000  -0.000000e+000  -0.000000e+000  -0.000000e+000  -0.000000e+000  -0.000000e+000  -0.000000e+000  -0.000000e+000  

