Port monitor named: Port1_e1.prt

nx        = 63
ny        = 63
nz        = 34

nu        = 15
nv        = 41
iu        = 10
iv        = 12

idir      = 1
dcut      = -1.250000e-002
icut      = 10
type      = 0
frequency = 3.500000e+009

fcutoff   = 0.000000e+000
alpha     = 0.000000e+000
beta      = 1.347410e+002
accuracy  = 4.603673e-010

type          = QTEM
wave imp.     = 2.080175e+002
wave imp.sig. = 1.260711e-001
line imp.     = 4.928171e+001

ref. port     = 0

0.000000e+000  0.000000e+000  0.000000e+000  0.000000e+000  0.000000e+000  0.000000e+000  0.000000e+000  0.000000e+000  0.000000e+000  0.000000e+000  0.000000e+000  0.000000e+000  0.000000e+000  0.000000e+000  0.000000e+000  
-3.530978e-001  1.245771e-001  1.127517e+000  2.735459e+000  5.024289e+000  8.002807e+000  1.152329e+001  1.489112e+001  1.711948e+001  1.855827e+001  1.960935e+001  4.794082e+000  5.162926e+000  5.357078e+000  0.000000e+000  
-8.156795e-001  1.307015e-001  2.122320e+000  5.327102e+000  9.911421e+000  1.591316e+001  2.305684e+001  2.994428e+001  3.453225e+001  3.750697e+001  3.969021e+001  9.725188e+000  1.049932e+001  1.090755e+001  0.000000e+000  
-1.495612e+000  -9.932887e-002  2.850477e+000  7.626546e+000  1.451511e+001  2.362513e+001  3.459678e+001  4.531464e+001  5.253596e+001  5.725128e+001  6.073942e+001  1.494095e+001  1.619953e+001  1.686525e+001  0.000000e+000  
-2.497326e+000  -6.814629e-001  3.175931e+000  9.476540e+000  1.867071e+001  3.100493e+001  4.610900e+001  6.114122e+001  7.143546e+001  7.822578e+001  8.330619e+001  2.061163e+001  2.249054e+001  2.348850e+001  0.000000e+000  
-3.919605e+000  -1.728389e+000  2.960231e+000  1.070724e+001  2.218597e+001  3.787482e+001  5.750889e+001  7.753244e+001  9.154235e+001  1.009085e+002  1.080226e+002  2.694529e+001  2.966200e+001  3.111233e+001  0.000000e+000  
-5.677455e+000  -3.195080e+000  2.161152e+000  1.112894e+001  2.465020e+001  4.352756e+001  6.774485e+001  9.314375e+001  1.113622e+002  1.237338e+002  1.332974e+002  3.358632e+001  3.737342e+001  3.940629e+001  0.000000e+000  
-7.928224e+000  -5.221638e+000  6.782164e-001  1.071527e+001  2.616873e+001  4.829798e+001  7.753880e+001  1.092512e+002  1.326919e+002  1.489139e+002  1.617234e+002  4.128442e+001  4.657599e+001  4.943350e+001  0.000000e+000  
-1.116542e+001  -8.305986e+000  -1.982848e+000  9.015895e+000  2.644306e+001  5.227322e+001  8.779524e+001  1.281051e+002  1.591460e+002  1.811894e+002  1.991046e+002  5.181982e+001  5.963545e+001  6.388639e+001  0.000000e+000  
-1.516351e+001  -1.229026e+001  -5.820213e+000  5.748217e+000  2.472849e+001  5.404536e+001  9.632560e+001  1.469711e+002  1.879531e+002  2.179836e+002  2.432513e+002  6.495644e+001  7.668144e+001  8.310603e+001  0.000000e+000  
-1.994262e+001  -1.722433e+001  -1.095550e+001  6.529381e-001  2.053486e+001  5.280450e+001  1.020420e+002  1.649236e+002  2.189292e+002  2.600283e+002  2.960624e+002  8.177971e+001  9.967626e+001  1.095537e+002  0.000000e+000  
-2.548399e+001  -2.311721e+001  -1.747039e+001  -6.506446e+000  1.333227e+001  4.754511e+001  1.033774e+002  1.802978e+002  2.512532e+002  3.077743e+002  3.598006e+002  1.038960e+002  1.317002e+002  1.471462e+002  0.000000e+000  
-3.172290e+001  -2.992592e+001  -2.538643e+001  -1.591001e+001  2.594446e+000  3.708321e+001  9.816569e+001  1.902798e+002  2.828968e+002  3.609010e+002  4.369785e+002  1.337297e+002  1.776777e+002  2.022095e+002  0.000000e+000  
-3.854305e+001  -3.754458e+001  -3.464168e+001  -2.763526e+001  -1.212565e+001  2.013253e+001  8.356331e+001  1.903402e+002  3.096108e+002  4.172891e+002  5.299360e+002  1.750333e+002  2.456294e+002  2.850762e+002  0.000000e+000  
-4.577339e+001  -4.579559e+001  -4.506654e+001  -4.159998e+001  -3.108035e+001  -4.521502e+000  5.610700e+001  1.735430e+002  3.231618e+002  4.708892e+002  6.396729e+002  2.338626e+002  3.489041e+002  4.127214e+002  0.000000e+000  
-5.225202e+001  -5.332588e+001  -5.490348e+001  -5.540681e+001  -5.105890e+001  -3.309098e+001  1.849155e+001  1.368709e+002  3.117919e+002  5.036567e+002  7.466666e+002  3.084334e+002  4.869998e+002  5.839073e+002  0.000000e+000  
-5.869213e+001  -6.093011e+001  -6.512122e+001  -7.031845e+001  -7.380551e+001  -6.819537e+001  -3.385578e+001  7.130006e+001  2.614991e+002  5.023412e+002  8.535030e+002  4.188118e+002  6.962058e+002  8.394740e+002  0.000000e+000  
-6.489163e+001  -6.835537e+001  -7.535450e+001  -8.578175e+001  -9.852778e+001  -1.090124e+002  -1.016458e+002  -3.180806e+001  1.461520e+002  4.256434e+002  9.287615e+002  5.983332e+002  1.022352e+003  1.219822e+003  0.000000e+000  
-7.063588e+001  -7.532274e+001  -8.517276e+001  -1.010755e+002  -1.239972e+002  -1.535920e+002  -1.828977e+002  -1.774614e+002  -6.816447e+001  1.942473e+002  8.762843e+002  9.450742e+002  1.546227e+003  1.772073e+003  0.000000e+000  
-7.570928e+001  -8.154313e+001  -9.410536e+001  -1.153496e+002  -1.485864e+002  -1.987172e+002  -2.714711e+002  -3.590749e+002  -4.071040e+002  -3.293636e+002  3.734549e+002  1.804873e+003  2.397864e+003  2.520420e+003  0.000000e+000  
-7.990866e+001  -8.673704e+001  -1.016779e+002  -1.276983e+002  -1.704188e+002  -2.401502e+002  -3.565801e+002  -5.474990e+002  -8.273977e+002  -1.290237e+003  -2.667978e+003  4.620138e+003  3.659718e+003  3.373065e+003  0.000000e+000  
-8.356083e+001  -9.128722e+001  -1.083965e+002  -1.388388e+002  -1.905168e+002  -2.790922e+002  -4.371179e+002  -7.144443e+002  -1.107380e+003  -1.605951e+003  -2.435681e+003  5.176914e+003  4.385720e+003  4.057638e+003  0.000000e+000  
-8.546929e+001  -9.367298e+001  -1.119413e+002  -1.447690e+002  -2.013286e+002  -3.001898e+002  -4.800102e+002  -7.938691e+002  -1.195425e+003  -1.596267e+003  -1.995166e+003  4.811212e+003  4.517033e+003  4.319060e+003  0.000000e+000  
-8.551133e+001  -9.371752e+001  -1.119910e+002  -1.448288e+002  -2.014156e+002  -3.003701e+002  -4.804997e+002  -7.950638e+002  -1.196810e+003  -1.595877e+003  -1.989632e+003  4.808437e+003  4.517768e+003  4.321489e+003  0.000000e+000  
-8.368648e+001  -9.142032e+001  -1.085444e+002  -1.390136e+002  -1.907601e+002  -2.795745e+002  -4.384623e+002  -7.181942e+002  -1.113477e+003  -1.608166e+003  -2.413559e+003  5.164151e+003  4.390217e+003  4.067067e+003  0.000000e+000  
-8.011643e+001  -8.695727e+001  -1.019216e+002  -1.279775e+002  -1.707725e+002  -2.407650e+002  -3.583014e+002  -5.535478e+002  -8.439487e+002  -1.315622e+003  -2.622164e+003  4.588623e+003  3.683573e+003  3.395716e+003  0.000000e+000  
-7.501501e+001  -8.063736e+001  -9.268430e+001  -1.128739e+002  -1.439989e+002  -1.898155e+002  -2.532850e+002  -3.201371e+002  -3.272616e+002  -1.860219e+002  5.710853e+002  1.534401e+003  2.183523e+003  2.350115e+003  0.000000e+000  
-6.870358e+001  -7.291129e+001  -8.162087e+001  -9.526399e+001  -1.138229e+002  -1.348556e+002  -1.468556e+002  -1.088365e+002  3.967493e+001  3.205011e+002  9.281254e+002  7.699338e+002  1.293174e+003  1.511880e+003  0.000000e+000  
-6.154468e+001  -6.427574e+001  -6.956870e+001  -7.673339e+001  -8.348820e+001  -8.302029e+001  -5.589240e+001  4.337768e+001  2.385831e+002  4.983383e+002  8.957659e+002  4.689256e+002  7.877853e+002  9.489677e+002  0.000000e+000  
-4.805719e+001  -4.837594e+001  -4.827124e+001  -4.580527e+001  -3.667786e+001  -1.173173e+001  4.785797e+001  1.672784e+002  3.241718e+002  4.831534e+002  6.704082e+002  2.533720e+002  3.836841e+002  4.552011e+002  0.000000e+000  
-3.354435e+001  -3.190864e+001  -2.768621e+001  -1.865377e+001  -6.193025e-001  3.366080e+001  9.553209e+001  1.908896e+002  2.893028e+002  3.740445e+002  4.588735e+002  1.437371e+002  1.942489e+002  2.223819e+002  0.000000e+000  
-2.127332e+001  -1.862620e+001  -1.248394e+001  -1.010900e+000  1.884268e+001  5.145785e+001  1.019821e+002  1.678710e+002  2.259202e+002  2.709862e+002  3.114492e+002  8.753971e+001  1.083998e+002  1.199404e+002  0.000000e+000  
-1.284820e+001  -9.992521e+000  -3.635366e+000  7.538841e+000  2.549372e+001  5.259048e+001  9.073734e+001  1.353898e+002  1.709537e+002  1.968254e+002  2.184631e+002  5.788981e+001  6.784142e+001  7.328641e+001  0.000000e+000  
-9.134182e+000  -6.383813e+000  -3.592439e-001  9.970760e+000  2.604850e+001  4.940291e+001  8.084565e+001  1.157958e+002  1.423118e+002  1.610013e+002  1.760863e+002  4.551368e+001  5.202048e+001  5.555364e+001  0.000000e+000  
-6.223979e+000  -3.711253e+000  1.723036e+000  1.085722e+001  2.470879e+001  4.420409e+001  6.949519e+001  9.642900e+001  1.160693e+002  1.295634e+002  1.401439e+002  3.556498e+001  3.988117e+001  4.220756e+001  0.000000e+000  
-4.038331e+000  -1.864835e+000  2.788775e+000  1.048763e+001  2.192056e+001  3.760478e+001  5.734739e+001  7.765680e+001  9.200634e+001  1.016680e+002  1.090715e+002  2.731279e+001  3.019548e+001  3.173880e+001  0.000000e+000  
-2.596215e+000  -7.939083e-001  3.037583e+000  9.304997e+000  1.847312e+001  3.081962e+001  4.602516e+001  6.128086e+001  7.181893e+001  7.881275e+001  8.408483e+001  2.087047e+001  2.285356e+001  2.390961e+001  0.000000e+000  
-1.571967e+000  -1.854037e-001  2.746364e+000  7.500797e+000  1.437590e+001  2.350367e+001  3.455814e+001  4.543891e+001  5.282731e+001  5.767777e+001  6.128930e+001  1.511677e+001  1.643945e+001  1.714077e+001  0.000000e+000  
-8.675899e-001  7.255533e-002  2.052863e+000  5.244818e+000  9.823009e+000  1.584035e+001  2.304184e+001  3.003516e+001  3.472723e+001  3.778428e+001  4.004103e+001  9.834400e+000  1.064542e+001  1.107407e+001  0.000000e+000  
-3.793475e-001  9.528860e-002  1.092798e+000  2.694813e+000  4.981420e+000  7.968807e+000  1.151887e+001  1.493873e+001  1.721700e+001  1.869475e+001  1.978014e+001  4.846422e+000  5.232108e+000  5.435560e+000  0.000000e+000  
0.000000e+000  0.000000e+000  0.000000e+000  0.000000e+000  0.000000e+000  0.000000e+000  0.000000e+000  0.000000e+000  0.000000e+000  0.000000e+000  0.000000e+000  0.000000e+000  0.000000e+000  0.000000e+000  0.000000e+000  

0.000000e+000  -1.135848e+001  -2.200378e+001  -3.111461e+001  -3.768384e+001  -4.051245e+001  -3.833150e+001  -3.010756e+001  -1.835282e+001  -8.998495e+000  1.616841e+000  1.310314e+001  8.576934e+000  4.237401e+000  0.000000e+000  
0.000000e+000  -1.156289e+001  -2.243438e+001  -3.180767e+001  -3.867320e+001  -4.179981e+001  -3.984457e+001  -3.165821e+001  -1.969285e+001  -1.007420e+001  9.034728e-001  1.283317e+001  8.368955e+000  4.124341e+000  0.000000e+000  
0.000000e+000  -1.196755e+001  -2.328898e+001  -3.318876e+001  -4.065528e+001  -4.439574e+001  -4.291905e+001  -3.483673e+001  -2.246226e+001  -1.231065e+001  -5.929238e-001  1.225021e+001  7.919069e+000  3.879530e+000  0.000000e+000  
0.000000e+000  -1.256374e+001  -2.455350e+001  -3.524621e+001  -4.363465e+001  -4.834070e+001  -4.765134e+001  -3.980135e+001  -2.684762e+001  -1.588737e+001  -3.021233e+000  1.126049e+001  7.153087e+000  3.462021e+000  0.000000e+000  
0.000000e+000  -1.333737e+001  -2.620450e+001  -3.795861e+001  -4.761269e+001  -5.368998e+001  -5.418497e+001  -4.679885e+001  -3.314923e+001  -2.109854e+001  -6.630348e+000  9.702427e+000  5.942468e+000  2.800657e+000  0.000000e+000  
0.000000e+000  -1.423025e+001  -2.812560e+001  -4.115524e+001  -5.237963e+001  -6.023043e+001  -6.236312e+001  -5.579597e+001  -4.145727e+001  -2.809180e+001  -1.159555e+001  7.412820e+000  4.154544e+000  1.821143e+000  0.000000e+000  
0.000000e+000  -1.519501e+001  -3.022113e+001  -4.469386e+001  -5.775819e+001  -6.778125e+001  -7.205971e+001  -6.679434e+001  -5.190717e+001  -3.706484e+001  -1.814159e+001  4.189293e+000  1.623462e+000  4.302143e-001  0.000000e+000  
0.000000e+000  -1.631528e+001  -3.268315e+001  -4.892678e+001  -6.434180e+001  -7.728056e+001  -8.465124e+001  -8.160326e+001  -6.646176e+001  -4.985692e+001  -2.776516e+001  -8.820596e-001  -2.383310e+000  -1.779229e+000  0.000000e+000  
0.000000e+000  -1.756514e+001  -3.547668e+001  -5.385297e+001  -7.225130e+001  -8.912648e+001  -1.010380e+002  -1.018347e+002  -8.726632e+001  -6.871098e+001  -4.251330e+001  -9.280002e+000  -9.069813e+000  -5.481838e+000  0.000000e+000  
0.000000e+000  -1.880174e+001  -3.830208e+001  -5.899829e+001  -8.084267e+001  -1.025841e+002  -1.206229e+002  -1.274453e+002  -1.150577e+002  -9.481747e+001  -6.385157e+001  -2.241629e+001  -1.961781e+001  -1.134882e+001  0.000000e+000  
0.000000e+000  -1.994225e+001  -4.098849e+001  -6.410288e+001  -8.979696e+001  -1.173947e+002  -1.435130e+002  -1.594719e+002  -1.520917e+002  -1.310956e+002  -9.499877e+001  -4.314457e+001  -3.641101e+001  -2.073120e+001  0.000000e+000  
0.000000e+000  -2.089015e+001  -4.332923e+001  -6.883041e+001  -9.865025e+001  -1.330645e+002  -1.695396e+002  -1.989055e+002  -2.012522e+002  -1.816846e+002  -1.409046e+002  -7.617104e+001  -6.340964e+001  -3.587568e+001  0.000000e+000  
0.000000e+000  -2.153825e+001  -4.508575e+001  -7.276620e+001  -1.067673e+002  -1.487745e+002  -1.980493e+002  -2.463944e+002  -2.660131e+002  -2.523661e+002  -2.092314e+002  -1.293577e+002  -1.072542e+002  -6.053258e+001  0.000000e+000  
0.000000e+000  -2.177425e+001  -4.599785e+001  -7.542652e+001  -1.133297e+002  -1.632894e+002  -2.276175e+002  -3.016831e+002  -3.500749e+002  -3.509777e+002  -3.119177e+002  -2.160644e+002  -1.791696e+002  -1.009367e+002  0.000000e+000  
0.000000e+000  -2.150701e+001  -4.581380e+001  -7.623080e+001  -1.171014e+002  -1.741707e+002  -2.539471e+002  -3.588325e+002  -4.495802e+002  -4.789472e+002  -4.579361e+002  -3.506476e+002  -2.907815e+002  -1.630819e+002  0.000000e+000  
0.000000e+000  -2.079077e+001  -4.461968e+001  -7.522552e+001  -1.178974e+002  -1.805398e+002  -2.745301e+002  -4.125693e+002  -5.586208e+002  -6.350712e+002  -6.558910e+002  -5.505383e+002  -4.541776e+002  -2.519607e+002  0.000000e+000  
0.000000e+000  -1.955985e+001  -4.227187e+001  -7.215270e+001  -1.152503e+002  -1.814897e+002  -2.875648e+002  -4.600109e+002  -6.774776e+002  -8.320449e+002  -9.439901e+002  -8.783039e+002  -7.099955e+002  -3.842180e+002  0.000000e+000  
0.000000e+000  -1.778849e+001  -3.868793e+001  -6.678241e+001  -1.085450e+002  -1.754001e+002  -2.888236e+002  -4.906939e+002  -7.885734e+002  -1.061420e+003  -1.359064e+003  -1.448138e+003  -1.103251e+003  -5.673180e+002  0.000000e+000  
0.000000e+000  -1.547893e+001  -3.385139e+001  -5.901119e+001  -9.738719e+001  -1.609638e+002  -2.740881e+002  -4.908237e+002  -8.557546e+002  -1.276880e+003  -1.924027e+003  -2.553645e+003  -1.662924e+003  -7.772328e+002  0.000000e+000  
0.000000e+000  -1.266538e+001  -2.782478e+001  -4.890065e+001  -8.172039e+001  -1.375649e+002  -2.404109e+002  -4.468021e+002  -8.221185e+002  -1.338687e+003  -2.507370e+003  -5.115124e+003  -2.215921e+003  -8.907694e+002  0.000000e+000  
0.000000e+000  -9.090257e+000  -2.004849e+001  -3.548006e+001  -5.992982e+001  -1.024208e+002  -1.824256e+002  -3.444427e+002  -6.215388e+002  -9.107937e+002  -1.239094e+003  0.000000e+000  -1.224248e+003  -5.943718e+002  0.000000e+000  
0.000000e+000  -4.717445e+000  -1.042543e+001  -1.851879e+001  -3.146499e+001  -5.422067e+001  -9.742018e+001  -1.836070e+002  -3.159633e+002  -4.089524e+002  -4.059805e+002  0.000000e+000  -3.337204e+002  -2.249330e+002  0.000000e+000  
0.000000e+000  -9.351522e-002  -1.933226e-001  -3.061261e-001  -4.431299e-001  -6.392735e-001  -1.023191e+000  -2.011168e+000  -3.981933e+000  -5.423177e+000  -5.110651e+000  0.000000e+000  -2.590027e+000  -2.051849e+000  0.000000e+000  
0.000000e+000  4.531718e+000  1.004147e+001  1.791180e+001  3.059298e+001  5.299090e+001  9.553546e+001  1.799857e+002  3.081419e+002  3.963187e+002  3.905944e+002  0.000000e+000  3.245863e+002  2.189176e+002  0.000000e+000  
0.000000e+000  8.908421e+000  1.967230e+001  3.488709e+001  5.909359e+001  1.013160e+002  1.809918e+002  3.421908e+002  6.155135e+002  8.942447e+002  1.199283e+003  0.000000e+000  1.195670e+003  5.827902e+002  0.000000e+000  
0.000000e+000  1.282031e+001  2.817913e+001  4.956603e+001  8.293603e+001  1.398433e+002  2.449133e+002  4.564754e+002  8.427155e+002  1.370486e+003  2.513160e+003  4.654455e+003  2.216483e+003  9.078785e+002  0.000000e+000  
0.000000e+000  1.609381e+001  3.515849e+001  6.117570e+001  1.006764e+002  1.657325e+002  2.805650e+002  4.975932e+002  8.516287e+002  1.232459e+003  1.757007e+003  2.139674e+003  1.488088e+003  7.217227e+002  0.000000e+000  
0.000000e+000  1.861908e+001  4.037522e+001  6.933462e+001  1.118060e+002  1.786049e+002  2.892158e+002  4.788377e+002  7.406015e+002  9.549315e+002  1.152321e+003  1.145530e+003  9.028195e+002  4.773457e+002  0.000000e+000  
0.000000e+000  2.099667e+001  4.502592e+001  7.579873e+001  1.185049e+002  1.807421e+002  2.729936e+002  4.055483e+002  5.401945e+002  6.056702e+002  6.160480e+002  5.086183e+002  4.191902e+002  2.327100e+002  0.000000e+000  
0.000000e+000  2.183397e+001  4.601257e+001  7.512695e+001  1.121351e+002  1.600250e+002  2.200860e+002  2.864486e+002  3.261662e+002  3.230134e+002  2.832717e+002  1.923451e+002  1.593317e+002  8.965021e+001  0.000000e+000  
0.000000e+000  2.069366e+001  4.279620e+001  6.764138e+001  9.623290e+001  1.285221e+002  1.617193e+002  1.869758e+002  1.867840e+002  1.673214e+002  1.285227e+002  6.790557e+001  5.670927e+001  3.211571e+001  0.000000e+000  
0.000000e+000  1.857875e+001  3.777296e+001  5.799067e+001  7.909565e+001  9.979125e+001  1.165858e+002  1.224151e+002  1.100817e+002  9.054122e+001  6.079501e+001  2.099660e+001  1.853424e+001  1.076042e+001  0.000000e+000  
0.000000e+000  1.679784e+001  3.375999e+001  5.082664e+001  6.740995e+001  8.194159e+001  9.126622e+001  9.010104e+001  7.560839e+001  5.842833e+001  3.476158e+001  5.179248e+000  5.839763e+000  3.703254e+000  0.000000e+000  
0.000000e+000  1.552465e+001  3.094577e+001  4.594445e+001  5.972447e+001  7.067901e+001  7.603436e+001  7.170513e+001  5.699820e+001  4.171427e+001  2.181718e+001  -2.056676e+000  8.267336e-002  5.168861e-001  0.000000e+000  
0.000000e+000  1.435190e+001  2.839160e+001  4.161214e+001  5.309751e+001  6.129364e+001  6.383572e+001  5.763663e+001  4.338054e+001  2.985381e+001  1.299142e+001  -6.601764e+000  -3.504901e+000  -1.460284e+000  0.000000e+000  
0.000000e+000  1.338080e+001  2.630067e+001  3.812790e+001  4.788878e+001  5.411812e+001  5.480673e+001  4.760846e+001  3.401614e+001  2.190137e+001  7.272283e+000  -9.324650e+000  -5.639339e+000  -2.632128e+000  0.000000e+000  
0.000000e+000  1.261347e+001  2.466170e+001  3.543087e+001  4.392260e+001  4.876250e+001  4.822465e+001  4.049589e+001  2.754609e+001  1.650865e+001  3.493845e+000  -1.100805e+001  -6.951892e+000  -3.350579e+000  0.000000e+000  
0.000000e+000  1.202180e+001  2.340555e+001  3.338340e+001  4.094927e+001  4.480878e+001  4.345294e+001  3.544756e+001  2.304560e+001  1.281178e+001  9.570678e-001  -1.207478e+001  -7.780062e+000  -3.802790e+000  0.000000e+000  
0.000000e+000  1.162004e+001  2.255618e+001  3.200822e+001  3.896988e+001  4.220525e+001  4.035099e+001  3.221473e+001  2.020460e+001  1.050231e+001  -6.036835e-001  -1.270198e+001  -8.265474e+000  -4.067365e+000  0.000000e+000  
0.000000e+000  1.141704e+001  2.212810e+001  3.131788e+001  3.798147e+001  4.091360e+001  3.882388e+001  3.063740e+001  1.883029e+001  9.392120e+000  -1.347004e+000  -1.299211e+001  -8.489591e+000  -4.189385e+000  0.000000e+000  
0.000000e+000  0.000000e+000  0.000000e+000  0.000000e+000  0.000000e+000  0.000000e+000  0.000000e+000  0.000000e+000  0.000000e+000  0.000000e+000  0.000000e+000  0.000000e+000  0.000000e+000  0.000000e+000  0.000000e+000  

0.000000e+000  0.000000e+000  0.000000e+000  0.000000e+000  0.000000e+000  0.000000e+000  0.000000e+000  0.000000e+000  0.000000e+000  0.000000e+000  0.000000e+000  0.000000e+000  0.000000e+000  0.000000e+000  0.000000e+000  
0.000000e+000  0.000000e+000  0.000000e+000  0.000000e+000  0.000000e+000  0.000000e+000  0.000000e+000  0.000000e+000  0.000000e+000  0.000000e+000  0.000000e+000  0.000000e+000  0.000000e+000  0.000000e+000  0.000000e+000  
0.000000e+000  0.000000e+000  0.000000e+000  0.000000e+000  0.000000e+000  0.000000e+000  0.000000e+000  0.000000e+000  0.000000e+000  0.000000e+000  0.000000e+000  0.000000e+000  0.000000e+000  0.000000e+000  0.000000e+000  
0.000000e+000  0.000000e+000  0.000000e+000  0.000000e+000  0.000000e+000  0.000000e+000  0.000000e+000  0.000000e+000  0.000000e+000  0.000000e+000  0.000000e+000  0.000000e+000  0.000000e+000  0.000000e+000  0.000000e+000  
0.000000e+000  0.000000e+000  0.000000e+000  0.000000e+000  0.000000e+000  0.000000e+000  0.000000e+000  0.000000e+000  0.000000e+000  0.000000e+000  0.000000e+000  0.000000e+000  0.000000e+000  0.000000e+000  0.000000e+000  
0.000000e+000  0.000000e+000  0.000000e+000  0.000000e+000  0.000000e+000  0.000000e+000  0.000000e+000  0.000000e+000  0.000000e+000  0.000000e+000  0.000000e+000  0.000000e+000  0.000000e+000  0.000000e+000  0.000000e+000  
0.000000e+000  0.000000e+000  0.000000e+000  0.000000e+000  0.000000e+000  0.000000e+000  0.000000e+000  0.000000e+000  0.000000e+000  0.000000e+000  0.000000e+000  0.000000e+000  0.000000e+000  0.000000e+000  0.000000e+000  
0.000000e+000  0.000000e+000  0.000000e+000  0.000000e+000  0.000000e+000  0.000000e+000  0.000000e+000  0.000000e+000  0.000000e+000  0.000000e+000  0.000000e+000  0.000000e+000  0.000000e+000  0.000000e+000  0.000000e+000  
0.000000e+000  0.000000e+000  0.000000e+000  0.000000e+000  0.000000e+000  0.000000e+000  0.000000e+000  0.000000e+000  0.000000e+000  0.000000e+000  0.000000e+000  0.000000e+000  0.000000e+000  0.000000e+000  0.000000e+000  
0.000000e+000  0.000000e+000  0.000000e+000  0.000000e+000  0.000000e+000  0.000000e+000  0.000000e+000  0.000000e+000  0.000000e+000  0.000000e+000  0.000000e+000  0.000000e+000  0.000000e+000  0.000000e+000  0.000000e+000  
0.000000e+000  0.000000e+000  0.000000e+000  0.000000e+000  0.000000e+000  0.000000e+000  0.000000e+000  0.000000e+000  0.000000e+000  0.000000e+000  0.000000e+000  0.000000e+000  0.000000e+000  0.000000e+000  0.000000e+000  
0.000000e+000  0.000000e+000  0.000000e+000  0.000000e+000  0.000000e+000  0.000000e+000  0.000000e+000  0.000000e+000  0.000000e+000  0.000000e+000  0.000000e+000  0.000000e+000  0.000000e+000  0.000000e+000  0.000000e+000  
0.000000e+000  0.000000e+000  0.000000e+000  0.000000e+000  0.000000e+000  0.000000e+000  0.000000e+000  0.000000e+000  0.000000e+000  0.000000e+000  0.000000e+000  0.000000e+000  0.000000e+000  0.000000e+000  0.000000e+000  
0.000000e+000  0.000000e+000  0.000000e+000  0.000000e+000  0.000000e+000  0.000000e+000  0.000000e+000  0.000000e+000  0.000000e+000  0.000000e+000  0.000000e+000  0.000000e+000  0.000000e+000  0.000000e+000  0.000000e+000  
0.000000e+000  0.000000e+000  0.000000e+000  0.000000e+000  0.000000e+000  0.000000e+000  0.000000e+000  0.000000e+000  0.000000e+000  0.000000e+000  0.000000e+000  0.000000e+000  0.000000e+000  0.000000e+000  0.000000e+000  
0.000000e+000  0.000000e+000  0.000000e+000  0.000000e+000  0.000000e+000  0.000000e+000  0.000000e+000  0.000000e+000  0.000000e+000  0.000000e+000  0.000000e+000  0.000000e+000  0.000000e+000  0.000000e+000  0.000000e+000  
0.000000e+000  0.000000e+000  0.000000e+000  0.000000e+000  0.000000e+000  0.000000e+000  0.000000e+000  0.000000e+000  0.000000e+000  0.000000e+000  0.000000e+000  0.000000e+000  0.000000e+000  0.000000e+000  0.000000e+000  
0.000000e+000  0.000000e+000  0.000000e+000  0.000000e+000  0.000000e+000  0.000000e+000  0.000000e+000  0.000000e+000  0.000000e+000  0.000000e+000  0.000000e+000  0.000000e+000  0.000000e+000  0.000000e+000  0.000000e+000  
0.000000e+000  0.000000e+000  0.000000e+000  0.000000e+000  0.000000e+000  0.000000e+000  0.000000e+000  0.000000e+000  0.000000e+000  0.000000e+000  0.000000e+000  0.000000e+000  0.000000e+000  0.000000e+000  0.000000e+000  
0.000000e+000  0.000000e+000  0.000000e+000  0.000000e+000  0.000000e+000  0.000000e+000  0.000000e+000  0.000000e+000  0.000000e+000  0.000000e+000  0.000000e+000  0.000000e+000  0.000000e+000  0.000000e+000  0.000000e+000  
0.000000e+000  0.000000e+000  0.000000e+000  0.000000e+000  0.000000e+000  0.000000e+000  0.000000e+000  0.000000e+000  0.000000e+000  0.000000e+000  0.000000e+000  0.000000e+000  0.000000e+000  0.000000e+000  0.000000e+000  
0.000000e+000  0.000000e+000  0.000000e+000  0.000000e+000  0.000000e+000  0.000000e+000  0.000000e+000  0.000000e+000  0.000000e+000  0.000000e+000  0.000000e+000  0.000000e+000  0.000000e+000  0.000000e+000  0.000000e+000  
0.000000e+000  0.000000e+000  0.000000e+000  0.000000e+000  0.000000e+000  0.000000e+000  0.000000e+000  0.000000e+000  0.000000e+000  0.000000e+000  0.000000e+000  0.000000e+000  0.000000e+000  0.000000e+000  0.000000e+000  
0.000000e+000  0.000000e+000  0.000000e+000  0.000000e+000  0.000000e+000  0.000000e+000  0.000000e+000  0.000000e+000  0.000000e+000  0.000000e+000  0.000000e+000  0.000000e+000  0.000000e+000  0.000000e+000  0.000000e+000  
0.000000e+000  0.000000e+000  0.000000e+000  0.000000e+000  0.000000e+000  0.000000e+000  0.000000e+000  0.000000e+000  0.000000e+000  0.000000e+000  0.000000e+000  0.000000e+000  0.000000e+000  0.000000e+000  0.000000e+000  
0.000000e+000  0.000000e+000  0.000000e+000  0.000000e+000  0.000000e+000  0.000000e+000  0.000000e+000  0.000000e+000  0.000000e+000  0.000000e+000  0.000000e+000  0.000000e+000  0.000000e+000  0.000000e+000  0.000000e+000  
0.000000e+000  0.000000e+000  0.000000e+000  0.000000e+000  0.000000e+000  0.000000e+000  0.000000e+000  0.000000e+000  0.000000e+000  0.000000e+000  0.000000e+000  0.000000e+000  0.000000e+000  0.000000e+000  0.000000e+000  
0.000000e+000  0.000000e+000  0.000000e+000  0.000000e+000  0.000000e+000  0.000000e+000  0.000000e+000  0.000000e+000  0.000000e+000  0.000000e+000  0.000000e+000  0.000000e+000  0.000000e+000  0.000000e+000  0.000000e+000  
0.000000e+000  0.000000e+000  0.000000e+000  0.000000e+000  0.000000e+000  0.000000e+000  0.000000e+000  0.000000e+000  0.000000e+000  0.000000e+000  0.000000e+000  0.000000e+000  0.000000e+000  0.000000e+000  0.000000e+000  
0.000000e+000  0.000000e+000  0.000000e+000  0.000000e+000  0.000000e+000  0.000000e+000  0.000000e+000  0.000000e+000  0.000000e+000  0.000000e+000  0.000000e+000  0.000000e+000  0.000000e+000  0.000000e+000  0.000000e+000  
0.000000e+000  0.000000e+000  0.000000e+000  0.000000e+000  0.000000e+000  0.000000e+000  0.000000e+000  0.000000e+000  0.000000e+000  0.000000e+000  0.000000e+000  0.000000e+000  0.000000e+000  0.000000e+000  0.000000e+000  
0.000000e+000  0.000000e+000  0.000000e+000  0.000000e+000  0.000000e+000  0.000000e+000  0.000000e+000  0.000000e+000  0.000000e+000  0.000000e+000  0.000000e+000  0.000000e+000  0.000000e+000  0.000000e+000  0.000000e+000  
0.000000e+000  0.000000e+000  0.000000e+000  0.000000e+000  0.000000e+000  0.000000e+000  0.000000e+000  0.000000e+000  0.000000e+000  0.000000e+000  0.000000e+000  0.000000e+000  0.000000e+000  0.000000e+000  0.000000e+000  
0.000000e+000  0.000000e+000  0.000000e+000  0.000000e+000  0.000000e+000  0.000000e+000  0.000000e+000  0.000000e+000  0.000000e+000  0.000000e+000  0.000000e+000  0.000000e+000  0.000000e+000  0.000000e+000  0.000000e+000  
0.000000e+000  0.000000e+000  0.000000e+000  0.000000e+000  0.000000e+000  0.000000e+000  0.000000e+000  0.000000e+000  0.000000e+000  0.000000e+000  0.000000e+000  0.000000e+000  0.000000e+000  0.000000e+000  0.000000e+000  
0.000000e+000  0.000000e+000  0.000000e+000  0.000000e+000  0.000000e+000  0.000000e+000  0.000000e+000  0.000000e+000  0.000000e+000  0.000000e+000  0.000000e+000  0.000000e+000  0.000000e+000  0.000000e+000  0.000000e+000  
0.000000e+000  0.000000e+000  0.000000e+000  0.000000e+000  0.000000e+000  0.000000e+000  0.000000e+000  0.000000e+000  0.000000e+000  0.000000e+000  0.000000e+000  0.000000e+000  0.000000e+000  0.000000e+000  0.000000e+000  
0.000000e+000  0.000000e+000  0.000000e+000  0.000000e+000  0.000000e+000  0.000000e+000  0.000000e+000  0.000000e+000  0.000000e+000  0.000000e+000  0.000000e+000  0.000000e+000  0.000000e+000  0.000000e+000  0.000000e+000  
0.000000e+000  0.000000e+000  0.000000e+000  0.000000e+000  0.000000e+000  0.000000e+000  0.000000e+000  0.000000e+000  0.000000e+000  0.000000e+000  0.000000e+000  0.000000e+000  0.000000e+000  0.000000e+000  0.000000e+000  
0.000000e+000  0.000000e+000  0.000000e+000  0.000000e+000  0.000000e+000  0.000000e+000  0.000000e+000  0.000000e+000  0.000000e+000  0.000000e+000  0.000000e+000  0.000000e+000  0.000000e+000  0.000000e+000  0.000000e+000  
0.000000e+000  0.000000e+000  0.000000e+000  0.000000e+000  0.000000e+000  0.000000e+000  0.000000e+000  0.000000e+000  0.000000e+000  0.000000e+000  0.000000e+000  0.000000e+000  0.000000e+000  0.000000e+000  0.000000e+000  

0.000000e+000  0.000000e+000  0.000000e+000  0.000000e+000  0.000000e+000  0.000000e+000  0.000000e+000  0.000000e+000  0.000000e+000  0.000000e+000  0.000000e+000  0.000000e+000  0.000000e+000  0.000000e+000  0.000000e+000  
0.000000e+000  0.000000e+000  0.000000e+000  0.000000e+000  0.000000e+000  0.000000e+000  0.000000e+000  0.000000e+000  0.000000e+000  0.000000e+000  0.000000e+000  0.000000e+000  0.000000e+000  0.000000e+000  0.000000e+000  
0.000000e+000  0.000000e+000  0.000000e+000  0.000000e+000  0.000000e+000  0.000000e+000  0.000000e+000  0.000000e+000  0.000000e+000  0.000000e+000  0.000000e+000  0.000000e+000  0.000000e+000  0.000000e+000  0.000000e+000  
0.000000e+000  0.000000e+000  0.000000e+000  0.000000e+000  0.000000e+000  0.000000e+000  0.000000e+000  0.000000e+000  0.000000e+000  0.000000e+000  0.000000e+000  0.000000e+000  0.000000e+000  0.000000e+000  0.000000e+000  
0.000000e+000  0.000000e+000  0.000000e+000  0.000000e+000  0.000000e+000  0.000000e+000  0.000000e+000  0.000000e+000  0.000000e+000  0.000000e+000  0.000000e+000  0.000000e+000  0.000000e+000  0.000000e+000  0.000000e+000  
0.000000e+000  0.000000e+000  0.000000e+000  0.000000e+000  0.000000e+000  0.000000e+000  0.000000e+000  0.000000e+000  0.000000e+000  0.000000e+000  0.000000e+000  0.000000e+000  0.000000e+000  0.000000e+000  0.000000e+000  
0.000000e+000  0.000000e+000  0.000000e+000  0.000000e+000  0.000000e+000  0.000000e+000  0.000000e+000  0.000000e+000  0.000000e+000  0.000000e+000  0.000000e+000  0.000000e+000  0.000000e+000  0.000000e+000  0.000000e+000  
0.000000e+000  0.000000e+000  0.000000e+000  0.000000e+000  0.000000e+000  0.000000e+000  0.000000e+000  0.000000e+000  0.000000e+000  0.000000e+000  0.000000e+000  0.000000e+000  0.000000e+000  0.000000e+000  0.000000e+000  
0.000000e+000  0.000000e+000  0.000000e+000  0.000000e+000  0.000000e+000  0.000000e+000  0.000000e+000  0.000000e+000  0.000000e+000  0.000000e+000  0.000000e+000  0.000000e+000  0.000000e+000  0.000000e+000  0.000000e+000  
0.000000e+000  0.000000e+000  0.000000e+000  0.000000e+000  0.000000e+000  0.000000e+000  0.000000e+000  0.000000e+000  0.000000e+000  0.000000e+000  0.000000e+000  0.000000e+000  0.000000e+000  0.000000e+000  0.000000e+000  
0.000000e+000  0.000000e+000  0.000000e+000  0.000000e+000  0.000000e+000  0.000000e+000  0.000000e+000  0.000000e+000  0.000000e+000  0.000000e+000  0.000000e+000  0.000000e+000  0.000000e+000  0.000000e+000  0.000000e+000  
0.000000e+000  0.000000e+000  0.000000e+000  0.000000e+000  0.000000e+000  0.000000e+000  0.000000e+000  0.000000e+000  0.000000e+000  0.000000e+000  0.000000e+000  0.000000e+000  0.000000e+000  0.000000e+000  0.000000e+000  
0.000000e+000  0.000000e+000  0.000000e+000  0.000000e+000  0.000000e+000  0.000000e+000  0.000000e+000  0.000000e+000  0.000000e+000  0.000000e+000  0.000000e+000  0.000000e+000  0.000000e+000  0.000000e+000  0.000000e+000  
0.000000e+000  0.000000e+000  0.000000e+000  0.000000e+000  0.000000e+000  0.000000e+000  0.000000e+000  0.000000e+000  0.000000e+000  0.000000e+000  0.000000e+000  0.000000e+000  0.000000e+000  0.000000e+000  0.000000e+000  
0.000000e+000  0.000000e+000  0.000000e+000  0.000000e+000  0.000000e+000  0.000000e+000  0.000000e+000  0.000000e+000  0.000000e+000  0.000000e+000  0.000000e+000  0.000000e+000  0.000000e+000  0.000000e+000  0.000000e+000  
0.000000e+000  0.000000e+000  0.000000e+000  0.000000e+000  0.000000e+000  0.000000e+000  0.000000e+000  0.000000e+000  0.000000e+000  0.000000e+000  0.000000e+000  0.000000e+000  0.000000e+000  0.000000e+000  0.000000e+000  
0.000000e+000  0.000000e+000  0.000000e+000  0.000000e+000  0.000000e+000  0.000000e+000  0.000000e+000  0.000000e+000  0.000000e+000  0.000000e+000  0.000000e+000  0.000000e+000  0.000000e+000  0.000000e+000  0.000000e+000  
0.000000e+000  0.000000e+000  0.000000e+000  0.000000e+000  0.000000e+000  0.000000e+000  0.000000e+000  0.000000e+000  0.000000e+000  0.000000e+000  0.000000e+000  0.000000e+000  0.000000e+000  0.000000e+000  0.000000e+000  
0.000000e+000  0.000000e+000  0.000000e+000  0.000000e+000  0.000000e+000  0.000000e+000  0.000000e+000  0.000000e+000  0.000000e+000  0.000000e+000  0.000000e+000  0.000000e+000  0.000000e+000  0.000000e+000  0.000000e+000  
0.000000e+000  0.000000e+000  0.000000e+000  0.000000e+000  0.000000e+000  0.000000e+000  0.000000e+000  0.000000e+000  0.000000e+000  0.000000e+000  0.000000e+000  0.000000e+000  0.000000e+000  0.000000e+000  0.000000e+000  
0.000000e+000  0.000000e+000  0.000000e+000  0.000000e+000  0.000000e+000  0.000000e+000  0.000000e+000  0.000000e+000  0.000000e+000  0.000000e+000  0.000000e+000  0.000000e+000  0.000000e+000  0.000000e+000  0.000000e+000  
0.000000e+000  0.000000e+000  0.000000e+000  0.000000e+000  0.000000e+000  0.000000e+000  0.000000e+000  0.000000e+000  0.000000e+000  0.000000e+000  0.000000e+000  0.000000e+000  0.000000e+000  0.000000e+000  0.000000e+000  
0.000000e+000  0.000000e+000  0.000000e+000  0.000000e+000  0.000000e+000  0.000000e+000  0.000000e+000  0.000000e+000  0.000000e+000  0.000000e+000  0.000000e+000  0.000000e+000  0.000000e+000  0.000000e+000  0.000000e+000  
0.000000e+000  0.000000e+000  0.000000e+000  0.000000e+000  0.000000e+000  0.000000e+000  0.000000e+000  0.000000e+000  0.000000e+000  0.000000e+000  0.000000e+000  0.000000e+000  0.000000e+000  0.000000e+000  0.000000e+000  
0.000000e+000  0.000000e+000  0.000000e+000  0.000000e+000  0.000000e+000  0.000000e+000  0.000000e+000  0.000000e+000  0.000000e+000  0.000000e+000  0.000000e+000  0.000000e+000  0.000000e+000  0.000000e+000  0.000000e+000  
0.000000e+000  0.000000e+000  0.000000e+000  0.000000e+000  0.000000e+000  0.000000e+000  0.000000e+000  0.000000e+000  0.000000e+000  0.000000e+000  0.000000e+000  0.000000e+000  0.000000e+000  0.000000e+000  0.000000e+000  
0.000000e+000  0.000000e+000  0.000000e+000  0.000000e+000  0.000000e+000  0.000000e+000  0.000000e+000  0.000000e+000  0.000000e+000  0.000000e+000  0.000000e+000  0.000000e+000  0.000000e+000  0.000000e+000  0.000000e+000  
0.000000e+000  0.000000e+000  0.000000e+000  0.000000e+000  0.000000e+000  0.000000e+000  0.000000e+000  0.000000e+000  0.000000e+000  0.000000e+000  0.000000e+000  0.000000e+000  0.000000e+000  0.000000e+000  0.000000e+000  
0.000000e+000  0.000000e+000  0.000000e+000  0.000000e+000  0.000000e+000  0.000000e+000  0.000000e+000  0.000000e+000  0.000000e+000  0.000000e+000  0.000000e+000  0.000000e+000  0.000000e+000  0.000000e+000  0.000000e+000  
0.000000e+000  0.000000e+000  0.000000e+000  0.000000e+000  0.000000e+000  0.000000e+000  0.000000e+000  0.000000e+000  0.000000e+000  0.000000e+000  0.000000e+000  0.000000e+000  0.000000e+000  0.000000e+000  0.000000e+000  
0.000000e+000  0.000000e+000  0.000000e+000  0.000000e+000  0.000000e+000  0.000000e+000  0.000000e+000  0.000000e+000  0.000000e+000  0.000000e+000  0.000000e+000  0.000000e+000  0.000000e+000  0.000000e+000  0.000000e+000  
0.000000e+000  0.000000e+000  0.000000e+000  0.000000e+000  0.000000e+000  0.000000e+000  0.000000e+000  0.000000e+000  0.000000e+000  0.000000e+000  0.000000e+000  0.000000e+000  0.000000e+000  0.000000e+000  0.000000e+000  
0.000000e+000  0.000000e+000  0.000000e+000  0.000000e+000  0.000000e+000  0.000000e+000  0.000000e+000  0.000000e+000  0.000000e+000  0.000000e+000  0.000000e+000  0.000000e+000  0.000000e+000  0.000000e+000  0.000000e+000  
0.000000e+000  0.000000e+000  0.000000e+000  0.000000e+000  0.000000e+000  0.000000e+000  0.000000e+000  0.000000e+000  0.000000e+000  0.000000e+000  0.000000e+000  0.000000e+000  0.000000e+000  0.000000e+000  0.000000e+000  
0.000000e+000  0.000000e+000  0.000000e+000  0.000000e+000  0.000000e+000  0.000000e+000  0.000000e+000  0.000000e+000  0.000000e+000  0.000000e+000  0.000000e+000  0.000000e+000  0.000000e+000  0.000000e+000  0.000000e+000  
0.000000e+000  0.000000e+000  0.000000e+000  0.000000e+000  0.000000e+000  0.000000e+000  0.000000e+000  0.000000e+000  0.000000e+000  0.000000e+000  0.000000e+000  0.000000e+000  0.000000e+000  0.000000e+000  0.000000e+000  
0.000000e+000  0.000000e+000  0.000000e+000  0.000000e+000  0.000000e+000  0.000000e+000  0.000000e+000  0.000000e+000  0.000000e+000  0.000000e+000  0.000000e+000  0.000000e+000  0.000000e+000  0.000000e+000  0.000000e+000  
0.000000e+000  0.000000e+000  0.000000e+000  0.000000e+000  0.000000e+000  0.000000e+000  0.000000e+000  0.000000e+000  0.000000e+000  0.000000e+000  0.000000e+000  0.000000e+000  0.000000e+000  0.000000e+000  0.000000e+000  
0.000000e+000  0.000000e+000  0.000000e+000  0.000000e+000  0.000000e+000  0.000000e+000  0.000000e+000  0.000000e+000  0.000000e+000  0.000000e+000  0.000000e+000  0.000000e+000  0.000000e+000  0.000000e+000  0.000000e+000  
0.000000e+000  0.000000e+000  0.000000e+000  0.000000e+000  0.000000e+000  0.000000e+000  0.000000e+000  0.000000e+000  0.000000e+000  0.000000e+000  0.000000e+000  0.000000e+000  0.000000e+000  0.000000e+000  0.000000e+000  
0.000000e+000  0.000000e+000  0.000000e+000  0.000000e+000  0.000000e+000  0.000000e+000  0.000000e+000  0.000000e+000  0.000000e+000  0.000000e+000  0.000000e+000  0.000000e+000  0.000000e+000  0.000000e+000  0.000000e+000  

0.000000e+000  0.000000e+000  0.000000e+000  0.000000e+000  0.000000e+000  0.000000e+000  0.000000e+000  0.000000e+000  0.000000e+000  0.000000e+000  0.000000e+000  0.000000e+000  0.000000e+000  0.000000e+000  0.000000e+000  
0.000000e+000  0.000000e+000  0.000000e+000  0.000000e+000  0.000000e+000  0.000000e+000  0.000000e+000  0.000000e+000  0.000000e+000  0.000000e+000  0.000000e+000  0.000000e+000  0.000000e+000  0.000000e+000  0.000000e+000  
0.000000e+000  0.000000e+000  0.000000e+000  0.000000e+000  0.000000e+000  0.000000e+000  0.000000e+000  0.000000e+000  0.000000e+000  0.000000e+000  0.000000e+000  0.000000e+000  0.000000e+000  0.000000e+000  0.000000e+000  
0.000000e+000  0.000000e+000  0.000000e+000  0.000000e+000  0.000000e+000  0.000000e+000  0.000000e+000  0.000000e+000  0.000000e+000  0.000000e+000  0.000000e+000  0.000000e+000  0.000000e+000  0.000000e+000  0.000000e+000  
0.000000e+000  0.000000e+000  0.000000e+000  0.000000e+000  0.000000e+000  0.000000e+000  0.000000e+000  0.000000e+000  0.000000e+000  0.000000e+000  0.000000e+000  0.000000e+000  0.000000e+000  0.000000e+000  0.000000e+000  
0.000000e+000  0.000000e+000  0.000000e+000  0.000000e+000  0.000000e+000  0.000000e+000  0.000000e+000  0.000000e+000  0.000000e+000  0.000000e+000  0.000000e+000  0.000000e+000  0.000000e+000  0.000000e+000  0.000000e+000  
0.000000e+000  0.000000e+000  0.000000e+000  0.000000e+000  0.000000e+000  0.000000e+000  0.000000e+000  0.000000e+000  0.000000e+000  0.000000e+000  0.000000e+000  0.000000e+000  0.000000e+000  0.000000e+000  0.000000e+000  
0.000000e+000  0.000000e+000  0.000000e+000  0.000000e+000  0.000000e+000  0.000000e+000  0.000000e+000  0.000000e+000  0.000000e+000  0.000000e+000  0.000000e+000  0.000000e+000  0.000000e+000  0.000000e+000  0.000000e+000  
0.000000e+000  0.000000e+000  0.000000e+000  0.000000e+000  0.000000e+000  0.000000e+000  0.000000e+000  0.000000e+000  0.000000e+000  0.000000e+000  0.000000e+000  0.000000e+000  0.000000e+000  0.000000e+000  0.000000e+000  
0.000000e+000  0.000000e+000  0.000000e+000  0.000000e+000  0.000000e+000  0.000000e+000  0.000000e+000  0.000000e+000  0.000000e+000  0.000000e+000  0.000000e+000  0.000000e+000  0.000000e+000  0.000000e+000  0.000000e+000  
0.000000e+000  0.000000e+000  0.000000e+000  0.000000e+000  0.000000e+000  0.000000e+000  0.000000e+000  0.000000e+000  0.000000e+000  0.000000e+000  0.000000e+000  0.000000e+000  0.000000e+000  0.000000e+000  0.000000e+000  
0.000000e+000  0.000000e+000  0.000000e+000  0.000000e+000  0.000000e+000  0.000000e+000  0.000000e+000  0.000000e+000  0.000000e+000  0.000000e+000  0.000000e+000  0.000000e+000  0.000000e+000  0.000000e+000  0.000000e+000  
0.000000e+000  0.000000e+000  0.000000e+000  0.000000e+000  0.000000e+000  0.000000e+000  0.000000e+000  0.000000e+000  0.000000e+000  0.000000e+000  0.000000e+000  0.000000e+000  0.000000e+000  0.000000e+000  0.000000e+000  
0.000000e+000  0.000000e+000  0.000000e+000  0.000000e+000  0.000000e+000  0.000000e+000  0.000000e+000  0.000000e+000  0.000000e+000  0.000000e+000  0.000000e+000  0.000000e+000  0.000000e+000  0.000000e+000  0.000000e+000  
0.000000e+000  0.000000e+000  0.000000e+000  0.000000e+000  0.000000e+000  0.000000e+000  0.000000e+000  0.000000e+000  0.000000e+000  0.000000e+000  0.000000e+000  0.000000e+000  0.000000e+000  0.000000e+000  0.000000e+000  
0.000000e+000  0.000000e+000  0.000000e+000  0.000000e+000  0.000000e+000  0.000000e+000  0.000000e+000  0.000000e+000  0.000000e+000  0.000000e+000  0.000000e+000  0.000000e+000  0.000000e+000  0.000000e+000  0.000000e+000  
0.000000e+000  0.000000e+000  0.000000e+000  0.000000e+000  0.000000e+000  0.000000e+000  0.000000e+000  0.000000e+000  0.000000e+000  0.000000e+000  0.000000e+000  0.000000e+000  0.000000e+000  0.000000e+000  0.000000e+000  
0.000000e+000  0.000000e+000  0.000000e+000  0.000000e+000  0.000000e+000  0.000000e+000  0.000000e+000  0.000000e+000  0.000000e+000  0.000000e+000  0.000000e+000  0.000000e+000  0.000000e+000  0.000000e+000  0.000000e+000  
0.000000e+000  0.000000e+000  0.000000e+000  0.000000e+000  0.000000e+000  0.000000e+000  0.000000e+000  0.000000e+000  0.000000e+000  0.000000e+000  0.000000e+000  0.000000e+000  0.000000e+000  0.000000e+000  0.000000e+000  
0.000000e+000  0.000000e+000  0.000000e+000  0.000000e+000  0.000000e+000  0.000000e+000  0.000000e+000  0.000000e+000  0.000000e+000  0.000000e+000  0.000000e+000  0.000000e+000  0.000000e+000  0.000000e+000  0.000000e+000  
0.000000e+000  0.000000e+000  0.000000e+000  0.000000e+000  0.000000e+000  0.000000e+000  0.000000e+000  0.000000e+000  0.000000e+000  0.000000e+000  0.000000e+000  0.000000e+000  0.000000e+000  0.000000e+000  0.000000e+000  
0.000000e+000  0.000000e+000  0.000000e+000  0.000000e+000  0.000000e+000  0.000000e+000  0.000000e+000  0.000000e+000  0.000000e+000  0.000000e+000  0.000000e+000  0.000000e+000  0.000000e+000  0.000000e+000  0.000000e+000  
0.000000e+000  0.000000e+000  0.000000e+000  0.000000e+000  0.000000e+000  0.000000e+000  0.000000e+000  0.000000e+000  0.000000e+000  0.000000e+000  0.000000e+000  0.000000e+000  0.000000e+000  0.000000e+000  0.000000e+000  
0.000000e+000  0.000000e+000  0.000000e+000  0.000000e+000  0.000000e+000  0.000000e+000  0.000000e+000  0.000000e+000  0.000000e+000  0.000000e+000  0.000000e+000  0.000000e+000  0.000000e+000  0.000000e+000  0.000000e+000  
0.000000e+000  0.000000e+000  0.000000e+000  0.000000e+000  0.000000e+000  0.000000e+000  0.000000e+000  0.000000e+000  0.000000e+000  0.000000e+000  0.000000e+000  0.000000e+000  0.000000e+000  0.000000e+000  0.000000e+000  
0.000000e+000  0.000000e+000  0.000000e+000  0.000000e+000  0.000000e+000  0.000000e+000  0.000000e+000  0.000000e+000  0.000000e+000  0.000000e+000  0.000000e+000  0.000000e+000  0.000000e+000  0.000000e+000  0.000000e+000  
0.000000e+000  0.000000e+000  0.000000e+000  0.000000e+000  0.000000e+000  0.000000e+000  0.000000e+000  0.000000e+000  0.000000e+000  0.000000e+000  0.000000e+000  0.000000e+000  0.000000e+000  0.000000e+000  0.000000e+000  
0.000000e+000  0.000000e+000  0.000000e+000  0.000000e+000  0.000000e+000  0.000000e+000  0.000000e+000  0.000000e+000  0.000000e+000  0.000000e+000  0.000000e+000  0.000000e+000  0.000000e+000  0.000000e+000  0.000000e+000  
0.000000e+000  0.000000e+000  0.000000e+000  0.000000e+000  0.000000e+000  0.000000e+000  0.000000e+000  0.000000e+000  0.000000e+000  0.000000e+000  0.000000e+000  0.000000e+000  0.000000e+000  0.000000e+000  0.000000e+000  
0.000000e+000  0.000000e+000  0.000000e+000  0.000000e+000  0.000000e+000  0.000000e+000  0.000000e+000  0.000000e+000  0.000000e+000  0.000000e+000  0.000000e+000  0.000000e+000  0.000000e+000  0.000000e+000  0.000000e+000  
0.000000e+000  0.000000e+000  0.000000e+000  0.000000e+000  0.000000e+000  0.000000e+000  0.000000e+000  0.000000e+000  0.000000e+000  0.000000e+000  0.000000e+000  0.000000e+000  0.000000e+000  0.000000e+000  0.000000e+000  
0.000000e+000  0.000000e+000  0.000000e+000  0.000000e+000  0.000000e+000  0.000000e+000  0.000000e+000  0.000000e+000  0.000000e+000  0.000000e+000  0.000000e+000  0.000000e+000  0.000000e+000  0.000000e+000  0.000000e+000  
0.000000e+000  0.000000e+000  0.000000e+000  0.000000e+000  0.000000e+000  0.000000e+000  0.000000e+000  0.000000e+000  0.000000e+000  0.000000e+000  0.000000e+000  0.000000e+000  0.000000e+000  0.000000e+000  0.000000e+000  
0.000000e+000  0.000000e+000  0.000000e+000  0.000000e+000  0.000000e+000  0.000000e+000  0.000000e+000  0.000000e+000  0.000000e+000  0.000000e+000  0.000000e+000  0.000000e+000  0.000000e+000  0.000000e+000  0.000000e+000  
0.000000e+000  0.000000e+000  0.000000e+000  0.000000e+000  0.000000e+000  0.000000e+000  0.000000e+000  0.000000e+000  0.000000e+000  0.000000e+000  0.000000e+000  0.000000e+000  0.000000e+000  0.000000e+000  0.000000e+000  
0.000000e+000  0.000000e+000  0.000000e+000  0.000000e+000  0.000000e+000  0.000000e+000  0.000000e+000  0.000000e+000  0.000000e+000  0.000000e+000  0.000000e+000  0.000000e+000  0.000000e+000  0.000000e+000  0.000000e+000  
0.000000e+000  0.000000e+000  0.000000e+000  0.000000e+000  0.000000e+000  0.000000e+000  0.000000e+000  0.000000e+000  0.000000e+000  0.000000e+000  0.000000e+000  0.000000e+000  0.000000e+000  0.000000e+000  0.000000e+000  
0.000000e+000  0.000000e+000  0.000000e+000  0.000000e+000  0.000000e+000  0.000000e+000  0.000000e+000  0.000000e+000  0.000000e+000  0.000000e+000  0.000000e+000  0.000000e+000  0.000000e+000  0.000000e+000  0.000000e+000  
0.000000e+000  0.000000e+000  0.000000e+000  0.000000e+000  0.000000e+000  0.000000e+000  0.000000e+000  0.000000e+000  0.000000e+000  0.000000e+000  0.000000e+000  0.000000e+000  0.000000e+000  0.000000e+000  0.000000e+000  
0.000000e+000  0.000000e+000  0.000000e+000  0.000000e+000  0.000000e+000  0.000000e+000  0.000000e+000  0.000000e+000  0.000000e+000  0.000000e+000  0.000000e+000  0.000000e+000  0.000000e+000  0.000000e+000  0.000000e+000  
0.000000e+000  0.000000e+000  0.000000e+000  0.000000e+000  0.000000e+000  0.000000e+000  0.000000e+000  0.000000e+000  0.000000e+000  0.000000e+000  0.000000e+000  0.000000e+000  0.000000e+000  0.000000e+000  0.000000e+000  

0.000000e+000  0.000000e+000  0.000000e+000  0.000000e+000  0.000000e+000  0.000000e+000  0.000000e+000  0.000000e+000  0.000000e+000  0.000000e+000  0.000000e+000  0.000000e+000  0.000000e+000  0.000000e+000  0.000000e+000  
0.000000e+000  -3.121419e-001  -6.360977e-001  -9.827371e-001  -1.360403e+000  -1.772089e+000  -2.210747e+000  -2.652921e+000  -2.989934e+000  -3.164998e+000  -3.300823e+000  -3.385244e+000  -2.295278e+000  -1.159293e+000  0.000000e+000  
0.000000e+000  -6.227900e-001  -1.269463e+000  -1.962162e+000  -2.718252e+000  -3.544773e+000  -4.429057e+000  -5.325562e+000  -6.013964e+000  -6.374370e+000  -6.656594e+000  -6.835298e+000  -4.634754e+000  -2.340971e+000  0.000000e+000  
0.000000e+000  -9.303831e-001  -1.897213e+000  -2.934651e+000  -4.070432e+000  -5.317779e+000  -6.661343e+000  -8.036478e+000  -9.105501e+000  -9.672430e+000  -1.012304e+001  -1.041680e+001  -7.063790e+000  -3.567998e+000  0.000000e+000  
0.000000e+000  -1.233246e+000  -2.516148e+000  -3.895969e+000  -5.412737e+000  -7.089101e+000  -8.911663e+000  -1.080175e+001  -1.229638e+001  -1.310314e+001  -1.375733e+001  -1.420001e+001  -9.630045e+000  -4.864411e+000  0.000000e+000  
0.000000e+000  -1.529524e+000  -3.122650e+000  -4.841008e+000  -6.739370e+000  -8.854122e+000  -1.118038e+001  -1.363336e+001  -1.561553e+001  -1.670944e+001  -1.761835e+001  -1.826047e+001  -1.238441e+001  -6.255798e+000  0.000000e+000  
0.000000e+000  -1.794241e+000  -3.665501e+000  -5.689808e+000  -7.937963e+000  -1.046367e+001  -1.327758e+001  -1.629955e+001  -1.880049e+001  -2.021453e+001  -2.142020e+001  -2.230951e+001  -1.513019e+001  -7.642484e+000  0.000000e+000  
0.000000e+000  -2.049953e+000  -4.190786e+000  -6.513967e+000  -9.108821e+000  -1.205151e+001  -1.537738e+001  -1.902453e+001  -2.212665e+001  -2.392959e+001  -2.551123e+001  -2.673137e+001  -1.812653e+001  -9.154844e+000  0.000000e+000  
0.000000e+000  -2.328931e+000  -4.764797e+000  -7.417711e+000  -1.040110e+001  -1.382358e+001  -1.776205e+001  -2.219761e+001  -2.610555e+001  -2.845805e+001  -3.059538e+001  -3.233213e+001  -2.191561e+001  -1.106518e+001  0.000000e+000  
0.000000e+000  -2.590907e+000  -5.304464e+000  -8.269839e+000  -1.162707e+001  -1.552440e+001  -2.009662e+001  -2.539909e+001  -3.025871e+001  -3.330132e+001  -3.617228e+001  -3.863176e+001  -2.616402e+001  -1.320243e+001  0.000000e+000  
0.000000e+000  -2.833049e+000  -5.803348e+000  -9.058568e+000  -1.276662e+001  -1.712137e+001  -2.233260e+001  -2.856868e+001  -3.453710e+001  -3.843995e+001  -4.227513e+001  -4.574174e+001  -3.093300e+001  -1.559277e+001  0.000000e+000  
0.000000e+000  -3.052725e+000  -6.255261e+000  -9.771959e+000  -1.379787e+001  -1.857580e+001  -2.440571e+001  -3.161299e+001  -3.884187e+001  -4.380061e+001  -4.889024e+001  -5.375076e+001  -3.625734e+001  -1.824542e+001  0.000000e+000  
0.000000e+000  -3.247712e+000  -6.654783e+000  -1.039891e+001  -1.469880e+001  -1.984493e+001  -2.623653e+001  -3.439903e+001  -4.300355e+001  -4.922467e+001  -5.591812e+001  -6.268773e+001  -4.211270e+001  -2.113378e+001  0.000000e+000  
0.000000e+000  -3.416436e+000  -6.997864e+000  -1.093039e+001  -1.544964e+001  -2.088569e+001  -2.773439e+001  -3.675091e+001  -4.675778e+001  -5.442355e+001  -6.310982e+001  -7.245313e+001  -4.835712e+001  -2.416249e+001  0.000000e+000  
0.000000e+000  -3.558190e+000  -7.282425e+000  -1.136089e+001  -1.603590e+001  -2.166067e+001  -2.880638e+001  -3.845475e+001  -4.972234e+001  -5.891926e+001  -6.996590e+001  -8.269598e+001  -5.462914e+001  -2.711151e+001  0.000000e+000  
0.000000e+000  -3.660376e+000  -7.483743e+000  -1.165421e+001  -1.640913e+001  -2.210121e+001  -2.933008e+001  -3.922451e+001  -5.125149e+001  -6.167159e+001  -7.494565e+001  -9.137683e+001  -5.952058e+001  -2.927009e+001  0.000000e+000  
0.000000e+000  -3.743073e+000  -7.642577e+000  -1.187296e+001  -1.665550e+001  -2.231840e+001  -2.943763e+001  -3.918589e+001  -5.138986e+001  -6.262924e+001  -7.796153e+001  -9.870062e+001  -6.292002e+001  -3.052729e+001  0.000000e+000  
0.000000e+000  -3.807809e+000  -7.762533e+000  -1.202402e+001  -1.678669e+001  -2.232833e+001  -2.913635e+001  -3.826425e+001  -4.975723e+001  -6.093064e+001  -7.745330e+001  -1.026675e+002  -6.325655e+001  -3.010354e+001  0.000000e+000  
0.000000e+000  -3.856603e+000  -7.848606e+000  -1.211761e+001  -1.682250e+001  -2.216735e+001  -2.848441e+001  -3.650447e+001  -4.614479e+001  -5.569368e+001  -7.112699e+001  -9.947117e+001  -5.800715e+001  -2.695879e+001  0.000000e+000  
0.000000e+000  -3.891816e+000  -7.906762e+000  -1.216654e+001  -1.678963e+001  -2.189122e+001  -2.759772e+001  -3.413144e+001  -4.079087e+001  -4.652814e+001  -5.601799e+001  -8.080678e+001  -4.352470e+001  -2.018315e+001  0.000000e+000  
0.000000e+000  -3.915909e+000  -7.943342e+000  -1.218484e+001  -1.671886e+001  -2.156929e+001  -2.664094e+001  -3.157020e+001  -3.472391e+001  -3.489247e+001  -3.041154e+001  0.000000e+000  -1.673083e+001  -1.060420e+001  0.000000e+000  
0.000000e+000  -3.933171e+000  -7.966679e+000  -1.218430e+001  -1.662454e+001  -2.121806e+001  -2.564107e+001  -2.894855e+001  -2.887004e+001  -2.535967e+001  -1.672611e+001  0.000000e+000  -5.381293e+000  -4.285139e+000  0.000000e+000  
0.000000e+000  -3.940889e+000  -7.975942e+000  -1.217849e+001  -1.656445e+001  -2.101136e+001  -2.506634e+001  -2.748020e+001  -2.582661e+001  -2.109179e+001  -1.229600e+001  0.000000e+000  -2.219265e+000  -1.993780e+000  0.000000e+000  
0.000000e+000  -3.940794e+000  -7.975752e+000  -1.217817e+001  -1.656375e+001  -2.100923e+001  -2.505889e+001  -2.745510e+001  -2.576433e+001  -2.100178e+001  -1.220886e+001  0.000000e+000  -2.147043e+000  -1.936526e+000  0.000000e+000  
0.000000e+000  -3.932889e+000  -7.966120e+000  -1.218340e+001  -1.662273e+001  -2.121273e+001  -2.562208e+001  -2.888115e+001  -2.868638e+001  -2.505846e+001  -1.637418e+001  0.000000e+000  -5.054419e+000  -4.059973e+000  0.000000e+000  
0.000000e+000  -3.915435e+000  -7.942432e+000  -1.218350e+001  -1.671665e+001  -2.156354e+001  -2.661990e+001  -3.148736e+001  -3.445270e+001  -3.431153e+001  -2.936653e+001  0.000000e+000  -1.560753e+001  -1.005531e+001  0.000000e+000  
0.000000e+000  -3.885161e+000  -7.896155e+000  -1.215909e+001  -1.680126e+001  -2.195693e+001  -2.779555e+001  -3.464427e+001  -4.194467e+001  -4.859474e+001  -5.979541e+001  -8.654156e+001  -4.723778e+001  -2.176925e+001  0.000000e+000  
0.000000e+000  -3.838004e+000  -7.816627e+000  -1.208588e+001  -1.682135e+001  -2.226274e+001  -2.882000e+001  -3.739503e+001  -4.801170e+001  -5.850512e+001  -7.479497e+001  -1.021660e+002  -6.117086e+001  -2.873334e+001  0.000000e+000  
0.000000e+000  -3.769655e+000  -7.692764e+000  -1.193945e+001  -1.672375e+001  -2.236248e+001  -2.941899e+001  -3.907751e+001  -5.130674e+001  -6.282979e+001  -7.894494e+001  -1.014605e+002  -6.409487e+001  -3.092770e+001  0.000000e+000  
0.000000e+000  -3.592399e+000  -7.351227e+000  -1.146542e+001  -1.617942e+001  -2.185286e+001  -2.907597e+001  -3.888446e+001  -5.046361e+001  -6.004899e+001  -7.172929e+001  -8.544820e+001  -5.625363e+001  -2.785734e+001  0.000000e+000  
0.000000e+000  -3.292248e+000  -6.746193e+000  -1.054275e+001  -1.490614e+001  -2.013750e+001  -2.665798e+001  -3.503936e+001  -4.397136e+001  -5.051819e+001  -5.766062e+001  -6.501983e+001  -4.359832e+001  -2.185280e+001  0.000000e+000  
0.000000e+000  -2.883131e+000  -5.906379e+000  -9.221088e+000  -1.300082e+001  -1.744929e+001  -2.279453e+001  -2.923897e+001  -3.548409e+001  -3.962995e+001  -4.376735e+001  -4.758890e+001  -3.214755e+001  -1.619343e+001  0.000000e+000  
0.000000e+000  -2.434501e+000  -4.981932e+000  -7.759627e+000  -1.089114e+001  -1.450056e+001  -1.868896e+001  -2.347264e+001  -2.777814e+001  -3.043260e+001  -3.290460e+001  -3.498812e+001  -2.369774e+001  -1.195870e+001  0.000000e+000  
0.000000e+000  -2.147667e+000  -4.391585e+000  -6.829464e+000  -9.558853e+000  -1.266748e+001  -1.620691e+001  -2.013555e+001  -2.353793e+001  -2.555548e+001  -2.736358e+001  -2.880577e+001  -1.952499e+001  -9.858253e+000  0.000000e+000  
0.000000e+000  -1.844111e+000  -3.767834e+000  -5.850161e+000  -8.165751e+000  -1.077368e+001  -1.369202e+001  -1.684977e+001  -1.949344e+001  -2.100813e+001  -2.231877e+001  -2.330954e+001  -1.580502e+001  -7.982138e+000  0.000000e+000  
0.000000e+000  -1.527037e+000  -3.117582e+000  -4.833314e+000  -6.729455e+000  -8.843722e+000  -1.117416e+001  -1.364114e+001  -1.564777e+001  -1.676407e+001  -1.770032e+001  -1.837293e+001  -1.245913e+001  -6.292994e+000  0.000000e+000  
0.000000e+000  -1.231266e+000  -2.512165e+000  -3.890073e+000  -5.405489e+000  -7.082258e+000  -8.909335e+000  -1.081180e+001  -1.232606e+001  -1.314979e+001  -1.382392e+001  -1.428805e+001  -9.689025e+000  -4.893942e+000  0.000000e+000  
0.000000e+000  -9.289130e-001  -1.894281e+000  -2.930405e+000  -4.065430e+000  -5.313535e+000  -6.661126e+000  -8.046108e+000  -9.129744e+000  -9.708793e+000  -1.017325e+001  -1.048148e+001  -7.107356e+000  -3.589884e+000  0.000000e+000  
0.000000e+000  -6.218174e-001  -1.267543e+000  -1.959424e+000  -2.715140e+000  -3.542378e+000  -4.429629e+000  -5.332923e+000  -6.030976e+000  -6.399158e+000  -6.690094e+000  -6.877710e+000  -4.663415e+000  -2.355404e+000  0.000000e+000  
0.000000e+000  -3.116590e-001  -6.351477e-001  -9.813989e-001  -1.358918e+000  -1.771024e+000  -2.211248e+000  -2.656874e+000  -2.998676e+000  -3.177536e+000  -3.317560e+000  -3.406233e+000  -2.309483e+000  -1.166453e+000  0.000000e+000  
0.000000e+000  0.000000e+000  0.000000e+000  0.000000e+000  0.000000e+000  0.000000e+000  0.000000e+000  0.000000e+000  0.000000e+000  0.000000e+000  0.000000e+000  0.000000e+000  0.000000e+000  0.000000e+000  0.000000e+000  

