Port monitor named: Port1_h1.prt

nx        = 63
ny        = 63
nz        = 34

nu        = 15
nv        = 41
iu        = 10
iv        = 12

idir      = 1
dcut      = -1.250000e-002
icut      = 10
type      = 1
frequency = 3.500000e+009

fcutoff   = 0.000000e+000
alpha     = 0.000000e+000
beta      = 1.347410e+002
accuracy  = 4.603673e-010

type          = QTEM
wave imp.     = 2.080175e+002
wave imp.sig. = 1.260711e-001
line imp.     = 4.928171e+001

ref. port     = 0

0.000000e+000  7.614444e-002  1.495974e-001  2.170776e-001  2.742294e-001  3.154058e-001  3.339509e-001  3.232658e-001  2.883702e-001  2.544059e-001  2.116829e-001  1.612941e-001  1.108597e-001  5.645406e-002  0.000000e+000  
0.000000e+000  7.704173e-002  1.515152e-001  2.202365e-001  2.788833e-001  3.217222e-001  3.418314e-001  3.321382e-001  2.971719e-001  2.626024e-001  2.188162e-001  1.669215e-001  1.148138e-001  5.849437e-002  0.000000e+000  
0.000000e+000  7.881152e-002  1.553085e-001  2.265089e-001  2.881704e-001  3.344008e-001  3.577515e-001  3.501818e-001  3.151653e-001  2.794062e-001  2.334743e-001  1.785074e-001  1.229648e-001  6.270452e-002  0.000000e+000  
0.000000e+000  8.140374e-002  1.608876e-001  2.357975e-001  3.020402e-001  3.535234e-001  3.820245e-001  3.780039e-001  3.431555e-001  3.056694e-001  2.564787e-001  1.967509e-001  1.358271e-001  6.935561e-002  0.000000e+000  
0.000000e+000  8.473778e-002  1.681105e-001  2.479396e-001  3.203937e-001  3.791861e-001  4.151049e-001  4.165344e-001  3.824126e-001  3.427570e-001  2.891579e-001  2.227897e-001  1.542425e-001  7.889787e-002  0.000000e+000  
0.000000e+000  8.854139e-002  1.764209e-001  2.620925e-001  3.421352e-001  4.101555e-001  4.558463e-001  4.650058e-001  4.326382e-001  3.906401e-001  3.316855e-001  2.568947e-001  1.784623e-001  9.147818e-002  0.000000e+000  
0.000000e+000  9.259366e-002  1.853669e-001  2.775627e-001  3.663525e-001  4.454007e-001  5.033131e-001  5.228864e-001  4.938085e-001  4.495866e-001  3.845314e-001  2.995945e-001  2.089362e-001  1.073553e-001  0.000000e+000  
0.000000e+000  9.721580e-002  1.957048e-001  2.957853e-001  3.955494e-001  4.890183e-001  5.637496e-001  5.988153e-001  5.760184e-001  5.298581e-001  4.573336e-001  3.589728e-001  2.515667e-001  1.296484e-001  0.000000e+000  
0.000000e+000  1.022331e-001  2.071504e-001  3.165356e-001  4.299152e-001  5.422647e-001  6.404755e-001  6.992573e-001  6.884911e-001  6.417219e-001  5.604457e-001  4.441757e-001  3.132558e-001  1.620710e-001  0.000000e+000  
0.000000e+000  1.070066e-001  2.183438e-001  3.376082e-001  4.663319e-001  6.013049e-001  7.297228e-001  8.221085e-001  8.319257e-001  7.877146e-001  6.977918e-001  5.595414e-001  3.976512e-001  2.067044e-001  0.000000e+000  
0.000000e+000  1.111447e-001  2.284676e-001  3.577261e-001  5.031325e-001  6.644908e-001  8.310153e-001  9.703294e-001  1.014165e+000  9.786580e-001  8.820979e-001  7.175396e-001  5.146989e-001  2.690609e-001  0.000000e+000  
0.000000e+000  1.142030e-001  2.365628e-001  3.753022e-001  5.380468e-001  7.291580e-001  9.425715e-001  1.146242e+000  1.244798e+000  1.229333e+000  1.132062e+000  9.373313e-001  6.799646e-001  3.578289e-001  0.000000e+000  
0.000000e+000  1.156999e-001  2.415529e-001  3.884469e-001  5.681190e-001  7.912950e-001  1.060493e+000  1.350294e+000  1.534755e+000  1.559698e+000  1.475581e+000  1.249118e+000  9.183784e-001  4.869375e-001  0.000000e+000  
0.000000e+000  1.151426e-001  2.422944e-001  3.950231e-001  5.896931e-001  8.452357e-001  1.177692e+000  1.578830e+000  1.894613e+000  1.995976e+000  1.955000e+000  1.702114e+000  1.270767e+000  6.788915e-001  0.000000e+000  
0.000000e+000  1.122583e-001  2.379468e-001  3.929107e-001  5.979687e-001  8.810970e-001  1.276086e+000  1.805289e+000  2.302711e+000  2.534422e+000  2.593181e+000  2.337924e+000  1.771785e+000  9.513686e-001  0.000000e+000  
0.000000e+000  1.073557e-001  2.290499e-001  3.826126e-001  5.926696e-001  8.959866e-001  1.346325e+000  2.008792e+000  2.733713e+000  3.165759e+000  3.416232e+000  3.214330e+000  2.460484e+000  1.319485e+000  0.000000e+000  
0.000000e+000  1.000541e-001  2.147888e-001  3.627315e-001  5.714268e-001  8.856180e-001  1.380292e+000  2.176200e+000  3.185059e+000  3.933917e+000  4.565883e+000  4.569490e+000  3.486121e+000  1.842686e+000  0.000000e+000  
0.000000e+000  9.026369e-002  1.948622e-001  3.323886e-001  5.318307e-001  8.435574e-001  1.361051e+000  2.265144e+000  3.583451e+000  4.796213e+000  6.168613e+000  6.829440e+000  4.999273e+000  2.538512e+000  0.000000e+000  
0.000000e+000  7.801990e-002  1.692600e-001  2.912652e-001  4.724575e-001  7.648359e-001  1.272215e+000  2.221396e+000  3.784976e+000  5.562423e+000  8.287616e+000  1.110017e+001  7.059884e+000  3.299229e+000  0.000000e+000  
0.000000e+000  6.349702e-002  1.383142e-001  2.397517e-001  3.933271e-001  6.474345e-001  1.102941e+000  1.993136e+000  3.569370e+000  5.685012e+000  1.037213e+001  2.080481e+001  8.865156e+000  3.649924e+000  0.000000e+000  
0.000000e+000  4.536298e-002  9.915902e-002  1.729599e-001  2.865145e-001  4.781958e-001  8.291602e-001  1.521306e+000  2.677423e+000  3.865883e+000  5.216150e+000  0.000000e+000  5.284642e+000  2.516908e+000  0.000000e+000  
0.000000e+000  2.346655e-002  5.139051e-002  8.994257e-002  1.497917e-001  2.519008e-001  4.403353e-001  8.066663e-001  1.357010e+000  1.736555e+000  1.712281e+000  0.000000e+000  1.436437e+000  9.585261e-001  0.000000e+000  
0.000000e+000  4.502373e-004  9.311666e-004  1.473121e-003  2.118388e-003  2.988671e-003  4.539474e-003  8.291922e-003  1.565903e-002  2.101358e-002  1.966307e-002  0.000000e+000  8.272611e-003  6.551352e-003  0.000000e+000  
0.000000e+000  -2.257230e-002  -4.954072e-002  -8.701811e-002  -1.456070e-001  -2.460975e-001  -4.318418e-001  -7.915605e-001  -1.326195e+000  -1.687694e+000  -1.653232e+000  0.000000e+000  -1.407259e+000  -9.393232e-001  0.000000e+000  
0.000000e+000  -4.448795e-002  -9.734596e-002  -1.700948e-001  -2.824614e-001  -4.728348e-001  -8.222932e-001  -1.511258e+000  -2.653326e+000  -3.802064e+000  -5.063838e+000  0.000000e+000  -5.193337e+000  -2.479963e+000  0.000000e+000  
0.000000e+000  -6.432966e-002  -1.401780e-001  -2.431403e-001  -3.992870e-001  -6.581797e-001  -1.123424e+000  -2.035779e+000  -3.658244e+000  -5.823041e+000  -1.042330e+001  -1.901325e+001  -8.904515e+000  -3.722017e+000  0.000000e+000  
0.000000e+000  -8.130588e-002  -1.762077e-001  -3.026812e-001  -4.896650e-001  -7.896776e-001  -1.306347e+000  -2.260688e+000  -3.787410e+000  -5.413075e+000  -7.664535e+000  -9.492740e+000  -6.417497e+000  -3.100063e+000  0.000000e+000  
0.000000e+000  -9.489321e-002  -2.043099e-001  -3.468663e-001  -5.510091e-001  -8.648344e-001  -1.374117e+000  -2.233497e+000  -3.412800e+000  -4.395890e+000  -5.368823e+000  -5.627760e+000  -4.226053e+000  -2.195433e+000  0.000000e+000  
0.000000e+000  -1.085424e-001  -2.314194e-001  -3.860701e-001  -5.967413e-001  -8.989868e-001  -1.342986e+000  -1.984072e+000  -2.663194e+000  -3.049859e+000  -3.254772e+000  -3.037055e+000  -2.316710e+000  -1.241472e+000  0.000000e+000  
0.000000e+000  -1.158592e-001  -2.432985e-001  -3.952030e-001  -5.866285e-001  -8.339758e-001  -1.148828e+000  -1.517100e+000  -1.793674e+000  -1.873483e+000  -1.821859e+000  -1.577738e+000  -1.173285e+000  -6.252022e-001  0.000000e+000  
0.000000e+000  -1.137127e-001  -2.349707e-001  -3.712034e-001  -5.288917e-001  -7.108493e-001  -9.095247e-001  -1.093343e+000  -1.176573e+000  -1.156888e+000  -1.061846e+000  -8.771078e-001  -6.351911e-001  -3.338657e-001  0.000000e+000  
0.000000e+000  -1.061958e-001  -2.163384e-001  -3.336008e-001  -4.590587e-001  -5.891608e-001  -7.112997e-001  -7.975093e-001  -8.048649e-001  -7.614838e-001  -6.743976e-001  -5.408259e-001  -3.843847e-001  -1.998151e-001  0.000000e+000  
0.000000e+000  -9.915481e-002  -2.001141e-001  -3.037663e-001  -4.088094e-001  -5.097843e-001  -5.942835e-001  -6.400323e-001  -6.236905e-001  -5.782342e-001  -5.027732e-001  -3.971123e-001  -2.794583e-001  -1.443953e-001  0.000000e+000  
0.000000e+000  -9.395286e-002  -1.884018e-001  -2.829176e-001  -3.749951e-001  -4.585232e-001  -5.219918e-001  -5.472518e-001  -5.211798e-001  -4.769054e-001  -4.098135e-001  -3.205626e-001  -2.241538e-001  -1.153659e-001  0.000000e+000  
0.000000e+000  -8.904787e-002  -1.775422e-001  -2.640525e-001  -3.452817e-001  -4.149368e-001  -4.626936e-001  -4.740165e-001  -4.428245e-001  -4.008340e-001  -3.411364e-001  -2.647416e-001  -1.841617e-001  -9.447968e-002  0.000000e+000  
0.000000e+000  -8.491580e-002  -1.685071e-001  -2.486455e-001  -3.215624e-001  -3.810370e-001  -4.178771e-001  -4.203309e-001  -3.868102e-001  -3.472033e-001  -2.933108e-001  -2.262557e-001  -1.567676e-001  -8.022944e-002  0.000000e+000  
0.000000e+000  -8.161232e-002  -1.613452e-001  -2.365880e-001  -3.032948e-001  -3.554071e-001  -3.846794e-001  -3.814184e-001  -3.469224e-001  -3.093823e-001  -2.598729e-001  -1.995353e-001  -1.378334e-001  -7.040754e-002  0.000000e+000  
0.000000e+000  -7.904294e-002  -1.558095e-001  -2.273577e-001  -2.894781e-001  -3.362917e-001  -3.603020e-001  -3.533110e-001  -3.184905e-001  -2.826195e-001  -2.363610e-001  -1.808442e-001  -1.246339e-001  -6.357444e-002  0.000000e+000  
0.000000e+000  -7.728778e-002  -1.520445e-001  -2.211211e-001  -2.802217e-001  -3.236106e-001  -3.443053e-001  -3.350783e-001  -3.002171e-001  -2.655046e-001  -2.213930e-001  -1.689861e-001  -1.162800e-001  -5.925593e-002  0.000000e+000  
0.000000e+000  -7.639782e-002  -1.501404e-001  -2.179797e-001  -2.755817e-001  -3.172908e-001  -3.363849e-001  -3.261121e-001  -2.912797e-001  -2.571591e-001  -2.141119e-001  -1.632316e-001  -1.122305e-001  -5.716447e-002  0.000000e+000  
0.000000e+000  0.000000e+000  0.000000e+000  0.000000e+000  0.000000e+000  0.000000e+000  0.000000e+000  0.000000e+000  0.000000e+000  0.000000e+000  0.000000e+000  0.000000e+000  0.000000e+000  0.000000e+000  0.000000e+000  

0.000000e+000  0.000000e+000  0.000000e+000  0.000000e+000  0.000000e+000  0.000000e+000  0.000000e+000  0.000000e+000  0.000000e+000  0.000000e+000  0.000000e+000  0.000000e+000  0.000000e+000  0.000000e+000  0.000000e+000  
-1.160124e-002  -9.646134e-003  -5.474004e-003  1.383896e-003  1.146693e-002  2.513575e-002  4.218948e-002  5.985444e-002  7.288635e-002  8.227392e-002  9.050651e-002  9.732792e-002  1.022486e-001  1.047767e-001  0.000000e+000  
-2.368901e-002  -1.983062e-002  -1.157674e-002  2.042638e-003  2.216541e-002  4.960016e-002  8.404421e-002  1.199550e-001  1.465814e-001  1.658122e-001  1.827157e-001  1.967224e-001  2.068229e-001  2.120151e-001  0.000000e+000  
-3.673984e-002  -3.108550e-002  -1.893777e-002  1.236541e-003  3.129227e-002  7.266516e-002  1.251610e-001  1.804962e-001  2.218771e-001  2.519003e-001  2.783907e-001  3.003466e-001  3.161709e-001  3.243160e-001  0.000000e+000  
-5.120988e-002  -4.392784e-002  -2.818771e-002  -1.801998e-003  3.797515e-002  9.348647e-002  1.649930e-001  2.415597e-001  2.995267e-001  3.418592e-001  3.794171e-001  4.105649e-001  4.330019e-001  4.445696e-001  0.000000e+000  
-6.752209e-002  -5.885132e-002  -3.995445e-002  -7.879285e-003  4.123924e-002  1.110398e-001  2.027601e-001  3.030330e-001  3.802028e-001  4.370542e-001  4.878704e-001  5.300639e-001  5.604448e-001  5.761458e-001  0.000000e+000  
-8.447149e-002  -7.480579e-002  -5.353417e-002  -1.689447e-002  4.024710e-002  1.231666e-001  2.346589e-001  3.595220e-001  4.574851e-001  5.304034e-001  5.961599e-001  6.508680e-001  6.902575e-001  7.106704e-001  0.000000e+000  
-1.035393e-001  -9.321902e-002  -7.022433e-002  -2.988478e-002  3.445304e-002  1.302219e-001  2.626242e-001  4.153122e-001  5.379711e-001  6.304447e-001  7.147567e-001  7.851227e-001  8.358133e-001  8.621728e-001  0.000000e+000  
-1.281530e-001  -1.175957e-001  -9.363539e-002  -5.046809e-002  2.060495e-002  1.302147e-001  2.876779e-001  4.767504e-001  6.337300e-001  7.542165e-001  8.657854e-001  9.594113e-001  1.026959e+000  1.062256e+000  0.000000e+000  
-1.559385e-001  -1.458113e-001  -1.222352e-001  -7.823303e-002  -2.784315e-003  1.187962e-001  3.018314e-001  5.327294e-001  7.324637e-001  8.892626e-001  1.037339e+000  1.162635e+000  1.253311e+000  1.300976e+000  0.000000e+000  
-1.869044e-001  -1.779947e-001  -1.564475e-001  -1.141802e-001  -3.770947e-002  9.252102e-002  3.001533e-001  5.783094e-001  8.314871e-001  1.035968e+000  1.233944e+000  1.403496e+000  1.526817e+000  1.592111e+000  0.000000e+000  
-2.208757e-001  -2.140775e-001  -1.964886e-001  -1.591480e-001  -8.622180e-002  4.729578e-002  2.759249e-001  6.055800e-001  9.252540e-001  1.192924e+000  1.460443e+000  1.693483e+000  1.864229e+000  1.955382e+000  0.000000e+000  
-2.574666e-001  -2.537489e-001  -2.422835e-001  -2.136695e-001  -1.502304e-001  -2.149213e-002  2.202802e-001  6.022021e-001  1.003220e+000  1.354994e+000  1.721324e+000  2.048029e+000  2.289712e+000  2.419830e+000  0.000000e+000  
-2.960603e-001  -2.964142e-001  -2.933730e-001  -2.777819e-001  -2.311783e-001  -1.186072e-001  1.220517e-001  5.494380e-001  1.046131e+000  1.509446e+000  2.018962e+000  2.488310e+000  2.839211e+000  3.029363e+000  0.000000e+000  
-3.358004e-001  -3.411641e-001  -3.488213e-001  -3.508003e-001  -3.295700e-001  -2.482150e-001  -3.181702e-002  4.198391e-001  1.019632e+000  1.628085e+000  2.349255e+000  3.044565e+000  3.568215e+000  3.851818e+000  0.000000e+000  
-3.706228e-001  -3.810176e-001  -3.996956e-001  -4.206482e-001  -4.291113e-001  -3.901449e-001  -2.230088e-001  2.123031e-001  8.902441e-001  1.653186e+000  2.647170e+000  3.665261e+000  4.426958e+000  4.832936e+000  0.000000e+000  
-4.046407e-001  -4.205038e-001  -4.514111e-001  -4.942282e-001  -5.390945e-001  -5.578350e-001  -4.736152e-001  -1.141007e-001  5.954965e-001  1.522335e+000  2.907631e+000  4.469702e+000  5.592345e+000  6.164317e+000  0.000000e+000  
-4.369169e-001  -4.584553e-001  -5.022906e-001  -5.689946e-001  -6.557962e-001  -7.469991e-001  -7.845079e-001  -5.899301e-001  3.708001e-002  1.076409e+000  3.004016e+000  5.591321e+000  7.234137e+000  7.990049e+000  0.000000e+000  
-4.664688e-001  -4.936064e-001  -5.504001e-001  -6.417341e-001  -7.737503e-001  -9.488186e-001  -1.145608e+000  -1.230004e+000  -9.096593e-001  1.403707e-002  2.558919e+000  7.421245e+000  9.645625e+000  1.046932e+001  0.000000e+000  
-4.923200e-001  -5.246617e-001  -5.936612e-001  -7.087420e-001  -8.859413e-001  -1.149514e+000  -1.530426e+000  -2.002724e+000  -2.331803e+000  -2.179633e+000  3.221971e-001  1.132967e+001  1.327510e+001  1.365836e+001  0.000000e+000  
-5.135578e-001  -5.503811e-001  -6.300046e-001  -7.661324e-001  -9.844416e-001  -1.331437e+000  -1.894614e+000  -2.788794e+000  -4.044380e+000  -6.019972e+000  -1.162739e+001  2.172398e+001  1.825958e+001  1.716572e+001  0.000000e+000  
-5.319113e-001  -5.727590e-001  -6.620070e-001  -8.174822e-001  -1.074303e+000  -1.500779e+000  -2.235966e+000  -3.480485e+000  -5.187087e+000  -7.308258e+000  -1.080162e+001  2.487625e+001  2.145807e+001  2.007479e+001  0.000000e+000  
-5.414607e-001  -5.844403e-001  -6.788136e-001  -8.446787e-001  -1.122378e+000  -1.591997e+000  -2.416814e+000  -3.808147e+000  -5.542341e+000  -7.251235e+000  -8.938285e+000  2.330772e+001  2.203925e+001  2.119396e+001  0.000000e+000  
-5.416627e-001  -5.846545e-001  -6.790517e-001  -8.449582e-001  -1.122758e+000  -1.592707e+000  -2.418642e+000  -3.812566e+000  -5.547422e+000  -7.249508e+000  -8.916894e+000  2.329909e+001  2.204182e+001  2.120192e+001  0.000000e+000  
-5.325150e-001  -5.733992e-001  -6.627175e-001  -8.183060e-001  -1.075378e+000  -1.502697e+000  -2.240988e+000  -3.494371e+000  -5.209705e+000  -7.315991e+000  -1.071636e+001  2.483620e+001  2.147310e+001  2.010549e+001  0.000000e+000  
-5.145558e-001  -5.514412e-001  -6.311790e-001  -7.674663e-001  -9.860544e-001  -1.333950e+000  -1.901051e+000  -2.811159e+000  -4.106353e+000  -6.115690e+000  -1.145147e+001  2.162421e+001  1.833691e+001  1.723892e+001  0.000000e+000  
-4.887243e-001  -5.201203e-001  -5.868323e-001  -6.972751e-001  -8.652861e-001  -1.110293e+000  -1.451726e+000  -1.837124e+000  -1.997698e+000  -1.584166e+000  1.167457e+000  1.014808e+001  1.237434e+001  1.293561e+001  0.000000e+000  
-4.564588e-001  -4.814253e-001  -5.330898e-001  -6.143668e-001  -7.271983e-001  -8.650674e-001  -9.874407e-001  -9.323462e-001  -4.409645e-001  5.778350e-001  2.870520e+000  6.535487e+000  8.506053e+000  9.321088e+000  0.000000e+000  
-4.193904e-001  -4.375634e-001  -4.736120e-001  -5.255616e-001  -5.855397e-001  -6.281326e-001  -5.782201e-001  -2.511993e-001  4.666139e-001  1.455488e+000  3.006295e+000  4.821585e+000  6.091408e+000  6.725349e+000  0.000000e+000  
-3.480183e-001  -3.548402e-001  -3.655774e-001  -3.725384e-001  -3.584026e-001  -2.858200e-001  -7.710530e-002  3.775066e-001  1.001070e+000  1.649572e+000  2.439330e+000  3.216202e+000  3.797410e+000  4.109543e+000  0.000000e+000  
-2.677572e-001  -2.648998e-001  -2.551562e-001  -2.290572e-001  -1.685975e-001  -4.225807e-002  2.005118e-001  5.927850e-001  1.014762e+000  1.391934e+000  1.792433e+000  2.154255e+000  2.422522e+000  2.566971e+000  0.000000e+000  
-1.949776e-001  -1.865058e-001  -1.657827e-001  -1.245614e-001  -4.892659e-002  8.171351e-002  2.932667e-001  5.822113e-001  8.508825e-001  1.071124e+000  1.287508e+000  1.474502e+000  1.611002e+000  1.683509e+000  0.000000e+000  
-1.396992e-001  -1.293500e-001  -1.056421e-001  -6.235801e-002  1.005919e-002  1.238511e-001  2.910046e-001  4.972271e-001  6.730452e-001  8.102211e-001  9.392076e-001  1.048298e+000  1.127260e+000  1.168713e+000  0.000000e+000  
-1.125120e-001  -1.021483e-001  -7.891305e-002  -3.777303e-002  2.861487e-002  1.288499e-001  2.698382e-001  4.358615e-001  5.719006e-001  6.756893e-001  7.713623e-001  8.516052e-001  9.095176e-001  9.397387e-001  0.000000e+000  
-8.871465e-002  -7.898302e-002  -5.750675e-002  -2.035370e-002  3.793050e-002  1.231596e-001  2.388958e-001  3.701397e-001  4.743505e-001  5.524809e-001  6.234079e-001  6.825801e-001  7.252259e-001  7.473739e-001  0.000000e+000  
-6.802225e-002  -5.943488e-002  -4.070734e-002  -8.879702e-003  3.996054e-002  1.095910e-001  2.015293e-001  3.027139e-001  3.811110e-001  4.391048e-001  4.911413e-001  5.344158e-001  5.655920e-001  5.817240e-001  0.000000e+000  
-5.162937e-002  -4.441269e-002  -2.880171e-002  -2.595627e-003  3.699893e-002  9.244004e-002  1.641923e-001  2.414981e-001  3.003707e-001  3.435151e-001  3.819166e-001  4.137987e-001  4.367700e-001  4.486265e-001  0.000000e+000  
-3.706560e-002  -3.145890e-002  -1.940382e-002  6.473283e-004  3.058955e-002  7.194548e-002  1.246610e-001  1.805492e-001  2.225650e-001  2.531429e-001  2.801964e-001  3.026367e-001  3.188117e-001  3.271443e-001  0.000000e+000  
-2.391133e-002  -2.008413e-002  -1.188949e-002  1.653249e-003  2.171164e-002  4.915123e-002  8.375621e-002  1.200330e-001  1.470620e-001  1.666375e-001  1.838875e-001  1.981878e-001  2.085007e-001  2.138063e-001  0.000000e+000  
-1.171394e-002  -9.774155e-003  -5.630997e-003  1.190387e-003  1.124460e-002  2.492041e-002  4.205866e-002  5.990536e-002  7.313240e-002  8.268546e-002  9.108213e-002  9.804340e-002  1.030639e-001  1.056452e-001  0.000000e+000  
0.000000e+000  0.000000e+000  0.000000e+000  0.000000e+000  0.000000e+000  0.000000e+000  0.000000e+000  0.000000e+000  0.000000e+000  0.000000e+000  0.000000e+000  0.000000e+000  0.000000e+000  0.000000e+000  0.000000e+000  

0.000000e+000  0.000000e+000  0.000000e+000  0.000000e+000  0.000000e+000  0.000000e+000  0.000000e+000  0.000000e+000  0.000000e+000  0.000000e+000  0.000000e+000  0.000000e+000  0.000000e+000  0.000000e+000  0.000000e+000  
0.000000e+000  0.000000e+000  0.000000e+000  0.000000e+000  0.000000e+000  0.000000e+000  0.000000e+000  0.000000e+000  0.000000e+000  0.000000e+000  0.000000e+000  0.000000e+000  0.000000e+000  0.000000e+000  0.000000e+000  
0.000000e+000  0.000000e+000  0.000000e+000  0.000000e+000  0.000000e+000  0.000000e+000  0.000000e+000  0.000000e+000  0.000000e+000  0.000000e+000  0.000000e+000  0.000000e+000  0.000000e+000  0.000000e+000  0.000000e+000  
0.000000e+000  0.000000e+000  0.000000e+000  0.000000e+000  0.000000e+000  0.000000e+000  0.000000e+000  0.000000e+000  0.000000e+000  0.000000e+000  0.000000e+000  0.000000e+000  0.000000e+000  0.000000e+000  0.000000e+000  
0.000000e+000  0.000000e+000  0.000000e+000  0.000000e+000  0.000000e+000  0.000000e+000  0.000000e+000  0.000000e+000  0.000000e+000  0.000000e+000  0.000000e+000  0.000000e+000  0.000000e+000  0.000000e+000  0.000000e+000  
0.000000e+000  0.000000e+000  0.000000e+000  0.000000e+000  0.000000e+000  0.000000e+000  0.000000e+000  0.000000e+000  0.000000e+000  0.000000e+000  0.000000e+000  0.000000e+000  0.000000e+000  0.000000e+000  0.000000e+000  
0.000000e+000  0.000000e+000  0.000000e+000  0.000000e+000  0.000000e+000  0.000000e+000  0.000000e+000  0.000000e+000  0.000000e+000  0.000000e+000  0.000000e+000  0.000000e+000  0.000000e+000  0.000000e+000  0.000000e+000  
0.000000e+000  0.000000e+000  0.000000e+000  0.000000e+000  0.000000e+000  0.000000e+000  0.000000e+000  0.000000e+000  0.000000e+000  0.000000e+000  0.000000e+000  0.000000e+000  0.000000e+000  0.000000e+000  0.000000e+000  
0.000000e+000  0.000000e+000  0.000000e+000  0.000000e+000  0.000000e+000  0.000000e+000  0.000000e+000  0.000000e+000  0.000000e+000  0.000000e+000  0.000000e+000  0.000000e+000  0.000000e+000  0.000000e+000  0.000000e+000  
0.000000e+000  0.000000e+000  0.000000e+000  0.000000e+000  0.000000e+000  0.000000e+000  0.000000e+000  0.000000e+000  0.000000e+000  0.000000e+000  0.000000e+000  0.000000e+000  0.000000e+000  0.000000e+000  0.000000e+000  
0.000000e+000  0.000000e+000  0.000000e+000  0.000000e+000  0.000000e+000  0.000000e+000  0.000000e+000  0.000000e+000  0.000000e+000  0.000000e+000  0.000000e+000  0.000000e+000  0.000000e+000  0.000000e+000  0.000000e+000  
0.000000e+000  0.000000e+000  0.000000e+000  0.000000e+000  0.000000e+000  0.000000e+000  0.000000e+000  0.000000e+000  0.000000e+000  0.000000e+000  0.000000e+000  0.000000e+000  0.000000e+000  0.000000e+000  0.000000e+000  
0.000000e+000  0.000000e+000  0.000000e+000  0.000000e+000  0.000000e+000  0.000000e+000  0.000000e+000  0.000000e+000  0.000000e+000  0.000000e+000  0.000000e+000  0.000000e+000  0.000000e+000  0.000000e+000  0.000000e+000  
0.000000e+000  0.000000e+000  0.000000e+000  0.000000e+000  0.000000e+000  0.000000e+000  0.000000e+000  0.000000e+000  0.000000e+000  0.000000e+000  0.000000e+000  0.000000e+000  0.000000e+000  0.000000e+000  0.000000e+000  
0.000000e+000  0.000000e+000  0.000000e+000  0.000000e+000  0.000000e+000  0.000000e+000  0.000000e+000  0.000000e+000  0.000000e+000  0.000000e+000  0.000000e+000  0.000000e+000  0.000000e+000  0.000000e+000  0.000000e+000  
0.000000e+000  0.000000e+000  0.000000e+000  0.000000e+000  0.000000e+000  0.000000e+000  0.000000e+000  0.000000e+000  0.000000e+000  0.000000e+000  0.000000e+000  0.000000e+000  0.000000e+000  0.000000e+000  0.000000e+000  
0.000000e+000  0.000000e+000  0.000000e+000  0.000000e+000  0.000000e+000  0.000000e+000  0.000000e+000  0.000000e+000  0.000000e+000  0.000000e+000  0.000000e+000  0.000000e+000  0.000000e+000  0.000000e+000  0.000000e+000  
0.000000e+000  0.000000e+000  0.000000e+000  0.000000e+000  0.000000e+000  0.000000e+000  0.000000e+000  0.000000e+000  0.000000e+000  0.000000e+000  0.000000e+000  0.000000e+000  0.000000e+000  0.000000e+000  0.000000e+000  
0.000000e+000  0.000000e+000  0.000000e+000  0.000000e+000  0.000000e+000  0.000000e+000  0.000000e+000  0.000000e+000  0.000000e+000  0.000000e+000  0.000000e+000  0.000000e+000  0.000000e+000  0.000000e+000  0.000000e+000  
0.000000e+000  0.000000e+000  0.000000e+000  0.000000e+000  0.000000e+000  0.000000e+000  0.000000e+000  0.000000e+000  0.000000e+000  0.000000e+000  0.000000e+000  0.000000e+000  0.000000e+000  0.000000e+000  0.000000e+000  
0.000000e+000  0.000000e+000  0.000000e+000  0.000000e+000  0.000000e+000  0.000000e+000  0.000000e+000  0.000000e+000  0.000000e+000  0.000000e+000  0.000000e+000  0.000000e+000  0.000000e+000  0.000000e+000  0.000000e+000  
0.000000e+000  0.000000e+000  0.000000e+000  0.000000e+000  0.000000e+000  0.000000e+000  0.000000e+000  0.000000e+000  0.000000e+000  0.000000e+000  0.000000e+000  0.000000e+000  0.000000e+000  0.000000e+000  0.000000e+000  
0.000000e+000  0.000000e+000  0.000000e+000  0.000000e+000  0.000000e+000  0.000000e+000  0.000000e+000  0.000000e+000  0.000000e+000  0.000000e+000  0.000000e+000  0.000000e+000  0.000000e+000  0.000000e+000  0.000000e+000  
0.000000e+000  0.000000e+000  0.000000e+000  0.000000e+000  0.000000e+000  0.000000e+000  0.000000e+000  0.000000e+000  0.000000e+000  0.000000e+000  0.000000e+000  0.000000e+000  0.000000e+000  0.000000e+000  0.000000e+000  
0.000000e+000  0.000000e+000  0.000000e+000  0.000000e+000  0.000000e+000  0.000000e+000  0.000000e+000  0.000000e+000  0.000000e+000  0.000000e+000  0.000000e+000  0.000000e+000  0.000000e+000  0.000000e+000  0.000000e+000  
0.000000e+000  0.000000e+000  0.000000e+000  0.000000e+000  0.000000e+000  0.000000e+000  0.000000e+000  0.000000e+000  0.000000e+000  0.000000e+000  0.000000e+000  0.000000e+000  0.000000e+000  0.000000e+000  0.000000e+000  
0.000000e+000  0.000000e+000  0.000000e+000  0.000000e+000  0.000000e+000  0.000000e+000  0.000000e+000  0.000000e+000  0.000000e+000  0.000000e+000  0.000000e+000  0.000000e+000  0.000000e+000  0.000000e+000  0.000000e+000  
0.000000e+000  0.000000e+000  0.000000e+000  0.000000e+000  0.000000e+000  0.000000e+000  0.000000e+000  0.000000e+000  0.000000e+000  0.000000e+000  0.000000e+000  0.000000e+000  0.000000e+000  0.000000e+000  0.000000e+000  
0.000000e+000  0.000000e+000  0.000000e+000  0.000000e+000  0.000000e+000  0.000000e+000  0.000000e+000  0.000000e+000  0.000000e+000  0.000000e+000  0.000000e+000  0.000000e+000  0.000000e+000  0.000000e+000  0.000000e+000  
0.000000e+000  0.000000e+000  0.000000e+000  0.000000e+000  0.000000e+000  0.000000e+000  0.000000e+000  0.000000e+000  0.000000e+000  0.000000e+000  0.000000e+000  0.000000e+000  0.000000e+000  0.000000e+000  0.000000e+000  
0.000000e+000  0.000000e+000  0.000000e+000  0.000000e+000  0.000000e+000  0.000000e+000  0.000000e+000  0.000000e+000  0.000000e+000  0.000000e+000  0.000000e+000  0.000000e+000  0.000000e+000  0.000000e+000  0.000000e+000  
0.000000e+000  0.000000e+000  0.000000e+000  0.000000e+000  0.000000e+000  0.000000e+000  0.000000e+000  0.000000e+000  0.000000e+000  0.000000e+000  0.000000e+000  0.000000e+000  0.000000e+000  0.000000e+000  0.000000e+000  
0.000000e+000  0.000000e+000  0.000000e+000  0.000000e+000  0.000000e+000  0.000000e+000  0.000000e+000  0.000000e+000  0.000000e+000  0.000000e+000  0.000000e+000  0.000000e+000  0.000000e+000  0.000000e+000  0.000000e+000  
0.000000e+000  0.000000e+000  0.000000e+000  0.000000e+000  0.000000e+000  0.000000e+000  0.000000e+000  0.000000e+000  0.000000e+000  0.000000e+000  0.000000e+000  0.000000e+000  0.000000e+000  0.000000e+000  0.000000e+000  
0.000000e+000  0.000000e+000  0.000000e+000  0.000000e+000  0.000000e+000  0.000000e+000  0.000000e+000  0.000000e+000  0.000000e+000  0.000000e+000  0.000000e+000  0.000000e+000  0.000000e+000  0.000000e+000  0.000000e+000  
0.000000e+000  0.000000e+000  0.000000e+000  0.000000e+000  0.000000e+000  0.000000e+000  0.000000e+000  0.000000e+000  0.000000e+000  0.000000e+000  0.000000e+000  0.000000e+000  0.000000e+000  0.000000e+000  0.000000e+000  
0.000000e+000  0.000000e+000  0.000000e+000  0.000000e+000  0.000000e+000  0.000000e+000  0.000000e+000  0.000000e+000  0.000000e+000  0.000000e+000  0.000000e+000  0.000000e+000  0.000000e+000  0.000000e+000  0.000000e+000  
0.000000e+000  0.000000e+000  0.000000e+000  0.000000e+000  0.000000e+000  0.000000e+000  0.000000e+000  0.000000e+000  0.000000e+000  0.000000e+000  0.000000e+000  0.000000e+000  0.000000e+000  0.000000e+000  0.000000e+000  
0.000000e+000  0.000000e+000  0.000000e+000  0.000000e+000  0.000000e+000  0.000000e+000  0.000000e+000  0.000000e+000  0.000000e+000  0.000000e+000  0.000000e+000  0.000000e+000  0.000000e+000  0.000000e+000  0.000000e+000  
0.000000e+000  0.000000e+000  0.000000e+000  0.000000e+000  0.000000e+000  0.000000e+000  0.000000e+000  0.000000e+000  0.000000e+000  0.000000e+000  0.000000e+000  0.000000e+000  0.000000e+000  0.000000e+000  0.000000e+000  
0.000000e+000  0.000000e+000  0.000000e+000  0.000000e+000  0.000000e+000  0.000000e+000  0.000000e+000  0.000000e+000  0.000000e+000  0.000000e+000  0.000000e+000  0.000000e+000  0.000000e+000  0.000000e+000  0.000000e+000  

0.000000e+000  0.000000e+000  0.000000e+000  0.000000e+000  0.000000e+000  0.000000e+000  0.000000e+000  0.000000e+000  0.000000e+000  0.000000e+000  0.000000e+000  0.000000e+000  0.000000e+000  0.000000e+000  0.000000e+000  
0.000000e+000  0.000000e+000  0.000000e+000  0.000000e+000  0.000000e+000  0.000000e+000  0.000000e+000  0.000000e+000  0.000000e+000  0.000000e+000  0.000000e+000  0.000000e+000  0.000000e+000  0.000000e+000  0.000000e+000  
0.000000e+000  0.000000e+000  0.000000e+000  0.000000e+000  0.000000e+000  0.000000e+000  0.000000e+000  0.000000e+000  0.000000e+000  0.000000e+000  0.000000e+000  0.000000e+000  0.000000e+000  0.000000e+000  0.000000e+000  
0.000000e+000  0.000000e+000  0.000000e+000  0.000000e+000  0.000000e+000  0.000000e+000  0.000000e+000  0.000000e+000  0.000000e+000  0.000000e+000  0.000000e+000  0.000000e+000  0.000000e+000  0.000000e+000  0.000000e+000  
0.000000e+000  0.000000e+000  0.000000e+000  0.000000e+000  0.000000e+000  0.000000e+000  0.000000e+000  0.000000e+000  0.000000e+000  0.000000e+000  0.000000e+000  0.000000e+000  0.000000e+000  0.000000e+000  0.000000e+000  
0.000000e+000  0.000000e+000  0.000000e+000  0.000000e+000  0.000000e+000  0.000000e+000  0.000000e+000  0.000000e+000  0.000000e+000  0.000000e+000  0.000000e+000  0.000000e+000  0.000000e+000  0.000000e+000  0.000000e+000  
0.000000e+000  0.000000e+000  0.000000e+000  0.000000e+000  0.000000e+000  0.000000e+000  0.000000e+000  0.000000e+000  0.000000e+000  0.000000e+000  0.000000e+000  0.000000e+000  0.000000e+000  0.000000e+000  0.000000e+000  
0.000000e+000  0.000000e+000  0.000000e+000  0.000000e+000  0.000000e+000  0.000000e+000  0.000000e+000  0.000000e+000  0.000000e+000  0.000000e+000  0.000000e+000  0.000000e+000  0.000000e+000  0.000000e+000  0.000000e+000  
0.000000e+000  0.000000e+000  0.000000e+000  0.000000e+000  0.000000e+000  0.000000e+000  0.000000e+000  0.000000e+000  0.000000e+000  0.000000e+000  0.000000e+000  0.000000e+000  0.000000e+000  0.000000e+000  0.000000e+000  
0.000000e+000  0.000000e+000  0.000000e+000  0.000000e+000  0.000000e+000  0.000000e+000  0.000000e+000  0.000000e+000  0.000000e+000  0.000000e+000  0.000000e+000  0.000000e+000  0.000000e+000  0.000000e+000  0.000000e+000  
0.000000e+000  0.000000e+000  0.000000e+000  0.000000e+000  0.000000e+000  0.000000e+000  0.000000e+000  0.000000e+000  0.000000e+000  0.000000e+000  0.000000e+000  0.000000e+000  0.000000e+000  0.000000e+000  0.000000e+000  
0.000000e+000  0.000000e+000  0.000000e+000  0.000000e+000  0.000000e+000  0.000000e+000  0.000000e+000  0.000000e+000  0.000000e+000  0.000000e+000  0.000000e+000  0.000000e+000  0.000000e+000  0.000000e+000  0.000000e+000  
0.000000e+000  0.000000e+000  0.000000e+000  0.000000e+000  0.000000e+000  0.000000e+000  0.000000e+000  0.000000e+000  0.000000e+000  0.000000e+000  0.000000e+000  0.000000e+000  0.000000e+000  0.000000e+000  0.000000e+000  
0.000000e+000  0.000000e+000  0.000000e+000  0.000000e+000  0.000000e+000  0.000000e+000  0.000000e+000  0.000000e+000  0.000000e+000  0.000000e+000  0.000000e+000  0.000000e+000  0.000000e+000  0.000000e+000  0.000000e+000  
0.000000e+000  0.000000e+000  0.000000e+000  0.000000e+000  0.000000e+000  0.000000e+000  0.000000e+000  0.000000e+000  0.000000e+000  0.000000e+000  0.000000e+000  0.000000e+000  0.000000e+000  0.000000e+000  0.000000e+000  
0.000000e+000  0.000000e+000  0.000000e+000  0.000000e+000  0.000000e+000  0.000000e+000  0.000000e+000  0.000000e+000  0.000000e+000  0.000000e+000  0.000000e+000  0.000000e+000  0.000000e+000  0.000000e+000  0.000000e+000  
0.000000e+000  0.000000e+000  0.000000e+000  0.000000e+000  0.000000e+000  0.000000e+000  0.000000e+000  0.000000e+000  0.000000e+000  0.000000e+000  0.000000e+000  0.000000e+000  0.000000e+000  0.000000e+000  0.000000e+000  
0.000000e+000  0.000000e+000  0.000000e+000  0.000000e+000  0.000000e+000  0.000000e+000  0.000000e+000  0.000000e+000  0.000000e+000  0.000000e+000  0.000000e+000  0.000000e+000  0.000000e+000  0.000000e+000  0.000000e+000  
0.000000e+000  0.000000e+000  0.000000e+000  0.000000e+000  0.000000e+000  0.000000e+000  0.000000e+000  0.000000e+000  0.000000e+000  0.000000e+000  0.000000e+000  0.000000e+000  0.000000e+000  0.000000e+000  0.000000e+000  
0.000000e+000  0.000000e+000  0.000000e+000  0.000000e+000  0.000000e+000  0.000000e+000  0.000000e+000  0.000000e+000  0.000000e+000  0.000000e+000  0.000000e+000  0.000000e+000  0.000000e+000  0.000000e+000  0.000000e+000  
0.000000e+000  0.000000e+000  0.000000e+000  0.000000e+000  0.000000e+000  0.000000e+000  0.000000e+000  0.000000e+000  0.000000e+000  0.000000e+000  0.000000e+000  0.000000e+000  0.000000e+000  0.000000e+000  0.000000e+000  
0.000000e+000  0.000000e+000  0.000000e+000  0.000000e+000  0.000000e+000  0.000000e+000  0.000000e+000  0.000000e+000  0.000000e+000  0.000000e+000  0.000000e+000  0.000000e+000  0.000000e+000  0.000000e+000  0.000000e+000  
0.000000e+000  0.000000e+000  0.000000e+000  0.000000e+000  0.000000e+000  0.000000e+000  0.000000e+000  0.000000e+000  0.000000e+000  0.000000e+000  0.000000e+000  0.000000e+000  0.000000e+000  0.000000e+000  0.000000e+000  
0.000000e+000  0.000000e+000  0.000000e+000  0.000000e+000  0.000000e+000  0.000000e+000  0.000000e+000  0.000000e+000  0.000000e+000  0.000000e+000  0.000000e+000  0.000000e+000  0.000000e+000  0.000000e+000  0.000000e+000  
0.000000e+000  0.000000e+000  0.000000e+000  0.000000e+000  0.000000e+000  0.000000e+000  0.000000e+000  0.000000e+000  0.000000e+000  0.000000e+000  0.000000e+000  0.000000e+000  0.000000e+000  0.000000e+000  0.000000e+000  
0.000000e+000  0.000000e+000  0.000000e+000  0.000000e+000  0.000000e+000  0.000000e+000  0.000000e+000  0.000000e+000  0.000000e+000  0.000000e+000  0.000000e+000  0.000000e+000  0.000000e+000  0.000000e+000  0.000000e+000  
0.000000e+000  0.000000e+000  0.000000e+000  0.000000e+000  0.000000e+000  0.000000e+000  0.000000e+000  0.000000e+000  0.000000e+000  0.000000e+000  0.000000e+000  0.000000e+000  0.000000e+000  0.000000e+000  0.000000e+000  
0.000000e+000  0.000000e+000  0.000000e+000  0.000000e+000  0.000000e+000  0.000000e+000  0.000000e+000  0.000000e+000  0.000000e+000  0.000000e+000  0.000000e+000  0.000000e+000  0.000000e+000  0.000000e+000  0.000000e+000  
0.000000e+000  0.000000e+000  0.000000e+000  0.000000e+000  0.000000e+000  0.000000e+000  0.000000e+000  0.000000e+000  0.000000e+000  0.000000e+000  0.000000e+000  0.000000e+000  0.000000e+000  0.000000e+000  0.000000e+000  
0.000000e+000  0.000000e+000  0.000000e+000  0.000000e+000  0.000000e+000  0.000000e+000  0.000000e+000  0.000000e+000  0.000000e+000  0.000000e+000  0.000000e+000  0.000000e+000  0.000000e+000  0.000000e+000  0.000000e+000  
0.000000e+000  0.000000e+000  0.000000e+000  0.000000e+000  0.000000e+000  0.000000e+000  0.000000e+000  0.000000e+000  0.000000e+000  0.000000e+000  0.000000e+000  0.000000e+000  0.000000e+000  0.000000e+000  0.000000e+000  
0.000000e+000  0.000000e+000  0.000000e+000  0.000000e+000  0.000000e+000  0.000000e+000  0.000000e+000  0.000000e+000  0.000000e+000  0.000000e+000  0.000000e+000  0.000000e+000  0.000000e+000  0.000000e+000  0.000000e+000  
0.000000e+000  0.000000e+000  0.000000e+000  0.000000e+000  0.000000e+000  0.000000e+000  0.000000e+000  0.000000e+000  0.000000e+000  0.000000e+000  0.000000e+000  0.000000e+000  0.000000e+000  0.000000e+000  0.000000e+000  
0.000000e+000  0.000000e+000  0.000000e+000  0.000000e+000  0.000000e+000  0.000000e+000  0.000000e+000  0.000000e+000  0.000000e+000  0.000000e+000  0.000000e+000  0.000000e+000  0.000000e+000  0.000000e+000  0.000000e+000  
0.000000e+000  0.000000e+000  0.000000e+000  0.000000e+000  0.000000e+000  0.000000e+000  0.000000e+000  0.000000e+000  0.000000e+000  0.000000e+000  0.000000e+000  0.000000e+000  0.000000e+000  0.000000e+000  0.000000e+000  
0.000000e+000  0.000000e+000  0.000000e+000  0.000000e+000  0.000000e+000  0.000000e+000  0.000000e+000  0.000000e+000  0.000000e+000  0.000000e+000  0.000000e+000  0.000000e+000  0.000000e+000  0.000000e+000  0.000000e+000  
0.000000e+000  0.000000e+000  0.000000e+000  0.000000e+000  0.000000e+000  0.000000e+000  0.000000e+000  0.000000e+000  0.000000e+000  0.000000e+000  0.000000e+000  0.000000e+000  0.000000e+000  0.000000e+000  0.000000e+000  
0.000000e+000  0.000000e+000  0.000000e+000  0.000000e+000  0.000000e+000  0.000000e+000  0.000000e+000  0.000000e+000  0.000000e+000  0.000000e+000  0.000000e+000  0.000000e+000  0.000000e+000  0.000000e+000  0.000000e+000  
0.000000e+000  0.000000e+000  0.000000e+000  0.000000e+000  0.000000e+000  0.000000e+000  0.000000e+000  0.000000e+000  0.000000e+000  0.000000e+000  0.000000e+000  0.000000e+000  0.000000e+000  0.000000e+000  0.000000e+000  
0.000000e+000  0.000000e+000  0.000000e+000  0.000000e+000  0.000000e+000  0.000000e+000  0.000000e+000  0.000000e+000  0.000000e+000  0.000000e+000  0.000000e+000  0.000000e+000  0.000000e+000  0.000000e+000  0.000000e+000  
0.000000e+000  0.000000e+000  0.000000e+000  0.000000e+000  0.000000e+000  0.000000e+000  0.000000e+000  0.000000e+000  0.000000e+000  0.000000e+000  0.000000e+000  0.000000e+000  0.000000e+000  0.000000e+000  0.000000e+000  

0.000000e+000  0.000000e+000  0.000000e+000  0.000000e+000  0.000000e+000  0.000000e+000  0.000000e+000  0.000000e+000  0.000000e+000  0.000000e+000  0.000000e+000  0.000000e+000  0.000000e+000  0.000000e+000  0.000000e+000  
0.000000e+000  0.000000e+000  0.000000e+000  0.000000e+000  0.000000e+000  0.000000e+000  0.000000e+000  0.000000e+000  0.000000e+000  0.000000e+000  0.000000e+000  0.000000e+000  0.000000e+000  0.000000e+000  0.000000e+000  
0.000000e+000  0.000000e+000  0.000000e+000  0.000000e+000  0.000000e+000  0.000000e+000  0.000000e+000  0.000000e+000  0.000000e+000  0.000000e+000  0.000000e+000  0.000000e+000  0.000000e+000  0.000000e+000  0.000000e+000  
0.000000e+000  0.000000e+000  0.000000e+000  0.000000e+000  0.000000e+000  0.000000e+000  0.000000e+000  0.000000e+000  0.000000e+000  0.000000e+000  0.000000e+000  0.000000e+000  0.000000e+000  0.000000e+000  0.000000e+000  
0.000000e+000  0.000000e+000  0.000000e+000  0.000000e+000  0.000000e+000  0.000000e+000  0.000000e+000  0.000000e+000  0.000000e+000  0.000000e+000  0.000000e+000  0.000000e+000  0.000000e+000  0.000000e+000  0.000000e+000  
0.000000e+000  0.000000e+000  0.000000e+000  0.000000e+000  0.000000e+000  0.000000e+000  0.000000e+000  0.000000e+000  0.000000e+000  0.000000e+000  0.000000e+000  0.000000e+000  0.000000e+000  0.000000e+000  0.000000e+000  
0.000000e+000  0.000000e+000  0.000000e+000  0.000000e+000  0.000000e+000  0.000000e+000  0.000000e+000  0.000000e+000  0.000000e+000  0.000000e+000  0.000000e+000  0.000000e+000  0.000000e+000  0.000000e+000  0.000000e+000  
0.000000e+000  0.000000e+000  0.000000e+000  0.000000e+000  0.000000e+000  0.000000e+000  0.000000e+000  0.000000e+000  0.000000e+000  0.000000e+000  0.000000e+000  0.000000e+000  0.000000e+000  0.000000e+000  0.000000e+000  
0.000000e+000  0.000000e+000  0.000000e+000  0.000000e+000  0.000000e+000  0.000000e+000  0.000000e+000  0.000000e+000  0.000000e+000  0.000000e+000  0.000000e+000  0.000000e+000  0.000000e+000  0.000000e+000  0.000000e+000  
0.000000e+000  0.000000e+000  0.000000e+000  0.000000e+000  0.000000e+000  0.000000e+000  0.000000e+000  0.000000e+000  0.000000e+000  0.000000e+000  0.000000e+000  0.000000e+000  0.000000e+000  0.000000e+000  0.000000e+000  
0.000000e+000  0.000000e+000  0.000000e+000  0.000000e+000  0.000000e+000  0.000000e+000  0.000000e+000  0.000000e+000  0.000000e+000  0.000000e+000  0.000000e+000  0.000000e+000  0.000000e+000  0.000000e+000  0.000000e+000  
0.000000e+000  0.000000e+000  0.000000e+000  0.000000e+000  0.000000e+000  0.000000e+000  0.000000e+000  0.000000e+000  0.000000e+000  0.000000e+000  0.000000e+000  0.000000e+000  0.000000e+000  0.000000e+000  0.000000e+000  
0.000000e+000  0.000000e+000  0.000000e+000  0.000000e+000  0.000000e+000  0.000000e+000  0.000000e+000  0.000000e+000  0.000000e+000  0.000000e+000  0.000000e+000  0.000000e+000  0.000000e+000  0.000000e+000  0.000000e+000  
0.000000e+000  0.000000e+000  0.000000e+000  0.000000e+000  0.000000e+000  0.000000e+000  0.000000e+000  0.000000e+000  0.000000e+000  0.000000e+000  0.000000e+000  0.000000e+000  0.000000e+000  0.000000e+000  0.000000e+000  
0.000000e+000  0.000000e+000  0.000000e+000  0.000000e+000  0.000000e+000  0.000000e+000  0.000000e+000  0.000000e+000  0.000000e+000  0.000000e+000  0.000000e+000  0.000000e+000  0.000000e+000  0.000000e+000  0.000000e+000  
0.000000e+000  0.000000e+000  0.000000e+000  0.000000e+000  0.000000e+000  0.000000e+000  0.000000e+000  0.000000e+000  0.000000e+000  0.000000e+000  0.000000e+000  0.000000e+000  0.000000e+000  0.000000e+000  0.000000e+000  
0.000000e+000  0.000000e+000  0.000000e+000  0.000000e+000  0.000000e+000  0.000000e+000  0.000000e+000  0.000000e+000  0.000000e+000  0.000000e+000  0.000000e+000  0.000000e+000  0.000000e+000  0.000000e+000  0.000000e+000  
0.000000e+000  0.000000e+000  0.000000e+000  0.000000e+000  0.000000e+000  0.000000e+000  0.000000e+000  0.000000e+000  0.000000e+000  0.000000e+000  0.000000e+000  0.000000e+000  0.000000e+000  0.000000e+000  0.000000e+000  
0.000000e+000  0.000000e+000  0.000000e+000  0.000000e+000  0.000000e+000  0.000000e+000  0.000000e+000  0.000000e+000  0.000000e+000  0.000000e+000  0.000000e+000  0.000000e+000  0.000000e+000  0.000000e+000  0.000000e+000  
0.000000e+000  0.000000e+000  0.000000e+000  0.000000e+000  0.000000e+000  0.000000e+000  0.000000e+000  0.000000e+000  0.000000e+000  0.000000e+000  0.000000e+000  0.000000e+000  0.000000e+000  0.000000e+000  0.000000e+000  
0.000000e+000  0.000000e+000  0.000000e+000  0.000000e+000  0.000000e+000  0.000000e+000  0.000000e+000  0.000000e+000  0.000000e+000  0.000000e+000  0.000000e+000  0.000000e+000  0.000000e+000  0.000000e+000  0.000000e+000  
0.000000e+000  0.000000e+000  0.000000e+000  0.000000e+000  0.000000e+000  0.000000e+000  0.000000e+000  0.000000e+000  0.000000e+000  0.000000e+000  0.000000e+000  0.000000e+000  0.000000e+000  0.000000e+000  0.000000e+000  
0.000000e+000  0.000000e+000  0.000000e+000  0.000000e+000  0.000000e+000  0.000000e+000  0.000000e+000  0.000000e+000  0.000000e+000  0.000000e+000  0.000000e+000  0.000000e+000  0.000000e+000  0.000000e+000  0.000000e+000  
0.000000e+000  0.000000e+000  0.000000e+000  0.000000e+000  0.000000e+000  0.000000e+000  0.000000e+000  0.000000e+000  0.000000e+000  0.000000e+000  0.000000e+000  0.000000e+000  0.000000e+000  0.000000e+000  0.000000e+000  
0.000000e+000  0.000000e+000  0.000000e+000  0.000000e+000  0.000000e+000  0.000000e+000  0.000000e+000  0.000000e+000  0.000000e+000  0.000000e+000  0.000000e+000  0.000000e+000  0.000000e+000  0.000000e+000  0.000000e+000  
0.000000e+000  0.000000e+000  0.000000e+000  0.000000e+000  0.000000e+000  0.000000e+000  0.000000e+000  0.000000e+000  0.000000e+000  0.000000e+000  0.000000e+000  0.000000e+000  0.000000e+000  0.000000e+000  0.000000e+000  
0.000000e+000  0.000000e+000  0.000000e+000  0.000000e+000  0.000000e+000  0.000000e+000  0.000000e+000  0.000000e+000  0.000000e+000  0.000000e+000  0.000000e+000  0.000000e+000  0.000000e+000  0.000000e+000  0.000000e+000  
0.000000e+000  0.000000e+000  0.000000e+000  0.000000e+000  0.000000e+000  0.000000e+000  0.000000e+000  0.000000e+000  0.000000e+000  0.000000e+000  0.000000e+000  0.000000e+000  0.000000e+000  0.000000e+000  0.000000e+000  
0.000000e+000  0.000000e+000  0.000000e+000  0.000000e+000  0.000000e+000  0.000000e+000  0.000000e+000  0.000000e+000  0.000000e+000  0.000000e+000  0.000000e+000  0.000000e+000  0.000000e+000  0.000000e+000  0.000000e+000  
0.000000e+000  0.000000e+000  0.000000e+000  0.000000e+000  0.000000e+000  0.000000e+000  0.000000e+000  0.000000e+000  0.000000e+000  0.000000e+000  0.000000e+000  0.000000e+000  0.000000e+000  0.000000e+000  0.000000e+000  
0.000000e+000  0.000000e+000  0.000000e+000  0.000000e+000  0.000000e+000  0.000000e+000  0.000000e+000  0.000000e+000  0.000000e+000  0.000000e+000  0.000000e+000  0.000000e+000  0.000000e+000  0.000000e+000  0.000000e+000  
0.000000e+000  0.000000e+000  0.000000e+000  0.000000e+000  0.000000e+000  0.000000e+000  0.000000e+000  0.000000e+000  0.000000e+000  0.000000e+000  0.000000e+000  0.000000e+000  0.000000e+000  0.000000e+000  0.000000e+000  
0.000000e+000  0.000000e+000  0.000000e+000  0.000000e+000  0.000000e+000  0.000000e+000  0.000000e+000  0.000000e+000  0.000000e+000  0.000000e+000  0.000000e+000  0.000000e+000  0.000000e+000  0.000000e+000  0.000000e+000  
0.000000e+000  0.000000e+000  0.000000e+000  0.000000e+000  0.000000e+000  0.000000e+000  0.000000e+000  0.000000e+000  0.000000e+000  0.000000e+000  0.000000e+000  0.000000e+000  0.000000e+000  0.000000e+000  0.000000e+000  
0.000000e+000  0.000000e+000  0.000000e+000  0.000000e+000  0.000000e+000  0.000000e+000  0.000000e+000  0.000000e+000  0.000000e+000  0.000000e+000  0.000000e+000  0.000000e+000  0.000000e+000  0.000000e+000  0.000000e+000  
0.000000e+000  0.000000e+000  0.000000e+000  0.000000e+000  0.000000e+000  0.000000e+000  0.000000e+000  0.000000e+000  0.000000e+000  0.000000e+000  0.000000e+000  0.000000e+000  0.000000e+000  0.000000e+000  0.000000e+000  
0.000000e+000  0.000000e+000  0.000000e+000  0.000000e+000  0.000000e+000  0.000000e+000  0.000000e+000  0.000000e+000  0.000000e+000  0.000000e+000  0.000000e+000  0.000000e+000  0.000000e+000  0.000000e+000  0.000000e+000  
0.000000e+000  0.000000e+000  0.000000e+000  0.000000e+000  0.000000e+000  0.000000e+000  0.000000e+000  0.000000e+000  0.000000e+000  0.000000e+000  0.000000e+000  0.000000e+000  0.000000e+000  0.000000e+000  0.000000e+000  
0.000000e+000  0.000000e+000  0.000000e+000  0.000000e+000  0.000000e+000  0.000000e+000  0.000000e+000  0.000000e+000  0.000000e+000  0.000000e+000  0.000000e+000  0.000000e+000  0.000000e+000  0.000000e+000  0.000000e+000  
0.000000e+000  0.000000e+000  0.000000e+000  0.000000e+000  0.000000e+000  0.000000e+000  0.000000e+000  0.000000e+000  0.000000e+000  0.000000e+000  0.000000e+000  0.000000e+000  0.000000e+000  0.000000e+000  0.000000e+000  
0.000000e+000  0.000000e+000  0.000000e+000  0.000000e+000  0.000000e+000  0.000000e+000  0.000000e+000  0.000000e+000  0.000000e+000  0.000000e+000  0.000000e+000  0.000000e+000  0.000000e+000  0.000000e+000  0.000000e+000  

-3.360203e-001  -3.452216e-001  -3.633684e-001  -3.898820e-001  -4.237374e-001  -4.633062e-001  -5.062173e-001  -5.457910e-001  -5.732216e-001  -5.926900e-001  -6.099501e-001  -6.259943e-001  -6.378638e-001  -6.438490e-001  -0.000000e+000  
-3.352074e-001  -3.445014e-001  -3.628477e-001  -3.896937e-001  -4.240458e-001  -4.643009e-001  -5.080892e-001  -5.486010e-001  -5.767507e-001  -5.967548e-001  -6.145070e-001  -6.309032e-001  -6.429622e-001  -6.490425e-001  -0.000000e+000  
-3.335574e-001  -3.430339e-001  -3.617743e-001  -3.892792e-001  -4.246206e-001  -4.662510e-001  -5.118073e-001  -5.542218e-001  -5.838372e-001  -6.049358e-001  -6.236957e-001  -6.408088e-001  -6.532488e-001  -6.595203e-001  -0.000000e+000  
-3.310228e-001  -3.407659e-001  -3.600843e-001  -3.885620e-001  -4.253768e-001  -4.690748e-001  -5.173168e-001  -5.626521e-001  -5.945358e-001  -6.173356e-001  -6.376678e-001  -6.558891e-001  -6.689049e-001  -6.754643e-001  -0.000000e+000  
-3.275337e-001  -3.376182e-001  -3.576817e-001  -3.874261e-001  -4.261827e-001  -4.726431e-001  -5.245266e-001  -5.738818e-001  -6.089241e-001  -6.341075e-001  -6.566546e-001  -6.764162e-001  -6.902045e-001  -6.971487e-001  -0.000000e+000  
-3.231829e-001  -3.336546e-001  -3.545707e-001  -3.857836e-001  -4.268282e-001  -4.766035e-001  -5.329424e-001  -5.873151e-001  -6.263611e-001  -6.545912e-001  -6.799893e-001  -7.016973e-001  -7.164124e-001  -7.238150e-001  -0.000000e+000  
-3.180448e-001  -3.289260e-001  -3.507536e-001  -3.835620e-001  -4.271398e-001  -4.806636e-001  -5.421561e-001  -6.024681e-001  -6.463402e-001  -6.782784e-001  -7.071755e-001  -7.312183e-001  -7.469716e-001  -7.548821e-001  -0.000000e+000  
-3.113980e-001  -3.227419e-001  -3.456139e-001  -3.802871e-001  -4.268970e-001  -4.850253e-001  -5.530249e-001  -6.210504e-001  -6.713312e-001  -7.082523e-001  -7.418991e-001  -7.690202e-001  -7.860138e-001  -7.945209e-001  -0.000000e+000  
-3.027732e-001  -3.146117e-001  -3.386251e-001  -3.753981e-001  -4.255413e-001  -4.892350e-001  -5.654060e-001  -6.435041e-001  -7.024178e-001  -7.461630e-001  -7.864067e-001  -8.176250e-001  -8.360089e-001  -8.451611e-001  -0.000000e+000  
-2.924539e-001  -3.047525e-001  -3.298612e-001  -3.687350e-001  -4.225755e-001  -4.923683e-001  -5.779278e-001  -6.681688e-001  -7.379011e-001  -7.903777e-001  -8.392112e-001  -8.754722e-001  -8.951211e-001  -9.048109e-001  -0.000000e+000  
-2.802822e-001  -2.929643e-001  -3.190345e-001  -3.598711e-001  -4.173873e-001  -4.936167e-001  -5.896844e-001  -6.943454e-001  -7.775622e-001  -8.412099e-001  -9.012771e-001  -9.436622e-001  -9.640805e-001  -9.739820e-001  -0.000000e+000  
-2.661114e-001  -2.790536e-001  -3.058498e-001  -3.483415e-001  -4.092652e-001  -4.919681e-001  -5.994269e-001  -7.209111e-001  -8.208463e-001  -8.988144e-001  -9.736905e-001  -1.023397e+000  -1.043406e+000  -1.052795e+000  -0.000000e+000  
-2.498174e-001  -2.628459e-001  -2.900198e-001  -3.336602e-001  -3.974096e-001  -4.861872e-001  -6.054649e-001  -7.461061e-001  -8.666125e-001  -9.629862e-001  -1.057603e+000  -1.115884e+000  -1.133074e+000  -1.140521e+000  -0.000000e+000  
-2.313108e-001  -2.442010e-001  -2.712860e-001  -3.153473e-001  -3.809592e-001  -4.748150e-001  -6.055646e-001  -7.672317e-001  -9.127103e-001  -1.032776e+000  -1.154090e+000  -1.222133e+000  -1.231921e+000  -1.234777e+000  -0.000000e+000  
-2.118465e-001  -2.243518e-001  -2.508081e-001  -2.943649e-001  -3.604120e-001  -4.573699e-001  -5.974154e-001  -7.794344e-001  -9.526008e-001  -1.101177e+000  -1.256940e+000  -1.335003e+000  -1.330007e+000  -1.324164e+000  -0.000000e+000  
-1.919645e-001  -2.038741e-001  -2.292256e-001  -2.714199e-001  -3.364735e-001  -4.343073e-001  -5.805909e-001  -7.804121e-001  -9.822219e-001  -1.163518e+000  -1.362588e+000  -1.450353e+000  -1.420495e+000  -1.400661e+000  -0.000000e+000  
-1.704178e-001  -1.814765e-001  -2.051538e-001  -2.449695e-001  -3.073399e-001  -4.033649e-001  -5.519793e-001  -7.657835e-001  -9.968820e-001  -1.217172e+000  -1.475382e+000  -1.572810e+000  -1.500246e+000  -1.457826e+000  -0.000000e+000  
-1.473001e-001  -1.572450e-001  -1.786506e-001  -2.149875e-001  -2.727510e-001  -3.636523e-001  -5.090225e-001  -7.291363e-001  -9.851512e-001  -1.248251e+000  -1.587343e+000  -1.694246e+000  -1.551468e+000  -1.475732e+000  -0.000000e+000  
-1.227508e-001  -1.313237e-001  -1.498620e-001  -1.815939e-001  -2.326950e-001  -3.146832e-001  -4.496487e-001  -6.635474e-001  -9.305033e-001  -1.230286e+000  -1.674426e+000  -1.791041e+000  -1.541664e+000  -1.425073e+000  -0.000000e+000  
-9.695372e-002  -1.039158e-001  -1.190285e-001  -1.450757e-001  -1.874746e-001  -2.565864e-001  -3.729727e-001  -5.635813e-001  -8.130429e-001  -1.115508e+000  -1.659774e+000  -1.784351e+000  -1.413063e+000  -1.270008e+000  -0.000000e+000  
-6.745283e-002  -7.241728e-002  -8.322938e-002  -1.019751e-001  -1.327707e-001  -1.836352e-001  -2.707547e-001  -4.155438e-001  -6.019320e-001  -8.075578e-001  -1.083818e+000  -1.226168e+000  -1.048838e+000  -9.592385e-001  -0.000000e+000  
-3.421294e-002  -3.677774e-002  -4.237347e-002  -5.210634e-002  -6.817681e-002  -9.491119e-002  -1.410566e-001  -2.176326e-001  -3.119574e-001  -4.043451e-001  -4.951215e-001  -5.870539e-001  -5.384194e-001  -5.049451e-001  -0.000000e+000  
-4.239992e-004  -4.725465e-004  -5.729743e-004  -7.317468e-004  -9.594536e-004  -1.277510e-003  -1.749035e-003  -2.510846e-003  -3.548445e-003  -4.611090e-003  -5.601257e-003  -8.346910e-003  -7.762811e-003  -7.299908e-003  -0.000000e+000  
3.337637e-002  3.584475e-002  4.124097e-002  5.065846e-002  6.627839e-002  9.239256e-002  1.376492e-001  2.128286e-001  3.051093e-001  3.950289e-001  4.828363e-001  5.696371e-001  5.230623e-001  4.909454e-001  -0.000000e+000  
6.665038e-002  7.152050e-002  8.213705e-002  1.005734e-001  1.309307e-001  1.812153e-001  2.675962e-001  4.114242e-001  5.962003e-001  7.986080e-001  1.067224e+000  1.205455e+000  1.034568e+000  9.475841e-001  -0.000000e+000  
9.893290e-002  1.059887e-001  1.213097e-001  1.477307e-001  1.907771e-001  2.610370e-001  3.795764e-001  5.742396e-001  8.298933e-001  1.139784e+000  1.687503e+000  1.807122e+000  1.438406e+000  1.292747e+000  -0.000000e+000  
1.297624e-001  1.387046e-001  1.580222e-001  1.910308e-001  2.440505e-001  3.288039e-001  4.675856e-001  6.856587e-001  9.534942e-001  1.246409e+000  1.659765e+000  1.772118e+000  1.556137e+000  1.450493e+000  -0.000000e+000  
1.587157e-001  1.691888e-001  1.916741e-001  2.296731e-001  2.896650e-001  3.831306e-001  5.304263e-001  7.484871e-001  9.938872e-001  1.237113e+000  1.535798e+000  1.637552e+000  1.530415e+000  1.470967e+000  -0.000000e+000  
1.952616e-001  2.073081e-001  2.329343e-001  2.755335e-001  3.410791e-001  4.393300e-001  5.854412e-001  7.832007e-001  9.804127e-001  1.155789e+000  1.346481e+000  1.432708e+000  1.408439e+000  1.391759e+000  -0.000000e+000  
2.364593e-001  2.494465e-001  2.766830e-001  3.208387e-001  3.862444e-001  4.790924e-001  6.070722e-001  7.631214e-001  9.016453e-001  1.015091e+000  1.129006e+000  1.194344e+000  1.206154e+000  1.210287e+000  -0.000000e+000  
2.705911e-001  2.835016e-001  3.101712e-001  3.522962e-001  4.123478e-001  4.932414e-001  5.973503e-001  7.137902e-001  8.087686e-001  8.825682e-001  9.532246e-001  1.000701e+000  1.020541e+000  1.029919e+000  -0.000000e+000  
2.948798e-001  3.071031e-001  3.320207e-001  3.705014e-001  4.236104e-001  4.921542e-001  5.757744e-001  6.635639e-001  7.312147e-001  7.820742e-001  8.293772e-001  8.646168e-001  8.838054e-001  8.932680e-001  -0.000000e+000  
3.082763e-001  3.198114e-001  3.431230e-001  3.786027e-001  4.265723e-001  4.868620e-001  5.580926e-001  6.302115e-001  6.841016e-001  7.239252e-001  7.604212e-001  7.892226e-001  8.066476e-001  8.153390e-001  -0.000000e+000  
3.163267e-001  3.273439e-001  3.494778e-001  3.828327e-001  4.273041e-001  4.822043e-001  5.456895e-001  6.084443e-001  6.544131e-001  6.880126e-001  7.185203e-001  7.435524e-001  7.596229e-001  7.676781e-001  -0.000000e+000  
3.227890e-001  3.333117e-001  3.543412e-001  3.857544e-001  4.271239e-001  4.773989e-001  5.344649e-001  5.897360e-001  6.295579e-001  6.584048e-001  6.844024e-001  7.064769e-001  7.213060e-001  7.287600e-001  -0.000000e+000  
3.275886e-001  3.376909e-001  3.577941e-001  3.876095e-001  4.264846e-001  4.731348e-001  5.253070e-001  5.750337e-001  6.104054e-001  6.358539e-001  6.586610e-001  6.785790e-001  6.924108e-001  6.993740e-001  -0.000000e+000  
3.310980e-001  3.408622e-001  3.602270e-001  3.887854e-001  4.257293e-001  4.696236e-001  5.181470e-001  5.638233e-001  5.959958e-001  6.190227e-001  6.395735e-001  6.579350e-001  6.710034e-001  6.775877e-001  -0.000000e+000  
3.336484e-001  3.431485e-001  3.619402e-001  3.895324e-001  4.250099e-001  4.668397e-001  5.126700e-001  5.554023e-001  5.852777e-001  6.065770e-001  6.255274e-001  6.427684e-001  6.552652e-001  6.615642e-001  -0.000000e+000  
3.353091e-001  3.446284e-001  3.630291e-001  3.899668e-001  4.244589e-001  4.649148e-001  5.089714e-001  5.497854e-001  5.781767e-001  5.983649e-001  6.162899e-001  6.328061e-001  6.449234e-001  6.510325e-001  -0.000000e+000  
3.361276e-001  3.453549e-001  3.635576e-001  3.901650e-001  4.241624e-001  4.639323e-001  5.071087e-001  5.469768e-001  5.746398e-001  5.942844e-001  6.117089e-001  6.278691e-001  6.397974e-001  6.458117e-001  -0.000000e+000  
-0.000000e+000  -0.000000e+000  -0.000000e+000  -0.000000e+000  -0.000000e+000  -0.000000e+000  -0.000000e+000  -0.000000e+000  -0.000000e+000  -0.000000e+000  -0.000000e+000  -0.000000e+000  -0.000000e+000  -0.000000e+000  -0.000000e+000  

