Defined reference frequency for open boundary condition (3.5 GHz) is larger
than the lowest relevant system frequency (monitor at 1 GHz).
Please check open boundary settings to ensure accurate monitor results for the
lowest frequency of interest.

--------------------------------------------------------------------------------
Build version: 2016.1 Release from 2016-02-26 (change 422839)

Starting adaptive port meshing.

--------------------------------------------------------------------------------
Mode calculation for port 1:

--------------------------------------------------------------------------------

--------------------------------------------------------------------------------

--------------------------------------------------------------------------------
Using electric shielding for port 1.

--------------------------------------------------------------------------------
Port mode solver: Detected dispersive material(s) at port 1. 
Using a constant approximation of dispersive material(s) at 3.5 GHz and
neglecting loss terms. 

--------------------------------------------------------------------------------
  -------------------------------- F-Calc 3.5 --------------------------------
  Port   Mode   Type        Z-Wave        Z-Wave-Sigma  Z-Line        F-Cutoff
  1      1      QTEM        206           0.0276        48.2          ---
  ----------------------------------------------------------------------------

*** Warning ***

Some higher order propagating modes at port 1 are not considered in time domain
calculation. This possibly leads to an inaccurate energy balance. Consider to
increase the number of modes or decrease the upper frequency limit. More...

--------------------------------------------------------------------------------
Pass 1 successfully completed. 

--------------------------------------------------------------------------------

--------------------------------------------------------------------------------
  -------------------------------- F-Calc 3.5 --------------------------------
  Port   Mode   Type        Z-Wave        Z-Wave-Sigma  Z-Line        F-Cutoff
  1      1      QTEM        209           0.0935        48.8          ---
  ----------------------------------------------------------------------------

Pass 2 successfully completed. Delta (Line Imp.): 1.131108%

--------------------------------------------------------------------------------

--------------------------------------------------------------------------------
*** Warning ***

2023 May 04: 15:12:35: current system memory usage reached 85%

--------------------------------------------------------------------------------
  -------------------------------- F-Calc 3.5 --------------------------------
  Port   Mode   Type        Z-Wave        Z-Wave-Sigma  Z-Line        F-Cutoff
  1      1      QTEM        226           16.9          49.1          ---
  ----------------------------------------------------------------------------

Pass 3 successfully completed. Delta (Line Imp.): 0.623448%

--------------------------------------------------------------------------------

--------------------------------------------------------------------------------
*** Warning ***

2023 May 04: 15:12:38: current system memory usage reached 85%

--------------------------------------------------------------------------------
  -------------------------------- F-Calc 3.5 --------------------------------
  Port   Mode   Type        Z-Wave        Z-Wave-Sigma  Z-Line        F-Cutoff
  1      1      QTEM        254           0             49.2          ---
  ----------------------------------------------------------------------------

Pass 4 successfully completed. Delta (Line Imp.): 0.237380%
Mode calculation for port 2:

--------------------------------------------------------------------------------

--------------------------------------------------------------------------------

--------------------------------------------------------------------------------
*** Warning ***

2023 May 04: 15:12:46: current system memory usage reached 85%

--------------------------------------------------------------------------------
Using electric shielding for port 2.

--------------------------------------------------------------------------------
Port mode solver: Detected dispersive material(s) at port 2. 
Using a constant approximation of dispersive material(s) at 3.5 GHz and
neglecting loss terms. 

--------------------------------------------------------------------------------
  -------------------------------- F-Calc 3.5 --------------------------------
  Port   Mode   Type        Z-Wave        Z-Wave-Sigma  Z-Line        F-Cutoff
  2      1      QTEM        206           0.0276        48.2          ---
  ----------------------------------------------------------------------------

*** Warning ***

Some higher order propagating modes at port 2 are not considered in time domain
calculation. This possibly leads to an inaccurate energy balance. Consider to
increase the number of modes or decrease the upper frequency limit. More...

--------------------------------------------------------------------------------
Pass 1 successfully completed. 

--------------------------------------------------------------------------------

--------------------------------------------------------------------------------
*** Warning ***

2023 May 04: 15:12:48: current system memory usage reached 85%

--------------------------------------------------------------------------------
  -------------------------------- F-Calc 3.5 --------------------------------
  Port   Mode   Type        Z-Wave        Z-Wave-Sigma  Z-Line        F-Cutoff
  2      1      QTEM        209           0.0935        48.8          ---
  ----------------------------------------------------------------------------

Pass 2 successfully completed. Delta (Line Imp.): 1.131108%

--------------------------------------------------------------------------------

--------------------------------------------------------------------------------
*** Warning ***

2023 May 04: 15:12:51: current system memory usage reached 85%

--------------------------------------------------------------------------------
  -------------------------------- F-Calc 3.5 --------------------------------
  Port   Mode   Type        Z-Wave        Z-Wave-Sigma  Z-Line        F-Cutoff
  2      1      QTEM        226           16.9          49.1          ---
  ----------------------------------------------------------------------------

Pass 3 successfully completed. Delta (Line Imp.): 0.623448%

--------------------------------------------------------------------------------

--------------------------------------------------------------------------------
*** Warning ***

2023 May 04: 15:12:54: current system memory usage reached 85%

--------------------------------------------------------------------------------
  -------------------------------- F-Calc 3.5 --------------------------------
  Port   Mode   Type        Z-Wave        Z-Wave-Sigma  Z-Line        F-Cutoff
  2      1      QTEM        254           0             49.2          ---
  ----------------------------------------------------------------------------

Pass 4 successfully completed. Delta (Line Imp.): 0.237380%
Mode calculation for port 3:

--------------------------------------------------------------------------------

--------------------------------------------------------------------------------

--------------------------------------------------------------------------------
*** Warning ***

2023 May 04: 15:12:58: current system memory usage reached 85%

--------------------------------------------------------------------------------
Using electric shielding for port 3.

--------------------------------------------------------------------------------
Port mode solver: Detected dispersive material(s) at port 3. 
Using a constant approximation of dispersive material(s) at 3.5 GHz and
neglecting loss terms. 

--------------------------------------------------------------------------------
  -------------------------------- F-Calc 3.5 --------------------------------
  Port   Mode   Type        Z-Wave        Z-Wave-Sigma  Z-Line        F-Cutoff
  3      1      QTEM        206           0.0276        48.2          ---
  ----------------------------------------------------------------------------

*** Warning ***

Some higher order propagating modes at port 3 are not considered in time domain
calculation. This possibly leads to an inaccurate energy balance. Consider to
increase the number of modes or decrease the upper frequency limit. More...

--------------------------------------------------------------------------------
Pass 1 successfully completed. 

--------------------------------------------------------------------------------

--------------------------------------------------------------------------------
*** Warning ***

2023 May 04: 15:13:00: current system memory usage reached 85%

--------------------------------------------------------------------------------
  -------------------------------- F-Calc 3.5 --------------------------------
  Port   Mode   Type        Z-Wave        Z-Wave-Sigma  Z-Line        F-Cutoff
  3      1      QTEM        209           0.0935        48.8          ---
  ----------------------------------------------------------------------------

Pass 2 successfully completed. Delta (Line Imp.): 1.131108%

--------------------------------------------------------------------------------

--------------------------------------------------------------------------------
*** Warning ***

2023 May 04: 15:13:03: current system memory usage reached 85%

--------------------------------------------------------------------------------
  -------------------------------- F-Calc 3.5 --------------------------------
  Port   Mode   Type        Z-Wave        Z-Wave-Sigma  Z-Line        F-Cutoff
  3      1      QTEM        226           16.9          49.1          ---
  ----------------------------------------------------------------------------

Pass 3 successfully completed. Delta (Line Imp.): 0.623448%

--------------------------------------------------------------------------------

--------------------------------------------------------------------------------
*** Warning ***

2023 May 04: 15:13:06: current system memory usage reached 85%

--------------------------------------------------------------------------------
  -------------------------------- F-Calc 3.5 --------------------------------
  Port   Mode   Type        Z-Wave        Z-Wave-Sigma  Z-Line        F-Cutoff
  3      1      QTEM        254           0             49.2          ---
  ----------------------------------------------------------------------------

Pass 4 successfully completed. Delta (Line Imp.): 0.237380%
Mode calculation for port 4:

--------------------------------------------------------------------------------

--------------------------------------------------------------------------------

--------------------------------------------------------------------------------
*** Warning ***

2023 May 04: 15:13:10: current system memory usage reached 85%

--------------------------------------------------------------------------------
Using electric shielding for port 4.

--------------------------------------------------------------------------------
Port mode solver: Detected dispersive material(s) at port 4. 
Using a constant approximation of dispersive material(s) at 3.5 GHz and
neglecting loss terms. 

--------------------------------------------------------------------------------
  -------------------------------- F-Calc 3.5 --------------------------------
  Port   Mode   Type        Z-Wave        Z-Wave-Sigma  Z-Line        F-Cutoff
  4      1      QTEM        206           0.0276        48.2          ---
  ----------------------------------------------------------------------------

*** Warning ***

Some higher order propagating modes at port 4 are not considered in time domain
calculation. This possibly leads to an inaccurate energy balance. Consider to
increase the number of modes or decrease the upper frequency limit. More...

--------------------------------------------------------------------------------
Pass 1 successfully completed. 

--------------------------------------------------------------------------------

--------------------------------------------------------------------------------
*** Warning ***

2023 May 04: 15:13:12: current system memory usage reached 85%

--------------------------------------------------------------------------------
  -------------------------------- F-Calc 3.5 --------------------------------
  Port   Mode   Type        Z-Wave        Z-Wave-Sigma  Z-Line        F-Cutoff
  4      1      QTEM        209           0.0935        48.8          ---
  ----------------------------------------------------------------------------

Pass 2 successfully completed. Delta (Line Imp.): 1.131108%

--------------------------------------------------------------------------------

--------------------------------------------------------------------------------
*** Warning ***

2023 May 04: 15:13:15: current system memory usage reached 85%

--------------------------------------------------------------------------------
  -------------------------------- F-Calc 3.5 --------------------------------
  Port   Mode   Type        Z-Wave        Z-Wave-Sigma  Z-Line        F-Cutoff
  4      1      QTEM        226           16.9          49.1          ---
  ----------------------------------------------------------------------------

Pass 3 successfully completed. Delta (Line Imp.): 0.623448%

--------------------------------------------------------------------------------

--------------------------------------------------------------------------------
*** Warning ***

2023 May 04: 15:13:18: current system memory usage reached 85%

--------------------------------------------------------------------------------
  -------------------------------- F-Calc 3.5 --------------------------------
  Port   Mode   Type        Z-Wave        Z-Wave-Sigma  Z-Line        F-Cutoff
  4      1      QTEM        254           0             49.2          ---
  ----------------------------------------------------------------------------

Pass 4 successfully completed. Delta (Line Imp.): 0.237380%
Adaptive port meshing finished. 

--------------------------------------------------------------------------------

Solver started at: 03:13 PM Thursday, 04. May 2023

  Module:  Time Domain: S-Parameter (Win 64)
  Version: 2016.1 Release from 2016-02-26 (change 422839)


--------------------------------------------------------------------------------

--------------------------------------------------------------------------------
======================================================================
 Solver cycle: 1
======================================================================

Stimulation at port 1 (mode 1) 


--------------------------------------------------------------------------------
*** Warning ***

2023 May 04: 15:13:23: current system memory usage reached 85%

--------------------------------------------------------------------------------
Units settings: 

  Dimensions: mm
  Frequency:  GHz
  Time:       ns

--------------------------------------------------------------------------------
Mesh statistics:

   Hexahedral mesh type: FPBA [accuracy enhancement is enabled]

   Parallelization type: domain decomposition
      Number of parallel working threads: 2
      Number of calculation domains used: 2

   Used point accuracy enhancement value: 73.00%.
   PBA fill limit: 98.44% (inverse)
   Used point accuracy enhancement value: 72.00%.
   PBA fill limit: 98.25% (inverse)

   *** Warning ***

   2023 May 04: 15:03:22: current system memory usage
   reached 90%

   *** Warning ***

   2023 May 04: 15:12:30: current system memory usage
   reached 85%

   *** Warning ***

   2023 May 04: 15:12:33: current system memory usage
   reached 85%



--------------------------------------------------------------------------------
Using electric shielding for port 1, 2, 3, 4.

--------------------------------------------------------------------------------
Port mode solver: Detected dispersive material(s) at port 1, 2, 3, 4. 
Using a constant approximation of dispersive material(s) at 3.5 GHz and
neglecting loss terms. 

--------------------------------------------------------------------------------
Boundary conditions: 

  YZsymmetry: none
  XZsymmetry: none
  XYsymmetry: none

  Xmin: expanded open, 4 Layer, depth 12.3812 mm
  Xmax: expanded open, 4 Layer, depth 12.3812 mm

  Ymin: expanded open, 4 Layer, depth 12.2198 mm
  Ymax: expanded open, 4 Layer, depth 12.2198 mm

  Zmin: expanded open, 4 Layer, depth 13.2587 mm
  Zmax: expanded open, 4 Layer, depth 12.4052 mm

  PML-Type: Convolution PML

--------------------------------------------------------------------------------
Frequency settings: 

  Fmin:         1
  Fmax:         6
  Nfsteps(lin): 1001

--------------------------------------------------------------------------------
Waveguide boundaries:

Port: 1

  -------------------------------- F-Calc 3.5 --------------------------------
  Port   Mode   Type        Z-Wave        Z-Wave-Sigma  Z-Line        F-Cutoff
  1      1      QTEM        206           0.0276        49.2          ---
  ----------------------------------------------------------------------------

Port: 2

  -------------------------------- F-Calc 3.5 --------------------------------
  Port   Mode   Type        Z-Wave        Z-Wave-Sigma  Z-Line        F-Cutoff
  2      1      QTEM        206           0.0276        49.2          ---
  ----------------------------------------------------------------------------

Port: 3

  -------------------------------- F-Calc 3.5 --------------------------------
  Port   Mode   Type        Z-Wave        Z-Wave-Sigma  Z-Line        F-Cutoff
  3      1      QTEM        206           0.0276        49.2          ---
  ----------------------------------------------------------------------------

Port: 4

  -------------------------------- F-Calc 3.5 --------------------------------
  Port   Mode   Type        Z-Wave        Z-Wave-Sigma  Z-Line        F-Cutoff
  4      1      QTEM        206           0.0276        49.2          ---
  ----------------------------------------------------------------------------

*** Warning ***

Some higher order propagating modes at port 1 are not considered in time domain
calculation. This possibly leads to an inaccurate energy balance. Consider to
increase the number of modes or decrease the upper frequency limit. More...

--------------------------------------------------------------------------------
*** Warning ***

Some higher order propagating modes at port 2 are not considered in time domain
calculation. This possibly leads to an inaccurate energy balance. Consider to
increase the number of modes or decrease the upper frequency limit. More...

--------------------------------------------------------------------------------
*** Warning ***

Some higher order propagating modes at port 3 are not considered in time domain
calculation. This possibly leads to an inaccurate energy balance. Consider to
increase the number of modes or decrease the upper frequency limit. More...

--------------------------------------------------------------------------------
*** Warning ***

Some higher order propagating modes at port 4 are not considered in time domain
calculation. This possibly leads to an inaccurate energy balance. Consider to
increase the number of modes or decrease the upper frequency limit. More...

--------------------------------------------------------------------------------
Field update statistics:

  Number of components in total: 	837849
  Number of lossy metal components:	4860
  Number of disp. elements:		23644

Subcycling state:      Automatically deactivated

--------------------------------------------------------------------------------

--------------------------------------------------------------------------------
Broadband farfield monitor expansion origin: 
   x: 0
   y: 0
   z: -4.56

--------------------------------------------------------------------------------
Broadband farfield monitor: Using order 12. (168 farfield modes.)

--------------------------------------------------------------------------------

--------------------------------------------------------------------------------
Steady state energy criterion met, solver finished successfully.

--------------------------------------------------------------------------------
Frequency domain results normalized to default signal.

--------------------------------------------------------------------------------

  ----------------------------------------------------------------------------
                      Peak memory used (kB)         Free physical memory (kB) 
                                                    At begin     Minimum      
  ----------------------------------------------------------------------------
  Matrices calc.      154268                        1356636      1205356      
  Solver run total    283608                        1395328      1130484      
  ----------------------------------------------------------------------------

--------------------------------------------------------------------------------
Solver Statistics:

  Hardware:
     Computer name:                 	LAPTOP-BK7GUF1N 

     Number of CPU threads:             4
     Hardware info:                  	Hardware acceleration not activated

  Number of mesh cells:             	135000
  Excitation duration:              	1.42181950e+000 ns 
  Calculation time for excitation:  	7      	s
  Number of calculated pulse widths:	4.40405 
  Steady state accuracy limit:      	-30	dB 
  Simulated number of time steps:   	5170   
  Maximum number of time steps:     	23478  
  Time step width:
     without subcycles:             	1.21117316e-003 ns
     used:                          	1.21117316e-003 ns

  Matrix calculation time:          	10     	s
  Solver setup time:                	3      	s
  Solver loop time:                 	26     	s
  Solver post processing time:      	2      	s
  Processing of broadband farfields:	3      	s
                                    	------------
  Total solver time:                	44     	s

--------------------------------------------------------------------------------
======================================================================
 Solver cycle: 2
======================================================================

Stimulation at port 2 (mode 1) 


--------------------------------------------------------------------------------
*** Warning ***

2023 May 04: 15:14:07: current system memory usage reached 85%

--------------------------------------------------------------------------------
Units settings: 

  Dimensions: mm
  Frequency:  GHz
  Time:       ns

--------------------------------------------------------------------------------
Boundary conditions: 

  YZsymmetry: none
  XZsymmetry: none
  XYsymmetry: none

  Xmin: expanded open, 4 Layer, depth 12.3812 mm
  Xmax: expanded open, 4 Layer, depth 12.3812 mm

  Ymin: expanded open, 4 Layer, depth 12.2198 mm
  Ymax: expanded open, 4 Layer, depth 12.2198 mm

  Zmin: expanded open, 4 Layer, depth 13.2587 mm
  Zmax: expanded open, 4 Layer, depth 12.4052 mm

  PML-Type: Convolution PML

--------------------------------------------------------------------------------
Frequency settings: 

  Fmin:         1
  Fmax:         6
  Nfsteps(lin): 1001

--------------------------------------------------------------------------------
Field update statistics:

  Number of components in total: 	837849
  Number of lossy metal components:	4860
  Number of disp. elements:		23644

Subcycling state:      Automatically deactivated

--------------------------------------------------------------------------------
Broadband farfield monitor expansion origin: 
   x: 0
   y: 0
   z: -4.56

--------------------------------------------------------------------------------
Broadband farfield monitor: Using order 12. (168 farfield modes.)

--------------------------------------------------------------------------------

--------------------------------------------------------------------------------
Steady state energy criterion met, solver finished successfully.

--------------------------------------------------------------------------------
Frequency domain results normalized to default signal.

--------------------------------------------------------------------------------

  ----------------------------------------------------------------------------
                      Peak memory used (kB)         Free physical memory (kB) 
                                                    At begin     Minimum      
  ----------------------------------------------------------------------------
  Matrices calc.      154268                        1356636      1205356      
  Solver run total    283608                        1206040      1120808      
  ----------------------------------------------------------------------------

--------------------------------------------------------------------------------
Solver Statistics:

  Hardware:
     Computer name:                 	LAPTOP-BK7GUF1N 

     Number of CPU threads:             4
     Hardware info:                  	Hardware acceleration not activated

  Number of mesh cells:             	135000
  Excitation duration:              	1.42181950e+000 ns 
  Calculation time for excitation:  	6      	s
  Number of calculated pulse widths:	4.36401 
  Steady state accuracy limit:      	-30	dB 
  Simulated number of time steps:   	5123   
  Maximum number of time steps:     	23478  
  Time step width:
     without subcycles:             	1.21117316e-003 ns
     used:                          	1.21117316e-003 ns

  Reloading matrices:               	0      	s
  Solver setup time:                	2      	s
  Solver loop time:                 	25     	s
  Solver post processing time:      	-2     	s
  Processing of broadband farfields:	6      	s
                                    	------------
  Total solver time:                	31     	s

--------------------------------------------------------------------------------
======================================================================
 Solver cycle: 3
======================================================================

Stimulation at port 3 (mode 1) 


--------------------------------------------------------------------------------
*** Warning ***

2023 May 04: 15:14:39: current system memory usage reached 85%

--------------------------------------------------------------------------------
Units settings: 

  Dimensions: mm
  Frequency:  GHz
  Time:       ns

--------------------------------------------------------------------------------
Boundary conditions: 

  YZsymmetry: none
  XZsymmetry: none
  XYsymmetry: none

  Xmin: expanded open, 4 Layer, depth 12.3812 mm
  Xmax: expanded open, 4 Layer, depth 12.3812 mm

  Ymin: expanded open, 4 Layer, depth 12.2198 mm
  Ymax: expanded open, 4 Layer, depth 12.2198 mm

  Zmin: expanded open, 4 Layer, depth 13.2587 mm
  Zmax: expanded open, 4 Layer, depth 12.4052 mm

  PML-Type: Convolution PML

--------------------------------------------------------------------------------
Frequency settings: 

  Fmin:         1
  Fmax:         6
  Nfsteps(lin): 1001

--------------------------------------------------------------------------------
Field update statistics:

  Number of components in total: 	837849
  Number of lossy metal components:	4860
  Number of disp. elements:		23644

Subcycling state:      Automatically deactivated

--------------------------------------------------------------------------------
Broadband farfield monitor expansion origin: 
   x: 0
   y: 0
   z: -4.56

--------------------------------------------------------------------------------
Broadband farfield monitor: Using order 12. (168 farfield modes.)

--------------------------------------------------------------------------------

--------------------------------------------------------------------------------
Steady state energy criterion met, solver finished successfully.

--------------------------------------------------------------------------------
Frequency domain results normalized to default signal.

--------------------------------------------------------------------------------

  ----------------------------------------------------------------------------
                      Peak memory used (kB)         Free physical memory (kB) 
                                                    At begin     Minimum      
  ----------------------------------------------------------------------------
  Matrices calc.      154268                        1356636      1205356      
  Solver run total    283608                        1223548      1174204      
  ----------------------------------------------------------------------------

--------------------------------------------------------------------------------
Solver Statistics:

  Hardware:
     Computer name:                 	LAPTOP-BK7GUF1N 

     Number of CPU threads:             4
     Hardware info:                  	Hardware acceleration not activated

  Number of mesh cells:             	135000
  Excitation duration:              	1.42181950e+000 ns 
  Calculation time for excitation:  	6      	s
  Number of calculated pulse widths:	4.36401 
  Steady state accuracy limit:      	-30	dB 
  Simulated number of time steps:   	5123   
  Maximum number of time steps:     	23478  
  Time step width:
     without subcycles:             	1.21117316e-003 ns
     used:                          	1.21117316e-003 ns

  Reloading matrices:               	0      	s
  Solver setup time:                	2      	s
  Solver loop time:                 	25     	s
  Solver post processing time:      	-5     	s
  Processing of broadband farfields:	9      	s
                                    	------------
  Total solver time:                	31     	s

--------------------------------------------------------------------------------
======================================================================
 Solver cycle: 4
======================================================================

Stimulation at port 4 (mode 1) 


--------------------------------------------------------------------------------
*** Warning ***

2023 May 04: 15:15:11: current system memory usage reached 85%

--------------------------------------------------------------------------------
Units settings: 

  Dimensions: mm
  Frequency:  GHz
  Time:       ns

--------------------------------------------------------------------------------
Boundary conditions: 

  YZsymmetry: none
  XZsymmetry: none
  XYsymmetry: none

  Xmin: expanded open, 4 Layer, depth 12.3812 mm
  Xmax: expanded open, 4 Layer, depth 12.3812 mm

  Ymin: expanded open, 4 Layer, depth 12.2198 mm
  Ymax: expanded open, 4 Layer, depth 12.2198 mm

  Zmin: expanded open, 4 Layer, depth 13.2587 mm
  Zmax: expanded open, 4 Layer, depth 12.4052 mm

  PML-Type: Convolution PML

--------------------------------------------------------------------------------
Frequency settings: 

  Fmin:         1
  Fmax:         6
  Nfsteps(lin): 1001

--------------------------------------------------------------------------------
Field update statistics:

  Number of components in total: 	837849
  Number of lossy metal components:	4860
  Number of disp. elements:		23644

Subcycling state:      Automatically deactivated

--------------------------------------------------------------------------------
Broadband farfield monitor expansion origin: 
   x: 0
   y: 0
   z: -4.56

--------------------------------------------------------------------------------
Broadband farfield monitor: Using order 12. (168 farfield modes.)

--------------------------------------------------------------------------------

--------------------------------------------------------------------------------
Steady state energy criterion met, solver finished successfully.

--------------------------------------------------------------------------------
Frequency domain results normalized to default signal.

--------------------------------------------------------------------------------

  ----------------------------------------------------------------------------
                      Peak memory used (kB)         Free physical memory (kB) 
                                                    At begin     Minimum      
  ----------------------------------------------------------------------------
  Matrices calc.      154268                        1356636      1205356      
  Solver run total    283796                        1295184      1160404      
  ----------------------------------------------------------------------------

--------------------------------------------------------------------------------
Solver Statistics:

  Hardware:
     Computer name:                 	LAPTOP-BK7GUF1N 

     Number of CPU threads:             4
     Hardware info:                  	Hardware acceleration not activated

  Number of mesh cells:             	135000
  Excitation duration:              	1.42181950e+000 ns 
  Calculation time for excitation:  	6      	s
  Number of calculated pulse widths:	4.40405 
  Steady state accuracy limit:      	-30	dB 
  Simulated number of time steps:   	5170   
  Maximum number of time steps:     	23478  
  Time step width:
     without subcycles:             	1.21117316e-003 ns
     used:                          	1.21117316e-003 ns

  Reloading matrices:               	0      	s
  Solver setup time:                	2      	s
  Solver loop time:                 	27     	s
  Solver post processing time:      	-8     	s
  Processing of broadband farfields:	12     	s
                                    	------------
  Total solver time:                	33     	s

--------------------------------------------------------------------------------

  Adaptive port meshing time:       	54     	s
  Total solver time (all cycles):   	142    	s  ( = 0 h, 2 m, 22 s )
                                    	------------
  Total simulation time:            	196    	s  ( = 0 h, 3 m, 16 s )

--------------------------------------------------------------------------------
Solver finished at: 03:15 PM Thursday, 04. May 2023


--------------------------------------------------------------------------------
