Port monitor named: Port4_h1.prt

nx        = 76
ny        = 76
nz        = 25

nu        = 9
nv        = 24
iu        = 8
iv        = 43

idir      = 1
dcut      = -2.750000e-002
icut      = 9
type      = 1
frequency = 3.500000e+009

fcutoff   = 0.000000e+000
alpha     = 0.000000e+000
beta      = 1.350185e+002
accuracy  = 1.921525e-014

type          = QTEM
wave imp.     = 2.055595e+002
wave imp.sig. = 2.763508e-002
line imp.     = 4.922105e+001

ref. port     = 0

0.000000e+000  1.604571e-001  2.945499e-001  3.500177e-001  3.351716e-001  2.750494e-001  1.705076e-001  8.903225e-002  0.000000e+000  
0.000000e+000  1.726453e-001  3.252387e-001  4.007865e-001  3.934853e-001  3.309815e-001  2.091550e-001  1.099910e-001  0.000000e+000  
0.000000e+000  1.928275e-001  3.790201e-001  4.961267e-001  5.084218e-001  4.465547e-001  2.921001e-001  1.555559e-001  0.000000e+000  
0.000000e+000  2.146147e-001  4.419474e-001  6.188488e-001  6.669538e-001  6.172536e-001  4.218140e-001  2.281211e-001  0.000000e+000  
0.000000e+000  2.370491e-001  5.154918e-001  7.832916e-001  9.015431e-001  8.958228e-001  6.521914e-001  3.600374e-001  0.000000e+000  
0.000000e+000  2.548966e-001  5.891375e-001  9.849223e-001  1.233352e+000  1.348862e+000  1.077368e+000  6.095201e-001  0.000000e+000  
0.000000e+000  2.594270e-001  6.296711e-001  1.143441e+000  1.556819e+000  1.889505e+000  1.692619e+000  9.740061e-001  0.000000e+000  
0.000000e+000  2.578038e-001  6.569609e-001  1.293080e+000  1.911721e+000  2.572997e+000  2.602485e+000  1.499247e+000  0.000000e+000  
0.000000e+000  2.309791e-001  6.289669e-001  1.397608e+000  2.396121e+000  3.992891e+000  5.440219e+000  2.934779e+000  0.000000e+000  
0.000000e+000  1.739754e-001  5.011988e-001  1.242149e+000  2.494522e+000  5.578445e+000  1.309383e+001  5.139195e+000  0.000000e+000  
0.000000e+000  9.198615e-002  2.725413e-001  6.987388e-001  1.382670e+000  2.643349e+000  0.000000e+000  2.897109e+000  0.000000e+000  
0.000000e+000  -7.527146e-004  -2.522709e-003  -7.060398e-003  -1.369516e-002  -2.056666e-002  0.000000e+000  -6.220594e-003  0.000000e+000  
0.000000e+000  -9.332654e-002  -2.769621e-001  -7.111939e-001  -1.410094e+000  -2.701591e+000  0.000000e+000  -2.928956e+000  0.000000e+000  
0.000000e+000  -1.715896e-001  -4.947324e-001  -1.226760e+000  -2.468329e+000  -5.576878e+000  -1.369034e+001  -5.184690e+000  0.000000e+000  
0.000000e+000  -2.260291e-001  -6.198419e-001  -1.395463e+000  -2.435810e+000  -4.178740e+000  -5.969553e+000  -3.167514e+000  0.000000e+000  
0.000000e+000  -2.545573e-001  -6.575309e-001  -1.325265e+000  -2.012179e+000  -2.805508e+000  -2.965091e+000  -1.704450e+000  0.000000e+000  
0.000000e+000  -2.600781e-001  -6.364157e-001  -1.169828e+000  -1.608143e+000  -1.968867e+000  -1.774726e+000  -1.023064e+000  0.000000e+000  
0.000000e+000  -2.562286e-001  -6.035814e-001  -1.043201e+000  -1.351099e+000  -1.539498e+000  -1.283349e+000  -7.325758e-001  0.000000e+000  
0.000000e+000  -2.446616e-001  -5.434056e-001  -8.524551e-001  -1.007349e+000  -1.030001e+000  -7.695860e-001  -4.281631e-001  0.000000e+000  
0.000000e+000  -2.160797e-001  -4.461797e-001  -6.271871e-001  -6.779698e-001  -6.295183e-001  -4.315008e-001  -2.336014e-001  0.000000e+000  
0.000000e+000  -1.919970e-001  -3.770388e-001  -4.930748e-001  -5.051467e-001  -4.436810e-001  -2.903013e-001  -1.546162e-001  0.000000e+000  
0.000000e+000  -1.723870e-001  -3.247908e-001  -4.003786e-001  -3.932449e-001  -3.309523e-001  -2.092421e-001  -1.100582e-001  0.000000e+000  
0.000000e+000  -1.602303e-001  -2.941782e-001  -3.496904e-001  -3.349572e-001  -2.749665e-001  -1.705063e-001  -8.904163e-002  0.000000e+000  
0.000000e+000  0.000000e+000  0.000000e+000  0.000000e+000  0.000000e+000  0.000000e+000  0.000000e+000  0.000000e+000  0.000000e+000  

0.000000e+000  0.000000e+000  0.000000e+000  0.000000e+000  0.000000e+000  0.000000e+000  0.000000e+000  0.000000e+000  0.000000e+000  
-2.730700e-002  -4.902185e-003  4.712776e-002  1.114649e-001  1.684876e-001  2.235442e-001  2.573346e-001  2.727285e-001  0.000000e+000  
-6.238000e-002  -2.063616e-002  8.177200e-002  2.172610e-001  3.431658e-001  4.704187e-001  5.506556e-001  5.872472e-001  0.000000e+000  
-1.000387e-001  -4.846471e-002  8.825576e-002  2.868160e-001  4.842647e-001  6.975798e-001  8.381440e-001  9.025036e-001  0.000000e+000  
-1.491479e-001  -9.559712e-002  6.454883e-002  3.302959e-001  6.216193e-001  9.680289e-001  1.212867e+000  1.325835e+000  0.000000e+000  
-2.108030e-001  -1.672341e-001  -5.937467e-003  3.197318e-001  7.306024e-001  1.291163e+000  1.734137e+000  1.940429e+000  0.000000e+000  
-2.839631e-001  -2.665909e-001  -1.435515e-001  2.051495e-001  7.485849e-001  1.654135e+000  2.509869e+000  2.907187e+000  0.000000e+000  
-3.209821e-001  -3.224256e-001  -2.380809e-001  8.769269e-002  6.757609e-001  1.803233e+000  3.041063e+000  3.598562e+000  0.000000e+000  
-4.045146e-001  -4.605706e-001  -5.108019e-001  -3.397049e-001  2.472888e-001  1.952964e+000  4.735537e+000  5.827116e+000  0.000000e+000  
-4.828484e-001  -6.060357e-001  -8.622258e-001  -1.093443e+000  -9.667976e-001  9.346395e-001  8.363795e+000  1.002079e+001  0.000000e+000  
-5.436339e-001  -7.297555e-001  -1.213260e+000  -2.078664e+000  -3.447758e+000  -7.074196e+000  1.890599e+001  1.719011e+001  0.000000e+000  
-5.737228e-001  -7.936961e-001  -1.401558e+000  -2.575844e+000  -4.370308e+000  -7.800811e+000  2.324058e+001  2.091939e+001  0.000000e+000  
-5.734047e-001  -7.929767e-001  -1.399433e+000  -2.570910e+000  -4.365388e+000  -7.817910e+000  2.324658e+001  2.090994e+001  0.000000e+000  
-5.427444e-001  -7.277798e-001  -1.207366e+000  -2.062490e+000  -3.419705e+000  -7.120248e+000  1.893579e+001  1.713765e+001  0.000000e+000  
-4.872792e-001  -6.148451e-001  -8.870491e-001  -1.160481e+000  -1.109102e+000  7.077279e-001  8.821844e+000  1.046411e+001  0.000000e+000  
-4.161666e-001  -4.812797e-001  -5.579588e-001  -4.308642e-001  1.258223e-001  1.912257e+000  5.098256e+000  6.300656e+000  0.000000e+000  
-3.392187e-001  -3.508722e-001  -2.895213e-001  1.736508e-002  6.230106e-001  1.870645e+000  3.331181e+000  3.982246e+000  0.000000e+000  
-2.830546e-001  -2.647992e-001  -1.402710e-001  2.079643e-001  7.478569e-001  1.646922e+000  2.501199e+000  2.897056e+000  0.000000e+000  
-2.477283e-001  -2.147118e-001  -6.443028e-002  2.848116e-001  7.666086e-001  1.479485e+000  2.080947e+000  2.362045e+000  0.000000e+000  
-1.619934e-001  -1.091148e-001  5.462177e-002  3.358870e-001  6.517835e-001  1.036236e+000  1.312797e+000  1.440651e+000  0.000000e+000  
-9.736369e-002  -4.636114e-002  8.805878e-002  2.822397e-001  4.748658e-001  6.826929e-001  8.196586e-001  8.823848e-001  0.000000e+000  
-6.224757e-002  -2.060617e-002  8.153030e-002  2.167608e-001  3.425910e-001  4.699936e-001  5.504516e-001  5.871546e-001  0.000000e+000  
-2.725010e-002  -4.899716e-003  4.700685e-002  1.112460e-001  1.682446e-001  2.233518e-001  2.572081e-001  2.726346e-001  0.000000e+000  
0.000000e+000  0.000000e+000  0.000000e+000  0.000000e+000  0.000000e+000  0.000000e+000  0.000000e+000  0.000000e+000  0.000000e+000  

0.000000e+000  0.000000e+000  0.000000e+000  0.000000e+000  0.000000e+000  0.000000e+000  0.000000e+000  0.000000e+000  0.000000e+000  
0.000000e+000  0.000000e+000  0.000000e+000  0.000000e+000  0.000000e+000  0.000000e+000  0.000000e+000  0.000000e+000  0.000000e+000  
0.000000e+000  0.000000e+000  0.000000e+000  0.000000e+000  0.000000e+000  0.000000e+000  0.000000e+000  0.000000e+000  0.000000e+000  
0.000000e+000  0.000000e+000  0.000000e+000  0.000000e+000  0.000000e+000  0.000000e+000  0.000000e+000  0.000000e+000  0.000000e+000  
0.000000e+000  0.000000e+000  0.000000e+000  0.000000e+000  0.000000e+000  0.000000e+000  0.000000e+000  0.000000e+000  0.000000e+000  
0.000000e+000  0.000000e+000  0.000000e+000  0.000000e+000  0.000000e+000  0.000000e+000  0.000000e+000  0.000000e+000  0.000000e+000  
0.000000e+000  0.000000e+000  0.000000e+000  0.000000e+000  0.000000e+000  0.000000e+000  0.000000e+000  0.000000e+000  0.000000e+000  
0.000000e+000  0.000000e+000  0.000000e+000  0.000000e+000  0.000000e+000  0.000000e+000  0.000000e+000  0.000000e+000  0.000000e+000  
0.000000e+000  0.000000e+000  0.000000e+000  0.000000e+000  0.000000e+000  0.000000e+000  0.000000e+000  0.000000e+000  0.000000e+000  
0.000000e+000  0.000000e+000  0.000000e+000  0.000000e+000  0.000000e+000  0.000000e+000  0.000000e+000  0.000000e+000  0.000000e+000  
0.000000e+000  0.000000e+000  0.000000e+000  0.000000e+000  0.000000e+000  0.000000e+000  0.000000e+000  0.000000e+000  0.000000e+000  
0.000000e+000  0.000000e+000  0.000000e+000  0.000000e+000  0.000000e+000  0.000000e+000  0.000000e+000  0.000000e+000  0.000000e+000  
0.000000e+000  0.000000e+000  0.000000e+000  0.000000e+000  0.000000e+000  0.000000e+000  0.000000e+000  0.000000e+000  0.000000e+000  
0.000000e+000  0.000000e+000  0.000000e+000  0.000000e+000  0.000000e+000  0.000000e+000  0.000000e+000  0.000000e+000  0.000000e+000  
0.000000e+000  0.000000e+000  0.000000e+000  0.000000e+000  0.000000e+000  0.000000e+000  0.000000e+000  0.000000e+000  0.000000e+000  
0.000000e+000  0.000000e+000  0.000000e+000  0.000000e+000  0.000000e+000  0.000000e+000  0.000000e+000  0.000000e+000  0.000000e+000  
0.000000e+000  0.000000e+000  0.000000e+000  0.000000e+000  0.000000e+000  0.000000e+000  0.000000e+000  0.000000e+000  0.000000e+000  
0.000000e+000  0.000000e+000  0.000000e+000  0.000000e+000  0.000000e+000  0.000000e+000  0.000000e+000  0.000000e+000  0.000000e+000  
0.000000e+000  0.000000e+000  0.000000e+000  0.000000e+000  0.000000e+000  0.000000e+000  0.000000e+000  0.000000e+000  0.000000e+000  
0.000000e+000  0.000000e+000  0.000000e+000  0.000000e+000  0.000000e+000  0.000000e+000  0.000000e+000  0.000000e+000  0.000000e+000  
0.000000e+000  0.000000e+000  0.000000e+000  0.000000e+000  0.000000e+000  0.000000e+000  0.000000e+000  0.000000e+000  0.000000e+000  
0.000000e+000  0.000000e+000  0.000000e+000  0.000000e+000  0.000000e+000  0.000000e+000  0.000000e+000  0.000000e+000  0.000000e+000  
0.000000e+000  0.000000e+000  0.000000e+000  0.000000e+000  0.000000e+000  0.000000e+000  0.000000e+000  0.000000e+000  0.000000e+000  
0.000000e+000  0.000000e+000  0.000000e+000  0.000000e+000  0.000000e+000  0.000000e+000  0.000000e+000  0.000000e+000  0.000000e+000  

0.000000e+000  0.000000e+000  0.000000e+000  0.000000e+000  0.000000e+000  0.000000e+000  0.000000e+000  0.000000e+000  0.000000e+000  
0.000000e+000  0.000000e+000  0.000000e+000  0.000000e+000  0.000000e+000  0.000000e+000  0.000000e+000  0.000000e+000  0.000000e+000  
0.000000e+000  0.000000e+000  0.000000e+000  0.000000e+000  0.000000e+000  0.000000e+000  0.000000e+000  0.000000e+000  0.000000e+000  
0.000000e+000  0.000000e+000  0.000000e+000  0.000000e+000  0.000000e+000  0.000000e+000  0.000000e+000  0.000000e+000  0.000000e+000  
0.000000e+000  0.000000e+000  0.000000e+000  0.000000e+000  0.000000e+000  0.000000e+000  0.000000e+000  0.000000e+000  0.000000e+000  
0.000000e+000  0.000000e+000  0.000000e+000  0.000000e+000  0.000000e+000  0.000000e+000  0.000000e+000  0.000000e+000  0.000000e+000  
0.000000e+000  0.000000e+000  0.000000e+000  0.000000e+000  0.000000e+000  0.000000e+000  0.000000e+000  0.000000e+000  0.000000e+000  
0.000000e+000  0.000000e+000  0.000000e+000  0.000000e+000  0.000000e+000  0.000000e+000  0.000000e+000  0.000000e+000  0.000000e+000  
0.000000e+000  0.000000e+000  0.000000e+000  0.000000e+000  0.000000e+000  0.000000e+000  0.000000e+000  0.000000e+000  0.000000e+000  
0.000000e+000  0.000000e+000  0.000000e+000  0.000000e+000  0.000000e+000  0.000000e+000  0.000000e+000  0.000000e+000  0.000000e+000  
0.000000e+000  0.000000e+000  0.000000e+000  0.000000e+000  0.000000e+000  0.000000e+000  0.000000e+000  0.000000e+000  0.000000e+000  
0.000000e+000  0.000000e+000  0.000000e+000  0.000000e+000  0.000000e+000  0.000000e+000  0.000000e+000  0.000000e+000  0.000000e+000  
0.000000e+000  0.000000e+000  0.000000e+000  0.000000e+000  0.000000e+000  0.000000e+000  0.000000e+000  0.000000e+000  0.000000e+000  
0.000000e+000  0.000000e+000  0.000000e+000  0.000000e+000  0.000000e+000  0.000000e+000  0.000000e+000  0.000000e+000  0.000000e+000  
0.000000e+000  0.000000e+000  0.000000e+000  0.000000e+000  0.000000e+000  0.000000e+000  0.000000e+000  0.000000e+000  0.000000e+000  
0.000000e+000  0.000000e+000  0.000000e+000  0.000000e+000  0.000000e+000  0.000000e+000  0.000000e+000  0.000000e+000  0.000000e+000  
0.000000e+000  0.000000e+000  0.000000e+000  0.000000e+000  0.000000e+000  0.000000e+000  0.000000e+000  0.000000e+000  0.000000e+000  
0.000000e+000  0.000000e+000  0.000000e+000  0.000000e+000  0.000000e+000  0.000000e+000  0.000000e+000  0.000000e+000  0.000000e+000  
0.000000e+000  0.000000e+000  0.000000e+000  0.000000e+000  0.000000e+000  0.000000e+000  0.000000e+000  0.000000e+000  0.000000e+000  
0.000000e+000  0.000000e+000  0.000000e+000  0.000000e+000  0.000000e+000  0.000000e+000  0.000000e+000  0.000000e+000  0.000000e+000  
0.000000e+000  0.000000e+000  0.000000e+000  0.000000e+000  0.000000e+000  0.000000e+000  0.000000e+000  0.000000e+000  0.000000e+000  
0.000000e+000  0.000000e+000  0.000000e+000  0.000000e+000  0.000000e+000  0.000000e+000  0.000000e+000  0.000000e+000  0.000000e+000  
0.000000e+000  0.000000e+000  0.000000e+000  0.000000e+000  0.000000e+000  0.000000e+000  0.000000e+000  0.000000e+000  0.000000e+000  
0.000000e+000  0.000000e+000  0.000000e+000  0.000000e+000  0.000000e+000  0.000000e+000  0.000000e+000  0.000000e+000  0.000000e+000  

0.000000e+000  0.000000e+000  0.000000e+000  0.000000e+000  0.000000e+000  0.000000e+000  0.000000e+000  0.000000e+000  0.000000e+000  
0.000000e+000  0.000000e+000  0.000000e+000  0.000000e+000  0.000000e+000  0.000000e+000  0.000000e+000  0.000000e+000  0.000000e+000  
0.000000e+000  0.000000e+000  0.000000e+000  0.000000e+000  0.000000e+000  0.000000e+000  0.000000e+000  0.000000e+000  0.000000e+000  
0.000000e+000  0.000000e+000  0.000000e+000  0.000000e+000  0.000000e+000  0.000000e+000  0.000000e+000  0.000000e+000  0.000000e+000  
0.000000e+000  0.000000e+000  0.000000e+000  0.000000e+000  0.000000e+000  0.000000e+000  0.000000e+000  0.000000e+000  0.000000e+000  
0.000000e+000  0.000000e+000  0.000000e+000  0.000000e+000  0.000000e+000  0.000000e+000  0.000000e+000  0.000000e+000  0.000000e+000  
0.000000e+000  0.000000e+000  0.000000e+000  0.000000e+000  0.000000e+000  0.000000e+000  0.000000e+000  0.000000e+000  0.000000e+000  
0.000000e+000  0.000000e+000  0.000000e+000  0.000000e+000  0.000000e+000  0.000000e+000  0.000000e+000  0.000000e+000  0.000000e+000  
0.000000e+000  0.000000e+000  0.000000e+000  0.000000e+000  0.000000e+000  0.000000e+000  0.000000e+000  0.000000e+000  0.000000e+000  
0.000000e+000  0.000000e+000  0.000000e+000  0.000000e+000  0.000000e+000  0.000000e+000  0.000000e+000  0.000000e+000  0.000000e+000  
0.000000e+000  0.000000e+000  0.000000e+000  0.000000e+000  0.000000e+000  0.000000e+000  0.000000e+000  0.000000e+000  0.000000e+000  
0.000000e+000  0.000000e+000  0.000000e+000  0.000000e+000  0.000000e+000  0.000000e+000  0.000000e+000  0.000000e+000  0.000000e+000  
0.000000e+000  0.000000e+000  0.000000e+000  0.000000e+000  0.000000e+000  0.000000e+000  0.000000e+000  0.000000e+000  0.000000e+000  
0.000000e+000  0.000000e+000  0.000000e+000  0.000000e+000  0.000000e+000  0.000000e+000  0.000000e+000  0.000000e+000  0.000000e+000  
0.000000e+000  0.000000e+000  0.000000e+000  0.000000e+000  0.000000e+000  0.000000e+000  0.000000e+000  0.000000e+000  0.000000e+000  
0.000000e+000  0.000000e+000  0.000000e+000  0.000000e+000  0.000000e+000  0.000000e+000  0.000000e+000  0.000000e+000  0.000000e+000  
0.000000e+000  0.000000e+000  0.000000e+000  0.000000e+000  0.000000e+000  0.000000e+000  0.000000e+000  0.000000e+000  0.000000e+000  
0.000000e+000  0.000000e+000  0.000000e+000  0.000000e+000  0.000000e+000  0.000000e+000  0.000000e+000  0.000000e+000  0.000000e+000  
0.000000e+000  0.000000e+000  0.000000e+000  0.000000e+000  0.000000e+000  0.000000e+000  0.000000e+000  0.000000e+000  0.000000e+000  
0.000000e+000  0.000000e+000  0.000000e+000  0.000000e+000  0.000000e+000  0.000000e+000  0.000000e+000  0.000000e+000  0.000000e+000  
0.000000e+000  0.000000e+000  0.000000e+000  0.000000e+000  0.000000e+000  0.000000e+000  0.000000e+000  0.000000e+000  0.000000e+000  
0.000000e+000  0.000000e+000  0.000000e+000  0.000000e+000  0.000000e+000  0.000000e+000  0.000000e+000  0.000000e+000  0.000000e+000  
0.000000e+000  0.000000e+000  0.000000e+000  0.000000e+000  0.000000e+000  0.000000e+000  0.000000e+000  0.000000e+000  0.000000e+000  
0.000000e+000  0.000000e+000  0.000000e+000  0.000000e+000  0.000000e+000  0.000000e+000  0.000000e+000  0.000000e+000  0.000000e+000  

-3.437884e-001  -3.848810e-001  -4.560848e-001  -5.217658e-001  -5.722920e-001  -6.170305e-001  -6.471144e-001  -6.609856e-001  -0.000000e+000  
-3.389055e-001  -3.826774e-001  -4.602979e-001  -5.342231e-001  -5.923288e-001  -6.448215e-001  -6.793301e-001  -6.945345e-001  -0.000000e+000  
-3.293464e-001  -3.775051e-001  -4.662496e-001  -5.554570e-001  -6.282708e-001  -6.964741e-001  -7.398778e-001  -7.574291e-001  -0.000000e+000  
-3.164014e-001  -3.692168e-001  -4.707891e-001  -5.793443e-001  -6.720415e-001  -7.628532e-001  -8.188809e-001  -8.389854e-001  -0.000000e+000  
-2.978060e-001  -3.552764e-001  -4.715256e-001  -6.054559e-001  -7.268401e-001  -8.533511e-001  -9.288730e-001  -9.509384e-001  -0.000000e+000  
-2.723880e-001  -3.333142e-001  -4.637629e-001  -6.279624e-001  -7.887023e-001  -9.710311e-001  -1.076082e+000  -1.096071e+000  -0.000000e+000  
-2.479178e-001  -3.093414e-001  -4.469984e-001  -6.340922e-001  -8.318270e-001  -1.077885e+000  -1.215548e+000  -1.223846e+000  -0.000000e+000  
-2.202066e-001  -2.807011e-001  -4.226452e-001  -6.307577e-001  -8.682573e-001  -1.193006e+000  -1.370801e+000  -1.355866e+000  -0.000000e+000  
-1.734134e-001  -2.270666e-001  -3.610571e-001  -5.812042e-001  -8.696392e-001  -1.349779e+000  -1.609861e+000  -1.500627e+000  -0.000000e+000  
-1.184210e-001  -1.585316e-001  -2.641578e-001  -4.565114e-001  -7.488681e-001  -1.389846e+000  -1.756319e+000  -1.435659e+000  -0.000000e+000  
-5.948701e-002  -8.061777e-002  -1.377704e-001  -2.453758e-001  -4.070740e-001  -7.138180e-001  -9.246908e-001  -7.991250e-001  -0.000000e+000  
-4.568714e-005  1.049746e-004  5.757279e-004  1.560001e-003  3.022551e-003  5.209852e-003  1.311487e-002  1.241879e-002  -0.000000e+000  
5.936918e-002  8.076771e-002  1.387462e-001  2.480922e-001  4.127222e-001  7.256567e-001  9.519380e-001  8.228085e-001  -0.000000e+000  
1.158718e-001  1.553998e-001  2.595895e-001  4.494569e-001  7.385610e-001  1.378460e+000  1.754855e+000  1.427032e+000  -0.000000e+000  
1.670747e-001  2.195110e-001  3.513495e-001  5.706840e-001  8.629837e-001  1.363078e+000  1.637107e+000  1.511400e+000  -0.000000e+000  
2.114187e-001  2.710185e-001  4.126655e-001  6.250522e-001  8.735642e-001  1.224646e+000  1.416652e+000  1.391268e+000  -0.000000e+000  
2.436403e-001  3.051247e-001  4.439928e-001  6.349551e-001  8.386849e-001  1.094395e+000  1.237364e+000  1.244936e+000  -0.000000e+000  
2.631734e-001  3.242117e-001  4.572270e-001  6.298793e-001  8.041733e-001  1.009204e+000  1.126046e+000  1.142838e+000  -0.000000e+000  
2.891443e-001  3.481553e-001  4.699078e-001  6.144080e-001  7.485870e-001  8.920313e-001  9.767249e-001  9.991233e-001  -0.000000e+000  
3.150981e-001  3.682371e-001  4.706991e-001  5.806047e-001  6.747140e-001  7.671708e-001  8.241243e-001  8.444058e-001  -0.000000e+000  
3.292221e-001  3.772067e-001  4.655561e-001  5.542893e-001  6.266925e-001  6.945038e-001  7.376820e-001  7.551553e-001  -0.000000e+000  
3.385241e-001  3.822452e-001  4.597841e-001  5.336537e-001  5.917340e-001  6.442224e-001  6.787246e-001  6.939188e-001  -0.000000e+000  
3.434020e-001  3.844499e-001  4.555859e-001  5.212217e-001  5.717242e-001  6.164514e-001  6.465245e-001  6.603876e-001  -0.000000e+000  
-0.000000e+000  -0.000000e+000  -0.000000e+000  -0.000000e+000  -0.000000e+000  -0.000000e+000  -0.000000e+000  -0.000000e+000  -0.000000e+000  

