Port monitor named: Port4_h1.prt

nx        = 72
ny        = 73
nz        = 25

nu        = 9
nv        = 24
iu        = 10
iv        = 10

idir      = 1
dcut      = -3.000000e-002
icut      = 9
type      = 1
frequency = 3.500000e+009

fcutoff   = 0.000000e+000
alpha     = 0.000000e+000
beta      = 1.353346e+002
accuracy  = 3.250212e-014

type          = QTEM
wave imp.     = 2.048091e+002
wave imp.sig. = 0.000000e+000
line imp.     = 4.925969e+001

ref. port     = 0

0.000000e+000  8.556865e-002  1.459020e-001  2.398624e-001  2.944995e-001  3.072530e-001  2.596578e-001  1.414025e-001  0.000000e+000  
0.000000e+000  7.540020e-002  1.485278e-001  2.476856e-001  3.030010e-001  3.146426e-001  2.641965e-001  1.432042e-001  0.000000e+000  
0.000000e+000  1.029557e-001  1.962048e-001  3.183459e-001  3.761701e-001  3.771471e-001  3.018827e-001  1.579480e-001  0.000000e+000  
0.000000e+000  1.374771e-001  2.588512e-001  4.065604e-001  4.618325e-001  4.457655e-001  3.398380e-001  1.717539e-001  0.000000e+000  
0.000000e+000  1.695548e-001  3.169046e-001  4.870963e-001  5.387440e-001  5.064130e-001  3.727421e-001  1.835337e-001  0.000000e+000  
0.000000e+000  2.724350e-001  4.993346e-001  7.203592e-001  7.412975e-001  6.515706e-001  4.421469e-001  2.056876e-001  0.000000e+000  
0.000000e+000  4.751660e-001  8.494894e-001  1.114646e+000  1.039263e+000  8.372564e-001  5.156984e-001  2.248880e-001  0.000000e+000  
0.000000e+000  8.999917e-001  1.569851e+000  1.780928e+000  1.449940e+000  1.044448e+000  5.752046e-001  2.337637e-001  0.000000e+000  
0.000000e+000  1.466845e+000  2.560298e+000  2.448813e+000  1.749162e+000  1.147918e+000  5.847838e-001  2.274073e-001  0.000000e+000  
0.000000e+000  1.698797e+000  2.986795e+000  2.700003e+000  1.850242e+000  1.178399e+000  5.850655e-001  2.241275e-001  0.000000e+000  
0.000000e+000  2.505856e+000  4.563302e+000  3.508736e+000  2.139724e+000  1.251356e+000  5.764268e-001  2.110592e-001  0.000000e+000  
0.000000e+000  4.931730e+000  1.199215e+001  5.187371e+000  2.280809e+000  1.115250e+000  4.552458e-001  1.564330e-001  0.000000e+000  
0.000000e+000  1.989904e+000  0.000000e+000  1.787282e+000  9.446822e-001  4.762202e-001  1.878618e-001  6.226437e-002  0.000000e+000  
0.000000e+000  -1.968820e+000  0.000000e+000  -1.741261e+000  -9.192203e-001  -4.634926e-001  -1.827135e-001  -6.052301e-002  0.000000e+000  
0.000000e+000  -4.877582e+000  -1.155264e+001  -5.184777e+000  -2.303704e+000  -1.128270e+000  -4.601147e-001  -1.580406e-001  0.000000e+000  
0.000000e+000  -2.349844e+000  -4.245831e+000  -3.367955e+000  -2.097137e+000  -1.244848e+000  -5.806503e-001  -2.141572e-001  0.000000e+000  
0.000000e+000  -1.060835e+000  -1.850728e+000  -1.988562e+000  -1.555368e+000  -1.088513e+000  -5.840807e-001  -2.336345e-001  0.000000e+000  
0.000000e+000  -5.145154e-001  -9.167337e-001  -1.178032e+000  -1.080200e+000  -8.596359e-001  -5.234038e-001  -2.266129e-001  0.000000e+000  
0.000000e+000  -2.753184e-001  -5.040291e-001  -7.236012e-001  -7.423106e-001  -6.515032e-001  -4.419564e-001  -2.056545e-001  0.000000e+000  
0.000000e+000  -1.630109e-001  -3.049246e-001  -4.698250e-001  -5.218213e-001  -4.929463e-001  -3.655600e-001  -1.810631e-001  0.000000e+000  
0.000000e+000  -1.043300e-001  -1.986664e-001  -3.215657e-001  -3.790197e-001  -3.792461e-001  -3.029815e-001  -1.583630e-001  0.000000e+000  
0.000000e+000  -7.609538e-002  -1.499070e-001  -2.498261e-001  -3.052024e-001  -3.165093e-001  -2.653442e-001  -1.436827e-001  0.000000e+000  
0.000000e+000  -8.621308e-002  -1.471200e-001  -2.418760e-001  -2.966232e-001  -3.090892e-001  -2.608096e-001  -1.418882e-001  0.000000e+000  
0.000000e+000  0.000000e+000  0.000000e+000  0.000000e+000  0.000000e+000  0.000000e+000  0.000000e+000  0.000000e+000  0.000000e+000  

0.000000e+000  0.000000e+000  0.000000e+000  0.000000e+000  0.000000e+000  0.000000e+000  0.000000e+000  0.000000e+000  0.000000e+000  
-4.781626e-002  -5.572209e-002  -5.158968e-002  -3.934814e-002  -2.617572e-002  -1.181193e-002  -4.728726e-005  5.092869e-003  0.000000e+000  
-3.314971e-001  -3.129974e-001  -2.729758e-001  -2.046779e-001  -1.344549e-001  -5.915729e-002  1.411778e-003  2.750555e-002  0.000000e+000  
-6.564840e-001  -6.169330e-001  -5.267489e-001  -3.781965e-001  -2.346476e-001  -9.009793e-002  1.679873e-002  5.972935e-002  0.000000e+000  
-7.132520e-001  -6.689548e-001  -5.678633e-001  -4.032478e-001  -2.467343e-001  -9.153456e-002  2.109603e-002  6.564558e-002  0.000000e+000  
-1.087561e+000  -1.007191e+000  -8.241798e-001  -5.449381e-001  -3.029752e-001  -8.450864e-002  5.567668e-002  1.053842e-001  0.000000e+000  
-1.633532e+000  -1.481698e+000  -1.138479e+000  -6.692093e-001  -3.144581e-001  -3.522526e-002  1.140971e-001  1.580016e-001  0.000000e+000  
-2.506982e+000  -2.200801e+000  -1.510001e+000  -7.213549e-001  -2.338129e-001  7.810654e-002  2.009140e-001  2.231970e-001  0.000000e+000  
-4.046740e+000  -3.394348e+000  -1.859782e+000  -5.646262e-001  1.928083e-002  2.779635e-001  3.161078e-001  2.974254e-001  0.000000e+000  
-4.564612e+000  -3.792644e+000  -1.879166e+000  -4.637065e-001  1.102232e-001  3.332544e-001  3.433804e-001  3.135712e-001  0.000000e+000  
-5.124577e+000  -4.228950e+000  -1.868112e+000  -3.426165e-001  2.084480e-001  3.891785e-001  3.697435e-001  3.287621e-001  0.000000e+000  
-9.289676e+000  -7.706679e+000  -1.140254e+000  7.455147e-001  9.128160e-001  7.312571e-001  5.128392e-001  4.051196e-001  0.000000e+000  
-1.724312e+001  -1.894984e+001  6.669282e+000  3.232407e+000  1.886587e+000  1.080740e+000  6.347907e-001  4.638332e-001  0.000000e+000  
-2.109990e+001  -2.321017e+001  7.352055e+000  4.080430e+000  2.356089e+000  1.266358e+000  6.976450e-001  4.925484e-001  0.000000e+000  
-1.728789e+001  -1.892590e+001  6.631584e+000  3.253168e+000  1.899533e+000  1.085751e+000  6.366308e-001  4.647745e-001  0.000000e+000  
-8.893171e+000  -7.345737e+000  -1.286987e+000  6.264124e-001  8.523747e-001  7.084118e-001  5.052355e-001  4.016215e-001  0.000000e+000  
-4.713668e+000  -3.910211e+000  -1.897053e+000  -4.400307e-001  1.367002e-001  3.515417e-001  3.530401e-001  3.194333e-001  0.000000e+000  
-2.721887e+000  -2.370884e+000  -1.570455e+000  -7.101322e-001  -2.039778e-001  1.055048e-001  2.185799e-001  2.354209e-001  0.000000e+000  
-1.679648e+000  -1.519533e+000  -1.157324e+000  -6.720996e-001  -3.110936e-001  -3.015979e-002  1.183261e-001  1.614170e-001  0.000000e+000  
-1.066456e+000  -9.877128e-001  -8.084301e-001  -5.357221e-001  -2.992880e-001  -8.508870e-002  5.338834e-002  1.028818e-001  0.000000e+000  
-6.620152e-001  -6.215515e-001  -5.292918e-001  -3.784317e-001  -2.337992e-001  -8.901391e-002  1.753697e-002  6.021644e-002  0.000000e+000  
-3.339678e-001  -3.151422e-001  -2.743550e-001  -2.050620e-001  -1.342417e-001  -5.867800e-002  1.809531e-003  2.779217e-002  0.000000e+000  
-4.818887e-002  -5.612193e-002  -5.185067e-002  -3.943105e-002  -2.614425e-002  -1.172420e-002  2.910475e-005  5.148989e-003  0.000000e+000  
0.000000e+000  0.000000e+000  0.000000e+000  0.000000e+000  0.000000e+000  0.000000e+000  0.000000e+000  0.000000e+000  0.000000e+000  

0.000000e+000  0.000000e+000  0.000000e+000  0.000000e+000  0.000000e+000  0.000000e+000  0.000000e+000  0.000000e+000  0.000000e+000  
0.000000e+000  0.000000e+000  0.000000e+000  0.000000e+000  0.000000e+000  0.000000e+000  0.000000e+000  0.000000e+000  0.000000e+000  
0.000000e+000  0.000000e+000  0.000000e+000  0.000000e+000  0.000000e+000  0.000000e+000  0.000000e+000  0.000000e+000  0.000000e+000  
0.000000e+000  0.000000e+000  0.000000e+000  0.000000e+000  0.000000e+000  0.000000e+000  0.000000e+000  0.000000e+000  0.000000e+000  
0.000000e+000  0.000000e+000  0.000000e+000  0.000000e+000  0.000000e+000  0.000000e+000  0.000000e+000  0.000000e+000  0.000000e+000  
0.000000e+000  0.000000e+000  0.000000e+000  0.000000e+000  0.000000e+000  0.000000e+000  0.000000e+000  0.000000e+000  0.000000e+000  
0.000000e+000  0.000000e+000  0.000000e+000  0.000000e+000  0.000000e+000  0.000000e+000  0.000000e+000  0.000000e+000  0.000000e+000  
0.000000e+000  0.000000e+000  0.000000e+000  0.000000e+000  0.000000e+000  0.000000e+000  0.000000e+000  0.000000e+000  0.000000e+000  
0.000000e+000  0.000000e+000  0.000000e+000  0.000000e+000  0.000000e+000  0.000000e+000  0.000000e+000  0.000000e+000  0.000000e+000  
0.000000e+000  0.000000e+000  0.000000e+000  0.000000e+000  0.000000e+000  0.000000e+000  0.000000e+000  0.000000e+000  0.000000e+000  
0.000000e+000  0.000000e+000  0.000000e+000  0.000000e+000  0.000000e+000  0.000000e+000  0.000000e+000  0.000000e+000  0.000000e+000  
0.000000e+000  0.000000e+000  0.000000e+000  0.000000e+000  0.000000e+000  0.000000e+000  0.000000e+000  0.000000e+000  0.000000e+000  
0.000000e+000  0.000000e+000  0.000000e+000  0.000000e+000  0.000000e+000  0.000000e+000  0.000000e+000  0.000000e+000  0.000000e+000  
0.000000e+000  0.000000e+000  0.000000e+000  0.000000e+000  0.000000e+000  0.000000e+000  0.000000e+000  0.000000e+000  0.000000e+000  
0.000000e+000  0.000000e+000  0.000000e+000  0.000000e+000  0.000000e+000  0.000000e+000  0.000000e+000  0.000000e+000  0.000000e+000  
0.000000e+000  0.000000e+000  0.000000e+000  0.000000e+000  0.000000e+000  0.000000e+000  0.000000e+000  0.000000e+000  0.000000e+000  
0.000000e+000  0.000000e+000  0.000000e+000  0.000000e+000  0.000000e+000  0.000000e+000  0.000000e+000  0.000000e+000  0.000000e+000  
0.000000e+000  0.000000e+000  0.000000e+000  0.000000e+000  0.000000e+000  0.000000e+000  0.000000e+000  0.000000e+000  0.000000e+000  
0.000000e+000  0.000000e+000  0.000000e+000  0.000000e+000  0.000000e+000  0.000000e+000  0.000000e+000  0.000000e+000  0.000000e+000  
0.000000e+000  0.000000e+000  0.000000e+000  0.000000e+000  0.000000e+000  0.000000e+000  0.000000e+000  0.000000e+000  0.000000e+000  
0.000000e+000  0.000000e+000  0.000000e+000  0.000000e+000  0.000000e+000  0.000000e+000  0.000000e+000  0.000000e+000  0.000000e+000  
0.000000e+000  0.000000e+000  0.000000e+000  0.000000e+000  0.000000e+000  0.000000e+000  0.000000e+000  0.000000e+000  0.000000e+000  
0.000000e+000  0.000000e+000  0.000000e+000  0.000000e+000  0.000000e+000  0.000000e+000  0.000000e+000  0.000000e+000  0.000000e+000  
0.000000e+000  0.000000e+000  0.000000e+000  0.000000e+000  0.000000e+000  0.000000e+000  0.000000e+000  0.000000e+000  0.000000e+000  

0.000000e+000  0.000000e+000  0.000000e+000  0.000000e+000  0.000000e+000  0.000000e+000  0.000000e+000  0.000000e+000  0.000000e+000  
0.000000e+000  0.000000e+000  0.000000e+000  0.000000e+000  0.000000e+000  0.000000e+000  0.000000e+000  0.000000e+000  0.000000e+000  
0.000000e+000  0.000000e+000  0.000000e+000  0.000000e+000  0.000000e+000  0.000000e+000  0.000000e+000  0.000000e+000  0.000000e+000  
0.000000e+000  0.000000e+000  0.000000e+000  0.000000e+000  0.000000e+000  0.000000e+000  0.000000e+000  0.000000e+000  0.000000e+000  
0.000000e+000  0.000000e+000  0.000000e+000  0.000000e+000  0.000000e+000  0.000000e+000  0.000000e+000  0.000000e+000  0.000000e+000  
0.000000e+000  0.000000e+000  0.000000e+000  0.000000e+000  0.000000e+000  0.000000e+000  0.000000e+000  0.000000e+000  0.000000e+000  
0.000000e+000  0.000000e+000  0.000000e+000  0.000000e+000  0.000000e+000  0.000000e+000  0.000000e+000  0.000000e+000  0.000000e+000  
0.000000e+000  0.000000e+000  0.000000e+000  0.000000e+000  0.000000e+000  0.000000e+000  0.000000e+000  0.000000e+000  0.000000e+000  
0.000000e+000  0.000000e+000  0.000000e+000  0.000000e+000  0.000000e+000  0.000000e+000  0.000000e+000  0.000000e+000  0.000000e+000  
0.000000e+000  0.000000e+000  0.000000e+000  0.000000e+000  0.000000e+000  0.000000e+000  0.000000e+000  0.000000e+000  0.000000e+000  
0.000000e+000  0.000000e+000  0.000000e+000  0.000000e+000  0.000000e+000  0.000000e+000  0.000000e+000  0.000000e+000  0.000000e+000  
0.000000e+000  0.000000e+000  0.000000e+000  0.000000e+000  0.000000e+000  0.000000e+000  0.000000e+000  0.000000e+000  0.000000e+000  
0.000000e+000  0.000000e+000  0.000000e+000  0.000000e+000  0.000000e+000  0.000000e+000  0.000000e+000  0.000000e+000  0.000000e+000  
0.000000e+000  0.000000e+000  0.000000e+000  0.000000e+000  0.000000e+000  0.000000e+000  0.000000e+000  0.000000e+000  0.000000e+000  
0.000000e+000  0.000000e+000  0.000000e+000  0.000000e+000  0.000000e+000  0.000000e+000  0.000000e+000  0.000000e+000  0.000000e+000  
0.000000e+000  0.000000e+000  0.000000e+000  0.000000e+000  0.000000e+000  0.000000e+000  0.000000e+000  0.000000e+000  0.000000e+000  
0.000000e+000  0.000000e+000  0.000000e+000  0.000000e+000  0.000000e+000  0.000000e+000  0.000000e+000  0.000000e+000  0.000000e+000  
0.000000e+000  0.000000e+000  0.000000e+000  0.000000e+000  0.000000e+000  0.000000e+000  0.000000e+000  0.000000e+000  0.000000e+000  
0.000000e+000  0.000000e+000  0.000000e+000  0.000000e+000  0.000000e+000  0.000000e+000  0.000000e+000  0.000000e+000  0.000000e+000  
0.000000e+000  0.000000e+000  0.000000e+000  0.000000e+000  0.000000e+000  0.000000e+000  0.000000e+000  0.000000e+000  0.000000e+000  
0.000000e+000  0.000000e+000  0.000000e+000  0.000000e+000  0.000000e+000  0.000000e+000  0.000000e+000  0.000000e+000  0.000000e+000  
0.000000e+000  0.000000e+000  0.000000e+000  0.000000e+000  0.000000e+000  0.000000e+000  0.000000e+000  0.000000e+000  0.000000e+000  
0.000000e+000  0.000000e+000  0.000000e+000  0.000000e+000  0.000000e+000  0.000000e+000  0.000000e+000  0.000000e+000  0.000000e+000  
0.000000e+000  0.000000e+000  0.000000e+000  0.000000e+000  0.000000e+000  0.000000e+000  0.000000e+000  0.000000e+000  0.000000e+000  

0.000000e+000  0.000000e+000  0.000000e+000  0.000000e+000  0.000000e+000  0.000000e+000  0.000000e+000  0.000000e+000  0.000000e+000  
0.000000e+000  0.000000e+000  0.000000e+000  0.000000e+000  0.000000e+000  0.000000e+000  0.000000e+000  0.000000e+000  0.000000e+000  
0.000000e+000  0.000000e+000  0.000000e+000  0.000000e+000  0.000000e+000  0.000000e+000  0.000000e+000  0.000000e+000  0.000000e+000  
0.000000e+000  0.000000e+000  0.000000e+000  0.000000e+000  0.000000e+000  0.000000e+000  0.000000e+000  0.000000e+000  0.000000e+000  
0.000000e+000  0.000000e+000  0.000000e+000  0.000000e+000  0.000000e+000  0.000000e+000  0.000000e+000  0.000000e+000  0.000000e+000  
0.000000e+000  0.000000e+000  0.000000e+000  0.000000e+000  0.000000e+000  0.000000e+000  0.000000e+000  0.000000e+000  0.000000e+000  
0.000000e+000  0.000000e+000  0.000000e+000  0.000000e+000  0.000000e+000  0.000000e+000  0.000000e+000  0.000000e+000  0.000000e+000  
0.000000e+000  0.000000e+000  0.000000e+000  0.000000e+000  0.000000e+000  0.000000e+000  0.000000e+000  0.000000e+000  0.000000e+000  
0.000000e+000  0.000000e+000  0.000000e+000  0.000000e+000  0.000000e+000  0.000000e+000  0.000000e+000  0.000000e+000  0.000000e+000  
0.000000e+000  0.000000e+000  0.000000e+000  0.000000e+000  0.000000e+000  0.000000e+000  0.000000e+000  0.000000e+000  0.000000e+000  
0.000000e+000  0.000000e+000  0.000000e+000  0.000000e+000  0.000000e+000  0.000000e+000  0.000000e+000  0.000000e+000  0.000000e+000  
0.000000e+000  0.000000e+000  0.000000e+000  0.000000e+000  0.000000e+000  0.000000e+000  0.000000e+000  0.000000e+000  0.000000e+000  
0.000000e+000  0.000000e+000  0.000000e+000  0.000000e+000  0.000000e+000  0.000000e+000  0.000000e+000  0.000000e+000  0.000000e+000  
0.000000e+000  0.000000e+000  0.000000e+000  0.000000e+000  0.000000e+000  0.000000e+000  0.000000e+000  0.000000e+000  0.000000e+000  
0.000000e+000  0.000000e+000  0.000000e+000  0.000000e+000  0.000000e+000  0.000000e+000  0.000000e+000  0.000000e+000  0.000000e+000  
0.000000e+000  0.000000e+000  0.000000e+000  0.000000e+000  0.000000e+000  0.000000e+000  0.000000e+000  0.000000e+000  0.000000e+000  
0.000000e+000  0.000000e+000  0.000000e+000  0.000000e+000  0.000000e+000  0.000000e+000  0.000000e+000  0.000000e+000  0.000000e+000  
0.000000e+000  0.000000e+000  0.000000e+000  0.000000e+000  0.000000e+000  0.000000e+000  0.000000e+000  0.000000e+000  0.000000e+000  
0.000000e+000  0.000000e+000  0.000000e+000  0.000000e+000  0.000000e+000  0.000000e+000  0.000000e+000  0.000000e+000  0.000000e+000  
0.000000e+000  0.000000e+000  0.000000e+000  0.000000e+000  0.000000e+000  0.000000e+000  0.000000e+000  0.000000e+000  0.000000e+000  
0.000000e+000  0.000000e+000  0.000000e+000  0.000000e+000  0.000000e+000  0.000000e+000  0.000000e+000  0.000000e+000  0.000000e+000  
0.000000e+000  0.000000e+000  0.000000e+000  0.000000e+000  0.000000e+000  0.000000e+000  0.000000e+000  0.000000e+000  0.000000e+000  
0.000000e+000  0.000000e+000  0.000000e+000  0.000000e+000  0.000000e+000  0.000000e+000  0.000000e+000  0.000000e+000  0.000000e+000  
0.000000e+000  0.000000e+000  0.000000e+000  0.000000e+000  0.000000e+000  0.000000e+000  0.000000e+000  0.000000e+000  0.000000e+000  

5.976241e-001  5.864491e-001  5.604947e-001  5.178174e-001  4.696147e-001  4.090619e-001  3.432886e-001  3.047908e-001  -0.000000e+000  
6.034389e-001  5.919205e-001  5.645962e-001  5.210132e-001  4.716391e-001  4.098252e-001  3.430535e-001  3.041325e-001  -0.000000e+000  
6.499695e-001  6.359231e-001  6.022254e-001  5.480450e-001  4.883734e-001  4.158972e-001  3.408560e-001  2.984818e-001  -0.000000e+000  
7.003379e-001  6.843553e-001  6.433735e-001  5.762214e-001  5.046921e-001  4.206834e-001  3.374223e-001  2.918605e-001  -0.000000e+000  
7.449844e-001  7.273594e-001  6.797923e-001  6.008669e-001  5.187360e-001  4.245683e-001  3.342015e-001  2.859284e-001  -0.000000e+000  
8.546184e-001  8.339630e-001  7.681532e-001  6.562105e-001  5.468389e-001  4.288542e-001  3.237891e-001  2.705421e-001  -0.000000e+000  
1.004035e+000  9.824888e-001  8.873663e-001  7.218131e-001  5.735923e-001  4.259614e-001  3.057962e-001  2.484631e-001  -0.000000e+000  
1.194101e+000  1.182119e+000  1.039994e+000  7.879951e-001  5.882172e-001  4.087477e-001  2.771541e-001  2.183844e-001  -0.000000e+000  
1.320393e+000  1.336018e+000  1.147878e+000  8.136550e-001  5.781324e-001  3.839245e-001  2.514823e-001  1.947206e-001  -0.000000e+000  
1.361801e+000  1.390324e+000  1.184624e+000  8.198828e-001  5.724571e-001  3.740609e-001  2.419932e-001  1.861853e-001  -0.000000e+000  
1.476045e+000  1.554494e+000  1.291193e+000  8.294471e-001  5.484879e-001  3.406348e-001  2.117651e-001  1.595904e-001  -0.000000e+000  
1.463727e+000  1.768208e+000  1.364403e+000  7.166622e-001  4.262816e-001  2.446185e-001  1.440962e-001  1.057605e-001  -0.000000e+000  
6.192371e-001  7.000421e-001  5.175882e-001  2.920133e-001  1.720812e-001  9.510519e-002  5.394757e-002  3.878651e-002  -0.000000e+000  
-5.934375e-001  -6.721104e-001  -5.054342e-001  -2.852321e-001  -1.683084e-001  -9.325467e-002  -5.315019e-002  -3.838263e-002  -0.000000e+000  
-1.470885e+000  -1.767860e+000  -1.373405e+000  -7.251521e-001  -4.317285e-001  -2.478979e-001  -1.462564e-001  -1.075034e-001  -0.000000e+000  
-1.458027e+000  -1.527036e+000  -1.275668e+000  -8.307997e-001  -5.546827e-001  -3.474790e-001  -2.174624e-001  -1.644567e-001  -0.000000e+000  
-1.239834e+000  -1.234934e+000  -1.078829e+000  -8.009536e-001  -5.883758e-001  -4.023972e-001  -2.692956e-001  -2.107294e-001  -0.000000e+000  
-1.023651e+000  -1.002999e+000  -9.034850e-001  -7.297043e-001  -5.763302e-001  -4.252343e-001  -3.035435e-001  -2.458684e-001  -0.000000e+000  
-8.552579e-001  -8.347937e-001  -7.688219e-001  -6.565391e-001  -5.470964e-001  -4.291642e-001  -3.241590e-001  -2.709247e-001  -0.000000e+000  
-7.357074e-001  -7.184337e-001  -6.722484e-001  -5.958692e-001  -5.160899e-001  -4.241945e-001  -3.353883e-001  -2.876863e-001  -0.000000e+000  
-6.523520e-001  -6.380658e-001  -6.039358e-001  -5.492752e-001  -4.892260e-001  -4.164197e-001  -3.411583e-001  -2.986956e-001  -0.000000e+000  
-6.065932e-001  -5.941980e-001  -5.660664e-001  -5.221740e-001  -4.725194e-001  -4.104131e-001  -3.434078e-001  -3.043822e-001  -0.000000e+000  
-6.024875e-001  -5.893585e-001  -5.616316e-001  -5.189354e-001  -4.704935e-001  -4.096570e-001  -3.436491e-001  -3.050448e-001  -0.000000e+000  
-0.000000e+000  -0.000000e+000  -0.000000e+000  -0.000000e+000  -0.000000e+000  -0.000000e+000  -0.000000e+000  -0.000000e+000  -0.000000e+000  

