Port monitor named: Port2_e1.prt

nx        = 70
ny        = 71
nz        = 25

nu        = 9
nv        = 23
iu        = 10
iv        = 10

idir      = 1
dcut      = 3.000000e-002
icut      = 63
type      = 0
frequency = 3.500000e+009

fcutoff   = 0.000000e+000
alpha     = 0.000000e+000
beta      = 1.354583e+002
accuracy  = 1.732521e-014

type          = QTEM
wave imp.     = 2.045942e+002
wave imp.sig. = 0.000000e+000
line imp.     = 4.923919e+001

ref. port     = 0

0.000000e+000  0.000000e+000  0.000000e+000  0.000000e+000  0.000000e+000  0.000000e+000  0.000000e+000  0.000000e+000  0.000000e+000  
-3.144283e-001  -2.299557e+000  -1.326980e+001  -9.745673e+000  -7.040085e+000  -4.002622e+000  -1.326301e+000  -8.571469e-002  0.000000e+000  
-1.632915e+001  -1.535571e+001  -6.121907e+001  -4.994052e+001  -3.629244e+001  -2.036532e+001  -6.514869e+000  -1.788036e-001  0.000000e+000  
-3.544372e+001  -3.177717e+001  -1.200300e+002  -9.433995e+001  -6.546353e+001  -3.396300e+001  -8.845482e+000  1.910846e+000  0.000000e+000  
-3.916775e+001  -3.482126e+001  -1.300487e+002  -1.011646e+002  -6.939917e+001  -3.535061e+001  -8.728689e+000  2.513000e+000  0.000000e+000  
-6.305451e+001  -5.373260e+001  -1.887523e+002  -1.382907e+002  -8.856503e+001  -4.009694e+001  -6.238971e+000  6.872096e+000  0.000000e+000  
-1.040320e+002  -8.343292e+001  -2.651814e+002  -1.771146e+002  -1.021896e+002  -3.799058e+001  5.674367e-001  1.375395e+001  0.000000e+000  
-1.829972e+002  -1.354929e+002  -3.648907e+002  -2.105655e+002  -1.026336e+002  -2.503789e+001  1.273066e+001  2.327959e+001  0.000000e+000  
-2.482599e+002  -1.759442e+002  -4.172495e+002  -2.173823e+002  -9.386338e+001  -1.394681e+001  2.023260e+001  2.839273e+001  0.000000e+000  
-5.357799e+002  -3.512596e+002  -5.541478e+002  -1.941711e+002  -3.900934e+001  2.994916e+001  4.434876e+001  4.304125e+001  0.000000e+000  
-1.363959e+003  -9.255969e+002  -5.303974e+002  1.683900e+001  1.130903e+002  1.068626e+002  7.640960e+001  5.966179e+001  0.000000e+000  
-3.466767e+003  -3.895033e+003  1.448922e+003  6.652973e+002  3.660212e+002  1.948512e+002  1.055455e+002  7.290366e+001  0.000000e+000  
-4.286813e+003  -4.740862e+003  1.591922e+003  8.556828e+002  4.718342e+002  2.359287e+002  1.188384e+002  7.863573e+001  0.000000e+000  
-3.460149e+003  -3.898846e+003  1.454588e+003  6.624477e+002  3.638503e+002  1.938768e+002  1.052169e+002  7.277954e+001  0.000000e+000  
-1.396391e+003  -9.516947e+002  -5.198999e+002  2.650178e+001  1.176865e+002  1.084479e+002  7.695208e+001  5.995331e+001  0.000000e+000  
-5.549170e+002  -3.629917e+002  -5.608718e+002  -1.917961e+002  -3.549703e+001  3.245455e+001  4.569163e+001  4.387126e+001  0.000000e+000  
-2.414101e+002  -1.720543e+002  -4.163575e+002  -2.195850e+002  -9.580986e+001  -1.490259e+001  1.993512e+001  2.830395e+001  0.000000e+000  
-1.183139e+002  -9.313775e+001  -2.858206e+002  -1.855614e+002  -1.038764e+002  -3.628931e+001  2.760731e+000  1.567256e+001  0.000000e+000  
-6.405144e+001  -5.438464e+001  -1.899987e+002  -1.387993e+002  -8.873935e+001  -4.012430e+001  -6.208787e+000  6.925406e+000  0.000000e+000  
-3.604570e+001  -3.210524e+001  -1.202906e+002  -9.419311e+001  -6.520157e+001  -3.376259e+001  -8.774560e+000  1.921487e+000  0.000000e+000  
-1.722220e+001  -1.571556e+001  -6.106160e+001  -4.977609e+001  -3.614649e+001  -2.025809e+001  -6.469560e+000  -1.666323e-001  0.000000e+000  
-2.469826e+000  -2.803867e+000  -1.155414e+001  -9.529344e+000  -6.991594e+000  -3.980710e+000  -1.317247e+000  -8.310121e-002  0.000000e+000  
0.000000e+000  0.000000e+000  0.000000e+000  0.000000e+000  0.000000e+000  0.000000e+000  0.000000e+000  0.000000e+000  0.000000e+000  

0.000000e+000  1.227439e+001  2.017856e+001  -9.511696e+000  -2.721632e+001  -3.631618e+001  -3.584382e+001  -2.095644e+001  0.000000e+000  
0.000000e+000  4.919933e+000  1.109256e+001  -1.162087e+001  -2.881907e+001  -3.776503e+001  -3.680476e+001  -2.135927e+001  0.000000e+000  
0.000000e+000  4.231382e+000  9.587313e+000  -2.175662e+001  -4.181329e+001  -5.003605e+001  -4.482852e+001  -2.467437e+001  0.000000e+000  
0.000000e+000  1.552481e+000  5.305184e+000  -3.537876e+001  -5.776358e+001  -6.401389e+001  -5.314759e+001  -2.786949e+001  0.000000e+000  
0.000000e+000  -9.741660e-001  1.296079e+000  -4.716321e+001  -7.121171e+001  -7.557432e+001  -5.988319e+001  -3.041621e+001  0.000000e+000  
0.000000e+000  -1.128522e+001  -1.478568e+001  -8.273393e+001  -1.070197e+002  -1.033506e+002  -7.421106e+001  -3.532939e+001  0.000000e+000  
0.000000e+000  -3.612855e+001  -5.308896e+001  -1.466054e+002  -1.617886e+002  -1.403919e+002  -9.042889e+001  -4.013809e+001  0.000000e+000  
0.000000e+000  -8.023586e+001  -1.211561e+002  -2.300650e+002  -2.199825e+002  -1.731030e+002  -1.017752e+002  -4.273249e+001  0.000000e+000  
0.000000e+000  -1.556163e+002  -2.399739e+002  -3.502308e+002  -2.936564e+002  -2.101496e+002  -1.128417e+002  -4.473344e+001  0.000000e+000  
0.000000e+000  -4.510298e+002  -7.525790e+002  -6.795589e+002  -4.330883e+002  -2.570082e+002  -1.180493e+002  -4.275660e+001  0.000000e+000  
0.000000e+000  -1.194035e+003  -2.707091e+003  -1.207823e+003  -5.209131e+002  -2.471525e+002  -9.705417e+001  -3.234642e+001  0.000000e+000  
0.000000e+000  -4.242135e+002  0.000000e+000  -3.948288e+002  -2.070016e+002  -1.022100e+002  -3.891187e+001  -1.249557e+001  0.000000e+000  
0.000000e+000  4.274274e+002  0.000000e+000  4.018271e+002  2.112158e+002  1.043453e+002  3.965299e+001  1.268737e+001  0.000000e+000  
0.000000e+000  1.205574e+003  2.760280e+003  1.212783e+003  5.203181e+002  2.464203e+002  9.664061e+001  3.216428e+001  0.000000e+000  
0.000000e+000  4.725613e+002  7.919484e+002  6.999227e+002  4.397724e+002  2.583023e+002  1.176582e+002  4.242088e+001  0.000000e+000  
0.000000e+000  1.606382e+002  2.478483e+002  3.572223e+002  2.972841e+002  2.115616e+002  1.130567e+002  4.470173e+001  0.000000e+000  
0.000000e+000  5.118842e+001  7.632781e+001  1.778692e+002  1.852714e+002  1.546107e+002  9.589636e+001  4.155950e+001  0.000000e+000  
0.000000e+000  1.362120e+001  1.839024e+001  8.886051e+001  1.124003e+002  1.071172e+002  7.596779e+001  3.588918e+001  0.000000e+000  
0.000000e+000  5.166359e-001  -2.020057e+000  4.489469e+001  6.852617e+001  7.322042e+001  5.850992e+001  2.990320e+001  0.000000e+000  
0.000000e+000  -4.400502e+000  -9.782814e+000  2.194431e+001  4.202170e+001  5.014656e+001  4.482696e+001  2.465143e+001  0.000000e+000  
0.000000e+000  -6.103426e+000  -1.236861e+001  1.179179e+001  2.904290e+001  3.790640e+001  3.684219e+001  2.135563e+001  0.000000e+000  
0.000000e+000  -5.572850e+000  -1.238621e+001  1.067746e+001  2.755109e+001  3.647132e+001  3.588627e+001  2.095512e+001  0.000000e+000  
0.000000e+000  0.000000e+000  0.000000e+000  0.000000e+000  0.000000e+000  0.000000e+000  0.000000e+000  0.000000e+000  0.000000e+000  

0.000000e+000  0.000000e+000  0.000000e+000  0.000000e+000  0.000000e+000  0.000000e+000  0.000000e+000  0.000000e+000  0.000000e+000  
0.000000e+000  0.000000e+000  0.000000e+000  0.000000e+000  0.000000e+000  0.000000e+000  0.000000e+000  0.000000e+000  0.000000e+000  
0.000000e+000  0.000000e+000  0.000000e+000  0.000000e+000  0.000000e+000  0.000000e+000  0.000000e+000  0.000000e+000  0.000000e+000  
0.000000e+000  0.000000e+000  0.000000e+000  0.000000e+000  0.000000e+000  0.000000e+000  0.000000e+000  0.000000e+000  0.000000e+000  
0.000000e+000  0.000000e+000  0.000000e+000  0.000000e+000  0.000000e+000  0.000000e+000  0.000000e+000  0.000000e+000  0.000000e+000  
0.000000e+000  0.000000e+000  0.000000e+000  0.000000e+000  0.000000e+000  0.000000e+000  0.000000e+000  0.000000e+000  0.000000e+000  
0.000000e+000  0.000000e+000  0.000000e+000  0.000000e+000  0.000000e+000  0.000000e+000  0.000000e+000  0.000000e+000  0.000000e+000  
0.000000e+000  0.000000e+000  0.000000e+000  0.000000e+000  0.000000e+000  0.000000e+000  0.000000e+000  0.000000e+000  0.000000e+000  
0.000000e+000  0.000000e+000  0.000000e+000  0.000000e+000  0.000000e+000  0.000000e+000  0.000000e+000  0.000000e+000  0.000000e+000  
0.000000e+000  0.000000e+000  0.000000e+000  0.000000e+000  0.000000e+000  0.000000e+000  0.000000e+000  0.000000e+000  0.000000e+000  
0.000000e+000  0.000000e+000  0.000000e+000  0.000000e+000  0.000000e+000  0.000000e+000  0.000000e+000  0.000000e+000  0.000000e+000  
0.000000e+000  0.000000e+000  0.000000e+000  0.000000e+000  0.000000e+000  0.000000e+000  0.000000e+000  0.000000e+000  0.000000e+000  
0.000000e+000  0.000000e+000  0.000000e+000  0.000000e+000  0.000000e+000  0.000000e+000  0.000000e+000  0.000000e+000  0.000000e+000  
0.000000e+000  0.000000e+000  0.000000e+000  0.000000e+000  0.000000e+000  0.000000e+000  0.000000e+000  0.000000e+000  0.000000e+000  
0.000000e+000  0.000000e+000  0.000000e+000  0.000000e+000  0.000000e+000  0.000000e+000  0.000000e+000  0.000000e+000  0.000000e+000  
0.000000e+000  0.000000e+000  0.000000e+000  0.000000e+000  0.000000e+000  0.000000e+000  0.000000e+000  0.000000e+000  0.000000e+000  
0.000000e+000  0.000000e+000  0.000000e+000  0.000000e+000  0.000000e+000  0.000000e+000  0.000000e+000  0.000000e+000  0.000000e+000  
0.000000e+000  0.000000e+000  0.000000e+000  0.000000e+000  0.000000e+000  0.000000e+000  0.000000e+000  0.000000e+000  0.000000e+000  
0.000000e+000  0.000000e+000  0.000000e+000  0.000000e+000  0.000000e+000  0.000000e+000  0.000000e+000  0.000000e+000  0.000000e+000  
0.000000e+000  0.000000e+000  0.000000e+000  0.000000e+000  0.000000e+000  0.000000e+000  0.000000e+000  0.000000e+000  0.000000e+000  
0.000000e+000  0.000000e+000  0.000000e+000  0.000000e+000  0.000000e+000  0.000000e+000  0.000000e+000  0.000000e+000  0.000000e+000  
0.000000e+000  0.000000e+000  0.000000e+000  0.000000e+000  0.000000e+000  0.000000e+000  0.000000e+000  0.000000e+000  0.000000e+000  
0.000000e+000  0.000000e+000  0.000000e+000  0.000000e+000  0.000000e+000  0.000000e+000  0.000000e+000  0.000000e+000  0.000000e+000  

0.000000e+000  0.000000e+000  0.000000e+000  0.000000e+000  0.000000e+000  0.000000e+000  0.000000e+000  0.000000e+000  0.000000e+000  
0.000000e+000  0.000000e+000  0.000000e+000  0.000000e+000  0.000000e+000  0.000000e+000  0.000000e+000  0.000000e+000  0.000000e+000  
0.000000e+000  0.000000e+000  0.000000e+000  0.000000e+000  0.000000e+000  0.000000e+000  0.000000e+000  0.000000e+000  0.000000e+000  
0.000000e+000  0.000000e+000  0.000000e+000  0.000000e+000  0.000000e+000  0.000000e+000  0.000000e+000  0.000000e+000  0.000000e+000  
0.000000e+000  0.000000e+000  0.000000e+000  0.000000e+000  0.000000e+000  0.000000e+000  0.000000e+000  0.000000e+000  0.000000e+000  
0.000000e+000  0.000000e+000  0.000000e+000  0.000000e+000  0.000000e+000  0.000000e+000  0.000000e+000  0.000000e+000  0.000000e+000  
0.000000e+000  0.000000e+000  0.000000e+000  0.000000e+000  0.000000e+000  0.000000e+000  0.000000e+000  0.000000e+000  0.000000e+000  
0.000000e+000  0.000000e+000  0.000000e+000  0.000000e+000  0.000000e+000  0.000000e+000  0.000000e+000  0.000000e+000  0.000000e+000  
0.000000e+000  0.000000e+000  0.000000e+000  0.000000e+000  0.000000e+000  0.000000e+000  0.000000e+000  0.000000e+000  0.000000e+000  
0.000000e+000  0.000000e+000  0.000000e+000  0.000000e+000  0.000000e+000  0.000000e+000  0.000000e+000  0.000000e+000  0.000000e+000  
0.000000e+000  0.000000e+000  0.000000e+000  0.000000e+000  0.000000e+000  0.000000e+000  0.000000e+000  0.000000e+000  0.000000e+000  
0.000000e+000  0.000000e+000  0.000000e+000  0.000000e+000  0.000000e+000  0.000000e+000  0.000000e+000  0.000000e+000  0.000000e+000  
0.000000e+000  0.000000e+000  0.000000e+000  0.000000e+000  0.000000e+000  0.000000e+000  0.000000e+000  0.000000e+000  0.000000e+000  
0.000000e+000  0.000000e+000  0.000000e+000  0.000000e+000  0.000000e+000  0.000000e+000  0.000000e+000  0.000000e+000  0.000000e+000  
0.000000e+000  0.000000e+000  0.000000e+000  0.000000e+000  0.000000e+000  0.000000e+000  0.000000e+000  0.000000e+000  0.000000e+000  
0.000000e+000  0.000000e+000  0.000000e+000  0.000000e+000  0.000000e+000  0.000000e+000  0.000000e+000  0.000000e+000  0.000000e+000  
0.000000e+000  0.000000e+000  0.000000e+000  0.000000e+000  0.000000e+000  0.000000e+000  0.000000e+000  0.000000e+000  0.000000e+000  
0.000000e+000  0.000000e+000  0.000000e+000  0.000000e+000  0.000000e+000  0.000000e+000  0.000000e+000  0.000000e+000  0.000000e+000  
0.000000e+000  0.000000e+000  0.000000e+000  0.000000e+000  0.000000e+000  0.000000e+000  0.000000e+000  0.000000e+000  0.000000e+000  
0.000000e+000  0.000000e+000  0.000000e+000  0.000000e+000  0.000000e+000  0.000000e+000  0.000000e+000  0.000000e+000  0.000000e+000  
0.000000e+000  0.000000e+000  0.000000e+000  0.000000e+000  0.000000e+000  0.000000e+000  0.000000e+000  0.000000e+000  0.000000e+000  
0.000000e+000  0.000000e+000  0.000000e+000  0.000000e+000  0.000000e+000  0.000000e+000  0.000000e+000  0.000000e+000  0.000000e+000  
0.000000e+000  0.000000e+000  0.000000e+000  0.000000e+000  0.000000e+000  0.000000e+000  0.000000e+000  0.000000e+000  0.000000e+000  

0.000000e+000  0.000000e+000  0.000000e+000  0.000000e+000  0.000000e+000  0.000000e+000  0.000000e+000  0.000000e+000  0.000000e+000  
0.000000e+000  0.000000e+000  0.000000e+000  0.000000e+000  0.000000e+000  0.000000e+000  0.000000e+000  0.000000e+000  0.000000e+000  
0.000000e+000  0.000000e+000  0.000000e+000  0.000000e+000  0.000000e+000  0.000000e+000  0.000000e+000  0.000000e+000  0.000000e+000  
0.000000e+000  0.000000e+000  0.000000e+000  0.000000e+000  0.000000e+000  0.000000e+000  0.000000e+000  0.000000e+000  0.000000e+000  
0.000000e+000  0.000000e+000  0.000000e+000  0.000000e+000  0.000000e+000  0.000000e+000  0.000000e+000  0.000000e+000  0.000000e+000  
0.000000e+000  0.000000e+000  0.000000e+000  0.000000e+000  0.000000e+000  0.000000e+000  0.000000e+000  0.000000e+000  0.000000e+000  
0.000000e+000  0.000000e+000  0.000000e+000  0.000000e+000  0.000000e+000  0.000000e+000  0.000000e+000  0.000000e+000  0.000000e+000  
0.000000e+000  0.000000e+000  0.000000e+000  0.000000e+000  0.000000e+000  0.000000e+000  0.000000e+000  0.000000e+000  0.000000e+000  
0.000000e+000  0.000000e+000  0.000000e+000  0.000000e+000  0.000000e+000  0.000000e+000  0.000000e+000  0.000000e+000  0.000000e+000  
0.000000e+000  0.000000e+000  0.000000e+000  0.000000e+000  0.000000e+000  0.000000e+000  0.000000e+000  0.000000e+000  0.000000e+000  
0.000000e+000  0.000000e+000  0.000000e+000  0.000000e+000  0.000000e+000  0.000000e+000  0.000000e+000  0.000000e+000  0.000000e+000  
0.000000e+000  0.000000e+000  0.000000e+000  0.000000e+000  0.000000e+000  0.000000e+000  0.000000e+000  0.000000e+000  0.000000e+000  
0.000000e+000  0.000000e+000  0.000000e+000  0.000000e+000  0.000000e+000  0.000000e+000  0.000000e+000  0.000000e+000  0.000000e+000  
0.000000e+000  0.000000e+000  0.000000e+000  0.000000e+000  0.000000e+000  0.000000e+000  0.000000e+000  0.000000e+000  0.000000e+000  
0.000000e+000  0.000000e+000  0.000000e+000  0.000000e+000  0.000000e+000  0.000000e+000  0.000000e+000  0.000000e+000  0.000000e+000  
0.000000e+000  0.000000e+000  0.000000e+000  0.000000e+000  0.000000e+000  0.000000e+000  0.000000e+000  0.000000e+000  0.000000e+000  
0.000000e+000  0.000000e+000  0.000000e+000  0.000000e+000  0.000000e+000  0.000000e+000  0.000000e+000  0.000000e+000  0.000000e+000  
0.000000e+000  0.000000e+000  0.000000e+000  0.000000e+000  0.000000e+000  0.000000e+000  0.000000e+000  0.000000e+000  0.000000e+000  
0.000000e+000  0.000000e+000  0.000000e+000  0.000000e+000  0.000000e+000  0.000000e+000  0.000000e+000  0.000000e+000  0.000000e+000  
0.000000e+000  0.000000e+000  0.000000e+000  0.000000e+000  0.000000e+000  0.000000e+000  0.000000e+000  0.000000e+000  0.000000e+000  
0.000000e+000  0.000000e+000  0.000000e+000  0.000000e+000  0.000000e+000  0.000000e+000  0.000000e+000  0.000000e+000  0.000000e+000  
0.000000e+000  0.000000e+000  0.000000e+000  0.000000e+000  0.000000e+000  0.000000e+000  0.000000e+000  0.000000e+000  0.000000e+000  
0.000000e+000  0.000000e+000  0.000000e+000  0.000000e+000  0.000000e+000  0.000000e+000  0.000000e+000  0.000000e+000  0.000000e+000  

0.000000e+000  0.000000e+000  0.000000e+000  0.000000e+000  0.000000e+000  0.000000e+000  0.000000e+000  0.000000e+000  0.000000e+000  
0.000000e+000  -1.453878e+000  -2.442352e+000  -1.933402e+000  -1.615622e+000  -1.298794e+000  -8.456768e-001  -3.901902e-001  0.000000e+000  
0.000000e+000  -5.594054e+000  -1.088230e+001  -9.886794e+000  -8.375924e+000  -6.723770e+000  -4.362951e+000  -2.009061e+000  0.000000e+000  
0.000000e+000  -1.074350e+001  -2.100465e+001  -1.872621e+001  -1.554444e+001  -1.225821e+001  -7.818069e+000  -3.567478e+000  0.000000e+000  
0.000000e+000  -1.160161e+001  -2.268888e+001  -2.011006e+001  -1.660852e+001  -1.304617e+001  -8.292695e+000  -3.778001e+000  0.000000e+000  
0.000000e+000  -1.655031e+001  -3.240364e+001  -2.775952e+001  -2.226141e+001  -1.709762e+001  -1.066370e+001  -4.815465e+000  0.000000e+000  
0.000000e+000  -2.270254e+001  -4.458609e+001  -3.636950e+001  -2.805405e+001  -2.096388e+001  -1.281089e+001  -5.737609e+000  0.000000e+000  
0.000000e+000  -3.024851e+001  -5.989273e+001  -4.560688e+001  -3.352542e+001  -2.431561e+001  -1.459545e+001  -6.502979e+000  0.000000e+000  
0.000000e+000  -3.400553e+001  -6.788739e+001  -4.960495e+001  -3.560526e+001  -2.551407e+001  -1.523981e+001  -6.788567e+000  0.000000e+000  
0.000000e+000  -4.347039e+001  -8.981548e+001  -5.793134e+001  -3.912039e+001  -2.739472e+001  -1.634089e+001  -7.322076e+000  0.000000e+000  
0.000000e+000  -4.528758e+001  -1.042370e+002  -5.622399e+001  -3.728762e+001  -2.681406e+001  -1.660665e+001  -7.605732e+000  0.000000e+000  
0.000000e+000  -6.516627e+000  0.000000e+000  -2.771033e+001  -2.816308e+001  -2.400777e+001  -1.622102e+001  -7.672198e+000  0.000000e+000  
0.000000e+000  -1.466386e+000  0.000000e+000  -1.910339e+001  -2.408260e+001  -2.247672e+001  -1.593812e+001  -7.669430e+000  0.000000e+000  
0.000000e+000  -6.709409e+000  0.000000e+000  -2.800749e+001  -2.834006e+001  -2.409954e+001  -1.625684e+001  -7.683506e+000  0.000000e+000  
0.000000e+000  -4.510792e+001  -1.042760e+002  -5.606401e+001  -3.727004e+001  -2.685646e+001  -1.664916e+001  -7.626271e+000  0.000000e+000  
0.000000e+000  -4.403103e+001  -9.113313e+001  -5.846237e+001  -3.938175e+001  -2.755394e+001  -1.643326e+001  -7.363796e+000  0.000000e+000  
0.000000e+000  -3.401403e+001  -6.779682e+001  -4.975822e+001  -3.575689e+001  -2.561699e+001  -1.528813e+001  -6.805707e+000  0.000000e+000  
0.000000e+000  -2.432315e+001  -4.783932e+001  -3.850256e+001  -2.941881e+001  -2.184986e+001  -1.329806e+001  -5.947038e+000  0.000000e+000  
0.000000e+000  -1.664774e+001  -3.260385e+001  -2.790277e+001  -2.237119e+001  -1.718420e+001  -1.072113e+001  -4.842406e+000  0.000000e+000  
0.000000e+000  -1.073872e+001  -2.101050e+001  -1.870709e+001  -1.552364e+001  -1.224343e+001  -7.812681e+000  -3.566659e+000  0.000000e+000  
0.000000e+000  -5.522170e+000  -1.079159e+001  -9.841160e+000  -8.353908e+000  -6.712447e+000  -4.358843e+000  -2.008168e+000  0.000000e+000  
0.000000e+000  -1.129208e+000  -2.067071e+000  -1.884809e+000  -1.606727e+000  -1.296066e+000  -8.448130e-001  -3.899981e-001  0.000000e+000  
0.000000e+000  0.000000e+000  0.000000e+000  0.000000e+000  0.000000e+000  0.000000e+000  0.000000e+000  0.000000e+000  0.000000e+000  

