Port monitor named: Port3_e1.prt

nx        = 72
ny        = 73
nz        = 25

nu        = 9
nv        = 24
iu        = 10
iv        = 40

idir      = 1
dcut      = -3.000000e-002
icut      = 9
type      = 0
frequency = 3.500000e+009

fcutoff   = 0.000000e+000
alpha     = 0.000000e+000
beta      = 1.353346e+002
accuracy  = 2.714777e-014

type          = QTEM
wave imp.     = 2.048091e+002
wave imp.sig. = 0.000000e+000
line imp.     = 4.925969e+001

ref. port     = 0

0.000000e+000  0.000000e+000  0.000000e+000  0.000000e+000  0.000000e+000  0.000000e+000  0.000000e+000  0.000000e+000  0.000000e+000  
-2.469252e+000  -2.802864e+000  -1.154816e+001  -9.521985e+000  -6.983537e+000  -3.973177e+000  -1.312317e+000  -8.041772e-002  0.000000e+000  
-1.721895e+001  -1.571045e+001  -6.103040e+001  -4.973700e+001  -3.610358e+001  -2.021831e+001  -6.444071e+000  -1.531961e-001  0.000000e+000  
-3.604524e+001  -3.209854e+001  -1.202319e+002  -9.411268e+001  -6.511255e+001  -3.368322e+001  -8.728525e+000  1.941918e+000  0.000000e+000  
-6.406964e+001  -5.438433e+001  -1.899118e+002  -1.386613e+002  -8.858720e+001  -3.999782e+001  -6.145963e+000  6.945008e+000  0.000000e+000  
-1.183982e+002  -9.316683e+001  -2.856940e+002  -1.853207e+002  -1.036207e+002  -3.609976e+001  2.834938e+000  1.567958e+001  0.000000e+000  
-2.417061e+002  -1.721841e+002  -4.161435e+002  -2.191343e+002  -9.537645e+001  -1.463360e+001  2.000613e+001  2.827929e+001  0.000000e+000  
-5.558688e+002  -3.634596e+002  -5.603497e+002  -1.908791e+002  -3.476637e+001  3.280250e+001  4.572685e+001  4.378655e+001  0.000000e+000  
-1.399301e+003  -9.534649e+002  -5.180453e+002  2.844993e+001  1.188414e+002  1.088098e+002  7.688893e+001  5.977126e+001  0.000000e+000  
-3.468072e+003  -3.908492e+003  1.462645e+003  6.662827e+002  3.652999e+002  1.940270e+002  1.049548e+002  7.245996e+001  0.000000e+000  
-4.294321e+003  -4.753653e+003  1.607345e+003  8.596878e+002  4.721487e+002  2.352621e+002  1.182094e+002  7.812873e+001  0.000000e+000  
-3.454875e+003  -3.916248e+003  1.472515e+003  6.605641e+002  3.618000e+002  1.927164e+002  1.044942e+002  7.223071e+001  0.000000e+000  
-1.485046e+003  -1.022023e+003  -4.917327e+002  5.477784e+001  1.323510e+002  1.137638e+002  7.842191e+001  6.041085e+001  0.000000e+000  
-6.334316e+002  -4.129661e+002  -5.650763e+002  -1.723173e+002  -2.006152e+001  4.047692e+001  4.897542e+001  4.549279e+001  0.000000e+000  
-5.298995e+002  -3.469820e+002  -5.512364e+002  -1.943595e+002  -3.997758e+001  2.899786e+001  4.372956e+001  4.260678e+001  0.000000e+000  
-4.382965e+002  -2.903139e+002  -5.305716e+002  -2.111867e+002  -5.783486e+001  1.785417e+001  3.837222e+001  3.957006e+001  0.000000e+000  
-2.115114e+002  -1.535799e+002  -3.945414e+002  -2.173644e+002  -9.974998e+001  -1.958205e+001  1.673112e+001  2.605407e+001  0.000000e+000  
-1.127773e+002  -8.956620e+001  -2.797097e+002  -1.836073e+002  -1.037545e+002  -3.689701e+001  2.089212e+000  1.507007e+001  0.000000e+000  
-6.513752e+001  -5.535726e+001  -1.936555e+002  -1.412582e+002  -8.998193e+001  -4.034499e+001  -5.985563e+000  7.218662e+000  0.000000e+000  
-3.889404e+001  -3.459885e+001  -1.293283e+002  -1.006986e+002  -6.916208e+001  -3.531356e+001  -8.805309e+000  2.403480e+000  0.000000e+000  
-3.520161e+001  -3.157781e+001  -1.193692e+002  -9.390308e+001  -6.523498e+001  -3.392158e+001  -8.913823e+000  1.809658e+000  0.000000e+000  
-1.622401e+001  -1.526494e+001  -6.089402e+001  -4.970779e+001  -3.615688e+001  -2.032735e+001  -6.542847e+000  -2.295358e-001  0.000000e+000  
-3.012504e-001  -2.284321e+000  -1.320733e+001  -9.700936e+000  -7.013534e+000  -3.994688e+000  -1.331313e+000  -9.531112e-002  0.000000e+000  
0.000000e+000  0.000000e+000  0.000000e+000  0.000000e+000  0.000000e+000  0.000000e+000  0.000000e+000  0.000000e+000  0.000000e+000  

0.000000e+000  5.559632e+000  1.236053e+001  -1.070468e+001  -2.757322e+001  -3.648398e+001  -3.588406e+001  -2.094786e+001  0.000000e+000  
0.000000e+000  6.089498e+000  1.234193e+001  -1.182015e+001  -2.906557e+001  -3.791876e+001  -3.683884e+001  -2.134748e+001  0.000000e+000  
0.000000e+000  4.381451e+000  9.747441e+000  -2.198300e+001  -4.204908e+001  -5.015597e+001  -4.481352e+001  -2.463551e+001  0.000000e+000  
0.000000e+000  -5.496846e-001  1.961911e+000  -4.495862e+001  -6.856307e+001  -7.322122e+001  -5.847443e+001  -2.987173e+001  0.000000e+000  
0.000000e+000  -1.368917e+001  -1.850312e+001  -8.897708e+001  -1.124512e+002  -1.070967e+002  -7.589293e+001  -3.583309e+001  0.000000e+000  
0.000000e+000  -5.135393e+001  -7.659010e+001  -1.780994e+002  -1.853360e+002  -1.545361e+002  -9.575065e+001  -4.146517e+001  0.000000e+000  
0.000000e+000  -1.610875e+002  -2.485510e+002  -3.576828e+002  -2.973289e+002  -2.113549e+002  -1.127900e+002  -4.455280e+001  0.000000e+000  
0.000000e+000  -4.738251e+002  -7.940687e+002  -7.007618e+002  -4.396301e+002  -2.577917e+002  -1.172008e+002  -4.220277e+001  0.000000e+000  
0.000000e+000  -1.208745e+003  -2.767649e+003  -1.213704e+003  -5.193978e+002  -2.452847e+002  -9.592283e+001  -3.187519e+001  0.000000e+000  
0.000000e+000  -4.275463e+002  0.000000e+000  -3.984240e+002  -2.078308e+002  -1.021224e+002  -3.865915e+001  -1.235424e+001  0.000000e+000  
0.000000e+000  4.340142e+002  0.000000e+000  4.106021e+002  2.144371e+002  1.053332e+002  3.991778e+001  1.277287e+001  0.000000e+000  
0.000000e+000  1.228331e+003  2.884803e+003  1.217395e+003  5.147035e+002  2.425896e+002  9.500379e+001  3.159746e+001  0.000000e+000  
0.000000e+000  5.124010e+002  8.678308e+002  7.363888e+002  4.513779e+002  2.604110e+002  1.167914e+002  4.172142e+001  0.000000e+000  
0.000000e+000  3.112448e+002  4.980610e+002  5.319140e+002  3.738044e+002  2.374264e+002  1.157518e+002  4.349470e+001  0.000000e+000  
0.000000e+000  2.555563e+002  4.021722e+002  4.698377e+002  3.474331e+002  2.285196e+002  1.147311e+002  4.385506e+001  0.000000e+000  
0.000000e+000  1.251988e+002  1.904664e+002  3.087683e+002  2.712426e+002  1.998097e+002  1.099422e+002  4.423325e+001  0.000000e+000  
0.000000e+000  4.380314e+001  6.487329e+001  1.643760e+002  1.758818e+002  1.491394e+002  9.375531e+001  4.095452e+001  0.000000e+000  
0.000000e+000  1.295170e+001  1.738199e+001  8.797724e+001  1.120096e+002  1.069895e+002  7.589348e+001  3.583049e+001  0.000000e+000  
0.000000e+000  1.072791e+000  -1.131341e+000  4.757539e+001  7.165524e+001  7.591996e+001  6.002893e+001  3.043989e+001  0.000000e+000  
0.000000e+000  -1.609025e+000  -5.387354e+000  3.500482e+001  5.728376e+001  6.354904e+001  5.281031e+001  2.770735e+001  0.000000e+000  
0.000000e+000  -4.248084e+000  -9.606822e+000  2.151491e+001  4.146082e+001  4.966473e+001  4.453472e+001  2.452527e+001  0.000000e+000  
0.000000e+000  -4.915186e+000  -1.107832e+001  1.147286e+001  2.856965e+001  3.747836e+001  3.655591e+001  2.122530e+001  0.000000e+000  
0.000000e+000  -1.226548e+001  -2.015438e+001  9.374812e+000  2.697884e+001  3.603951e+001  3.560043e+001  2.082434e+001  0.000000e+000  
0.000000e+000  0.000000e+000  0.000000e+000  0.000000e+000  0.000000e+000  0.000000e+000  0.000000e+000  0.000000e+000  0.000000e+000  

0.000000e+000  0.000000e+000  0.000000e+000  0.000000e+000  0.000000e+000  0.000000e+000  0.000000e+000  0.000000e+000  0.000000e+000  
0.000000e+000  0.000000e+000  0.000000e+000  0.000000e+000  0.000000e+000  0.000000e+000  0.000000e+000  0.000000e+000  0.000000e+000  
0.000000e+000  0.000000e+000  0.000000e+000  0.000000e+000  0.000000e+000  0.000000e+000  0.000000e+000  0.000000e+000  0.000000e+000  
0.000000e+000  0.000000e+000  0.000000e+000  0.000000e+000  0.000000e+000  0.000000e+000  0.000000e+000  0.000000e+000  0.000000e+000  
0.000000e+000  0.000000e+000  0.000000e+000  0.000000e+000  0.000000e+000  0.000000e+000  0.000000e+000  0.000000e+000  0.000000e+000  
0.000000e+000  0.000000e+000  0.000000e+000  0.000000e+000  0.000000e+000  0.000000e+000  0.000000e+000  0.000000e+000  0.000000e+000  
0.000000e+000  0.000000e+000  0.000000e+000  0.000000e+000  0.000000e+000  0.000000e+000  0.000000e+000  0.000000e+000  0.000000e+000  
0.000000e+000  0.000000e+000  0.000000e+000  0.000000e+000  0.000000e+000  0.000000e+000  0.000000e+000  0.000000e+000  0.000000e+000  
0.000000e+000  0.000000e+000  0.000000e+000  0.000000e+000  0.000000e+000  0.000000e+000  0.000000e+000  0.000000e+000  0.000000e+000  
0.000000e+000  0.000000e+000  0.000000e+000  0.000000e+000  0.000000e+000  0.000000e+000  0.000000e+000  0.000000e+000  0.000000e+000  
0.000000e+000  0.000000e+000  0.000000e+000  0.000000e+000  0.000000e+000  0.000000e+000  0.000000e+000  0.000000e+000  0.000000e+000  
0.000000e+000  0.000000e+000  0.000000e+000  0.000000e+000  0.000000e+000  0.000000e+000  0.000000e+000  0.000000e+000  0.000000e+000  
0.000000e+000  0.000000e+000  0.000000e+000  0.000000e+000  0.000000e+000  0.000000e+000  0.000000e+000  0.000000e+000  0.000000e+000  
0.000000e+000  0.000000e+000  0.000000e+000  0.000000e+000  0.000000e+000  0.000000e+000  0.000000e+000  0.000000e+000  0.000000e+000  
0.000000e+000  0.000000e+000  0.000000e+000  0.000000e+000  0.000000e+000  0.000000e+000  0.000000e+000  0.000000e+000  0.000000e+000  
0.000000e+000  0.000000e+000  0.000000e+000  0.000000e+000  0.000000e+000  0.000000e+000  0.000000e+000  0.000000e+000  0.000000e+000  
0.000000e+000  0.000000e+000  0.000000e+000  0.000000e+000  0.000000e+000  0.000000e+000  0.000000e+000  0.000000e+000  0.000000e+000  
0.000000e+000  0.000000e+000  0.000000e+000  0.000000e+000  0.000000e+000  0.000000e+000  0.000000e+000  0.000000e+000  0.000000e+000  
0.000000e+000  0.000000e+000  0.000000e+000  0.000000e+000  0.000000e+000  0.000000e+000  0.000000e+000  0.000000e+000  0.000000e+000  
0.000000e+000  0.000000e+000  0.000000e+000  0.000000e+000  0.000000e+000  0.000000e+000  0.000000e+000  0.000000e+000  0.000000e+000  
0.000000e+000  0.000000e+000  0.000000e+000  0.000000e+000  0.000000e+000  0.000000e+000  0.000000e+000  0.000000e+000  0.000000e+000  
0.000000e+000  0.000000e+000  0.000000e+000  0.000000e+000  0.000000e+000  0.000000e+000  0.000000e+000  0.000000e+000  0.000000e+000  
0.000000e+000  0.000000e+000  0.000000e+000  0.000000e+000  0.000000e+000  0.000000e+000  0.000000e+000  0.000000e+000  0.000000e+000  
0.000000e+000  0.000000e+000  0.000000e+000  0.000000e+000  0.000000e+000  0.000000e+000  0.000000e+000  0.000000e+000  0.000000e+000  

0.000000e+000  0.000000e+000  0.000000e+000  0.000000e+000  0.000000e+000  0.000000e+000  0.000000e+000  0.000000e+000  0.000000e+000  
0.000000e+000  0.000000e+000  0.000000e+000  0.000000e+000  0.000000e+000  0.000000e+000  0.000000e+000  0.000000e+000  0.000000e+000  
0.000000e+000  0.000000e+000  0.000000e+000  0.000000e+000  0.000000e+000  0.000000e+000  0.000000e+000  0.000000e+000  0.000000e+000  
0.000000e+000  0.000000e+000  0.000000e+000  0.000000e+000  0.000000e+000  0.000000e+000  0.000000e+000  0.000000e+000  0.000000e+000  
0.000000e+000  0.000000e+000  0.000000e+000  0.000000e+000  0.000000e+000  0.000000e+000  0.000000e+000  0.000000e+000  0.000000e+000  
0.000000e+000  0.000000e+000  0.000000e+000  0.000000e+000  0.000000e+000  0.000000e+000  0.000000e+000  0.000000e+000  0.000000e+000  
0.000000e+000  0.000000e+000  0.000000e+000  0.000000e+000  0.000000e+000  0.000000e+000  0.000000e+000  0.000000e+000  0.000000e+000  
0.000000e+000  0.000000e+000  0.000000e+000  0.000000e+000  0.000000e+000  0.000000e+000  0.000000e+000  0.000000e+000  0.000000e+000  
0.000000e+000  0.000000e+000  0.000000e+000  0.000000e+000  0.000000e+000  0.000000e+000  0.000000e+000  0.000000e+000  0.000000e+000  
0.000000e+000  0.000000e+000  0.000000e+000  0.000000e+000  0.000000e+000  0.000000e+000  0.000000e+000  0.000000e+000  0.000000e+000  
0.000000e+000  0.000000e+000  0.000000e+000  0.000000e+000  0.000000e+000  0.000000e+000  0.000000e+000  0.000000e+000  0.000000e+000  
0.000000e+000  0.000000e+000  0.000000e+000  0.000000e+000  0.000000e+000  0.000000e+000  0.000000e+000  0.000000e+000  0.000000e+000  
0.000000e+000  0.000000e+000  0.000000e+000  0.000000e+000  0.000000e+000  0.000000e+000  0.000000e+000  0.000000e+000  0.000000e+000  
0.000000e+000  0.000000e+000  0.000000e+000  0.000000e+000  0.000000e+000  0.000000e+000  0.000000e+000  0.000000e+000  0.000000e+000  
0.000000e+000  0.000000e+000  0.000000e+000  0.000000e+000  0.000000e+000  0.000000e+000  0.000000e+000  0.000000e+000  0.000000e+000  
0.000000e+000  0.000000e+000  0.000000e+000  0.000000e+000  0.000000e+000  0.000000e+000  0.000000e+000  0.000000e+000  0.000000e+000  
0.000000e+000  0.000000e+000  0.000000e+000  0.000000e+000  0.000000e+000  0.000000e+000  0.000000e+000  0.000000e+000  0.000000e+000  
0.000000e+000  0.000000e+000  0.000000e+000  0.000000e+000  0.000000e+000  0.000000e+000  0.000000e+000  0.000000e+000  0.000000e+000  
0.000000e+000  0.000000e+000  0.000000e+000  0.000000e+000  0.000000e+000  0.000000e+000  0.000000e+000  0.000000e+000  0.000000e+000  
0.000000e+000  0.000000e+000  0.000000e+000  0.000000e+000  0.000000e+000  0.000000e+000  0.000000e+000  0.000000e+000  0.000000e+000  
0.000000e+000  0.000000e+000  0.000000e+000  0.000000e+000  0.000000e+000  0.000000e+000  0.000000e+000  0.000000e+000  0.000000e+000  
0.000000e+000  0.000000e+000  0.000000e+000  0.000000e+000  0.000000e+000  0.000000e+000  0.000000e+000  0.000000e+000  0.000000e+000  
0.000000e+000  0.000000e+000  0.000000e+000  0.000000e+000  0.000000e+000  0.000000e+000  0.000000e+000  0.000000e+000  0.000000e+000  
0.000000e+000  0.000000e+000  0.000000e+000  0.000000e+000  0.000000e+000  0.000000e+000  0.000000e+000  0.000000e+000  0.000000e+000  

0.000000e+000  0.000000e+000  0.000000e+000  0.000000e+000  0.000000e+000  0.000000e+000  0.000000e+000  0.000000e+000  0.000000e+000  
0.000000e+000  0.000000e+000  0.000000e+000  0.000000e+000  0.000000e+000  0.000000e+000  0.000000e+000  0.000000e+000  0.000000e+000  
0.000000e+000  0.000000e+000  0.000000e+000  0.000000e+000  0.000000e+000  0.000000e+000  0.000000e+000  0.000000e+000  0.000000e+000  
0.000000e+000  0.000000e+000  0.000000e+000  0.000000e+000  0.000000e+000  0.000000e+000  0.000000e+000  0.000000e+000  0.000000e+000  
0.000000e+000  0.000000e+000  0.000000e+000  0.000000e+000  0.000000e+000  0.000000e+000  0.000000e+000  0.000000e+000  0.000000e+000  
0.000000e+000  0.000000e+000  0.000000e+000  0.000000e+000  0.000000e+000  0.000000e+000  0.000000e+000  0.000000e+000  0.000000e+000  
0.000000e+000  0.000000e+000  0.000000e+000  0.000000e+000  0.000000e+000  0.000000e+000  0.000000e+000  0.000000e+000  0.000000e+000  
0.000000e+000  0.000000e+000  0.000000e+000  0.000000e+000  0.000000e+000  0.000000e+000  0.000000e+000  0.000000e+000  0.000000e+000  
0.000000e+000  0.000000e+000  0.000000e+000  0.000000e+000  0.000000e+000  0.000000e+000  0.000000e+000  0.000000e+000  0.000000e+000  
0.000000e+000  0.000000e+000  0.000000e+000  0.000000e+000  0.000000e+000  0.000000e+000  0.000000e+000  0.000000e+000  0.000000e+000  
0.000000e+000  0.000000e+000  0.000000e+000  0.000000e+000  0.000000e+000  0.000000e+000  0.000000e+000  0.000000e+000  0.000000e+000  
0.000000e+000  0.000000e+000  0.000000e+000  0.000000e+000  0.000000e+000  0.000000e+000  0.000000e+000  0.000000e+000  0.000000e+000  
0.000000e+000  0.000000e+000  0.000000e+000  0.000000e+000  0.000000e+000  0.000000e+000  0.000000e+000  0.000000e+000  0.000000e+000  
0.000000e+000  0.000000e+000  0.000000e+000  0.000000e+000  0.000000e+000  0.000000e+000  0.000000e+000  0.000000e+000  0.000000e+000  
0.000000e+000  0.000000e+000  0.000000e+000  0.000000e+000  0.000000e+000  0.000000e+000  0.000000e+000  0.000000e+000  0.000000e+000  
0.000000e+000  0.000000e+000  0.000000e+000  0.000000e+000  0.000000e+000  0.000000e+000  0.000000e+000  0.000000e+000  0.000000e+000  
0.000000e+000  0.000000e+000  0.000000e+000  0.000000e+000  0.000000e+000  0.000000e+000  0.000000e+000  0.000000e+000  0.000000e+000  
0.000000e+000  0.000000e+000  0.000000e+000  0.000000e+000  0.000000e+000  0.000000e+000  0.000000e+000  0.000000e+000  0.000000e+000  
0.000000e+000  0.000000e+000  0.000000e+000  0.000000e+000  0.000000e+000  0.000000e+000  0.000000e+000  0.000000e+000  0.000000e+000  
0.000000e+000  0.000000e+000  0.000000e+000  0.000000e+000  0.000000e+000  0.000000e+000  0.000000e+000  0.000000e+000  0.000000e+000  
0.000000e+000  0.000000e+000  0.000000e+000  0.000000e+000  0.000000e+000  0.000000e+000  0.000000e+000  0.000000e+000  0.000000e+000  
0.000000e+000  0.000000e+000  0.000000e+000  0.000000e+000  0.000000e+000  0.000000e+000  0.000000e+000  0.000000e+000  0.000000e+000  
0.000000e+000  0.000000e+000  0.000000e+000  0.000000e+000  0.000000e+000  0.000000e+000  0.000000e+000  0.000000e+000  0.000000e+000  
0.000000e+000  0.000000e+000  0.000000e+000  0.000000e+000  0.000000e+000  0.000000e+000  0.000000e+000  0.000000e+000  0.000000e+000  

0.000000e+000  0.000000e+000  0.000000e+000  0.000000e+000  0.000000e+000  0.000000e+000  0.000000e+000  0.000000e+000  0.000000e+000  
0.000000e+000  -1.128564e+000  -2.065843e+000  -1.884781e+000  -1.607594e+000  -1.297477e+000  -8.463926e-001  -3.909938e-001  0.000000e+000  
0.000000e+000  -5.519075e+000  -1.078528e+001  -9.841143e+000  -8.358582e+000  -6.719947e+000  -4.367178e+000  -2.013401e+000  0.000000e+000  
0.000000e+000  -1.073324e+001  -2.099921e+001  -1.870821e+001  -1.553379e+001  -1.225883e+001  -7.829241e+000  -3.576864e+000  0.000000e+000  
0.000000e+000  -1.664044e+001  -3.258864e+001  -2.790701e+001  -2.238915e+001  -1.720970e+001  -1.074737e+001  -4.858171e+000  0.000000e+000  
0.000000e+000  -2.431480e+001  -4.782154e+001  -3.851363e+001  -2.944933e+001  -2.189015e+001  -1.333734e+001  -5.969881e+000  0.000000e+000  
0.000000e+000  -3.400629e+001  -6.777960e+001  -4.978269e+001  -3.580778e+001  -2.567930e+001  -1.534512e+001  -6.837547e+000  0.000000e+000  
0.000000e+000  -4.402674e+001  -9.112241e+001  -5.851181e+001  -3.946582e+001  -2.764904e+001  -1.651394e+001  -7.406786e+000  0.000000e+000  
0.000000e+000  -4.511043e+001  -1.042799e+002  -5.615948e+001  -3.740848e+001  -2.699986e+001  -1.676045e+001  -7.682409e+000  0.000000e+000  
0.000000e+000  -6.719113e+000  0.000000e+000  -2.819235e+001  -2.856865e+001  -2.431201e+001  -1.640517e+001  -7.753898e+000  0.000000e+000  
0.000000e+000  -1.538598e+000  0.000000e+000  -1.949085e+001  -2.448244e+001  -2.279381e+001  -1.613119e+001  -7.754784e+000  0.000000e+000  
0.000000e+000  -7.158125e+000  0.000000e+000  -2.875686e+001  -2.885429e+001  -2.443621e+001  -1.644727e+001  -7.766696e+000  0.000000e+000  
0.000000e+000  -4.459288e+001  -1.043194e+002  -5.551091e+001  -3.713839e+001  -2.694990e+001  -1.679306e+001  -7.708221e+000  0.000000e+000  
0.000000e+000  -4.471353e+001  -9.349590e+001  -5.888008e+001  -3.958338e+001  -2.777682e+001  -1.663860e+001  -7.475414e+000  0.000000e+000  
0.000000e+000  -4.354306e+001  -8.982357e+001  -5.824244e+001  -3.945173e+001  -2.767177e+001  -1.651655e+001  -7.400826e+000  0.000000e+000  
0.000000e+000  -4.201164e+001  -8.562198e+001  -5.719051e+001  -3.911248e+001  -2.746692e+001  -1.635355e+001  -7.310939e+000  0.000000e+000  
0.000000e+000  -3.252430e+001  -6.455166e+001  -4.830003e+001  -3.509081e+001  -2.528634e+001  -1.513675e+001  -6.743975e+000  0.000000e+000  
0.000000e+000  -2.390385e+001  -4.696397e+001  -3.805880e+001  -2.920624e+001  -2.175136e+001  -1.326628e+001  -5.939516e+000  0.000000e+000  
0.000000e+000  -1.699142e+001  -3.326492e+001  -2.848381e+001  -2.283115e+001  -1.753070e+001  -1.093536e+001  -4.940152e+000  0.000000e+000  
0.000000e+000  -1.155755e+001  -2.260080e+001  -2.007977e+001  -1.661907e+001  -1.307862e+001  -8.330351e+000  -3.800390e+000  0.000000e+000  
0.000000e+000  -1.070229e+001  -2.092254e+001  -1.869629e+001  -1.555234e+001  -1.228695e+001  -7.852506e+000  -3.588194e+000  0.000000e+000  
0.000000e+000  -5.572171e+000  -1.083919e+001  -9.867674e+000  -8.375832e+000  -6.735356e+000  -4.379396e+000  -2.019554e+000  0.000000e+000  
0.000000e+000  -1.448865e+000  -2.433446e+000  -1.929541e+000  -1.615425e+000  -1.300864e+000  -8.487523e-001  -3.921801e-001  0.000000e+000  
0.000000e+000  0.000000e+000  0.000000e+000  0.000000e+000  0.000000e+000  0.000000e+000  0.000000e+000  0.000000e+000  0.000000e+000  

