Port monitor named: Port2_e1.prt

nx        = 76
ny        = 71
nz        = 25

nu        = 9
nv        = 27
iu        = 10
iv        = 10

idir      = 1
dcut      = 2.750000e-002
icut      = 63
type      = 0
frequency = 3.500000e+009

fcutoff   = 0.000000e+000
alpha     = 0.000000e+000
beta      = 1.357662e+002
accuracy  = 2.193545e-014

type          = QTEM
wave imp.     = 2.044651e+002
wave imp.sig. = 1.681416e-002
line imp.     = 4.917980e+001

ref. port     = 0

0.000000e+000  0.000000e+000  0.000000e+000  0.000000e+000  0.000000e+000  0.000000e+000  0.000000e+000  0.000000e+000  0.000000e+000  
-6.959987e-002  -2.331578e+000  -1.348556e+001  -9.902681e+000  -7.344357e+000  -4.154811e+000  -1.368871e+000  -1.116735e-001  0.000000e+000  
-1.103518e+001  -1.085331e+001  -4.478891e+001  -3.710746e+001  -2.773367e+001  -1.555031e+001  -5.007607e+000  -2.918373e-001  0.000000e+000  
-2.219930e+001  -2.046515e+001  -8.012635e+001  -6.574524e+001  -4.827658e+001  -2.610557e+001  -7.726776e+000  2.469792e-001  0.000000e+000  
-3.595881e+001  -3.219383e+001  -1.216174e+002  -9.697194e+001  -6.884028e+001  -3.495678e+001  -8.791928e+000  2.011162e+000  0.000000e+000  
-3.962407e+001  -3.520715e+001  -1.316633e+002  -1.040363e+002  -7.311047e+001  -3.645164e+001  -8.700084e+000  2.603967e+000  0.000000e+000  
-6.328798e+001  -5.400797e+001  -1.906827e+002  -1.426901e+002  -9.422701e+001  -4.171864e+001  -6.328259e+000  6.921162e+000  0.000000e+000  
-1.039689e+002  -8.357075e+001  -2.679165e+002  -1.838963e+002  -1.103150e+002  -4.005240e+001  3.886064e-001  1.378482e+001  0.000000e+000  
-1.822714e+002  -1.352862e+002  -3.693974e+002  -2.209586e+002  -1.135503e+002  -2.735461e+001  1.251092e+001  2.332950e+001  0.000000e+000  
-2.469158e+002  -1.753463e+002  -4.232570e+002  -2.298460e+002  -1.058407e+002  -1.624432e+001  2.002240e+001  2.846798e+001  0.000000e+000  
-5.316233e+002  -3.484292e+002  -5.666580e+002  -2.125235e+002  -5.217881e+001  2.821096e+001  4.426045e+001  4.323045e+001  0.000000e+000  
-1.353119e+003  -9.117051e+002  -5.589219e+002  -2.826766e+000  1.071144e+002  1.072718e+002  7.670670e+001  6.006334e+001  0.000000e+000  
-3.458533e+003  -3.819271e+003  1.440015e+003  6.771339e+002  3.848134e+002  1.994696e+002  1.065224e+002  7.357330e+001  0.000000e+000  
-4.147479e+003  -4.750675e+003  1.652848e+003  8.462030e+002  4.713995e+002  2.296040e+002  1.159757e+002  7.770867e+001  0.000000e+000  
-4.294269e+003  -4.616485e+003  1.542589e+003  8.853120e+002  4.995960e+002  2.400174e+002  1.192265e+002  7.911535e+001  0.000000e+000  
-4.145429e+003  -4.752130e+003  1.656527e+003  8.452891e+002  4.703121e+002  2.290901e+002  1.158051e+002  7.764468e+001  0.000000e+000  
-3.451355e+003  -3.823506e+003  1.446289e+003  6.739058e+002  3.824421e+002  1.984813e+002  1.062019e+002  7.345405e+001  0.000000e+000  
-1.385161e+003  -9.372407e+002  -5.488593e+002  6.999829e+000  1.120605e+002  1.089200e+002  7.726572e+001  6.036432e+001  0.000000e+000  
-5.505189e+002  -3.599769e+002  -5.737791e+002  -2.104783e+002  -4.870496e+001  3.074461e+001  4.561226e+001  4.406989e+001  0.000000e+000  
-2.401233e+002  -1.715071e+002  -4.221957e+002  -2.319980e+002  -1.078816e+002  -1.723727e+001  1.971878e+001  2.837773e+001  0.000000e+000  
-1.181316e+002  -9.321462e+001  -2.888599e+002  -1.930440e+002  -1.126149e+002  -3.843632e+001  2.565478e+000  1.570342e+001  0.000000e+000  
-6.427287e+001  -5.465393e+001  -1.919496e+002  -1.432348e+002  -9.442838e+001  -4.175377e+001  -6.301041e+000  6.973322e+000  0.000000e+000  
-3.654540e+001  -3.251774e+001  -1.219006e+002  -9.684022e+001  -6.858046e+001  -3.475368e+001  -8.721618e+000  2.022034e+000  0.000000e+000  
-2.287248e+001  -2.078284e+001  -8.017975e+001  -6.561135e+001  -4.810293e+001  -2.596769e+001  -7.671518e+000  2.604912e-001  0.000000e+000  
-1.234693e+001  -1.129902e+001  -4.430415e+001  -3.688695e+001  -2.760683e+001  -1.546953e+001  -4.973664e+000  -2.819071e-001  0.000000e+000  
-2.400757e+000  -2.808734e+000  -1.155411e+001  -9.688313e+000  -7.296089e+000  -4.132756e+000  -1.359707e+000  -1.088758e-001  0.000000e+000  
0.000000e+000  0.000000e+000  0.000000e+000  0.000000e+000  0.000000e+000  0.000000e+000  0.000000e+000  0.000000e+000  0.000000e+000  

0.000000e+000  1.305086e+001  2.089565e+001  -8.320736e+000  -2.574019e+001  -3.536831e+001  -3.558105e+001  -2.088314e+001  0.000000e+000  
0.000000e+000  4.615521e+000  1.091568e+001  -9.966234e+000  -2.689165e+001  -3.644494e+001  -3.628700e+001  -2.118194e+001  0.000000e+000  
0.000000e+000  4.949247e+000  1.085517e+001  -1.473412e+001  -3.306866e+001  -4.249928e+001  -4.021681e+001  -2.282921e+001  0.000000e+000  
0.000000e+000  3.762706e+000  8.825289e+000  -2.376124e+001  -4.466869e+001  -5.356846e+001  -4.707371e+001  -2.560848e+001  0.000000e+000  
0.000000e+000  1.799629e+000  5.694096e+000  -3.339441e+001  -5.613943e+001  -6.389693e+001  -5.299845e+001  -2.788180e+001  0.000000e+000  
0.000000e+000  -7.756041e-001  1.611165e+000  -4.512469e+001  -6.978771e+001  -7.597254e+001  -5.977820e+001  -3.044422e+001  0.000000e+000  
0.000000e+000  -1.101546e+001  -1.436251e+001  -8.033052e+001  -1.061727e+002  -1.051786e+002  -7.424394e+001  -3.541657e+001  0.000000e+000  
0.000000e+000  -3.557210e+001  -5.220946e+001  -1.438003e+002  -1.622823e+002  -1.445513e+002  -9.068297e+001  -4.031624e+001  0.000000e+000  
0.000000e+000  -7.915699e+001  -1.193652e+002  -2.274855e+002  -2.227377e+002  -1.798783e+002  -1.022730e+002  -4.299736e+001  0.000000e+000  
0.000000e+000  -1.537157e+002  -2.365497e+002  -3.487516e+002  -2.999817e+002  -2.202906e+002  -1.136537e+002  -4.510051e+001  0.000000e+000  
0.000000e+000  -4.469637e+002  -7.419263e+002  -6.867934e+002  -4.506407e+002  -2.737086e+002  -1.194942e+002  -4.327875e+001  0.000000e+000  
0.000000e+000  -1.195226e+003  -2.669319e+003  -1.247177e+003  -5.564615e+002  -2.687218e+002  -9.910122e+001  -3.294694e+001  0.000000e+000  
0.000000e+000  -7.158918e+002  0.000000e+000  -6.374038e+002  -3.202961e+002  -1.564854e+002  -5.601699e+001  -1.817815e+001  0.000000e+000  
0.000000e+000  -1.501635e+002  0.000000e+000  -1.823925e+002  -1.073144e+002  -5.381930e+001  -1.915358e+001  -6.173451e+000  0.000000e+000  
0.000000e+000  1.520401e+002  0.000000e+000  1.885338e+002  1.116854e+002  5.618340e+001  1.992568e+001  6.372761e+000  0.000000e+000  
0.000000e+000  7.210617e+002  0.000000e+000  6.461374e+002  3.247739e+002  1.586166e+002  5.668442e+001  1.834672e+001  0.000000e+000  
0.000000e+000  1.206703e+003  2.721861e+003  1.252446e+003  5.560678e+002  2.680595e+002  9.871413e+001  3.277053e+001  0.000000e+000  
0.000000e+000  4.682926e+002  7.806827e+002  7.077907e+002  4.580451e+002  2.753473e+002  1.191502e+002  4.295432e+001  0.000000e+000  
0.000000e+000  1.586600e+002  2.442867e+002  3.558101e+002  3.038306e+002  2.218796e+002  1.138932e+002  4.507708e+001  0.000000e+000  
0.000000e+000  5.044633e+001  7.513367e+001  1.750324e+002  1.865352e+002  1.598032e+002  9.625200e+001  4.177732e+001  0.000000e+000  
0.000000e+000  1.332386e+001  1.792266e+001  8.641112e+001  1.116729e+002  1.091682e+002  7.602519e+001  3.598711e+001  0.000000e+000  
0.000000e+000  3.157552e-001  -2.340836e+000  4.287451e+001  6.707374e+001  7.352101e+001  5.839784e+001  2.992809e+001  0.000000e+000  
0.000000e+000  -3.844407e+000  -8.911057e+000  2.397700e+001  4.489137e+001  5.368556e+001  4.706328e+001  2.558177e+001  0.000000e+000  
0.000000e+000  -5.480724e+000  -1.150049e+001  1.480437e+001  3.325824e+001  4.263416e+001  4.023984e+001  2.281868e+001  0.000000e+000  
0.000000e+000  -6.246574e+000  -1.258982e+001  1.022614e+001  2.714815e+001  3.660385e+001  3.632891e+001  2.118069e+001  0.000000e+000  
0.000000e+000  -5.797518e+000  -1.261177e+001  9.450458e+000  2.608039e+001  3.553678e+001  3.562650e+001  2.088357e+001  0.000000e+000  
0.000000e+000  0.000000e+000  0.000000e+000  0.000000e+000  0.000000e+000  0.000000e+000  0.000000e+000  0.000000e+000  0.000000e+000  

0.000000e+000  0.000000e+000  0.000000e+000  0.000000e+000  0.000000e+000  0.000000e+000  0.000000e+000  0.000000e+000  0.000000e+000  
0.000000e+000  0.000000e+000  0.000000e+000  0.000000e+000  0.000000e+000  0.000000e+000  0.000000e+000  0.000000e+000  0.000000e+000  
0.000000e+000  0.000000e+000  0.000000e+000  0.000000e+000  0.000000e+000  0.000000e+000  0.000000e+000  0.000000e+000  0.000000e+000  
0.000000e+000  0.000000e+000  0.000000e+000  0.000000e+000  0.000000e+000  0.000000e+000  0.000000e+000  0.000000e+000  0.000000e+000  
0.000000e+000  0.000000e+000  0.000000e+000  0.000000e+000  0.000000e+000  0.000000e+000  0.000000e+000  0.000000e+000  0.000000e+000  
0.000000e+000  0.000000e+000  0.000000e+000  0.000000e+000  0.000000e+000  0.000000e+000  0.000000e+000  0.000000e+000  0.000000e+000  
0.000000e+000  0.000000e+000  0.000000e+000  0.000000e+000  0.000000e+000  0.000000e+000  0.000000e+000  0.000000e+000  0.000000e+000  
0.000000e+000  0.000000e+000  0.000000e+000  0.000000e+000  0.000000e+000  0.000000e+000  0.000000e+000  0.000000e+000  0.000000e+000  
0.000000e+000  0.000000e+000  0.000000e+000  0.000000e+000  0.000000e+000  0.000000e+000  0.000000e+000  0.000000e+000  0.000000e+000  
0.000000e+000  0.000000e+000  0.000000e+000  0.000000e+000  0.000000e+000  0.000000e+000  0.000000e+000  0.000000e+000  0.000000e+000  
0.000000e+000  0.000000e+000  0.000000e+000  0.000000e+000  0.000000e+000  0.000000e+000  0.000000e+000  0.000000e+000  0.000000e+000  
0.000000e+000  0.000000e+000  0.000000e+000  0.000000e+000  0.000000e+000  0.000000e+000  0.000000e+000  0.000000e+000  0.000000e+000  
0.000000e+000  0.000000e+000  0.000000e+000  0.000000e+000  0.000000e+000  0.000000e+000  0.000000e+000  0.000000e+000  0.000000e+000  
0.000000e+000  0.000000e+000  0.000000e+000  0.000000e+000  0.000000e+000  0.000000e+000  0.000000e+000  0.000000e+000  0.000000e+000  
0.000000e+000  0.000000e+000  0.000000e+000  0.000000e+000  0.000000e+000  0.000000e+000  0.000000e+000  0.000000e+000  0.000000e+000  
0.000000e+000  0.000000e+000  0.000000e+000  0.000000e+000  0.000000e+000  0.000000e+000  0.000000e+000  0.000000e+000  0.000000e+000  
0.000000e+000  0.000000e+000  0.000000e+000  0.000000e+000  0.000000e+000  0.000000e+000  0.000000e+000  0.000000e+000  0.000000e+000  
0.000000e+000  0.000000e+000  0.000000e+000  0.000000e+000  0.000000e+000  0.000000e+000  0.000000e+000  0.000000e+000  0.000000e+000  
0.000000e+000  0.000000e+000  0.000000e+000  0.000000e+000  0.000000e+000  0.000000e+000  0.000000e+000  0.000000e+000  0.000000e+000  
0.000000e+000  0.000000e+000  0.000000e+000  0.000000e+000  0.000000e+000  0.000000e+000  0.000000e+000  0.000000e+000  0.000000e+000  
0.000000e+000  0.000000e+000  0.000000e+000  0.000000e+000  0.000000e+000  0.000000e+000  0.000000e+000  0.000000e+000  0.000000e+000  
0.000000e+000  0.000000e+000  0.000000e+000  0.000000e+000  0.000000e+000  0.000000e+000  0.000000e+000  0.000000e+000  0.000000e+000  
0.000000e+000  0.000000e+000  0.000000e+000  0.000000e+000  0.000000e+000  0.000000e+000  0.000000e+000  0.000000e+000  0.000000e+000  
0.000000e+000  0.000000e+000  0.000000e+000  0.000000e+000  0.000000e+000  0.000000e+000  0.000000e+000  0.000000e+000  0.000000e+000  
0.000000e+000  0.000000e+000  0.000000e+000  0.000000e+000  0.000000e+000  0.000000e+000  0.000000e+000  0.000000e+000  0.000000e+000  
0.000000e+000  0.000000e+000  0.000000e+000  0.000000e+000  0.000000e+000  0.000000e+000  0.000000e+000  0.000000e+000  0.000000e+000  
0.000000e+000  0.000000e+000  0.000000e+000  0.000000e+000  0.000000e+000  0.000000e+000  0.000000e+000  0.000000e+000  0.000000e+000  

0.000000e+000  0.000000e+000  0.000000e+000  0.000000e+000  0.000000e+000  0.000000e+000  0.000000e+000  0.000000e+000  0.000000e+000  
0.000000e+000  0.000000e+000  0.000000e+000  0.000000e+000  0.000000e+000  0.000000e+000  0.000000e+000  0.000000e+000  0.000000e+000  
0.000000e+000  0.000000e+000  0.000000e+000  0.000000e+000  0.000000e+000  0.000000e+000  0.000000e+000  0.000000e+000  0.000000e+000  
0.000000e+000  0.000000e+000  0.000000e+000  0.000000e+000  0.000000e+000  0.000000e+000  0.000000e+000  0.000000e+000  0.000000e+000  
0.000000e+000  0.000000e+000  0.000000e+000  0.000000e+000  0.000000e+000  0.000000e+000  0.000000e+000  0.000000e+000  0.000000e+000  
0.000000e+000  0.000000e+000  0.000000e+000  0.000000e+000  0.000000e+000  0.000000e+000  0.000000e+000  0.000000e+000  0.000000e+000  
0.000000e+000  0.000000e+000  0.000000e+000  0.000000e+000  0.000000e+000  0.000000e+000  0.000000e+000  0.000000e+000  0.000000e+000  
0.000000e+000  0.000000e+000  0.000000e+000  0.000000e+000  0.000000e+000  0.000000e+000  0.000000e+000  0.000000e+000  0.000000e+000  
0.000000e+000  0.000000e+000  0.000000e+000  0.000000e+000  0.000000e+000  0.000000e+000  0.000000e+000  0.000000e+000  0.000000e+000  
0.000000e+000  0.000000e+000  0.000000e+000  0.000000e+000  0.000000e+000  0.000000e+000  0.000000e+000  0.000000e+000  0.000000e+000  
0.000000e+000  0.000000e+000  0.000000e+000  0.000000e+000  0.000000e+000  0.000000e+000  0.000000e+000  0.000000e+000  0.000000e+000  
0.000000e+000  0.000000e+000  0.000000e+000  0.000000e+000  0.000000e+000  0.000000e+000  0.000000e+000  0.000000e+000  0.000000e+000  
0.000000e+000  0.000000e+000  0.000000e+000  0.000000e+000  0.000000e+000  0.000000e+000  0.000000e+000  0.000000e+000  0.000000e+000  
0.000000e+000  0.000000e+000  0.000000e+000  0.000000e+000  0.000000e+000  0.000000e+000  0.000000e+000  0.000000e+000  0.000000e+000  
0.000000e+000  0.000000e+000  0.000000e+000  0.000000e+000  0.000000e+000  0.000000e+000  0.000000e+000  0.000000e+000  0.000000e+000  
0.000000e+000  0.000000e+000  0.000000e+000  0.000000e+000  0.000000e+000  0.000000e+000  0.000000e+000  0.000000e+000  0.000000e+000  
0.000000e+000  0.000000e+000  0.000000e+000  0.000000e+000  0.000000e+000  0.000000e+000  0.000000e+000  0.000000e+000  0.000000e+000  
0.000000e+000  0.000000e+000  0.000000e+000  0.000000e+000  0.000000e+000  0.000000e+000  0.000000e+000  0.000000e+000  0.000000e+000  
0.000000e+000  0.000000e+000  0.000000e+000  0.000000e+000  0.000000e+000  0.000000e+000  0.000000e+000  0.000000e+000  0.000000e+000  
0.000000e+000  0.000000e+000  0.000000e+000  0.000000e+000  0.000000e+000  0.000000e+000  0.000000e+000  0.000000e+000  0.000000e+000  
0.000000e+000  0.000000e+000  0.000000e+000  0.000000e+000  0.000000e+000  0.000000e+000  0.000000e+000  0.000000e+000  0.000000e+000  
0.000000e+000  0.000000e+000  0.000000e+000  0.000000e+000  0.000000e+000  0.000000e+000  0.000000e+000  0.000000e+000  0.000000e+000  
0.000000e+000  0.000000e+000  0.000000e+000  0.000000e+000  0.000000e+000  0.000000e+000  0.000000e+000  0.000000e+000  0.000000e+000  
0.000000e+000  0.000000e+000  0.000000e+000  0.000000e+000  0.000000e+000  0.000000e+000  0.000000e+000  0.000000e+000  0.000000e+000  
0.000000e+000  0.000000e+000  0.000000e+000  0.000000e+000  0.000000e+000  0.000000e+000  0.000000e+000  0.000000e+000  0.000000e+000  
0.000000e+000  0.000000e+000  0.000000e+000  0.000000e+000  0.000000e+000  0.000000e+000  0.000000e+000  0.000000e+000  0.000000e+000  
0.000000e+000  0.000000e+000  0.000000e+000  0.000000e+000  0.000000e+000  0.000000e+000  0.000000e+000  0.000000e+000  0.000000e+000  

0.000000e+000  0.000000e+000  0.000000e+000  0.000000e+000  0.000000e+000  0.000000e+000  0.000000e+000  0.000000e+000  0.000000e+000  
0.000000e+000  0.000000e+000  0.000000e+000  0.000000e+000  0.000000e+000  0.000000e+000  0.000000e+000  0.000000e+000  0.000000e+000  
0.000000e+000  0.000000e+000  0.000000e+000  0.000000e+000  0.000000e+000  0.000000e+000  0.000000e+000  0.000000e+000  0.000000e+000  
0.000000e+000  0.000000e+000  0.000000e+000  0.000000e+000  0.000000e+000  0.000000e+000  0.000000e+000  0.000000e+000  0.000000e+000  
0.000000e+000  0.000000e+000  0.000000e+000  0.000000e+000  0.000000e+000  0.000000e+000  0.000000e+000  0.000000e+000  0.000000e+000  
0.000000e+000  0.000000e+000  0.000000e+000  0.000000e+000  0.000000e+000  0.000000e+000  0.000000e+000  0.000000e+000  0.000000e+000  
0.000000e+000  0.000000e+000  0.000000e+000  0.000000e+000  0.000000e+000  0.000000e+000  0.000000e+000  0.000000e+000  0.000000e+000  
0.000000e+000  0.000000e+000  0.000000e+000  0.000000e+000  0.000000e+000  0.000000e+000  0.000000e+000  0.000000e+000  0.000000e+000  
0.000000e+000  0.000000e+000  0.000000e+000  0.000000e+000  0.000000e+000  0.000000e+000  0.000000e+000  0.000000e+000  0.000000e+000  
0.000000e+000  0.000000e+000  0.000000e+000  0.000000e+000  0.000000e+000  0.000000e+000  0.000000e+000  0.000000e+000  0.000000e+000  
0.000000e+000  0.000000e+000  0.000000e+000  0.000000e+000  0.000000e+000  0.000000e+000  0.000000e+000  0.000000e+000  0.000000e+000  
0.000000e+000  0.000000e+000  0.000000e+000  0.000000e+000  0.000000e+000  0.000000e+000  0.000000e+000  0.000000e+000  0.000000e+000  
0.000000e+000  0.000000e+000  0.000000e+000  0.000000e+000  0.000000e+000  0.000000e+000  0.000000e+000  0.000000e+000  0.000000e+000  
0.000000e+000  0.000000e+000  0.000000e+000  0.000000e+000  0.000000e+000  0.000000e+000  0.000000e+000  0.000000e+000  0.000000e+000  
0.000000e+000  0.000000e+000  0.000000e+000  0.000000e+000  0.000000e+000  0.000000e+000  0.000000e+000  0.000000e+000  0.000000e+000  
0.000000e+000  0.000000e+000  0.000000e+000  0.000000e+000  0.000000e+000  0.000000e+000  0.000000e+000  0.000000e+000  0.000000e+000  
0.000000e+000  0.000000e+000  0.000000e+000  0.000000e+000  0.000000e+000  0.000000e+000  0.000000e+000  0.000000e+000  0.000000e+000  
0.000000e+000  0.000000e+000  0.000000e+000  0.000000e+000  0.000000e+000  0.000000e+000  0.000000e+000  0.000000e+000  0.000000e+000  
0.000000e+000  0.000000e+000  0.000000e+000  0.000000e+000  0.000000e+000  0.000000e+000  0.000000e+000  0.000000e+000  0.000000e+000  
0.000000e+000  0.000000e+000  0.000000e+000  0.000000e+000  0.000000e+000  0.000000e+000  0.000000e+000  0.000000e+000  0.000000e+000  
0.000000e+000  0.000000e+000  0.000000e+000  0.000000e+000  0.000000e+000  0.000000e+000  0.000000e+000  0.000000e+000  0.000000e+000  
0.000000e+000  0.000000e+000  0.000000e+000  0.000000e+000  0.000000e+000  0.000000e+000  0.000000e+000  0.000000e+000  0.000000e+000  
0.000000e+000  0.000000e+000  0.000000e+000  0.000000e+000  0.000000e+000  0.000000e+000  0.000000e+000  0.000000e+000  0.000000e+000  
0.000000e+000  0.000000e+000  0.000000e+000  0.000000e+000  0.000000e+000  0.000000e+000  0.000000e+000  0.000000e+000  0.000000e+000  
0.000000e+000  0.000000e+000  0.000000e+000  0.000000e+000  0.000000e+000  0.000000e+000  0.000000e+000  0.000000e+000  0.000000e+000  
0.000000e+000  0.000000e+000  0.000000e+000  0.000000e+000  0.000000e+000  0.000000e+000  0.000000e+000  0.000000e+000  0.000000e+000  
0.000000e+000  0.000000e+000  0.000000e+000  0.000000e+000  0.000000e+000  0.000000e+000  0.000000e+000  0.000000e+000  0.000000e+000  

0.000000e+000  0.000000e+000  0.000000e+000  0.000000e+000  0.000000e+000  0.000000e+000  0.000000e+000  0.000000e+000  0.000000e+000  
0.000000e+000  -1.460538e+000  -2.455787e+000  -1.935178e+000  -1.636310e+000  -1.334849e+000  -8.434428e-001  -3.887860e-001  0.000000e+000  
0.000000e+000  -4.132540e+000  -7.981234e+000  -7.243321e+000  -6.197128e+000  -5.050795e+000  -3.183255e+000  -1.465332e+000  0.000000e+000  
0.000000e+000  -7.226786e+000  -1.410916e+001  -1.281882e+001  -1.089497e+001  -8.811059e+000  -5.503926e+000  -2.522289e+000  0.000000e+000  
0.000000e+000  -1.082199e+001  -2.116521e+001  -1.891676e+001  -1.582473e+001  -1.262573e+001  -7.779157e+000  -3.541760e+000  0.000000e+000  
0.000000e+000  -1.167685e+001  -2.284258e+001  -2.030802e+001  -1.690874e+001  -1.343998e+001  -8.251735e+000  -3.751020e+000  0.000000e+000  
0.000000e+000  -1.660567e+001  -3.252022e+001  -2.800536e+001  -2.267348e+001  -1.762865e+001  -1.060850e+001  -4.780638e+000  0.000000e+000  
0.000000e+000  -2.272830e+001  -4.464970e+001  -3.669137e+001  -2.860030e+001  -2.163019e+001  -1.273513e+001  -5.692465e+000  0.000000e+000  
0.000000e+000  -3.022414e+001  -5.986358e+001  -4.604163e+001  -3.422085e+001  -2.509618e+001  -1.449265e+001  -6.445039e+000  0.000000e+000  
0.000000e+000  -3.394714e+001  -6.778930e+001  -5.010063e+001  -3.636092e+001  -2.632730e+001  -1.512239e+001  -6.724031e+000  0.000000e+000  
0.000000e+000  -4.329764e+001  -8.944996e+001  -5.858455e+001  -3.997154e+001  -2.821547e+001  -1.618018e+001  -7.239053e+000  0.000000e+000  
0.000000e+000  -4.505462e+001  -1.033917e+002  -5.683583e+001  -3.792150e+001  -2.742620e+001  -1.638772e+001  -7.500844e+000  0.000000e+000  
0.000000e+000  -7.347523e+000  0.000000e+000  -2.734248e+001  -2.792691e+001  -2.417262e+001  -1.593691e+001  -7.547240e+000  0.000000e+000  
0.000000e+000  -2.285220e+000  0.000000e+000  -2.009071e+001  -2.468545e+001  -2.299704e+001  -1.574777e+001  -7.548260e+000  0.000000e+000  
0.000000e+000  -1.233289e+000  0.000000e+000  -1.804433e+001  -2.360651e+001  -2.258650e+001  -1.568124e+001  -7.548548e+000  0.000000e+000  
0.000000e+000  -2.345677e+000  0.000000e+000  -2.022052e+001  -2.477643e+001  -2.304675e+001  -1.576586e+001  -7.553892e+000  0.000000e+000  
0.000000e+000  -7.574535e+000  0.000000e+000  -2.765736e+001  -2.811028e+001  -2.426711e+001  -1.597112e+001  -7.557957e+000  0.000000e+000  
0.000000e+000  -4.487712e+001  -1.034057e+002  -5.666619e+001  -3.789159e+001  -2.746182e+001  -1.642699e+001  -7.520134e+000  0.000000e+000  
0.000000e+000  -4.384834e+001  -9.074326e+001  -5.911998e+001  -4.023562e+001  -2.837439e+001  -1.626833e+001  -7.278944e+000  0.000000e+000  
0.000000e+000  -3.395569e+001  -6.770037e+001  -5.024991e+001  -3.651400e+001  -2.643406e+001  -1.516956e+001  -6.740581e+000  0.000000e+000  
0.000000e+000  -2.433851e+001  -4.788376e+001  -3.884385e+001  -2.999606e+001  -2.254441e+001  -1.321536e+001  -5.898563e+000  0.000000e+000  
0.000000e+000  -1.670216e+001  -3.271851e+001  -2.814761e+001  -2.278274e+001  -1.771556e+001  -1.066461e+001  -4.806967e+000  0.000000e+000  
0.000000e+000  -1.081807e+001  -2.117157e+001  -1.889573e+001  -1.580137e+001  -1.260848e+001  -7.773002e+000  -3.540617e+000  0.000000e+000  
0.000000e+000  -7.186894e+000  -1.406123e+001  -1.277986e+001  -1.087038e+001  -8.796282e+000  -5.498573e+000  -2.521068e+000  0.000000e+000  
0.000000e+000  -4.007117e+000  -7.821520e+000  -7.182904e+000  -6.173547e+000  -5.040078e+000  -3.179676e+000  -1.464465e+000  0.000000e+000  
0.000000e+000  -1.107833e+000  -2.055100e+000  -1.887529e+000  -1.626866e+000  -1.331651e+000  -8.424477e-001  -3.885429e-001  0.000000e+000  
0.000000e+000  0.000000e+000  0.000000e+000  0.000000e+000  0.000000e+000  0.000000e+000  0.000000e+000  0.000000e+000  0.000000e+000  

