Port monitor named: Port4_h1.prt

nx        = 74
ny        = 73
nz        = 25

nu        = 9
nv        = 25
iu        = 10
iv        = 10

idir      = 1
dcut      = -3.000000e-002
icut      = 9
type      = 1
frequency = 3.500000e+009

fcutoff   = 0.000000e+000
alpha     = 0.000000e+000
beta      = 1.355238e+002
accuracy  = 2.986937e-014

type          = QTEM
wave imp.     = 2.052233e+002
wave imp.sig. = 0.000000e+000
line imp.     = 4.921641e+001

ref. port     = 0

0.000000e+000  8.590461e-002  1.464620e-001  2.408197e-001  2.957429e-001  3.086204e-001  2.608880e-001  1.420972e-001  0.000000e+000  
0.000000e+000  7.567731e-002  1.490888e-001  2.486703e-001  3.042829e-001  3.160506e-001  2.654573e-001  1.439125e-001  0.000000e+000  
0.000000e+000  1.033059e-001  1.968959e-001  3.195791e-001  3.777845e-001  3.789039e-001  3.034017e-001  1.587693e-001  0.000000e+000  
0.000000e+000  1.378925e-001  2.596785e-001  4.080833e-001  4.638467e-001  4.479332e-001  3.416383e-001  1.726882e-001  0.000000e+000  
0.000000e+000  1.700253e-001  3.178487e-001  4.888797e-001  5.411207e-001  5.089508e-001  3.747906e-001  1.845656e-001  0.000000e+000  
0.000000e+000  2.730010e-001  5.004955e-001  7.228350e-001  7.446927e-001  6.551053e-001  4.447844e-001  2.069215e-001  0.000000e+000  
0.000000e+000  4.757784e-001  8.506529e-001  1.118205e+000  1.044370e+000  8.423311e-001  5.190830e-001  2.263245e-001  0.000000e+000  
0.000000e+000  9.008180e-001  1.569744e+000  1.786343e+000  1.458096e+000  1.051854e+000  5.794142e-001  2.353336e-001  0.000000e+000  
0.000000e+000  1.470230e+000  2.555417e+000  2.456744e+000  1.760893e+000  1.157356e+000  5.893884e-001  2.289435e-001  0.000000e+000  
0.000000e+000  1.704237e+000  2.979133e+000  2.709113e+000  1.863419e+000  1.188570e+000  5.897817e-001  2.256391e-001  0.000000e+000  
0.000000e+000  2.522687e+000  4.542663e+000  3.522596e+000  2.157928e+000  1.263797e+000  5.813895e-001  2.124557e-001  0.000000e+000  
0.000000e+000  5.100278e+000  1.184790e+001  5.234030e+000  2.316110e+000  1.131317e+000  4.593301e-001  1.571617e-001  0.000000e+000  
0.000000e+000  4.055748e+000  0.000000e+000  3.193109e+000  1.482884e+000  7.224134e-001  2.865990e-001  9.634682e-002  0.000000e+000  
0.000000e+000  7.203699e-001  0.000000e+000  9.814187e-001  5.923763e-001  3.027845e-001  1.187189e-001  3.928446e-002  0.000000e+000  
0.000000e+000  -2.029342e+000  0.000000e+000  -1.789545e+000  -9.462495e-001  -4.777905e-001  -1.892218e-001  -6.288429e-002  0.000000e+000  
0.000000e+000  -4.840820e+000  -1.144331e+001  -5.165554e+000  -2.305669e+000  -1.133549e+000  -4.639513e-001  -1.597166e-001  0.000000e+000  
0.000000e+000  -2.331102e+000  -4.211038e+000  -3.350711e+000  -2.092140e+000  -1.244971e+000  -5.822272e-001  -2.151093e-001  0.000000e+000  
0.000000e+000  -1.053024e+000  -1.837507e+000  -1.978066e+000  -1.550013e+000  -1.086626e+000  -5.841993e-001  -2.339933e-001  0.000000e+000  
0.000000e+000  -5.111386e-001  -9.109677e-001  -1.172008e+000  -1.076041e+000  -8.573575e-001  -5.227725e-001  -2.265713e-001  0.000000e+000  
0.000000e+000  -2.737102e-001  -5.011950e-001  -7.200726e-001  -7.393328e-001  -6.494374e-001  -4.410271e-001  -2.053819e-001  0.000000e+000  
0.000000e+000  -1.621498e-001  -3.033599e-001  -4.676356e-001  -5.196935e-001  -4.912225e-001  -3.645660e-001  -1.806768e-001  0.000000e+000  
0.000000e+000  -1.038219e-001  -1.977186e-001  -3.201230e-001  -3.774598e-001  -3.778310e-001  -3.020171e-001  -1.579280e-001  0.000000e+000  
0.000000e+000  -7.573888e-002  -1.492231e-001  -2.487308e-001  -3.039385e-001  -3.152824e-001  -2.644239e-001  -1.432342e-001  0.000000e+000  
0.000000e+000  -8.584388e-002  -1.464594e-001  -2.408195e-001  -2.953937e-001  -3.078850e-001  -2.598952e-001  -1.414384e-001  0.000000e+000  
0.000000e+000  0.000000e+000  0.000000e+000  0.000000e+000  0.000000e+000  0.000000e+000  0.000000e+000  0.000000e+000  0.000000e+000  

0.000000e+000  0.000000e+000  0.000000e+000  0.000000e+000  0.000000e+000  0.000000e+000  0.000000e+000  0.000000e+000  0.000000e+000  
-4.805837e-002  -5.601037e-002  -5.187136e-002  -3.958678e-002  -2.635574e-002  -1.191484e-002  -7.355376e-005  5.103722e-003  0.000000e+000  
-3.331654e-001  -3.146087e-001  -2.744672e-001  -2.059292e-001  -1.353920e-001  -5.968430e-002  1.285604e-003  2.757013e-002  0.000000e+000  
-6.596975e-001  -6.200521e-001  -5.296473e-001  -3.806066e-001  -2.363987e-001  -9.100492e-002  1.665478e-002  5.991858e-002  0.000000e+000  
-7.167148e-001  -6.723190e-001  -5.709958e-001  -4.058476e-001  -2.486084e-001  -9.248512e-002  2.096343e-002  6.586284e-002  0.000000e+000  
-1.092571e+000  -1.012087e+000  -8.288055e-001  -5.487345e-001  -3.055757e-001  -8.564799e-002  5.567795e-002  1.058095e-001  0.000000e+000  
-1.640388e+000  -1.488456e+000  -1.145141e+000  -6.745831e-001  -3.178308e-001  -3.634675e-002  1.144177e-001  1.587438e-001  0.000000e+000  
-2.515970e+000  -2.209566e+000  -1.519815e+000  -7.289814e-001  -2.378877e-001  7.743177e-002  2.018225e-001  2.243741e-001  0.000000e+000  
-4.058477e+000  -3.403185e+000  -1.875701e+000  -5.757070e-001  1.503709e-002  2.785848e-001  3.179578e-001  2.991349e-001  0.000000e+000  
-4.577814e+000  -3.799187e+000  -1.897795e+000  -4.757552e-001  1.062193e-001  3.343580e-001  3.454831e-001  3.153981e-001  0.000000e+000  
-5.139803e+000  -4.231880e+000  -1.890007e+000  -3.556346e-001  2.047918e-001  3.908104e-001  3.720998e-001  3.306995e-001  0.000000e+000  
-9.333419e+000  -7.653199e+000  -1.195205e+000  7.270957e-001  9.133963e-001  7.368450e-001  5.167221e-001  4.076059e-001  0.000000e+000  
-1.755313e+001  -1.850246e+001  6.463843e+000  3.222390e+000  1.903580e+000  1.093113e+000  6.402073e-001  4.666163e-001  0.000000e+000  
-2.015203e+001  -2.370746e+001  7.907105e+000  3.805350e+000  2.158433e+000  1.186201e+000  6.716025e-001  4.812157e-001  0.000000e+000  
-2.110452e+001  -2.286338e+001  7.142410e+000  4.059554e+000  2.351431e+000  1.265155e+000  6.980023e-001  4.931864e-001  0.000000e+000  
-1.717413e+001  -1.875723e+001  6.523500e+000  3.211398e+000  1.882344e+000  1.079648e+000  6.348649e-001  4.642120e-001  0.000000e+000  
-8.839025e+000  -7.302527e+000  -1.305273e+000  6.059811e-001  8.391559e-001  7.019069e-001  5.026281e-001  4.003719e-001  0.000000e+000  
-4.690068e+000  -3.893278e+000  -1.898016e+000  -4.481102e-001  1.289407e-001  3.463693e-001  3.503708e-001  3.178748e-001  0.000000e+000  
-2.710960e+000  -2.362693e+000  -1.568498e+000  -7.128993e-001  -2.080361e-001  1.019171e-001  2.162636e-001  2.338498e-001  0.000000e+000  
-1.674144e+000  -1.515139e+000  -1.155407e+000  -6.728273e-001  -3.130888e-001  -3.246891e-002  1.165058e-001  1.600217e-001  0.000000e+000  
-1.063495e+000  -9.852311e-001  -8.070336e-001  -5.357496e-001  -3.002271e-001  -8.650282e-002  5.206284e-002  1.017608e-001  0.000000e+000  
-6.603915e-001  -6.201456e-001  -5.283881e-001  -3.782782e-001  -2.342199e-001  -8.983386e-002  1.665119e-002  5.940898e-002  0.000000e+000  
-3.332149e-001  -3.144791e-001  -2.738969e-001  -2.049346e-001  -1.343972e-001  -5.906285e-002  1.346880e-003  2.734728e-002  0.000000e+000  
-4.808238e-002  -5.600634e-002  -5.176486e-002  -3.940503e-002  -2.617143e-002  -1.179594e-002  -5.927647e-005  5.063012e-003  0.000000e+000  
0.000000e+000  0.000000e+000  0.000000e+000  0.000000e+000  0.000000e+000  0.000000e+000  0.000000e+000  0.000000e+000  0.000000e+000  

0.000000e+000  0.000000e+000  0.000000e+000  0.000000e+000  0.000000e+000  0.000000e+000  0.000000e+000  0.000000e+000  0.000000e+000  
0.000000e+000  0.000000e+000  0.000000e+000  0.000000e+000  0.000000e+000  0.000000e+000  0.000000e+000  0.000000e+000  0.000000e+000  
0.000000e+000  0.000000e+000  0.000000e+000  0.000000e+000  0.000000e+000  0.000000e+000  0.000000e+000  0.000000e+000  0.000000e+000  
0.000000e+000  0.000000e+000  0.000000e+000  0.000000e+000  0.000000e+000  0.000000e+000  0.000000e+000  0.000000e+000  0.000000e+000  
0.000000e+000  0.000000e+000  0.000000e+000  0.000000e+000  0.000000e+000  0.000000e+000  0.000000e+000  0.000000e+000  0.000000e+000  
0.000000e+000  0.000000e+000  0.000000e+000  0.000000e+000  0.000000e+000  0.000000e+000  0.000000e+000  0.000000e+000  0.000000e+000  
0.000000e+000  0.000000e+000  0.000000e+000  0.000000e+000  0.000000e+000  0.000000e+000  0.000000e+000  0.000000e+000  0.000000e+000  
0.000000e+000  0.000000e+000  0.000000e+000  0.000000e+000  0.000000e+000  0.000000e+000  0.000000e+000  0.000000e+000  0.000000e+000  
0.000000e+000  0.000000e+000  0.000000e+000  0.000000e+000  0.000000e+000  0.000000e+000  0.000000e+000  0.000000e+000  0.000000e+000  
0.000000e+000  0.000000e+000  0.000000e+000  0.000000e+000  0.000000e+000  0.000000e+000  0.000000e+000  0.000000e+000  0.000000e+000  
0.000000e+000  0.000000e+000  0.000000e+000  0.000000e+000  0.000000e+000  0.000000e+000  0.000000e+000  0.000000e+000  0.000000e+000  
0.000000e+000  0.000000e+000  0.000000e+000  0.000000e+000  0.000000e+000  0.000000e+000  0.000000e+000  0.000000e+000  0.000000e+000  
0.000000e+000  0.000000e+000  0.000000e+000  0.000000e+000  0.000000e+000  0.000000e+000  0.000000e+000  0.000000e+000  0.000000e+000  
0.000000e+000  0.000000e+000  0.000000e+000  0.000000e+000  0.000000e+000  0.000000e+000  0.000000e+000  0.000000e+000  0.000000e+000  
0.000000e+000  0.000000e+000  0.000000e+000  0.000000e+000  0.000000e+000  0.000000e+000  0.000000e+000  0.000000e+000  0.000000e+000  
0.000000e+000  0.000000e+000  0.000000e+000  0.000000e+000  0.000000e+000  0.000000e+000  0.000000e+000  0.000000e+000  0.000000e+000  
0.000000e+000  0.000000e+000  0.000000e+000  0.000000e+000  0.000000e+000  0.000000e+000  0.000000e+000  0.000000e+000  0.000000e+000  
0.000000e+000  0.000000e+000  0.000000e+000  0.000000e+000  0.000000e+000  0.000000e+000  0.000000e+000  0.000000e+000  0.000000e+000  
0.000000e+000  0.000000e+000  0.000000e+000  0.000000e+000  0.000000e+000  0.000000e+000  0.000000e+000  0.000000e+000  0.000000e+000  
0.000000e+000  0.000000e+000  0.000000e+000  0.000000e+000  0.000000e+000  0.000000e+000  0.000000e+000  0.000000e+000  0.000000e+000  
0.000000e+000  0.000000e+000  0.000000e+000  0.000000e+000  0.000000e+000  0.000000e+000  0.000000e+000  0.000000e+000  0.000000e+000  
0.000000e+000  0.000000e+000  0.000000e+000  0.000000e+000  0.000000e+000  0.000000e+000  0.000000e+000  0.000000e+000  0.000000e+000  
0.000000e+000  0.000000e+000  0.000000e+000  0.000000e+000  0.000000e+000  0.000000e+000  0.000000e+000  0.000000e+000  0.000000e+000  
0.000000e+000  0.000000e+000  0.000000e+000  0.000000e+000  0.000000e+000  0.000000e+000  0.000000e+000  0.000000e+000  0.000000e+000  
0.000000e+000  0.000000e+000  0.000000e+000  0.000000e+000  0.000000e+000  0.000000e+000  0.000000e+000  0.000000e+000  0.000000e+000  

0.000000e+000  0.000000e+000  0.000000e+000  0.000000e+000  0.000000e+000  0.000000e+000  0.000000e+000  0.000000e+000  0.000000e+000  
0.000000e+000  0.000000e+000  0.000000e+000  0.000000e+000  0.000000e+000  0.000000e+000  0.000000e+000  0.000000e+000  0.000000e+000  
0.000000e+000  0.000000e+000  0.000000e+000  0.000000e+000  0.000000e+000  0.000000e+000  0.000000e+000  0.000000e+000  0.000000e+000  
0.000000e+000  0.000000e+000  0.000000e+000  0.000000e+000  0.000000e+000  0.000000e+000  0.000000e+000  0.000000e+000  0.000000e+000  
0.000000e+000  0.000000e+000  0.000000e+000  0.000000e+000  0.000000e+000  0.000000e+000  0.000000e+000  0.000000e+000  0.000000e+000  
0.000000e+000  0.000000e+000  0.000000e+000  0.000000e+000  0.000000e+000  0.000000e+000  0.000000e+000  0.000000e+000  0.000000e+000  
0.000000e+000  0.000000e+000  0.000000e+000  0.000000e+000  0.000000e+000  0.000000e+000  0.000000e+000  0.000000e+000  0.000000e+000  
0.000000e+000  0.000000e+000  0.000000e+000  0.000000e+000  0.000000e+000  0.000000e+000  0.000000e+000  0.000000e+000  0.000000e+000  
0.000000e+000  0.000000e+000  0.000000e+000  0.000000e+000  0.000000e+000  0.000000e+000  0.000000e+000  0.000000e+000  0.000000e+000  
0.000000e+000  0.000000e+000  0.000000e+000  0.000000e+000  0.000000e+000  0.000000e+000  0.000000e+000  0.000000e+000  0.000000e+000  
0.000000e+000  0.000000e+000  0.000000e+000  0.000000e+000  0.000000e+000  0.000000e+000  0.000000e+000  0.000000e+000  0.000000e+000  
0.000000e+000  0.000000e+000  0.000000e+000  0.000000e+000  0.000000e+000  0.000000e+000  0.000000e+000  0.000000e+000  0.000000e+000  
0.000000e+000  0.000000e+000  0.000000e+000  0.000000e+000  0.000000e+000  0.000000e+000  0.000000e+000  0.000000e+000  0.000000e+000  
0.000000e+000  0.000000e+000  0.000000e+000  0.000000e+000  0.000000e+000  0.000000e+000  0.000000e+000  0.000000e+000  0.000000e+000  
0.000000e+000  0.000000e+000  0.000000e+000  0.000000e+000  0.000000e+000  0.000000e+000  0.000000e+000  0.000000e+000  0.000000e+000  
0.000000e+000  0.000000e+000  0.000000e+000  0.000000e+000  0.000000e+000  0.000000e+000  0.000000e+000  0.000000e+000  0.000000e+000  
0.000000e+000  0.000000e+000  0.000000e+000  0.000000e+000  0.000000e+000  0.000000e+000  0.000000e+000  0.000000e+000  0.000000e+000  
0.000000e+000  0.000000e+000  0.000000e+000  0.000000e+000  0.000000e+000  0.000000e+000  0.000000e+000  0.000000e+000  0.000000e+000  
0.000000e+000  0.000000e+000  0.000000e+000  0.000000e+000  0.000000e+000  0.000000e+000  0.000000e+000  0.000000e+000  0.000000e+000  
0.000000e+000  0.000000e+000  0.000000e+000  0.000000e+000  0.000000e+000  0.000000e+000  0.000000e+000  0.000000e+000  0.000000e+000  
0.000000e+000  0.000000e+000  0.000000e+000  0.000000e+000  0.000000e+000  0.000000e+000  0.000000e+000  0.000000e+000  0.000000e+000  
0.000000e+000  0.000000e+000  0.000000e+000  0.000000e+000  0.000000e+000  0.000000e+000  0.000000e+000  0.000000e+000  0.000000e+000  
0.000000e+000  0.000000e+000  0.000000e+000  0.000000e+000  0.000000e+000  0.000000e+000  0.000000e+000  0.000000e+000  0.000000e+000  
0.000000e+000  0.000000e+000  0.000000e+000  0.000000e+000  0.000000e+000  0.000000e+000  0.000000e+000  0.000000e+000  0.000000e+000  
0.000000e+000  0.000000e+000  0.000000e+000  0.000000e+000  0.000000e+000  0.000000e+000  0.000000e+000  0.000000e+000  0.000000e+000  

0.000000e+000  0.000000e+000  0.000000e+000  0.000000e+000  0.000000e+000  0.000000e+000  0.000000e+000  0.000000e+000  0.000000e+000  
0.000000e+000  0.000000e+000  0.000000e+000  0.000000e+000  0.000000e+000  0.000000e+000  0.000000e+000  0.000000e+000  0.000000e+000  
0.000000e+000  0.000000e+000  0.000000e+000  0.000000e+000  0.000000e+000  0.000000e+000  0.000000e+000  0.000000e+000  0.000000e+000  
0.000000e+000  0.000000e+000  0.000000e+000  0.000000e+000  0.000000e+000  0.000000e+000  0.000000e+000  0.000000e+000  0.000000e+000  
0.000000e+000  0.000000e+000  0.000000e+000  0.000000e+000  0.000000e+000  0.000000e+000  0.000000e+000  0.000000e+000  0.000000e+000  
0.000000e+000  0.000000e+000  0.000000e+000  0.000000e+000  0.000000e+000  0.000000e+000  0.000000e+000  0.000000e+000  0.000000e+000  
0.000000e+000  0.000000e+000  0.000000e+000  0.000000e+000  0.000000e+000  0.000000e+000  0.000000e+000  0.000000e+000  0.000000e+000  
0.000000e+000  0.000000e+000  0.000000e+000  0.000000e+000  0.000000e+000  0.000000e+000  0.000000e+000  0.000000e+000  0.000000e+000  
0.000000e+000  0.000000e+000  0.000000e+000  0.000000e+000  0.000000e+000  0.000000e+000  0.000000e+000  0.000000e+000  0.000000e+000  
0.000000e+000  0.000000e+000  0.000000e+000  0.000000e+000  0.000000e+000  0.000000e+000  0.000000e+000  0.000000e+000  0.000000e+000  
0.000000e+000  0.000000e+000  0.000000e+000  0.000000e+000  0.000000e+000  0.000000e+000  0.000000e+000  0.000000e+000  0.000000e+000  
0.000000e+000  0.000000e+000  0.000000e+000  0.000000e+000  0.000000e+000  0.000000e+000  0.000000e+000  0.000000e+000  0.000000e+000  
0.000000e+000  0.000000e+000  0.000000e+000  0.000000e+000  0.000000e+000  0.000000e+000  0.000000e+000  0.000000e+000  0.000000e+000  
0.000000e+000  0.000000e+000  0.000000e+000  0.000000e+000  0.000000e+000  0.000000e+000  0.000000e+000  0.000000e+000  0.000000e+000  
0.000000e+000  0.000000e+000  0.000000e+000  0.000000e+000  0.000000e+000  0.000000e+000  0.000000e+000  0.000000e+000  0.000000e+000  
0.000000e+000  0.000000e+000  0.000000e+000  0.000000e+000  0.000000e+000  0.000000e+000  0.000000e+000  0.000000e+000  0.000000e+000  
0.000000e+000  0.000000e+000  0.000000e+000  0.000000e+000  0.000000e+000  0.000000e+000  0.000000e+000  0.000000e+000  0.000000e+000  
0.000000e+000  0.000000e+000  0.000000e+000  0.000000e+000  0.000000e+000  0.000000e+000  0.000000e+000  0.000000e+000  0.000000e+000  
0.000000e+000  0.000000e+000  0.000000e+000  0.000000e+000  0.000000e+000  0.000000e+000  0.000000e+000  0.000000e+000  0.000000e+000  
0.000000e+000  0.000000e+000  0.000000e+000  0.000000e+000  0.000000e+000  0.000000e+000  0.000000e+000  0.000000e+000  0.000000e+000  
0.000000e+000  0.000000e+000  0.000000e+000  0.000000e+000  0.000000e+000  0.000000e+000  0.000000e+000  0.000000e+000  0.000000e+000  
0.000000e+000  0.000000e+000  0.000000e+000  0.000000e+000  0.000000e+000  0.000000e+000  0.000000e+000  0.000000e+000  0.000000e+000  
0.000000e+000  0.000000e+000  0.000000e+000  0.000000e+000  0.000000e+000  0.000000e+000  0.000000e+000  0.000000e+000  0.000000e+000  
0.000000e+000  0.000000e+000  0.000000e+000  0.000000e+000  0.000000e+000  0.000000e+000  0.000000e+000  0.000000e+000  0.000000e+000  
0.000000e+000  0.000000e+000  0.000000e+000  0.000000e+000  0.000000e+000  0.000000e+000  0.000000e+000  0.000000e+000  0.000000e+000  

6.007089e-001  5.894735e-001  5.633812e-001  5.204705e-001  4.719924e-001  4.110794e-001  3.448959e-001  3.061510e-001  -0.000000e+000  
6.065634e-001  5.949838e-001  5.675150e-001  5.236939e-001  4.740372e-001  4.118538e-001  3.446633e-001  3.054912e-001  -0.000000e+000  
6.534327e-001  6.393090e-001  6.054345e-001  5.509604e-001  4.909413e-001  4.180171e-001  3.424846e-001  2.998261e-001  -0.000000e+000  
7.041693e-001  6.880958e-001  6.469025e-001  5.793912e-001  5.074378e-001  4.228906e-001  3.390614e-001  2.931825e-001  -0.000000e+000  
7.491425e-001  7.314145e-001  6.836055e-001  6.042617e-001  5.216376e-001  4.268505e-001  3.358480e-001  2.872297e-001  -0.000000e+000  
8.595851e-001  8.387967e-001  7.726700e-001  6.601499e-001  5.500968e-001  4.312823e-001  3.254261e-001  2.717773e-001  -0.000000e+000  
1.010134e+000  9.884099e-001  8.928774e-001  7.264955e-001  5.772909e-001  4.285208e-001  3.073759e-001  2.495870e-001  -0.000000e+000  
1.201758e+000  1.189522e+000  1.046925e+000  7.936752e-001  5.924099e-001  4.113612e-001  2.785928e-001  2.193357e-001  -0.000000e+000  
1.329359e+000  1.344620e+000  1.156141e+000  8.201463e-001  5.825949e-001  3.864547e-001  2.527573e-001  1.955224e-001  -0.000000e+000  
1.371254e+000  1.399365e+000  1.193412e+000  8.266696e-001  5.770017e-001  3.765486e-001  2.432049e-001  1.869325e-001  -0.000000e+000  
1.487075e+000  1.564941e+000  1.301788e+000  8.371623e-001  5.532370e-001  3.429512e-001  2.127670e-001  1.601647e-001  -0.000000e+000  
1.478849e+000  1.782740e+000  1.381928e+000  7.262248e-001  4.306826e-001  2.461119e-001  1.445415e-001  1.059672e-001  -0.000000e+000  
9.453159e-001  1.119723e+000  8.587295e-001  4.558844e-001  2.671553e-001  1.497986e-001  8.664635e-002  6.305892e-002  -0.000000e+000  
3.839625e-001  4.160267e-001  3.085754e-001  1.850072e-001  1.098523e-001  6.088425e-002  3.482240e-002  2.522991e-002  -0.000000e+000  
-6.167531e-001  -6.968847e-001  -5.216689e-001  -2.946375e-001  -1.738656e-001  -9.625212e-002  -5.461888e-002  -3.924914e-002  -0.000000e+000  
-1.478005e+000  -1.771435e+000  -1.377571e+000  -7.300049e-001  -4.355402e-001  -2.503697e-001  -1.476409e-001  -1.083959e-001  -0.000000e+000  
-1.459817e+000  -1.527531e+000  -1.276795e+000  -8.331288e-001  -5.570012e-001  -3.492843e-001  -2.186224e-001  -1.652698e-001  -0.000000e+000  
-1.240009e+000  -1.234737e+000  -1.079046e+000  -8.019991e-001  -5.896692e-001  -4.035957e-001  -2.701795e-001  -2.114023e-001  -0.000000e+000  
-1.023357e+000  -1.002620e+000  -9.033683e-001  -7.300951e-001  -5.769785e-001  -4.259584e-001  -3.041599e-001  -2.463782e-001  -0.000000e+000  
-8.548239e-001  -8.343567e-001  -7.685508e-001  -6.565798e-001  -5.473476e-001  -4.295447e-001  -3.245465e-001  -2.712765e-001  -0.000000e+000  
-7.352240e-001  -7.179668e-001  -6.718910e-001  -5.957133e-001  -5.160982e-001  -4.243389e-001  -3.355973e-001  -2.879032e-001  -0.000000e+000  
-6.518438e-001  -6.375769e-001  -6.035231e-001  -5.490008e-001  -4.890806e-001  -4.164028e-001  -3.412334e-001  -2.988046e-001  -0.000000e+000  
-6.060719e-001  -5.936954e-001  -5.656240e-001  -5.218397e-001  -4.722949e-001  -4.103089e-001  -3.434058e-001  -3.044263e-001  -0.000000e+000  
-6.019650e-001  -5.888542e-001  -5.611857e-001  -5.185942e-001  -4.702598e-001  -4.095424e-001  -3.436378e-001  -3.050811e-001  -0.000000e+000  
-0.000000e+000  -0.000000e+000  -0.000000e+000  -0.000000e+000  -0.000000e+000  -0.000000e+000  -0.000000e+000  -0.000000e+000  -0.000000e+000  

