Port monitor named: Port3_e1.prt

nx        = 74
ny        = 73
nz        = 25

nu        = 9
nv        = 25
iu        = 10
iv        = 41

idir      = 1
dcut      = -3.000000e-002
icut      = 9
type      = 0
frequency = 3.500000e+009

fcutoff   = 0.000000e+000
alpha     = 0.000000e+000
beta      = 1.355238e+002
accuracy  = 2.968604e-014

type          = QTEM
wave imp.     = 2.052233e+002
wave imp.sig. = 0.000000e+000
line imp.     = 4.921641e+001

ref. port     = 0

0.000000e+000  0.000000e+000  0.000000e+000  0.000000e+000  0.000000e+000  0.000000e+000  0.000000e+000  0.000000e+000  0.000000e+000  
-2.461497e+000  -2.794845e+000  -1.151924e+001  -9.503801e+000  -6.976837e+000  -3.977642e+000  -1.322898e+000  -9.201644e-002  0.000000e+000  
-1.716317e+001  -1.566426e+001  -6.087616e+001  -4.964285e+001  -3.607122e+001  -2.024422e+001  -6.500237e+000  -2.135567e-001  0.000000e+000  
-3.591357e+001  -3.199495e+001  -1.199170e+002  -9.394360e+001  -6.507564e+001  -3.375531e+001  -8.842647e+000  1.829565e+000  0.000000e+000  
-6.379239e+001  -5.418280e+001  -1.893928e+002  -1.384439e+002  -8.859594e+001  -4.015553e+001  -6.329099e+000  6.784386e+000  0.000000e+000  
-1.177735e+002  -9.275409e+001  -2.848899e+002  -1.851316e+002  -1.037820e+002  -3.641281e+001  2.564261e+000  1.547376e+001  0.000000e+000  
-2.401615e+002  -1.712500e+002  -4.150217e+002  -2.192283e+002  -9.591405e+001  -1.520076e+001  1.963688e+001  2.804263e+001  0.000000e+000  
-5.517453e+002  -3.610278e+002  -5.593567e+002  -1.919860e+002  -3.608616e+001  3.188111e+001  4.527528e+001  4.355235e+001  0.000000e+000  
-1.387987e+003  -9.455233e+002  -5.203204e+002  2.455858e+001  1.162206e+002  1.075377e+002  7.642978e+001  5.959742e+001  0.000000e+000  
-3.440436e+003  -3.868359e+003  1.437612e+003  6.568750e+002  3.615096e+002  1.927396e+002  1.046495e+002  7.242575e+001  0.000000e+000  
-4.290502e+003  -4.675073e+003  1.560089e+003  8.548460e+002  4.709501e+002  2.349573e+002  1.183423e+002  7.834696e+001  0.000000e+000  
-4.078144e+003  -4.865323e+003  1.736198e+003  7.937061e+002  4.251448e+002  2.167588e+002  1.125729e+002  7.589336e+001  0.000000e+000  
-3.502757e+003  -3.826987e+003  1.428062e+003  6.560916e+002  3.651106e+002  1.955204e+002  1.057831e+002  7.292512e+001  0.000000e+000  
-1.490216e+003  -1.011406e+003  -5.026168e+002  5.027232e+001  1.322115e+002  1.149816e+002  7.933568e+001  6.102465e+001  0.000000e+000  
-6.345100e+002  -4.121617e+002  -5.696953e+002  -1.753223e+002  -2.099675e+001  4.081230e+001  4.953106e+001  4.597134e+001  0.000000e+000  
-5.307211e+002  -3.468015e+002  -5.552381e+002  -1.971245e+002  -4.097080e+001  2.921724e+001  4.422629e+001  4.305847e+001  0.000000e+000  
-4.389480e+002  -2.905383e+002  -5.340551e+002  -2.137178e+002  -5.886377e+001  1.796827e+001  3.881047e+001  3.999336e+001  0.000000e+000  
-2.119693e+002  -1.540083e+002  -3.967433e+002  -2.190923e+002  -1.006930e+002  -1.974379e+001  1.695345e+001  2.634982e+001  0.000000e+000  
-1.131198e+002  -8.990329e+001  -2.811859e+002  -1.848093e+002  -1.045159e+002  -3.714817e+001  2.177273e+000  1.526184e+001  0.000000e+000  
-6.538243e+001  -5.559563e+001  -1.946560e+002  -1.420928e+002  -9.055777e+001  -4.059405e+001  -5.971144e+000  7.333917e+000  0.000000e+000  
-3.905897e+001  -3.475827e+001  -1.299900e+002  -1.012604e+002  -6.957041e+001  -3.551820e+001  -8.823463e+000  2.467058e+000  0.000000e+000  
-3.535378e+001  -3.172484e+001  -1.199791e+002  -9.442231e+001  -6.561550e+001  -3.411641e+001  -8.935055e+000  1.866067e+000  0.000000e+000  
-1.629781e+001  -1.533812e+001  -6.120355e+001  -4.997395e+001  -3.635803e+001  -2.043935e+001  -6.564544e+000  -2.072626e-001  0.000000e+000  
-3.002686e-001  -2.295142e+000  -1.327550e+001  -9.752616e+000  -7.052186e+000  -4.016517e+000  -1.335906e+000  -9.136648e-002  0.000000e+000  
0.000000e+000  0.000000e+000  0.000000e+000  0.000000e+000  0.000000e+000  0.000000e+000  0.000000e+000  0.000000e+000  0.000000e+000  

0.000000e+000  5.572452e+000  1.238002e+001  -1.059048e+001  -2.740178e+001  -3.629562e+001  -3.572857e+001  -2.086818e+001  0.000000e+000  
0.000000e+000  6.101874e+000  1.236355e+001  -1.169918e+001  -2.888692e+001  -3.772491e+001  -3.668125e+001  -2.126761e+001  0.000000e+000  
0.000000e+000  4.410693e+000  9.796487e+000  -2.180059e+001  -4.180764e+001  -4.991590e+001  -4.463941e+001  -2.455472e+001  0.000000e+000  
0.000000e+000  -4.730252e-001  2.087015e+000  -4.463415e+001  -6.819410e+001  -7.289962e+001  -5.827994e+001  -2.979462e+001  0.000000e+000  
0.000000e+000  -1.349027e+001  -1.818716e+001  -8.837363e+001  -1.118758e+002  -1.066710e+002  -7.569096e+001  -3.577137e+001  0.000000e+000  
0.000000e+000  -5.080855e+001  -7.574023e+001  -1.769221e+002  -1.844395e+002  -1.540078e+002  -9.558236e+001  -4.144211e+001  0.000000e+000  
0.000000e+000  -1.595362e+002  -2.461055e+002  -3.553636e+002  -2.960276e+002  -2.108210e+002  -1.127469e+002  -4.460498e+001  0.000000e+000  
0.000000e+000  -4.694718e+002  -7.863985e+002  -6.964627e+002  -4.381504e+002  -2.575821e+002  -1.174410e+002  -4.237567e+001  0.000000e+000  
0.000000e+000  -1.198794e+003  -2.739846e+003  -1.207894e+003  -5.191651e+002  -2.461270e+002  -9.664522e+001  -3.220546e+001  0.000000e+000  
0.000000e+000  -4.397330e+002  0.000000e+000  -4.085448e+002  -2.133492e+002  -1.050201e+002  -3.999926e+001  -1.284497e+001  0.000000e+000  
0.000000e+000  1.613976e+002  0.000000e+000  2.275183e+002  1.352264e+002  6.718932e+001  2.522597e+001  8.042787e+000  0.000000e+000  
0.000000e+000  8.997206e+002  0.000000e+000  7.372668e+002  3.363146e+002  1.587712e+002  6.037715e+001  1.960166e+001  0.000000e+000  
0.000000e+000  1.255331e+003  2.851346e+003  1.225556e+003  5.224598e+002  2.463318e+002  9.598032e+001  3.177665e+001  0.000000e+000  
0.000000e+000  5.147759e+002  8.636949e+002  7.388271e+002  4.551913e+002  2.631548e+002  1.179101e+002  4.203813e+001  0.000000e+000  
0.000000e+000  3.118822e+002  4.964413e+002  5.334996e+002  3.765069e+002  2.396210e+002  1.167922e+002  4.382986e+001  0.000000e+000  
0.000000e+000  2.558867e+002  4.010538e+002  4.712058e+002  3.498174e+002  2.305389e+002  1.157394e+002  4.419336e+001  0.000000e+000  
0.000000e+000  1.251589e+002  1.901266e+002  3.096535e+002  2.728441e+002  2.013497e+002  1.108433e+002  4.457238e+001  0.000000e+000  
0.000000e+000  4.374547e+001  6.474576e+001  1.648809e+002  1.768186e+002  1.501453e+002  9.445419e+001  4.125558e+001  0.000000e+000  
0.000000e+000  1.290713e+001  1.729655e+001  8.827155e+001  1.125798e+002  1.076503e+002  7.641637e+001  3.608083e+001  0.000000e+000  
0.000000e+000  1.034335e+000  -1.206669e+000  4.774763e+001  7.201440e+001  7.636238e+001  6.041656e+001  3.064190e+001  0.000000e+000  
0.000000e+000  -1.645754e+000  -5.460258e+000  3.513546e+001  5.757072e+001  6.391227e+001  5.314204e+001  2.788655e+001  0.000000e+000  
0.000000e+000  -4.282853e+000  -9.677055e+000  2.160009e+001  4.166879e+001  4.994042e+001  4.480331e+001  2.467818e+001  0.000000e+000  
0.000000e+000  -4.944163e+000  -1.114176e+001  1.152120e+001  2.871398e+001  3.768129e+001  3.676739e+001  2.135234e+001  0.000000e+000  
0.000000e+000  -1.233677e+001  -2.026848e+001  9.413369e+000  2.711524e+001  3.623394e+001  3.580516e+001  2.094826e+001  0.000000e+000  
0.000000e+000  0.000000e+000  0.000000e+000  0.000000e+000  0.000000e+000  0.000000e+000  0.000000e+000  0.000000e+000  0.000000e+000  

0.000000e+000  0.000000e+000  0.000000e+000  0.000000e+000  0.000000e+000  0.000000e+000  0.000000e+000  0.000000e+000  0.000000e+000  
0.000000e+000  0.000000e+000  0.000000e+000  0.000000e+000  0.000000e+000  0.000000e+000  0.000000e+000  0.000000e+000  0.000000e+000  
0.000000e+000  0.000000e+000  0.000000e+000  0.000000e+000  0.000000e+000  0.000000e+000  0.000000e+000  0.000000e+000  0.000000e+000  
0.000000e+000  0.000000e+000  0.000000e+000  0.000000e+000  0.000000e+000  0.000000e+000  0.000000e+000  0.000000e+000  0.000000e+000  
0.000000e+000  0.000000e+000  0.000000e+000  0.000000e+000  0.000000e+000  0.000000e+000  0.000000e+000  0.000000e+000  0.000000e+000  
0.000000e+000  0.000000e+000  0.000000e+000  0.000000e+000  0.000000e+000  0.000000e+000  0.000000e+000  0.000000e+000  0.000000e+000  
0.000000e+000  0.000000e+000  0.000000e+000  0.000000e+000  0.000000e+000  0.000000e+000  0.000000e+000  0.000000e+000  0.000000e+000  
0.000000e+000  0.000000e+000  0.000000e+000  0.000000e+000  0.000000e+000  0.000000e+000  0.000000e+000  0.000000e+000  0.000000e+000  
0.000000e+000  0.000000e+000  0.000000e+000  0.000000e+000  0.000000e+000  0.000000e+000  0.000000e+000  0.000000e+000  0.000000e+000  
0.000000e+000  0.000000e+000  0.000000e+000  0.000000e+000  0.000000e+000  0.000000e+000  0.000000e+000  0.000000e+000  0.000000e+000  
0.000000e+000  0.000000e+000  0.000000e+000  0.000000e+000  0.000000e+000  0.000000e+000  0.000000e+000  0.000000e+000  0.000000e+000  
0.000000e+000  0.000000e+000  0.000000e+000  0.000000e+000  0.000000e+000  0.000000e+000  0.000000e+000  0.000000e+000  0.000000e+000  
0.000000e+000  0.000000e+000  0.000000e+000  0.000000e+000  0.000000e+000  0.000000e+000  0.000000e+000  0.000000e+000  0.000000e+000  
0.000000e+000  0.000000e+000  0.000000e+000  0.000000e+000  0.000000e+000  0.000000e+000  0.000000e+000  0.000000e+000  0.000000e+000  
0.000000e+000  0.000000e+000  0.000000e+000  0.000000e+000  0.000000e+000  0.000000e+000  0.000000e+000  0.000000e+000  0.000000e+000  
0.000000e+000  0.000000e+000  0.000000e+000  0.000000e+000  0.000000e+000  0.000000e+000  0.000000e+000  0.000000e+000  0.000000e+000  
0.000000e+000  0.000000e+000  0.000000e+000  0.000000e+000  0.000000e+000  0.000000e+000  0.000000e+000  0.000000e+000  0.000000e+000  
0.000000e+000  0.000000e+000  0.000000e+000  0.000000e+000  0.000000e+000  0.000000e+000  0.000000e+000  0.000000e+000  0.000000e+000  
0.000000e+000  0.000000e+000  0.000000e+000  0.000000e+000  0.000000e+000  0.000000e+000  0.000000e+000  0.000000e+000  0.000000e+000  
0.000000e+000  0.000000e+000  0.000000e+000  0.000000e+000  0.000000e+000  0.000000e+000  0.000000e+000  0.000000e+000  0.000000e+000  
0.000000e+000  0.000000e+000  0.000000e+000  0.000000e+000  0.000000e+000  0.000000e+000  0.000000e+000  0.000000e+000  0.000000e+000  
0.000000e+000  0.000000e+000  0.000000e+000  0.000000e+000  0.000000e+000  0.000000e+000  0.000000e+000  0.000000e+000  0.000000e+000  
0.000000e+000  0.000000e+000  0.000000e+000  0.000000e+000  0.000000e+000  0.000000e+000  0.000000e+000  0.000000e+000  0.000000e+000  
0.000000e+000  0.000000e+000  0.000000e+000  0.000000e+000  0.000000e+000  0.000000e+000  0.000000e+000  0.000000e+000  0.000000e+000  
0.000000e+000  0.000000e+000  0.000000e+000  0.000000e+000  0.000000e+000  0.000000e+000  0.000000e+000  0.000000e+000  0.000000e+000  

0.000000e+000  0.000000e+000  0.000000e+000  0.000000e+000  0.000000e+000  0.000000e+000  0.000000e+000  0.000000e+000  0.000000e+000  
0.000000e+000  0.000000e+000  0.000000e+000  0.000000e+000  0.000000e+000  0.000000e+000  0.000000e+000  0.000000e+000  0.000000e+000  
0.000000e+000  0.000000e+000  0.000000e+000  0.000000e+000  0.000000e+000  0.000000e+000  0.000000e+000  0.000000e+000  0.000000e+000  
0.000000e+000  0.000000e+000  0.000000e+000  0.000000e+000  0.000000e+000  0.000000e+000  0.000000e+000  0.000000e+000  0.000000e+000  
0.000000e+000  0.000000e+000  0.000000e+000  0.000000e+000  0.000000e+000  0.000000e+000  0.000000e+000  0.000000e+000  0.000000e+000  
0.000000e+000  0.000000e+000  0.000000e+000  0.000000e+000  0.000000e+000  0.000000e+000  0.000000e+000  0.000000e+000  0.000000e+000  
0.000000e+000  0.000000e+000  0.000000e+000  0.000000e+000  0.000000e+000  0.000000e+000  0.000000e+000  0.000000e+000  0.000000e+000  
0.000000e+000  0.000000e+000  0.000000e+000  0.000000e+000  0.000000e+000  0.000000e+000  0.000000e+000  0.000000e+000  0.000000e+000  
0.000000e+000  0.000000e+000  0.000000e+000  0.000000e+000  0.000000e+000  0.000000e+000  0.000000e+000  0.000000e+000  0.000000e+000  
0.000000e+000  0.000000e+000  0.000000e+000  0.000000e+000  0.000000e+000  0.000000e+000  0.000000e+000  0.000000e+000  0.000000e+000  
0.000000e+000  0.000000e+000  0.000000e+000  0.000000e+000  0.000000e+000  0.000000e+000  0.000000e+000  0.000000e+000  0.000000e+000  
0.000000e+000  0.000000e+000  0.000000e+000  0.000000e+000  0.000000e+000  0.000000e+000  0.000000e+000  0.000000e+000  0.000000e+000  
0.000000e+000  0.000000e+000  0.000000e+000  0.000000e+000  0.000000e+000  0.000000e+000  0.000000e+000  0.000000e+000  0.000000e+000  
0.000000e+000  0.000000e+000  0.000000e+000  0.000000e+000  0.000000e+000  0.000000e+000  0.000000e+000  0.000000e+000  0.000000e+000  
0.000000e+000  0.000000e+000  0.000000e+000  0.000000e+000  0.000000e+000  0.000000e+000  0.000000e+000  0.000000e+000  0.000000e+000  
0.000000e+000  0.000000e+000  0.000000e+000  0.000000e+000  0.000000e+000  0.000000e+000  0.000000e+000  0.000000e+000  0.000000e+000  
0.000000e+000  0.000000e+000  0.000000e+000  0.000000e+000  0.000000e+000  0.000000e+000  0.000000e+000  0.000000e+000  0.000000e+000  
0.000000e+000  0.000000e+000  0.000000e+000  0.000000e+000  0.000000e+000  0.000000e+000  0.000000e+000  0.000000e+000  0.000000e+000  
0.000000e+000  0.000000e+000  0.000000e+000  0.000000e+000  0.000000e+000  0.000000e+000  0.000000e+000  0.000000e+000  0.000000e+000  
0.000000e+000  0.000000e+000  0.000000e+000  0.000000e+000  0.000000e+000  0.000000e+000  0.000000e+000  0.000000e+000  0.000000e+000  
0.000000e+000  0.000000e+000  0.000000e+000  0.000000e+000  0.000000e+000  0.000000e+000  0.000000e+000  0.000000e+000  0.000000e+000  
0.000000e+000  0.000000e+000  0.000000e+000  0.000000e+000  0.000000e+000  0.000000e+000  0.000000e+000  0.000000e+000  0.000000e+000  
0.000000e+000  0.000000e+000  0.000000e+000  0.000000e+000  0.000000e+000  0.000000e+000  0.000000e+000  0.000000e+000  0.000000e+000  
0.000000e+000  0.000000e+000  0.000000e+000  0.000000e+000  0.000000e+000  0.000000e+000  0.000000e+000  0.000000e+000  0.000000e+000  
0.000000e+000  0.000000e+000  0.000000e+000  0.000000e+000  0.000000e+000  0.000000e+000  0.000000e+000  0.000000e+000  0.000000e+000  

0.000000e+000  0.000000e+000  0.000000e+000  0.000000e+000  0.000000e+000  0.000000e+000  0.000000e+000  0.000000e+000  0.000000e+000  
0.000000e+000  0.000000e+000  0.000000e+000  0.000000e+000  0.000000e+000  0.000000e+000  0.000000e+000  0.000000e+000  0.000000e+000  
0.000000e+000  0.000000e+000  0.000000e+000  0.000000e+000  0.000000e+000  0.000000e+000  0.000000e+000  0.000000e+000  0.000000e+000  
0.000000e+000  0.000000e+000  0.000000e+000  0.000000e+000  0.000000e+000  0.000000e+000  0.000000e+000  0.000000e+000  0.000000e+000  
0.000000e+000  0.000000e+000  0.000000e+000  0.000000e+000  0.000000e+000  0.000000e+000  0.000000e+000  0.000000e+000  0.000000e+000  
0.000000e+000  0.000000e+000  0.000000e+000  0.000000e+000  0.000000e+000  0.000000e+000  0.000000e+000  0.000000e+000  0.000000e+000  
0.000000e+000  0.000000e+000  0.000000e+000  0.000000e+000  0.000000e+000  0.000000e+000  0.000000e+000  0.000000e+000  0.000000e+000  
0.000000e+000  0.000000e+000  0.000000e+000  0.000000e+000  0.000000e+000  0.000000e+000  0.000000e+000  0.000000e+000  0.000000e+000  
0.000000e+000  0.000000e+000  0.000000e+000  0.000000e+000  0.000000e+000  0.000000e+000  0.000000e+000  0.000000e+000  0.000000e+000  
0.000000e+000  0.000000e+000  0.000000e+000  0.000000e+000  0.000000e+000  0.000000e+000  0.000000e+000  0.000000e+000  0.000000e+000  
0.000000e+000  0.000000e+000  0.000000e+000  0.000000e+000  0.000000e+000  0.000000e+000  0.000000e+000  0.000000e+000  0.000000e+000  
0.000000e+000  0.000000e+000  0.000000e+000  0.000000e+000  0.000000e+000  0.000000e+000  0.000000e+000  0.000000e+000  0.000000e+000  
0.000000e+000  0.000000e+000  0.000000e+000  0.000000e+000  0.000000e+000  0.000000e+000  0.000000e+000  0.000000e+000  0.000000e+000  
0.000000e+000  0.000000e+000  0.000000e+000  0.000000e+000  0.000000e+000  0.000000e+000  0.000000e+000  0.000000e+000  0.000000e+000  
0.000000e+000  0.000000e+000  0.000000e+000  0.000000e+000  0.000000e+000  0.000000e+000  0.000000e+000  0.000000e+000  0.000000e+000  
0.000000e+000  0.000000e+000  0.000000e+000  0.000000e+000  0.000000e+000  0.000000e+000  0.000000e+000  0.000000e+000  0.000000e+000  
0.000000e+000  0.000000e+000  0.000000e+000  0.000000e+000  0.000000e+000  0.000000e+000  0.000000e+000  0.000000e+000  0.000000e+000  
0.000000e+000  0.000000e+000  0.000000e+000  0.000000e+000  0.000000e+000  0.000000e+000  0.000000e+000  0.000000e+000  0.000000e+000  
0.000000e+000  0.000000e+000  0.000000e+000  0.000000e+000  0.000000e+000  0.000000e+000  0.000000e+000  0.000000e+000  0.000000e+000  
0.000000e+000  0.000000e+000  0.000000e+000  0.000000e+000  0.000000e+000  0.000000e+000  0.000000e+000  0.000000e+000  0.000000e+000  
0.000000e+000  0.000000e+000  0.000000e+000  0.000000e+000  0.000000e+000  0.000000e+000  0.000000e+000  0.000000e+000  0.000000e+000  
0.000000e+000  0.000000e+000  0.000000e+000  0.000000e+000  0.000000e+000  0.000000e+000  0.000000e+000  0.000000e+000  0.000000e+000  
0.000000e+000  0.000000e+000  0.000000e+000  0.000000e+000  0.000000e+000  0.000000e+000  0.000000e+000  0.000000e+000  0.000000e+000  
0.000000e+000  0.000000e+000  0.000000e+000  0.000000e+000  0.000000e+000  0.000000e+000  0.000000e+000  0.000000e+000  0.000000e+000  
0.000000e+000  0.000000e+000  0.000000e+000  0.000000e+000  0.000000e+000  0.000000e+000  0.000000e+000  0.000000e+000  0.000000e+000  

0.000000e+000  0.000000e+000  0.000000e+000  0.000000e+000  0.000000e+000  0.000000e+000  0.000000e+000  0.000000e+000  0.000000e+000  
0.000000e+000  -1.125895e+000  -2.061064e+000  -1.879113e+000  -1.601848e+000  -1.292202e+000  -8.424384e-001  -3.889802e-001  0.000000e+000  
0.000000e+000  -5.505872e+000  -1.076004e+001  -9.811311e+000  -8.328514e+000  -6.692463e+000  -4.346656e+000  -2.002973e+000  0.000000e+000  
0.000000e+000  -1.070616e+001  -2.094743e+001  -1.864941e+001  -1.547621e+001  -1.220725e+001  -7.791422e+000  -3.557835e+000  0.000000e+000  
0.000000e+000  -1.659534e+001  -3.250230e+001  -2.781484e+001  -2.230255e+001  -1.713425e+001  -1.069332e+001  -4.831305e+000  0.000000e+000  
0.000000e+000  -2.424295e+001  -4.768320e+001  -3.837804e+001  -2.932862e+001  -2.178849e+001  -1.326641e+001  -5.935087e+000  0.000000e+000  
0.000000e+000  -3.389560e+001  -6.756306e+001  -4.959294e+001  -3.564906e+001  -2.555018e+001  -1.525718e+001  -6.794931e+000  0.000000e+000  
0.000000e+000  -4.386795e+001  -9.079793e+001  -5.826420e+001  -3.926997e+001  -2.749358e+001  -1.640971e+001  -7.356724e+000  0.000000e+000  
0.000000e+000  -4.492817e+001  -1.038591e+002  -5.587661e+001  -3.718500e+001  -2.682178e+001  -1.664136e+001  -7.625539e+000  0.000000e+000  
0.000000e+000  -6.675515e+000  0.000000e+000  -2.794479e+001  -2.832860e+001  -2.411436e+001  -1.627272e+001  -7.691067e+000  0.000000e+000  
0.000000e+000  -1.405090e+000  0.000000e+000  -1.907433e+001  -2.418203e+001  -2.257081e+001  -1.598513e+001  -7.686571e+000  0.000000e+000  
0.000000e+000  -3.370951e+000  0.000000e+000  -2.278707e+001  -2.613817e+001  -2.330915e+001  -1.612306e+001  -7.690938e+000  0.000000e+000  
0.000000e+000  -8.297632e+000  0.000000e+000  -2.862505e+001  -2.843780e+001  -2.408588e+001  -1.625427e+001  -7.687916e+000  0.000000e+000  
0.000000e+000  -4.477465e+001  -1.043152e+002  -5.543776e+001  -3.693816e+001  -2.673587e+001  -1.664686e+001  -7.642099e+000  0.000000e+000  
0.000000e+000  -4.483737e+001  -9.370924e+001  -5.891535e+001  -3.950707e+001  -2.765940e+001  -1.653810e+001  -7.424569e+000  0.000000e+000  
0.000000e+000  -4.366566e+001  -9.005788e+001  -5.829318e+001  -3.939309e+001  -2.756922e+001  -1.642395e+001  -7.352863e+000  0.000000e+000  
0.000000e+000  -4.213414e+001  -8.587158e+001  -5.725543e+001  -3.907049e+001  -2.737880e+001  -1.626896e+001  -7.265984e+000  0.000000e+000  
0.000000e+000  -3.264135e+001  -6.479281e+001  -4.839933e+001  -3.510023e+001  -2.524831e+001  -1.508398e+001  -6.712118e+000  0.000000e+000  
0.000000e+000  -2.400121e+001  -4.716063e+001  -3.815952e+001  -2.923853e+001  -2.174240e+001  -1.323615e+001  -5.918253e+000  0.000000e+000  
0.000000e+000  -1.706576e+001  -3.341326e+001  -2.857030e+001  -2.286899e+001  -1.753623e+001  -1.092000e+001  -4.926796e+000  0.000000e+000  
0.000000e+000  -1.161033e+001  -2.270545e+001  -2.014599e+001  -1.665278e+001  -1.308916e+001  -8.323700e+000  -3.792561e+000  0.000000e+000  
0.000000e+000  -1.075151e+001  -2.102000e+001  -1.875873e+001  -1.558478e+001  -1.229778e+001  -7.846962e+000  -3.581155e+000  0.000000e+000  
0.000000e+000  -5.598599e+000  -1.089100e+001  -9.902415e+000  -8.395399e+000  -6.743497e+000  -4.378122e+000  -2.016515e+000  0.000000e+000  
0.000000e+000  -1.456520e+000  -2.445955e+000  -1.936544e+000  -1.619303e+000  -1.302527e+000  -8.485781e-001  -3.916270e-001  0.000000e+000  
0.000000e+000  0.000000e+000  0.000000e+000  0.000000e+000  0.000000e+000  0.000000e+000  0.000000e+000  0.000000e+000  0.000000e+000  

