Port monitor named: Port4_h1.prt

nx        = 70
ny        = 73
nz        = 25

nu        = 9
nv        = 23
iu        = 10
iv        = 10

idir      = 1
dcut      = -3.000000e-002
icut      = 9
type      = 1
frequency = 3.500000e+009

fcutoff   = 0.000000e+000
alpha     = 0.000000e+000
beta      = 1.354583e+002
accuracy  = 1.732521e-014

type          = QTEM
wave imp.     = 2.045942e+002
wave imp.sig. = 0.000000e+000
line imp.     = 4.923919e+001

ref. port     = 0

0.000000e+000  8.597402e-002  1.465885e-001  2.409635e-001  2.958042e-001  3.085625e-001  2.607011e-001  1.419432e-001  0.000000e+000  
0.000000e+000  7.576188e-002  1.492336e-001  2.488306e-001  3.043490e-001  3.159860e-001  2.652575e-001  1.437509e-001  0.000000e+000  
0.000000e+000  1.034848e-001  1.971982e-001  3.198877e-001  3.778907e-001  3.787757e-001  3.030882e-001  1.585421e-001  0.000000e+000  
0.000000e+000  1.382328e-001  2.602443e-001  4.086127e-001  4.639900e-001  4.476989e-001  3.411808e-001  1.723883e-001  0.000000e+000  
0.000000e+000  1.682094e-001  3.144839e-001  4.838096e-001  5.357503e-001  5.042458e-001  3.718343e-001  1.833546e-001  0.000000e+000  
0.000000e+000  2.584986e-001  4.748094e-001  6.898889e-001  7.158860e-001  6.342814e-001  4.346739e-001  2.036291e-001  0.000000e+000  
0.000000e+000  4.263030e-001  7.657397e-001  1.023689e+000  9.737370e-001  7.988544e-001  5.021930e-001  2.220224e-001  0.000000e+000  
0.000000e+000  6.651975e-001  1.172465e+000  1.417063e+000  1.228815e+000  9.352365e-001  5.455070e-001  2.301311e-001  0.000000e+000  
0.000000e+000  1.035181e+000  1.807362e+000  1.956361e+000  1.540583e+000  1.084218e+000  5.848061e-001  2.346247e-001  0.000000e+000  
0.000000e+000  2.258771e+000  4.069480e+000  3.285950e+000  2.074513e+000  1.244459e+000  5.856572e-001  2.170657e-001  0.000000e+000  
0.000000e+000  4.829739e+000  1.132443e+001  5.167989e+000  2.312591e+000  1.137419e+000  4.655559e-001  1.603068e-001  0.000000e+000  
0.000000e+000  1.957541e+000  0.000000e+000  1.727703e+000  9.162247e-001  4.640687e-001  1.839101e-001  6.118295e-002  0.000000e+000  
0.000000e+000  -1.968644e+000  0.000000e+000  -1.754838e+000  -9.326121e-001  -4.723219e-001  -1.866789e-001  -6.185032e-002  0.000000e+000  
0.000000e+000  -4.867261e+000  -1.152899e+001  -5.183273e+000  -2.308095e+000  -1.133060e+000  -4.630572e-001  -1.592135e-001  0.000000e+000  
0.000000e+000  -2.345587e+000  -4.238597e+000  -3.365731e+000  -2.098328e+000  -1.247195e+000  -5.825862e-001  -2.150586e-001  0.000000e+000  
0.000000e+000  -1.059260e+000  -1.848220e+000  -1.987229e+000  -1.555579e+000  -1.089583e+000  -5.852501e-001  -2.342614e-001  0.000000e+000  
0.000000e+000  -5.139178e-001  -9.157759e-001  -1.177338e+000  -1.080160e+000  -8.600958e-001  -5.240664e-001  -2.270168e-001  0.000000e+000  
0.000000e+000  -2.750748e-001  -5.036282e-001  -7.232430e-001  -7.422238e-001  -6.516819e-001  -4.423092e-001  -2.058978e-001  0.000000e+000  
0.000000e+000  -1.629007e-001  -3.047373e-001  -4.696280e-001  -5.217355e-001  -4.929963e-001  -3.657330e-001  -1.812002e-001  0.000000e+000  
0.000000e+000  -1.042747e-001  -1.985693e-001  -3.214473e-001  -3.789417e-001  -3.792340e-001  -3.030497e-001  -1.584315e-001  0.000000e+000  
0.000000e+000  -7.605897e-002  -1.498437e-001  -2.497398e-001  -3.051296e-001  -3.164716e-001  -2.653627e-001  -1.437161e-001  0.000000e+000  
0.000000e+000  -8.618813e-002  -1.470622e-001  -2.417933e-001  -2.965510e-001  -3.090487e-001  -2.608224e-001  -1.419175e-001  0.000000e+000  
0.000000e+000  0.000000e+000  0.000000e+000  0.000000e+000  0.000000e+000  0.000000e+000  0.000000e+000  0.000000e+000  0.000000e+000  

0.000000e+000  0.000000e+000  0.000000e+000  0.000000e+000  0.000000e+000  0.000000e+000  0.000000e+000  0.000000e+000  0.000000e+000  
-4.804257e-002  -5.598307e-002  -5.182401e-002  -3.951567e-002  -2.627839e-002  -1.185147e-002  -4.407051e-005  5.111273e-003  0.000000e+000  
-3.330749e-001  -3.144710e-001  -2.742185e-001  -2.055470e-001  -1.349779e-001  -5.935115e-002  1.435224e-003  2.760445e-002  0.000000e+000  
-6.596924e-001  -6.199017e-001  -5.291669e-001  -3.797759e-001  -2.355186e-001  -9.035527e-002  1.689929e-002  5.993978e-002  0.000000e+000  
-7.167612e-001  -6.721907e-001  -5.704727e-001  -4.049219e-001  -2.476374e-001  -9.178507e-002  2.121576e-002  6.587577e-002  0.000000e+000  
-1.057690e+000  -9.804704e-001  -8.045714e-001  -5.350396e-001  -2.999830e-001  -8.624066e-002  5.232417e-002  1.019501e-001  0.000000e+000  
-1.536831e+000  -1.398816e+000  -1.086405e+000  -6.521584e-001  -3.167259e-001  -4.644415e-002  1.030537e-001  1.487555e-001  0.000000e+000  
-2.265221e+000  -2.005035e+000  -1.417493e+000  -7.182973e-001  -2.638417e-001  4.391385e-002  1.771226e-001  2.062976e-001  0.000000e+000  
-2.755060e+000  -2.394995e+000  -1.570323e+000  -7.018823e-001  -1.979570e-001  1.077784e-001  2.189811e-001  2.354093e-001  0.000000e+000  
-4.592522e+000  -3.818087e+000  -1.888034e+000  -4.631273e-001  1.133799e-001  3.363090e-001  3.452376e-001  3.147753e-001  0.000000e+000  
-8.734215e+000  -7.203453e+000  -1.352643e+000  5.744418e-001  8.264033e-001  6.988058e-001  5.021371e-001  4.002656e-001  0.000000e+000  
-1.728787e+001  -1.888391e+001  6.579952e+000  3.249336e+000  1.902072e+000  1.088601e+000  6.385440e-001  4.661157e-001  0.000000e+000  
-2.107906e+001  -2.317203e+001  7.293979e+000  4.064970e+000  2.354512e+000  1.268553e+000  6.997309e-001  4.941735e-001  0.000000e+000  
-1.726415e+001  -1.889643e+001  6.602127e+000  3.238490e+000  1.893644e+000  1.084784e+000  6.372807e-001  4.656676e-001  0.000000e+000  
-8.885061e+000  -7.341266e+000  -1.296019e+000  6.181068e-001  8.473749e-001  7.065743e-001  5.051076e-001  4.019857e-001  0.000000e+000  
-4.711686e+000  -3.909836e+000  -1.900559e+000  -4.444810e-001  1.332496e-001  3.497358e-001  3.525380e-001  3.194352e-001  0.000000e+000  
-2.721869e+000  -2.371447e+000  -1.572285e+000  -7.126365e-001  -2.062330e-001  1.040296e-001  2.179650e-001  2.352171e-001  0.000000e+000  
-1.680142e+000  -1.520234e+000  -1.158474e+000  -6.736041e-001  -3.125575e-001  -3.126783e-002  1.177420e-001  1.611289e-001  0.000000e+000  
-1.066984e+000  -9.883158e-001  -8.092016e-001  -5.366631e-001  -3.002348e-001  -8.587507e-002  5.290438e-002  1.025934e-001  0.000000e+000  
-6.624270e-001  -6.219905e-001  -5.297953e-001  -3.790127e-001  -2.343907e-001  -8.953392e-002  1.718215e-002  5.998032e-002  0.000000e+000  
-3.342009e-001  -3.153832e-001  -2.746177e-001  -2.053545e-001  -1.345402e-001  -5.894926e-002  1.611746e-003  2.765145e-002  0.000000e+000  
-4.822334e-002  -5.616583e-002  -5.190053e-002  -3.948650e-002  -2.620090e-002  -1.177603e-002  -9.212332e-006  5.121360e-003  0.000000e+000  
0.000000e+000  0.000000e+000  0.000000e+000  0.000000e+000  0.000000e+000  0.000000e+000  0.000000e+000  0.000000e+000  0.000000e+000  

0.000000e+000  0.000000e+000  0.000000e+000  0.000000e+000  0.000000e+000  0.000000e+000  0.000000e+000  0.000000e+000  0.000000e+000  
0.000000e+000  0.000000e+000  0.000000e+000  0.000000e+000  0.000000e+000  0.000000e+000  0.000000e+000  0.000000e+000  0.000000e+000  
0.000000e+000  0.000000e+000  0.000000e+000  0.000000e+000  0.000000e+000  0.000000e+000  0.000000e+000  0.000000e+000  0.000000e+000  
0.000000e+000  0.000000e+000  0.000000e+000  0.000000e+000  0.000000e+000  0.000000e+000  0.000000e+000  0.000000e+000  0.000000e+000  
0.000000e+000  0.000000e+000  0.000000e+000  0.000000e+000  0.000000e+000  0.000000e+000  0.000000e+000  0.000000e+000  0.000000e+000  
0.000000e+000  0.000000e+000  0.000000e+000  0.000000e+000  0.000000e+000  0.000000e+000  0.000000e+000  0.000000e+000  0.000000e+000  
0.000000e+000  0.000000e+000  0.000000e+000  0.000000e+000  0.000000e+000  0.000000e+000  0.000000e+000  0.000000e+000  0.000000e+000  
0.000000e+000  0.000000e+000  0.000000e+000  0.000000e+000  0.000000e+000  0.000000e+000  0.000000e+000  0.000000e+000  0.000000e+000  
0.000000e+000  0.000000e+000  0.000000e+000  0.000000e+000  0.000000e+000  0.000000e+000  0.000000e+000  0.000000e+000  0.000000e+000  
0.000000e+000  0.000000e+000  0.000000e+000  0.000000e+000  0.000000e+000  0.000000e+000  0.000000e+000  0.000000e+000  0.000000e+000  
0.000000e+000  0.000000e+000  0.000000e+000  0.000000e+000  0.000000e+000  0.000000e+000  0.000000e+000  0.000000e+000  0.000000e+000  
0.000000e+000  0.000000e+000  0.000000e+000  0.000000e+000  0.000000e+000  0.000000e+000  0.000000e+000  0.000000e+000  0.000000e+000  
0.000000e+000  0.000000e+000  0.000000e+000  0.000000e+000  0.000000e+000  0.000000e+000  0.000000e+000  0.000000e+000  0.000000e+000  
0.000000e+000  0.000000e+000  0.000000e+000  0.000000e+000  0.000000e+000  0.000000e+000  0.000000e+000  0.000000e+000  0.000000e+000  
0.000000e+000  0.000000e+000  0.000000e+000  0.000000e+000  0.000000e+000  0.000000e+000  0.000000e+000  0.000000e+000  0.000000e+000  
0.000000e+000  0.000000e+000  0.000000e+000  0.000000e+000  0.000000e+000  0.000000e+000  0.000000e+000  0.000000e+000  0.000000e+000  
0.000000e+000  0.000000e+000  0.000000e+000  0.000000e+000  0.000000e+000  0.000000e+000  0.000000e+000  0.000000e+000  0.000000e+000  
0.000000e+000  0.000000e+000  0.000000e+000  0.000000e+000  0.000000e+000  0.000000e+000  0.000000e+000  0.000000e+000  0.000000e+000  
0.000000e+000  0.000000e+000  0.000000e+000  0.000000e+000  0.000000e+000  0.000000e+000  0.000000e+000  0.000000e+000  0.000000e+000  
0.000000e+000  0.000000e+000  0.000000e+000  0.000000e+000  0.000000e+000  0.000000e+000  0.000000e+000  0.000000e+000  0.000000e+000  
0.000000e+000  0.000000e+000  0.000000e+000  0.000000e+000  0.000000e+000  0.000000e+000  0.000000e+000  0.000000e+000  0.000000e+000  
0.000000e+000  0.000000e+000  0.000000e+000  0.000000e+000  0.000000e+000  0.000000e+000  0.000000e+000  0.000000e+000  0.000000e+000  
0.000000e+000  0.000000e+000  0.000000e+000  0.000000e+000  0.000000e+000  0.000000e+000  0.000000e+000  0.000000e+000  0.000000e+000  

0.000000e+000  0.000000e+000  0.000000e+000  0.000000e+000  0.000000e+000  0.000000e+000  0.000000e+000  0.000000e+000  0.000000e+000  
0.000000e+000  0.000000e+000  0.000000e+000  0.000000e+000  0.000000e+000  0.000000e+000  0.000000e+000  0.000000e+000  0.000000e+000  
0.000000e+000  0.000000e+000  0.000000e+000  0.000000e+000  0.000000e+000  0.000000e+000  0.000000e+000  0.000000e+000  0.000000e+000  
0.000000e+000  0.000000e+000  0.000000e+000  0.000000e+000  0.000000e+000  0.000000e+000  0.000000e+000  0.000000e+000  0.000000e+000  
0.000000e+000  0.000000e+000  0.000000e+000  0.000000e+000  0.000000e+000  0.000000e+000  0.000000e+000  0.000000e+000  0.000000e+000  
0.000000e+000  0.000000e+000  0.000000e+000  0.000000e+000  0.000000e+000  0.000000e+000  0.000000e+000  0.000000e+000  0.000000e+000  
0.000000e+000  0.000000e+000  0.000000e+000  0.000000e+000  0.000000e+000  0.000000e+000  0.000000e+000  0.000000e+000  0.000000e+000  
0.000000e+000  0.000000e+000  0.000000e+000  0.000000e+000  0.000000e+000  0.000000e+000  0.000000e+000  0.000000e+000  0.000000e+000  
0.000000e+000  0.000000e+000  0.000000e+000  0.000000e+000  0.000000e+000  0.000000e+000  0.000000e+000  0.000000e+000  0.000000e+000  
0.000000e+000  0.000000e+000  0.000000e+000  0.000000e+000  0.000000e+000  0.000000e+000  0.000000e+000  0.000000e+000  0.000000e+000  
0.000000e+000  0.000000e+000  0.000000e+000  0.000000e+000  0.000000e+000  0.000000e+000  0.000000e+000  0.000000e+000  0.000000e+000  
0.000000e+000  0.000000e+000  0.000000e+000  0.000000e+000  0.000000e+000  0.000000e+000  0.000000e+000  0.000000e+000  0.000000e+000  
0.000000e+000  0.000000e+000  0.000000e+000  0.000000e+000  0.000000e+000  0.000000e+000  0.000000e+000  0.000000e+000  0.000000e+000  
0.000000e+000  0.000000e+000  0.000000e+000  0.000000e+000  0.000000e+000  0.000000e+000  0.000000e+000  0.000000e+000  0.000000e+000  
0.000000e+000  0.000000e+000  0.000000e+000  0.000000e+000  0.000000e+000  0.000000e+000  0.000000e+000  0.000000e+000  0.000000e+000  
0.000000e+000  0.000000e+000  0.000000e+000  0.000000e+000  0.000000e+000  0.000000e+000  0.000000e+000  0.000000e+000  0.000000e+000  
0.000000e+000  0.000000e+000  0.000000e+000  0.000000e+000  0.000000e+000  0.000000e+000  0.000000e+000  0.000000e+000  0.000000e+000  
0.000000e+000  0.000000e+000  0.000000e+000  0.000000e+000  0.000000e+000  0.000000e+000  0.000000e+000  0.000000e+000  0.000000e+000  
0.000000e+000  0.000000e+000  0.000000e+000  0.000000e+000  0.000000e+000  0.000000e+000  0.000000e+000  0.000000e+000  0.000000e+000  
0.000000e+000  0.000000e+000  0.000000e+000  0.000000e+000  0.000000e+000  0.000000e+000  0.000000e+000  0.000000e+000  0.000000e+000  
0.000000e+000  0.000000e+000  0.000000e+000  0.000000e+000  0.000000e+000  0.000000e+000  0.000000e+000  0.000000e+000  0.000000e+000  
0.000000e+000  0.000000e+000  0.000000e+000  0.000000e+000  0.000000e+000  0.000000e+000  0.000000e+000  0.000000e+000  0.000000e+000  
0.000000e+000  0.000000e+000  0.000000e+000  0.000000e+000  0.000000e+000  0.000000e+000  0.000000e+000  0.000000e+000  0.000000e+000  

0.000000e+000  0.000000e+000  0.000000e+000  0.000000e+000  0.000000e+000  0.000000e+000  0.000000e+000  0.000000e+000  0.000000e+000  
0.000000e+000  0.000000e+000  0.000000e+000  0.000000e+000  0.000000e+000  0.000000e+000  0.000000e+000  0.000000e+000  0.000000e+000  
0.000000e+000  0.000000e+000  0.000000e+000  0.000000e+000  0.000000e+000  0.000000e+000  0.000000e+000  0.000000e+000  0.000000e+000  
0.000000e+000  0.000000e+000  0.000000e+000  0.000000e+000  0.000000e+000  0.000000e+000  0.000000e+000  0.000000e+000  0.000000e+000  
0.000000e+000  0.000000e+000  0.000000e+000  0.000000e+000  0.000000e+000  0.000000e+000  0.000000e+000  0.000000e+000  0.000000e+000  
0.000000e+000  0.000000e+000  0.000000e+000  0.000000e+000  0.000000e+000  0.000000e+000  0.000000e+000  0.000000e+000  0.000000e+000  
0.000000e+000  0.000000e+000  0.000000e+000  0.000000e+000  0.000000e+000  0.000000e+000  0.000000e+000  0.000000e+000  0.000000e+000  
0.000000e+000  0.000000e+000  0.000000e+000  0.000000e+000  0.000000e+000  0.000000e+000  0.000000e+000  0.000000e+000  0.000000e+000  
0.000000e+000  0.000000e+000  0.000000e+000  0.000000e+000  0.000000e+000  0.000000e+000  0.000000e+000  0.000000e+000  0.000000e+000  
0.000000e+000  0.000000e+000  0.000000e+000  0.000000e+000  0.000000e+000  0.000000e+000  0.000000e+000  0.000000e+000  0.000000e+000  
0.000000e+000  0.000000e+000  0.000000e+000  0.000000e+000  0.000000e+000  0.000000e+000  0.000000e+000  0.000000e+000  0.000000e+000  
0.000000e+000  0.000000e+000  0.000000e+000  0.000000e+000  0.000000e+000  0.000000e+000  0.000000e+000  0.000000e+000  0.000000e+000  
0.000000e+000  0.000000e+000  0.000000e+000  0.000000e+000  0.000000e+000  0.000000e+000  0.000000e+000  0.000000e+000  0.000000e+000  
0.000000e+000  0.000000e+000  0.000000e+000  0.000000e+000  0.000000e+000  0.000000e+000  0.000000e+000  0.000000e+000  0.000000e+000  
0.000000e+000  0.000000e+000  0.000000e+000  0.000000e+000  0.000000e+000  0.000000e+000  0.000000e+000  0.000000e+000  0.000000e+000  
0.000000e+000  0.000000e+000  0.000000e+000  0.000000e+000  0.000000e+000  0.000000e+000  0.000000e+000  0.000000e+000  0.000000e+000  
0.000000e+000  0.000000e+000  0.000000e+000  0.000000e+000  0.000000e+000  0.000000e+000  0.000000e+000  0.000000e+000  0.000000e+000  
0.000000e+000  0.000000e+000  0.000000e+000  0.000000e+000  0.000000e+000  0.000000e+000  0.000000e+000  0.000000e+000  0.000000e+000  
0.000000e+000  0.000000e+000  0.000000e+000  0.000000e+000  0.000000e+000  0.000000e+000  0.000000e+000  0.000000e+000  0.000000e+000  
0.000000e+000  0.000000e+000  0.000000e+000  0.000000e+000  0.000000e+000  0.000000e+000  0.000000e+000  0.000000e+000  0.000000e+000  
0.000000e+000  0.000000e+000  0.000000e+000  0.000000e+000  0.000000e+000  0.000000e+000  0.000000e+000  0.000000e+000  0.000000e+000  
0.000000e+000  0.000000e+000  0.000000e+000  0.000000e+000  0.000000e+000  0.000000e+000  0.000000e+000  0.000000e+000  0.000000e+000  
0.000000e+000  0.000000e+000  0.000000e+000  0.000000e+000  0.000000e+000  0.000000e+000  0.000000e+000  0.000000e+000  0.000000e+000  

5.999003e-001  5.886716e-001  5.625902e-001  5.197010e-001  4.712656e-001  4.104298e-001  3.443627e-001  3.056988e-001  -0.000000e+000  
6.057403e-001  5.941720e-001  5.667159e-001  5.229142e-001  4.733012e-001  4.111980e-001  3.441280e-001  3.050394e-001  -0.000000e+000  
6.525184e-001  6.384159e-001  6.045533e-001  5.500926e-001  4.901271e-001  4.173093e-001  3.419336e-001  2.993783e-001  -0.000000e+000  
7.031518e-001  6.871122e-001  6.459275e-001  5.784195e-001  5.065336e-001  4.221280e-001  3.384980e-001  2.927431e-001  -0.000000e+000  
7.448130e-001  7.272497e-001  6.799206e-001  6.014195e-001  5.196404e-001  4.257593e-001  3.355055e-001  2.872246e-001  -0.000000e+000  
8.428489e-001  8.225393e-001  7.590663e-001  6.513268e-001  5.452691e-001  4.300046e-001  3.264084e-001  2.735592e-001  -0.000000e+000  
9.736910e-001  9.521544e-001  8.637360e-001  7.103340e-001  5.704761e-001  4.287928e-001  3.112342e-001  2.544151e-001  -0.000000e+000  
1.093932e+000  1.076614e+000  9.602453e-001  7.552524e-001  5.830465e-001  4.201571e-001  2.940693e-001  2.357360e-001  -0.000000e+000  
1.235730e+000  1.229770e+000  1.075765e+000  8.016014e-001  5.905490e-001  4.049426e-001  2.714668e-001  2.125742e-001  -0.000000e+000  
1.452540e+000  1.515627e+000  1.270089e+000  8.343635e-001  5.603798e-001  3.527313e-001  2.213510e-001  1.675473e-001  -0.000000e+000  
1.479099e+000  1.770735e+000  1.379728e+000  7.321533e-001  4.370666e-001  2.514574e-001  1.484782e-001  1.091258e-001  -0.000000e+000  
5.945523e-001  6.719777e-001  5.051461e-001  2.862269e-001  1.694851e-001  9.422405e-002  5.380363e-002  3.885901e-002  -0.000000e+000  
-6.088301e-001  -6.872460e-001  -5.119456e-001  -2.898044e-001  -1.711134e-001  -9.462218e-002  -5.366373e-002  -3.858368e-002  -0.000000e+000  
-1.478226e+000  -1.773673e+000  -1.377649e+000  -7.285360e-001  -4.341363e-001  -2.493117e-001  -1.469340e-001  -1.078691e-001  -0.000000e+000  
-1.462055e+000  -1.530430e+000  -1.278549e+000  -8.332926e-001  -5.566281e-001  -3.487718e-001  -2.181838e-001  -1.649072e-001  -0.000000e+000  
-1.242360e+000  -1.237219e+000  -1.080900e+000  -8.028082e-001  -5.899101e-001  -4.035122e-001  -2.699937e-001  -2.112110e-001  -0.000000e+000  
-1.025394e+000  -1.004642e+000  -9.050217e-001  -7.311064e-001  -5.775361e-001  -4.261700e-001  -3.041851e-001  -2.463456e-001  -0.000000e+000  
-8.565386e-001  -8.360271e-001  -7.699926e-001  -6.576211e-001  -5.480530e-001  -4.299441e-001  -3.247339e-001  -2.713784e-001  -0.000000e+000  
-7.366960e-001  -7.193956e-001  -6.731690e-001  -5.967286e-001  -5.168656e-001  -4.248511e-001  -3.359009e-001  -2.881099e-001  -0.000000e+000  
-6.531461e-001  -6.388425e-001  -6.046831e-001  -5.499790e-001  -4.898717e-001  -4.169828e-001  -3.416186e-001  -2.990901e-001  -0.000000e+000  
-6.072821e-001  -5.948738e-001  -5.667185e-001  -5.227917e-001  -4.730921e-001  -4.109219e-001  -3.438356e-001  -3.047572e-001  -0.000000e+000  
-6.031669e-001  -5.900231e-001  -5.622726e-001  -5.195429e-001  -4.710575e-001  -4.101592e-001  -3.440730e-001  -3.054174e-001  -0.000000e+000  
-0.000000e+000  -0.000000e+000  -0.000000e+000  -0.000000e+000  -0.000000e+000  -0.000000e+000  -0.000000e+000  -0.000000e+000  -0.000000e+000  

