Port monitor named: Port2_e1.prt

nx        = 72
ny        = 71
nz        = 25

nu        = 9
nv        = 24
iu        = 10
iv        = 10

idir      = 1
dcut      = 3.000000e-002
icut      = 63
type      = 0
frequency = 3.500000e+009

fcutoff   = 0.000000e+000
alpha     = 0.000000e+000
beta      = 1.350836e+002
accuracy  = 2.402393e-014

type          = QTEM
wave imp.     = 2.052578e+002
wave imp.sig. = 0.000000e+000
line imp.     = 4.918690e+001

ref. port     = 0

0.000000e+000  0.000000e+000  0.000000e+000  0.000000e+000  0.000000e+000  0.000000e+000  0.000000e+000  0.000000e+000  0.000000e+000  
-2.789091e-001  -2.258334e+000  -1.310036e+001  -9.623461e+000  -6.967087e+000  -3.980753e+000  -1.340761e+000  -1.133147e-001  0.000000e+000  
-1.604701e+001  -1.511097e+001  -6.033656e+001  -4.930410e+001  -3.591913e+001  -2.026036e+001  -6.595356e+000  -3.246999e-001  0.000000e+000  
-3.479788e+001  -3.124170e+001  -1.182348e+002  -9.313977e+001  -6.482847e+001  -3.384578e+001  -9.040358e+000  1.619883e+000  0.000000e+000  
-3.843881e+001  -3.422461e+001  -1.280911e+002  -9.988262e+001  -6.873867e+001  -3.524472e+001  -8.946967e+000  2.198039e+000  0.000000e+000  
-6.593431e+001  -5.598100e+001  -1.955541e+002  -1.424221e+002  -9.056099e+001  -4.049990e+001  -5.983836e+000  7.238642e+000  0.000000e+000  
-1.176048e+002  -9.290901e+001  -2.873744e+002  -1.868343e+002  -1.043572e+002  -3.620641e+001  2.852626e+000  1.565480e+001  0.000000e+000  
-2.296475e+002  -1.648732e+002  -4.116581e+002  -2.202659e+002  -9.710647e+001  -1.596407e+001  1.905978e+001  2.751613e+001  0.000000e+000  
-5.007078e+002  -3.267429e+002  -5.563504e+002  -2.022835e+002  -4.378509e+001  2.753312e+001  4.295178e+001  4.200462e+001  0.000000e+000  
-6.019631e+002  -3.894860e+002  -5.719743e+002  -1.809124e+002  -2.405924e+001  3.891380e+001  4.814862e+001  4.486432e+001  0.000000e+000  
-8.716585e+002  -5.642717e+002  -5.812050e+002  -1.148982e+002  2.674762e+001  6.527193e+001  5.935420e+001  5.077077e+001  0.000000e+000  
-1.767783e+003  -1.275325e+003  -3.697394e+002  1.415003e+002  1.715249e+002  1.273337e+002  8.258042e+001  6.208561e+001  0.000000e+000  
-3.423950e+003  -3.959235e+003  1.519340e+003  6.477002e+002  3.520896e+002  1.881764e+002  1.024953e+002  7.105385e+001  0.000000e+000  
-4.305757e+003  -4.776383e+003  1.636833e+003  8.660498e+002  4.717396e+002  2.335079e+002  1.168958e+002  7.717266e+001  0.000000e+000  
-3.481373e+003  -3.925021e+003  1.477406e+003  6.729608e+002  3.674973e+002  1.939520e+002  1.043136e+002  7.180852e+001  0.000000e+000  
-1.404151e+003  -9.563838e+002  -5.142818e+002  3.197967e+001  1.207595e+002  1.092574e+002  7.663962e+001  5.936252e+001  0.000000e+000  
-5.574209e+002  -3.641877e+002  -5.591515e+002  -1.891581e+002  -3.350328e+001  3.331438e+001  4.568983e+001  4.356043e+001  0.000000e+000  
-2.421667e+002  -1.723634e+002  -4.156081e+002  -2.182611e+002  -9.460752e+001  -1.421253e+001  2.006266e+001  2.817376e+001  0.000000e+000  
-1.185154e+002  -9.319156e+001  -2.853801e+002  -1.848441e+002  -1.031589e+002  -3.579365e+001  2.919243e+000  1.564460e+001  0.000000e+000  
-6.408505e+001  -5.436926e+001  -1.897065e+002  -1.383856e+002  -8.830955e+001  -3.979006e+001  -6.066006e+000  6.945332e+000  0.000000e+000  
-3.603561e+001  -3.207890e+001  -1.200999e+002  -9.395201e+001  -6.494932e+001  -3.355166e+001  -8.666795e+000  1.954990e+000  0.000000e+000  
-1.720928e+001  -1.569794e+001  -6.096232e+001  -4.965927e+001  -3.602483e+001  -2.015206e+001  -6.408963e+000  -1.415740e-001  0.000000e+000  
-2.467684e+000  -2.800485e+000  -1.153520e+001  -9.507373e+000  -6.968745e+000  -3.960622e+000  -1.305493e+000  -7.799572e-002  0.000000e+000  
0.000000e+000  0.000000e+000  0.000000e+000  0.000000e+000  0.000000e+000  0.000000e+000  0.000000e+000  0.000000e+000  0.000000e+000  

0.000000e+000  1.225103e+001  2.011497e+001  -9.136283e+000  -2.656310e+001  -3.555184e+001  -3.516694e+001  -2.058723e+001  0.000000e+000  
0.000000e+000  4.907120e+000  1.105470e+001  -1.121571e+001  -2.813335e+001  -3.697301e+001  -3.611239e+001  -2.098461e+001  0.000000e+000  
0.000000e+000  4.273983e+000  9.636856e+000  -2.110072e+001  -4.084668e+001  -4.900919e+001  -4.400818e+001  -2.425550e+001  0.000000e+000  
0.000000e+000  1.697460e+000  5.516074e+000  -3.437030e+001  -5.644934e+001  -6.272600e+001  -5.220203e+001  -2.741182e+001  0.000000e+000  
0.000000e+000  -1.041228e+000  1.168864e+000  -4.729862e+001  -7.126781e+001  -7.550666e+001  -5.967659e+001  -3.024643e+001  0.000000e+000  
0.000000e+000  -1.379816e+001  -1.870554e+001  -9.046641e+001  -1.142527e+002  -1.084920e+002  -7.643618e+001  -3.591497e+001  0.000000e+000  
0.000000e+000  -4.853172e+001  -7.211726e+001  -1.748040e+002  -1.837914e+002  -1.537304e+002  -9.522876e+001  -4.119411e+001  0.000000e+000  
0.000000e+000  -1.448452e+002  -2.206341e+002  -3.395118e+002  -2.890939e+002  -2.076860e+002  -1.115037e+002  -4.418202e+001  0.000000e+000  
0.000000e+000  -3.038463e+002  -4.801541e+002  -5.245754e+002  -3.705449e+002  -2.354218e+002  -1.147615e+002  -4.313505e+001  0.000000e+000  
0.000000e+000  -4.001788e+002  -6.474342e+002  -6.257928e+002  -4.103219e+002  -2.473437e+002  -1.153788e+002  -4.227403e+001  0.000000e+000  
0.000000e+000  -6.835569e+002  -1.216297e+003  -8.707097e+002  -4.825000e+002  -2.609565e+002  -1.117330e+002  -3.896450e+001  0.000000e+000  
0.000000e+000  -1.293401e+003  -3.333051e+003  -1.230433e+003  -4.990587e+002  -2.320392e+002  -9.021506e+001  -2.986508e+001  0.000000e+000  
0.000000e+000  -4.555463e+002  0.000000e+000  -4.430317e+002  -2.286684e+002  -1.107982e+002  -4.142162e+001  -1.312283e+001  0.000000e+000  
0.000000e+000  4.272253e+002  0.000000e+000  3.910654e+002  2.010615e+002  9.794211e+001  3.695094e+001  1.182850e+001  0.000000e+000  
0.000000e+000  1.214142e+003  2.780331e+003  1.214633e+003  5.172713e+002  2.430223e+002  9.461455e+001  3.138146e+001  0.000000e+000  
0.000000e+000  4.759858e+002  7.976981e+002  7.019308e+002  4.390871e+002  2.566954e+002  1.163288e+002  4.181156e+001  0.000000e+000  
0.000000e+000  1.618557e+002  2.497511e+002  3.583482e+002  2.972424e+002  2.108575e+002  1.122576e+002  4.427453e+001  0.000000e+000  
0.000000e+000  5.163705e+001  7.703846e+001  1.784321e+002  1.853557e+002  1.543184e+002  9.544334e+001  4.128153e+001  0.000000e+000  
0.000000e+000  1.380581e+001  1.869696e+001  8.914407e+001  1.124860e+002  1.070051e+002  7.572292e+001  3.571850e+001  0.000000e+000  
0.000000e+000  6.066708e-001  -1.861495e+000  4.504957e+001  6.859467e+001  7.318640e+001  5.838379e+001  2.980311e+001  0.000000e+000  
0.000000e+000  -4.348482e+000  -9.686143e+000  2.203814e+001  4.207623e+001  5.014834e+001  4.476911e+001  2.459673e+001  0.000000e+000  
0.000000e+000  -6.065369e+000  -1.229571e+001  1.186095e+001  2.909024e+001  3.792234e+001  3.681630e+001  2.132396e+001  0.000000e+000  
0.000000e+000  -5.536892e+000  -1.231610e+001  1.074390e+001  2.759759e+001  3.648881e+001  3.586403e+001  2.092612e+001  0.000000e+000  
0.000000e+000  0.000000e+000  0.000000e+000  0.000000e+000  0.000000e+000  0.000000e+000  0.000000e+000  0.000000e+000  0.000000e+000  

0.000000e+000  0.000000e+000  0.000000e+000  0.000000e+000  0.000000e+000  0.000000e+000  0.000000e+000  0.000000e+000  0.000000e+000  
0.000000e+000  0.000000e+000  0.000000e+000  0.000000e+000  0.000000e+000  0.000000e+000  0.000000e+000  0.000000e+000  0.000000e+000  
0.000000e+000  0.000000e+000  0.000000e+000  0.000000e+000  0.000000e+000  0.000000e+000  0.000000e+000  0.000000e+000  0.000000e+000  
0.000000e+000  0.000000e+000  0.000000e+000  0.000000e+000  0.000000e+000  0.000000e+000  0.000000e+000  0.000000e+000  0.000000e+000  
0.000000e+000  0.000000e+000  0.000000e+000  0.000000e+000  0.000000e+000  0.000000e+000  0.000000e+000  0.000000e+000  0.000000e+000  
0.000000e+000  0.000000e+000  0.000000e+000  0.000000e+000  0.000000e+000  0.000000e+000  0.000000e+000  0.000000e+000  0.000000e+000  
0.000000e+000  0.000000e+000  0.000000e+000  0.000000e+000  0.000000e+000  0.000000e+000  0.000000e+000  0.000000e+000  0.000000e+000  
0.000000e+000  0.000000e+000  0.000000e+000  0.000000e+000  0.000000e+000  0.000000e+000  0.000000e+000  0.000000e+000  0.000000e+000  
0.000000e+000  0.000000e+000  0.000000e+000  0.000000e+000  0.000000e+000  0.000000e+000  0.000000e+000  0.000000e+000  0.000000e+000  
0.000000e+000  0.000000e+000  0.000000e+000  0.000000e+000  0.000000e+000  0.000000e+000  0.000000e+000  0.000000e+000  0.000000e+000  
0.000000e+000  0.000000e+000  0.000000e+000  0.000000e+000  0.000000e+000  0.000000e+000  0.000000e+000  0.000000e+000  0.000000e+000  
0.000000e+000  0.000000e+000  0.000000e+000  0.000000e+000  0.000000e+000  0.000000e+000  0.000000e+000  0.000000e+000  0.000000e+000  
0.000000e+000  0.000000e+000  0.000000e+000  0.000000e+000  0.000000e+000  0.000000e+000  0.000000e+000  0.000000e+000  0.000000e+000  
0.000000e+000  0.000000e+000  0.000000e+000  0.000000e+000  0.000000e+000  0.000000e+000  0.000000e+000  0.000000e+000  0.000000e+000  
0.000000e+000  0.000000e+000  0.000000e+000  0.000000e+000  0.000000e+000  0.000000e+000  0.000000e+000  0.000000e+000  0.000000e+000  
0.000000e+000  0.000000e+000  0.000000e+000  0.000000e+000  0.000000e+000  0.000000e+000  0.000000e+000  0.000000e+000  0.000000e+000  
0.000000e+000  0.000000e+000  0.000000e+000  0.000000e+000  0.000000e+000  0.000000e+000  0.000000e+000  0.000000e+000  0.000000e+000  
0.000000e+000  0.000000e+000  0.000000e+000  0.000000e+000  0.000000e+000  0.000000e+000  0.000000e+000  0.000000e+000  0.000000e+000  
0.000000e+000  0.000000e+000  0.000000e+000  0.000000e+000  0.000000e+000  0.000000e+000  0.000000e+000  0.000000e+000  0.000000e+000  
0.000000e+000  0.000000e+000  0.000000e+000  0.000000e+000  0.000000e+000  0.000000e+000  0.000000e+000  0.000000e+000  0.000000e+000  
0.000000e+000  0.000000e+000  0.000000e+000  0.000000e+000  0.000000e+000  0.000000e+000  0.000000e+000  0.000000e+000  0.000000e+000  
0.000000e+000  0.000000e+000  0.000000e+000  0.000000e+000  0.000000e+000  0.000000e+000  0.000000e+000  0.000000e+000  0.000000e+000  
0.000000e+000  0.000000e+000  0.000000e+000  0.000000e+000  0.000000e+000  0.000000e+000  0.000000e+000  0.000000e+000  0.000000e+000  
0.000000e+000  0.000000e+000  0.000000e+000  0.000000e+000  0.000000e+000  0.000000e+000  0.000000e+000  0.000000e+000  0.000000e+000  

0.000000e+000  0.000000e+000  0.000000e+000  0.000000e+000  0.000000e+000  0.000000e+000  0.000000e+000  0.000000e+000  0.000000e+000  
0.000000e+000  0.000000e+000  0.000000e+000  0.000000e+000  0.000000e+000  0.000000e+000  0.000000e+000  0.000000e+000  0.000000e+000  
0.000000e+000  0.000000e+000  0.000000e+000  0.000000e+000  0.000000e+000  0.000000e+000  0.000000e+000  0.000000e+000  0.000000e+000  
0.000000e+000  0.000000e+000  0.000000e+000  0.000000e+000  0.000000e+000  0.000000e+000  0.000000e+000  0.000000e+000  0.000000e+000  
0.000000e+000  0.000000e+000  0.000000e+000  0.000000e+000  0.000000e+000  0.000000e+000  0.000000e+000  0.000000e+000  0.000000e+000  
0.000000e+000  0.000000e+000  0.000000e+000  0.000000e+000  0.000000e+000  0.000000e+000  0.000000e+000  0.000000e+000  0.000000e+000  
0.000000e+000  0.000000e+000  0.000000e+000  0.000000e+000  0.000000e+000  0.000000e+000  0.000000e+000  0.000000e+000  0.000000e+000  
0.000000e+000  0.000000e+000  0.000000e+000  0.000000e+000  0.000000e+000  0.000000e+000  0.000000e+000  0.000000e+000  0.000000e+000  
0.000000e+000  0.000000e+000  0.000000e+000  0.000000e+000  0.000000e+000  0.000000e+000  0.000000e+000  0.000000e+000  0.000000e+000  
0.000000e+000  0.000000e+000  0.000000e+000  0.000000e+000  0.000000e+000  0.000000e+000  0.000000e+000  0.000000e+000  0.000000e+000  
0.000000e+000  0.000000e+000  0.000000e+000  0.000000e+000  0.000000e+000  0.000000e+000  0.000000e+000  0.000000e+000  0.000000e+000  
0.000000e+000  0.000000e+000  0.000000e+000  0.000000e+000  0.000000e+000  0.000000e+000  0.000000e+000  0.000000e+000  0.000000e+000  
0.000000e+000  0.000000e+000  0.000000e+000  0.000000e+000  0.000000e+000  0.000000e+000  0.000000e+000  0.000000e+000  0.000000e+000  
0.000000e+000  0.000000e+000  0.000000e+000  0.000000e+000  0.000000e+000  0.000000e+000  0.000000e+000  0.000000e+000  0.000000e+000  
0.000000e+000  0.000000e+000  0.000000e+000  0.000000e+000  0.000000e+000  0.000000e+000  0.000000e+000  0.000000e+000  0.000000e+000  
0.000000e+000  0.000000e+000  0.000000e+000  0.000000e+000  0.000000e+000  0.000000e+000  0.000000e+000  0.000000e+000  0.000000e+000  
0.000000e+000  0.000000e+000  0.000000e+000  0.000000e+000  0.000000e+000  0.000000e+000  0.000000e+000  0.000000e+000  0.000000e+000  
0.000000e+000  0.000000e+000  0.000000e+000  0.000000e+000  0.000000e+000  0.000000e+000  0.000000e+000  0.000000e+000  0.000000e+000  
0.000000e+000  0.000000e+000  0.000000e+000  0.000000e+000  0.000000e+000  0.000000e+000  0.000000e+000  0.000000e+000  0.000000e+000  
0.000000e+000  0.000000e+000  0.000000e+000  0.000000e+000  0.000000e+000  0.000000e+000  0.000000e+000  0.000000e+000  0.000000e+000  
0.000000e+000  0.000000e+000  0.000000e+000  0.000000e+000  0.000000e+000  0.000000e+000  0.000000e+000  0.000000e+000  0.000000e+000  
0.000000e+000  0.000000e+000  0.000000e+000  0.000000e+000  0.000000e+000  0.000000e+000  0.000000e+000  0.000000e+000  0.000000e+000  
0.000000e+000  0.000000e+000  0.000000e+000  0.000000e+000  0.000000e+000  0.000000e+000  0.000000e+000  0.000000e+000  0.000000e+000  
0.000000e+000  0.000000e+000  0.000000e+000  0.000000e+000  0.000000e+000  0.000000e+000  0.000000e+000  0.000000e+000  0.000000e+000  

0.000000e+000  0.000000e+000  0.000000e+000  0.000000e+000  0.000000e+000  0.000000e+000  0.000000e+000  0.000000e+000  0.000000e+000  
0.000000e+000  0.000000e+000  0.000000e+000  0.000000e+000  0.000000e+000  0.000000e+000  0.000000e+000  0.000000e+000  0.000000e+000  
0.000000e+000  0.000000e+000  0.000000e+000  0.000000e+000  0.000000e+000  0.000000e+000  0.000000e+000  0.000000e+000  0.000000e+000  
0.000000e+000  0.000000e+000  0.000000e+000  0.000000e+000  0.000000e+000  0.000000e+000  0.000000e+000  0.000000e+000  0.000000e+000  
0.000000e+000  0.000000e+000  0.000000e+000  0.000000e+000  0.000000e+000  0.000000e+000  0.000000e+000  0.000000e+000  0.000000e+000  
0.000000e+000  0.000000e+000  0.000000e+000  0.000000e+000  0.000000e+000  0.000000e+000  0.000000e+000  0.000000e+000  0.000000e+000  
0.000000e+000  0.000000e+000  0.000000e+000  0.000000e+000  0.000000e+000  0.000000e+000  0.000000e+000  0.000000e+000  0.000000e+000  
0.000000e+000  0.000000e+000  0.000000e+000  0.000000e+000  0.000000e+000  0.000000e+000  0.000000e+000  0.000000e+000  0.000000e+000  
0.000000e+000  0.000000e+000  0.000000e+000  0.000000e+000  0.000000e+000  0.000000e+000  0.000000e+000  0.000000e+000  0.000000e+000  
0.000000e+000  0.000000e+000  0.000000e+000  0.000000e+000  0.000000e+000  0.000000e+000  0.000000e+000  0.000000e+000  0.000000e+000  
0.000000e+000  0.000000e+000  0.000000e+000  0.000000e+000  0.000000e+000  0.000000e+000  0.000000e+000  0.000000e+000  0.000000e+000  
0.000000e+000  0.000000e+000  0.000000e+000  0.000000e+000  0.000000e+000  0.000000e+000  0.000000e+000  0.000000e+000  0.000000e+000  
0.000000e+000  0.000000e+000  0.000000e+000  0.000000e+000  0.000000e+000  0.000000e+000  0.000000e+000  0.000000e+000  0.000000e+000  
0.000000e+000  0.000000e+000  0.000000e+000  0.000000e+000  0.000000e+000  0.000000e+000  0.000000e+000  0.000000e+000  0.000000e+000  
0.000000e+000  0.000000e+000  0.000000e+000  0.000000e+000  0.000000e+000  0.000000e+000  0.000000e+000  0.000000e+000  0.000000e+000  
0.000000e+000  0.000000e+000  0.000000e+000  0.000000e+000  0.000000e+000  0.000000e+000  0.000000e+000  0.000000e+000  0.000000e+000  
0.000000e+000  0.000000e+000  0.000000e+000  0.000000e+000  0.000000e+000  0.000000e+000  0.000000e+000  0.000000e+000  0.000000e+000  
0.000000e+000  0.000000e+000  0.000000e+000  0.000000e+000  0.000000e+000  0.000000e+000  0.000000e+000  0.000000e+000  0.000000e+000  
0.000000e+000  0.000000e+000  0.000000e+000  0.000000e+000  0.000000e+000  0.000000e+000  0.000000e+000  0.000000e+000  0.000000e+000  
0.000000e+000  0.000000e+000  0.000000e+000  0.000000e+000  0.000000e+000  0.000000e+000  0.000000e+000  0.000000e+000  0.000000e+000  
0.000000e+000  0.000000e+000  0.000000e+000  0.000000e+000  0.000000e+000  0.000000e+000  0.000000e+000  0.000000e+000  0.000000e+000  
0.000000e+000  0.000000e+000  0.000000e+000  0.000000e+000  0.000000e+000  0.000000e+000  0.000000e+000  0.000000e+000  0.000000e+000  
0.000000e+000  0.000000e+000  0.000000e+000  0.000000e+000  0.000000e+000  0.000000e+000  0.000000e+000  0.000000e+000  0.000000e+000  
0.000000e+000  0.000000e+000  0.000000e+000  0.000000e+000  0.000000e+000  0.000000e+000  0.000000e+000  0.000000e+000  0.000000e+000  

0.000000e+000  0.000000e+000  0.000000e+000  0.000000e+000  0.000000e+000  0.000000e+000  0.000000e+000  0.000000e+000  0.000000e+000  
0.000000e+000  -1.440679e+000  -2.418946e+000  -1.924601e+000  -1.617266e+000  -1.306725e+000  -8.559855e-001  -3.966534e-001  0.000000e+000  
0.000000e+000  -5.537037e+000  -1.076974e+001  -9.843877e+000  -8.387209e+000  -6.767403e+000  -4.417853e+000  -2.043076e+000  0.000000e+000  
0.000000e+000  -1.063689e+001  -2.079154e+001  -1.866358e+001  -1.558912e+001  -1.236024e+001  -7.931208e+000  -3.634104e+000  0.000000e+000  
0.000000e+000  -1.148784e+001  -2.246064e+001  -2.004820e+001  -1.666245e+001  -1.316024e+001  -8.416057e+000  -3.849908e+000  0.000000e+000  
0.000000e+000  -1.721917e+001  -3.370174e+001  -2.895543e+001  -2.327503e+001  -1.791482e+001  -1.120564e+001  -5.072023e+000  0.000000e+000  
0.000000e+000  -2.463496e+001  -4.839175e+001  -3.922072e+001  -3.010148e+001  -2.242844e+001  -1.369541e+001  -6.138807e+000  0.000000e+000  
0.000000e+000  -3.402417e+001  -6.757699e+001  -5.024615e+001  -3.635864e+001  -2.615664e+001  -1.566254e+001  -6.985146e+000  0.000000e+000  
0.000000e+000  -4.429619e+001  -9.069457e+001  -5.947771e+001  -4.033928e+001  -2.828508e+001  -1.687767e+001  -7.561370e+000  0.000000e+000  
0.000000e+000  -4.563023e+001  -9.465491e+001  -6.025797e+001  -4.053384e+001  -2.842268e+001  -1.701378e+001  -7.640849e+000  0.000000e+000  
0.000000e+000  -4.734935e+001  -1.016891e+002  -6.060595e+001  -4.030322e+001  -2.842556e+001  -1.719689e+001  -7.773527e+000  0.000000e+000  
0.000000e+000  -4.240635e+001  -1.030638e+002  -5.385526e+001  -3.697470e+001  -2.733284e+001  -1.720536e+001  -7.923991e+000  0.000000e+000  
0.000000e+000  -8.719943e+000  0.000000e+000  -3.113819e+001  -3.039166e+001  -2.537973e+001  -1.693681e+001  -7.968088e+000  0.000000e+000  
0.000000e+000  -1.714099e+000  0.000000e+000  -2.036386e+001  -2.537165e+001  -2.349278e+001  -1.655141e+001  -7.938517e+000  0.000000e+000  
0.000000e+000  -6.739946e+000  0.000000e+000  -2.859914e+001  -2.907106e+001  -2.477738e+001  -1.672774e+001  -7.905891e+000  0.000000e+000  
0.000000e+000  -4.509768e+001  -1.042446e+002  -5.635233e+001  -3.770475e+001  -2.731008e+001  -1.700127e+001  -7.803501e+000  0.000000e+000  
0.000000e+000  -4.400223e+001  -9.106793e+001  -5.860262e+001  -3.964017e+001  -2.785147e+001  -1.668720e+001  -7.499191e+000  0.000000e+000  
0.000000e+000  -3.398012e+001  -6.772420e+001  -4.982303e+001  -3.591024e+001  -2.580972e+001  -1.546642e+001  -6.905635e+000  0.000000e+000  
0.000000e+000  -2.429167e+001  -4.777364e+001  -3.852922e+001  -2.950922e+001  -2.197320e+001  -1.342020e+001  -6.018442e+000  0.000000e+000  
0.000000e+000  -1.662216e+001  -3.255125e+001  -2.791115e+001  -2.242368e+001  -1.726158e+001  -1.080225e+001  -4.891487e+000  0.000000e+000  
0.000000e+000  -1.072028e+001  -2.097290e+001  -1.870781e+001  -1.555299e+001  -1.228985e+001  -7.863629e+000  -3.598316e+000  0.000000e+000  
0.000000e+000  -5.512009e+000  -1.077101e+001  -9.839856e+000  -8.367320e+000  -6.734949e+000  -4.384396e+000  -2.024353e+000  0.000000e+000  
0.000000e+000  -1.127103e+000  -2.063085e+000  -1.884489e+000  -1.609211e+000  -1.300294e+000  -8.496515e-001  -3.930761e-001  0.000000e+000  
0.000000e+000  0.000000e+000  0.000000e+000  0.000000e+000  0.000000e+000  0.000000e+000  0.000000e+000  0.000000e+000  0.000000e+000  

