Port monitor named: Port2_h1.prt

nx        = 72
ny        = 71
nz        = 25

nu        = 9
nv        = 24
iu        = 10
iv        = 10

idir      = 1
dcut      = 3.000000e-002
icut      = 63
type      = 1
frequency = 3.500000e+009

fcutoff   = 0.000000e+000
alpha     = 0.000000e+000
beta      = 1.350836e+002
accuracy  = 2.402393e-014

type          = QTEM
wave imp.     = 2.052578e+002
wave imp.sig. = 0.000000e+000
line imp.     = 4.918690e+001

ref. port     = 0

-0.000000e+000  -8.492784e-002  -1.448203e-001  -2.381148e-001  -2.924074e-001  -3.051311e-001  -2.579426e-001  -1.405040e-001  -0.000000e+000  
-0.000000e+000  -7.483418e-002  -1.474183e-001  -2.458695e-001  -3.008389e-001  -3.124637e-001  -2.624498e-001  -1.422945e-001  -0.000000e+000  
-0.000000e+000  -1.021375e-001  -1.946602e-001  -3.159110e-001  -3.734044e-001  -3.744867e-001  -2.998753e-001  -1.569468e-001  -0.000000e+000  
-0.000000e+000  -1.363274e-001  -2.567138e-001  -4.033337e-001  -4.583551e-001  -4.425817e-001  -3.375757e-001  -1.706710e-001  -0.000000e+000  
-0.000000e+000  -1.695436e-001  -3.168368e-001  -4.867856e-001  -5.381084e-001  -5.055155e-001  -3.717523e-001  -1.829164e-001  -0.000000e+000  
-0.000000e+000  -2.802351e-001  -5.129484e-001  -7.367646e-001  -7.543618e-001  -6.598384e-001  -4.450729e-001  -2.061681e-001  -0.000000e+000  
-0.000000e+000  -5.066429e-001  -9.030186e-001  -1.170831e+000  -1.077943e+000  -8.584348e-001  -5.219374e-001  -2.256479e-001  -0.000000e+000  
-0.000000e+000  -1.002769e+000  -1.741826e+000  -1.924475e+000  -1.527356e+000  -1.076274e+000  -5.799144e-001  -2.325027e-001  -0.000000e+000  
-0.000000e+000  -1.684199e+000  -2.937693e+000  -2.680570e+000  -1.840297e+000  -1.171299e+000  -5.812712e-001  -2.227039e-001  -0.000000e+000  
-0.000000e+000  -2.080553e+000  -3.673841e+000  -3.084156e+000  -1.989027e+000  -1.209263e+000  -5.772415e-001  -2.162442e-001  -0.000000e+000  
-0.000000e+000  -3.162465e+000  -5.995194e+000  -4.011884e+000  -2.238089e+000  -1.236055e+000  -5.464745e-001  -1.959093e-001  -0.000000e+000  
-0.000000e+000  -5.103365e+000  -1.365533e+001  -5.192505e+000  -2.201262e+000  -1.063568e+000  -4.312676e-001  -1.475809e-001  -0.000000e+000  
-0.000000e+000  -2.057771e+000  -0.000000e+000  -1.905687e+000  -9.966634e-001  -4.960780e-001  -1.931780e-001  -6.343305e-002  -0.000000e+000  
-0.000000e+000  1.967100e+000  -0.000000e+000  1.712920e+000  8.935750e-001  4.477663e-001  1.763683e-001  5.860663e-002  -0.000000e+000  
-0.000000e+000  4.893903e+000  1.159018e+001  5.184104e+000  2.294188e+000  1.119195e+000  4.550670e-001  1.561763e-001  -0.000000e+000  
-0.000000e+000  2.356422e+000  4.256883e+000  3.370075e+000  2.093800e+000  1.240074e+000  5.771568e-001  2.126403e-001  -0.000000e+000  
-0.000000e+000  1.063172e+000  1.854362e+000  1.989936e+000  1.554196e+000  1.086117e+000  5.818641e-001  2.325297e-001  -0.000000e+000  
-0.000000e+000  5.153508e-001  9.180264e-001  1.178713e+000  1.079769e+000  8.584540e-001  5.220755e-001  2.258686e-001  -0.000000e+000  
-0.000000e+000  2.756324e-001  5.045231e-001  7.239204e-001  7.421477e-001  6.509287e-001  4.411955e-001  2.051827e-001  -0.000000e+000  
-0.000000e+000  1.631401e-001  3.051326e-001  4.699843e-001  5.217693e-001  4.926773e-001  3.651421e-001  1.807784e-001  -0.000000e+000  
-0.000000e+000  1.043888e-001  1.987640e-001  3.216571e-001  3.790229e-001  3.791399e-001  3.027717e-001  1.582031e-001  -0.000000e+000  
-0.000000e+000  7.613341e-002  1.499674e-001  2.498942e-001  3.052309e-001  3.164765e-001  2.652363e-001  1.435879e-001  -0.000000e+000  
-0.000000e+000  8.622790e-002  1.471722e-001  2.419411e-001  2.966544e-001  3.090647e-001  2.607134e-001  1.418010e-001  -0.000000e+000  
-0.000000e+000  -0.000000e+000  -0.000000e+000  -0.000000e+000  -0.000000e+000  -0.000000e+000  -0.000000e+000  -0.000000e+000  -0.000000e+000  

-0.000000e+000  -0.000000e+000  -0.000000e+000  -0.000000e+000  -0.000000e+000  -0.000000e+000  -0.000000e+000  -0.000000e+000  -0.000000e+000  
4.744249e-002  5.528874e-002  5.119519e-002  3.905749e-002  2.598942e-002  1.173106e-002  4.225893e-005  -5.069146e-003  -0.000000e+000  
3.288953e-001  3.105541e-001  2.708836e-001  2.031669e-001  1.335013e-001  5.875517e-002  -1.426232e-003  -2.737591e-002  -0.000000e+000  
6.512326e-001  6.120359e-001  5.226734e-001  3.754176e-001  2.330164e-001  8.951221e-002  -1.672602e-002  -5.943610e-002  -0.000000e+000  
7.075205e-001  6.636242e-001  5.634624e-001  4.002918e-001  2.450300e-001  9.094745e-002  -2.099656e-002  -6.532150e-002  -0.000000e+000  
1.101166e+000  1.019195e+000  8.326062e-001  5.486242e-001  3.034364e-001  8.294765e-002  -5.770159e-002  -1.072857e-001  -0.000000e+000  
1.689176e+000  1.528737e+000  1.166499e+000  6.763887e-001  3.107948e-001  2.726371e-002  -1.210681e-001  -1.635482e-001  -0.000000e+000  
2.661557e+000  2.323610e+000  1.562053e+000  7.159444e-001  2.096587e-001  -1.018759e-001  -2.161798e-001  -2.335261e-001  -0.000000e+000  
4.451173e+000  3.695893e+000  1.908621e+000  4.916422e-001  -9.909836e-002  -3.301546e-001  -3.420249e-001  -3.125168e-001  -0.000000e+000  
5.006466e+000  4.121386e+000  1.902385e+000  3.719627e-001  -1.970011e-001  -3.858106e-001  -3.682307e-001  -3.276221e-001  -0.000000e+000  
6.402540e+000  5.216182e+000  1.773821e+000  3.424519e-002  -4.392873e-001  -5.115635e-001  -4.237203e-001  -3.583747e-001  -0.000000e+000  
1.055935e+001  8.977685e+000  5.290752e-001  -1.130174e+000  -1.088903e+000  -7.960524e-001  -5.352406e-001  -4.158163e-001  -0.000000e+000  
1.713122e+001  1.907445e+001  -6.839916e+000  -3.185452e+000  -1.851261e+000  -1.064581e+000  -6.281555e-001  -4.602796e-001  -0.000000e+000  
2.112475e+001  2.327017e+001  -7.458330e+000  -4.103301e+000  -2.354743e+000  -1.260425e+000  -6.935031e-001  -4.897701e-001  -0.000000e+000  
1.732236e+001  1.897054e+001  -6.682790e+000  -3.277278e+000  -1.907919e+000  -1.086071e+000  -6.349616e-001  -4.630869e-001  -0.000000e+000  
8.903599e+000  7.350328e+000  1.269812e+000  -6.407216e-001  -8.603089e-001  -7.108010e-001  -5.050160e-001  -4.007973e-001  -0.000000e+000  
4.715099e+000  3.909114e+000  1.889882e+000  4.320551e-001  -1.424605e-001  -3.542459e-001  -3.535903e-001  -3.192403e-001  -0.000000e+000  
2.720760e+000  2.368874e+000  1.566546e+000  7.054880e-001  2.000793e-001  -1.078523e-001  -2.194290e-001  -2.356135e-001  -0.000000e+000  
1.678099e+000  1.517687e+000  1.154844e+000  6.692381e-001  3.084966e-001  2.833252e-002  -1.191987e-001  -1.617920e-001  -0.000000e+000  
1.065122e+000  9.862810e-001  8.067810e-001  5.339047e-001  2.975771e-001  8.376138e-002  -5.414072e-002  -1.032926e-001  -0.000000e+000  
6.610546e-001  6.205601e-001  5.282274e-001  3.773007e-001  2.327172e-001  8.812265e-002  -1.810137e-002  -6.056681e-002  -0.000000e+000  
3.334446e-001  3.146127e-001  2.738051e-001  2.044908e-001  1.336916e-001  5.820857e-002  -2.128468e-003  -2.800564e-002  -0.000000e+000  
4.811206e-002  5.602617e-002  5.174657e-002  3.932272e-002  2.603972e-002  1.163433e-002  -9.106255e-005  -5.191077e-003  -0.000000e+000  
-0.000000e+000  -0.000000e+000  -0.000000e+000  -0.000000e+000  -0.000000e+000  -0.000000e+000  -0.000000e+000  -0.000000e+000  -0.000000e+000  

0.000000e+000  0.000000e+000  0.000000e+000  0.000000e+000  0.000000e+000  0.000000e+000  0.000000e+000  0.000000e+000  0.000000e+000  
0.000000e+000  0.000000e+000  0.000000e+000  0.000000e+000  0.000000e+000  0.000000e+000  0.000000e+000  0.000000e+000  0.000000e+000  
0.000000e+000  0.000000e+000  0.000000e+000  0.000000e+000  0.000000e+000  0.000000e+000  0.000000e+000  0.000000e+000  0.000000e+000  
0.000000e+000  0.000000e+000  0.000000e+000  0.000000e+000  0.000000e+000  0.000000e+000  0.000000e+000  0.000000e+000  0.000000e+000  
0.000000e+000  0.000000e+000  0.000000e+000  0.000000e+000  0.000000e+000  0.000000e+000  0.000000e+000  0.000000e+000  0.000000e+000  
0.000000e+000  0.000000e+000  0.000000e+000  0.000000e+000  0.000000e+000  0.000000e+000  0.000000e+000  0.000000e+000  0.000000e+000  
0.000000e+000  0.000000e+000  0.000000e+000  0.000000e+000  0.000000e+000  0.000000e+000  0.000000e+000  0.000000e+000  0.000000e+000  
0.000000e+000  0.000000e+000  0.000000e+000  0.000000e+000  0.000000e+000  0.000000e+000  0.000000e+000  0.000000e+000  0.000000e+000  
0.000000e+000  0.000000e+000  0.000000e+000  0.000000e+000  0.000000e+000  0.000000e+000  0.000000e+000  0.000000e+000  0.000000e+000  
0.000000e+000  0.000000e+000  0.000000e+000  0.000000e+000  0.000000e+000  0.000000e+000  0.000000e+000  0.000000e+000  0.000000e+000  
0.000000e+000  0.000000e+000  0.000000e+000  0.000000e+000  0.000000e+000  0.000000e+000  0.000000e+000  0.000000e+000  0.000000e+000  
0.000000e+000  0.000000e+000  0.000000e+000  0.000000e+000  0.000000e+000  0.000000e+000  0.000000e+000  0.000000e+000  0.000000e+000  
0.000000e+000  0.000000e+000  0.000000e+000  0.000000e+000  0.000000e+000  0.000000e+000  0.000000e+000  0.000000e+000  0.000000e+000  
0.000000e+000  0.000000e+000  0.000000e+000  0.000000e+000  0.000000e+000  0.000000e+000  0.000000e+000  0.000000e+000  0.000000e+000  
0.000000e+000  0.000000e+000  0.000000e+000  0.000000e+000  0.000000e+000  0.000000e+000  0.000000e+000  0.000000e+000  0.000000e+000  
0.000000e+000  0.000000e+000  0.000000e+000  0.000000e+000  0.000000e+000  0.000000e+000  0.000000e+000  0.000000e+000  0.000000e+000  
0.000000e+000  0.000000e+000  0.000000e+000  0.000000e+000  0.000000e+000  0.000000e+000  0.000000e+000  0.000000e+000  0.000000e+000  
0.000000e+000  0.000000e+000  0.000000e+000  0.000000e+000  0.000000e+000  0.000000e+000  0.000000e+000  0.000000e+000  0.000000e+000  
0.000000e+000  0.000000e+000  0.000000e+000  0.000000e+000  0.000000e+000  0.000000e+000  0.000000e+000  0.000000e+000  0.000000e+000  
0.000000e+000  0.000000e+000  0.000000e+000  0.000000e+000  0.000000e+000  0.000000e+000  0.000000e+000  0.000000e+000  0.000000e+000  
0.000000e+000  0.000000e+000  0.000000e+000  0.000000e+000  0.000000e+000  0.000000e+000  0.000000e+000  0.000000e+000  0.000000e+000  
0.000000e+000  0.000000e+000  0.000000e+000  0.000000e+000  0.000000e+000  0.000000e+000  0.000000e+000  0.000000e+000  0.000000e+000  
0.000000e+000  0.000000e+000  0.000000e+000  0.000000e+000  0.000000e+000  0.000000e+000  0.000000e+000  0.000000e+000  0.000000e+000  
0.000000e+000  0.000000e+000  0.000000e+000  0.000000e+000  0.000000e+000  0.000000e+000  0.000000e+000  0.000000e+000  0.000000e+000  

0.000000e+000  0.000000e+000  0.000000e+000  0.000000e+000  0.000000e+000  0.000000e+000  0.000000e+000  0.000000e+000  0.000000e+000  
0.000000e+000  0.000000e+000  0.000000e+000  0.000000e+000  0.000000e+000  0.000000e+000  0.000000e+000  0.000000e+000  0.000000e+000  
0.000000e+000  0.000000e+000  0.000000e+000  0.000000e+000  0.000000e+000  0.000000e+000  0.000000e+000  0.000000e+000  0.000000e+000  
0.000000e+000  0.000000e+000  0.000000e+000  0.000000e+000  0.000000e+000  0.000000e+000  0.000000e+000  0.000000e+000  0.000000e+000  
0.000000e+000  0.000000e+000  0.000000e+000  0.000000e+000  0.000000e+000  0.000000e+000  0.000000e+000  0.000000e+000  0.000000e+000  
0.000000e+000  0.000000e+000  0.000000e+000  0.000000e+000  0.000000e+000  0.000000e+000  0.000000e+000  0.000000e+000  0.000000e+000  
0.000000e+000  0.000000e+000  0.000000e+000  0.000000e+000  0.000000e+000  0.000000e+000  0.000000e+000  0.000000e+000  0.000000e+000  
0.000000e+000  0.000000e+000  0.000000e+000  0.000000e+000  0.000000e+000  0.000000e+000  0.000000e+000  0.000000e+000  0.000000e+000  
0.000000e+000  0.000000e+000  0.000000e+000  0.000000e+000  0.000000e+000  0.000000e+000  0.000000e+000  0.000000e+000  0.000000e+000  
0.000000e+000  0.000000e+000  0.000000e+000  0.000000e+000  0.000000e+000  0.000000e+000  0.000000e+000  0.000000e+000  0.000000e+000  
0.000000e+000  0.000000e+000  0.000000e+000  0.000000e+000  0.000000e+000  0.000000e+000  0.000000e+000  0.000000e+000  0.000000e+000  
0.000000e+000  0.000000e+000  0.000000e+000  0.000000e+000  0.000000e+000  0.000000e+000  0.000000e+000  0.000000e+000  0.000000e+000  
0.000000e+000  0.000000e+000  0.000000e+000  0.000000e+000  0.000000e+000  0.000000e+000  0.000000e+000  0.000000e+000  0.000000e+000  
0.000000e+000  0.000000e+000  0.000000e+000  0.000000e+000  0.000000e+000  0.000000e+000  0.000000e+000  0.000000e+000  0.000000e+000  
0.000000e+000  0.000000e+000  0.000000e+000  0.000000e+000  0.000000e+000  0.000000e+000  0.000000e+000  0.000000e+000  0.000000e+000  
0.000000e+000  0.000000e+000  0.000000e+000  0.000000e+000  0.000000e+000  0.000000e+000  0.000000e+000  0.000000e+000  0.000000e+000  
0.000000e+000  0.000000e+000  0.000000e+000  0.000000e+000  0.000000e+000  0.000000e+000  0.000000e+000  0.000000e+000  0.000000e+000  
0.000000e+000  0.000000e+000  0.000000e+000  0.000000e+000  0.000000e+000  0.000000e+000  0.000000e+000  0.000000e+000  0.000000e+000  
0.000000e+000  0.000000e+000  0.000000e+000  0.000000e+000  0.000000e+000  0.000000e+000  0.000000e+000  0.000000e+000  0.000000e+000  
0.000000e+000  0.000000e+000  0.000000e+000  0.000000e+000  0.000000e+000  0.000000e+000  0.000000e+000  0.000000e+000  0.000000e+000  
0.000000e+000  0.000000e+000  0.000000e+000  0.000000e+000  0.000000e+000  0.000000e+000  0.000000e+000  0.000000e+000  0.000000e+000  
0.000000e+000  0.000000e+000  0.000000e+000  0.000000e+000  0.000000e+000  0.000000e+000  0.000000e+000  0.000000e+000  0.000000e+000  
0.000000e+000  0.000000e+000  0.000000e+000  0.000000e+000  0.000000e+000  0.000000e+000  0.000000e+000  0.000000e+000  0.000000e+000  
0.000000e+000  0.000000e+000  0.000000e+000  0.000000e+000  0.000000e+000  0.000000e+000  0.000000e+000  0.000000e+000  0.000000e+000  

0.000000e+000  0.000000e+000  0.000000e+000  0.000000e+000  0.000000e+000  0.000000e+000  0.000000e+000  0.000000e+000  0.000000e+000  
0.000000e+000  0.000000e+000  0.000000e+000  0.000000e+000  0.000000e+000  0.000000e+000  0.000000e+000  0.000000e+000  0.000000e+000  
0.000000e+000  0.000000e+000  0.000000e+000  0.000000e+000  0.000000e+000  0.000000e+000  0.000000e+000  0.000000e+000  0.000000e+000  
0.000000e+000  0.000000e+000  0.000000e+000  0.000000e+000  0.000000e+000  0.000000e+000  0.000000e+000  0.000000e+000  0.000000e+000  
0.000000e+000  0.000000e+000  0.000000e+000  0.000000e+000  0.000000e+000  0.000000e+000  0.000000e+000  0.000000e+000  0.000000e+000  
0.000000e+000  0.000000e+000  0.000000e+000  0.000000e+000  0.000000e+000  0.000000e+000  0.000000e+000  0.000000e+000  0.000000e+000  
0.000000e+000  0.000000e+000  0.000000e+000  0.000000e+000  0.000000e+000  0.000000e+000  0.000000e+000  0.000000e+000  0.000000e+000  
0.000000e+000  0.000000e+000  0.000000e+000  0.000000e+000  0.000000e+000  0.000000e+000  0.000000e+000  0.000000e+000  0.000000e+000  
0.000000e+000  0.000000e+000  0.000000e+000  0.000000e+000  0.000000e+000  0.000000e+000  0.000000e+000  0.000000e+000  0.000000e+000  
0.000000e+000  0.000000e+000  0.000000e+000  0.000000e+000  0.000000e+000  0.000000e+000  0.000000e+000  0.000000e+000  0.000000e+000  
0.000000e+000  0.000000e+000  0.000000e+000  0.000000e+000  0.000000e+000  0.000000e+000  0.000000e+000  0.000000e+000  0.000000e+000  
0.000000e+000  0.000000e+000  0.000000e+000  0.000000e+000  0.000000e+000  0.000000e+000  0.000000e+000  0.000000e+000  0.000000e+000  
0.000000e+000  0.000000e+000  0.000000e+000  0.000000e+000  0.000000e+000  0.000000e+000  0.000000e+000  0.000000e+000  0.000000e+000  
0.000000e+000  0.000000e+000  0.000000e+000  0.000000e+000  0.000000e+000  0.000000e+000  0.000000e+000  0.000000e+000  0.000000e+000  
0.000000e+000  0.000000e+000  0.000000e+000  0.000000e+000  0.000000e+000  0.000000e+000  0.000000e+000  0.000000e+000  0.000000e+000  
0.000000e+000  0.000000e+000  0.000000e+000  0.000000e+000  0.000000e+000  0.000000e+000  0.000000e+000  0.000000e+000  0.000000e+000  
0.000000e+000  0.000000e+000  0.000000e+000  0.000000e+000  0.000000e+000  0.000000e+000  0.000000e+000  0.000000e+000  0.000000e+000  
0.000000e+000  0.000000e+000  0.000000e+000  0.000000e+000  0.000000e+000  0.000000e+000  0.000000e+000  0.000000e+000  0.000000e+000  
0.000000e+000  0.000000e+000  0.000000e+000  0.000000e+000  0.000000e+000  0.000000e+000  0.000000e+000  0.000000e+000  0.000000e+000  
0.000000e+000  0.000000e+000  0.000000e+000  0.000000e+000  0.000000e+000  0.000000e+000  0.000000e+000  0.000000e+000  0.000000e+000  
0.000000e+000  0.000000e+000  0.000000e+000  0.000000e+000  0.000000e+000  0.000000e+000  0.000000e+000  0.000000e+000  0.000000e+000  
0.000000e+000  0.000000e+000  0.000000e+000  0.000000e+000  0.000000e+000  0.000000e+000  0.000000e+000  0.000000e+000  0.000000e+000  
0.000000e+000  0.000000e+000  0.000000e+000  0.000000e+000  0.000000e+000  0.000000e+000  0.000000e+000  0.000000e+000  0.000000e+000  
0.000000e+000  0.000000e+000  0.000000e+000  0.000000e+000  0.000000e+000  0.000000e+000  0.000000e+000  0.000000e+000  0.000000e+000  

5.937943e-001  5.827081e-001  5.569624e-001  5.146332e-001  4.668143e-001  4.067324e-001  3.414545e-001  3.032391e-001  -0.000000e+000  
5.995662e-001  5.881296e-001  5.610217e-001  5.177973e-001  4.688177e-001  4.074853e-001  3.412170e-001  3.025818e-001  -0.000000e+000  
6.456713e-001  6.317163e-001  5.982871e-001  5.445638e-001  4.853775e-001  4.134731e-001  3.390017e-001  2.969399e-001  -0.000000e+000  
6.955861e-001  6.796950e-001  6.390396e-001  5.724647e-001  5.015249e-001  4.181848e-001  3.355590e-001  2.903337e-001  -0.000000e+000  
7.418541e-001  7.242427e-001  6.767550e-001  5.979832e-001  5.160552e-001  4.221815e-001  3.321847e-001  2.841458e-001  -0.000000e+000  
8.584983e-001  8.376324e-001  7.705747e-001  6.564719e-001  5.455095e-001  4.263671e-001  3.208855e-001  2.676466e-001  -0.000000e+000  
1.019715e+000  9.980907e-001  8.987278e-001  7.258202e-001  5.728296e-001  4.221210e-001  3.009614e-001  2.436294e-001  -0.000000e+000  
1.226025e+000  1.216526e+000  1.063747e+000  7.936977e-001  5.847011e-001  4.008458e-001  2.688142e-001  2.106037e-001  -0.000000e+000  
1.356902e+000  1.382294e+000  1.176148e+000  8.140175e-001  5.682259e-001  3.713441e-001  2.403642e-001  1.850120e-001  -0.000000e+000  
1.417310e+000  1.465623e+000  1.230216e+000  8.195947e-001  5.566049e-001  3.548056e-001  2.253752e-001  1.718225e-001  -0.000000e+000  
1.508182e+000  1.633004e+000  1.325050e+000  8.062850e-001  5.160056e-001  3.125097e-001  1.911148e-001  1.429289e-001  -0.000000e+000  
1.426272e+000  1.757611e+000  1.324527e+000  6.811690e-001  4.023109e-001  2.297697e-001  1.348920e-001  9.884782e-002  -0.000000e+000  
6.672342e-001  7.558018e-001  5.393710e-001  3.009361e-001  1.754129e-001  9.581105e-002  5.377167e-002  3.842146e-002  -0.000000e+000  
-5.629849e-001  -6.420199e-001  -4.938057e-001  -2.775494e-001  -1.639367e-001  -9.138243e-002  -5.260788e-002  -3.827857e-002  -0.000000e+000  
-1.456060e+000  -1.755934e+000  -1.365147e+000  -7.190846e-001  -4.276802e-001  -2.457215e-001  -1.453452e-001  -1.070908e-001  -0.000000e+000  
-1.449817e+000  -1.520062e+000  -1.269956e+000  -8.261834e-001  -5.512803e-001  -3.453798e-001  -2.164073e-001  -1.638674e-001  -0.000000e+000  
-1.234710e+000  -1.230295e+000  -1.074733e+000  -7.974742e-001  -5.856372e-001  -4.005345e-001  -2.682311e-001  -2.100572e-001  -0.000000e+000  
-1.020164e+000  -9.997180e-001  -9.004791e-001  -7.270723e-001  -5.741624e-001  -4.236498e-001  -3.025441e-001  -2.451795e-001  -0.000000e+000  
-8.527454e-001  -8.323821e-001  -7.665683e-001  -6.545237e-001  -5.453806e-001  -4.278395e-001  -3.232553e-001  -2.702585e-001  -0.000000e+000  
-7.338093e-001  -7.165934e-001  -6.705090e-001  -5.942888e-001  -5.147103e-001  -4.230833e-001  -3.345815e-001  -2.870595e-001  -0.000000e+000  
-6.508615e-001  -6.366124e-001  -6.025518e-001  -5.480014e-001  -4.880914e-001  -4.154744e-001  -3.404362e-001  -2.981108e-001  -0.000000e+000  
-6.053221e-001  -5.929545e-001  -5.648772e-001  -5.210704e-001  -4.715239e-001  -4.095657e-001  -3.427394e-001  -3.038268e-001  -0.000000e+000  
-6.012360e-001  -5.881382e-001  -5.604652e-001  -5.178520e-001  -4.695145e-001  -4.088213e-001  -3.429872e-001  -3.044931e-001  -0.000000e+000  
-0.000000e+000  -0.000000e+000  -0.000000e+000  -0.000000e+000  -0.000000e+000  -0.000000e+000  -0.000000e+000  -0.000000e+000  -0.000000e+000  

