Unknown:
D:\FINAL YEAR PROJECT\4_Port_MIMO_Sub_6_GHZ_CP_Antenna\New Design\Design_9\Antenna_Design_12\Result\3d.slm
D:\FINAL YEAR PROJECT\4_Port_MIMO_Sub_6_GHZ_CP_Antenna\New Design\Design_9\Antenna_Design_12\Result\adapt_Port1_e1.prt
D:\FINAL YEAR PROJECT\4_Port_MIMO_Sub_6_GHZ_CP_Antenna\New Design\Design_9\Antenna_Design_12\Result\adapt_Port1_h1.prt
D:\FINAL YEAR PROJECT\4_Port_MIMO_Sub_6_GHZ_CP_Antenna\New Design\Design_9\Antenna_Design_12\Result\adapt_Port2_e1.prt
D:\FINAL YEAR PROJECT\4_Port_MIMO_Sub_6_GHZ_CP_Antenna\New Design\Design_9\Antenna_Design_12\Result\adapt_Port2_h1.prt
D:\FINAL YEAR PROJECT\4_Port_MIMO_Sub_6_GHZ_CP_Antenna\New Design\Design_9\Antenna_Design_12\Result\adapt_Port3_e1.prt
D:\FINAL YEAR PROJECT\4_Port_MIMO_Sub_6_GHZ_CP_Antenna\New Design\Design_9\Antenna_Design_12\Result\adapt_Port3_h1.prt
D:\FINAL YEAR PROJECT\4_Port_MIMO_Sub_6_GHZ_CP_Antenna\New Design\Design_9\Antenna_Design_12\Result\adapt_Port4_e1.prt
D:\FINAL YEAR PROJECT\4_Port_MIMO_Sub_6_GHZ_CP_Antenna\New Design\Design_9\Antenna_Design_12\Result\adapt_Port4_h1.prt
D:\FINAL YEAR PROJECT\4_Port_MIMO_Sub_6_GHZ_CP_Antenna\New Design\Design_9\Antenna_Design_12\Result\farfield (broadband)1D_1.ffp
D:\FINAL YEAR PROJECT\4_Port_MIMO_Sub_6_GHZ_CP_Antenna\New Design\Design_9\Antenna_Design_12\Result\farfield (broadband)_1.ffb
D:\FINAL YEAR PROJECT\4_Port_MIMO_Sub_6_GHZ_CP_Antenna\New Design\Design_9\Antenna_Design_12\Result\farfield (broadband)_1_buffer1.ffp
D:\FINAL YEAR PROJECT\4_Port_MIMO_Sub_6_GHZ_CP_Antenna\New Design\Design_9\Antenna_Design_12\Result\farfield (broadband)_1_buffer10.ffp
D:\FINAL YEAR PROJECT\4_Port_MIMO_Sub_6_GHZ_CP_Antenna\New Design\Design_9\Antenna_Design_12\Result\farfield (broadband)_1_buffer11.ffp
D:\FINAL YEAR PROJECT\4_Port_MIMO_Sub_6_GHZ_CP_Antenna\New Design\Design_9\Antenna_Design_12\Result\farfield (broadband)_1_buffer12.ffp
D:\FINAL YEAR PROJECT\4_Port_MIMO_Sub_6_GHZ_CP_Antenna\New Design\Design_9\Antenna_Design_12\Result\farfield (broadband)_1_buffer13.ffp
D:\FINAL YEAR PROJECT\4_Port_MIMO_Sub_6_GHZ_CP_Antenna\New Design\Design_9\Antenna_Design_12\Result\farfield (broadband)_1_buffer14.ffp
D:\FINAL YEAR PROJECT\4_Port_MIMO_Sub_6_GHZ_CP_Antenna\New Design\Design_9\Antenna_Design_12\Result\farfield (broadband)_1_buffer15.ffp
D:\FINAL YEAR PROJECT\4_Port_MIMO_Sub_6_GHZ_CP_Antenna\New Design\Design_9\Antenna_Design_12\Result\farfield (broadband)_1_buffer16.ffp
D:\FINAL YEAR PROJECT\4_Port_MIMO_Sub_6_GHZ_CP_Antenna\New Design\Design_9\Antenna_Design_12\Result\farfield (broadband)_1_buffer17.ffp
D:\FINAL YEAR PROJECT\4_Port_MIMO_Sub_6_GHZ_CP_Antenna\New Design\Design_9\Antenna_Design_12\Result\farfield (broadband)_1_buffer18.ffp
D:\FINAL YEAR PROJECT\4_Port_MIMO_Sub_6_GHZ_CP_Antenna\New Design\Design_9\Antenna_Design_12\Result\farfield (broadband)_1_buffer19.ffp
D:\FINAL YEAR PROJECT\4_Port_MIMO_Sub_6_GHZ_CP_Antenna\New Design\Design_9\Antenna_Design_12\Result\farfield (broadband)_1_buffer2.ffp
D:\FINAL YEAR PROJECT\4_Port_MIMO_Sub_6_GHZ_CP_Antenna\New Design\Design_9\Antenna_Design_12\Result\farfield (broadband)_1_buffer20.ffp
D:\FINAL YEAR PROJECT\4_Port_MIMO_Sub_6_GHZ_CP_Antenna\New Design\Design_9\Antenna_Design_12\Result\farfield (broadband)_1_buffer3.ffp
D:\FINAL YEAR PROJECT\4_Port_MIMO_Sub_6_GHZ_CP_Antenna\New Design\Design_9\Antenna_Design_12\Result\farfield (broadband)_1_buffer4.ffp
D:\FINAL YEAR PROJECT\4_Port_MIMO_Sub_6_GHZ_CP_Antenna\New Design\Design_9\Antenna_Design_12\Result\farfield (broadband)_1_buffer5.ffp
D:\FINAL YEAR PROJECT\4_Port_MIMO_Sub_6_GHZ_CP_Antenna\New Design\Design_9\Antenna_Design_12\Result\farfield (broadband)_1_buffer6.ffp
D:\FINAL YEAR PROJECT\4_Port_MIMO_Sub_6_GHZ_CP_Antenna\New Design\Design_9\Antenna_Design_12\Result\farfield (broadband)_1_buffer7.ffp
D:\FINAL YEAR PROJECT\4_Port_MIMO_Sub_6_GHZ_CP_Antenna\New Design\Design_9\Antenna_Design_12\Result\farfield (broadband)_1_buffer8.ffp
D:\FINAL YEAR PROJECT\4_Port_MIMO_Sub_6_GHZ_CP_Antenna\New Design\Design_9\Antenna_Design_12\Result\farfield (broadband)_1_buffer9.ffp
D:\FINAL YEAR PROJECT\4_Port_MIMO_Sub_6_GHZ_CP_Antenna\New Design\Design_9\Antenna_Design_12\Result\MCalc.ddi
D:\FINAL YEAR PROJECT\4_Port_MIMO_Sub_6_GHZ_CP_Antenna\New Design\Design_9\Antenna_Design_12\Result\MCalc.log
D:\FINAL YEAR PROJECT\4_Port_MIMO_Sub_6_GHZ_CP_Antenna\New Design\Design_9\Antenna_Design_12\Result\Model.axg
D:\FINAL YEAR PROJECT\4_Port_MIMO_Sub_6_GHZ_CP_Antenna\New Design\Design_9\Antenna_Design_12\Result\Model.ddi
D:\FINAL YEAR PROJECT\4_Port_MIMO_Sub_6_GHZ_CP_Antenna\New Design\Design_9\Antenna_Design_12\Result\Model.elg
D:\FINAL YEAR PROJECT\4_Port_MIMO_Sub_6_GHZ_CP_Antenna\New Design\Design_9\Antenna_Design_12\Result\Model.inf
D:\FINAL YEAR PROJECT\4_Port_MIMO_Sub_6_GHZ_CP_Antenna\New Design\Design_9\Antenna_Design_12\Result\Model.log
D:\FINAL YEAR PROJECT\4_Port_MIMO_Sub_6_GHZ_CP_Antenna\New Design\Design_9\Antenna_Design_12\Result\Model.pmi
D:\FINAL YEAR PROJECT\4_Port_MIMO_Sub_6_GHZ_CP_Antenna\New Design\Design_9\Antenna_Design_12\Result\Model.sa
D:\FINAL YEAR PROJECT\4_Port_MIMO_Sub_6_GHZ_CP_Antenna\New Design\Design_9\Antenna_Design_12\Result\m^fb.dsc
D:\FINAL YEAR PROJECT\4_Port_MIMO_Sub_6_GHZ_CP_Antenna\New Design\Design_9\Antenna_Design_12\Result\m^fifx.dsc
D:\FINAL YEAR PROJECT\4_Port_MIMO_Sub_6_GHZ_CP_Antenna\New Design\Design_9\Antenna_Design_12\Result\m^fqq.dsc
D:\FINAL YEAR PROJECT\4_Port_MIMO_Sub_6_GHZ_CP_Antenna\New Design\Design_9\Antenna_Design_12\Result\m^ppex.dsc
D:\FINAL YEAR PROJECT\4_Port_MIMO_Sub_6_GHZ_CP_Antenna\New Design\Design_9\Antenna_Design_12\Result\Port1_1.m2d
D:\FINAL YEAR PROJECT\4_Port_MIMO_Sub_6_GHZ_CP_Antenna\New Design\Design_9\Antenna_Design_12\Result\Port2_1.m2d
D:\FINAL YEAR PROJECT\4_Port_MIMO_Sub_6_GHZ_CP_Antenna\New Design\Design_9\Antenna_Design_12\Result\Port3_1.m2d
D:\FINAL YEAR PROJECT\4_Port_MIMO_Sub_6_GHZ_CP_Antenna\New Design\Design_9\Antenna_Design_12\Result\Port4_1.m2d
D:\FINAL YEAR PROJECT\4_Port_MIMO_Sub_6_GHZ_CP_Antenna\New Design\Design_9\Antenna_Design_12\Result\Postprocessing.log
D:\FINAL YEAR PROJECT\4_Port_MIMO_Sub_6_GHZ_CP_Antenna\New Design\Design_9\Antenna_Design_12\Result\p^a.dsc
Mesh:
D:\FINAL YEAR PROJECT\4_Port_MIMO_Sub_6_GHZ_CP_Antenna\New Design\Design_9\Antenna_Design_12\Result\dA.mat
D:\FINAL YEAR PROJECT\4_Port_MIMO_Sub_6_GHZ_CP_Antenna\New Design\Design_9\Antenna_Design_12\Result\dad.mat
D:\FINAL YEAR PROJECT\4_Port_MIMO_Sub_6_GHZ_CP_Antenna\New Design\Design_9\Antenna_Design_12\Result\ds.mat
D:\FINAL YEAR PROJECT\4_Port_MIMO_Sub_6_GHZ_CP_Antenna\New Design\Design_9\Antenna_Design_12\Result\dsd.mat
D:\FINAL YEAR PROJECT\4_Port_MIMO_Sub_6_GHZ_CP_Antenna\New Design\Design_9\Antenna_Design_12\Result\dsMCalc.mat
D:\FINAL YEAR PROJECT\4_Port_MIMO_Sub_6_GHZ_CP_Antenna\New Design\Design_9\Antenna_Design_12\Result\Eps.mat
D:\FINAL YEAR PROJECT\4_Port_MIMO_Sub_6_GHZ_CP_Antenna\New Design\Design_9\Antenna_Design_12\Result\HexMatrix.m2h
D:\FINAL YEAR PROJECT\4_Port_MIMO_Sub_6_GHZ_CP_Antenna\New Design\Design_9\Antenna_Design_12\Result\HexMatrix_MCalc.m2h
D:\FINAL YEAR PROJECT\4_Port_MIMO_Sub_6_GHZ_CP_Antenna\New Design\Design_9\Antenna_Design_12\Result\Kappa.mat
D:\FINAL YEAR PROJECT\4_Port_MIMO_Sub_6_GHZ_CP_Antenna\New Design\Design_9\Antenna_Design_12\Result\MCalc.fmp
D:\FINAL YEAR PROJECT\4_Port_MIMO_Sub_6_GHZ_CP_Antenna\New Design\Design_9\Antenna_Design_12\Result\MCalc.xcfd
D:\FINAL YEAR PROJECT\4_Port_MIMO_Sub_6_GHZ_CP_Antenna\New Design\Design_9\Antenna_Design_12\Result\mesher_shapes.fsi
D:\FINAL YEAR PROJECT\4_Port_MIMO_Sub_6_GHZ_CP_Antenna\New Design\Design_9\Antenna_Design_12\Result\Meta.m2h
D:\FINAL YEAR PROJECT\4_Port_MIMO_Sub_6_GHZ_CP_Antenna\New Design\Design_9\Antenna_Design_12\Result\Meta.mat
D:\FINAL YEAR PROJECT\4_Port_MIMO_Sub_6_GHZ_CP_Antenna\New Design\Design_9\Antenna_Design_12\Result\Meta.spi
D:\FINAL YEAR PROJECT\4_Port_MIMO_Sub_6_GHZ_CP_Antenna\New Design\Design_9\Antenna_Design_12\Result\Meta.wgi
D:\FINAL YEAR PROJECT\4_Port_MIMO_Sub_6_GHZ_CP_Antenna\New Design\Design_9\Antenna_Design_12\Result\Model.fmf
D:\FINAL YEAR PROJECT\4_Port_MIMO_Sub_6_GHZ_CP_Antenna\New Design\Design_9\Antenna_Design_12\Result\Model.fmm
D:\FINAL YEAR PROJECT\4_Port_MIMO_Sub_6_GHZ_CP_Antenna\New Design\Design_9\Antenna_Design_12\Result\Model.fpc
D:\FINAL YEAR PROJECT\4_Port_MIMO_Sub_6_GHZ_CP_Antenna\New Design\Design_9\Antenna_Design_12\Result\Model.fwf
D:\FINAL YEAR PROJECT\4_Port_MIMO_Sub_6_GHZ_CP_Antenna\New Design\Design_9\Antenna_Design_12\Result\Model.mss
D:\FINAL YEAR PROJECT\4_Port_MIMO_Sub_6_GHZ_CP_Antenna\New Design\Design_9\Antenna_Design_12\Result\Model.ntr
D:\FINAL YEAR PROJECT\4_Port_MIMO_Sub_6_GHZ_CP_Antenna\New Design\Design_9\Antenna_Design_12\Result\Model.sic
D:\FINAL YEAR PROJECT\4_Port_MIMO_Sub_6_GHZ_CP_Antenna\New Design\Design_9\Antenna_Design_12\Result\Model.spi
D:\FINAL YEAR PROJECT\4_Port_MIMO_Sub_6_GHZ_CP_Antenna\New Design\Design_9\Antenna_Design_12\Result\Model.xcfd
D:\FINAL YEAR PROJECT\4_Port_MIMO_Sub_6_GHZ_CP_Antenna\New Design\Design_9\Antenna_Design_12\Result\Model^PEC.fpf
D:\FINAL YEAR PROJECT\4_Port_MIMO_Sub_6_GHZ_CP_Antenna\New Design\Design_9\Antenna_Design_12\Result\Mue.mat
D:\FINAL YEAR PROJECT\4_Port_MIMO_Sub_6_GHZ_CP_Antenna\New Design\Design_9\Antenna_Design_12\Result\m^fqq.mem
D:\FINAL YEAR PROJECT\4_Port_MIMO_Sub_6_GHZ_CP_Antenna\New Design\Design_9\Antenna_Design_12\Result\p1.spi
D:\FINAL YEAR PROJECT\4_Port_MIMO_Sub_6_GHZ_CP_Antenna\New Design\Design_9\Antenna_Design_12\Result\p2.spi
D:\FINAL YEAR PROJECT\4_Port_MIMO_Sub_6_GHZ_CP_Antenna\New Design\Design_9\Antenna_Design_12\Result\p3.spi
D:\FINAL YEAR PROJECT\4_Port_MIMO_Sub_6_GHZ_CP_Antenna\New Design\Design_9\Antenna_Design_12\Result\p4.spi
D:\FINAL YEAR PROJECT\4_Port_MIMO_Sub_6_GHZ_CP_Antenna\New Design\Design_9\Antenna_Design_12\Result\PEC.mat
D:\FINAL YEAR PROJECT\4_Port_MIMO_Sub_6_GHZ_CP_Antenna\New Design\Design_9\Antenna_Design_12\Result\Port1.wgi
D:\FINAL YEAR PROJECT\4_Port_MIMO_Sub_6_GHZ_CP_Antenna\New Design\Design_9\Antenna_Design_12\Result\Port2.wgi
D:\FINAL YEAR PROJECT\4_Port_MIMO_Sub_6_GHZ_CP_Antenna\New Design\Design_9\Antenna_Design_12\Result\Port3.wgi
D:\FINAL YEAR PROJECT\4_Port_MIMO_Sub_6_GHZ_CP_Antenna\New Design\Design_9\Antenna_Design_12\Result\Port4.wgi
D:\FINAL YEAR PROJECT\4_Port_MIMO_Sub_6_GHZ_CP_Antenna\New Design\Design_9\Antenna_Design_12\Result\p^a.mem
D:\FINAL YEAR PROJECT\4_Port_MIMO_Sub_6_GHZ_CP_Antenna\New Design\Design_9\Antenna_Design_12\Result\p^m.mem
D:\FINAL YEAR PROJECT\4_Port_MIMO_Sub_6_GHZ_CP_Antenna\New Design\Design_9\Antenna_Design_12\Result\Rho.mat
D:\FINAL YEAR PROJECT\4_Port_MIMO_Sub_6_GHZ_CP_Antenna\New Design\Design_9\Antenna_Design_12\Result\S2HMatrix.m2h
D:\FINAL YEAR PROJECT\4_Port_MIMO_Sub_6_GHZ_CP_Antenna\New Design\Design_9\Antenna_Design_12\Result\s^pm.mem
