Unknown:
D:\FINAL YEAR PROJECT\4_Port_MIMO_Sub_6_GHZ_CP_Antenna\ANTENNA 1\STEP_2\Final_Antenna_b\Result\3d.slm
D:\FINAL YEAR PROJECT\4_Port_MIMO_Sub_6_GHZ_CP_Antenna\ANTENNA 1\STEP_2\Final_Antenna_b\Result\adapt_Port1_e1.prt
D:\FINAL YEAR PROJECT\4_Port_MIMO_Sub_6_GHZ_CP_Antenna\ANTENNA 1\STEP_2\Final_Antenna_b\Result\adapt_Port1_h1.prt
D:\FINAL YEAR PROJECT\4_Port_MIMO_Sub_6_GHZ_CP_Antenna\ANTENNA 1\STEP_2\Final_Antenna_b\Result\adapt_Port2_e1.prt
D:\FINAL YEAR PROJECT\4_Port_MIMO_Sub_6_GHZ_CP_Antenna\ANTENNA 1\STEP_2\Final_Antenna_b\Result\adapt_Port2_h1.prt
D:\FINAL YEAR PROJECT\4_Port_MIMO_Sub_6_GHZ_CP_Antenna\ANTENNA 1\STEP_2\Final_Antenna_b\Result\adapt_Port3_e1.prt
D:\FINAL YEAR PROJECT\4_Port_MIMO_Sub_6_GHZ_CP_Antenna\ANTENNA 1\STEP_2\Final_Antenna_b\Result\adapt_Port3_h1.prt
D:\FINAL YEAR PROJECT\4_Port_MIMO_Sub_6_GHZ_CP_Antenna\ANTENNA 1\STEP_2\Final_Antenna_b\Result\adapt_Port4_e1.prt
D:\FINAL YEAR PROJECT\4_Port_MIMO_Sub_6_GHZ_CP_Antenna\ANTENNA 1\STEP_2\Final_Antenna_b\Result\adapt_Port4_h1.prt
D:\FINAL YEAR PROJECT\4_Port_MIMO_Sub_6_GHZ_CP_Antenna\ANTENNA 1\STEP_2\Final_Antenna_b\Result\e-field (f=1)_1,1.en
D:\FINAL YEAR PROJECT\4_Port_MIMO_Sub_6_GHZ_CP_Antenna\ANTENNA 1\STEP_2\Final_Antenna_b\Result\e-field (f=1)_2,1.en
D:\FINAL YEAR PROJECT\4_Port_MIMO_Sub_6_GHZ_CP_Antenna\ANTENNA 1\STEP_2\Final_Antenna_b\Result\e-field (f=1)_3,1.en
D:\FINAL YEAR PROJECT\4_Port_MIMO_Sub_6_GHZ_CP_Antenna\ANTENNA 1\STEP_2\Final_Antenna_b\Result\e-field (f=1)_4,1.en
D:\FINAL YEAR PROJECT\4_Port_MIMO_Sub_6_GHZ_CP_Antenna\ANTENNA 1\STEP_2\Final_Antenna_b\Result\e-field (f=3.5)_1,1.en
D:\FINAL YEAR PROJECT\4_Port_MIMO_Sub_6_GHZ_CP_Antenna\ANTENNA 1\STEP_2\Final_Antenna_b\Result\e-field (f=3.5)_2,1.en
D:\FINAL YEAR PROJECT\4_Port_MIMO_Sub_6_GHZ_CP_Antenna\ANTENNA 1\STEP_2\Final_Antenna_b\Result\e-field (f=3.5)_3,1.en
D:\FINAL YEAR PROJECT\4_Port_MIMO_Sub_6_GHZ_CP_Antenna\ANTENNA 1\STEP_2\Final_Antenna_b\Result\e-field (f=3.5)_4,1.en
D:\FINAL YEAR PROJECT\4_Port_MIMO_Sub_6_GHZ_CP_Antenna\ANTENNA 1\STEP_2\Final_Antenna_b\Result\e-field (f=6)_1,1.en
D:\FINAL YEAR PROJECT\4_Port_MIMO_Sub_6_GHZ_CP_Antenna\ANTENNA 1\STEP_2\Final_Antenna_b\Result\e-field (f=6)_2,1.en
D:\FINAL YEAR PROJECT\4_Port_MIMO_Sub_6_GHZ_CP_Antenna\ANTENNA 1\STEP_2\Final_Antenna_b\Result\e-field (f=6)_3,1.en
D:\FINAL YEAR PROJECT\4_Port_MIMO_Sub_6_GHZ_CP_Antenna\ANTENNA 1\STEP_2\Final_Antenna_b\Result\e-field (f=6)_4,1.en
D:\FINAL YEAR PROJECT\4_Port_MIMO_Sub_6_GHZ_CP_Antenna\ANTENNA 1\STEP_2\Final_Antenna_b\Result\farfield (f=1)_1.fme
D:\FINAL YEAR PROJECT\4_Port_MIMO_Sub_6_GHZ_CP_Antenna\ANTENNA 1\STEP_2\Final_Antenna_b\Result\farfield (f=1)_2.fme
D:\FINAL YEAR PROJECT\4_Port_MIMO_Sub_6_GHZ_CP_Antenna\ANTENNA 1\STEP_2\Final_Antenna_b\Result\farfield (f=1)_3.fme
D:\FINAL YEAR PROJECT\4_Port_MIMO_Sub_6_GHZ_CP_Antenna\ANTENNA 1\STEP_2\Final_Antenna_b\Result\farfield (f=1)_4.fme
D:\FINAL YEAR PROJECT\4_Port_MIMO_Sub_6_GHZ_CP_Antenna\ANTENNA 1\STEP_2\Final_Antenna_b\Result\farfield (f=3.5)_1.fme
D:\FINAL YEAR PROJECT\4_Port_MIMO_Sub_6_GHZ_CP_Antenna\ANTENNA 1\STEP_2\Final_Antenna_b\Result\farfield (f=3.5)_2.fme
D:\FINAL YEAR PROJECT\4_Port_MIMO_Sub_6_GHZ_CP_Antenna\ANTENNA 1\STEP_2\Final_Antenna_b\Result\farfield (f=3.5)_3.fme
D:\FINAL YEAR PROJECT\4_Port_MIMO_Sub_6_GHZ_CP_Antenna\ANTENNA 1\STEP_2\Final_Antenna_b\Result\farfield (f=3.5)_4.fme
D:\FINAL YEAR PROJECT\4_Port_MIMO_Sub_6_GHZ_CP_Antenna\ANTENNA 1\STEP_2\Final_Antenna_b\Result\farfield (f=6)_1.fme
D:\FINAL YEAR PROJECT\4_Port_MIMO_Sub_6_GHZ_CP_Antenna\ANTENNA 1\STEP_2\Final_Antenna_b\Result\farfield (f=6)_2.fme
D:\FINAL YEAR PROJECT\4_Port_MIMO_Sub_6_GHZ_CP_Antenna\ANTENNA 1\STEP_2\Final_Antenna_b\Result\farfield (f=6)_3.fme
D:\FINAL YEAR PROJECT\4_Port_MIMO_Sub_6_GHZ_CP_Antenna\ANTENNA 1\STEP_2\Final_Antenna_b\Result\farfield (f=6)_4.fme
D:\FINAL YEAR PROJECT\4_Port_MIMO_Sub_6_GHZ_CP_Antenna\ANTENNA 1\STEP_2\Final_Antenna_b\Result\h-field (f=1)_1,1.en
D:\FINAL YEAR PROJECT\4_Port_MIMO_Sub_6_GHZ_CP_Antenna\ANTENNA 1\STEP_2\Final_Antenna_b\Result\h-field (f=1)_2,1.en
D:\FINAL YEAR PROJECT\4_Port_MIMO_Sub_6_GHZ_CP_Antenna\ANTENNA 1\STEP_2\Final_Antenna_b\Result\h-field (f=1)_3,1.en
D:\FINAL YEAR PROJECT\4_Port_MIMO_Sub_6_GHZ_CP_Antenna\ANTENNA 1\STEP_2\Final_Antenna_b\Result\h-field (f=1)_4,1.en
D:\FINAL YEAR PROJECT\4_Port_MIMO_Sub_6_GHZ_CP_Antenna\ANTENNA 1\STEP_2\Final_Antenna_b\Result\h-field (f=3.5)_1,1.en
D:\FINAL YEAR PROJECT\4_Port_MIMO_Sub_6_GHZ_CP_Antenna\ANTENNA 1\STEP_2\Final_Antenna_b\Result\h-field (f=3.5)_2,1.en
D:\FINAL YEAR PROJECT\4_Port_MIMO_Sub_6_GHZ_CP_Antenna\ANTENNA 1\STEP_2\Final_Antenna_b\Result\h-field (f=3.5)_3,1.en
D:\FINAL YEAR PROJECT\4_Port_MIMO_Sub_6_GHZ_CP_Antenna\ANTENNA 1\STEP_2\Final_Antenna_b\Result\h-field (f=3.5)_4,1.en
D:\FINAL YEAR PROJECT\4_Port_MIMO_Sub_6_GHZ_CP_Antenna\ANTENNA 1\STEP_2\Final_Antenna_b\Result\h-field (f=6)_1,1.en
D:\FINAL YEAR PROJECT\4_Port_MIMO_Sub_6_GHZ_CP_Antenna\ANTENNA 1\STEP_2\Final_Antenna_b\Result\h-field (f=6)_2,1.en
D:\FINAL YEAR PROJECT\4_Port_MIMO_Sub_6_GHZ_CP_Antenna\ANTENNA 1\STEP_2\Final_Antenna_b\Result\h-field (f=6)_3,1.en
D:\FINAL YEAR PROJECT\4_Port_MIMO_Sub_6_GHZ_CP_Antenna\ANTENNA 1\STEP_2\Final_Antenna_b\Result\h-field (f=6)_4,1.en
D:\FINAL YEAR PROJECT\4_Port_MIMO_Sub_6_GHZ_CP_Antenna\ANTENNA 1\STEP_2\Final_Antenna_b\Result\MCalc.ddi
D:\FINAL YEAR PROJECT\4_Port_MIMO_Sub_6_GHZ_CP_Antenna\ANTENNA 1\STEP_2\Final_Antenna_b\Result\MCalc.log
D:\FINAL YEAR PROJECT\4_Port_MIMO_Sub_6_GHZ_CP_Antenna\ANTENNA 1\STEP_2\Final_Antenna_b\Result\Model.axg
D:\FINAL YEAR PROJECT\4_Port_MIMO_Sub_6_GHZ_CP_Antenna\ANTENNA 1\STEP_2\Final_Antenna_b\Result\Model.ddi
D:\FINAL YEAR PROJECT\4_Port_MIMO_Sub_6_GHZ_CP_Antenna\ANTENNA 1\STEP_2\Final_Antenna_b\Result\Model.elg
D:\FINAL YEAR PROJECT\4_Port_MIMO_Sub_6_GHZ_CP_Antenna\ANTENNA 1\STEP_2\Final_Antenna_b\Result\Model.inf
D:\FINAL YEAR PROJECT\4_Port_MIMO_Sub_6_GHZ_CP_Antenna\ANTENNA 1\STEP_2\Final_Antenna_b\Result\Model.log
D:\FINAL YEAR PROJECT\4_Port_MIMO_Sub_6_GHZ_CP_Antenna\ANTENNA 1\STEP_2\Final_Antenna_b\Result\Model.pmi
D:\FINAL YEAR PROJECT\4_Port_MIMO_Sub_6_GHZ_CP_Antenna\ANTENNA 1\STEP_2\Final_Antenna_b\Result\Model.sa
D:\FINAL YEAR PROJECT\4_Port_MIMO_Sub_6_GHZ_CP_Antenna\ANTENNA 1\STEP_2\Final_Antenna_b\Result\m^fb.dsc
D:\FINAL YEAR PROJECT\4_Port_MIMO_Sub_6_GHZ_CP_Antenna\ANTENNA 1\STEP_2\Final_Antenna_b\Result\m^fifx.dsc
D:\FINAL YEAR PROJECT\4_Port_MIMO_Sub_6_GHZ_CP_Antenna\ANTENNA 1\STEP_2\Final_Antenna_b\Result\m^fqq.dsc
D:\FINAL YEAR PROJECT\4_Port_MIMO_Sub_6_GHZ_CP_Antenna\ANTENNA 1\STEP_2\Final_Antenna_b\Result\m^ppex.dsc
D:\FINAL YEAR PROJECT\4_Port_MIMO_Sub_6_GHZ_CP_Antenna\ANTENNA 1\STEP_2\Final_Antenna_b\Result\Port1_1.m2d
D:\FINAL YEAR PROJECT\4_Port_MIMO_Sub_6_GHZ_CP_Antenna\ANTENNA 1\STEP_2\Final_Antenna_b\Result\Port2_1.m2d
D:\FINAL YEAR PROJECT\4_Port_MIMO_Sub_6_GHZ_CP_Antenna\ANTENNA 1\STEP_2\Final_Antenna_b\Result\Port3_1.m2d
D:\FINAL YEAR PROJECT\4_Port_MIMO_Sub_6_GHZ_CP_Antenna\ANTENNA 1\STEP_2\Final_Antenna_b\Result\Port4_1.m2d
D:\FINAL YEAR PROJECT\4_Port_MIMO_Sub_6_GHZ_CP_Antenna\ANTENNA 1\STEP_2\Final_Antenna_b\Result\Postprocessing.log
D:\FINAL YEAR PROJECT\4_Port_MIMO_Sub_6_GHZ_CP_Antenna\ANTENNA 1\STEP_2\Final_Antenna_b\Result\p^a.dsc
Mesh:
D:\FINAL YEAR PROJECT\4_Port_MIMO_Sub_6_GHZ_CP_Antenna\ANTENNA 1\STEP_2\Final_Antenna_b\Result\dA.mat
D:\FINAL YEAR PROJECT\4_Port_MIMO_Sub_6_GHZ_CP_Antenna\ANTENNA 1\STEP_2\Final_Antenna_b\Result\dad.mat
D:\FINAL YEAR PROJECT\4_Port_MIMO_Sub_6_GHZ_CP_Antenna\ANTENNA 1\STEP_2\Final_Antenna_b\Result\ds.mat
D:\FINAL YEAR PROJECT\4_Port_MIMO_Sub_6_GHZ_CP_Antenna\ANTENNA 1\STEP_2\Final_Antenna_b\Result\dsd.mat
D:\FINAL YEAR PROJECT\4_Port_MIMO_Sub_6_GHZ_CP_Antenna\ANTENNA 1\STEP_2\Final_Antenna_b\Result\dsMCalc.mat
D:\FINAL YEAR PROJECT\4_Port_MIMO_Sub_6_GHZ_CP_Antenna\ANTENNA 1\STEP_2\Final_Antenna_b\Result\Eps.mat
D:\FINAL YEAR PROJECT\4_Port_MIMO_Sub_6_GHZ_CP_Antenna\ANTENNA 1\STEP_2\Final_Antenna_b\Result\HexMatrix.m2h
D:\FINAL YEAR PROJECT\4_Port_MIMO_Sub_6_GHZ_CP_Antenna\ANTENNA 1\STEP_2\Final_Antenna_b\Result\HexMatrix_MCalc.m2h
D:\FINAL YEAR PROJECT\4_Port_MIMO_Sub_6_GHZ_CP_Antenna\ANTENNA 1\STEP_2\Final_Antenna_b\Result\Kappa.mat
D:\FINAL YEAR PROJECT\4_Port_MIMO_Sub_6_GHZ_CP_Antenna\ANTENNA 1\STEP_2\Final_Antenna_b\Result\MCalc.fmp
D:\FINAL YEAR PROJECT\4_Port_MIMO_Sub_6_GHZ_CP_Antenna\ANTENNA 1\STEP_2\Final_Antenna_b\Result\MCalc.xcfd
D:\FINAL YEAR PROJECT\4_Port_MIMO_Sub_6_GHZ_CP_Antenna\ANTENNA 1\STEP_2\Final_Antenna_b\Result\mesher_shapes.fsi
D:\FINAL YEAR PROJECT\4_Port_MIMO_Sub_6_GHZ_CP_Antenna\ANTENNA 1\STEP_2\Final_Antenna_b\Result\Meta.m2h
D:\FINAL YEAR PROJECT\4_Port_MIMO_Sub_6_GHZ_CP_Antenna\ANTENNA 1\STEP_2\Final_Antenna_b\Result\Meta.mat
D:\FINAL YEAR PROJECT\4_Port_MIMO_Sub_6_GHZ_CP_Antenna\ANTENNA 1\STEP_2\Final_Antenna_b\Result\Meta.spi
D:\FINAL YEAR PROJECT\4_Port_MIMO_Sub_6_GHZ_CP_Antenna\ANTENNA 1\STEP_2\Final_Antenna_b\Result\Meta.wgi
D:\FINAL YEAR PROJECT\4_Port_MIMO_Sub_6_GHZ_CP_Antenna\ANTENNA 1\STEP_2\Final_Antenna_b\Result\Model.fmf
D:\FINAL YEAR PROJECT\4_Port_MIMO_Sub_6_GHZ_CP_Antenna\ANTENNA 1\STEP_2\Final_Antenna_b\Result\Model.fmm
D:\FINAL YEAR PROJECT\4_Port_MIMO_Sub_6_GHZ_CP_Antenna\ANTENNA 1\STEP_2\Final_Antenna_b\Result\Model.fpc
D:\FINAL YEAR PROJECT\4_Port_MIMO_Sub_6_GHZ_CP_Antenna\ANTENNA 1\STEP_2\Final_Antenna_b\Result\Model.fwf
D:\FINAL YEAR PROJECT\4_Port_MIMO_Sub_6_GHZ_CP_Antenna\ANTENNA 1\STEP_2\Final_Antenna_b\Result\Model.mss
D:\FINAL YEAR PROJECT\4_Port_MIMO_Sub_6_GHZ_CP_Antenna\ANTENNA 1\STEP_2\Final_Antenna_b\Result\Model.ntr
D:\FINAL YEAR PROJECT\4_Port_MIMO_Sub_6_GHZ_CP_Antenna\ANTENNA 1\STEP_2\Final_Antenna_b\Result\Model.sic
D:\FINAL YEAR PROJECT\4_Port_MIMO_Sub_6_GHZ_CP_Antenna\ANTENNA 1\STEP_2\Final_Antenna_b\Result\Model.spi
D:\FINAL YEAR PROJECT\4_Port_MIMO_Sub_6_GHZ_CP_Antenna\ANTENNA 1\STEP_2\Final_Antenna_b\Result\Model.xcfd
D:\FINAL YEAR PROJECT\4_Port_MIMO_Sub_6_GHZ_CP_Antenna\ANTENNA 1\STEP_2\Final_Antenna_b\Result\Model^PEC.fpf
D:\FINAL YEAR PROJECT\4_Port_MIMO_Sub_6_GHZ_CP_Antenna\ANTENNA 1\STEP_2\Final_Antenna_b\Result\Mue.mat
D:\FINAL YEAR PROJECT\4_Port_MIMO_Sub_6_GHZ_CP_Antenna\ANTENNA 1\STEP_2\Final_Antenna_b\Result\m^fqq.mem
D:\FINAL YEAR PROJECT\4_Port_MIMO_Sub_6_GHZ_CP_Antenna\ANTENNA 1\STEP_2\Final_Antenna_b\Result\p1.spi
D:\FINAL YEAR PROJECT\4_Port_MIMO_Sub_6_GHZ_CP_Antenna\ANTENNA 1\STEP_2\Final_Antenna_b\Result\p2.spi
D:\FINAL YEAR PROJECT\4_Port_MIMO_Sub_6_GHZ_CP_Antenna\ANTENNA 1\STEP_2\Final_Antenna_b\Result\p3.spi
D:\FINAL YEAR PROJECT\4_Port_MIMO_Sub_6_GHZ_CP_Antenna\ANTENNA 1\STEP_2\Final_Antenna_b\Result\p4.spi
D:\FINAL YEAR PROJECT\4_Port_MIMO_Sub_6_GHZ_CP_Antenna\ANTENNA 1\STEP_2\Final_Antenna_b\Result\PEC.mat
D:\FINAL YEAR PROJECT\4_Port_MIMO_Sub_6_GHZ_CP_Antenna\ANTENNA 1\STEP_2\Final_Antenna_b\Result\Port1.wgi
D:\FINAL YEAR PROJECT\4_Port_MIMO_Sub_6_GHZ_CP_Antenna\ANTENNA 1\STEP_2\Final_Antenna_b\Result\Port2.wgi
D:\FINAL YEAR PROJECT\4_Port_MIMO_Sub_6_GHZ_CP_Antenna\ANTENNA 1\STEP_2\Final_Antenna_b\Result\Port3.wgi
D:\FINAL YEAR PROJECT\4_Port_MIMO_Sub_6_GHZ_CP_Antenna\ANTENNA 1\STEP_2\Final_Antenna_b\Result\Port4.wgi
D:\FINAL YEAR PROJECT\4_Port_MIMO_Sub_6_GHZ_CP_Antenna\ANTENNA 1\STEP_2\Final_Antenna_b\Result\p^a.mem
D:\FINAL YEAR PROJECT\4_Port_MIMO_Sub_6_GHZ_CP_Antenna\ANTENNA 1\STEP_2\Final_Antenna_b\Result\p^m.mem
D:\FINAL YEAR PROJECT\4_Port_MIMO_Sub_6_GHZ_CP_Antenna\ANTENNA 1\STEP_2\Final_Antenna_b\Result\Rho.mat
D:\FINAL YEAR PROJECT\4_Port_MIMO_Sub_6_GHZ_CP_Antenna\ANTENNA 1\STEP_2\Final_Antenna_b\Result\S2HMatrix.m2h
D:\FINAL YEAR PROJECT\4_Port_MIMO_Sub_6_GHZ_CP_Antenna\ANTENNA 1\STEP_2\Final_Antenna_b\Result\s^pm.mem
