Port monitor named: Port2_e1.prt

nx        = 67
ny        = 69
nz        = 25

nu        = 9
nv        = 21
iu        = 8
iv        = 37

idir      = 1
dcut      = 2.750000e-002
icut      = 61
type      = 0
frequency = 3.500000e+009

fcutoff   = 0.000000e+000
alpha     = 0.000000e+000
beta      = 1.352472e+002
accuracy  = 1.196824e-014

type          = QTEM
wave imp.     = 2.051351e+002
wave imp.sig. = 1.013988e-001
line imp.     = 4.918068e+001

ref. port     = 0

0.000000e+000  0.000000e+000  0.000000e+000  0.000000e+000  0.000000e+000  0.000000e+000  0.000000e+000  0.000000e+000  0.000000e+000  
-6.256615e-001  4.789593e+000  1.670344e+001  3.040712e+001  4.162461e+001  5.089391e+001  1.325279e+001  1.463680e+001  0.000000e+000  
-2.986452e+000  7.330496e+000  3.124208e+001  6.080090e+001  8.640964e+001  1.090168e+002  2.929859e+001  3.313024e+001  0.000000e+000  
-8.551666e+000  5.217200e+000  4.015535e+001  8.893483e+001  1.355600e+002  1.816863e+002  5.213163e+001  6.169645e+001  0.000000e+000  
-1.851709e+001  -4.081856e+000  3.833634e+001  1.094237e+002  1.883548e+002  2.809497e+002  9.123601e+001  1.162517e+002  0.000000e+000  
-3.331491e+001  -2.304075e+001  1.713448e+001  1.065685e+002  2.308685e+002  4.173065e+002  1.701404e+002  2.392024e+002  0.000000e+000  
-5.201432e+001  -5.262623e+001  -3.425656e+001  4.691226e+001  2.122657e+002  5.738012e+002  3.598310e+002  5.517439e+002  0.000000e+000  
-7.172077e+001  -8.965786e+001  -1.211718e+002  -1.215968e+002  -1.115239e+001  5.532627e+002  9.426299e+002  1.392191e+003  0.000000e+000  
-8.759684e+001  -1.238425e+002  -2.228100e+002  -4.112942e+002  -7.200485e+002  -1.518860e+003  3.880386e+003  3.468334e+003  0.000000e+000  
-9.356090e+001  -1.372137e+002  -2.637182e+002  -5.200006e+002  -9.188273e+002  -1.676799e+003  4.747793e+003  4.252913e+003  0.000000e+000  
-9.323585e+001  -1.364121e+002  -2.612051e+002  -5.142884e+002  -9.135430e+002  -1.695775e+003  4.756041e+003  4.241758e+003  0.000000e+000  
-8.669934e+001  -1.216628e+002  -2.157941e+002  -3.923455e+002  -6.897986e+002  -1.569892e+003  3.919290e+003  3.404610e+003  0.000000e+000  
-7.527745e+001  -9.704640e+001  -1.424268e+002  -1.783710e+002  -1.246637e+002  4.155520e+002  1.251917e+003  1.745274e+003  0.000000e+000  
-6.108880e+001  -6.901262e+001  -7.033002e+001  -1.563053e+001  1.463618e+002  6.160755e+002  5.437811e+002  8.475835e+002  0.000000e+000  
-4.632799e+001  -4.298659e+001  -1.528233e+001  7.483893e+001  2.342680e+002  5.355966e+002  2.791683e+002  4.201026e+002  0.000000e+000  
-2.847003e+001  -1.624151e+001  2.652730e+001  1.127676e+002  2.234716e+002  3.749049e+002  1.392228e+002  1.892222e+002  0.000000e+000  
-1.499917e+001  -2.246110e-001  4.100995e+001  1.059406e+002  1.742715e+002  2.494767e+002  7.703730e+001  9.545058e+001  0.000000e+000  
-6.383554e+000  6.714492e+000  3.888691e+001  8.195232e+001  1.217238e+002  1.595087e+002  4.462978e+001  5.192985e+001  0.000000e+000  
-2.642415e+000  7.689211e+000  3.146440e+001  6.055979e+001  8.554007e+001  1.073350e+002  2.867183e+001  3.227641e+001  0.000000e+000  
-4.567484e-001  4.951650e+000  1.676947e+001  3.023588e+001  4.117580e+001  5.013268e+001  1.300038e+001  1.431236e+001  0.000000e+000  
0.000000e+000  0.000000e+000  0.000000e+000  0.000000e+000  0.000000e+000  0.000000e+000  0.000000e+000  0.000000e+000  0.000000e+000  

0.000000e+000  -2.415933e+001  -4.147649e+001  -4.231175e+001  -3.221140e+001  -1.330147e+001  1.277684e+001  6.136358e+000  0.000000e+000  
0.000000e+000  -2.690972e+001  -4.806675e+001  -5.241901e+001  -4.277705e+001  -2.159050e+001  1.033947e+001  4.619447e+000  0.000000e+000  
0.000000e+000  -3.207890e+001  -6.117887e+001  -7.415271e+001  -6.696256e+001  -4.213858e+001  2.891220e+000  -7.679901e-002  0.000000e+000  
0.000000e+000  -3.884274e+001  -8.014512e+001  -1.099766e+002  -1.112933e+002  -8.504721e+001  -1.755699e+001  -1.318365e+001  0.000000e+000  
0.000000e+000  -4.574713e+001  -1.030452e+002  -1.626133e+002  -1.876389e+002  -1.739913e+002  -7.531081e+001  -5.063971e+001  0.000000e+000  
0.000000e+000  -5.017481e+001  -1.241990e+002  -2.290806e+002  -3.096266e+002  -3.578154e+002  -2.459054e+002  -1.597549e+002  0.000000e+000  
0.000000e+000  -4.847239e+001  -1.321161e+002  -2.885577e+002  -4.733055e+002  -7.209727e+002  -7.875376e+002  -4.718251e+002  0.000000e+000  
0.000000e+000  -3.714399e+001  -1.102507e+002  -2.832141e+002  -5.805974e+002  -1.294247e+003  -2.758462e+003  -1.213106e+003  0.000000e+000  
0.000000e+000  -1.836999e+001  -5.600351e+001  -1.480452e+002  -2.968311e+002  -5.673009e+002  0.000000e+000  -6.110585e+002  0.000000e+000  
0.000000e+000  7.932248e-001  2.776333e+000  8.107018e+000  1.572383e+001  2.301675e+001  0.000000e+000  7.790207e+000  0.000000e+000  
0.000000e+000  1.976232e+001  6.080240e+001  1.623827e+002  3.286765e+002  6.322435e+002  0.000000e+000  6.509422e+002  0.000000e+000  
0.000000e+000  3.533226e+001  1.051689e+002  2.712095e+002  5.633411e+002  1.318739e+003  3.315710e+003  1.295568e+003  0.000000e+000  
0.000000e+000  4.543249e+001  1.277927e+002  2.964175e+002  5.267525e+002  9.072116e+002  1.214643e+003  6.845207e+002  0.000000e+000  
0.000000e+000  4.977720e+001  1.307256e+002  2.676912e+002  4.067069e+002  5.513029e+002  4.913316e+002  3.111022e+002  0.000000e+000  
0.000000e+000  4.935013e+001  1.189310e+002  2.094397e+002  2.688657e+002  2.878693e+002  1.699573e+002  1.120988e+002  0.000000e+000  
0.000000e+000  4.381790e+001  9.617638e+001  1.454022e+002  1.607089e+002  1.397505e+002  5.009827e+001  3.427993e+001  0.000000e+000  
0.000000e+000  3.668380e+001  7.388163e+001  9.746984e+001  9.500255e+001  6.826226e+001  8.621469e+000  7.421132e+000  0.000000e+000  
0.000000e+000  3.104087e+001  5.861499e+001  6.989916e+001  6.211841e+001  3.785067e+001  -4.612145e+000  -1.021362e+000  0.000000e+000  
0.000000e+000  2.650891e+001  4.720581e+001  5.118853e+001  4.150140e+001  2.057655e+001  -1.064500e+001  -4.816600e+000  0.000000e+000  
0.000000e+000  2.376490e+001  4.067803e+001  4.127652e+001  3.122708e+001  1.260889e+001  -1.290354e+001  -6.219566e+000  0.000000e+000  
0.000000e+000  0.000000e+000  0.000000e+000  0.000000e+000  0.000000e+000  0.000000e+000  0.000000e+000  0.000000e+000  0.000000e+000  

0.000000e+000  0.000000e+000  0.000000e+000  0.000000e+000  0.000000e+000  0.000000e+000  0.000000e+000  0.000000e+000  0.000000e+000  
0.000000e+000  0.000000e+000  0.000000e+000  0.000000e+000  0.000000e+000  0.000000e+000  0.000000e+000  0.000000e+000  0.000000e+000  
0.000000e+000  0.000000e+000  0.000000e+000  0.000000e+000  0.000000e+000  0.000000e+000  0.000000e+000  0.000000e+000  0.000000e+000  
0.000000e+000  0.000000e+000  0.000000e+000  0.000000e+000  0.000000e+000  0.000000e+000  0.000000e+000  0.000000e+000  0.000000e+000  
0.000000e+000  0.000000e+000  0.000000e+000  0.000000e+000  0.000000e+000  0.000000e+000  0.000000e+000  0.000000e+000  0.000000e+000  
0.000000e+000  0.000000e+000  0.000000e+000  0.000000e+000  0.000000e+000  0.000000e+000  0.000000e+000  0.000000e+000  0.000000e+000  
0.000000e+000  0.000000e+000  0.000000e+000  0.000000e+000  0.000000e+000  0.000000e+000  0.000000e+000  0.000000e+000  0.000000e+000  
0.000000e+000  0.000000e+000  0.000000e+000  0.000000e+000  0.000000e+000  0.000000e+000  0.000000e+000  0.000000e+000  0.000000e+000  
0.000000e+000  0.000000e+000  0.000000e+000  0.000000e+000  0.000000e+000  0.000000e+000  0.000000e+000  0.000000e+000  0.000000e+000  
0.000000e+000  0.000000e+000  0.000000e+000  0.000000e+000  0.000000e+000  0.000000e+000  0.000000e+000  0.000000e+000  0.000000e+000  
0.000000e+000  0.000000e+000  0.000000e+000  0.000000e+000  0.000000e+000  0.000000e+000  0.000000e+000  0.000000e+000  0.000000e+000  
0.000000e+000  0.000000e+000  0.000000e+000  0.000000e+000  0.000000e+000  0.000000e+000  0.000000e+000  0.000000e+000  0.000000e+000  
0.000000e+000  0.000000e+000  0.000000e+000  0.000000e+000  0.000000e+000  0.000000e+000  0.000000e+000  0.000000e+000  0.000000e+000  
0.000000e+000  0.000000e+000  0.000000e+000  0.000000e+000  0.000000e+000  0.000000e+000  0.000000e+000  0.000000e+000  0.000000e+000  
0.000000e+000  0.000000e+000  0.000000e+000  0.000000e+000  0.000000e+000  0.000000e+000  0.000000e+000  0.000000e+000  0.000000e+000  
0.000000e+000  0.000000e+000  0.000000e+000  0.000000e+000  0.000000e+000  0.000000e+000  0.000000e+000  0.000000e+000  0.000000e+000  
0.000000e+000  0.000000e+000  0.000000e+000  0.000000e+000  0.000000e+000  0.000000e+000  0.000000e+000  0.000000e+000  0.000000e+000  
0.000000e+000  0.000000e+000  0.000000e+000  0.000000e+000  0.000000e+000  0.000000e+000  0.000000e+000  0.000000e+000  0.000000e+000  
0.000000e+000  0.000000e+000  0.000000e+000  0.000000e+000  0.000000e+000  0.000000e+000  0.000000e+000  0.000000e+000  0.000000e+000  
0.000000e+000  0.000000e+000  0.000000e+000  0.000000e+000  0.000000e+000  0.000000e+000  0.000000e+000  0.000000e+000  0.000000e+000  
0.000000e+000  0.000000e+000  0.000000e+000  0.000000e+000  0.000000e+000  0.000000e+000  0.000000e+000  0.000000e+000  0.000000e+000  

0.000000e+000  0.000000e+000  0.000000e+000  0.000000e+000  0.000000e+000  0.000000e+000  0.000000e+000  0.000000e+000  0.000000e+000  
0.000000e+000  0.000000e+000  0.000000e+000  0.000000e+000  0.000000e+000  0.000000e+000  0.000000e+000  0.000000e+000  0.000000e+000  
0.000000e+000  0.000000e+000  0.000000e+000  0.000000e+000  0.000000e+000  0.000000e+000  0.000000e+000  0.000000e+000  0.000000e+000  
0.000000e+000  0.000000e+000  0.000000e+000  0.000000e+000  0.000000e+000  0.000000e+000  0.000000e+000  0.000000e+000  0.000000e+000  
0.000000e+000  0.000000e+000  0.000000e+000  0.000000e+000  0.000000e+000  0.000000e+000  0.000000e+000  0.000000e+000  0.000000e+000  
0.000000e+000  0.000000e+000  0.000000e+000  0.000000e+000  0.000000e+000  0.000000e+000  0.000000e+000  0.000000e+000  0.000000e+000  
0.000000e+000  0.000000e+000  0.000000e+000  0.000000e+000  0.000000e+000  0.000000e+000  0.000000e+000  0.000000e+000  0.000000e+000  
0.000000e+000  0.000000e+000  0.000000e+000  0.000000e+000  0.000000e+000  0.000000e+000  0.000000e+000  0.000000e+000  0.000000e+000  
0.000000e+000  0.000000e+000  0.000000e+000  0.000000e+000  0.000000e+000  0.000000e+000  0.000000e+000  0.000000e+000  0.000000e+000  
0.000000e+000  0.000000e+000  0.000000e+000  0.000000e+000  0.000000e+000  0.000000e+000  0.000000e+000  0.000000e+000  0.000000e+000  
0.000000e+000  0.000000e+000  0.000000e+000  0.000000e+000  0.000000e+000  0.000000e+000  0.000000e+000  0.000000e+000  0.000000e+000  
0.000000e+000  0.000000e+000  0.000000e+000  0.000000e+000  0.000000e+000  0.000000e+000  0.000000e+000  0.000000e+000  0.000000e+000  
0.000000e+000  0.000000e+000  0.000000e+000  0.000000e+000  0.000000e+000  0.000000e+000  0.000000e+000  0.000000e+000  0.000000e+000  
0.000000e+000  0.000000e+000  0.000000e+000  0.000000e+000  0.000000e+000  0.000000e+000  0.000000e+000  0.000000e+000  0.000000e+000  
0.000000e+000  0.000000e+000  0.000000e+000  0.000000e+000  0.000000e+000  0.000000e+000  0.000000e+000  0.000000e+000  0.000000e+000  
0.000000e+000  0.000000e+000  0.000000e+000  0.000000e+000  0.000000e+000  0.000000e+000  0.000000e+000  0.000000e+000  0.000000e+000  
0.000000e+000  0.000000e+000  0.000000e+000  0.000000e+000  0.000000e+000  0.000000e+000  0.000000e+000  0.000000e+000  0.000000e+000  
0.000000e+000  0.000000e+000  0.000000e+000  0.000000e+000  0.000000e+000  0.000000e+000  0.000000e+000  0.000000e+000  0.000000e+000  
0.000000e+000  0.000000e+000  0.000000e+000  0.000000e+000  0.000000e+000  0.000000e+000  0.000000e+000  0.000000e+000  0.000000e+000  
0.000000e+000  0.000000e+000  0.000000e+000  0.000000e+000  0.000000e+000  0.000000e+000  0.000000e+000  0.000000e+000  0.000000e+000  
0.000000e+000  0.000000e+000  0.000000e+000  0.000000e+000  0.000000e+000  0.000000e+000  0.000000e+000  0.000000e+000  0.000000e+000  

0.000000e+000  0.000000e+000  0.000000e+000  0.000000e+000  0.000000e+000  0.000000e+000  0.000000e+000  0.000000e+000  0.000000e+000  
0.000000e+000  0.000000e+000  0.000000e+000  0.000000e+000  0.000000e+000  0.000000e+000  0.000000e+000  0.000000e+000  0.000000e+000  
0.000000e+000  0.000000e+000  0.000000e+000  0.000000e+000  0.000000e+000  0.000000e+000  0.000000e+000  0.000000e+000  0.000000e+000  
0.000000e+000  0.000000e+000  0.000000e+000  0.000000e+000  0.000000e+000  0.000000e+000  0.000000e+000  0.000000e+000  0.000000e+000  
0.000000e+000  0.000000e+000  0.000000e+000  0.000000e+000  0.000000e+000  0.000000e+000  0.000000e+000  0.000000e+000  0.000000e+000  
0.000000e+000  0.000000e+000  0.000000e+000  0.000000e+000  0.000000e+000  0.000000e+000  0.000000e+000  0.000000e+000  0.000000e+000  
0.000000e+000  0.000000e+000  0.000000e+000  0.000000e+000  0.000000e+000  0.000000e+000  0.000000e+000  0.000000e+000  0.000000e+000  
0.000000e+000  0.000000e+000  0.000000e+000  0.000000e+000  0.000000e+000  0.000000e+000  0.000000e+000  0.000000e+000  0.000000e+000  
0.000000e+000  0.000000e+000  0.000000e+000  0.000000e+000  0.000000e+000  0.000000e+000  0.000000e+000  0.000000e+000  0.000000e+000  
0.000000e+000  0.000000e+000  0.000000e+000  0.000000e+000  0.000000e+000  0.000000e+000  0.000000e+000  0.000000e+000  0.000000e+000  
0.000000e+000  0.000000e+000  0.000000e+000  0.000000e+000  0.000000e+000  0.000000e+000  0.000000e+000  0.000000e+000  0.000000e+000  
0.000000e+000  0.000000e+000  0.000000e+000  0.000000e+000  0.000000e+000  0.000000e+000  0.000000e+000  0.000000e+000  0.000000e+000  
0.000000e+000  0.000000e+000  0.000000e+000  0.000000e+000  0.000000e+000  0.000000e+000  0.000000e+000  0.000000e+000  0.000000e+000  
0.000000e+000  0.000000e+000  0.000000e+000  0.000000e+000  0.000000e+000  0.000000e+000  0.000000e+000  0.000000e+000  0.000000e+000  
0.000000e+000  0.000000e+000  0.000000e+000  0.000000e+000  0.000000e+000  0.000000e+000  0.000000e+000  0.000000e+000  0.000000e+000  
0.000000e+000  0.000000e+000  0.000000e+000  0.000000e+000  0.000000e+000  0.000000e+000  0.000000e+000  0.000000e+000  0.000000e+000  
0.000000e+000  0.000000e+000  0.000000e+000  0.000000e+000  0.000000e+000  0.000000e+000  0.000000e+000  0.000000e+000  0.000000e+000  
0.000000e+000  0.000000e+000  0.000000e+000  0.000000e+000  0.000000e+000  0.000000e+000  0.000000e+000  0.000000e+000  0.000000e+000  
0.000000e+000  0.000000e+000  0.000000e+000  0.000000e+000  0.000000e+000  0.000000e+000  0.000000e+000  0.000000e+000  0.000000e+000  
0.000000e+000  0.000000e+000  0.000000e+000  0.000000e+000  0.000000e+000  0.000000e+000  0.000000e+000  0.000000e+000  0.000000e+000  
0.000000e+000  0.000000e+000  0.000000e+000  0.000000e+000  0.000000e+000  0.000000e+000  0.000000e+000  0.000000e+000  0.000000e+000  

0.000000e+000  0.000000e+000  0.000000e+000  0.000000e+000  0.000000e+000  0.000000e+000  0.000000e+000  0.000000e+000  0.000000e+000  
0.000000e+000  -1.640275e+000  -3.558628e+000  -5.548821e+000  -6.869070e+000  -8.077132e+000  -8.886858e+000  -4.544482e+000  0.000000e+000  
0.000000e+000  -3.231388e+000  -7.060693e+000  -1.116659e+001  -1.402693e+001  -1.679010e+001  -1.883064e+001  -9.628611e+000  0.000000e+000  
0.000000e+000  -4.681831e+000  -1.033158e+001  -1.669224e+001  -2.147449e+001  -2.650158e+001  -3.077662e+001  -1.571846e+001  0.000000e+000  
0.000000e+000  -5.944208e+000  -1.324625e+001  -2.194262e+001  -2.915327e+001  -3.762514e+001  -4.621297e+001  -2.349471e+001  0.000000e+000  
0.000000e+000  -6.928444e+000  -1.551459e+001  -2.624310e+001  -3.615316e+001  -4.948835e+001  -6.621149e+001  -3.320691e+001  0.000000e+000  
0.000000e+000  -7.565576e+000  -1.682747e+001  -2.851779e+001  -4.032193e+001  -5.886629e+001  -8.937412e+001  -4.316903e+001  0.000000e+000  
0.000000e+000  -7.858437e+000  -1.706651e+001  -2.775557e+001  -3.821199e+001  -5.680832e+001  -1.021841e+002  -4.429194e+001  0.000000e+000  
0.000000e+000  -7.919596e+000  -1.660583e+001  -2.453225e+001  -2.827887e+001  -2.743131e+001  0.000000e+000  -7.220162e+000  0.000000e+000  
0.000000e+000  -7.931147e+000  -1.638098e+001  -2.314106e+001  -2.447747e+001  -1.920523e+001  0.000000e+000  -1.840338e+000  0.000000e+000  
0.000000e+000  -7.956016e+000  -1.646603e+001  -2.338938e+001  -2.496536e+001  -1.992854e+001  0.000000e+000  -2.201847e+000  0.000000e+000  
0.000000e+000  -7.988457e+000  -1.683778e+001  -2.521684e+001  -2.975135e+001  -3.019924e+001  0.000000e+000  -9.432495e+000  0.000000e+000  
0.000000e+000  -7.976190e+000  -1.724792e+001  -2.769925e+001  -3.737843e+001  -5.432859e+001  -1.008623e+002  -4.177304e+001  0.000000e+000  
0.000000e+000  -7.844401e+000  -1.733021e+001  -2.908750e+001  -4.111663e+001  -6.137308e+001  -1.002601e+002  -4.683617e+001  0.000000e+000  
0.000000e+000  -7.531989e+000  -1.684191e+001  -2.869009e+001  -4.043922e+001  -5.800884e+001  -8.400842e+001  -4.135833e+001  0.000000e+000  
0.000000e+000  -6.791725e+000  -1.521204e+001  -2.561719e+001  -3.490466e+001  -4.680420e+001  -6.052476e+001  -3.057472e+001  0.000000e+000  
0.000000e+000  -5.710105e+000  -1.268994e+001  -2.084992e+001  -2.737937e+001  -3.472748e+001  -4.166394e+001  -2.123894e+001  0.000000e+000  
0.000000e+000  -4.371874e+000  -9.609566e+000  -1.539196e+001  -1.960747e+001  -2.388783e+001  -2.731946e+001  -1.396452e+001  0.000000e+000  
0.000000e+000  -3.260572e+000  -7.112004e+000  -1.120882e+001  -1.402841e+001  -1.671324e+001  -1.864030e+001  -9.533765e+000  0.000000e+000  
0.000000e+000  -1.653908e+000  -3.580879e+000  -5.562797e+000  -6.861576e+000  -8.033193e+000  -8.795631e+000  -4.498345e+000  0.000000e+000  
0.000000e+000  0.000000e+000  0.000000e+000  0.000000e+000  0.000000e+000  0.000000e+000  0.000000e+000  0.000000e+000  0.000000e+000  

