Port monitor named: Port1_h1.prt

nx        = 67
ny        = 69
nz        = 25

nu        = 9
nv        = 21
iu        = 8
iv        = 11

idir      = 1
dcut      = 2.750000e-002
icut      = 61
type      = 1
frequency = 3.500000e+009

fcutoff   = 0.000000e+000
alpha     = 0.000000e+000
beta      = 1.352472e+002
accuracy  = 8.438606e-015

type          = QTEM
wave imp.     = 2.051351e+002
wave imp.sig. = 1.013988e-001
line imp.     = 4.918068e+001

ref. port     = 0

-0.000000e+000  -1.603135e-001  -2.943594e-001  -3.500222e-001  -3.353967e-001  -2.754517e-001  -1.708785e-001  -8.925050e-002  -0.000000e+000  
-0.000000e+000  -1.724858e-001  -3.249830e-001  -4.007468e-001  -3.938022e-001  -3.316570e-001  -2.098441e-001  -1.104069e-001  -0.000000e+000  
-0.000000e+000  -1.921301e-001  -3.772433e-001  -4.934634e-001  -5.058969e-001  -4.448650e-001  -2.914932e-001  -1.553331e-001  -0.000000e+000  
-0.000000e+000  -2.158523e-001  -4.451822e-001  -6.251515e-001  -6.758756e-001  -6.282643e-001  -4.314978e-001  -2.337447e-001  -0.000000e+000  
-0.000000e+000  -2.438028e-001  -5.391432e-001  -8.409908e-001  -9.907549e-001  -1.011707e+000  -7.570597e-001  -4.211377e-001  -0.000000e+000  
-0.000000e+000  -2.616137e-001  -6.262911e-001  -1.108411e+000  -1.466054e+000  -1.712943e+000  -1.469121e+000  -8.412826e-001  -0.000000e+000  
-0.000000e+000  -2.549183e-001  -6.574508e-001  -1.324481e+000  -2.014967e+000  -2.819856e+000  -2.992698e+000  -1.720779e+000  -0.000000e+000  
-0.000000e+000  -2.271189e-001  -6.224492e-001  -1.400454e+000  -2.442695e+000  -4.185048e+000  -5.966344e+000  -3.166880e+000  -0.000000e+000  
-0.000000e+000  -1.733626e-001  -4.998629e-001  -1.237491e+000  -2.481039e+000  -5.580860e+000  -1.364652e+001  -5.170327e+000  -0.000000e+000  
-0.000000e+000  -9.554433e-002  -2.841193e-001  -7.285845e-001  -1.435381e+000  -2.722590e+000  -0.000000e+000  -2.924110e+000  -0.000000e+000  
-0.000000e+000  -2.982213e-003  -1.051003e-002  -3.069045e-002  -5.929852e-002  -8.647166e-002  -0.000000e+000  -2.504423e-002  -0.000000e+000  
-0.000000e+000  9.032208e-002  2.659491e-001  6.742026e-001  1.315156e+000  2.478743e+000  -0.000000e+000  2.795891e+000  -0.000000e+000  
-0.000000e+000  1.834453e-001  5.270721e-001  1.298591e+000  2.571906e+000  5.536863e+000  1.153914e+001  4.930919e+000  -0.000000e+000  
-0.000000e+000  2.451756e-001  6.530735e-001  1.391536e+000  2.259129e+000  3.472641e+000  4.201925e+000  2.339622e+000  -0.000000e+000  
-0.000000e+000  2.628507e-001  6.434706e-001  1.182872e+000  1.628474e+000  2.005689e+000  1.832104e+000  1.052220e+000  -0.000000e+000  
-0.000000e+000  2.506016e-001  5.658726e-001  9.125551e-001  1.108293e+000  1.173489e+000  9.113287e-001  5.114199e-001  -0.000000e+000  
-0.000000e+000  2.243596e-001  4.713392e-001  6.807269e-001  7.530768e-001  7.181165e-001  5.048617e-001  2.755661e-001  -0.000000e+000  
-0.000000e+000  1.963610e-001  3.881845e-001  5.128729e-001  5.298438e-001  4.697949e-001  3.100595e-001  1.656518e-001  -0.000000e+000  
-0.000000e+000  1.740336e-001  3.284233e-001  4.060171e-001  3.998064e-001  3.374955e-001  2.139766e-001  1.126678e-001  -0.000000e+000  
-0.000000e+000  1.618811e-001  2.976750e-001  3.547169e-001  3.404134e-001  2.800103e-001  1.739259e-001  9.088530e-002  -0.000000e+000  
-0.000000e+000  -0.000000e+000  -0.000000e+000  -0.000000e+000  -0.000000e+000  -0.000000e+000  -0.000000e+000  -0.000000e+000  -0.000000e+000  

-0.000000e+000  -0.000000e+000  -0.000000e+000  -0.000000e+000  -0.000000e+000  -0.000000e+000  -0.000000e+000  -0.000000e+000  -0.000000e+000  
2.703774e-002  4.663550e-003  -4.725521e-002  -1.115352e-001  -1.686439e-001  -2.239604e-001  -2.580026e-001  -2.735180e-001  -0.000000e+000  
6.182844e-002  2.012538e-002  -8.202132e-002  -2.172715e-001  -3.433081e-001  -4.712359e-001  -5.522349e-001  -5.892009e-001  -0.000000e+000  
9.680320e-002  4.568440e-002  -8.873754e-002  -2.828011e-001  -4.756263e-001  -6.843622e-001  -8.225012e-001  -8.858009e-001  -0.000000e+000  
1.590371e-001  1.057704e-001  -5.736140e-002  -3.352768e-001  -6.467228e-001  -1.026333e+000  -1.300904e+000  -1.427837e+000  -0.000000e+000  
2.411847e-001  2.057601e-001  5.295791e-002  -2.913032e-001  -7.598069e-001  -1.449838e+000  -2.036087e+000  -2.309044e+000  -0.000000e+000  
3.396840e-001  3.499932e-001  2.829268e-001  -3.660778e-002  -6.535530e-001  -1.891748e+000  -3.295448e+000  -3.926761e+000  -0.000000e+000  
4.166095e-001  4.800042e-001  5.507374e-001  4.140128e-001  -1.479460e-001  -1.924020e+000  -5.077811e+000  -6.266661e+000  -0.000000e+000  
4.880261e-001  6.139933e-001  8.806429e-001  1.144541e+000  1.085704e+000  -7.280903e-001  -8.799737e+000  -1.043101e+001  -0.000000e+000  
5.441097e-001  7.281332e-001  1.203305e+000  2.047398e+000  3.388492e+000  7.067165e+000  -1.887960e+001  -1.708907e+001  -0.000000e+000  
5.756134e-001  7.952292e-001  1.399978e+000  2.561185e+000  4.329623e+000  7.724370e+000  -2.317682e+001  -2.085907e+001  -0.000000e+000  
5.768313e-001  7.982496e-001  1.409409e+000  2.582419e+000  4.348879e+000  7.652365e+000  -2.315281e+001  -2.089731e+001  -0.000000e+000  
5.474695e-001  7.363552e-001  1.229690e+000  2.118028e+000  3.500190e+000  6.873873e+000  -1.875996e+001  -1.730087e+001  -0.000000e+000  
4.688537e-001  5.768786e-001  7.807954e-001  8.884925e-001  5.763602e-001  -1.434546e+000  -7.231917e+000  -8.816928e+000  -0.000000e+000  
3.680171e-001  3.964502e-001  3.730148e-001  1.016111e-001  -5.185226e-001  -1.952231e+000  -3.851019e+000  -4.652926e+000  -0.000000e+000  
2.669462e-001  2.415229e-001  1.046075e-001  -2.434958e-001  -7.557259e-001  -1.573108e+000  -2.325565e+000  -2.672712e+000  -0.000000e+000  
1.797647e-001  1.294800e-001  -3.485414e-002  -3.332096e-001  -6.841169e-001  -1.134029e+000  -1.474124e+000  -1.631673e+000  -0.000000e+000  
1.120623e-001  5.919159e-002  -8.478716e-002  -3.010723e-001  -5.223895e-001  -7.692363e-001  -9.362572e-001  -1.012935e+000  -0.000000e+000  
6.307454e-002  2.154914e-002  -8.077381e-002  -2.173082e-001  -3.453654e-001  -4.762827e-001  -5.596218e-001  -5.976697e-001  -0.000000e+000  
2.765997e-002  5.327423e-003  -4.678663e-002  -1.117709e-001  -1.698179e-001  -2.263591e-001  -2.612774e-001  -2.771926e-001  -0.000000e+000  
-0.000000e+000  -0.000000e+000  -0.000000e+000  -0.000000e+000  -0.000000e+000  -0.000000e+000  -0.000000e+000  -0.000000e+000  -0.000000e+000  

0.000000e+000  0.000000e+000  0.000000e+000  0.000000e+000  0.000000e+000  0.000000e+000  0.000000e+000  0.000000e+000  0.000000e+000  
0.000000e+000  0.000000e+000  0.000000e+000  0.000000e+000  0.000000e+000  0.000000e+000  0.000000e+000  0.000000e+000  0.000000e+000  
0.000000e+000  0.000000e+000  0.000000e+000  0.000000e+000  0.000000e+000  0.000000e+000  0.000000e+000  0.000000e+000  0.000000e+000  
0.000000e+000  0.000000e+000  0.000000e+000  0.000000e+000  0.000000e+000  0.000000e+000  0.000000e+000  0.000000e+000  0.000000e+000  
0.000000e+000  0.000000e+000  0.000000e+000  0.000000e+000  0.000000e+000  0.000000e+000  0.000000e+000  0.000000e+000  0.000000e+000  
0.000000e+000  0.000000e+000  0.000000e+000  0.000000e+000  0.000000e+000  0.000000e+000  0.000000e+000  0.000000e+000  0.000000e+000  
0.000000e+000  0.000000e+000  0.000000e+000  0.000000e+000  0.000000e+000  0.000000e+000  0.000000e+000  0.000000e+000  0.000000e+000  
0.000000e+000  0.000000e+000  0.000000e+000  0.000000e+000  0.000000e+000  0.000000e+000  0.000000e+000  0.000000e+000  0.000000e+000  
0.000000e+000  0.000000e+000  0.000000e+000  0.000000e+000  0.000000e+000  0.000000e+000  0.000000e+000  0.000000e+000  0.000000e+000  
0.000000e+000  0.000000e+000  0.000000e+000  0.000000e+000  0.000000e+000  0.000000e+000  0.000000e+000  0.000000e+000  0.000000e+000  
0.000000e+000  0.000000e+000  0.000000e+000  0.000000e+000  0.000000e+000  0.000000e+000  0.000000e+000  0.000000e+000  0.000000e+000  
0.000000e+000  0.000000e+000  0.000000e+000  0.000000e+000  0.000000e+000  0.000000e+000  0.000000e+000  0.000000e+000  0.000000e+000  
0.000000e+000  0.000000e+000  0.000000e+000  0.000000e+000  0.000000e+000  0.000000e+000  0.000000e+000  0.000000e+000  0.000000e+000  
0.000000e+000  0.000000e+000  0.000000e+000  0.000000e+000  0.000000e+000  0.000000e+000  0.000000e+000  0.000000e+000  0.000000e+000  
0.000000e+000  0.000000e+000  0.000000e+000  0.000000e+000  0.000000e+000  0.000000e+000  0.000000e+000  0.000000e+000  0.000000e+000  
0.000000e+000  0.000000e+000  0.000000e+000  0.000000e+000  0.000000e+000  0.000000e+000  0.000000e+000  0.000000e+000  0.000000e+000  
0.000000e+000  0.000000e+000  0.000000e+000  0.000000e+000  0.000000e+000  0.000000e+000  0.000000e+000  0.000000e+000  0.000000e+000  
0.000000e+000  0.000000e+000  0.000000e+000  0.000000e+000  0.000000e+000  0.000000e+000  0.000000e+000  0.000000e+000  0.000000e+000  
0.000000e+000  0.000000e+000  0.000000e+000  0.000000e+000  0.000000e+000  0.000000e+000  0.000000e+000  0.000000e+000  0.000000e+000  
0.000000e+000  0.000000e+000  0.000000e+000  0.000000e+000  0.000000e+000  0.000000e+000  0.000000e+000  0.000000e+000  0.000000e+000  
0.000000e+000  0.000000e+000  0.000000e+000  0.000000e+000  0.000000e+000  0.000000e+000  0.000000e+000  0.000000e+000  0.000000e+000  

0.000000e+000  0.000000e+000  0.000000e+000  0.000000e+000  0.000000e+000  0.000000e+000  0.000000e+000  0.000000e+000  0.000000e+000  
0.000000e+000  0.000000e+000  0.000000e+000  0.000000e+000  0.000000e+000  0.000000e+000  0.000000e+000  0.000000e+000  0.000000e+000  
0.000000e+000  0.000000e+000  0.000000e+000  0.000000e+000  0.000000e+000  0.000000e+000  0.000000e+000  0.000000e+000  0.000000e+000  
0.000000e+000  0.000000e+000  0.000000e+000  0.000000e+000  0.000000e+000  0.000000e+000  0.000000e+000  0.000000e+000  0.000000e+000  
0.000000e+000  0.000000e+000  0.000000e+000  0.000000e+000  0.000000e+000  0.000000e+000  0.000000e+000  0.000000e+000  0.000000e+000  
0.000000e+000  0.000000e+000  0.000000e+000  0.000000e+000  0.000000e+000  0.000000e+000  0.000000e+000  0.000000e+000  0.000000e+000  
0.000000e+000  0.000000e+000  0.000000e+000  0.000000e+000  0.000000e+000  0.000000e+000  0.000000e+000  0.000000e+000  0.000000e+000  
0.000000e+000  0.000000e+000  0.000000e+000  0.000000e+000  0.000000e+000  0.000000e+000  0.000000e+000  0.000000e+000  0.000000e+000  
0.000000e+000  0.000000e+000  0.000000e+000  0.000000e+000  0.000000e+000  0.000000e+000  0.000000e+000  0.000000e+000  0.000000e+000  
0.000000e+000  0.000000e+000  0.000000e+000  0.000000e+000  0.000000e+000  0.000000e+000  0.000000e+000  0.000000e+000  0.000000e+000  
0.000000e+000  0.000000e+000  0.000000e+000  0.000000e+000  0.000000e+000  0.000000e+000  0.000000e+000  0.000000e+000  0.000000e+000  
0.000000e+000  0.000000e+000  0.000000e+000  0.000000e+000  0.000000e+000  0.000000e+000  0.000000e+000  0.000000e+000  0.000000e+000  
0.000000e+000  0.000000e+000  0.000000e+000  0.000000e+000  0.000000e+000  0.000000e+000  0.000000e+000  0.000000e+000  0.000000e+000  
0.000000e+000  0.000000e+000  0.000000e+000  0.000000e+000  0.000000e+000  0.000000e+000  0.000000e+000  0.000000e+000  0.000000e+000  
0.000000e+000  0.000000e+000  0.000000e+000  0.000000e+000  0.000000e+000  0.000000e+000  0.000000e+000  0.000000e+000  0.000000e+000  
0.000000e+000  0.000000e+000  0.000000e+000  0.000000e+000  0.000000e+000  0.000000e+000  0.000000e+000  0.000000e+000  0.000000e+000  
0.000000e+000  0.000000e+000  0.000000e+000  0.000000e+000  0.000000e+000  0.000000e+000  0.000000e+000  0.000000e+000  0.000000e+000  
0.000000e+000  0.000000e+000  0.000000e+000  0.000000e+000  0.000000e+000  0.000000e+000  0.000000e+000  0.000000e+000  0.000000e+000  
0.000000e+000  0.000000e+000  0.000000e+000  0.000000e+000  0.000000e+000  0.000000e+000  0.000000e+000  0.000000e+000  0.000000e+000  
0.000000e+000  0.000000e+000  0.000000e+000  0.000000e+000  0.000000e+000  0.000000e+000  0.000000e+000  0.000000e+000  0.000000e+000  
0.000000e+000  0.000000e+000  0.000000e+000  0.000000e+000  0.000000e+000  0.000000e+000  0.000000e+000  0.000000e+000  0.000000e+000  

0.000000e+000  0.000000e+000  0.000000e+000  0.000000e+000  0.000000e+000  0.000000e+000  0.000000e+000  0.000000e+000  0.000000e+000  
0.000000e+000  0.000000e+000  0.000000e+000  0.000000e+000  0.000000e+000  0.000000e+000  0.000000e+000  0.000000e+000  0.000000e+000  
0.000000e+000  0.000000e+000  0.000000e+000  0.000000e+000  0.000000e+000  0.000000e+000  0.000000e+000  0.000000e+000  0.000000e+000  
0.000000e+000  0.000000e+000  0.000000e+000  0.000000e+000  0.000000e+000  0.000000e+000  0.000000e+000  0.000000e+000  0.000000e+000  
0.000000e+000  0.000000e+000  0.000000e+000  0.000000e+000  0.000000e+000  0.000000e+000  0.000000e+000  0.000000e+000  0.000000e+000  
0.000000e+000  0.000000e+000  0.000000e+000  0.000000e+000  0.000000e+000  0.000000e+000  0.000000e+000  0.000000e+000  0.000000e+000  
0.000000e+000  0.000000e+000  0.000000e+000  0.000000e+000  0.000000e+000  0.000000e+000  0.000000e+000  0.000000e+000  0.000000e+000  
0.000000e+000  0.000000e+000  0.000000e+000  0.000000e+000  0.000000e+000  0.000000e+000  0.000000e+000  0.000000e+000  0.000000e+000  
0.000000e+000  0.000000e+000  0.000000e+000  0.000000e+000  0.000000e+000  0.000000e+000  0.000000e+000  0.000000e+000  0.000000e+000  
0.000000e+000  0.000000e+000  0.000000e+000  0.000000e+000  0.000000e+000  0.000000e+000  0.000000e+000  0.000000e+000  0.000000e+000  
0.000000e+000  0.000000e+000  0.000000e+000  0.000000e+000  0.000000e+000  0.000000e+000  0.000000e+000  0.000000e+000  0.000000e+000  
0.000000e+000  0.000000e+000  0.000000e+000  0.000000e+000  0.000000e+000  0.000000e+000  0.000000e+000  0.000000e+000  0.000000e+000  
0.000000e+000  0.000000e+000  0.000000e+000  0.000000e+000  0.000000e+000  0.000000e+000  0.000000e+000  0.000000e+000  0.000000e+000  
0.000000e+000  0.000000e+000  0.000000e+000  0.000000e+000  0.000000e+000  0.000000e+000  0.000000e+000  0.000000e+000  0.000000e+000  
0.000000e+000  0.000000e+000  0.000000e+000  0.000000e+000  0.000000e+000  0.000000e+000  0.000000e+000  0.000000e+000  0.000000e+000  
0.000000e+000  0.000000e+000  0.000000e+000  0.000000e+000  0.000000e+000  0.000000e+000  0.000000e+000  0.000000e+000  0.000000e+000  
0.000000e+000  0.000000e+000  0.000000e+000  0.000000e+000  0.000000e+000  0.000000e+000  0.000000e+000  0.000000e+000  0.000000e+000  
0.000000e+000  0.000000e+000  0.000000e+000  0.000000e+000  0.000000e+000  0.000000e+000  0.000000e+000  0.000000e+000  0.000000e+000  
0.000000e+000  0.000000e+000  0.000000e+000  0.000000e+000  0.000000e+000  0.000000e+000  0.000000e+000  0.000000e+000  0.000000e+000  
0.000000e+000  0.000000e+000  0.000000e+000  0.000000e+000  0.000000e+000  0.000000e+000  0.000000e+000  0.000000e+000  0.000000e+000  
0.000000e+000  0.000000e+000  0.000000e+000  0.000000e+000  0.000000e+000  0.000000e+000  0.000000e+000  0.000000e+000  0.000000e+000  

-3.442309e-001  -3.853839e-001  -4.567065e-001  -5.225303e-001  -5.731904e-001  -6.180700e-001  -6.482411e-001  -6.621431e-001  -0.000000e+000  
-3.393786e-001  -3.832149e-001  -4.609577e-001  -5.350389e-001  -5.933064e-001  -6.459887e-001  -6.806118e-001  -6.958452e-001  -0.000000e+000  
-3.301185e-001  -3.782363e-001  -4.668183e-001  -5.557993e-001  -6.284416e-001  -6.965325e-001  -7.398771e-001  -7.573810e-001  -0.000000e+000  
-3.162942e-001  -3.695026e-001  -4.719863e-001  -5.818052e-001  -6.758384e-001  -7.682820e-001  -8.252328e-001  -8.454579e-001  -0.000000e+000  
-2.915091e-001  -3.504873e-001  -4.716833e-001  -6.147614e-001  -7.472176e-001  -8.885914e-001  -9.721846e-001  -9.943521e-001  -0.000000e+000  
-2.554077e-001  -3.175993e-001  -4.552465e-001  -6.380155e-001  -8.262159e-001  -1.052708e+000  -1.180968e+000  -1.195477e+000  -0.000000e+000  
-2.123337e-001  -2.721395e-001  -4.140755e-001  -6.267909e-001  -8.761213e-001  -1.229534e+000  -1.423061e+000  -1.396895e+000  -0.000000e+000  
-1.678833e-001  -2.206580e-001  -3.532841e-001  -5.738403e-001  -8.676319e-001  -1.369794e+000  -1.645857e+000  -1.521269e+000  -0.000000e+000  
-1.165366e-001  -1.565134e-001  -2.619120e-001  -4.537756e-001  -7.450671e-001  -1.387353e+000  -1.767837e+000  -1.442933e+000  -0.000000e+000  
-5.982888e-002  -8.172485e-002  -1.411865e-001  -2.532657e-001  -4.210963e-001  -7.372180e-001  -9.772388e-001  -8.493041e-001  -0.000000e+000  
-1.330827e-004  -7.336444e-004  -2.703665e-003  -7.011674e-003  -1.340632e-002  -2.270927e-002  -5.389484e-002  -5.128717e-002  -0.000000e+000  
5.966414e-002  8.050999e-002  1.365654e-001  2.410020e-001  3.958591e-001  6.857559e-001  8.656596e-001  7.510754e-001  -0.000000e+000  
1.261494e-001  1.685655e-001  2.799813e-001  4.817701e-001  7.845779e-001  1.425340e+000  1.768177e+000  1.473655e+000  -0.000000e+000  
1.920776e-001  2.493169e-001  3.893234e-001  6.104228e-001  8.856174e-001  1.310286e+000  1.536408e+000  1.467493e+000  -0.000000e+000  
2.449381e-001  3.071459e-001  4.476954e-001  6.409256e-001  8.472205e-001  1.107210e+000  1.251308e+000  1.256111e+000  -0.000000e+000  
2.844272e-001  3.447178e-001  4.710076e-001  6.246832e-001  7.708784e-001  9.318727e-001  1.025496e+000  1.046265e+000  -0.000000e+000  
3.120367e-001  3.670072e-001  4.746752e-001  5.930041e-001  6.964122e-001  8.003133e-001  8.634598e-001  8.842766e-001  -0.000000e+000  
3.300247e-001  3.790357e-001  4.698106e-001  5.618010e-001  6.374038e-001  7.087664e-001  7.539312e-001  7.718019e-001  -0.000000e+000  
3.407296e-001  3.848826e-001  4.632912e-001  5.381649e-001  5.971593e-001  6.506054e-001  6.856698e-001  7.010133e-001  -0.000000e+000  
3.456516e-001  3.871309e-001  4.591087e-001  5.256583e-001  5.769463e-001  6.224470e-001  6.529896e-001  6.670117e-001  -0.000000e+000  
-0.000000e+000  -0.000000e+000  -0.000000e+000  -0.000000e+000  -0.000000e+000  -0.000000e+000  -0.000000e+000  -0.000000e+000  -0.000000e+000  

