Port monitor named: Port4_e1.prt

nx        = 76
ny        = 76
nz        = 25

nu        = 9
nv        = 24
iu        = 8
iv        = 43

idir      = 1
dcut      = -2.750000e-002
icut      = 9
type      = 0
frequency = 3.500000e+009

fcutoff   = 0.000000e+000
alpha     = 0.000000e+000
beta      = 1.350185e+002
accuracy  = 1.921525e-014

type          = QTEM
wave imp.     = 2.055595e+002
wave imp.sig. = 2.763508e-002
line imp.     = 4.922105e+001

ref. port     = 0

0.000000e+000  0.000000e+000  0.000000e+000  0.000000e+000  0.000000e+000  0.000000e+000  0.000000e+000  0.000000e+000  0.000000e+000  
-4.959078e-001  4.921932e+000  1.676949e+001  3.024974e+001  4.116784e+001  5.006366e+001  1.295906e+001  1.424621e+001  0.000000e+000  
-2.724611e+000  7.621311e+000  3.146703e+001  6.062054e+001  8.556285e+001  1.071888e+002  2.855185e+001  3.207135e+001  0.000000e+000  
-6.797551e+000  6.456379e+000  3.925588e+001  8.342148e+001  1.242274e+002  1.628636e+002  4.548547e+001  5.285374e+001  0.000000e+000  
-1.353879e+001  1.093569e+000  4.119949e+001  1.028197e+002  1.661666e+002  2.338168e+002  7.060031e+001  8.631400e+001  0.000000e+000  
-2.331336e+001  -9.806062e+000  3.340490e+001  1.129202e+002  2.075953e+002  3.264959e+002  1.120355e+002  1.469707e+002  0.000000e+000  
-3.604493e+001  -2.726828e+001  1.066421e+001  1.019593e+002  2.355928e+002  4.445787e+002  1.879507e+002  2.683627e+002  0.000000e+000  
-4.280597e+001  -3.777952e+001  -7.104420e+000  8.243932e+001  2.322540e+002  5.035804e+002  2.513888e+002  3.740073e+002  0.000000e+000  
-5.866698e+001  -6.510476e+001  -6.223086e+001  -6.402533e-001  1.649238e+002  6.110144e+002  4.907470e+002  7.655046e+002  0.000000e+000  
-7.411507e+001  -9.533437e+001  -1.385156e+002  -1.670866e+002  -9.785923e+001  4.581533e+002  1.165088e+003  1.656038e+003  0.000000e+000  
-8.640386e+001  -1.218879e+002  -2.181700e+002  -4.004235e+002  -7.055943e+002  -1.572364e+003  3.927507e+003  3.436464e+003  0.000000e+000  
-9.255576e+001  -1.357938e+002  -2.613586e+002  -5.179444e+002  -9.243104e+002  -1.716500e+003  4.776868e+003  4.261567e+003  0.000000e+000  
-9.247108e+001  -1.356032e+002  -2.607875e+002  -5.165959e+002  -9.229372e+002  -1.721069e+003  4.779011e+003  4.258719e+003  0.000000e+000  
-8.616693e+001  -1.213659e+002  -2.165920e+002  -3.960155e+002  -6.978694e+002  -1.584695e+003  3.937559e+003  3.420136e+003  0.000000e+000  
-7.492476e+001  -9.708774e+001  -1.438422e+002  -1.821100e+002  -1.300705e+002  4.117557e+002  1.258018e+003  1.754787e+003  0.000000e+000  
-6.083897e+001  -6.919980e+001  -7.199711e+001  -1.954879e+001  1.415863e+002  6.150435e+002  5.483984e+002  8.562546e+002  0.000000e+000  
-4.609900e+001  -4.311859e+001  -1.688686e+001  7.016526e+001  2.272873e+002  5.326512e+002  2.869958e+002  4.341679e+002  0.000000e+000  
-3.576864e+001  -2.677523e+001  1.148108e+001  1.024982e+002  2.349904e+002  4.419756e+002  1.870571e+002  2.669880e+002  0.000000e+000  
-2.950803e+001  -1.771978e+001  2.478976e+001  1.127404e+002  2.270734e+002  3.840182e+002  1.426246e+002  1.941171e+002  0.000000e+000  
-1.538989e+001  -6.550049e-001  4.083141e+001  1.066529e+002  1.760381e+002  2.521823e+002  7.767016e+001  9.609823e+001  0.000000e+000  
-6.430065e+000  6.644212e+000  3.881937e+001  8.190082e+001  1.215965e+002  1.591202e+002  4.439139e+001  5.154593e+001  0.000000e+000  
-2.678369e+000  7.640582e+000  3.141302e+001  6.049344e+001  8.540872e+001  1.070622e+002  2.854747e+001  3.209189e+001  0.000000e+000  
-4.753317e-001  4.928024e+000  1.674190e+001  3.019354e+001  4.110160e+001  5.000545e+001  1.295252e+001  1.424654e+001  0.000000e+000  
0.000000e+000  0.000000e+000  0.000000e+000  0.000000e+000  0.000000e+000  0.000000e+000  0.000000e+000  0.000000e+000  0.000000e+000  

0.000000e+000  -2.380487e+001  -4.073719e+001  -4.130026e+001  -3.121042e+001  -1.256776e+001  1.291627e+001  6.232891e+000  0.000000e+000  
0.000000e+000  -2.655372e+001  -4.728253e+001  -5.122372e+001  -4.146306e+001  -2.047420e+001  1.071567e+001  4.869329e+000  0.000000e+000  
0.000000e+000  -3.121190e+001  -5.903089e+001  -7.047185e+001  -6.259227e+001  -3.805226e+001  4.704387e+000  1.097261e+000  0.000000e+000  
0.000000e+000  -3.640859e+001  -7.320857e+001  -9.624043e+001  -9.334245e+001  -6.638763e+001  -7.451640e+000  -6.645389e+000  0.000000e+000  
0.000000e+000  -4.205751e+001  -9.050244e+001  -1.324562e+002  -1.417745e+002  -1.173924e+002  -3.531049e+001  -2.464766e+001  0.000000e+000  
0.000000e+000  -4.707810e+001  -1.089626e+002  -1.794512e+002  -2.151365e+002  -2.092621e+002  -1.005389e+002  -6.716920e+001  0.000000e+000  
0.000000e+000  -4.916102e+001  -1.205166e+002  -2.191663e+002  -2.921146e+002  -3.303732e+002  -2.166025e+002  -1.419747e+002  0.000000e+000  
0.000000e+000  -5.001294e+001  -1.295953e+002  -2.584759e+002  -3.798604e+002  -4.909601e+002  -4.055815e+002  -2.591303e+002  0.000000e+000  
0.000000e+000  -4.597289e+001  -1.284479e+002  -2.940542e+002  -5.129187e+002  -8.567494e+002  -1.086833e+003  -6.244490e+002  0.000000e+000  
0.000000e+000  -3.526876e+001  -1.049855e+002  -2.714834e+002  -5.655353e+002  -1.315719e+003  -3.171726e+003  -1.283037e+003  0.000000e+000  
0.000000e+000  -1.881144e+001  -5.774253e+001  -1.545504e+002  -3.148602e+002  -6.114423e+002  0.000000e+000  -6.424150e+002  0.000000e+000  
0.000000e+000  2.012867e-001  6.682784e-001  1.877574e+000  3.672367e+000  5.551112e+000  0.000000e+000  2.004172e+000  0.000000e+000  
0.000000e+000  1.917097e+001  5.891172e+001  1.578493e+002  3.222016e+002  6.271767e+002  0.000000e+000  6.526757e+002  0.000000e+000  
0.000000e+000  3.485426e+001  1.038004e+002  2.684367e+002  5.603252e+002  1.318927e+003  3.330727e+003  1.300730e+003  0.000000e+000  
0.000000e+000  4.513035e+001  1.270622e+002  2.950584e+002  5.250498e+002  9.061574e+002  1.216914e+003  6.854119e+002  0.000000e+000  
0.000000e+000  4.966593e+001  1.306728e+002  2.676869e+002  4.056664e+002  5.473274e+002  4.847141e+002  3.069113e+002  0.000000e+000  
0.000000e+000  4.948320e+001  1.224124e+002  2.256014e+002  3.038302e+002  3.469671e+002  2.300482e+002  1.508024e+002  0.000000e+000  
0.000000e+000  4.776320e+001  1.130847e+002  1.939424e+002  2.428097e+002  2.510499e+002  1.375250e+002  9.132756e+001  0.000000e+000  
0.000000e+000  4.405736e+001  9.722089e+001  1.480032e+002  1.641910e+002  1.430023e+002  5.113898e+001  3.494066e+001  0.000000e+000  
0.000000e+000  3.673562e+001  7.410049e+001  9.788110e+001  9.535780e+001  6.834126e+001  8.395808e+000  7.253286e+000  0.000000e+000  
0.000000e+000  3.100657e+001  5.856427e+001  6.980989e+001  6.195617e+001  3.762088e+001  -4.765144e+000  -1.131672e+000  0.000000e+000  
0.000000e+000  2.648275e+001  4.715935e+001  5.111132e+001  4.139759e+001  2.047089e+001  -1.067552e+001  -4.843837e+000  0.000000e+000  
0.000000e+000  2.374260e+001  4.063537e+001  4.121182e+001  3.115589e+001  1.255582e+001  -1.289365e+001  -6.219472e+000  0.000000e+000  
0.000000e+000  0.000000e+000  0.000000e+000  0.000000e+000  0.000000e+000  0.000000e+000  0.000000e+000  0.000000e+000  0.000000e+000  

0.000000e+000  0.000000e+000  0.000000e+000  0.000000e+000  0.000000e+000  0.000000e+000  0.000000e+000  0.000000e+000  0.000000e+000  
0.000000e+000  0.000000e+000  0.000000e+000  0.000000e+000  0.000000e+000  0.000000e+000  0.000000e+000  0.000000e+000  0.000000e+000  
0.000000e+000  0.000000e+000  0.000000e+000  0.000000e+000  0.000000e+000  0.000000e+000  0.000000e+000  0.000000e+000  0.000000e+000  
0.000000e+000  0.000000e+000  0.000000e+000  0.000000e+000  0.000000e+000  0.000000e+000  0.000000e+000  0.000000e+000  0.000000e+000  
0.000000e+000  0.000000e+000  0.000000e+000  0.000000e+000  0.000000e+000  0.000000e+000  0.000000e+000  0.000000e+000  0.000000e+000  
0.000000e+000  0.000000e+000  0.000000e+000  0.000000e+000  0.000000e+000  0.000000e+000  0.000000e+000  0.000000e+000  0.000000e+000  
0.000000e+000  0.000000e+000  0.000000e+000  0.000000e+000  0.000000e+000  0.000000e+000  0.000000e+000  0.000000e+000  0.000000e+000  
0.000000e+000  0.000000e+000  0.000000e+000  0.000000e+000  0.000000e+000  0.000000e+000  0.000000e+000  0.000000e+000  0.000000e+000  
0.000000e+000  0.000000e+000  0.000000e+000  0.000000e+000  0.000000e+000  0.000000e+000  0.000000e+000  0.000000e+000  0.000000e+000  
0.000000e+000  0.000000e+000  0.000000e+000  0.000000e+000  0.000000e+000  0.000000e+000  0.000000e+000  0.000000e+000  0.000000e+000  
0.000000e+000  0.000000e+000  0.000000e+000  0.000000e+000  0.000000e+000  0.000000e+000  0.000000e+000  0.000000e+000  0.000000e+000  
0.000000e+000  0.000000e+000  0.000000e+000  0.000000e+000  0.000000e+000  0.000000e+000  0.000000e+000  0.000000e+000  0.000000e+000  
0.000000e+000  0.000000e+000  0.000000e+000  0.000000e+000  0.000000e+000  0.000000e+000  0.000000e+000  0.000000e+000  0.000000e+000  
0.000000e+000  0.000000e+000  0.000000e+000  0.000000e+000  0.000000e+000  0.000000e+000  0.000000e+000  0.000000e+000  0.000000e+000  
0.000000e+000  0.000000e+000  0.000000e+000  0.000000e+000  0.000000e+000  0.000000e+000  0.000000e+000  0.000000e+000  0.000000e+000  
0.000000e+000  0.000000e+000  0.000000e+000  0.000000e+000  0.000000e+000  0.000000e+000  0.000000e+000  0.000000e+000  0.000000e+000  
0.000000e+000  0.000000e+000  0.000000e+000  0.000000e+000  0.000000e+000  0.000000e+000  0.000000e+000  0.000000e+000  0.000000e+000  
0.000000e+000  0.000000e+000  0.000000e+000  0.000000e+000  0.000000e+000  0.000000e+000  0.000000e+000  0.000000e+000  0.000000e+000  
0.000000e+000  0.000000e+000  0.000000e+000  0.000000e+000  0.000000e+000  0.000000e+000  0.000000e+000  0.000000e+000  0.000000e+000  
0.000000e+000  0.000000e+000  0.000000e+000  0.000000e+000  0.000000e+000  0.000000e+000  0.000000e+000  0.000000e+000  0.000000e+000  
0.000000e+000  0.000000e+000  0.000000e+000  0.000000e+000  0.000000e+000  0.000000e+000  0.000000e+000  0.000000e+000  0.000000e+000  
0.000000e+000  0.000000e+000  0.000000e+000  0.000000e+000  0.000000e+000  0.000000e+000  0.000000e+000  0.000000e+000  0.000000e+000  
0.000000e+000  0.000000e+000  0.000000e+000  0.000000e+000  0.000000e+000  0.000000e+000  0.000000e+000  0.000000e+000  0.000000e+000  
0.000000e+000  0.000000e+000  0.000000e+000  0.000000e+000  0.000000e+000  0.000000e+000  0.000000e+000  0.000000e+000  0.000000e+000  

0.000000e+000  0.000000e+000  0.000000e+000  0.000000e+000  0.000000e+000  0.000000e+000  0.000000e+000  0.000000e+000  0.000000e+000  
0.000000e+000  0.000000e+000  0.000000e+000  0.000000e+000  0.000000e+000  0.000000e+000  0.000000e+000  0.000000e+000  0.000000e+000  
0.000000e+000  0.000000e+000  0.000000e+000  0.000000e+000  0.000000e+000  0.000000e+000  0.000000e+000  0.000000e+000  0.000000e+000  
0.000000e+000  0.000000e+000  0.000000e+000  0.000000e+000  0.000000e+000  0.000000e+000  0.000000e+000  0.000000e+000  0.000000e+000  
0.000000e+000  0.000000e+000  0.000000e+000  0.000000e+000  0.000000e+000  0.000000e+000  0.000000e+000  0.000000e+000  0.000000e+000  
0.000000e+000  0.000000e+000  0.000000e+000  0.000000e+000  0.000000e+000  0.000000e+000  0.000000e+000  0.000000e+000  0.000000e+000  
0.000000e+000  0.000000e+000  0.000000e+000  0.000000e+000  0.000000e+000  0.000000e+000  0.000000e+000  0.000000e+000  0.000000e+000  
0.000000e+000  0.000000e+000  0.000000e+000  0.000000e+000  0.000000e+000  0.000000e+000  0.000000e+000  0.000000e+000  0.000000e+000  
0.000000e+000  0.000000e+000  0.000000e+000  0.000000e+000  0.000000e+000  0.000000e+000  0.000000e+000  0.000000e+000  0.000000e+000  
0.000000e+000  0.000000e+000  0.000000e+000  0.000000e+000  0.000000e+000  0.000000e+000  0.000000e+000  0.000000e+000  0.000000e+000  
0.000000e+000  0.000000e+000  0.000000e+000  0.000000e+000  0.000000e+000  0.000000e+000  0.000000e+000  0.000000e+000  0.000000e+000  
0.000000e+000  0.000000e+000  0.000000e+000  0.000000e+000  0.000000e+000  0.000000e+000  0.000000e+000  0.000000e+000  0.000000e+000  
0.000000e+000  0.000000e+000  0.000000e+000  0.000000e+000  0.000000e+000  0.000000e+000  0.000000e+000  0.000000e+000  0.000000e+000  
0.000000e+000  0.000000e+000  0.000000e+000  0.000000e+000  0.000000e+000  0.000000e+000  0.000000e+000  0.000000e+000  0.000000e+000  
0.000000e+000  0.000000e+000  0.000000e+000  0.000000e+000  0.000000e+000  0.000000e+000  0.000000e+000  0.000000e+000  0.000000e+000  
0.000000e+000  0.000000e+000  0.000000e+000  0.000000e+000  0.000000e+000  0.000000e+000  0.000000e+000  0.000000e+000  0.000000e+000  
0.000000e+000  0.000000e+000  0.000000e+000  0.000000e+000  0.000000e+000  0.000000e+000  0.000000e+000  0.000000e+000  0.000000e+000  
0.000000e+000  0.000000e+000  0.000000e+000  0.000000e+000  0.000000e+000  0.000000e+000  0.000000e+000  0.000000e+000  0.000000e+000  
0.000000e+000  0.000000e+000  0.000000e+000  0.000000e+000  0.000000e+000  0.000000e+000  0.000000e+000  0.000000e+000  0.000000e+000  
0.000000e+000  0.000000e+000  0.000000e+000  0.000000e+000  0.000000e+000  0.000000e+000  0.000000e+000  0.000000e+000  0.000000e+000  
0.000000e+000  0.000000e+000  0.000000e+000  0.000000e+000  0.000000e+000  0.000000e+000  0.000000e+000  0.000000e+000  0.000000e+000  
0.000000e+000  0.000000e+000  0.000000e+000  0.000000e+000  0.000000e+000  0.000000e+000  0.000000e+000  0.000000e+000  0.000000e+000  
0.000000e+000  0.000000e+000  0.000000e+000  0.000000e+000  0.000000e+000  0.000000e+000  0.000000e+000  0.000000e+000  0.000000e+000  
0.000000e+000  0.000000e+000  0.000000e+000  0.000000e+000  0.000000e+000  0.000000e+000  0.000000e+000  0.000000e+000  0.000000e+000  

0.000000e+000  0.000000e+000  0.000000e+000  0.000000e+000  0.000000e+000  0.000000e+000  0.000000e+000  0.000000e+000  0.000000e+000  
0.000000e+000  0.000000e+000  0.000000e+000  0.000000e+000  0.000000e+000  0.000000e+000  0.000000e+000  0.000000e+000  0.000000e+000  
0.000000e+000  0.000000e+000  0.000000e+000  0.000000e+000  0.000000e+000  0.000000e+000  0.000000e+000  0.000000e+000  0.000000e+000  
0.000000e+000  0.000000e+000  0.000000e+000  0.000000e+000  0.000000e+000  0.000000e+000  0.000000e+000  0.000000e+000  0.000000e+000  
0.000000e+000  0.000000e+000  0.000000e+000  0.000000e+000  0.000000e+000  0.000000e+000  0.000000e+000  0.000000e+000  0.000000e+000  
0.000000e+000  0.000000e+000  0.000000e+000  0.000000e+000  0.000000e+000  0.000000e+000  0.000000e+000  0.000000e+000  0.000000e+000  
0.000000e+000  0.000000e+000  0.000000e+000  0.000000e+000  0.000000e+000  0.000000e+000  0.000000e+000  0.000000e+000  0.000000e+000  
0.000000e+000  0.000000e+000  0.000000e+000  0.000000e+000  0.000000e+000  0.000000e+000  0.000000e+000  0.000000e+000  0.000000e+000  
0.000000e+000  0.000000e+000  0.000000e+000  0.000000e+000  0.000000e+000  0.000000e+000  0.000000e+000  0.000000e+000  0.000000e+000  
0.000000e+000  0.000000e+000  0.000000e+000  0.000000e+000  0.000000e+000  0.000000e+000  0.000000e+000  0.000000e+000  0.000000e+000  
0.000000e+000  0.000000e+000  0.000000e+000  0.000000e+000  0.000000e+000  0.000000e+000  0.000000e+000  0.000000e+000  0.000000e+000  
0.000000e+000  0.000000e+000  0.000000e+000  0.000000e+000  0.000000e+000  0.000000e+000  0.000000e+000  0.000000e+000  0.000000e+000  
0.000000e+000  0.000000e+000  0.000000e+000  0.000000e+000  0.000000e+000  0.000000e+000  0.000000e+000  0.000000e+000  0.000000e+000  
0.000000e+000  0.000000e+000  0.000000e+000  0.000000e+000  0.000000e+000  0.000000e+000  0.000000e+000  0.000000e+000  0.000000e+000  
0.000000e+000  0.000000e+000  0.000000e+000  0.000000e+000  0.000000e+000  0.000000e+000  0.000000e+000  0.000000e+000  0.000000e+000  
0.000000e+000  0.000000e+000  0.000000e+000  0.000000e+000  0.000000e+000  0.000000e+000  0.000000e+000  0.000000e+000  0.000000e+000  
0.000000e+000  0.000000e+000  0.000000e+000  0.000000e+000  0.000000e+000  0.000000e+000  0.000000e+000  0.000000e+000  0.000000e+000  
0.000000e+000  0.000000e+000  0.000000e+000  0.000000e+000  0.000000e+000  0.000000e+000  0.000000e+000  0.000000e+000  0.000000e+000  
0.000000e+000  0.000000e+000  0.000000e+000  0.000000e+000  0.000000e+000  0.000000e+000  0.000000e+000  0.000000e+000  0.000000e+000  
0.000000e+000  0.000000e+000  0.000000e+000  0.000000e+000  0.000000e+000  0.000000e+000  0.000000e+000  0.000000e+000  0.000000e+000  
0.000000e+000  0.000000e+000  0.000000e+000  0.000000e+000  0.000000e+000  0.000000e+000  0.000000e+000  0.000000e+000  0.000000e+000  
0.000000e+000  0.000000e+000  0.000000e+000  0.000000e+000  0.000000e+000  0.000000e+000  0.000000e+000  0.000000e+000  0.000000e+000  
0.000000e+000  0.000000e+000  0.000000e+000  0.000000e+000  0.000000e+000  0.000000e+000  0.000000e+000  0.000000e+000  0.000000e+000  
0.000000e+000  0.000000e+000  0.000000e+000  0.000000e+000  0.000000e+000  0.000000e+000  0.000000e+000  0.000000e+000  0.000000e+000  

0.000000e+000  0.000000e+000  0.000000e+000  0.000000e+000  0.000000e+000  0.000000e+000  0.000000e+000  0.000000e+000  0.000000e+000  
0.000000e+000  -1.659357e+000  -3.589827e+000  -5.571105e+000  -6.865888e+000  -8.029547e+000  -8.780015e+000  -4.490655e+000  0.000000e+000  
0.000000e+000  -3.272030e+000  -7.131158e+000  -1.122808e+001  -1.404076e+001  -1.670940e+001  -1.860845e+001  -9.518628e+000  0.000000e+000  
0.000000e+000  -4.456274e+000  -9.791568e+000  -1.568569e+001  -1.998977e+001  -2.436230e+001  -2.785999e+001  -1.424348e+001  0.000000e+000  
0.000000e+000  -5.534732e+000  -1.226576e+001  -2.005000e+001  -2.618227e+001  -3.296236e+001  -3.917633e+001  -1.998826e+001  0.000000e+000  
0.000000e+000  -6.461532e+000  -1.441845e+001  -2.404727e+001  -3.231486e+001  -4.242479e+001  -5.326048e+001  -2.702382e+001  0.000000e+000  
0.000000e+000  -7.192132e+000  -1.608527e+001  -2.722306e+001  -3.766576e+001  -5.201002e+001  -7.047120e+001  -3.528469e+001  0.000000e+000  
0.000000e+000  -7.457927e+000  -1.664973e+001  -2.822674e+001  -3.945658e+001  -5.581490e+001  -7.923620e+001  -3.915836e+001  0.000000e+000  
0.000000e+000  -7.860612e+000  -1.736179e+001  -2.913144e+001  -4.112710e+001  -6.103200e+001  -9.782442e+001  -4.613953e+001  0.000000e+000  
0.000000e+000  -8.051162e+000  -1.740359e+001  -2.796142e+001  -3.783704e+001  -5.525358e+001  -1.017215e+002  -4.266216e+001  0.000000e+000  
0.000000e+000  -8.100839e+000  -1.705214e+001  -2.543874e+001  -2.979665e+001  -2.980971e+001  0.000000e+000  -8.848461e+000  0.000000e+000  
0.000000e+000  -8.102973e+000  -1.678748e+001  -2.388114e+001  -2.549464e+001  -2.030234e+001  0.000000e+000  -2.171821e+000  0.000000e+000  
0.000000e+000  -8.109350e+000  -1.680799e+001  -2.393953e+001  -2.561201e+001  -2.048348e+001  0.000000e+000  -2.270516e+000  0.000000e+000  
0.000000e+000  -8.118717e+000  -1.710835e+001  -2.559834e+001  -3.014740e+001  -3.050579e+001  0.000000e+000  -9.452439e+000  0.000000e+000  
0.000000e+000  -8.082829e+000  -1.745145e+001  -2.794088e+001  -3.758968e+001  -5.446900e+001  -1.009448e+002  -4.179677e+001  0.000000e+000  
0.000000e+000  -7.929972e+000  -1.747793e+001  -2.921576e+001  -4.116780e+001  -6.133801e+001  -1.002828e+002  -4.680617e+001  0.000000e+000  
0.000000e+000  -7.601130e+000  -1.695038e+001  -2.873490e+001  -4.033394e+001  -5.770744e+001  -8.378825e+001  -4.114258e+001  0.000000e+000  
0.000000e+000  -7.221568e+000  -1.615587e+001  -2.733411e+001  -3.777032e+001  -5.203561e+001  -7.030056e+001  -3.520922e+001  0.000000e+000  
0.000000e+000  -6.905602e+000  -1.545018e+001  -2.601265e+001  -3.549348e+001  -4.771188e+001  -6.185217e+001  -3.125235e+001  0.000000e+000  
0.000000e+000  -5.788225e+000  -1.285097e+001  -2.109794e+001  -2.769841e+001  -3.512238e+001  -4.210344e+001  -2.146976e+001  0.000000e+000  
0.000000e+000  -4.397619e+000  -9.653837e+000  -1.543777e+001  -1.964015e+001  -2.388954e+001  -2.726597e+001  -1.393996e+001  0.000000e+000  
0.000000e+000  -3.278264e+000  -7.141671e+000  -1.123733e+001  -1.404570e+001  -1.670798e+001  -1.860015e+001  -9.514363e+000  0.000000e+000  
0.000000e+000  -1.662267e+000  -3.594556e+000  -5.575044e+000  -6.867842e+000  -8.028626e+000  -8.775814e+000  -4.488544e+000  0.000000e+000  
0.000000e+000  0.000000e+000  0.000000e+000  0.000000e+000  0.000000e+000  0.000000e+000  0.000000e+000  0.000000e+000  0.000000e+000  

