Port monitor named: Port1_e1.prt

nx        = 70
ny        = 71
nz        = 25

nu        = 9
nv        = 22
iu        = 10
iv        = 41

idir      = 1
dcut      = 3.000000e-002
icut      = 63
type      = 0
frequency = 3.500000e+009

fcutoff   = 0.000000e+000
alpha     = 0.000000e+000
beta      = 1.314206e+002
accuracy  = 1.563890e-014

type          = QTEM
wave imp.     = 2.132045e+002
wave imp.sig. = 0.000000e+000
line imp.     = 7.104017e+001

ref. port     = 0

0.000000e+000  0.000000e+000  0.000000e+000  0.000000e+000  0.000000e+000  0.000000e+000  0.000000e+000  0.000000e+000  0.000000e+000  
-8.944396e+000  -8.240363e+000  -3.227758e+001  -2.634223e+001  -1.907146e+001  -1.035959e+001  -3.006198e+000  2.295928e-001  0.000000e+000  
-1.922141e+001  -1.748950e+001  -6.738064e+001  -5.392286e+001  -3.812421e+001  -1.988466e+001  -5.192455e+000  1.055997e+000  0.000000e+000  
-3.559261e+001  -3.148405e+001  -1.166598e+002  -8.940954e+001  -6.005442e+001  -2.862990e+001  -5.598149e+000  3.525261e+000  0.000000e+000  
-6.297739e+001  -5.290925e+001  -1.814568e+002  -1.286261e+002  -7.897104e+001  -3.186236e+001  -2.089374e+000  8.398156e+000  0.000000e+000  
-1.176231e+002  -9.118345e+001  -2.707972e+002  -1.677858e+002  -8.819857e+001  -2.504906e+001  6.921880e+000  1.612594e+001  0.000000e+000  
-2.443934e+002  -1.710325e+002  -3.908121e+002  -1.900164e+002  -7.267954e+001  -1.810949e+000  2.256089e+001  2.654430e+001  0.000000e+000  
-5.722033e+002  -3.683923e+002  -5.132998e+002  -1.433098e+002  -4.338744e+000  4.416196e+001  4.439195e+001  3.854069e+001  0.000000e+000  
-1.459739e+003  -9.876808e+002  -4.134630e+002  1.023088e+002  1.523958e+002  1.120092e+002  6.871870e+001  4.985802e+001  0.000000e+000  
-4.006034e+003  -4.743596e+003  2.070009e+003  8.677910e+002  4.177464e+002  1.870968e+002  8.928459e+001  5.809444e+001  0.000000e+000  
-3.902487e+003  -4.810328e+003  2.129386e+003  8.243427e+002  3.949603e+002  1.810043e+002  8.812200e+001  5.780752e+001  0.000000e+000  
-2.029563e+003  -1.534469e+003  -1.383916e+002  2.694271e+002  2.240695e+002  1.357096e+002  7.605858e+001  5.303398e+001  0.000000e+000  
-1.378396e+003  -8.934155e+002  -4.687531e+002  7.673063e+001  1.439390e+002  1.096878e+002  6.813026e+001  4.964380e+001  0.000000e+000  
-5.711269e+002  -3.651220e+002  -5.251683e+002  -1.465613e+002  -3.383344e+000  4.562966e+001  4.518633e+001  3.898309e+001  0.000000e+000  
-2.543454e+002  -1.773230e+002  -4.036606e+002  -1.931664e+002  -7.142334e+001  4.642425e-001  2.404717e+001  2.748936e+001  0.000000e+000  
-1.264137e+002  -9.735157e+001  -2.855368e+002  -1.740209e+002  -8.935965e+001  -2.369478e+001  8.404205e+000  1.730162e+001  0.000000e+000  
-6.943351e+001  -5.790167e+001  -1.962258e+002  -1.371660e+002  -8.274246e+001  -3.219679e+001  -1.179855e+000  9.473082e+000  0.000000e+000  
-4.041349e+001  -3.556770e+001  -1.308075e+002  -9.927954e+001  -6.589141e+001  -3.074818e+001  -5.554569e+000  4.256628e+000  0.000000e+000  
-3.666219e+001  -3.256618e+001  -1.213220e+002  -9.321197e+001  -6.270348e+001  -2.994087e+001  -5.910337e+000  3.604964e+000  0.000000e+000  
-1.815860e+001  -1.685795e+001  -6.629384e+001  -5.340388e+001  -3.803593e+001  -2.010551e+001  -5.465750e+000  8.243481e-001  0.000000e+000  
-2.807170e+000  -4.979293e+000  -2.245219e+001  -1.776602e+001  -1.282156e+001  -7.007268e+000  -2.081731e+000  9.812374e-002  0.000000e+000  
0.000000e+000  0.000000e+000  0.000000e+000  0.000000e+000  0.000000e+000  0.000000e+000  0.000000e+000  0.000000e+000  0.000000e+000  

0.000000e+000  5.309666e+000  1.087603e+001  -1.051327e+001  -2.596231e+001  -3.399993e+001  -3.291297e+001  -1.894887e+001  0.000000e+000  
0.000000e+000  4.754747e+000  9.980041e+000  -1.440249e+001  -3.100976e+001  -3.878170e+001  -3.592898e+001  -2.015059e+001  0.000000e+000  
0.000000e+000  3.084881e+000  7.304598e+000  -2.420090e+001  -4.307086e+001  -4.974230e+001  -4.249588e+001  -2.266774e+001  0.000000e+000  
0.000000e+000  -1.909732e+000  -5.919077e-001  -4.636481e+001  -6.770113e+001  -7.033744e+001  -5.362093e+001  -2.659674e+001  0.000000e+000  
0.000000e+000  -1.584837e+001  -2.228123e+001  -9.086963e+001  -1.101088e+002  -1.014562e+002  -6.790175e+001  -3.097885e+001  0.000000e+000  
0.000000e+000  -5.576347e+001  -8.375933e+001  -1.804331e+002  -1.792251e+002  -1.433729e+002  -8.289252e+001  -3.449835e+001  0.000000e+000  
0.000000e+000  -1.721856e+002  -2.660708e+002  -3.593722e+002  -2.824136e+002  -1.901376e+002  -9.331245e+001  -3.519964e+001  0.000000e+000  
0.000000e+000  -5.041779e+002  -8.455661e+002  -6.947378e+002  -4.049614e+002  -2.201038e+002  -9.023349e+001  -3.079551e+001  0.000000e+000  
0.000000e+000  -1.331368e+003  -3.074630e+003  -1.195718e+003  -4.468189e+002  -1.830644e+002  -6.150831e+001  -1.903865e+001  0.000000e+000  
0.000000e+000  5.296137e+001  0.000000e+000  7.578827e+001  3.363426e+001  1.167848e+001  2.501220e+000  4.710310e-001  0.000000e+000  
0.000000e+000  1.473074e+003  3.997737e+003  1.226028e+003  4.161402e+002  1.626660e+002  5.333845e+001  1.631979e+001  0.000000e+000  
0.000000e+000  1.013287e+003  2.005245e+003  1.017400e+003  4.441637e+002  2.019499e+002  7.361412e+001  2.374531e+001  0.000000e+000  
0.000000e+000  4.908588e+002  8.004712e+002  6.914795e+002  4.081115e+002  2.218833e+002  9.068743e+001  3.086068e+001  0.000000e+000  
0.000000e+000  1.759908e+002  2.701669e+002  3.693823e+002  2.895596e+002  1.935161e+002  9.397942e+001  3.518385e+001  0.000000e+000  
0.000000e+000  6.034443e+001  9.066671e+001  1.919019e+002  1.882936e+002  1.487338e+002  8.461114e+001  3.481177e+001  0.000000e+000  
0.000000e+000  1.869797e+001  2.670126e+001  1.000383e+002  1.187024e+002  1.075455e+002  7.047268e+001  3.167510e+001  0.000000e+000  
0.000000e+000  3.440296e+000  3.005187e+000  5.282074e+001  7.467584e+001  7.597203e+001  5.645648e+001  2.751077e+001  0.000000e+000  
0.000000e+000  1.314668e-001  -2.225085e+000  3.858813e+001  5.916708e+001  6.324173e+001  4.974749e+001  2.518959e+001  0.000000e+000  
0.000000e+000  -3.004870e+000  -7.213490e+000  2.394682e+001  4.275298e+001  4.946947e+001  4.230424e+001  2.256339e+001  0.000000e+000  
0.000000e+000  -4.223283e+000  -9.454127e+000  1.261232e+001  2.852416e+001  3.638431e+001  3.434877e+001  1.947947e+001  0.000000e+000  
0.000000e+000  -7.350513e+000  -1.341873e+001  9.457310e+000  2.509052e+001  3.319913e+001  3.233208e+001  1.867097e+001  0.000000e+000  
0.000000e+000  0.000000e+000  0.000000e+000  0.000000e+000  0.000000e+000  0.000000e+000  0.000000e+000  0.000000e+000  0.000000e+000  

0.000000e+000  0.000000e+000  0.000000e+000  0.000000e+000  0.000000e+000  0.000000e+000  0.000000e+000  0.000000e+000  0.000000e+000  
0.000000e+000  0.000000e+000  0.000000e+000  0.000000e+000  0.000000e+000  0.000000e+000  0.000000e+000  0.000000e+000  0.000000e+000  
0.000000e+000  0.000000e+000  0.000000e+000  0.000000e+000  0.000000e+000  0.000000e+000  0.000000e+000  0.000000e+000  0.000000e+000  
0.000000e+000  0.000000e+000  0.000000e+000  0.000000e+000  0.000000e+000  0.000000e+000  0.000000e+000  0.000000e+000  0.000000e+000  
0.000000e+000  0.000000e+000  0.000000e+000  0.000000e+000  0.000000e+000  0.000000e+000  0.000000e+000  0.000000e+000  0.000000e+000  
0.000000e+000  0.000000e+000  0.000000e+000  0.000000e+000  0.000000e+000  0.000000e+000  0.000000e+000  0.000000e+000  0.000000e+000  
0.000000e+000  0.000000e+000  0.000000e+000  0.000000e+000  0.000000e+000  0.000000e+000  0.000000e+000  0.000000e+000  0.000000e+000  
0.000000e+000  0.000000e+000  0.000000e+000  0.000000e+000  0.000000e+000  0.000000e+000  0.000000e+000  0.000000e+000  0.000000e+000  
0.000000e+000  0.000000e+000  0.000000e+000  0.000000e+000  0.000000e+000  0.000000e+000  0.000000e+000  0.000000e+000  0.000000e+000  
0.000000e+000  0.000000e+000  0.000000e+000  0.000000e+000  0.000000e+000  0.000000e+000  0.000000e+000  0.000000e+000  0.000000e+000  
0.000000e+000  0.000000e+000  0.000000e+000  0.000000e+000  0.000000e+000  0.000000e+000  0.000000e+000  0.000000e+000  0.000000e+000  
0.000000e+000  0.000000e+000  0.000000e+000  0.000000e+000  0.000000e+000  0.000000e+000  0.000000e+000  0.000000e+000  0.000000e+000  
0.000000e+000  0.000000e+000  0.000000e+000  0.000000e+000  0.000000e+000  0.000000e+000  0.000000e+000  0.000000e+000  0.000000e+000  
0.000000e+000  0.000000e+000  0.000000e+000  0.000000e+000  0.000000e+000  0.000000e+000  0.000000e+000  0.000000e+000  0.000000e+000  
0.000000e+000  0.000000e+000  0.000000e+000  0.000000e+000  0.000000e+000  0.000000e+000  0.000000e+000  0.000000e+000  0.000000e+000  
0.000000e+000  0.000000e+000  0.000000e+000  0.000000e+000  0.000000e+000  0.000000e+000  0.000000e+000  0.000000e+000  0.000000e+000  
0.000000e+000  0.000000e+000  0.000000e+000  0.000000e+000  0.000000e+000  0.000000e+000  0.000000e+000  0.000000e+000  0.000000e+000  
0.000000e+000  0.000000e+000  0.000000e+000  0.000000e+000  0.000000e+000  0.000000e+000  0.000000e+000  0.000000e+000  0.000000e+000  
0.000000e+000  0.000000e+000  0.000000e+000  0.000000e+000  0.000000e+000  0.000000e+000  0.000000e+000  0.000000e+000  0.000000e+000  
0.000000e+000  0.000000e+000  0.000000e+000  0.000000e+000  0.000000e+000  0.000000e+000  0.000000e+000  0.000000e+000  0.000000e+000  
0.000000e+000  0.000000e+000  0.000000e+000  0.000000e+000  0.000000e+000  0.000000e+000  0.000000e+000  0.000000e+000  0.000000e+000  
0.000000e+000  0.000000e+000  0.000000e+000  0.000000e+000  0.000000e+000  0.000000e+000  0.000000e+000  0.000000e+000  0.000000e+000  

0.000000e+000  0.000000e+000  0.000000e+000  0.000000e+000  0.000000e+000  0.000000e+000  0.000000e+000  0.000000e+000  0.000000e+000  
0.000000e+000  0.000000e+000  0.000000e+000  0.000000e+000  0.000000e+000  0.000000e+000  0.000000e+000  0.000000e+000  0.000000e+000  
0.000000e+000  0.000000e+000  0.000000e+000  0.000000e+000  0.000000e+000  0.000000e+000  0.000000e+000  0.000000e+000  0.000000e+000  
0.000000e+000  0.000000e+000  0.000000e+000  0.000000e+000  0.000000e+000  0.000000e+000  0.000000e+000  0.000000e+000  0.000000e+000  
0.000000e+000  0.000000e+000  0.000000e+000  0.000000e+000  0.000000e+000  0.000000e+000  0.000000e+000  0.000000e+000  0.000000e+000  
0.000000e+000  0.000000e+000  0.000000e+000  0.000000e+000  0.000000e+000  0.000000e+000  0.000000e+000  0.000000e+000  0.000000e+000  
0.000000e+000  0.000000e+000  0.000000e+000  0.000000e+000  0.000000e+000  0.000000e+000  0.000000e+000  0.000000e+000  0.000000e+000  
0.000000e+000  0.000000e+000  0.000000e+000  0.000000e+000  0.000000e+000  0.000000e+000  0.000000e+000  0.000000e+000  0.000000e+000  
0.000000e+000  0.000000e+000  0.000000e+000  0.000000e+000  0.000000e+000  0.000000e+000  0.000000e+000  0.000000e+000  0.000000e+000  
0.000000e+000  0.000000e+000  0.000000e+000  0.000000e+000  0.000000e+000  0.000000e+000  0.000000e+000  0.000000e+000  0.000000e+000  
0.000000e+000  0.000000e+000  0.000000e+000  0.000000e+000  0.000000e+000  0.000000e+000  0.000000e+000  0.000000e+000  0.000000e+000  
0.000000e+000  0.000000e+000  0.000000e+000  0.000000e+000  0.000000e+000  0.000000e+000  0.000000e+000  0.000000e+000  0.000000e+000  
0.000000e+000  0.000000e+000  0.000000e+000  0.000000e+000  0.000000e+000  0.000000e+000  0.000000e+000  0.000000e+000  0.000000e+000  
0.000000e+000  0.000000e+000  0.000000e+000  0.000000e+000  0.000000e+000  0.000000e+000  0.000000e+000  0.000000e+000  0.000000e+000  
0.000000e+000  0.000000e+000  0.000000e+000  0.000000e+000  0.000000e+000  0.000000e+000  0.000000e+000  0.000000e+000  0.000000e+000  
0.000000e+000  0.000000e+000  0.000000e+000  0.000000e+000  0.000000e+000  0.000000e+000  0.000000e+000  0.000000e+000  0.000000e+000  
0.000000e+000  0.000000e+000  0.000000e+000  0.000000e+000  0.000000e+000  0.000000e+000  0.000000e+000  0.000000e+000  0.000000e+000  
0.000000e+000  0.000000e+000  0.000000e+000  0.000000e+000  0.000000e+000  0.000000e+000  0.000000e+000  0.000000e+000  0.000000e+000  
0.000000e+000  0.000000e+000  0.000000e+000  0.000000e+000  0.000000e+000  0.000000e+000  0.000000e+000  0.000000e+000  0.000000e+000  
0.000000e+000  0.000000e+000  0.000000e+000  0.000000e+000  0.000000e+000  0.000000e+000  0.000000e+000  0.000000e+000  0.000000e+000  
0.000000e+000  0.000000e+000  0.000000e+000  0.000000e+000  0.000000e+000  0.000000e+000  0.000000e+000  0.000000e+000  0.000000e+000  
0.000000e+000  0.000000e+000  0.000000e+000  0.000000e+000  0.000000e+000  0.000000e+000  0.000000e+000  0.000000e+000  0.000000e+000  

0.000000e+000  0.000000e+000  0.000000e+000  0.000000e+000  0.000000e+000  0.000000e+000  0.000000e+000  0.000000e+000  0.000000e+000  
0.000000e+000  0.000000e+000  0.000000e+000  0.000000e+000  0.000000e+000  0.000000e+000  0.000000e+000  0.000000e+000  0.000000e+000  
0.000000e+000  0.000000e+000  0.000000e+000  0.000000e+000  0.000000e+000  0.000000e+000  0.000000e+000  0.000000e+000  0.000000e+000  
0.000000e+000  0.000000e+000  0.000000e+000  0.000000e+000  0.000000e+000  0.000000e+000  0.000000e+000  0.000000e+000  0.000000e+000  
0.000000e+000  0.000000e+000  0.000000e+000  0.000000e+000  0.000000e+000  0.000000e+000  0.000000e+000  0.000000e+000  0.000000e+000  
0.000000e+000  0.000000e+000  0.000000e+000  0.000000e+000  0.000000e+000  0.000000e+000  0.000000e+000  0.000000e+000  0.000000e+000  
0.000000e+000  0.000000e+000  0.000000e+000  0.000000e+000  0.000000e+000  0.000000e+000  0.000000e+000  0.000000e+000  0.000000e+000  
0.000000e+000  0.000000e+000  0.000000e+000  0.000000e+000  0.000000e+000  0.000000e+000  0.000000e+000  0.000000e+000  0.000000e+000  
0.000000e+000  0.000000e+000  0.000000e+000  0.000000e+000  0.000000e+000  0.000000e+000  0.000000e+000  0.000000e+000  0.000000e+000  
0.000000e+000  0.000000e+000  0.000000e+000  0.000000e+000  0.000000e+000  0.000000e+000  0.000000e+000  0.000000e+000  0.000000e+000  
0.000000e+000  0.000000e+000  0.000000e+000  0.000000e+000  0.000000e+000  0.000000e+000  0.000000e+000  0.000000e+000  0.000000e+000  
0.000000e+000  0.000000e+000  0.000000e+000  0.000000e+000  0.000000e+000  0.000000e+000  0.000000e+000  0.000000e+000  0.000000e+000  
0.000000e+000  0.000000e+000  0.000000e+000  0.000000e+000  0.000000e+000  0.000000e+000  0.000000e+000  0.000000e+000  0.000000e+000  
0.000000e+000  0.000000e+000  0.000000e+000  0.000000e+000  0.000000e+000  0.000000e+000  0.000000e+000  0.000000e+000  0.000000e+000  
0.000000e+000  0.000000e+000  0.000000e+000  0.000000e+000  0.000000e+000  0.000000e+000  0.000000e+000  0.000000e+000  0.000000e+000  
0.000000e+000  0.000000e+000  0.000000e+000  0.000000e+000  0.000000e+000  0.000000e+000  0.000000e+000  0.000000e+000  0.000000e+000  
0.000000e+000  0.000000e+000  0.000000e+000  0.000000e+000  0.000000e+000  0.000000e+000  0.000000e+000  0.000000e+000  0.000000e+000  
0.000000e+000  0.000000e+000  0.000000e+000  0.000000e+000  0.000000e+000  0.000000e+000  0.000000e+000  0.000000e+000  0.000000e+000  
0.000000e+000  0.000000e+000  0.000000e+000  0.000000e+000  0.000000e+000  0.000000e+000  0.000000e+000  0.000000e+000  0.000000e+000  
0.000000e+000  0.000000e+000  0.000000e+000  0.000000e+000  0.000000e+000  0.000000e+000  0.000000e+000  0.000000e+000  0.000000e+000  
0.000000e+000  0.000000e+000  0.000000e+000  0.000000e+000  0.000000e+000  0.000000e+000  0.000000e+000  0.000000e+000  0.000000e+000  
0.000000e+000  0.000000e+000  0.000000e+000  0.000000e+000  0.000000e+000  0.000000e+000  0.000000e+000  0.000000e+000  0.000000e+000  

0.000000e+000  0.000000e+000  0.000000e+000  0.000000e+000  0.000000e+000  0.000000e+000  0.000000e+000  0.000000e+000  0.000000e+000  
0.000000e+000  -2.959670e+000  -5.788470e+000  -5.479740e+000  -4.805880e+000  -3.975195e+000  -2.632838e+000  -1.238158e+000  0.000000e+000  
0.000000e+000  -6.156612e+000  -1.203664e+001  -1.127193e+001  -9.783190e+000  -8.022640e+000  -5.268451e+000  -2.466415e+000  0.000000e+000  
0.000000e+000  -1.057476e+001  -2.066628e+001  -1.891111e+001  -1.606664e+001  -1.295112e+001  -8.367856e+000  -3.884699e+000  0.000000e+000  
0.000000e+000  -1.621668e+001  -3.170896e+001  -2.790223e+001  -2.292666e+001  -1.801994e+001  -1.139032e+001  -5.232320e+000  0.000000e+000  
0.000000e+000  -2.368902e+001  -4.649014e+001  -3.850487e+001  -3.021115e+001  -2.300444e+001  -1.419612e+001  -6.454229e+000  0.000000e+000  
0.000000e+000  -3.336209e+001  -6.627751e+001  -5.019109e+001  -3.718406e+001  -2.738941e+001  -1.657277e+001  -7.483844e+000  0.000000e+000  
0.000000e+000  -4.390185e+001  -9.031381e+001  -6.024648e+001  -4.213495e+001  -3.037727e+001  -1.828873e+001  -8.261897e+000  0.000000e+000  
0.000000e+000  -4.697683e+001  -1.068127e+002  -6.112446e+001  -4.242241e+001  -3.124689e+001  -1.922524e+001  -8.764027e+000  0.000000e+000  
0.000000e+000  -7.110438e+000  0.000000e+000  -3.545976e+001  -3.595352e+001  -3.015398e+001  -1.954027e+001  -9.032468e+000  0.000000e+000  
0.000000e+000  -9.816717e+000  0.000000e+000  -3.864570e+001  -3.740893e+001  -3.069518e+001  -1.967816e+001  -9.065877e+000  0.000000e+000  
0.000000e+000  -4.427431e+001  -1.070661e+002  -5.932876e+001  -4.230150e+001  -3.165745e+001  -1.960169e+001  -8.945316e+000  0.000000e+000  
0.000000e+000  -5.054830e+001  -1.130501e+002  -6.427229e+001  -4.375943e+001  -3.185428e+001  -1.944383e+001  -8.832781e+000  0.000000e+000  
0.000000e+000  -4.557303e+001  -9.327418e+001  -6.233804e+001  -4.336356e+001  -3.109624e+001  -1.862612e+001  -8.390327e+000  0.000000e+000  
0.000000e+000  -3.482033e+001  -6.906807e+001  -5.225974e+001  -3.856923e+001  -2.829830e+001  -1.705135e+001  -7.680413e+000  0.000000e+000  
0.000000e+000  -2.514124e+001  -4.931090e+001  -4.073157e+001  -3.183017e+001  -2.414463e+001  -1.483893e+001  -6.729656e+000  0.000000e+000  
0.000000e+000  -1.762437e+001  -3.444459e+001  -3.022553e+001  -2.474223e+001  -1.937758e+001  -1.220066e+001  -5.591080e+000  0.000000e+000  
0.000000e+000  -1.192900e+001  -2.329268e+001  -2.127971e+001  -1.802941e+001  -1.449424e+001  -9.336070e+000  -4.325628e+000  0.000000e+000  
0.000000e+000  -1.109425e+001  -2.165699e+001  -1.990457e+001  -1.695171e+001  -1.368185e+001  -8.843795e+000  -4.104623e+000  0.000000e+000  
0.000000e+000  -6.190371e+000  -1.201294e+001  -1.127885e+001  -9.818320e+000  -8.074900e+000  -5.318467e+000  -2.493244e+000  0.000000e+000  
0.000000e+000  -2.491699e+000  -4.224945e+000  -3.758559e+000  -3.260577e+000  -2.694591e+000  -1.787320e+000  -8.413045e-001  0.000000e+000  
0.000000e+000  0.000000e+000  0.000000e+000  0.000000e+000  0.000000e+000  0.000000e+000  0.000000e+000  0.000000e+000  0.000000e+000  

