Port monitor named: Port1_h1.prt

nx        = 70
ny        = 71
nz        = 25

nu        = 9
nv        = 22
iu        = 10
iv        = 41

idir      = 1
dcut      = 3.000000e-002
icut      = 63
type      = 1
frequency = 3.500000e+009

fcutoff   = 0.000000e+000
alpha     = 0.000000e+000
beta      = 1.314206e+002
accuracy  = 1.563890e-014

type          = QTEM
wave imp.     = 2.132045e+002
wave imp.sig. = 0.000000e+000
line imp.     = 7.104017e+001

ref. port     = 0

-0.000000e+000  -6.952724e-002  -1.336428e-001  -2.254754e-001  -2.773658e-001  -2.889885e-001  -2.408328e-001  -1.297630e-001  -0.000000e+000  
-0.000000e+000  -7.976440e-002  -1.526247e-001  -2.539765e-001  -3.068593e-001  -3.140424e-001  -2.552647e-001  -1.351609e-001  -0.000000e+000  
-0.000000e+000  -1.052364e-001  -1.994674e-001  -3.224143e-001  -3.753585e-001  -3.703119e-001  -2.862103e-001  -1.462905e-001  -0.000000e+000  
-0.000000e+000  -1.622014e-001  -3.025087e-001  -4.645081e-001  -5.081381e-001  -4.720628e-001  -3.370284e-001  -1.630575e-001  -0.000000e+000  
-0.000000e+000  -2.781648e-001  -5.071163e-001  -7.198917e-001  -7.213320e-001  -6.177630e-001  -3.990624e-001  -1.804853e-001  -0.000000e+000  
-0.000000e+000  -5.277125e-001  -9.353476e-001  -1.175228e+000  -1.041566e+000  -8.008312e-001  -4.587054e-001  -1.920039e-001  -0.000000e+000  
-0.000000e+000  -1.104892e+000  -1.917664e+000  -1.981932e+000  -1.477413e+000  -9.853086e-001  -4.903276e-001  -1.885117e-001  -0.000000e+000  
-0.000000e+000  -2.481125e+000  -4.468953e+000  -3.327727e+000  -1.933638e+000  -1.070328e+000  -4.545317e-001  -1.600789e-001  -0.000000e+000  
-0.000000e+000  -5.369722e+000  -1.279968e+001  -5.067224e+000  -1.968838e+000  -8.442167e-001  -3.001091e-001  -9.701618e-002  -0.000000e+000  
-0.000000e+000  1.865769e-001  -0.000000e+000  2.835611e-001  1.248408e-001  4.248242e-002  8.568390e-003  1.434079e-003  -0.000000e+000  
-0.000000e+000  5.758473e+000  1.627211e+001  5.082066e+000  1.801956e+000  7.387543e-001  2.564237e-001  8.197314e-002  -0.000000e+000  
-0.000000e+000  4.364730e+000  9.103079e+000  4.480579e+000  2.006754e+000  9.461487e-001  3.615044e-001  1.210677e-001  -0.000000e+000  
-0.000000e+000  2.479212e+000  4.382608e+000  3.344730e+000  1.952345e+000  1.077264e+000  4.550857e-001  1.596456e-001  -0.000000e+000  
-0.000000e+000  1.145479e+000  1.979373e+000  2.045821e+000  1.514599e+000  1.000570e+000  4.921154e-001  1.876907e-001  -0.000000e+000  
-0.000000e+000  5.647044e-001  9.980841e-001  1.243397e+000  1.088820e+000  8.265039e-001  4.658601e-001  1.928319e-001  -0.000000e+000  
-0.000000e+000  3.046083e-001  5.535521e-001  7.772013e-001  7.678817e-001  6.482289e-001  4.108424e-001  1.833044e-001  -0.000000e+000  
-0.000000e+000  1.797828e-001  3.342827e-001  5.078845e-001  5.477456e-001  5.014147e-001  3.506807e-001  1.671410e-001  -0.000000e+000  
-0.000000e+000  1.424967e-001  2.674177e-001  4.172260e-001  4.645392e-001  4.388253e-001  3.202456e-001  1.573534e-001  -0.000000e+000  
-0.000000e+000  1.040117e-001  1.983494e-001  3.219694e-001  3.754028e-001  3.705199e-001  2.862276e-001  1.461756e-001  -0.000000e+000  
-0.000000e+000  6.914284e-002  1.429182e-001  2.413995e-001  2.938492e-001  3.028245e-001  2.485349e-001  1.324882e-001  -0.000000e+000  
-0.000000e+000  8.368196e-002  1.373496e-001  2.239328e-001  2.745676e-001  2.861805e-001  2.388589e-001  1.288491e-001  -0.000000e+000  
-0.000000e+000  -0.000000e+000  -0.000000e+000  -0.000000e+000  -0.000000e+000  -0.000000e+000  -0.000000e+000  -0.000000e+000  -0.000000e+000  

-0.000000e+000  -0.000000e+000  -0.000000e+000  -0.000000e+000  -0.000000e+000  -0.000000e+000  -0.000000e+000  -0.000000e+000  -0.000000e+000  
1.764098e-001  1.671421e-001  1.456657e-001  1.081746e-001  6.961836e-002  2.757042e-002  -4.828410e-003  -1.807023e-002  -0.000000e+000  
3.698895e-001  3.491424e-001  3.010319e-001  2.186604e-001  1.366312e-001  5.004932e-002  -1.372997e-002  -3.884290e-002  -0.000000e+000  
6.475892e-001  6.061921e-001  5.102520e-001  3.530206e-001  2.065414e-001  6.207592e-002  -3.485320e-002  -7.003412e-002  -0.000000e+000  
1.033020e+000  9.523725e-001  7.663442e-001  4.854443e-001  2.510511e-001  4.437418e-002  -7.450599e-002  -1.116871e-001  -0.000000e+000  
1.630887e+000  1.464988e+000  1.085185e+000  5.874767e-001  2.365733e-001  -2.324011e-002  -1.390793e-001  -1.651929e-001  -0.000000e+000  
2.671295e+000  2.302216e+000  1.450369e+000  5.736006e-001  9.710399e-002  -1.662107e-001  -2.319236e-001  -2.288573e-001  -0.000000e+000  
4.706972e+000  3.851265e+000  1.678118e+000  2.219593e-001  -2.777083e-001  -4.053967e-001  -3.486046e-001  -2.965765e-001  -0.000000e+000  
9.066831e+000  7.403558e+000  8.069642e-001  -9.610897e-001  -1.008304e+000  -7.269703e-001  -4.702497e-001  -3.572828e-001  -0.000000e+000  
1.937274e+001  2.233125e+001  -9.191669e+000  -4.114344e+000  -2.133796e+000  -1.061302e+000  -5.686918e-001  -4.001330e-001  -0.000000e+000  
1.900273e+001  2.256204e+001  -9.415420e+000  -3.951631e+000  -2.048631e+000  -1.038847e+000  -5.645956e-001  -3.992266e-001  -0.000000e+000  
1.165445e+001  1.013757e+001  -5.531600e-001  -1.713342e+000  -1.335671e+000  -8.402314e-001  -5.078314e-001  -3.748724e-001  -0.000000e+000  
8.841541e+000  7.075856e+000  9.915075e-001  -8.853978e-001  -9.866007e-001  -7.222144e-001  -4.695060e-001  -3.572069e-001  -0.000000e+000  
4.777444e+000  3.894027e+000  1.712514e+000  2.155258e-001  -2.951833e-001  -4.185437e-001  -3.552479e-001  -3.004415e-001  -0.000000e+000  
2.784583e+000  2.392395e+000  1.493153e+000  5.712377e-001  7.904464e-002  -1.839854e-001  -2.428589e-001  -2.360471e-001  -0.000000e+000  
1.738380e+000  1.556224e+000  1.140207e+000  6.017091e-001  2.299449e-001  -3.771937e-002  -1.511664e-001  -1.745609e-001  -0.000000e+000  
1.127396e+000  1.036181e+000  8.261175e-001  5.131734e-001  2.573669e-001  3.711895e-002  -8.502362e-002  -1.217185e-001  -0.000000e+000  
7.317710e-001  6.831558e-001  5.709915e-001  3.896605e-001  2.236517e-001  6.285780e-002  -4.229091e-002  -7.955850e-002  -0.000000e+000  
6.761735e-001  6.326527e-001  5.324934e-001  3.683528e-001  2.152231e-001  6.419240e-002  -3.687920e-002  -7.342889e-002  -0.000000e+000  
3.663622e-001  3.435401e-001  2.966405e-001  2.169081e-001  1.366460e-001  5.106333e-002  -1.274824e-002  -3.810916e-002  -0.000000e+000  
9.304511e-002  1.020789e-001  9.493959e-002  7.185234e-002  4.661284e-002  1.866013e-002  -3.072457e-003  -1.200312e-002  -0.000000e+000  
-0.000000e+000  -0.000000e+000  -0.000000e+000  -0.000000e+000  -0.000000e+000  -0.000000e+000  -0.000000e+000  -0.000000e+000  -0.000000e+000  

0.000000e+000  0.000000e+000  0.000000e+000  0.000000e+000  0.000000e+000  0.000000e+000  0.000000e+000  0.000000e+000  0.000000e+000  
0.000000e+000  0.000000e+000  0.000000e+000  0.000000e+000  0.000000e+000  0.000000e+000  0.000000e+000  0.000000e+000  0.000000e+000  
0.000000e+000  0.000000e+000  0.000000e+000  0.000000e+000  0.000000e+000  0.000000e+000  0.000000e+000  0.000000e+000  0.000000e+000  
0.000000e+000  0.000000e+000  0.000000e+000  0.000000e+000  0.000000e+000  0.000000e+000  0.000000e+000  0.000000e+000  0.000000e+000  
0.000000e+000  0.000000e+000  0.000000e+000  0.000000e+000  0.000000e+000  0.000000e+000  0.000000e+000  0.000000e+000  0.000000e+000  
0.000000e+000  0.000000e+000  0.000000e+000  0.000000e+000  0.000000e+000  0.000000e+000  0.000000e+000  0.000000e+000  0.000000e+000  
0.000000e+000  0.000000e+000  0.000000e+000  0.000000e+000  0.000000e+000  0.000000e+000  0.000000e+000  0.000000e+000  0.000000e+000  
0.000000e+000  0.000000e+000  0.000000e+000  0.000000e+000  0.000000e+000  0.000000e+000  0.000000e+000  0.000000e+000  0.000000e+000  
0.000000e+000  0.000000e+000  0.000000e+000  0.000000e+000  0.000000e+000  0.000000e+000  0.000000e+000  0.000000e+000  0.000000e+000  
0.000000e+000  0.000000e+000  0.000000e+000  0.000000e+000  0.000000e+000  0.000000e+000  0.000000e+000  0.000000e+000  0.000000e+000  
0.000000e+000  0.000000e+000  0.000000e+000  0.000000e+000  0.000000e+000  0.000000e+000  0.000000e+000  0.000000e+000  0.000000e+000  
0.000000e+000  0.000000e+000  0.000000e+000  0.000000e+000  0.000000e+000  0.000000e+000  0.000000e+000  0.000000e+000  0.000000e+000  
0.000000e+000  0.000000e+000  0.000000e+000  0.000000e+000  0.000000e+000  0.000000e+000  0.000000e+000  0.000000e+000  0.000000e+000  
0.000000e+000  0.000000e+000  0.000000e+000  0.000000e+000  0.000000e+000  0.000000e+000  0.000000e+000  0.000000e+000  0.000000e+000  
0.000000e+000  0.000000e+000  0.000000e+000  0.000000e+000  0.000000e+000  0.000000e+000  0.000000e+000  0.000000e+000  0.000000e+000  
0.000000e+000  0.000000e+000  0.000000e+000  0.000000e+000  0.000000e+000  0.000000e+000  0.000000e+000  0.000000e+000  0.000000e+000  
0.000000e+000  0.000000e+000  0.000000e+000  0.000000e+000  0.000000e+000  0.000000e+000  0.000000e+000  0.000000e+000  0.000000e+000  
0.000000e+000  0.000000e+000  0.000000e+000  0.000000e+000  0.000000e+000  0.000000e+000  0.000000e+000  0.000000e+000  0.000000e+000  
0.000000e+000  0.000000e+000  0.000000e+000  0.000000e+000  0.000000e+000  0.000000e+000  0.000000e+000  0.000000e+000  0.000000e+000  
0.000000e+000  0.000000e+000  0.000000e+000  0.000000e+000  0.000000e+000  0.000000e+000  0.000000e+000  0.000000e+000  0.000000e+000  
0.000000e+000  0.000000e+000  0.000000e+000  0.000000e+000  0.000000e+000  0.000000e+000  0.000000e+000  0.000000e+000  0.000000e+000  
0.000000e+000  0.000000e+000  0.000000e+000  0.000000e+000  0.000000e+000  0.000000e+000  0.000000e+000  0.000000e+000  0.000000e+000  

0.000000e+000  0.000000e+000  0.000000e+000  0.000000e+000  0.000000e+000  0.000000e+000  0.000000e+000  0.000000e+000  0.000000e+000  
0.000000e+000  0.000000e+000  0.000000e+000  0.000000e+000  0.000000e+000  0.000000e+000  0.000000e+000  0.000000e+000  0.000000e+000  
0.000000e+000  0.000000e+000  0.000000e+000  0.000000e+000  0.000000e+000  0.000000e+000  0.000000e+000  0.000000e+000  0.000000e+000  
0.000000e+000  0.000000e+000  0.000000e+000  0.000000e+000  0.000000e+000  0.000000e+000  0.000000e+000  0.000000e+000  0.000000e+000  
0.000000e+000  0.000000e+000  0.000000e+000  0.000000e+000  0.000000e+000  0.000000e+000  0.000000e+000  0.000000e+000  0.000000e+000  
0.000000e+000  0.000000e+000  0.000000e+000  0.000000e+000  0.000000e+000  0.000000e+000  0.000000e+000  0.000000e+000  0.000000e+000  
0.000000e+000  0.000000e+000  0.000000e+000  0.000000e+000  0.000000e+000  0.000000e+000  0.000000e+000  0.000000e+000  0.000000e+000  
0.000000e+000  0.000000e+000  0.000000e+000  0.000000e+000  0.000000e+000  0.000000e+000  0.000000e+000  0.000000e+000  0.000000e+000  
0.000000e+000  0.000000e+000  0.000000e+000  0.000000e+000  0.000000e+000  0.000000e+000  0.000000e+000  0.000000e+000  0.000000e+000  
0.000000e+000  0.000000e+000  0.000000e+000  0.000000e+000  0.000000e+000  0.000000e+000  0.000000e+000  0.000000e+000  0.000000e+000  
0.000000e+000  0.000000e+000  0.000000e+000  0.000000e+000  0.000000e+000  0.000000e+000  0.000000e+000  0.000000e+000  0.000000e+000  
0.000000e+000  0.000000e+000  0.000000e+000  0.000000e+000  0.000000e+000  0.000000e+000  0.000000e+000  0.000000e+000  0.000000e+000  
0.000000e+000  0.000000e+000  0.000000e+000  0.000000e+000  0.000000e+000  0.000000e+000  0.000000e+000  0.000000e+000  0.000000e+000  
0.000000e+000  0.000000e+000  0.000000e+000  0.000000e+000  0.000000e+000  0.000000e+000  0.000000e+000  0.000000e+000  0.000000e+000  
0.000000e+000  0.000000e+000  0.000000e+000  0.000000e+000  0.000000e+000  0.000000e+000  0.000000e+000  0.000000e+000  0.000000e+000  
0.000000e+000  0.000000e+000  0.000000e+000  0.000000e+000  0.000000e+000  0.000000e+000  0.000000e+000  0.000000e+000  0.000000e+000  
0.000000e+000  0.000000e+000  0.000000e+000  0.000000e+000  0.000000e+000  0.000000e+000  0.000000e+000  0.000000e+000  0.000000e+000  
0.000000e+000  0.000000e+000  0.000000e+000  0.000000e+000  0.000000e+000  0.000000e+000  0.000000e+000  0.000000e+000  0.000000e+000  
0.000000e+000  0.000000e+000  0.000000e+000  0.000000e+000  0.000000e+000  0.000000e+000  0.000000e+000  0.000000e+000  0.000000e+000  
0.000000e+000  0.000000e+000  0.000000e+000  0.000000e+000  0.000000e+000  0.000000e+000  0.000000e+000  0.000000e+000  0.000000e+000  
0.000000e+000  0.000000e+000  0.000000e+000  0.000000e+000  0.000000e+000  0.000000e+000  0.000000e+000  0.000000e+000  0.000000e+000  
0.000000e+000  0.000000e+000  0.000000e+000  0.000000e+000  0.000000e+000  0.000000e+000  0.000000e+000  0.000000e+000  0.000000e+000  

0.000000e+000  0.000000e+000  0.000000e+000  0.000000e+000  0.000000e+000  0.000000e+000  0.000000e+000  0.000000e+000  0.000000e+000  
0.000000e+000  0.000000e+000  0.000000e+000  0.000000e+000  0.000000e+000  0.000000e+000  0.000000e+000  0.000000e+000  0.000000e+000  
0.000000e+000  0.000000e+000  0.000000e+000  0.000000e+000  0.000000e+000  0.000000e+000  0.000000e+000  0.000000e+000  0.000000e+000  
0.000000e+000  0.000000e+000  0.000000e+000  0.000000e+000  0.000000e+000  0.000000e+000  0.000000e+000  0.000000e+000  0.000000e+000  
0.000000e+000  0.000000e+000  0.000000e+000  0.000000e+000  0.000000e+000  0.000000e+000  0.000000e+000  0.000000e+000  0.000000e+000  
0.000000e+000  0.000000e+000  0.000000e+000  0.000000e+000  0.000000e+000  0.000000e+000  0.000000e+000  0.000000e+000  0.000000e+000  
0.000000e+000  0.000000e+000  0.000000e+000  0.000000e+000  0.000000e+000  0.000000e+000  0.000000e+000  0.000000e+000  0.000000e+000  
0.000000e+000  0.000000e+000  0.000000e+000  0.000000e+000  0.000000e+000  0.000000e+000  0.000000e+000  0.000000e+000  0.000000e+000  
0.000000e+000  0.000000e+000  0.000000e+000  0.000000e+000  0.000000e+000  0.000000e+000  0.000000e+000  0.000000e+000  0.000000e+000  
0.000000e+000  0.000000e+000  0.000000e+000  0.000000e+000  0.000000e+000  0.000000e+000  0.000000e+000  0.000000e+000  0.000000e+000  
0.000000e+000  0.000000e+000  0.000000e+000  0.000000e+000  0.000000e+000  0.000000e+000  0.000000e+000  0.000000e+000  0.000000e+000  
0.000000e+000  0.000000e+000  0.000000e+000  0.000000e+000  0.000000e+000  0.000000e+000  0.000000e+000  0.000000e+000  0.000000e+000  
0.000000e+000  0.000000e+000  0.000000e+000  0.000000e+000  0.000000e+000  0.000000e+000  0.000000e+000  0.000000e+000  0.000000e+000  
0.000000e+000  0.000000e+000  0.000000e+000  0.000000e+000  0.000000e+000  0.000000e+000  0.000000e+000  0.000000e+000  0.000000e+000  
0.000000e+000  0.000000e+000  0.000000e+000  0.000000e+000  0.000000e+000  0.000000e+000  0.000000e+000  0.000000e+000  0.000000e+000  
0.000000e+000  0.000000e+000  0.000000e+000  0.000000e+000  0.000000e+000  0.000000e+000  0.000000e+000  0.000000e+000  0.000000e+000  
0.000000e+000  0.000000e+000  0.000000e+000  0.000000e+000  0.000000e+000  0.000000e+000  0.000000e+000  0.000000e+000  0.000000e+000  
0.000000e+000  0.000000e+000  0.000000e+000  0.000000e+000  0.000000e+000  0.000000e+000  0.000000e+000  0.000000e+000  0.000000e+000  
0.000000e+000  0.000000e+000  0.000000e+000  0.000000e+000  0.000000e+000  0.000000e+000  0.000000e+000  0.000000e+000  0.000000e+000  
0.000000e+000  0.000000e+000  0.000000e+000  0.000000e+000  0.000000e+000  0.000000e+000  0.000000e+000  0.000000e+000  0.000000e+000  
0.000000e+000  0.000000e+000  0.000000e+000  0.000000e+000  0.000000e+000  0.000000e+000  0.000000e+000  0.000000e+000  0.000000e+000  
0.000000e+000  0.000000e+000  0.000000e+000  0.000000e+000  0.000000e+000  0.000000e+000  0.000000e+000  0.000000e+000  0.000000e+000  

5.265980e-001  5.156639e-001  4.908930e-001  4.515540e-001  4.067796e-001  3.493144e-001  2.877522e-001  2.524861e-001  -0.000000e+000  
5.441722e-001  5.325405e-001  5.054232e-001  4.618225e-001  4.129220e-001  3.511294e-001  2.863737e-001  2.498531e-001  -0.000000e+000  
5.838454e-001  5.706756e-001  5.379908e-001  4.842844e-001  4.258950e-001  3.544619e-001  2.829060e-001  2.438190e-001  -0.000000e+000  
6.568298e-001  6.410801e-001  5.971139e-001  5.229309e-001  4.464955e-001  3.579065e-001  2.753454e-001  2.324623e-001  -0.000000e+000  
7.661986e-001  7.477710e-001  6.842890e-001  5.746004e-001  4.699842e-001  3.574100e-001  2.617474e-001  2.150720e-001  -0.000000e+000  
9.181638e-001  9.007447e-001  8.041394e-001  6.339822e-001  4.885404e-001  3.468345e-001  2.391740e-001  1.903123e-001  -0.000000e+000  
1.108220e+000  1.109585e+000  9.568219e-001  6.851611e-001  4.866868e-001  3.172397e-001  2.043918e-001  1.571015e-001  -0.000000e+000  
1.282058e+000  1.365341e+000  1.117612e+000  6.868486e-001  4.368982e-001  2.576683e-001  1.548316e-001  1.151390e-001  -0.000000e+000  
1.205688e+000  1.549893e+000  1.153801e+000  5.361350e-001  2.912105e-001  1.532186e-001  8.623657e-002  6.237346e-002  -0.000000e+000  
-1.023802e-001  -1.189143e-001  -5.357297e-002  -2.147322e-002  -7.415287e-003  -1.351336e-003  2.072231e-004  4.625399e-004  -0.000000e+000  
-1.142787e+000  -1.542845e+000  -1.082023e+000  -4.699920e-001  -2.478256e-001  -1.279537e-001  -7.109397e-002  -5.105084e-002  -0.000000e+000  
-1.292807e+000  -1.525559e+000  -1.156755e+000  -5.995225e-001  -3.467546e-001  -1.909531e-001  -1.100414e-001  -8.025548e-002  -0.000000e+000  
-1.305103e+000  -1.379495e+000  -1.122746e+000  -6.878910e-001  -4.353093e-001  -2.550440e-001  -1.522454e-001  -1.127366e-001  -0.000000e+000  
-1.129141e+000  -1.128837e+000  -9.690129e-001  -6.881576e-001  -4.846982e-001  -3.127813e-001  -1.996771e-001  -1.526635e-001  -0.000000e+000  
-9.413121e-001  -9.231306e-001  -8.206647e-001  -6.409160e-001  -4.891361e-001  -3.431603e-001  -2.340227e-001  -1.850349e-001  -0.000000e+000  
-7.892215e-001  -7.699588e-001  -7.018065e-001  -5.839229e-001  -4.729687e-001  -3.552302e-001  -2.570127e-001  -2.097174e-001  -0.000000e+000  
-6.770821e-001  -6.605286e-001  -6.130734e-001  -5.325535e-001  -4.506316e-001  -3.569843e-001  -2.713939e-001  -2.275644e-001  -0.000000e+000  
-6.316171e-001  -6.167252e-001  -5.765397e-001  -5.090588e-001  -4.384249e-001  -3.553086e-001  -2.762873e-001  -2.346595e-001  -0.000000e+000  
-5.823004e-001  -5.693139e-001  -5.368364e-001  -4.831428e-001  -4.246569e-001  -3.530764e-001  -2.814239e-001  -2.423231e-001  -0.000000e+000  
-5.333190e-001  -5.231668e-001  -4.977219e-001  -4.559812e-001  -4.088289e-001  -3.488824e-001  -2.855333e-001  -2.495949e-001  -0.000000e+000  
-5.215053e-001  -5.115623e-001  -4.885629e-001  -4.492198e-001  -4.047277e-001  -3.476531e-001  -2.864477e-001  -2.513558e-001  -0.000000e+000  
-0.000000e+000  -0.000000e+000  -0.000000e+000  -0.000000e+000  -0.000000e+000  -0.000000e+000  -0.000000e+000  -0.000000e+000  -0.000000e+000  

