Port monitor named: Port2_e1.prt

nx        = 78
ny        = 73
nz        = 25

nu        = 9
nv        = 27
iu        = 10
iv        = 10

idir      = 1
dcut      = 3.000000e-002
icut      = 65
type      = 0
frequency = 3.500000e+009

fcutoff   = 0.000000e+000
alpha     = 0.000000e+000
beta      = 1.355304e+002
accuracy  = 3.769893e-014

type          = QTEM
wave imp.     = 2.052140e+002
wave imp.sig. = 0.000000e+000
line imp.     = 4.923789e+001

ref. port     = 0

0.000000e+000  0.000000e+000  0.000000e+000  0.000000e+000  0.000000e+000  0.000000e+000  0.000000e+000  0.000000e+000  0.000000e+000  
-2.664478e-001  -2.278062e+000  -1.324948e+001  -9.744277e+000  -7.060823e+000  -4.031843e+000  -1.345380e+000  -9.557136e-002  0.000000e+000  
-1.615355e+001  -1.524196e+001  -6.100157e+001  -4.993124e+001  -3.641122e+001  -2.052301e+001  -6.613425e+000  -2.279361e-001  0.000000e+000  
-3.494575e+001  -3.146801e+001  -1.195555e+002  -9.441765e+001  -6.579801e+001  -3.430536e+001  -9.021394e+000  1.838061e+000  0.000000e+000  
-3.857082e+001  -3.445665e+001  -1.295322e+002  -1.012829e+002  -6.978885e+001  -3.572668e+001  -8.913816e+000  2.439578e+000  0.000000e+000  
-6.451680e+001  -5.516545e+001  -1.947582e+002  -1.428468e+002  -9.128231e+001  -4.096217e+001  -6.026540e+000  7.381945e+000  0.000000e+000  
-9.269320e+001  -7.582559e+001  -2.495335e+002  -1.712809e+002  -1.015455e+002  -3.966584e+001  -1.200370e+000  1.230344e+001  0.000000e+000  
-1.369707e+002  -1.061129e+002  -3.163317e+002  -1.983680e+002  -1.060452e+002  -3.313981e+001  6.348317e+000  1.861414e+001  0.000000e+000  
-1.803404e+002  -1.340395e+002  -3.655427e+002  -2.121088e+002  -1.036371e+002  -2.537460e+001  1.269060e+001  2.329842e+001  0.000000e+000  
-2.994472e+002  -2.072218e+002  -4.631572e+002  -2.238810e+002  -8.585231e+001  -3.858228e+000  2.678454e+001  3.267491e+001  0.000000e+000  
-4.508218e+002  -2.975550e+002  -5.320916e+002  -2.092168e+002  -5.617368e+001  1.888036e+001  3.895703e+001  3.996560e+001  0.000000e+000  
-5.401842e+002  -3.521672e+002  -5.545503e+002  -1.935519e+002  -3.855231e+001  3.013247e+001  4.440375e+001  4.305144e+001  0.000000e+000  
-6.420856e+002  -4.163299e+002  -5.698695e+002  -1.724959e+002  -1.883115e+001  4.171565e+001  4.973200e+001  4.598213e+001  0.000000e+000  
-1.493000e+003  -1.013033e+003  -5.037317e+002  5.104868e+001  1.332654e+002  1.156495e+002  7.957722e+001  6.110025e+001  0.000000e+000  
-3.503554e+003  -3.827001e+003  1.427019e+003  6.561331e+002  3.655452e+002  1.959388e+002  1.059982e+002  7.302743e+001  0.000000e+000  
-4.078684e+003  -4.865564e+003  1.735158e+003  7.936102e+002  4.254259e+002  2.170961e+002  1.127714e+002  7.599942e+001  0.000000e+000  
-4.290881e+003  -4.675413e+003  1.559538e+003  8.546944e+002  4.710560e+002  2.351687e+002  1.185028e+002  7.845102e+001  0.000000e+000  
-3.440697e+003  -3.868633e+003  1.437453e+003  6.567765e+002  3.615246e+002  1.928407e+002  1.047575e+002  7.251334e+001  0.000000e+000  
-1.388111e+003  -9.456215e+002  -5.205349e+002  2.445561e+001  1.162000e+002  1.075854e+002  7.650230e+001  5.966685e+001  0.000000e+000  
-5.518055e+002  -3.610758e+002  -5.594982e+002  -1.920692e+002  -3.611637e+001  3.190060e+001  4.532246e+001  4.360457e+001  0.000000e+000  
-2.401935e+002  -1.712769e+002  -4.151131e+002  -2.192892e+002  -9.594251e+001  -1.519502e+001  1.966686e+001  2.808036e+001  0.000000e+000  
-1.177917e+002  -9.277015e+001  -2.849487e+002  -1.851740e+002  -1.038049e+002  -3.641304e+001  2.582917e+000  1.550007e+001  0.000000e+000  
-6.380323e+001  -5.419262e+001  -1.894303e+002  -1.384723e+002  -8.861272e+001  -4.015779e+001  -6.317774e+000  6.802024e+000  0.000000e+000  
-3.591995e+001  -3.200083e+001  -1.199399e+002  -9.396159e+001  -6.508689e+001  -3.375771e+001  -8.836076e+000  1.840682e+000  0.000000e+000  
-1.716626e+001  -1.566713e+001  -6.088750e+001  -4.965193e+001  -3.607710e+001  -2.024577e+001  -6.497144e+000  -2.079803e-001  0.000000e+000  
-2.461942e+000  -2.795356e+000  -1.152138e+001  -9.505522e+000  -6.977961e+000  -3.977950e+000  -1.322321e+000  -9.096063e-002  0.000000e+000  
0.000000e+000  0.000000e+000  0.000000e+000  0.000000e+000  0.000000e+000  0.000000e+000  0.000000e+000  0.000000e+000  0.000000e+000  

0.000000e+000  1.242923e+001  2.038598e+001  -9.213779e+000  -2.689537e+001  -3.605371e+001  -3.571637e+001  -2.092322e+001  0.000000e+000  
0.000000e+000  4.981767e+000  1.120835e+001  -1.131008e+001  -2.848284e+001  -3.749746e+001  -3.668087e+001  -2.132919e+001  0.000000e+000  
0.000000e+000  4.407876e+000  9.872452e+000  -2.121990e+001  -4.133475e+001  -4.972996e+001  -4.473860e+001  -2.467138e+001  0.000000e+000  
0.000000e+000  1.929566e+000  5.894760e+000  -3.449956e+001  -5.712120e+001  -6.369764e+001  -5.311435e+001  -2.789911e+001  0.000000e+000  
0.000000e+000  -6.113058e-001  1.848459e+000  -4.698036e+001  -7.159311e+001  -7.626180e+001  -6.048915e+001  -3.069636e+001  0.000000e+000  
0.000000e+000  -9.975188e+000  -1.278171e+001  -8.033065e+001  -1.054671e+002  -1.025761e+002  -7.397558e+001  -3.527565e+001  0.000000e+000  
0.000000e+000  -2.430701e+001  -3.491434e+001  -1.209141e+002  -1.420541e+002  -1.282585e+002  -8.565203e+001  -3.884941e+001  0.000000e+000  
0.000000e+000  -4.683265e+001  -6.943389e+001  -1.718573e+002  -1.820326e+002  -1.530694e+002  -9.535267e+001  -4.140483e+001  0.000000e+000  
0.000000e+000  -8.383554e+001  -1.261623e+002  -2.433921e+002  -2.324842e+002  -1.815390e+002  -1.052226e+002  -4.365661e+001  0.000000e+000  
0.000000e+000  -1.665073e+002  -2.547893e+002  -3.668309e+002  -3.030098e+002  -2.139565e+002  -1.134824e+002  -4.467619e+001  0.000000e+000  
0.000000e+000  -2.483781e+002  -3.884457e+002  -4.655102e+002  -3.490750e+002  -2.311970e+002  -1.163061e+002  -4.441733e+001  0.000000e+000  
0.000000e+000  -3.056568e+002  -4.863037e+002  -5.283294e+002  -3.755631e+002  -2.400679e+002  -1.172812e+002  -4.403625e+001  0.000000e+000  
0.000000e+000  -5.117330e+002  -8.590650e+002  -7.352828e+002  -4.539093e+002  -2.630738e+002  -1.181786e+002  -4.219038e+001  0.000000e+000  
0.000000e+000  -1.254091e+003  -2.849765e+003  -1.223718e+003  -5.214407e+002  -2.459869e+002  -9.602654e+001  -3.185009e+001  0.000000e+000  
0.000000e+000  -8.993364e+002  0.000000e+000  -7.361128e+002  -3.355480e+002  -1.584237e+002  -6.035058e+001  -1.963793e+001  0.000000e+000  
0.000000e+000  -1.612933e+002  0.000000e+000  -2.268747e+002  -1.346666e+002  -6.686970e+001  -2.515743e+001  -8.053101e+000  0.000000e+000  
0.000000e+000  4.397772e+002  0.000000e+000  4.088271e+002  2.136739e+002  1.052600e+002  4.009160e+001  1.286063e+001  0.000000e+000  
0.000000e+000  1.198863e+003  2.740009e+003  1.208115e+003  5.193723e+002  2.462945e+002  9.673090e+001  3.223114e+001  0.000000e+000  
0.000000e+000  4.695007e+002  7.864489e+002  6.965772e+002  4.382784e+002  2.576965e+002  1.175111e+002  4.240212e+001  0.000000e+000  
0.000000e+000  1.595468e+002  2.461225e+002  3.554241e+002  2.961053e+002  2.108972e+002  1.128004e+002  4.462827e+001  0.000000e+000  
0.000000e+000  5.081214e+001  7.574590e+001  1.769551e+002  1.844870e+002  1.540580e+002  9.562159e+001  4.146104e+001  0.000000e+000  
0.000000e+000  1.349130e+001  1.818866e+001  8.839238e+001  1.119053e+002  1.067042e+002  7.571926e+001  3.578613e+001  0.000000e+000  
0.000000e+000  4.730927e-001  -2.087096e+000  4.464531e+001  6.821303e+001  7.292211e+001  5.830047e+001  2.980601e+001  0.000000e+000  
0.000000e+000  -4.411012e+000  -9.797203e+000  2.180747e+001  4.182020e+001  4.993150e+001  4.465454e+001  2.456356e+001  0.000000e+000  
0.000000e+000  -6.102341e+000  -1.236449e+001  1.170404e+001  2.889632e+001  3.773696e+001  3.669343e+001  2.127498e+001  0.000000e+000  
0.000000e+000  -5.572808e+000  -1.238094e+001  1.059512e+001  2.741082e+001  3.630726e+001  3.574040e+001  2.087537e+001  0.000000e+000  
0.000000e+000  0.000000e+000  0.000000e+000  0.000000e+000  0.000000e+000  0.000000e+000  0.000000e+000  0.000000e+000  0.000000e+000  

0.000000e+000  0.000000e+000  0.000000e+000  0.000000e+000  0.000000e+000  0.000000e+000  0.000000e+000  0.000000e+000  0.000000e+000  
0.000000e+000  0.000000e+000  0.000000e+000  0.000000e+000  0.000000e+000  0.000000e+000  0.000000e+000  0.000000e+000  0.000000e+000  
0.000000e+000  0.000000e+000  0.000000e+000  0.000000e+000  0.000000e+000  0.000000e+000  0.000000e+000  0.000000e+000  0.000000e+000  
0.000000e+000  0.000000e+000  0.000000e+000  0.000000e+000  0.000000e+000  0.000000e+000  0.000000e+000  0.000000e+000  0.000000e+000  
0.000000e+000  0.000000e+000  0.000000e+000  0.000000e+000  0.000000e+000  0.000000e+000  0.000000e+000  0.000000e+000  0.000000e+000  
0.000000e+000  0.000000e+000  0.000000e+000  0.000000e+000  0.000000e+000  0.000000e+000  0.000000e+000  0.000000e+000  0.000000e+000  
0.000000e+000  0.000000e+000  0.000000e+000  0.000000e+000  0.000000e+000  0.000000e+000  0.000000e+000  0.000000e+000  0.000000e+000  
0.000000e+000  0.000000e+000  0.000000e+000  0.000000e+000  0.000000e+000  0.000000e+000  0.000000e+000  0.000000e+000  0.000000e+000  
0.000000e+000  0.000000e+000  0.000000e+000  0.000000e+000  0.000000e+000  0.000000e+000  0.000000e+000  0.000000e+000  0.000000e+000  
0.000000e+000  0.000000e+000  0.000000e+000  0.000000e+000  0.000000e+000  0.000000e+000  0.000000e+000  0.000000e+000  0.000000e+000  
0.000000e+000  0.000000e+000  0.000000e+000  0.000000e+000  0.000000e+000  0.000000e+000  0.000000e+000  0.000000e+000  0.000000e+000  
0.000000e+000  0.000000e+000  0.000000e+000  0.000000e+000  0.000000e+000  0.000000e+000  0.000000e+000  0.000000e+000  0.000000e+000  
0.000000e+000  0.000000e+000  0.000000e+000  0.000000e+000  0.000000e+000  0.000000e+000  0.000000e+000  0.000000e+000  0.000000e+000  
0.000000e+000  0.000000e+000  0.000000e+000  0.000000e+000  0.000000e+000  0.000000e+000  0.000000e+000  0.000000e+000  0.000000e+000  
0.000000e+000  0.000000e+000  0.000000e+000  0.000000e+000  0.000000e+000  0.000000e+000  0.000000e+000  0.000000e+000  0.000000e+000  
0.000000e+000  0.000000e+000  0.000000e+000  0.000000e+000  0.000000e+000  0.000000e+000  0.000000e+000  0.000000e+000  0.000000e+000  
0.000000e+000  0.000000e+000  0.000000e+000  0.000000e+000  0.000000e+000  0.000000e+000  0.000000e+000  0.000000e+000  0.000000e+000  
0.000000e+000  0.000000e+000  0.000000e+000  0.000000e+000  0.000000e+000  0.000000e+000  0.000000e+000  0.000000e+000  0.000000e+000  
0.000000e+000  0.000000e+000  0.000000e+000  0.000000e+000  0.000000e+000  0.000000e+000  0.000000e+000  0.000000e+000  0.000000e+000  
0.000000e+000  0.000000e+000  0.000000e+000  0.000000e+000  0.000000e+000  0.000000e+000  0.000000e+000  0.000000e+000  0.000000e+000  
0.000000e+000  0.000000e+000  0.000000e+000  0.000000e+000  0.000000e+000  0.000000e+000  0.000000e+000  0.000000e+000  0.000000e+000  
0.000000e+000  0.000000e+000  0.000000e+000  0.000000e+000  0.000000e+000  0.000000e+000  0.000000e+000  0.000000e+000  0.000000e+000  
0.000000e+000  0.000000e+000  0.000000e+000  0.000000e+000  0.000000e+000  0.000000e+000  0.000000e+000  0.000000e+000  0.000000e+000  
0.000000e+000  0.000000e+000  0.000000e+000  0.000000e+000  0.000000e+000  0.000000e+000  0.000000e+000  0.000000e+000  0.000000e+000  
0.000000e+000  0.000000e+000  0.000000e+000  0.000000e+000  0.000000e+000  0.000000e+000  0.000000e+000  0.000000e+000  0.000000e+000  
0.000000e+000  0.000000e+000  0.000000e+000  0.000000e+000  0.000000e+000  0.000000e+000  0.000000e+000  0.000000e+000  0.000000e+000  
0.000000e+000  0.000000e+000  0.000000e+000  0.000000e+000  0.000000e+000  0.000000e+000  0.000000e+000  0.000000e+000  0.000000e+000  

0.000000e+000  0.000000e+000  0.000000e+000  0.000000e+000  0.000000e+000  0.000000e+000  0.000000e+000  0.000000e+000  0.000000e+000  
0.000000e+000  0.000000e+000  0.000000e+000  0.000000e+000  0.000000e+000  0.000000e+000  0.000000e+000  0.000000e+000  0.000000e+000  
0.000000e+000  0.000000e+000  0.000000e+000  0.000000e+000  0.000000e+000  0.000000e+000  0.000000e+000  0.000000e+000  0.000000e+000  
0.000000e+000  0.000000e+000  0.000000e+000  0.000000e+000  0.000000e+000  0.000000e+000  0.000000e+000  0.000000e+000  0.000000e+000  
0.000000e+000  0.000000e+000  0.000000e+000  0.000000e+000  0.000000e+000  0.000000e+000  0.000000e+000  0.000000e+000  0.000000e+000  
0.000000e+000  0.000000e+000  0.000000e+000  0.000000e+000  0.000000e+000  0.000000e+000  0.000000e+000  0.000000e+000  0.000000e+000  
0.000000e+000  0.000000e+000  0.000000e+000  0.000000e+000  0.000000e+000  0.000000e+000  0.000000e+000  0.000000e+000  0.000000e+000  
0.000000e+000  0.000000e+000  0.000000e+000  0.000000e+000  0.000000e+000  0.000000e+000  0.000000e+000  0.000000e+000  0.000000e+000  
0.000000e+000  0.000000e+000  0.000000e+000  0.000000e+000  0.000000e+000  0.000000e+000  0.000000e+000  0.000000e+000  0.000000e+000  
0.000000e+000  0.000000e+000  0.000000e+000  0.000000e+000  0.000000e+000  0.000000e+000  0.000000e+000  0.000000e+000  0.000000e+000  
0.000000e+000  0.000000e+000  0.000000e+000  0.000000e+000  0.000000e+000  0.000000e+000  0.000000e+000  0.000000e+000  0.000000e+000  
0.000000e+000  0.000000e+000  0.000000e+000  0.000000e+000  0.000000e+000  0.000000e+000  0.000000e+000  0.000000e+000  0.000000e+000  
0.000000e+000  0.000000e+000  0.000000e+000  0.000000e+000  0.000000e+000  0.000000e+000  0.000000e+000  0.000000e+000  0.000000e+000  
0.000000e+000  0.000000e+000  0.000000e+000  0.000000e+000  0.000000e+000  0.000000e+000  0.000000e+000  0.000000e+000  0.000000e+000  
0.000000e+000  0.000000e+000  0.000000e+000  0.000000e+000  0.000000e+000  0.000000e+000  0.000000e+000  0.000000e+000  0.000000e+000  
0.000000e+000  0.000000e+000  0.000000e+000  0.000000e+000  0.000000e+000  0.000000e+000  0.000000e+000  0.000000e+000  0.000000e+000  
0.000000e+000  0.000000e+000  0.000000e+000  0.000000e+000  0.000000e+000  0.000000e+000  0.000000e+000  0.000000e+000  0.000000e+000  
0.000000e+000  0.000000e+000  0.000000e+000  0.000000e+000  0.000000e+000  0.000000e+000  0.000000e+000  0.000000e+000  0.000000e+000  
0.000000e+000  0.000000e+000  0.000000e+000  0.000000e+000  0.000000e+000  0.000000e+000  0.000000e+000  0.000000e+000  0.000000e+000  
0.000000e+000  0.000000e+000  0.000000e+000  0.000000e+000  0.000000e+000  0.000000e+000  0.000000e+000  0.000000e+000  0.000000e+000  
0.000000e+000  0.000000e+000  0.000000e+000  0.000000e+000  0.000000e+000  0.000000e+000  0.000000e+000  0.000000e+000  0.000000e+000  
0.000000e+000  0.000000e+000  0.000000e+000  0.000000e+000  0.000000e+000  0.000000e+000  0.000000e+000  0.000000e+000  0.000000e+000  
0.000000e+000  0.000000e+000  0.000000e+000  0.000000e+000  0.000000e+000  0.000000e+000  0.000000e+000  0.000000e+000  0.000000e+000  
0.000000e+000  0.000000e+000  0.000000e+000  0.000000e+000  0.000000e+000  0.000000e+000  0.000000e+000  0.000000e+000  0.000000e+000  
0.000000e+000  0.000000e+000  0.000000e+000  0.000000e+000  0.000000e+000  0.000000e+000  0.000000e+000  0.000000e+000  0.000000e+000  
0.000000e+000  0.000000e+000  0.000000e+000  0.000000e+000  0.000000e+000  0.000000e+000  0.000000e+000  0.000000e+000  0.000000e+000  
0.000000e+000  0.000000e+000  0.000000e+000  0.000000e+000  0.000000e+000  0.000000e+000  0.000000e+000  0.000000e+000  0.000000e+000  

0.000000e+000  0.000000e+000  0.000000e+000  0.000000e+000  0.000000e+000  0.000000e+000  0.000000e+000  0.000000e+000  0.000000e+000  
0.000000e+000  0.000000e+000  0.000000e+000  0.000000e+000  0.000000e+000  0.000000e+000  0.000000e+000  0.000000e+000  0.000000e+000  
0.000000e+000  0.000000e+000  0.000000e+000  0.000000e+000  0.000000e+000  0.000000e+000  0.000000e+000  0.000000e+000  0.000000e+000  
0.000000e+000  0.000000e+000  0.000000e+000  0.000000e+000  0.000000e+000  0.000000e+000  0.000000e+000  0.000000e+000  0.000000e+000  
0.000000e+000  0.000000e+000  0.000000e+000  0.000000e+000  0.000000e+000  0.000000e+000  0.000000e+000  0.000000e+000  0.000000e+000  
0.000000e+000  0.000000e+000  0.000000e+000  0.000000e+000  0.000000e+000  0.000000e+000  0.000000e+000  0.000000e+000  0.000000e+000  
0.000000e+000  0.000000e+000  0.000000e+000  0.000000e+000  0.000000e+000  0.000000e+000  0.000000e+000  0.000000e+000  0.000000e+000  
0.000000e+000  0.000000e+000  0.000000e+000  0.000000e+000  0.000000e+000  0.000000e+000  0.000000e+000  0.000000e+000  0.000000e+000  
0.000000e+000  0.000000e+000  0.000000e+000  0.000000e+000  0.000000e+000  0.000000e+000  0.000000e+000  0.000000e+000  0.000000e+000  
0.000000e+000  0.000000e+000  0.000000e+000  0.000000e+000  0.000000e+000  0.000000e+000  0.000000e+000  0.000000e+000  0.000000e+000  
0.000000e+000  0.000000e+000  0.000000e+000  0.000000e+000  0.000000e+000  0.000000e+000  0.000000e+000  0.000000e+000  0.000000e+000  
0.000000e+000  0.000000e+000  0.000000e+000  0.000000e+000  0.000000e+000  0.000000e+000  0.000000e+000  0.000000e+000  0.000000e+000  
0.000000e+000  0.000000e+000  0.000000e+000  0.000000e+000  0.000000e+000  0.000000e+000  0.000000e+000  0.000000e+000  0.000000e+000  
0.000000e+000  0.000000e+000  0.000000e+000  0.000000e+000  0.000000e+000  0.000000e+000  0.000000e+000  0.000000e+000  0.000000e+000  
0.000000e+000  0.000000e+000  0.000000e+000  0.000000e+000  0.000000e+000  0.000000e+000  0.000000e+000  0.000000e+000  0.000000e+000  
0.000000e+000  0.000000e+000  0.000000e+000  0.000000e+000  0.000000e+000  0.000000e+000  0.000000e+000  0.000000e+000  0.000000e+000  
0.000000e+000  0.000000e+000  0.000000e+000  0.000000e+000  0.000000e+000  0.000000e+000  0.000000e+000  0.000000e+000  0.000000e+000  
0.000000e+000  0.000000e+000  0.000000e+000  0.000000e+000  0.000000e+000  0.000000e+000  0.000000e+000  0.000000e+000  0.000000e+000  
0.000000e+000  0.000000e+000  0.000000e+000  0.000000e+000  0.000000e+000  0.000000e+000  0.000000e+000  0.000000e+000  0.000000e+000  
0.000000e+000  0.000000e+000  0.000000e+000  0.000000e+000  0.000000e+000  0.000000e+000  0.000000e+000  0.000000e+000  0.000000e+000  
0.000000e+000  0.000000e+000  0.000000e+000  0.000000e+000  0.000000e+000  0.000000e+000  0.000000e+000  0.000000e+000  0.000000e+000  
0.000000e+000  0.000000e+000  0.000000e+000  0.000000e+000  0.000000e+000  0.000000e+000  0.000000e+000  0.000000e+000  0.000000e+000  
0.000000e+000  0.000000e+000  0.000000e+000  0.000000e+000  0.000000e+000  0.000000e+000  0.000000e+000  0.000000e+000  0.000000e+000  
0.000000e+000  0.000000e+000  0.000000e+000  0.000000e+000  0.000000e+000  0.000000e+000  0.000000e+000  0.000000e+000  0.000000e+000  
0.000000e+000  0.000000e+000  0.000000e+000  0.000000e+000  0.000000e+000  0.000000e+000  0.000000e+000  0.000000e+000  0.000000e+000  
0.000000e+000  0.000000e+000  0.000000e+000  0.000000e+000  0.000000e+000  0.000000e+000  0.000000e+000  0.000000e+000  0.000000e+000  
0.000000e+000  0.000000e+000  0.000000e+000  0.000000e+000  0.000000e+000  0.000000e+000  0.000000e+000  0.000000e+000  0.000000e+000  

0.000000e+000  0.000000e+000  0.000000e+000  0.000000e+000  0.000000e+000  0.000000e+000  0.000000e+000  0.000000e+000  0.000000e+000  
0.000000e+000  -1.455970e+000  -2.443117e+000  -1.934307e+000  -1.618767e+000  -1.302877e+000  -8.490478e-001  -3.918235e-001  0.000000e+000  
0.000000e+000  -5.584704e+000  -1.086319e+001  -9.890026e+000  -8.393210e+000  -6.745779e+000  -4.380657e+000  -2.017518e+000  0.000000e+000  
0.000000e+000  -1.072451e+001  -2.096458e+001  -1.874191e+001  -1.558756e+001  -1.230606e+001  -7.852350e+000  -3.582819e+000  0.000000e+000  
0.000000e+000  -1.158189e+001  -2.264628e+001  -2.013029e+001  -1.665759e+001  -1.309887e+001  -8.329515e+000  -3.794267e+000  0.000000e+000  
0.000000e+000  -1.709535e+001  -3.345860e+001  -2.866514e+001  -2.295959e+001  -1.760349e+001  -1.095475e+001  -4.939870e+000  0.000000e+000  
0.000000e+000  -2.152326e+001  -4.220724e+001  -3.489646e+001  -2.716358e+001  -2.040948e+001  -1.251110e+001  -5.607697e+000  0.000000e+000  
0.000000e+000  -2.669750e+001  -5.256469e+001  -4.154520e+001  -3.127323e+001  -2.298737e+001  -1.389165e+001  -6.197094e+000  0.000000e+000  
0.000000e+000  -3.035023e+001  -6.004041e+001  -4.580901e+001  -3.367907e+001  -2.441606e+001  -1.464586e+001  -6.522543e+000  0.000000e+000  
0.000000e+000  -3.728041e+001  -7.474836e+001  -5.298928e+001  -3.726923e+001  -2.641608e+001  -1.570851e+001  -6.995964e+000  0.000000e+000  
0.000000e+000  -4.198201e+001  -8.576267e+001  -5.696323e+001  -3.887650e+001  -2.727363e+001  -1.622693e+001  -7.252005e+000  0.000000e+000  
0.000000e+000  -4.357941e+001  -9.003862e+001  -5.806174e+001  -3.921846e+001  -2.746747e+001  -1.638131e+001  -7.338399e+000  0.000000e+000  
0.000000e+000  -4.479873e+001  -9.375148e+001  -5.873261e+001  -3.935006e+001  -2.756164e+001  -1.649529e+001  -7.409764e+000  0.000000e+000  
0.000000e+000  -4.480738e+001  -1.044208e+002  -5.538328e+001  -3.685396e+001  -2.666630e+001  -1.660873e+001  -7.627263e+000  0.000000e+000  
0.000000e+000  -8.303657e+000  0.000000e+000  -2.859290e+001  -2.838912e+001  -2.403925e+001  -1.622394e+001  -7.674799e+000  0.000000e+000  
0.000000e+000  -3.373316e+000  0.000000e+000  -2.276218e+001  -2.609924e+001  -2.326989e+001  -1.609589e+001  -7.678713e+000  0.000000e+000  
0.000000e+000  -1.405676e+000  0.000000e+000  -1.905928e+001  -2.415697e+001  -2.254339e+001  -1.596398e+001  -7.676338e+000  0.000000e+000  
0.000000e+000  -6.676864e+000  0.000000e+000  -2.793893e+001  -2.831646e+001  -2.409910e+001  -1.625908e+001  -7.683795e+000  0.000000e+000  
0.000000e+000  -4.493701e+001  -1.038795e+002  -5.588086e+001  -3.718105e+001  -2.681379e+001  -1.663271e+001  -7.620486e+000  0.000000e+000  
0.000000e+000  -4.387667e+001  -9.081605e+001  -5.827151e+001  -3.927042e+001  -2.749015e+001  -1.640460e+001  -7.353400e+000  0.000000e+000  
0.000000e+000  -3.390237e+001  -6.757661e+001  -4.960007e+001  -3.565131e+001  -2.554929e+001  -1.525442e+001  -6.792862e+000  0.000000e+000  
0.000000e+000  -2.424778e+001  -4.769275e+001  -3.838388e+001  -2.933125e+001  -2.178883e+001  -1.326507e+001  -5.933873e+000  0.000000e+000  
0.000000e+000  -1.659864e+001  -3.250876e+001  -2.781919e+001  -2.230489e+001  -1.713503e+001  -1.069279e+001  -4.830639e+000  0.000000e+000  
0.000000e+000  -1.070827e+001  -2.095155e+001  -1.865237e+001  -1.547797e+001  -1.220802e+001  -7.791283e+000  -3.557499e+000  0.000000e+000  
0.000000e+000  -5.506946e+000  -1.076214e+001  -9.812874e+000  -8.329503e+000  -6.692957e+000  -4.346665e+000  -2.002839e+000  0.000000e+000  
0.000000e+000  -1.126114e+000  -2.061465e+000  -1.879413e+000  -1.602040e+000  -1.292300e+000  -8.424433e-001  -3.889563e-001  0.000000e+000  
0.000000e+000  0.000000e+000  0.000000e+000  0.000000e+000  0.000000e+000  0.000000e+000  0.000000e+000  0.000000e+000  0.000000e+000  

