Port monitor named: Port2_h1.prt

nx        = 78
ny        = 73
nz        = 25

nu        = 9
nv        = 27
iu        = 10
iv        = 10

idir      = 1
dcut      = 3.000000e-002
icut      = 65
type      = 1
frequency = 3.500000e+009

fcutoff   = 0.000000e+000
alpha     = 0.000000e+000
beta      = 1.355304e+002
accuracy  = 3.769893e-014

type          = QTEM
wave imp.     = 2.052140e+002
wave imp.sig. = 0.000000e+000
line imp.     = 4.923789e+001

ref. port     = 0

-0.000000e+000  -8.539285e-002  -1.455955e-001  -2.396182e-001  -2.946173e-001  -3.077804e-001  -2.605083e-001  -1.419992e-001  -0.000000e+000  
-0.000000e+000  -7.516978e-002  -1.481573e-001  -2.473928e-001  -3.031163e-001  -3.152047e-001  -2.650916e-001  -1.438236e-001  -0.000000e+000  
-0.000000e+000  -1.023754e-001  -1.952691e-001  -3.176129e-001  -3.762760e-001  -3.780284e-001  -3.031639e-001  -1.587579e-001  -0.000000e+000  
-0.000000e+000  -1.362566e-001  -2.569078e-001  -4.051641e-001  -4.620025e-001  -4.471386e-001  -3.415879e-001  -1.727635e-001  -0.000000e+000  
-0.000000e+000  -1.679729e-001  -3.144631e-001  -4.857884e-001  -5.396853e-001  -5.088007e-001  -3.752110e-001  -1.848238e-001  -0.000000e+000  
-0.000000e+000  -2.520329e-001  -4.639914e-001  -6.798020e-001  -7.100846e-001  -6.317785e-001  -4.341911e-001  -2.036368e-001  -0.000000e+000  
-0.000000e+000  -3.565550e-001  -6.463341e-001  -8.979836e-001  -8.851913e-001  -7.472707e-001  -4.833918e-001  -2.175660e-001  -0.000000e+000  
-0.000000e+000  -4.940384e-001  -8.815614e-001  -1.151425e+000  -1.066863e+000  -8.540992e-001  -5.222236e-001  -2.266161e-001  -0.000000e+000  
-0.000000e+000  -6.972596e-001  -1.225939e+000  -1.490101e+000  -1.288393e+000  -9.728937e-001  -5.599160e-001  -2.336507e-001  -0.000000e+000  
-0.000000e+000  -1.089484e+000  -1.888833e+000  -2.029703e+000  -1.579342e+000  -1.099083e+000  -5.866429e-001  -2.339669e-001  -0.000000e+000  
-0.000000e+000  -1.442730e+000  -2.506285e+000  -2.437468e+000  -1.760058e+000  -1.161120e+000  -5.921095e-001  -2.299843e-001  -0.000000e+000  
-0.000000e+000  -1.680883e+000  -2.938707e+000  -2.691148e+000  -1.861509e+000  -1.191415e+000  -5.921832e-001  -2.266110e-001  -0.000000e+000  
-0.000000e+000  -2.509954e+000  -4.521997e+000  -3.509104e+000  -2.153858e+000  -1.264279e+000  -5.828697e-001  -2.132115e-001  -0.000000e+000  
-0.000000e+000  -5.093721e+000  -1.183867e+001  -5.225955e+000  -2.312265e+000  -1.130349e+000  -4.598060e-001  -1.575792e-001  -0.000000e+000  
-0.000000e+000  -4.053816e+000  -0.000000e+000  -3.188151e+000  -1.479912e+000  -7.212802e-001  -2.867112e-001  -9.659409e-002  -0.000000e+000  
-0.000000e+000  -7.198328e-001  -0.000000e+000  -9.786729e-001  -5.901652e-001  -3.016614e-001  -1.186066e-001  -3.940903e-002  -0.000000e+000  
-0.000000e+000  2.029646e+000  -0.000000e+000  1.790806e+000  9.475819e-001  4.786989e-001  1.895031e-001  6.289275e-002  -0.000000e+000  
-0.000000e+000  4.841244e+000  1.144438e+001  5.166649e+000  2.306588e+000  1.134232e+000  4.642592e-001  1.597901e-001  -0.000000e+000  
-0.000000e+000  2.331360e+000  4.211537e+000  3.351358e+000  2.092754e+000  1.245470e+000  5.825030e-001  2.152023e-001  -0.000000e+000  
-0.000000e+000  1.053167e+000  1.837773e+000  1.978454e+000  1.550417e+000  1.086982e+000  5.844251e-001  2.340842e-001  -0.000000e+000  
-0.000000e+000  5.112209e-001  9.111224e-001  1.172248e+000  1.076307e+000  8.576077e-001  5.229490e-001  2.266509e-001  -0.000000e+000  
-0.000000e+000  2.737604e-001  5.012904e-001  7.202263e-001  7.395123e-001  6.496143e-001  4.411623e-001  2.054481e-001  -0.000000e+000  
-0.000000e+000  1.621824e-001  3.034223e-001  4.677389e-001  5.198185e-001  4.913504e-001  3.646700e-001  1.807308e-001  -0.000000e+000  
-0.000000e+000  1.038442e-001  1.977616e-001  3.201955e-001  3.775500e-001  3.779261e-001  3.020985e-001  1.579724e-001  -0.000000e+000  
-0.000000e+000  7.575574e-002  1.492566e-001  2.487879e-001  3.040108e-001  3.153602e-001  2.644926e-001  1.432728e-001  -0.000000e+000  
-0.000000e+000  8.586283e-002  1.464923e-001  2.408749e-001  2.954639e-001  3.079607e-001  2.599623e-001  1.414763e-001  -0.000000e+000  
-0.000000e+000  -0.000000e+000  -0.000000e+000  -0.000000e+000  -0.000000e+000  -0.000000e+000  -0.000000e+000  -0.000000e+000  -0.000000e+000  

-0.000000e+000  -0.000000e+000  -0.000000e+000  -0.000000e+000  -0.000000e+000  -0.000000e+000  -0.000000e+000  -0.000000e+000  -0.000000e+000  
4.787497e-002  5.582366e-002  5.176259e-002  3.959244e-002  2.642282e-002  1.199301e-002  1.164661e-004  -5.085863e-003  -0.000000e+000  
3.318334e-001  3.135117e-001  2.738918e-001  2.059967e-001  1.357777e-001  6.010382e-002  -1.066014e-003  -2.748291e-002  -0.000000e+000  
6.564833e-001  6.175152e-001  5.286014e-001  3.811153e-001  2.374526e-001  9.189028e-002  -1.628197e-002  -5.980528e-002  -0.000000e+000  
7.130437e-001  6.694582e-001  5.699110e-001  4.065152e-001  2.498235e-001  9.344942e-002  -2.057644e-002  -6.575284e-002  -0.000000e+000  
1.089680e+000  1.010703e+000  8.306394e-001  5.523558e-001  3.085448e-001  8.690572e-002  -5.571211e-002  -1.062321e-001  -0.000000e+000  
1.428152e+000  1.307465e+000  1.033884e+000  6.391429e-001  3.225633e-001  5.912444e-002  -9.197719e-002  -1.398360e-001  -0.000000e+000  
1.879348e+000  1.690454e+000  1.265144e+000  7.060300e-001  3.048416e-001  6.591394e-003  -1.402140e-001  -1.791411e-001  -0.000000e+000  
2.257269e+000  2.000339e+000  1.423056e+000  7.251556e-001  2.676484e-001  -4.305510e-002  -1.773967e-001  -2.067279e-001  -0.000000e+000  
3.154878e+000  2.711059e+000  1.706246e+000  6.896314e-001  1.391198e-001  -1.646485e-001  -2.548710e-001  -2.594246e-001  -0.000000e+000  
4.109934e+000  3.439621e+000  1.861438e+000  5.562352e-001  -2.590897e-002  -2.819798e-001  -3.182882e-001  -2.988102e-001  -0.000000e+000  
4.620450e+000  3.828615e+000  1.889044e+000  4.597570e-001  -1.161775e-001  -3.378403e-001  -3.459646e-001  -3.151689e-001  -0.000000e+000  
5.175361e+000  4.256080e+000  1.885154e+000  3.424833e-001  -2.138687e-001  -3.943084e-001  -3.727001e-001  -3.305536e-001  -0.000000e+000  
9.348909e+000  7.664713e+000  1.196636e+000  -7.316871e-001  -9.182168e-001  -7.396090e-001  -5.175955e-001  -4.077810e-001  -0.000000e+000  
1.755815e+001  1.850326e+001  -6.459680e+000  -3.223181e+000  -1.905746e+000  -1.094933e+000  -6.410440e-001  -4.669496e-001  -0.000000e+000  
2.015577e+001  2.370971e+001  -7.903088e+000  -3.805435e+000  -2.159922e+000  -1.187700e+000  -6.723913e-001  -4.815808e-001  -0.000000e+000  
2.110744e+001  2.286615e+001  -7.140481e+000  -4.059276e+000  -2.352125e+000  -1.266140e+000  -6.986631e-001  -4.935705e-001  -0.000000e+000  
1.717630e+001  1.875947e+001  -6.523177e+000  -3.211236e+000  -1.882585e+000  -1.080162e+000  -6.353296e-001  -4.645559e-001  -0.000000e+000  
8.840364e+000  7.303761e+000  1.306030e+000  -6.056951e-001  -8.391881e-001  -7.021779e-001  -5.029512e-001  -4.006551e-001  -0.000000e+000  
4.690891e+000  3.894026e+000  1.898564e+000  4.483858e-001  -1.288846e-001  -3.465013e-001  -3.505878e-001  -3.180942e-001  -0.000000e+000  
2.711481e+000  2.363173e+000  1.568879e+000  7.131240e-001  2.081172e-001  -1.019739e-001  -2.164054e-001  -2.340122e-001  -0.000000e+000  
1.674480e+000  1.515453e+000  1.155668e+000  6.729967e-001  3.131664e-001  3.245011e-002  -1.165962e-001  -1.601372e-001  -0.000000e+000  
1.063712e+000  9.854356e-001  8.072079e-001  5.358702e-001  3.002900e-001  8.650119e-002  -5.211875e-002  -1.018395e-001  -0.000000e+000  
6.605266e-001  6.202735e-001  5.284990e-001  3.783580e-001  2.342650e-001  8.983819e-002  -1.668409e-002  -5.945918e-002  -0.000000e+000  
3.332828e-001  3.145434e-001  2.739531e-001  2.049762e-001  1.344219e-001  5.906699e-002  -1.362508e-003  -2.737268e-002  -0.000000e+000  
4.809216e-002  5.601776e-002  5.177545e-002  3.941295e-002  2.617618e-002  1.179681e-002  5.635523e-005  -5.067829e-003  -0.000000e+000  
-0.000000e+000  -0.000000e+000  -0.000000e+000  -0.000000e+000  -0.000000e+000  -0.000000e+000  -0.000000e+000  -0.000000e+000  -0.000000e+000  

0.000000e+000  0.000000e+000  0.000000e+000  0.000000e+000  0.000000e+000  0.000000e+000  0.000000e+000  0.000000e+000  0.000000e+000  
0.000000e+000  0.000000e+000  0.000000e+000  0.000000e+000  0.000000e+000  0.000000e+000  0.000000e+000  0.000000e+000  0.000000e+000  
0.000000e+000  0.000000e+000  0.000000e+000  0.000000e+000  0.000000e+000  0.000000e+000  0.000000e+000  0.000000e+000  0.000000e+000  
0.000000e+000  0.000000e+000  0.000000e+000  0.000000e+000  0.000000e+000  0.000000e+000  0.000000e+000  0.000000e+000  0.000000e+000  
0.000000e+000  0.000000e+000  0.000000e+000  0.000000e+000  0.000000e+000  0.000000e+000  0.000000e+000  0.000000e+000  0.000000e+000  
0.000000e+000  0.000000e+000  0.000000e+000  0.000000e+000  0.000000e+000  0.000000e+000  0.000000e+000  0.000000e+000  0.000000e+000  
0.000000e+000  0.000000e+000  0.000000e+000  0.000000e+000  0.000000e+000  0.000000e+000  0.000000e+000  0.000000e+000  0.000000e+000  
0.000000e+000  0.000000e+000  0.000000e+000  0.000000e+000  0.000000e+000  0.000000e+000  0.000000e+000  0.000000e+000  0.000000e+000  
0.000000e+000  0.000000e+000  0.000000e+000  0.000000e+000  0.000000e+000  0.000000e+000  0.000000e+000  0.000000e+000  0.000000e+000  
0.000000e+000  0.000000e+000  0.000000e+000  0.000000e+000  0.000000e+000  0.000000e+000  0.000000e+000  0.000000e+000  0.000000e+000  
0.000000e+000  0.000000e+000  0.000000e+000  0.000000e+000  0.000000e+000  0.000000e+000  0.000000e+000  0.000000e+000  0.000000e+000  
0.000000e+000  0.000000e+000  0.000000e+000  0.000000e+000  0.000000e+000  0.000000e+000  0.000000e+000  0.000000e+000  0.000000e+000  
0.000000e+000  0.000000e+000  0.000000e+000  0.000000e+000  0.000000e+000  0.000000e+000  0.000000e+000  0.000000e+000  0.000000e+000  
0.000000e+000  0.000000e+000  0.000000e+000  0.000000e+000  0.000000e+000  0.000000e+000  0.000000e+000  0.000000e+000  0.000000e+000  
0.000000e+000  0.000000e+000  0.000000e+000  0.000000e+000  0.000000e+000  0.000000e+000  0.000000e+000  0.000000e+000  0.000000e+000  
0.000000e+000  0.000000e+000  0.000000e+000  0.000000e+000  0.000000e+000  0.000000e+000  0.000000e+000  0.000000e+000  0.000000e+000  
0.000000e+000  0.000000e+000  0.000000e+000  0.000000e+000  0.000000e+000  0.000000e+000  0.000000e+000  0.000000e+000  0.000000e+000  
0.000000e+000  0.000000e+000  0.000000e+000  0.000000e+000  0.000000e+000  0.000000e+000  0.000000e+000  0.000000e+000  0.000000e+000  
0.000000e+000  0.000000e+000  0.000000e+000  0.000000e+000  0.000000e+000  0.000000e+000  0.000000e+000  0.000000e+000  0.000000e+000  
0.000000e+000  0.000000e+000  0.000000e+000  0.000000e+000  0.000000e+000  0.000000e+000  0.000000e+000  0.000000e+000  0.000000e+000  
0.000000e+000  0.000000e+000  0.000000e+000  0.000000e+000  0.000000e+000  0.000000e+000  0.000000e+000  0.000000e+000  0.000000e+000  
0.000000e+000  0.000000e+000  0.000000e+000  0.000000e+000  0.000000e+000  0.000000e+000  0.000000e+000  0.000000e+000  0.000000e+000  
0.000000e+000  0.000000e+000  0.000000e+000  0.000000e+000  0.000000e+000  0.000000e+000  0.000000e+000  0.000000e+000  0.000000e+000  
0.000000e+000  0.000000e+000  0.000000e+000  0.000000e+000  0.000000e+000  0.000000e+000  0.000000e+000  0.000000e+000  0.000000e+000  
0.000000e+000  0.000000e+000  0.000000e+000  0.000000e+000  0.000000e+000  0.000000e+000  0.000000e+000  0.000000e+000  0.000000e+000  
0.000000e+000  0.000000e+000  0.000000e+000  0.000000e+000  0.000000e+000  0.000000e+000  0.000000e+000  0.000000e+000  0.000000e+000  
0.000000e+000  0.000000e+000  0.000000e+000  0.000000e+000  0.000000e+000  0.000000e+000  0.000000e+000  0.000000e+000  0.000000e+000  

0.000000e+000  0.000000e+000  0.000000e+000  0.000000e+000  0.000000e+000  0.000000e+000  0.000000e+000  0.000000e+000  0.000000e+000  
0.000000e+000  0.000000e+000  0.000000e+000  0.000000e+000  0.000000e+000  0.000000e+000  0.000000e+000  0.000000e+000  0.000000e+000  
0.000000e+000  0.000000e+000  0.000000e+000  0.000000e+000  0.000000e+000  0.000000e+000  0.000000e+000  0.000000e+000  0.000000e+000  
0.000000e+000  0.000000e+000  0.000000e+000  0.000000e+000  0.000000e+000  0.000000e+000  0.000000e+000  0.000000e+000  0.000000e+000  
0.000000e+000  0.000000e+000  0.000000e+000  0.000000e+000  0.000000e+000  0.000000e+000  0.000000e+000  0.000000e+000  0.000000e+000  
0.000000e+000  0.000000e+000  0.000000e+000  0.000000e+000  0.000000e+000  0.000000e+000  0.000000e+000  0.000000e+000  0.000000e+000  
0.000000e+000  0.000000e+000  0.000000e+000  0.000000e+000  0.000000e+000  0.000000e+000  0.000000e+000  0.000000e+000  0.000000e+000  
0.000000e+000  0.000000e+000  0.000000e+000  0.000000e+000  0.000000e+000  0.000000e+000  0.000000e+000  0.000000e+000  0.000000e+000  
0.000000e+000  0.000000e+000  0.000000e+000  0.000000e+000  0.000000e+000  0.000000e+000  0.000000e+000  0.000000e+000  0.000000e+000  
0.000000e+000  0.000000e+000  0.000000e+000  0.000000e+000  0.000000e+000  0.000000e+000  0.000000e+000  0.000000e+000  0.000000e+000  
0.000000e+000  0.000000e+000  0.000000e+000  0.000000e+000  0.000000e+000  0.000000e+000  0.000000e+000  0.000000e+000  0.000000e+000  
0.000000e+000  0.000000e+000  0.000000e+000  0.000000e+000  0.000000e+000  0.000000e+000  0.000000e+000  0.000000e+000  0.000000e+000  
0.000000e+000  0.000000e+000  0.000000e+000  0.000000e+000  0.000000e+000  0.000000e+000  0.000000e+000  0.000000e+000  0.000000e+000  
0.000000e+000  0.000000e+000  0.000000e+000  0.000000e+000  0.000000e+000  0.000000e+000  0.000000e+000  0.000000e+000  0.000000e+000  
0.000000e+000  0.000000e+000  0.000000e+000  0.000000e+000  0.000000e+000  0.000000e+000  0.000000e+000  0.000000e+000  0.000000e+000  
0.000000e+000  0.000000e+000  0.000000e+000  0.000000e+000  0.000000e+000  0.000000e+000  0.000000e+000  0.000000e+000  0.000000e+000  
0.000000e+000  0.000000e+000  0.000000e+000  0.000000e+000  0.000000e+000  0.000000e+000  0.000000e+000  0.000000e+000  0.000000e+000  
0.000000e+000  0.000000e+000  0.000000e+000  0.000000e+000  0.000000e+000  0.000000e+000  0.000000e+000  0.000000e+000  0.000000e+000  
0.000000e+000  0.000000e+000  0.000000e+000  0.000000e+000  0.000000e+000  0.000000e+000  0.000000e+000  0.000000e+000  0.000000e+000  
0.000000e+000  0.000000e+000  0.000000e+000  0.000000e+000  0.000000e+000  0.000000e+000  0.000000e+000  0.000000e+000  0.000000e+000  
0.000000e+000  0.000000e+000  0.000000e+000  0.000000e+000  0.000000e+000  0.000000e+000  0.000000e+000  0.000000e+000  0.000000e+000  
0.000000e+000  0.000000e+000  0.000000e+000  0.000000e+000  0.000000e+000  0.000000e+000  0.000000e+000  0.000000e+000  0.000000e+000  
0.000000e+000  0.000000e+000  0.000000e+000  0.000000e+000  0.000000e+000  0.000000e+000  0.000000e+000  0.000000e+000  0.000000e+000  
0.000000e+000  0.000000e+000  0.000000e+000  0.000000e+000  0.000000e+000  0.000000e+000  0.000000e+000  0.000000e+000  0.000000e+000  
0.000000e+000  0.000000e+000  0.000000e+000  0.000000e+000  0.000000e+000  0.000000e+000  0.000000e+000  0.000000e+000  0.000000e+000  
0.000000e+000  0.000000e+000  0.000000e+000  0.000000e+000  0.000000e+000  0.000000e+000  0.000000e+000  0.000000e+000  0.000000e+000  
0.000000e+000  0.000000e+000  0.000000e+000  0.000000e+000  0.000000e+000  0.000000e+000  0.000000e+000  0.000000e+000  0.000000e+000  

0.000000e+000  0.000000e+000  0.000000e+000  0.000000e+000  0.000000e+000  0.000000e+000  0.000000e+000  0.000000e+000  0.000000e+000  
0.000000e+000  0.000000e+000  0.000000e+000  0.000000e+000  0.000000e+000  0.000000e+000  0.000000e+000  0.000000e+000  0.000000e+000  
0.000000e+000  0.000000e+000  0.000000e+000  0.000000e+000  0.000000e+000  0.000000e+000  0.000000e+000  0.000000e+000  0.000000e+000  
0.000000e+000  0.000000e+000  0.000000e+000  0.000000e+000  0.000000e+000  0.000000e+000  0.000000e+000  0.000000e+000  0.000000e+000  
0.000000e+000  0.000000e+000  0.000000e+000  0.000000e+000  0.000000e+000  0.000000e+000  0.000000e+000  0.000000e+000  0.000000e+000  
0.000000e+000  0.000000e+000  0.000000e+000  0.000000e+000  0.000000e+000  0.000000e+000  0.000000e+000  0.000000e+000  0.000000e+000  
0.000000e+000  0.000000e+000  0.000000e+000  0.000000e+000  0.000000e+000  0.000000e+000  0.000000e+000  0.000000e+000  0.000000e+000  
0.000000e+000  0.000000e+000  0.000000e+000  0.000000e+000  0.000000e+000  0.000000e+000  0.000000e+000  0.000000e+000  0.000000e+000  
0.000000e+000  0.000000e+000  0.000000e+000  0.000000e+000  0.000000e+000  0.000000e+000  0.000000e+000  0.000000e+000  0.000000e+000  
0.000000e+000  0.000000e+000  0.000000e+000  0.000000e+000  0.000000e+000  0.000000e+000  0.000000e+000  0.000000e+000  0.000000e+000  
0.000000e+000  0.000000e+000  0.000000e+000  0.000000e+000  0.000000e+000  0.000000e+000  0.000000e+000  0.000000e+000  0.000000e+000  
0.000000e+000  0.000000e+000  0.000000e+000  0.000000e+000  0.000000e+000  0.000000e+000  0.000000e+000  0.000000e+000  0.000000e+000  
0.000000e+000  0.000000e+000  0.000000e+000  0.000000e+000  0.000000e+000  0.000000e+000  0.000000e+000  0.000000e+000  0.000000e+000  
0.000000e+000  0.000000e+000  0.000000e+000  0.000000e+000  0.000000e+000  0.000000e+000  0.000000e+000  0.000000e+000  0.000000e+000  
0.000000e+000  0.000000e+000  0.000000e+000  0.000000e+000  0.000000e+000  0.000000e+000  0.000000e+000  0.000000e+000  0.000000e+000  
0.000000e+000  0.000000e+000  0.000000e+000  0.000000e+000  0.000000e+000  0.000000e+000  0.000000e+000  0.000000e+000  0.000000e+000  
0.000000e+000  0.000000e+000  0.000000e+000  0.000000e+000  0.000000e+000  0.000000e+000  0.000000e+000  0.000000e+000  0.000000e+000  
0.000000e+000  0.000000e+000  0.000000e+000  0.000000e+000  0.000000e+000  0.000000e+000  0.000000e+000  0.000000e+000  0.000000e+000  
0.000000e+000  0.000000e+000  0.000000e+000  0.000000e+000  0.000000e+000  0.000000e+000  0.000000e+000  0.000000e+000  0.000000e+000  
0.000000e+000  0.000000e+000  0.000000e+000  0.000000e+000  0.000000e+000  0.000000e+000  0.000000e+000  0.000000e+000  0.000000e+000  
0.000000e+000  0.000000e+000  0.000000e+000  0.000000e+000  0.000000e+000  0.000000e+000  0.000000e+000  0.000000e+000  0.000000e+000  
0.000000e+000  0.000000e+000  0.000000e+000  0.000000e+000  0.000000e+000  0.000000e+000  0.000000e+000  0.000000e+000  0.000000e+000  
0.000000e+000  0.000000e+000  0.000000e+000  0.000000e+000  0.000000e+000  0.000000e+000  0.000000e+000  0.000000e+000  0.000000e+000  
0.000000e+000  0.000000e+000  0.000000e+000  0.000000e+000  0.000000e+000  0.000000e+000  0.000000e+000  0.000000e+000  0.000000e+000  
0.000000e+000  0.000000e+000  0.000000e+000  0.000000e+000  0.000000e+000  0.000000e+000  0.000000e+000  0.000000e+000  0.000000e+000  
0.000000e+000  0.000000e+000  0.000000e+000  0.000000e+000  0.000000e+000  0.000000e+000  0.000000e+000  0.000000e+000  0.000000e+000  
0.000000e+000  0.000000e+000  0.000000e+000  0.000000e+000  0.000000e+000  0.000000e+000  0.000000e+000  0.000000e+000  0.000000e+000  

6.000837e-001  5.888889e-001  5.628992e-001  5.201590e-001  4.718310e-001  4.110524e-001  3.449445e-001  3.062187e-001  -0.000000e+000  
6.059381e-001  5.943875e-001  5.670243e-001  5.233848e-001  4.738828e-001  4.118339e-001  3.447155e-001  3.055603e-001  -0.000000e+000  
6.527246e-001  6.386159e-001  6.048885e-001  5.506796e-001  4.908512e-001  4.180586e-001  3.425672e-001  2.999066e-001  -0.000000e+000  
7.033900e-001  6.872994e-001  6.463088e-001  5.791724e-001  5.074409e-001  4.230040e-001  3.391729e-001  2.932712e-001  -0.000000e+000  
7.487099e-001  7.309149e-001  6.833006e-001  6.043278e-001  5.218554e-001  4.270636e-001  3.359555e-001  2.872718e-001  -0.000000e+000  
8.412650e-001  8.207473e-001  7.578887e-001  6.513325e-001  5.458772e-001  4.308627e-001  3.272391e-001  2.743230e-001  -0.000000e+000  
9.315677e-001  9.094998e-001  8.300983e-001  6.933578e-001  5.647666e-001  4.310912e-001  3.172209e-001  2.612621e-001  -0.000000e+000  
1.020399e+000  9.987996e-001  9.009034e-001  7.301317e-001  5.780851e-001  4.275085e-001  3.057711e-001  2.479515e-001  -0.000000e+000  
1.125055e+000  1.106679e+000  9.846589e-001  7.693490e-001  5.891626e-001  4.200917e-001  2.909241e-001  2.317902e-001  -0.000000e+000  
1.254121e+000  1.249648e+000  1.090458e+000  8.067540e-001  5.907664e-001  4.027922e-001  2.689285e-001  2.101919e-001  -0.000000e+000  
1.330036e+000  1.343146e+000  1.155937e+000  8.220141e-001  5.844027e-001  3.875799e-001  2.532707e-001  1.957832e-001  -0.000000e+000  
1.371365e+000  1.397750e+000  1.192948e+000  8.281701e-001  5.785896e-001  3.775998e-001  2.437100e-001  1.872001e-001  -0.000000e+000  
1.485984e+000  1.563141e+000  1.300817e+000  8.377451e-001  5.542205e-001  3.437779e-001  2.132388e-001  1.604470e-001  -0.000000e+000  
1.477492e+000  1.781220e+000  1.380938e+000  7.262126e-001  4.310984e-001  2.466267e-001  1.449198e-001  1.062349e-001  -0.000000e+000  
9.440609e-001  1.118393e+000  8.580184e-001  4.557668e-001  2.673773e-001  1.501626e-001  8.695839e-002  6.330181e-002  -0.000000e+000  
3.828421e-001  4.148895e-001  3.080814e-001  1.848479e-001  1.099532e-001  6.113921e-002  3.507991e-002  2.544879e-002  -0.000000e+000  
-6.176083e-001  -6.977263e-001  -5.220296e-001  -2.948202e-001  -1.738761e-001  -9.612319e-002  -5.444005e-002  -3.907410e-002  -0.000000e+000  
-1.478597e+000  -1.772003e+000  -1.377975e+000  -7.302139e-001  -4.356106e-001  -2.503218e-001  -1.475274e-001  -1.082671e-001  -0.000000e+000  
-1.460230e+000  -1.527924e+000  -1.277107e+000  -8.333182e-001  -5.570902e-001  -3.492792e-001  -2.185529e-001  -1.651777e-001  -0.000000e+000  
-1.240300e+000  -1.235014e+000  -1.079278e+000  -8.021564e-001  -5.897571e-001  -4.036125e-001  -2.701401e-001  -2.113391e-001  -0.000000e+000  
-1.023566e+000  -1.002821e+000  -9.035415e-001  -7.302212e-001  -5.770572e-001  -4.259849e-001  -3.041403e-001  -2.463366e-001  -0.000000e+000  
-8.549784e-001  -8.345050e-001  -7.686820e-001  -6.566805e-001  -5.474155e-001  -4.295744e-001  -3.245395e-001  -2.712505e-001  -0.000000e+000  
-7.353421e-001  -7.180805e-001  -6.719933e-001  -5.957948e-001  -5.161564e-001  -4.243687e-001  -3.355979e-001  -2.878877e-001  -0.000000e+000  
-6.519375e-001  -6.376674e-001  -6.036055e-001  -5.490683e-001  -4.891310e-001  -4.164315e-001  -3.412387e-001  -2.987962e-001  -0.000000e+000  
-6.061525e-001  -5.937734e-001  -5.656955e-001  -5.218994e-001  -4.723407e-001  -4.103367e-001  -3.434133e-001  -3.044217e-001  -0.000000e+000  
-6.020443e-001  -5.889308e-001  -5.612559e-001  -5.186530e-001  -4.703050e-001  -4.095701e-001  -3.436456e-001  -3.050769e-001  -0.000000e+000  
-0.000000e+000  -0.000000e+000  -0.000000e+000  -0.000000e+000  -0.000000e+000  -0.000000e+000  -0.000000e+000  -0.000000e+000  -0.000000e+000  

