Port monitor named: Port3_h1.prt

nx        = 67
ny        = 65
nz        = 25

nu        = 9
nv        = 21
iu        = 8
iv        = 11

idir      = 1
dcut      = -2.750000e-002
icut      = 9
type      = 1
frequency = 3.500000e+009

fcutoff   = 0.000000e+000
alpha     = 0.000000e+000
beta      = 1.352533e+002
accuracy  = 1.138808e-014

type          = QTEM
wave imp.     = 2.051326e+002
wave imp.sig. = 1.075188e-001
line imp.     = 4.917784e+001

ref. port     = 0

0.000000e+000  1.603559e-001  2.943993e-001  3.499905e-001  3.353047e-001  2.753211e-001  1.707689e-001  8.918760e-002  0.000000e+000  
0.000000e+000  1.725440e-001  3.250527e-001  4.007285e-001  3.936850e-001  3.314578e-001  2.096594e-001  1.102980e-001  0.000000e+000  
0.000000e+000  1.936057e-001  3.810703e-001  5.000409e-001  5.136537e-001  4.524938e-001  2.968665e-001  1.582664e-001  0.000000e+000  
0.000000e+000  2.178941e-001  4.516309e-001  6.389016e-001  6.946593e-001  6.495268e-001  4.482977e-001  2.432509e-001  0.000000e+000  
0.000000e+000  2.423087e-001  5.337524e-001  8.277390e-001  9.704354e-001  9.857142e-001  7.339891e-001  4.077355e-001  0.000000e+000  
0.000000e+000  2.594960e-001  6.119038e-001  1.057190e+000  1.367537e+000  1.557723e+000  1.302617e+000  7.425775e-001  0.000000e+000  
0.000000e+000  2.595250e-001  6.581337e-001  1.285332e+000  1.887005e+000  2.521507e+000  2.536059e+000  1.460287e+000  0.000000e+000  
0.000000e+000  2.316028e-001  6.311617e-001  1.404365e+000  2.412773e+000  4.036932e+000  5.556480e+000  2.985256e+000  0.000000e+000  
0.000000e+000  1.729975e-001  4.978700e-001  1.231012e+000  2.472467e+000  5.589486e+000  1.371601e+001  5.198998e+000  0.000000e+000  
0.000000e+000  9.505061e-002  2.823215e-001  7.246374e-001  1.431865e+000  2.724625e+000  0.000000e+000  2.930300e+000  0.000000e+000  
0.000000e+000  2.492910e-003  9.109374e-003  2.840297e-002  5.771551e-002  8.706177e-002  0.000000e+000  2.646609e-002  0.000000e+000  
0.000000e+000  -9.074079e-002  -2.669470e-001  -6.754432e-001  -1.315709e+000  -2.477918e+000  0.000000e+000  -2.794801e+000  0.000000e+000  
0.000000e+000  -1.837560e-001  -5.276795e-001  -1.299084e+000  -2.571752e+000  -5.535423e+000  -1.153551e+001  -4.929248e+000  0.000000e+000  
0.000000e+000  -2.453747e-001  -6.533921e-001  -1.391662e+000  -2.258855e+000  -3.471798e+000  -4.200683e+000  -2.338904e+000  0.000000e+000  
0.000000e+000  -2.629680e-001  -6.436234e-001  -1.182867e+000  -1.628259e+000  -2.005250e+000  -1.831617e+000  -1.051929e+000  0.000000e+000  
0.000000e+000  -2.506654e-001  -5.659377e-001  -9.125155e-001  -1.108150e+000  -1.173263e+000  -9.111177e-001  -5.112959e-001  0.000000e+000  
0.000000e+000  -2.243912e-001  -4.713607e-001  -6.806848e-001  -7.529862e-001  -7.179965e-001  -5.047620e-001  -2.755091e-001  0.000000e+000  
0.000000e+000  -1.963743e-001  -3.881856e-001  -5.128365e-001  -5.297848e-001  -4.697270e-001  -3.100077e-001  -1.656229e-001  0.000000e+000  
0.000000e+000  -1.740375e-001  -3.284152e-001  -4.059863e-001  -3.997650e-001  -3.374527e-001  -2.139461e-001  -1.126512e-001  0.000000e+000  
0.000000e+000  -1.618810e-001  -2.976637e-001  -3.546893e-001  -3.403798e-001  -2.799777e-001  -1.739037e-001  -9.087331e-002  0.000000e+000  
0.000000e+000  0.000000e+000  0.000000e+000  0.000000e+000  0.000000e+000  0.000000e+000  0.000000e+000  0.000000e+000  0.000000e+000  

0.000000e+000  0.000000e+000  0.000000e+000  0.000000e+000  0.000000e+000  0.000000e+000  0.000000e+000  0.000000e+000  0.000000e+000  
-2.703473e-002  -4.632433e-003  4.733571e-002  1.116328e-001  1.687180e-001  2.239697e-001  2.579539e-001  2.734420e-001  0.000000e+000  
-6.183137e-002  -2.007041e-002  8.219508e-002  2.175100e-001  3.435045e-001  4.712625e-001  5.520888e-001  5.889718e-001  0.000000e+000  
-1.034291e-001  -5.105474e-002  8.857165e-002  2.931621e-001  4.984187e-001  7.225440e-001  8.716467e-001  9.399987e-001  0.000000e+000  
-1.590878e-001  -1.059091e-001  5.704023e-002  3.349226e-001  6.466520e-001  1.027010e+000  1.302334e+000  1.429630e+000  0.000000e+000  
-2.299737e-001  -1.912919e-001  -3.497849e-002  3.025809e-001  7.500893e-001  1.393777e+000  1.930085e+000  2.179703e+000  0.000000e+000  
-3.139438e-001  -3.104188e-001  -2.146066e-001  1.220622e-001  7.061701e-001  1.785488e+000  2.926467e+000  3.444968e+000  0.000000e+000  
-4.042556e-001  -4.583428e-001  -5.025248e-001  -3.221509e-001  2.694164e-001  1.960033e+000  4.710834e+000  5.788166e+000  0.000000e+000  
-4.890288e-001  -6.158225e-001  -8.834913e-001  -1.142460e+000  -1.061988e+000  8.000374e-001  8.717243e+000  1.038093e+001  0.000000e+000  
-5.449418e-001  -7.292777e-001  -1.204016e+000  -2.043863e+000  -3.378418e+000  -7.065546e+000  1.888270e+001  1.707427e+001  0.000000e+000  
-5.762330e-001  -7.958391e-001  -1.399699e+000  -2.558119e+000  -4.324051e+000  -7.720642e+000  2.317326e+001  2.085171e+001  0.000000e+000  
-5.772489e-001  -7.984971e-001  -1.408754e+000  -2.580004e+000  -4.345128e+000  -7.648303e+000  2.314729e+001  2.089153e+001  0.000000e+000  
-5.477207e-001  -7.363827e-001  -1.228967e+000  -2.116226e+000  -3.497602e+000  -6.870600e+000  1.875501e+001  1.729632e+001  0.000000e+000  
-4.689493e-001  -5.767719e-001  -7.802025e-001  -8.874358e-001  -5.751844e-001  1.435146e+000  7.230636e+000  8.815073e+000  0.000000e+000  
-3.680224e-001  -3.963069e-001  -3.725922e-001  -1.010235e-001  5.190536e-001  1.952370e+000  3.850564e+000  4.652213e+000  0.000000e+000  
-2.669079e-001  -2.413874e-001  -1.043241e-001  2.438238e-001  7.559837e-001  1.573159e+000  2.325400e+000  2.672445e+000  0.000000e+000  
-1.797124e-001  -1.293691e-001  3.503884e-002  3.333978e-001  6.842550e-001  1.134065e+000  1.474072e+000  1.631580e+000  0.000000e+000  
-1.120131e-001  -5.910933e-002  8.490413e-002  3.011823e-001  5.224690e-001  7.692654e-001  9.362487e-001  1.012909e+000  0.000000e+000  
-6.303781e-002  -2.149522e-002  8.084296e-002  2.173704e-001  3.454108e-001  4.763041e-001  5.596266e-001  5.976673e-001  0.000000e+000  
-2.764066e-002  -5.300958e-003  4.681862e-002  1.117991e-001  1.698388e-001  2.263704e-001  2.612824e-001  2.771949e-001  0.000000e+000  
0.000000e+000  0.000000e+000  0.000000e+000  0.000000e+000  0.000000e+000  0.000000e+000  0.000000e+000  0.000000e+000  0.000000e+000  

0.000000e+000  0.000000e+000  0.000000e+000  0.000000e+000  0.000000e+000  0.000000e+000  0.000000e+000  0.000000e+000  0.000000e+000  
0.000000e+000  0.000000e+000  0.000000e+000  0.000000e+000  0.000000e+000  0.000000e+000  0.000000e+000  0.000000e+000  0.000000e+000  
0.000000e+000  0.000000e+000  0.000000e+000  0.000000e+000  0.000000e+000  0.000000e+000  0.000000e+000  0.000000e+000  0.000000e+000  
0.000000e+000  0.000000e+000  0.000000e+000  0.000000e+000  0.000000e+000  0.000000e+000  0.000000e+000  0.000000e+000  0.000000e+000  
0.000000e+000  0.000000e+000  0.000000e+000  0.000000e+000  0.000000e+000  0.000000e+000  0.000000e+000  0.000000e+000  0.000000e+000  
0.000000e+000  0.000000e+000  0.000000e+000  0.000000e+000  0.000000e+000  0.000000e+000  0.000000e+000  0.000000e+000  0.000000e+000  
0.000000e+000  0.000000e+000  0.000000e+000  0.000000e+000  0.000000e+000  0.000000e+000  0.000000e+000  0.000000e+000  0.000000e+000  
0.000000e+000  0.000000e+000  0.000000e+000  0.000000e+000  0.000000e+000  0.000000e+000  0.000000e+000  0.000000e+000  0.000000e+000  
0.000000e+000  0.000000e+000  0.000000e+000  0.000000e+000  0.000000e+000  0.000000e+000  0.000000e+000  0.000000e+000  0.000000e+000  
0.000000e+000  0.000000e+000  0.000000e+000  0.000000e+000  0.000000e+000  0.000000e+000  0.000000e+000  0.000000e+000  0.000000e+000  
0.000000e+000  0.000000e+000  0.000000e+000  0.000000e+000  0.000000e+000  0.000000e+000  0.000000e+000  0.000000e+000  0.000000e+000  
0.000000e+000  0.000000e+000  0.000000e+000  0.000000e+000  0.000000e+000  0.000000e+000  0.000000e+000  0.000000e+000  0.000000e+000  
0.000000e+000  0.000000e+000  0.000000e+000  0.000000e+000  0.000000e+000  0.000000e+000  0.000000e+000  0.000000e+000  0.000000e+000  
0.000000e+000  0.000000e+000  0.000000e+000  0.000000e+000  0.000000e+000  0.000000e+000  0.000000e+000  0.000000e+000  0.000000e+000  
0.000000e+000  0.000000e+000  0.000000e+000  0.000000e+000  0.000000e+000  0.000000e+000  0.000000e+000  0.000000e+000  0.000000e+000  
0.000000e+000  0.000000e+000  0.000000e+000  0.000000e+000  0.000000e+000  0.000000e+000  0.000000e+000  0.000000e+000  0.000000e+000  
0.000000e+000  0.000000e+000  0.000000e+000  0.000000e+000  0.000000e+000  0.000000e+000  0.000000e+000  0.000000e+000  0.000000e+000  
0.000000e+000  0.000000e+000  0.000000e+000  0.000000e+000  0.000000e+000  0.000000e+000  0.000000e+000  0.000000e+000  0.000000e+000  
0.000000e+000  0.000000e+000  0.000000e+000  0.000000e+000  0.000000e+000  0.000000e+000  0.000000e+000  0.000000e+000  0.000000e+000  
0.000000e+000  0.000000e+000  0.000000e+000  0.000000e+000  0.000000e+000  0.000000e+000  0.000000e+000  0.000000e+000  0.000000e+000  
0.000000e+000  0.000000e+000  0.000000e+000  0.000000e+000  0.000000e+000  0.000000e+000  0.000000e+000  0.000000e+000  0.000000e+000  

0.000000e+000  0.000000e+000  0.000000e+000  0.000000e+000  0.000000e+000  0.000000e+000  0.000000e+000  0.000000e+000  0.000000e+000  
0.000000e+000  0.000000e+000  0.000000e+000  0.000000e+000  0.000000e+000  0.000000e+000  0.000000e+000  0.000000e+000  0.000000e+000  
0.000000e+000  0.000000e+000  0.000000e+000  0.000000e+000  0.000000e+000  0.000000e+000  0.000000e+000  0.000000e+000  0.000000e+000  
0.000000e+000  0.000000e+000  0.000000e+000  0.000000e+000  0.000000e+000  0.000000e+000  0.000000e+000  0.000000e+000  0.000000e+000  
0.000000e+000  0.000000e+000  0.000000e+000  0.000000e+000  0.000000e+000  0.000000e+000  0.000000e+000  0.000000e+000  0.000000e+000  
0.000000e+000  0.000000e+000  0.000000e+000  0.000000e+000  0.000000e+000  0.000000e+000  0.000000e+000  0.000000e+000  0.000000e+000  
0.000000e+000  0.000000e+000  0.000000e+000  0.000000e+000  0.000000e+000  0.000000e+000  0.000000e+000  0.000000e+000  0.000000e+000  
0.000000e+000  0.000000e+000  0.000000e+000  0.000000e+000  0.000000e+000  0.000000e+000  0.000000e+000  0.000000e+000  0.000000e+000  
0.000000e+000  0.000000e+000  0.000000e+000  0.000000e+000  0.000000e+000  0.000000e+000  0.000000e+000  0.000000e+000  0.000000e+000  
0.000000e+000  0.000000e+000  0.000000e+000  0.000000e+000  0.000000e+000  0.000000e+000  0.000000e+000  0.000000e+000  0.000000e+000  
0.000000e+000  0.000000e+000  0.000000e+000  0.000000e+000  0.000000e+000  0.000000e+000  0.000000e+000  0.000000e+000  0.000000e+000  
0.000000e+000  0.000000e+000  0.000000e+000  0.000000e+000  0.000000e+000  0.000000e+000  0.000000e+000  0.000000e+000  0.000000e+000  
0.000000e+000  0.000000e+000  0.000000e+000  0.000000e+000  0.000000e+000  0.000000e+000  0.000000e+000  0.000000e+000  0.000000e+000  
0.000000e+000  0.000000e+000  0.000000e+000  0.000000e+000  0.000000e+000  0.000000e+000  0.000000e+000  0.000000e+000  0.000000e+000  
0.000000e+000  0.000000e+000  0.000000e+000  0.000000e+000  0.000000e+000  0.000000e+000  0.000000e+000  0.000000e+000  0.000000e+000  
0.000000e+000  0.000000e+000  0.000000e+000  0.000000e+000  0.000000e+000  0.000000e+000  0.000000e+000  0.000000e+000  0.000000e+000  
0.000000e+000  0.000000e+000  0.000000e+000  0.000000e+000  0.000000e+000  0.000000e+000  0.000000e+000  0.000000e+000  0.000000e+000  
0.000000e+000  0.000000e+000  0.000000e+000  0.000000e+000  0.000000e+000  0.000000e+000  0.000000e+000  0.000000e+000  0.000000e+000  
0.000000e+000  0.000000e+000  0.000000e+000  0.000000e+000  0.000000e+000  0.000000e+000  0.000000e+000  0.000000e+000  0.000000e+000  
0.000000e+000  0.000000e+000  0.000000e+000  0.000000e+000  0.000000e+000  0.000000e+000  0.000000e+000  0.000000e+000  0.000000e+000  
0.000000e+000  0.000000e+000  0.000000e+000  0.000000e+000  0.000000e+000  0.000000e+000  0.000000e+000  0.000000e+000  0.000000e+000  

0.000000e+000  0.000000e+000  0.000000e+000  0.000000e+000  0.000000e+000  0.000000e+000  0.000000e+000  0.000000e+000  0.000000e+000  
0.000000e+000  0.000000e+000  0.000000e+000  0.000000e+000  0.000000e+000  0.000000e+000  0.000000e+000  0.000000e+000  0.000000e+000  
0.000000e+000  0.000000e+000  0.000000e+000  0.000000e+000  0.000000e+000  0.000000e+000  0.000000e+000  0.000000e+000  0.000000e+000  
0.000000e+000  0.000000e+000  0.000000e+000  0.000000e+000  0.000000e+000  0.000000e+000  0.000000e+000  0.000000e+000  0.000000e+000  
0.000000e+000  0.000000e+000  0.000000e+000  0.000000e+000  0.000000e+000  0.000000e+000  0.000000e+000  0.000000e+000  0.000000e+000  
0.000000e+000  0.000000e+000  0.000000e+000  0.000000e+000  0.000000e+000  0.000000e+000  0.000000e+000  0.000000e+000  0.000000e+000  
0.000000e+000  0.000000e+000  0.000000e+000  0.000000e+000  0.000000e+000  0.000000e+000  0.000000e+000  0.000000e+000  0.000000e+000  
0.000000e+000  0.000000e+000  0.000000e+000  0.000000e+000  0.000000e+000  0.000000e+000  0.000000e+000  0.000000e+000  0.000000e+000  
0.000000e+000  0.000000e+000  0.000000e+000  0.000000e+000  0.000000e+000  0.000000e+000  0.000000e+000  0.000000e+000  0.000000e+000  
0.000000e+000  0.000000e+000  0.000000e+000  0.000000e+000  0.000000e+000  0.000000e+000  0.000000e+000  0.000000e+000  0.000000e+000  
0.000000e+000  0.000000e+000  0.000000e+000  0.000000e+000  0.000000e+000  0.000000e+000  0.000000e+000  0.000000e+000  0.000000e+000  
0.000000e+000  0.000000e+000  0.000000e+000  0.000000e+000  0.000000e+000  0.000000e+000  0.000000e+000  0.000000e+000  0.000000e+000  
0.000000e+000  0.000000e+000  0.000000e+000  0.000000e+000  0.000000e+000  0.000000e+000  0.000000e+000  0.000000e+000  0.000000e+000  
0.000000e+000  0.000000e+000  0.000000e+000  0.000000e+000  0.000000e+000  0.000000e+000  0.000000e+000  0.000000e+000  0.000000e+000  
0.000000e+000  0.000000e+000  0.000000e+000  0.000000e+000  0.000000e+000  0.000000e+000  0.000000e+000  0.000000e+000  0.000000e+000  
0.000000e+000  0.000000e+000  0.000000e+000  0.000000e+000  0.000000e+000  0.000000e+000  0.000000e+000  0.000000e+000  0.000000e+000  
0.000000e+000  0.000000e+000  0.000000e+000  0.000000e+000  0.000000e+000  0.000000e+000  0.000000e+000  0.000000e+000  0.000000e+000  
0.000000e+000  0.000000e+000  0.000000e+000  0.000000e+000  0.000000e+000  0.000000e+000  0.000000e+000  0.000000e+000  0.000000e+000  
0.000000e+000  0.000000e+000  0.000000e+000  0.000000e+000  0.000000e+000  0.000000e+000  0.000000e+000  0.000000e+000  0.000000e+000  
0.000000e+000  0.000000e+000  0.000000e+000  0.000000e+000  0.000000e+000  0.000000e+000  0.000000e+000  0.000000e+000  0.000000e+000  
0.000000e+000  0.000000e+000  0.000000e+000  0.000000e+000  0.000000e+000  0.000000e+000  0.000000e+000  0.000000e+000  0.000000e+000  

-3.443618e-001  -3.855282e-001  -4.568664e-001  -5.226921e-001  -5.733460e-001  -6.182130e-001  -6.483786e-001  -6.622820e-001  -0.000000e+000  
-3.395094e-001  -3.833627e-001  -4.611280e-001  -5.352147e-001  -5.934745e-001  -6.461375e-001  -6.807518e-001  -6.959886e-001  -0.000000e+000  
-3.295940e-001  -3.780382e-001  -4.674229e-001  -5.574718e-001  -6.311202e-001  -7.002639e-001  -7.442088e-001  -7.618836e-001  -0.000000e+000  
-3.149056e-001  -3.685455e-001  -4.723327e-001  -5.842998e-001  -6.806639e-001  -7.758856e-001  -8.343760e-001  -8.548457e-001  -0.000000e+000  
-2.932129e-001  -3.518924e-001  -4.720334e-001  -6.130959e-001  -7.431055e-001  -8.812150e-001  -9.630500e-001  -9.851917e-001  -0.000000e+000  
-2.629566e-001  -3.248397e-001  -4.598722e-001  -6.351680e-001  -8.119790e-001  -1.019915e+000  -1.138541e+000  -1.155540e+000  -0.000000e+000  
-2.228559e-001  -2.839049e-001  -4.265292e-001  -6.341771e-001  -8.696530e-001  -1.189572e+000  -1.365906e+000  -1.353730e+000  -0.000000e+000  
-1.724012e-001  -2.262588e-001  -3.608975e-001  -5.824853e-001  -8.735092e-001  -1.360066e+000  -1.626831e+000  -1.516284e+000  -0.000000e+000  
-1.166733e-001  -1.565811e-001  -2.616025e-001  -4.525100e-001  -7.427645e-001  -1.385718e+000  -1.766866e+000  -1.438789e+000  -0.000000e+000  
-5.988495e-002  -8.167841e-002  -1.407837e-001  -2.522530e-001  -4.196173e-001  -7.358268e-001  -9.756629e-001  -8.470295e-001  -0.000000e+000  
-1.269333e-004  -6.210765e-004  -2.302038e-003  -6.237089e-003  -1.239940e-002  -2.169958e-002  -5.256564e-002  -4.980373e-002  -0.000000e+000  
5.971431e-002  8.065486e-002  1.369256e-001  2.415814e-001  3.965450e-001  6.863988e-001  8.664940e-001  7.520007e-001  -0.000000e+000  
1.262329e-001  1.687228e-001  2.802794e-001  4.821748e-001  7.850050e-001  1.425666e+000  1.768483e+000  1.474091e+000  -0.000000e+000  
1.921788e-001  2.494687e-001  3.895575e-001  6.107021e-001  8.858928e-001  1.310498e+000  1.536598e+000  1.467729e+000  -0.000000e+000  
2.450444e-001  3.072847e-001  4.478805e-001  6.411291e-001  8.474166e-001  1.107373e+000  1.251457e+000  1.256274e+000  -0.000000e+000  
2.845319e-001  3.448425e-001  4.711577e-001  6.248406e-001  7.710301e-001  9.320075e-001  1.025623e+000  1.046397e+000  -0.000000e+000  
3.121369e-001  3.671193e-001  4.748010e-001  5.931327e-001  6.965373e-001  8.004298e-001  8.635730e-001  8.843915e-001  -0.000000e+000  
3.301199e-001  3.791379e-001  4.699204e-001  5.619117e-001  6.375124e-001  7.088706e-001  7.540341e-001  7.719058e-001  -0.000000e+000  
3.408208e-001  3.849782e-001  4.633909e-001  5.382649e-001  5.972580e-001  6.507018e-001  6.857658e-001  7.011102e-001  -0.000000e+000  
3.457406e-001  3.872230e-001  4.592037e-001  5.257533e-001  5.770403e-001  6.225395e-001  6.530823e-001  6.671052e-001  -0.000000e+000  
-0.000000e+000  -0.000000e+000  -0.000000e+000  -0.000000e+000  -0.000000e+000  -0.000000e+000  -0.000000e+000  -0.000000e+000  -0.000000e+000  

