Port monitor named: Port1_e1.prt

nx        = 67
ny        = 65
nz        = 25

nu        = 9
nv        = 21
iu        = 8
iv        = 11

idir      = 1
dcut      = 2.750000e-002
icut      = 57
type      = 0
frequency = 3.500000e+009

fcutoff   = 0.000000e+000
alpha     = 0.000000e+000
beta      = 1.352533e+002
accuracy  = 1.138808e-014

type          = QTEM
wave imp.     = 2.051326e+002
wave imp.sig. = 1.075188e-001
line imp.     = 4.917784e+001

ref. port     = 0

0.000000e+000  0.000000e+000  0.000000e+000  0.000000e+000  0.000000e+000  0.000000e+000  0.000000e+000  0.000000e+000  0.000000e+000  
-4.551318e-001  4.959702e+000  1.678753e+001  3.025432e+001  4.118513e+001  5.012433e+001  1.299231e+001  1.429841e+001  0.000000e+000  
-2.641189e+000  7.704136e+000  3.150481e+001  6.060766e+001  8.556862e+001  1.073148e+002  2.864684e+001  3.223165e+001  0.000000e+000  
-7.185463e+000  6.323513e+000  3.991070e+001  8.553962e+001  1.281200e+002  1.690061e+002  4.759253e+001  5.562014e+001  0.000000e+000  
-1.501390e+001  -2.592737e-001  4.093935e+001  1.058834e+002  1.743095e+002  2.497213e+002  7.718175e+001  9.568113e+001  0.000000e+000  
-2.655528e+001  -1.378845e+001  2.923720e+001  1.130179e+002  2.178460e+002  3.575887e+002  1.296614e+002  1.743971e+002  0.000000e+000  
-4.154778e+001  -3.542726e+001  -2.293232e+000  8.914967e+001  2.366394e+002  4.934047e+002  2.354961e+002  3.469997e+002  0.000000e+000  
-5.870124e+001  -6.461486e+001  -6.015150e+001  3.776117e+000  1.701682e+002  6.109644e+002  4.846421e+002  7.542446e+002  0.000000e+000  
-7.550401e+001  -9.744621e+001  -1.429696e+002  -1.774105e+002  -1.178654e+002  4.341161e+002  1.230367e+003  1.729437e+003  0.000000e+000  
-8.688013e+001  -1.218945e+002  -2.158464e+002  -3.912522e+002  -6.871361e+002  -1.570237e+003  3.920624e+003  3.400195e+003  0.000000e+000  
-9.336462e+001  -1.365209e+002  -2.610611e+002  -5.134617e+002  -9.122316e+002  -1.695386e+003  4.755352e+003  4.239812e+003  0.000000e+000  
-9.364289e+001  -1.372445e+002  -2.635195e+002  -5.194060e+002  -9.180060e+002  -1.676100e+003  4.746503e+003  4.251491e+003  0.000000e+000  
-8.764204e+001  -1.238298e+002  -2.226195e+002  -4.108779e+002  -7.194987e+002  -1.518195e+003  3.879204e+003  3.467244e+003  0.000000e+000  
-7.173353e+001  -8.962290e+001  -1.210306e+002  -1.213733e+002  -1.093782e+001  5.532854e+002  9.423759e+002  1.391783e+003  0.000000e+000  
-5.200970e+001  -5.258892e+001  -3.416339e+001  4.702534e+001  2.123453e+002  5.737686e+002  3.597503e+002  5.516004e+002  0.000000e+000  
-3.330294e+001  -2.300879e+001  1.719300e+001  1.066260e+002  2.308999e+002  4.172838e+002  1.701117e+002  2.391516e+002  0.000000e+000  
-1.850369e+001  -4.057223e+000  3.837242e+001  1.094542e+002  1.883693e+002  2.809394e+002  9.122550e+001  1.162335e+002  0.000000e+000  
-8.540013e+000  5.234713e+000  4.017722e+001  8.895170e+001  1.355680e+002  1.816831e+002  5.212791e+001  6.168995e+001  0.000000e+000  
-2.978095e+000  7.341660e+000  3.125462e+001  6.081016e+001  8.641435e+001  1.090165e+002  2.929739e+001  3.312802e+001  0.000000e+000  
-6.213603e-001  4.794983e+000  1.670913e+001  3.041127e+001  4.162686e+001  5.089424e+001  1.325249e+001  1.463615e+001  0.000000e+000  
0.000000e+000  0.000000e+000  0.000000e+000  0.000000e+000  0.000000e+000  0.000000e+000  0.000000e+000  0.000000e+000  0.000000e+000  

0.000000e+000  -2.377076e+001  -4.067923e+001  -4.125947e+001  -3.119830e+001  -1.257681e+001  1.292261e+001  6.230845e+000  0.000000e+000  
0.000000e+000  -2.651833e+001  -4.721289e+001  -5.117144e+001  -4.146267e+001  -2.052558e+001  1.067934e+001  4.837886e+000  0.000000e+000  
0.000000e+000  -3.137739e+001  -5.944182e+001  -7.120837e+001  -6.351597e+001  -3.897121e+001  4.267414e+000  8.058381e-001  0.000000e+000  
0.000000e+000  -3.719056e+001  -7.538162e+001  -1.004533e+002  -9.878895e+001  -7.198813e+001  -1.041498e+001  -8.571539e+000  0.000000e+000  
0.000000e+000  -4.342349e+001  -9.487128e+001  -1.424040e+002  -1.563681e+002  -1.347256e+002  -4.689114e+001  -3.219614e+001  0.000000e+000  
0.000000e+000  -4.854383e+001  -1.149608e+002  -1.968111e+002  -2.458336e+002  -2.539977e+002  -1.402111e+002  -9.280945e+001  0.000000e+000  
0.000000e+000  -5.033930e+001  -1.296398e+002  -2.560777e+002  -3.730553e+002  -4.775298e+002  -3.899711e+002  -2.493255e+002  0.000000e+000  
0.000000e+000  -4.624949e+001  -1.292423e+002  -2.960143e+002  -5.170653e+002  -8.666015e+002  -1.110570e+003  -6.351816e+002  0.000000e+000  
0.000000e+000  -3.523094e+001  -1.046664e+002  -2.696791e+002  -5.615942e+002  -1.322244e+003  -3.335509e+003  -1.304798e+003  0.000000e+000  
0.000000e+000  -1.964051e+001  -6.038082e+001  -1.615339e+002  -3.281355e+002  -6.333922e+002  0.000000e+000  -6.529678e+002  0.000000e+000  
0.000000e+000  -6.799305e-001  -2.467513e+000  -7.662698e+000  -1.555126e+001  -2.344036e+001  0.000000e+000  -8.241733e+000  0.000000e+000  
0.000000e+000  1.846210e+001  5.621038e+001  1.482558e+002  2.968325e+002  5.669766e+002  0.000000e+000  6.107725e+002  0.000000e+000  
0.000000e+000  3.720827e+001  1.103657e+002  2.832698e+002  5.804812e+002  1.293822e+003  2.757559e+003  1.212687e+003  0.000000e+000  
0.000000e+000  4.851059e+001  1.321687e+002  2.885495e+002  4.732004e+002  7.207468e+002  7.872658e+002  4.716614e+002  0.000000e+000  
0.000000e+000  5.019520e+001  1.242190e+002  2.290576e+002  3.095570e+002  3.577062e+002  2.458117e+002  1.596956e+002  0.000000e+000  
0.000000e+000  4.575669e+001  1.030498e+002  1.625918e+002  1.875968e+002  1.739383e+002  7.527458e+001  5.061724e+001  0.000000e+000  
0.000000e+000  3.884625e+001  8.014322e+001  1.099599e+002  1.112681e+002  8.502013e+001  1.754084e+001  1.317408e+001  0.000000e+000  
0.000000e+000  3.207929e+001  6.117459e+001  7.414026e+001  6.694670e+001  4.212338e+001  -2.899876e+000  7.193562e-002  0.000000e+000  
0.000000e+000  2.690861e+001  4.806177e+001  5.240934e+001  4.276609e+001  2.158073e+001  -1.034518e+001  -4.622514e+000  0.000000e+000  
0.000000e+000  2.415764e+001  4.147138e+001  4.230342e+001  3.220252e+001  1.329381e+001  -1.278151e+001  -6.138803e+000  0.000000e+000  
0.000000e+000  0.000000e+000  0.000000e+000  0.000000e+000  0.000000e+000  0.000000e+000  0.000000e+000  0.000000e+000  0.000000e+000  

0.000000e+000  0.000000e+000  0.000000e+000  0.000000e+000  0.000000e+000  0.000000e+000  0.000000e+000  0.000000e+000  0.000000e+000  
0.000000e+000  0.000000e+000  0.000000e+000  0.000000e+000  0.000000e+000  0.000000e+000  0.000000e+000  0.000000e+000  0.000000e+000  
0.000000e+000  0.000000e+000  0.000000e+000  0.000000e+000  0.000000e+000  0.000000e+000  0.000000e+000  0.000000e+000  0.000000e+000  
0.000000e+000  0.000000e+000  0.000000e+000  0.000000e+000  0.000000e+000  0.000000e+000  0.000000e+000  0.000000e+000  0.000000e+000  
0.000000e+000  0.000000e+000  0.000000e+000  0.000000e+000  0.000000e+000  0.000000e+000  0.000000e+000  0.000000e+000  0.000000e+000  
0.000000e+000  0.000000e+000  0.000000e+000  0.000000e+000  0.000000e+000  0.000000e+000  0.000000e+000  0.000000e+000  0.000000e+000  
0.000000e+000  0.000000e+000  0.000000e+000  0.000000e+000  0.000000e+000  0.000000e+000  0.000000e+000  0.000000e+000  0.000000e+000  
0.000000e+000  0.000000e+000  0.000000e+000  0.000000e+000  0.000000e+000  0.000000e+000  0.000000e+000  0.000000e+000  0.000000e+000  
0.000000e+000  0.000000e+000  0.000000e+000  0.000000e+000  0.000000e+000  0.000000e+000  0.000000e+000  0.000000e+000  0.000000e+000  
0.000000e+000  0.000000e+000  0.000000e+000  0.000000e+000  0.000000e+000  0.000000e+000  0.000000e+000  0.000000e+000  0.000000e+000  
0.000000e+000  0.000000e+000  0.000000e+000  0.000000e+000  0.000000e+000  0.000000e+000  0.000000e+000  0.000000e+000  0.000000e+000  
0.000000e+000  0.000000e+000  0.000000e+000  0.000000e+000  0.000000e+000  0.000000e+000  0.000000e+000  0.000000e+000  0.000000e+000  
0.000000e+000  0.000000e+000  0.000000e+000  0.000000e+000  0.000000e+000  0.000000e+000  0.000000e+000  0.000000e+000  0.000000e+000  
0.000000e+000  0.000000e+000  0.000000e+000  0.000000e+000  0.000000e+000  0.000000e+000  0.000000e+000  0.000000e+000  0.000000e+000  
0.000000e+000  0.000000e+000  0.000000e+000  0.000000e+000  0.000000e+000  0.000000e+000  0.000000e+000  0.000000e+000  0.000000e+000  
0.000000e+000  0.000000e+000  0.000000e+000  0.000000e+000  0.000000e+000  0.000000e+000  0.000000e+000  0.000000e+000  0.000000e+000  
0.000000e+000  0.000000e+000  0.000000e+000  0.000000e+000  0.000000e+000  0.000000e+000  0.000000e+000  0.000000e+000  0.000000e+000  
0.000000e+000  0.000000e+000  0.000000e+000  0.000000e+000  0.000000e+000  0.000000e+000  0.000000e+000  0.000000e+000  0.000000e+000  
0.000000e+000  0.000000e+000  0.000000e+000  0.000000e+000  0.000000e+000  0.000000e+000  0.000000e+000  0.000000e+000  0.000000e+000  
0.000000e+000  0.000000e+000  0.000000e+000  0.000000e+000  0.000000e+000  0.000000e+000  0.000000e+000  0.000000e+000  0.000000e+000  
0.000000e+000  0.000000e+000  0.000000e+000  0.000000e+000  0.000000e+000  0.000000e+000  0.000000e+000  0.000000e+000  0.000000e+000  

0.000000e+000  0.000000e+000  0.000000e+000  0.000000e+000  0.000000e+000  0.000000e+000  0.000000e+000  0.000000e+000  0.000000e+000  
0.000000e+000  0.000000e+000  0.000000e+000  0.000000e+000  0.000000e+000  0.000000e+000  0.000000e+000  0.000000e+000  0.000000e+000  
0.000000e+000  0.000000e+000  0.000000e+000  0.000000e+000  0.000000e+000  0.000000e+000  0.000000e+000  0.000000e+000  0.000000e+000  
0.000000e+000  0.000000e+000  0.000000e+000  0.000000e+000  0.000000e+000  0.000000e+000  0.000000e+000  0.000000e+000  0.000000e+000  
0.000000e+000  0.000000e+000  0.000000e+000  0.000000e+000  0.000000e+000  0.000000e+000  0.000000e+000  0.000000e+000  0.000000e+000  
0.000000e+000  0.000000e+000  0.000000e+000  0.000000e+000  0.000000e+000  0.000000e+000  0.000000e+000  0.000000e+000  0.000000e+000  
0.000000e+000  0.000000e+000  0.000000e+000  0.000000e+000  0.000000e+000  0.000000e+000  0.000000e+000  0.000000e+000  0.000000e+000  
0.000000e+000  0.000000e+000  0.000000e+000  0.000000e+000  0.000000e+000  0.000000e+000  0.000000e+000  0.000000e+000  0.000000e+000  
0.000000e+000  0.000000e+000  0.000000e+000  0.000000e+000  0.000000e+000  0.000000e+000  0.000000e+000  0.000000e+000  0.000000e+000  
0.000000e+000  0.000000e+000  0.000000e+000  0.000000e+000  0.000000e+000  0.000000e+000  0.000000e+000  0.000000e+000  0.000000e+000  
0.000000e+000  0.000000e+000  0.000000e+000  0.000000e+000  0.000000e+000  0.000000e+000  0.000000e+000  0.000000e+000  0.000000e+000  
0.000000e+000  0.000000e+000  0.000000e+000  0.000000e+000  0.000000e+000  0.000000e+000  0.000000e+000  0.000000e+000  0.000000e+000  
0.000000e+000  0.000000e+000  0.000000e+000  0.000000e+000  0.000000e+000  0.000000e+000  0.000000e+000  0.000000e+000  0.000000e+000  
0.000000e+000  0.000000e+000  0.000000e+000  0.000000e+000  0.000000e+000  0.000000e+000  0.000000e+000  0.000000e+000  0.000000e+000  
0.000000e+000  0.000000e+000  0.000000e+000  0.000000e+000  0.000000e+000  0.000000e+000  0.000000e+000  0.000000e+000  0.000000e+000  
0.000000e+000  0.000000e+000  0.000000e+000  0.000000e+000  0.000000e+000  0.000000e+000  0.000000e+000  0.000000e+000  0.000000e+000  
0.000000e+000  0.000000e+000  0.000000e+000  0.000000e+000  0.000000e+000  0.000000e+000  0.000000e+000  0.000000e+000  0.000000e+000  
0.000000e+000  0.000000e+000  0.000000e+000  0.000000e+000  0.000000e+000  0.000000e+000  0.000000e+000  0.000000e+000  0.000000e+000  
0.000000e+000  0.000000e+000  0.000000e+000  0.000000e+000  0.000000e+000  0.000000e+000  0.000000e+000  0.000000e+000  0.000000e+000  
0.000000e+000  0.000000e+000  0.000000e+000  0.000000e+000  0.000000e+000  0.000000e+000  0.000000e+000  0.000000e+000  0.000000e+000  
0.000000e+000  0.000000e+000  0.000000e+000  0.000000e+000  0.000000e+000  0.000000e+000  0.000000e+000  0.000000e+000  0.000000e+000  

0.000000e+000  0.000000e+000  0.000000e+000  0.000000e+000  0.000000e+000  0.000000e+000  0.000000e+000  0.000000e+000  0.000000e+000  
0.000000e+000  0.000000e+000  0.000000e+000  0.000000e+000  0.000000e+000  0.000000e+000  0.000000e+000  0.000000e+000  0.000000e+000  
0.000000e+000  0.000000e+000  0.000000e+000  0.000000e+000  0.000000e+000  0.000000e+000  0.000000e+000  0.000000e+000  0.000000e+000  
0.000000e+000  0.000000e+000  0.000000e+000  0.000000e+000  0.000000e+000  0.000000e+000  0.000000e+000  0.000000e+000  0.000000e+000  
0.000000e+000  0.000000e+000  0.000000e+000  0.000000e+000  0.000000e+000  0.000000e+000  0.000000e+000  0.000000e+000  0.000000e+000  
0.000000e+000  0.000000e+000  0.000000e+000  0.000000e+000  0.000000e+000  0.000000e+000  0.000000e+000  0.000000e+000  0.000000e+000  
0.000000e+000  0.000000e+000  0.000000e+000  0.000000e+000  0.000000e+000  0.000000e+000  0.000000e+000  0.000000e+000  0.000000e+000  
0.000000e+000  0.000000e+000  0.000000e+000  0.000000e+000  0.000000e+000  0.000000e+000  0.000000e+000  0.000000e+000  0.000000e+000  
0.000000e+000  0.000000e+000  0.000000e+000  0.000000e+000  0.000000e+000  0.000000e+000  0.000000e+000  0.000000e+000  0.000000e+000  
0.000000e+000  0.000000e+000  0.000000e+000  0.000000e+000  0.000000e+000  0.000000e+000  0.000000e+000  0.000000e+000  0.000000e+000  
0.000000e+000  0.000000e+000  0.000000e+000  0.000000e+000  0.000000e+000  0.000000e+000  0.000000e+000  0.000000e+000  0.000000e+000  
0.000000e+000  0.000000e+000  0.000000e+000  0.000000e+000  0.000000e+000  0.000000e+000  0.000000e+000  0.000000e+000  0.000000e+000  
0.000000e+000  0.000000e+000  0.000000e+000  0.000000e+000  0.000000e+000  0.000000e+000  0.000000e+000  0.000000e+000  0.000000e+000  
0.000000e+000  0.000000e+000  0.000000e+000  0.000000e+000  0.000000e+000  0.000000e+000  0.000000e+000  0.000000e+000  0.000000e+000  
0.000000e+000  0.000000e+000  0.000000e+000  0.000000e+000  0.000000e+000  0.000000e+000  0.000000e+000  0.000000e+000  0.000000e+000  
0.000000e+000  0.000000e+000  0.000000e+000  0.000000e+000  0.000000e+000  0.000000e+000  0.000000e+000  0.000000e+000  0.000000e+000  
0.000000e+000  0.000000e+000  0.000000e+000  0.000000e+000  0.000000e+000  0.000000e+000  0.000000e+000  0.000000e+000  0.000000e+000  
0.000000e+000  0.000000e+000  0.000000e+000  0.000000e+000  0.000000e+000  0.000000e+000  0.000000e+000  0.000000e+000  0.000000e+000  
0.000000e+000  0.000000e+000  0.000000e+000  0.000000e+000  0.000000e+000  0.000000e+000  0.000000e+000  0.000000e+000  0.000000e+000  
0.000000e+000  0.000000e+000  0.000000e+000  0.000000e+000  0.000000e+000  0.000000e+000  0.000000e+000  0.000000e+000  0.000000e+000  
0.000000e+000  0.000000e+000  0.000000e+000  0.000000e+000  0.000000e+000  0.000000e+000  0.000000e+000  0.000000e+000  0.000000e+000  

0.000000e+000  0.000000e+000  0.000000e+000  0.000000e+000  0.000000e+000  0.000000e+000  0.000000e+000  0.000000e+000  0.000000e+000  
0.000000e+000  -1.654229e+000  -3.581825e+000  -5.564401e+000  -6.863156e+000  -8.034083e+000  -8.795126e+000  -4.498107e+000  0.000000e+000  
0.000000e+000  -3.261128e+000  -7.113879e+000  -1.121246e+001  -1.403237e+001  -1.671584e+001  -1.863926e+001  -9.533388e+000  0.000000e+000  
0.000000e+000  -4.551904e+000  -1.002020e+001  -1.609777e+001  -2.057040e+001  -2.515508e+001  -2.888382e+001  -1.476317e+001  0.000000e+000  
0.000000e+000  -5.708462e+000  -1.268623e+001  -2.084534e+001  -2.737826e+001  -3.473689e+001  -4.169381e+001  -2.125319e+001  0.000000e+000  
0.000000e+000  -6.668636e+000  -1.492452e+001  -2.506152e+001  -3.399160e+001  -4.525793e+001  -5.795893e+001  -2.931847e+001  0.000000e+000  
0.000000e+000  -7.374974e+000  -1.651244e+001  -2.809016e+001  -3.929054e+001  -5.540035e+001  -7.783155e+001  -3.861478e+001  0.000000e+000  
0.000000e+000  -7.798930e+000  -1.727456e+001  -2.912228e+001  -4.126248e+001  -6.134348e+001  -9.806021e+001  -4.635304e+001  0.000000e+000  
0.000000e+000  -7.968007e+000  -1.722981e+001  -2.769028e+001  -3.746143e+001  -5.475122e+001  -1.019622e+002  -4.237102e+001  0.000000e+000  
0.000000e+000  -7.983673e+000  -1.683192e+001  -2.523417e+001  -2.983034e+001  -3.037821e+001  0.000000e+000  -9.566603e+000  0.000000e+000  
0.000000e+000  -7.953943e+000  -1.646714e+001  -2.341146e+001  -2.501837e+001  -2.000456e+001  0.000000e+000  -2.229101e+000  0.000000e+000  
0.000000e+000  -7.930872e+000  -1.638514e+001  -2.315997e+001  -2.450997e+001  -1.924012e+001  0.000000e+000  -1.845767e+000  0.000000e+000  
0.000000e+000  -7.920319e+000  -1.661072e+001  -2.454626e+001  -2.829807e+001  -2.744855e+001  0.000000e+000  -7.220709e+000  0.000000e+000  
0.000000e+000  -7.859604e+000  -1.707066e+001  -2.776377e+001  -3.822059e+001  -5.681235e+001  -1.021750e+002  -4.428826e+001  0.000000e+000  
0.000000e+000  -7.566685e+000  -1.683044e+001  -2.852222e+001  -4.032552e+001  -5.886650e+001  -8.936814e+001  -4.316612e+001  0.000000e+000  
0.000000e+000  -6.929314e+000  -1.551652e+001  -2.624541e+001  -3.615464e+001  -4.948794e+001  -6.620854e+001  -3.320534e+001  0.000000e+000  
0.000000e+000  -5.944821e+000  -1.324745e+001  -2.194383e+001  -2.915394e+001  -3.762490e+001  -4.621187e+001  -2.349406e+001  0.000000e+000  
0.000000e+000  -4.682229e+000  -1.033229e+001  -1.669288e+001  -2.147485e+001  -2.650156e+001  -3.077642e+001  -1.571829e+001  0.000000e+000  
0.000000e+000  -3.231622e+000  -7.061082e+000  -1.116693e+001  -1.402714e+001  -1.679019e+001  -1.883076e+001  -9.628638e+000  0.000000e+000  
0.000000e+000  -1.640382e+000  -3.558799e+000  -5.548967e+000  -6.869172e+000  -8.077207e+000  -8.886987e+000  -4.544532e+000  0.000000e+000  
0.000000e+000  0.000000e+000  0.000000e+000  0.000000e+000  0.000000e+000  0.000000e+000  0.000000e+000  0.000000e+000  0.000000e+000  

