Port monitor named: Port1_e1.prt

nx        = 70
ny        = 73
nz        = 25

nu        = 9
nv        = 22
iu        = 8
iv        = 11

idir      = 1
dcut      = 2.750000e-002
icut      = 65
type      = 0
frequency = 3.500000e+009

fcutoff   = 0.000000e+000
alpha     = 0.000000e+000
beta      = 1.352525e+002
accuracy  = 1.268849e-014

type          = QTEM
wave imp.     = 2.051272e+002
wave imp.sig. = 1.014950e-001
line imp.     = 4.918012e+001

ref. port     = 0

0.000000e+000  0.000000e+000  0.000000e+000  0.000000e+000  0.000000e+000  0.000000e+000  0.000000e+000  0.000000e+000  0.000000e+000  
-4.493625e-001  4.971631e+000  1.680537e+001  3.025853e+001  4.115882e+001  5.004983e+001  1.295921e+001  1.425000e+001  0.000000e+000  
-2.631469e+000  7.728208e+000  3.155059e+001  6.063846e+001  8.553499e+001  1.071526e+002  2.855712e+001  3.209108e+001  0.000000e+000  
-6.375513e+000  6.763443e+000  3.902611e+001  8.212878e+001  1.217940e+002  1.592468e+002  4.439496e+001  5.152511e+001  0.000000e+000  
-1.534247e+001  -4.974583e-001  4.116262e+001  1.070541e+002  1.763900e+002  2.523665e+002  7.763775e+001  9.599318e+001  0.000000e+000  
-2.950418e+001  -1.754523e+001  2.529131e+001  1.134547e+002  2.277437e+002  3.843036e+002  1.424589e+002  1.937258e+002  0.000000e+000  
-3.579523e+001  -2.660863e+001  1.205269e+001  1.033927e+002  2.358833e+002  4.423558e+002  1.867656e+002  2.663340e+002  0.000000e+000  
-4.618801e+001  -4.298333e+001  -1.620902e+001  7.140905e+001  2.286706e+002  5.332957e+002  2.863823e+002  4.328641e+002  0.000000e+000  
-6.104849e+001  -6.916144e+001  -7.121140e+001  -1.766555e+001  1.441137e+002  6.166317e+002  5.467980e+002  8.531703e+002  0.000000e+000  
-7.530390e+001  -9.724608e+001  -1.430989e+002  -1.794434e+002  -1.254054e+002  4.165639e+002  1.253308e+003  1.747674e+003  0.000000e+000  
-8.676325e+001  -1.218583e+002  -2.162525e+002  -3.928537e+002  -6.898991e+002  -1.568847e+003  3.919259e+003  3.405388e+003  0.000000e+000  
-9.331558e+001  -1.365799e+002  -2.614985e+002  -5.145075e+002  -9.134479e+002  -1.695053e+003  4.756301e+003  4.242180e+003  0.000000e+000  
-9.364248e+001  -1.373481e+002  -2.638996e+002  -5.200887e+002  -9.187246e+002  -1.676438e+003  4.748109e+003  4.253237e+003  0.000000e+000  
-8.767240e+001  -1.239458e+002  -2.229194e+002  -4.113248e+002  -7.199786e+002  -1.518746e+003  3.880643e+003  3.468578e+003  0.000000e+000  
-7.178261e+001  -8.972757e+001  -1.212254e+002  -1.215896e+002  -1.107378e+001  5.534367e+002  9.427161e+002  1.392303e+003  0.000000e+000  
-5.206164e+001  -5.267195e+001  -3.428109e+001  4.693100e+001  2.123290e+002  5.739136e+002  3.598712e+002  5.517959e+002  0.000000e+000  
-3.334941e+001  -2.307016e+001  1.712425e+001  1.065873e+002  2.309138e+002  4.173767e+002  1.701620e+002  2.392288e+002  0.000000e+000  
-1.854121e+001  -4.100433e+000  3.833269e+001  1.094387e+002  1.883853e+002  2.809932e+002  9.124831e+001  1.162660e+002  0.000000e+000  
-8.567694e+000  5.205784e+000  4.015443e+001  8.894544e+001  1.355795e+002  1.817128e+002  5.213878e+001  6.170450e+001  0.000000e+000  
-2.996190e+000  7.323941e+000  3.124210e+001  6.080755e+001  8.642119e+001  1.090320e+002  2.930258e+001  3.313464e+001  0.000000e+000  
-6.302217e-001  4.786627e+000  1.670360e+001  3.041028e+001  4.162992e+001  5.090076e+001  1.325457e+001  1.463874e+001  0.000000e+000  
0.000000e+000  0.000000e+000  0.000000e+000  0.000000e+000  0.000000e+000  0.000000e+000  0.000000e+000  0.000000e+000  0.000000e+000  

0.000000e+000  -2.375330e+001  -4.063198e+001  -4.117489e+001  -3.110071e+001  -1.249262e+001  1.295048e+001  6.249145e+000  0.000000e+000  
0.000000e+000  -2.650436e+001  -4.716927e+001  -5.107597e+001  -4.133337e+001  -2.039165e+001  1.074531e+001  4.881227e+000  0.000000e+000  
0.000000e+000  -3.104995e+001  -5.860302e+001  -6.978076e+001  -6.187359e+001  -3.750457e+001  4.866521e+000  1.188450e+000  0.000000e+000  
0.000000e+000  -3.681370e+001  -7.418974e+001  -9.786905e+001  -9.524605e+001  -6.815395e+001  -8.228250e+000  -7.154667e+000  0.000000e+000  
0.000000e+000  -4.420365e+001  -9.742512e+001  -1.480541e+002  -1.640267e+002  -1.426280e+002  -5.076546e+001  -3.470776e+001  0.000000e+000  
0.000000e+000  -4.798158e+001  -1.134354e+002  -1.941202e+002  -2.426162e+002  -2.503902e+002  -1.367386e+002  -9.082172e+001  0.000000e+000  
0.000000e+000  -4.975609e+001  -1.228838e+002  -2.259065e+002  -3.036391e+002  -3.460557e+002  -2.288172e+002  -1.500072e+002  0.000000e+000  
0.000000e+000  -5.002788e+001  -1.313700e+002  -2.683012e+002  -4.055782e+002  -5.459120e+002  -4.822473e+002  -3.053515e+002  0.000000e+000  
0.000000e+000  -4.560646e+001  -1.281149e+002  -2.963521e+002  -5.254793e+002  -9.040166e+002  -1.210836e+003  -6.819861e+002  0.000000e+000  
0.000000e+000  -3.543627e+001  -1.052849e+002  -2.709152e+002  -5.623366e+002  -1.316913e+003  -3.314014e+003  -1.294292e+003  0.000000e+000  
0.000000e+000  -1.981354e+001  -6.080519e+001  -1.620659e+002  -3.279959e+002  -6.313105e+002  0.000000e+000  -6.506775e+002  0.000000e+000  
0.000000e+000  -8.094645e-001  -2.726417e+000  -7.839567e+000  -1.529175e+001  -2.257290e+001  0.000000e+000  -7.728561e+000  0.000000e+000  
0.000000e+000  1.837437e+001  5.607182e+001  1.482536e+002  2.971122e+002  5.675428e+002  0.000000e+000  6.111095e+002  0.000000e+000  
0.000000e+000  3.716059e+001  1.103199e+002  2.833650e+002  5.807854e+002  1.294448e+003  2.758622e+003  1.213176e+003  0.000000e+000  
0.000000e+000  4.849242e+001  1.321742e+002  2.886586e+002  4.734189e+002  7.210754e+002  7.875883e+002  4.718543e+002  0.000000e+000  
0.000000e+000  5.019336e+001  1.242435e+002  2.291465e+002  3.096940e+002  3.578688e+002  2.459234e+002  1.597659e+002  0.000000e+000  
0.000000e+000  4.576251e+001  1.030778e+002  1.626560e+002  1.876793e+002  1.740200e+002  7.531765e+001  5.064389e+001  0.000000e+000  
0.000000e+000  3.885485e+001  8.016859e+001  1.100045e+002  1.113182e+002  8.506349e+001  1.755963e+001  1.318526e+001  0.000000e+000  
0.000000e+000  3.208836e+001  6.119599e+001  7.417157e+001  6.697855e+001  4.214841e+001  -2.890229e+000  7.740456e-002  0.000000e+000  
0.000000e+000  2.691735e+001  4.807989e+001  5.243267e+001  4.278820e+001  2.159702e+001  -1.033914e+001  -4.619237e+000  0.000000e+000  
0.000000e+000  2.416604e+001  4.148772e+001  4.232305e+001  3.222043e+001  1.330659e+001  -1.277675e+001  -6.136287e+000  0.000000e+000  
0.000000e+000  0.000000e+000  0.000000e+000  0.000000e+000  0.000000e+000  0.000000e+000  0.000000e+000  0.000000e+000  0.000000e+000  

0.000000e+000  0.000000e+000  0.000000e+000  0.000000e+000  0.000000e+000  0.000000e+000  0.000000e+000  0.000000e+000  0.000000e+000  
0.000000e+000  0.000000e+000  0.000000e+000  0.000000e+000  0.000000e+000  0.000000e+000  0.000000e+000  0.000000e+000  0.000000e+000  
0.000000e+000  0.000000e+000  0.000000e+000  0.000000e+000  0.000000e+000  0.000000e+000  0.000000e+000  0.000000e+000  0.000000e+000  
0.000000e+000  0.000000e+000  0.000000e+000  0.000000e+000  0.000000e+000  0.000000e+000  0.000000e+000  0.000000e+000  0.000000e+000  
0.000000e+000  0.000000e+000  0.000000e+000  0.000000e+000  0.000000e+000  0.000000e+000  0.000000e+000  0.000000e+000  0.000000e+000  
0.000000e+000  0.000000e+000  0.000000e+000  0.000000e+000  0.000000e+000  0.000000e+000  0.000000e+000  0.000000e+000  0.000000e+000  
0.000000e+000  0.000000e+000  0.000000e+000  0.000000e+000  0.000000e+000  0.000000e+000  0.000000e+000  0.000000e+000  0.000000e+000  
0.000000e+000  0.000000e+000  0.000000e+000  0.000000e+000  0.000000e+000  0.000000e+000  0.000000e+000  0.000000e+000  0.000000e+000  
0.000000e+000  0.000000e+000  0.000000e+000  0.000000e+000  0.000000e+000  0.000000e+000  0.000000e+000  0.000000e+000  0.000000e+000  
0.000000e+000  0.000000e+000  0.000000e+000  0.000000e+000  0.000000e+000  0.000000e+000  0.000000e+000  0.000000e+000  0.000000e+000  
0.000000e+000  0.000000e+000  0.000000e+000  0.000000e+000  0.000000e+000  0.000000e+000  0.000000e+000  0.000000e+000  0.000000e+000  
0.000000e+000  0.000000e+000  0.000000e+000  0.000000e+000  0.000000e+000  0.000000e+000  0.000000e+000  0.000000e+000  0.000000e+000  
0.000000e+000  0.000000e+000  0.000000e+000  0.000000e+000  0.000000e+000  0.000000e+000  0.000000e+000  0.000000e+000  0.000000e+000  
0.000000e+000  0.000000e+000  0.000000e+000  0.000000e+000  0.000000e+000  0.000000e+000  0.000000e+000  0.000000e+000  0.000000e+000  
0.000000e+000  0.000000e+000  0.000000e+000  0.000000e+000  0.000000e+000  0.000000e+000  0.000000e+000  0.000000e+000  0.000000e+000  
0.000000e+000  0.000000e+000  0.000000e+000  0.000000e+000  0.000000e+000  0.000000e+000  0.000000e+000  0.000000e+000  0.000000e+000  
0.000000e+000  0.000000e+000  0.000000e+000  0.000000e+000  0.000000e+000  0.000000e+000  0.000000e+000  0.000000e+000  0.000000e+000  
0.000000e+000  0.000000e+000  0.000000e+000  0.000000e+000  0.000000e+000  0.000000e+000  0.000000e+000  0.000000e+000  0.000000e+000  
0.000000e+000  0.000000e+000  0.000000e+000  0.000000e+000  0.000000e+000  0.000000e+000  0.000000e+000  0.000000e+000  0.000000e+000  
0.000000e+000  0.000000e+000  0.000000e+000  0.000000e+000  0.000000e+000  0.000000e+000  0.000000e+000  0.000000e+000  0.000000e+000  
0.000000e+000  0.000000e+000  0.000000e+000  0.000000e+000  0.000000e+000  0.000000e+000  0.000000e+000  0.000000e+000  0.000000e+000  
0.000000e+000  0.000000e+000  0.000000e+000  0.000000e+000  0.000000e+000  0.000000e+000  0.000000e+000  0.000000e+000  0.000000e+000  

0.000000e+000  0.000000e+000  0.000000e+000  0.000000e+000  0.000000e+000  0.000000e+000  0.000000e+000  0.000000e+000  0.000000e+000  
0.000000e+000  0.000000e+000  0.000000e+000  0.000000e+000  0.000000e+000  0.000000e+000  0.000000e+000  0.000000e+000  0.000000e+000  
0.000000e+000  0.000000e+000  0.000000e+000  0.000000e+000  0.000000e+000  0.000000e+000  0.000000e+000  0.000000e+000  0.000000e+000  
0.000000e+000  0.000000e+000  0.000000e+000  0.000000e+000  0.000000e+000  0.000000e+000  0.000000e+000  0.000000e+000  0.000000e+000  
0.000000e+000  0.000000e+000  0.000000e+000  0.000000e+000  0.000000e+000  0.000000e+000  0.000000e+000  0.000000e+000  0.000000e+000  
0.000000e+000  0.000000e+000  0.000000e+000  0.000000e+000  0.000000e+000  0.000000e+000  0.000000e+000  0.000000e+000  0.000000e+000  
0.000000e+000  0.000000e+000  0.000000e+000  0.000000e+000  0.000000e+000  0.000000e+000  0.000000e+000  0.000000e+000  0.000000e+000  
0.000000e+000  0.000000e+000  0.000000e+000  0.000000e+000  0.000000e+000  0.000000e+000  0.000000e+000  0.000000e+000  0.000000e+000  
0.000000e+000  0.000000e+000  0.000000e+000  0.000000e+000  0.000000e+000  0.000000e+000  0.000000e+000  0.000000e+000  0.000000e+000  
0.000000e+000  0.000000e+000  0.000000e+000  0.000000e+000  0.000000e+000  0.000000e+000  0.000000e+000  0.000000e+000  0.000000e+000  
0.000000e+000  0.000000e+000  0.000000e+000  0.000000e+000  0.000000e+000  0.000000e+000  0.000000e+000  0.000000e+000  0.000000e+000  
0.000000e+000  0.000000e+000  0.000000e+000  0.000000e+000  0.000000e+000  0.000000e+000  0.000000e+000  0.000000e+000  0.000000e+000  
0.000000e+000  0.000000e+000  0.000000e+000  0.000000e+000  0.000000e+000  0.000000e+000  0.000000e+000  0.000000e+000  0.000000e+000  
0.000000e+000  0.000000e+000  0.000000e+000  0.000000e+000  0.000000e+000  0.000000e+000  0.000000e+000  0.000000e+000  0.000000e+000  
0.000000e+000  0.000000e+000  0.000000e+000  0.000000e+000  0.000000e+000  0.000000e+000  0.000000e+000  0.000000e+000  0.000000e+000  
0.000000e+000  0.000000e+000  0.000000e+000  0.000000e+000  0.000000e+000  0.000000e+000  0.000000e+000  0.000000e+000  0.000000e+000  
0.000000e+000  0.000000e+000  0.000000e+000  0.000000e+000  0.000000e+000  0.000000e+000  0.000000e+000  0.000000e+000  0.000000e+000  
0.000000e+000  0.000000e+000  0.000000e+000  0.000000e+000  0.000000e+000  0.000000e+000  0.000000e+000  0.000000e+000  0.000000e+000  
0.000000e+000  0.000000e+000  0.000000e+000  0.000000e+000  0.000000e+000  0.000000e+000  0.000000e+000  0.000000e+000  0.000000e+000  
0.000000e+000  0.000000e+000  0.000000e+000  0.000000e+000  0.000000e+000  0.000000e+000  0.000000e+000  0.000000e+000  0.000000e+000  
0.000000e+000  0.000000e+000  0.000000e+000  0.000000e+000  0.000000e+000  0.000000e+000  0.000000e+000  0.000000e+000  0.000000e+000  
0.000000e+000  0.000000e+000  0.000000e+000  0.000000e+000  0.000000e+000  0.000000e+000  0.000000e+000  0.000000e+000  0.000000e+000  

0.000000e+000  0.000000e+000  0.000000e+000  0.000000e+000  0.000000e+000  0.000000e+000  0.000000e+000  0.000000e+000  0.000000e+000  
0.000000e+000  0.000000e+000  0.000000e+000  0.000000e+000  0.000000e+000  0.000000e+000  0.000000e+000  0.000000e+000  0.000000e+000  
0.000000e+000  0.000000e+000  0.000000e+000  0.000000e+000  0.000000e+000  0.000000e+000  0.000000e+000  0.000000e+000  0.000000e+000  
0.000000e+000  0.000000e+000  0.000000e+000  0.000000e+000  0.000000e+000  0.000000e+000  0.000000e+000  0.000000e+000  0.000000e+000  
0.000000e+000  0.000000e+000  0.000000e+000  0.000000e+000  0.000000e+000  0.000000e+000  0.000000e+000  0.000000e+000  0.000000e+000  
0.000000e+000  0.000000e+000  0.000000e+000  0.000000e+000  0.000000e+000  0.000000e+000  0.000000e+000  0.000000e+000  0.000000e+000  
0.000000e+000  0.000000e+000  0.000000e+000  0.000000e+000  0.000000e+000  0.000000e+000  0.000000e+000  0.000000e+000  0.000000e+000  
0.000000e+000  0.000000e+000  0.000000e+000  0.000000e+000  0.000000e+000  0.000000e+000  0.000000e+000  0.000000e+000  0.000000e+000  
0.000000e+000  0.000000e+000  0.000000e+000  0.000000e+000  0.000000e+000  0.000000e+000  0.000000e+000  0.000000e+000  0.000000e+000  
0.000000e+000  0.000000e+000  0.000000e+000  0.000000e+000  0.000000e+000  0.000000e+000  0.000000e+000  0.000000e+000  0.000000e+000  
0.000000e+000  0.000000e+000  0.000000e+000  0.000000e+000  0.000000e+000  0.000000e+000  0.000000e+000  0.000000e+000  0.000000e+000  
0.000000e+000  0.000000e+000  0.000000e+000  0.000000e+000  0.000000e+000  0.000000e+000  0.000000e+000  0.000000e+000  0.000000e+000  
0.000000e+000  0.000000e+000  0.000000e+000  0.000000e+000  0.000000e+000  0.000000e+000  0.000000e+000  0.000000e+000  0.000000e+000  
0.000000e+000  0.000000e+000  0.000000e+000  0.000000e+000  0.000000e+000  0.000000e+000  0.000000e+000  0.000000e+000  0.000000e+000  
0.000000e+000  0.000000e+000  0.000000e+000  0.000000e+000  0.000000e+000  0.000000e+000  0.000000e+000  0.000000e+000  0.000000e+000  
0.000000e+000  0.000000e+000  0.000000e+000  0.000000e+000  0.000000e+000  0.000000e+000  0.000000e+000  0.000000e+000  0.000000e+000  
0.000000e+000  0.000000e+000  0.000000e+000  0.000000e+000  0.000000e+000  0.000000e+000  0.000000e+000  0.000000e+000  0.000000e+000  
0.000000e+000  0.000000e+000  0.000000e+000  0.000000e+000  0.000000e+000  0.000000e+000  0.000000e+000  0.000000e+000  0.000000e+000  
0.000000e+000  0.000000e+000  0.000000e+000  0.000000e+000  0.000000e+000  0.000000e+000  0.000000e+000  0.000000e+000  0.000000e+000  
0.000000e+000  0.000000e+000  0.000000e+000  0.000000e+000  0.000000e+000  0.000000e+000  0.000000e+000  0.000000e+000  0.000000e+000  
0.000000e+000  0.000000e+000  0.000000e+000  0.000000e+000  0.000000e+000  0.000000e+000  0.000000e+000  0.000000e+000  0.000000e+000  
0.000000e+000  0.000000e+000  0.000000e+000  0.000000e+000  0.000000e+000  0.000000e+000  0.000000e+000  0.000000e+000  0.000000e+000  

0.000000e+000  0.000000e+000  0.000000e+000  0.000000e+000  0.000000e+000  0.000000e+000  0.000000e+000  0.000000e+000  0.000000e+000  
0.000000e+000  -1.654135e+000  -3.581644e+000  -5.563532e+000  -6.860602e+000  -8.028293e+000  -8.784638e+000  -4.492837e+000  0.000000e+000  
0.000000e+000  -3.260935e+000  -7.113759e+000  -1.121177e+001  -1.402892e+001  -1.670575e+001  -1.861749e+001  -9.522748e+000  0.000000e+000  
0.000000e+000  -4.372142e+000  -9.612086e+000  -1.539835e+001  -1.961305e+001  -2.388355e+001  -2.728892e+001  -1.395095e+001  0.000000e+000  
0.000000e+000  -5.748878e+000  -1.278456e+001  -2.103200e+001  -2.764997e+001  -3.510588e+001  -4.213216e+001  -2.148325e+001  0.000000e+000  
0.000000e+000  -6.848131e+000  -1.534934e+001  -2.590606e+001  -3.540941e+001  -4.767357e+001  -6.188155e+001  -3.126558e+001  0.000000e+000  
0.000000e+000  -7.156227e+000  -1.603918e+001  -2.720720e+001  -3.766728e+001  -5.198437e+001  -7.032771e+001  -3.522113e+001  0.000000e+000  
0.000000e+000  -7.522677e+000  -1.680626e+001  -2.857097e+001  -4.019509e+001  -5.763053e+001  -8.380904e+001  -4.115108e+001  0.000000e+000  
0.000000e+000  -7.831650e+000  -1.728967e+001  -2.898703e+001  -4.096249e+001  -6.121039e+001  -1.002882e+002  -4.680717e+001  0.000000e+000  
0.000000e+000  -7.962429e+000  -1.720984e+001  -2.762367e+001  -3.728522e+001  -5.425968e+001  -1.009279e+002  -4.178803e+001  0.000000e+000  
0.000000e+000  -7.975337e+000  -1.680532e+001  -2.516250e+001  -2.969270e+001  -3.015707e+001  0.000000e+000  -9.435864e+000  0.000000e+000  
0.000000e+000  -7.944445e+000  -1.643996e+001  -2.335129e+001  -2.492805e+001  -1.990410e+001  0.000000e+000  -2.202575e+000  0.000000e+000  
0.000000e+000  -7.921493e+000  -1.636091e+001  -2.311490e+001  -2.445379e+001  -1.919084e+001  0.000000e+000  -1.840700e+000  0.000000e+000  
0.000000e+000  -7.911877e+000  -1.659090e+001  -2.451481e+001  -2.826445e+001  -2.742353e+001  0.000000e+000  -7.221290e+000  0.000000e+000  
0.000000e+000  -7.853026e+000  -1.705696e+001  -2.774615e+001  -3.820630e+001  -5.681018e+001  -1.021999e+002  -4.429877e+001  0.000000e+000  
0.000000e+000  -7.561982e+000  -1.682170e+001  -2.851327e+001  -4.032082e+001  -5.887112e+001  -8.938786e+001  -4.317565e+001  0.000000e+000  
0.000000e+000  -6.926170e+000  -1.551130e+001  -2.624131e+001  -3.615400e+001  -4.949323e+001  -6.622152e+001  -3.321193e+001  0.000000e+000  
0.000000e+000  -5.942838e+000  -1.324449e+001  -2.194218e+001  -2.915468e+001  -3.762910e+001  -4.621983e+001  -2.349819e+001  0.000000e+000  
0.000000e+000  -4.681048e+000  -1.033071e+001  -1.669237e+001  -2.147582e+001  -2.650444e+001  -3.078109e+001  -1.572074e+001  0.000000e+000  
0.000000e+000  -3.230975e+000  -7.060304e+000  -1.116685e+001  -1.402790e+001  -1.679194e+001  -1.883332e+001  -9.629984e+000  0.000000e+000  
0.000000e+000  -1.640102e+000  -3.558488e+000  -5.548997e+000  -6.869572e+000  -8.078016e+000  -8.888106e+000  -4.545121e+000  0.000000e+000  
0.000000e+000  0.000000e+000  0.000000e+000  0.000000e+000  0.000000e+000  0.000000e+000  0.000000e+000  0.000000e+000  0.000000e+000  

