<<<<<<<<<<<<<<<<<<<<<<<<<<<
2023 Apr 26 (Wed): 21:14:23
<<<<<<<<<<<<<<<<<<<<<<<<<<<

==================================================================
 - desired group: 0, sockets = 0
 - pinning rule: PINNING_RULE_DEFAULT
 - skip setting processor groups: there is only 1 processor group.
 - num cores available : 8
 - hyperthreading      : on
 - used mask (uint64_t): 85
 - used mask (string)  : 10101010
==================================================================

========================================
Processing CAD model (for field results)
Version 2016.1 (build 20160226)
2023 Apr 26 (Wed): 21:14:23
========================================

==================================================================================================
== CST Matrix Calculation Priority Log                                                          ==
==================================================================================================
 
Priorities are sorted in ascending order beginning with the lowest priority
 
Priority:   3, shape   6: component1:substrate, material: FR-4 (lossy)
Priority:   4, shape   1: component1:a, material: Copper (annealed)
 
==================================================================================================
 
===========================================
Finished CAD processing (for field results)
===========================================

>>>>>>>>>>>>>>>>>>>>>>>>>>>
2023 Apr 26 (Wed): 21:14:24
>>>>>>>>>>>>>>>>>>>>>>>>>>>

<<<<<<<<<<<<<<<<<<<<<<<<<<<
2023 Apr 26 (Wed): 21:14:24
<<<<<<<<<<<<<<<<<<<<<<<<<<<

==================================================================
 - desired group: 0, sockets = 0
 - pinning rule: PINNING_RULE_DEFAULT
 - skip setting processor groups: there is only 1 processor group.
 - num cores available : 8
 - hyperthreading      : on
 - used mask (uint64_t): 85
 - used mask (string)  : 10101010
==================================================================

===============================
Port preparation
Version 2016.1 (build 20160226)
2023 Apr 26 (Wed): 21:14:24
===============================

==========================
Finished port preparation.
==========================

>>>>>>>>>>>>>>>>>>>>>>>>>>>
2023 Apr 26 (Wed): 21:14:24
>>>>>>>>>>>>>>>>>>>>>>>>>>>

<<<<<<<<<<<<<<<<<<<<<<<<<<<
2023 Apr 26 (Wed): 21:14:25
<<<<<<<<<<<<<<<<<<<<<<<<<<<

==============================
Mesher selection: manual: FPBA
==============================

<<<<<<<<<<<<<<<<<<<<<<<<<<<
2023 Apr 26 (Wed): 21:14:25
<<<<<<<<<<<<<<<<<<<<<<<<<<<

==================================================================
 - desired group: 0, sockets = 0
 - pinning rule: PINNING_RULE_DEFAULT
 - skip setting processor groups: there is only 1 processor group.
 - num cores available : 8
 - hyperthreading      : on
 - used mask (uint64_t): 85
 - used mask (string)  : 10101010
==================================================================

==========================================
Matrix computation (FPBA)
	[FPBA accuracy enhancement is enabled]
Version 2016.1 (build 20160226)
2023 Apr 26 (Wed): 21:14:25
==========================================

----------------------------------------------
Used point accuracy enhancement value: 74.00%.
----------------------------------------------

------------------------------------------------------------------------------
+++++++++++++++++++++++++++++++++++++++++++++++++++++
settings for port mode calculation
+++++++++++++++++++++++++++++++++++++++++++++++++++++
PBA fill limit is applied in inverse mode.
PBA fill limit is applied on faces filled with at least 98.81% metal material.
--------------------------------------------------------------
detailed accuracy settings:
--------------------------------------------------------------
augmented fill limit:       true
augmented fill limit value: 98.81
automatic fill limit:       true
early fill limit:           true
inverse fill limit:         true
model complexity:           0.00
legacy 2015:                false
fixed point accuracy:       false
minimum point accuracy:     0
mesh step inheritance:      false
accuracy mode:              
------------------------------------------------------------------------------

==================================
Finished matrix computation (FPBA)
==================================

>>>>>>>>>>>>>>>>>>>>>>>>>>>
2023 Apr 26 (Wed): 21:14:25
>>>>>>>>>>>>>>>>>>>>>>>>>>>

>>>>>>>>>>>>>>>>>>>>>>>>>>>
2023 Apr 26 (Wed): 21:14:25
>>>>>>>>>>>>>>>>>>>>>>>>>>>

--------------------------------
# of staircase filled cells: 0
# of staircase filled areas: 0
# of staircase filled edges: 0
# of faces above fill limit: 0
# of edges with FPBA topology: 0
--------------------------------

<<<<<<<<<<<<<<<<<<<<<<<<<<<
2023 Apr 26 (Wed): 21:14:27
<<<<<<<<<<<<<<<<<<<<<<<<<<<

==============================
Mesher selection: manual: FPBA
==============================

<<<<<<<<<<<<<<<<<<<<<<<<<<<
2023 Apr 26 (Wed): 21:14:27
<<<<<<<<<<<<<<<<<<<<<<<<<<<

==================================================================
 - desired group: 0, sockets = 0
 - pinning rule: PINNING_RULE_DEFAULT
 - skip setting processor groups: there is only 1 processor group.
 - num cores available : 8
 - hyperthreading      : on
 - used mask (uint64_t): 85
 - used mask (string)  : 10101010
==================================================================

==========================================
Matrix computation (FPBA)
	[FPBA accuracy enhancement is enabled]
Version 2016.1 (build 20160226)
2023 Apr 26 (Wed): 21:14:27
==========================================

----------------------------------------------
Used point accuracy enhancement value: 74.00%.
----------------------------------------------

------------------------------------------------------------------------------
+++++++++++++++++++++++++++++++++++++++++++++++++++++
settings for port mode calculation
+++++++++++++++++++++++++++++++++++++++++++++++++++++
PBA fill limit is applied in inverse mode.
PBA fill limit is applied on faces filled with at least 98.81% metal material.
--------------------------------------------------------------
detailed accuracy settings:
--------------------------------------------------------------
augmented fill limit:       true
augmented fill limit value: 98.81
automatic fill limit:       true
early fill limit:           true
inverse fill limit:         true
model complexity:           0.00
legacy 2015:                false
fixed point accuracy:       false
minimum point accuracy:     0
mesh step inheritance:      false
accuracy mode:              
------------------------------------------------------------------------------

==================================
Finished matrix computation (FPBA)
==================================

>>>>>>>>>>>>>>>>>>>>>>>>>>>
2023 Apr 26 (Wed): 21:14:28
>>>>>>>>>>>>>>>>>>>>>>>>>>>

>>>>>>>>>>>>>>>>>>>>>>>>>>>
2023 Apr 26 (Wed): 21:14:28
>>>>>>>>>>>>>>>>>>>>>>>>>>>

--------------------------------
# of staircase filled cells: 0
# of staircase filled areas: 0
# of staircase filled edges: 0
# of faces above fill limit: 0
# of edges with FPBA topology: 0
--------------------------------

<<<<<<<<<<<<<<<<<<<<<<<<<<<
2023 Apr 26 (Wed): 21:14:30
<<<<<<<<<<<<<<<<<<<<<<<<<<<

==============================
Mesher selection: manual: FPBA
==============================

<<<<<<<<<<<<<<<<<<<<<<<<<<<
2023 Apr 26 (Wed): 21:14:30
<<<<<<<<<<<<<<<<<<<<<<<<<<<

==================================================================
 - desired group: 0, sockets = 0
 - pinning rule: PINNING_RULE_DEFAULT
 - skip setting processor groups: there is only 1 processor group.
 - num cores available : 8
 - hyperthreading      : on
 - used mask (uint64_t): 85
 - used mask (string)  : 10101010
==================================================================

==========================================
Matrix computation (FPBA)
	[FPBA accuracy enhancement is enabled]
Version 2016.1 (build 20160226)
2023 Apr 26 (Wed): 21:14:30
==========================================

----------------------------------------------
Used point accuracy enhancement value: 74.00%.
----------------------------------------------

------------------------------------------------------------------------------
+++++++++++++++++++++++++++++++++++++++++++++++++++++
settings for port mode calculation
+++++++++++++++++++++++++++++++++++++++++++++++++++++
PBA fill limit is applied in inverse mode.
PBA fill limit is applied on faces filled with at least 98.81% metal material.
--------------------------------------------------------------
detailed accuracy settings:
--------------------------------------------------------------
augmented fill limit:       true
augmented fill limit value: 98.81
automatic fill limit:       true
early fill limit:           true
inverse fill limit:         true
model complexity:           0.00
legacy 2015:                false
fixed point accuracy:       false
minimum point accuracy:     0
mesh step inheritance:      false
accuracy mode:              
------------------------------------------------------------------------------

==================================
Finished matrix computation (FPBA)
==================================

>>>>>>>>>>>>>>>>>>>>>>>>>>>
2023 Apr 26 (Wed): 21:14:31
>>>>>>>>>>>>>>>>>>>>>>>>>>>

>>>>>>>>>>>>>>>>>>>>>>>>>>>
2023 Apr 26 (Wed): 21:14:31
>>>>>>>>>>>>>>>>>>>>>>>>>>>

--------------------------------
# of staircase filled cells: 0
# of staircase filled areas: 0
# of staircase filled edges: 0
# of faces above fill limit: 0
# of edges with FPBA topology: 0
--------------------------------

<<<<<<<<<<<<<<<<<<<<<<<<<<<
2023 Apr 26 (Wed): 21:14:32
<<<<<<<<<<<<<<<<<<<<<<<<<<<

==============================
Mesher selection: manual: FPBA
==============================

<<<<<<<<<<<<<<<<<<<<<<<<<<<
2023 Apr 26 (Wed): 21:14:32
<<<<<<<<<<<<<<<<<<<<<<<<<<<

==================================================================
 - desired group: 0, sockets = 0
 - pinning rule: PINNING_RULE_DEFAULT
 - skip setting processor groups: there is only 1 processor group.
 - num cores available : 8
 - hyperthreading      : on
 - used mask (uint64_t): 85
 - used mask (string)  : 10101010
==================================================================

==========================================
Matrix computation (FPBA)
	[FPBA accuracy enhancement is enabled]
Version 2016.1 (build 20160226)
2023 Apr 26 (Wed): 21:14:32
==========================================

----------------------------------------------
Used point accuracy enhancement value: 74.00%.
----------------------------------------------

------------------------------------------------------------------------------
+++++++++++++++++++++++++++++++++++++++++++++++++++++
settings for port mode calculation
+++++++++++++++++++++++++++++++++++++++++++++++++++++
PBA fill limit is applied in inverse mode.
PBA fill limit is applied on faces filled with at least 98.81% metal material.
--------------------------------------------------------------
detailed accuracy settings:
--------------------------------------------------------------
augmented fill limit:       true
augmented fill limit value: 98.81
automatic fill limit:       true
early fill limit:           true
inverse fill limit:         true
model complexity:           0.00
legacy 2015:                false
fixed point accuracy:       false
minimum point accuracy:     0
mesh step inheritance:      false
accuracy mode:              
------------------------------------------------------------------------------

==================================
Finished matrix computation (FPBA)
==================================

>>>>>>>>>>>>>>>>>>>>>>>>>>>
2023 Apr 26 (Wed): 21:14:34
>>>>>>>>>>>>>>>>>>>>>>>>>>>

>>>>>>>>>>>>>>>>>>>>>>>>>>>
2023 Apr 26 (Wed): 21:14:35
>>>>>>>>>>>>>>>>>>>>>>>>>>>

--------------------------------
# of staircase filled cells: 0
# of staircase filled areas: 0
# of staircase filled edges: 0
# of faces above fill limit: 0
# of edges with FPBA topology: 0
--------------------------------

<<<<<<<<<<<<<<<<<<<<<<<<<<<
2023 Apr 26 (Wed): 21:14:36
<<<<<<<<<<<<<<<<<<<<<<<<<<<

==============================
Mesher selection: manual: FPBA
==============================

<<<<<<<<<<<<<<<<<<<<<<<<<<<
2023 Apr 26 (Wed): 21:14:37
<<<<<<<<<<<<<<<<<<<<<<<<<<<

==================================================================
 - desired group: 0, sockets = 0
 - pinning rule: PINNING_RULE_DEFAULT
 - skip setting processor groups: there is only 1 processor group.
 - num cores available : 8
 - hyperthreading      : on
 - used mask (uint64_t): 85
 - used mask (string)  : 10101010
==================================================================

==========================================
Matrix computation (FPBA)
	[FPBA accuracy enhancement is enabled]
Version 2016.1 (build 20160226)
2023 Apr 26 (Wed): 21:14:37
==========================================

----------------------------------------------
Used point accuracy enhancement value: 74.00%.
----------------------------------------------

------------------------------------------------------------------------------
+++++++++++++++++++++++++++++++++++++++++++++++++++++
settings for port mode calculation
+++++++++++++++++++++++++++++++++++++++++++++++++++++
PBA fill limit is applied in inverse mode.
PBA fill limit is applied on faces filled with at least 98.81% metal material.
--------------------------------------------------------------
detailed accuracy settings:
--------------------------------------------------------------
augmented fill limit:       true
augmented fill limit value: 98.81
automatic fill limit:       true
early fill limit:           true
inverse fill limit:         true
model complexity:           0.00
legacy 2015:                false
fixed point accuracy:       false
minimum point accuracy:     0
mesh step inheritance:      false
accuracy mode:              
------------------------------------------------------------------------------

==================================
Finished matrix computation (FPBA)
==================================

>>>>>>>>>>>>>>>>>>>>>>>>>>>
2023 Apr 26 (Wed): 21:14:37
>>>>>>>>>>>>>>>>>>>>>>>>>>>

>>>>>>>>>>>>>>>>>>>>>>>>>>>
2023 Apr 26 (Wed): 21:14:37
>>>>>>>>>>>>>>>>>>>>>>>>>>>

--------------------------------
# of staircase filled cells: 0
# of staircase filled areas: 0
# of staircase filled edges: 0
# of faces above fill limit: 0
# of edges with FPBA topology: 0
--------------------------------

<<<<<<<<<<<<<<<<<<<<<<<<<<<
2023 Apr 26 (Wed): 21:14:39
<<<<<<<<<<<<<<<<<<<<<<<<<<<

==============================
Mesher selection: manual: FPBA
==============================

<<<<<<<<<<<<<<<<<<<<<<<<<<<
2023 Apr 26 (Wed): 21:14:39
<<<<<<<<<<<<<<<<<<<<<<<<<<<

==================================================================
 - desired group: 0, sockets = 0
 - pinning rule: PINNING_RULE_DEFAULT
 - skip setting processor groups: there is only 1 processor group.
 - num cores available : 8
 - hyperthreading      : on
 - used mask (uint64_t): 85
 - used mask (string)  : 10101010
==================================================================

==========================================
Matrix computation (FPBA)
	[FPBA accuracy enhancement is enabled]
Version 2016.1 (build 20160226)
2023 Apr 26 (Wed): 21:14:39
==========================================

----------------------------------------------
Used point accuracy enhancement value: 74.00%.
----------------------------------------------

------------------------------------------------------------------------------
+++++++++++++++++++++++++++++++++++++++++++++++++++++
settings for port mode calculation
+++++++++++++++++++++++++++++++++++++++++++++++++++++
PBA fill limit is applied in inverse mode.
PBA fill limit is applied on faces filled with at least 98.81% metal material.
--------------------------------------------------------------
detailed accuracy settings:
--------------------------------------------------------------
augmented fill limit:       true
augmented fill limit value: 98.81
automatic fill limit:       true
early fill limit:           true
inverse fill limit:         true
model complexity:           0.00
legacy 2015:                false
fixed point accuracy:       false
minimum point accuracy:     0
mesh step inheritance:      false
accuracy mode:              
------------------------------------------------------------------------------

==================================
Finished matrix computation (FPBA)
==================================

>>>>>>>>>>>>>>>>>>>>>>>>>>>
2023 Apr 26 (Wed): 21:14:40
>>>>>>>>>>>>>>>>>>>>>>>>>>>

>>>>>>>>>>>>>>>>>>>>>>>>>>>
2023 Apr 26 (Wed): 21:14:40
>>>>>>>>>>>>>>>>>>>>>>>>>>>

--------------------------------
# of staircase filled cells: 0
# of staircase filled areas: 0
# of staircase filled edges: 0
# of faces above fill limit: 0
# of edges with FPBA topology: 0
--------------------------------

<<<<<<<<<<<<<<<<<<<<<<<<<<<
2023 Apr 26 (Wed): 21:14:41
<<<<<<<<<<<<<<<<<<<<<<<<<<<

==============================
Mesher selection: manual: FPBA
==============================

<<<<<<<<<<<<<<<<<<<<<<<<<<<
2023 Apr 26 (Wed): 21:14:41
<<<<<<<<<<<<<<<<<<<<<<<<<<<

==================================================================
 - desired group: 0, sockets = 0
 - pinning rule: PINNING_RULE_DEFAULT
 - skip setting processor groups: there is only 1 processor group.
 - num cores available : 8
 - hyperthreading      : on
 - used mask (uint64_t): 85
 - used mask (string)  : 10101010
==================================================================

==========================================
Matrix computation (FPBA)
	[FPBA accuracy enhancement is enabled]
Version 2016.1 (build 20160226)
2023 Apr 26 (Wed): 21:14:41
==========================================

----------------------------------------------
Used point accuracy enhancement value: 74.00%.
----------------------------------------------

------------------------------------------------------------------------------
+++++++++++++++++++++++++++++++++++++++++++++++++++++
settings for port mode calculation
+++++++++++++++++++++++++++++++++++++++++++++++++++++
PBA fill limit is applied in inverse mode.
PBA fill limit is applied on faces filled with at least 98.81% metal material.
--------------------------------------------------------------
detailed accuracy settings:
--------------------------------------------------------------
augmented fill limit:       true
augmented fill limit value: 98.81
automatic fill limit:       true
early fill limit:           true
inverse fill limit:         true
model complexity:           0.00
legacy 2015:                false
fixed point accuracy:       false
minimum point accuracy:     0
mesh step inheritance:      false
accuracy mode:              
------------------------------------------------------------------------------

==================================
Finished matrix computation (FPBA)
==================================

>>>>>>>>>>>>>>>>>>>>>>>>>>>
2023 Apr 26 (Wed): 21:14:43
>>>>>>>>>>>>>>>>>>>>>>>>>>>

>>>>>>>>>>>>>>>>>>>>>>>>>>>
2023 Apr 26 (Wed): 21:14:43
>>>>>>>>>>>>>>>>>>>>>>>>>>>

--------------------------------
# of staircase filled cells: 0
# of staircase filled areas: 0
# of staircase filled edges: 0
# of faces above fill limit: 0
# of edges with FPBA topology: 0
--------------------------------

<<<<<<<<<<<<<<<<<<<<<<<<<<<
2023 Apr 26 (Wed): 21:14:44
<<<<<<<<<<<<<<<<<<<<<<<<<<<

==============================
Mesher selection: manual: FPBA
==============================

<<<<<<<<<<<<<<<<<<<<<<<<<<<
2023 Apr 26 (Wed): 21:14:44
<<<<<<<<<<<<<<<<<<<<<<<<<<<

==================================================================
 - desired group: 0, sockets = 0
 - pinning rule: PINNING_RULE_DEFAULT
 - skip setting processor groups: there is only 1 processor group.
 - num cores available : 8
 - hyperthreading      : on
 - used mask (uint64_t): 85
 - used mask (string)  : 10101010
==================================================================

==========================================
Matrix computation (FPBA)
	[FPBA accuracy enhancement is enabled]
Version 2016.1 (build 20160226)
2023 Apr 26 (Wed): 21:14:44
==========================================

----------------------------------------------
Used point accuracy enhancement value: 74.00%.
----------------------------------------------

------------------------------------------------------------------------------
+++++++++++++++++++++++++++++++++++++++++++++++++++++
settings for port mode calculation
+++++++++++++++++++++++++++++++++++++++++++++++++++++
PBA fill limit is applied in inverse mode.
PBA fill limit is applied on faces filled with at least 98.81% metal material.
--------------------------------------------------------------
detailed accuracy settings:
--------------------------------------------------------------
augmented fill limit:       true
augmented fill limit value: 98.81
automatic fill limit:       true
early fill limit:           true
inverse fill limit:         true
model complexity:           0.00
legacy 2015:                false
fixed point accuracy:       false
minimum point accuracy:     0
mesh step inheritance:      false
accuracy mode:              
------------------------------------------------------------------------------

==================================
Finished matrix computation (FPBA)
==================================

>>>>>>>>>>>>>>>>>>>>>>>>>>>
2023 Apr 26 (Wed): 21:14:47
>>>>>>>>>>>>>>>>>>>>>>>>>>>

>>>>>>>>>>>>>>>>>>>>>>>>>>>
2023 Apr 26 (Wed): 21:14:47
>>>>>>>>>>>>>>>>>>>>>>>>>>>

--------------------------------
# of staircase filled cells: 0
# of staircase filled areas: 0
# of staircase filled edges: 0
# of faces above fill limit: 0
# of edges with FPBA topology: 0
--------------------------------

<<<<<<<<<<<<<<<<<<<<<<<<<<<
2023 Apr 26 (Wed): 21:14:49
<<<<<<<<<<<<<<<<<<<<<<<<<<<

==============================
Mesher selection: manual: FPBA
==============================

<<<<<<<<<<<<<<<<<<<<<<<<<<<
2023 Apr 26 (Wed): 21:14:49
<<<<<<<<<<<<<<<<<<<<<<<<<<<

==================================================================
 - desired group: 0, sockets = 0
 - pinning rule: PINNING_RULE_DEFAULT
 - skip setting processor groups: there is only 1 processor group.
 - num cores available : 8
 - hyperthreading      : on
 - used mask (uint64_t): 85
 - used mask (string)  : 10101010
==================================================================

==========================================
Matrix computation (FPBA)
	[FPBA accuracy enhancement is enabled]
Version 2016.1 (build 20160226)
2023 Apr 26 (Wed): 21:14:49
==========================================

----------------------------------------------
Used point accuracy enhancement value: 74.00%.
----------------------------------------------

------------------------------------------------------------------------------
+++++++++++++++++++++++++++++++++++++++++++++++++++++
settings for port mode calculation
+++++++++++++++++++++++++++++++++++++++++++++++++++++
PBA fill limit is applied in inverse mode.
PBA fill limit is applied on faces filled with at least 98.81% metal material.
--------------------------------------------------------------
detailed accuracy settings:
--------------------------------------------------------------
augmented fill limit:       true
augmented fill limit value: 98.81
automatic fill limit:       true
early fill limit:           true
inverse fill limit:         true
model complexity:           0.00
legacy 2015:                false
fixed point accuracy:       false
minimum point accuracy:     0
mesh step inheritance:      false
accuracy mode:              
------------------------------------------------------------------------------

==================================
Finished matrix computation (FPBA)
==================================

>>>>>>>>>>>>>>>>>>>>>>>>>>>
2023 Apr 26 (Wed): 21:14:50
>>>>>>>>>>>>>>>>>>>>>>>>>>>

>>>>>>>>>>>>>>>>>>>>>>>>>>>
2023 Apr 26 (Wed): 21:14:50
>>>>>>>>>>>>>>>>>>>>>>>>>>>

--------------------------------
# of staircase filled cells: 0
# of staircase filled areas: 0
# of staircase filled edges: 0
# of faces above fill limit: 0
# of edges with FPBA topology: 0
--------------------------------

<<<<<<<<<<<<<<<<<<<<<<<<<<<
2023 Apr 26 (Wed): 21:14:54
<<<<<<<<<<<<<<<<<<<<<<<<<<<

==============================
Mesher selection: manual: FPBA
==============================

<<<<<<<<<<<<<<<<<<<<<<<<<<<
2023 Apr 26 (Wed): 21:14:54
<<<<<<<<<<<<<<<<<<<<<<<<<<<

==================================================================
 - desired group: 0, sockets = 0
 - pinning rule: PINNING_RULE_DEFAULT
 - skip setting processor groups: there is only 1 processor group.
 - num cores available : 8
 - hyperthreading      : on
 - used mask (uint64_t): 85
 - used mask (string)  : 10101010
==================================================================

==========================================
Matrix computation (FPBA)
	[FPBA accuracy enhancement is enabled]
Version 2016.1 (build 20160226)
2023 Apr 26 (Wed): 21:14:54
==========================================

----------------------------------------------
Used point accuracy enhancement value: 74.00%.
----------------------------------------------

------------------------------------------------------------------------------
+++++++++++++++++++++++++++++++++++++++++++++++++++++
settings for port mode calculation
+++++++++++++++++++++++++++++++++++++++++++++++++++++
PBA fill limit is applied in inverse mode.
PBA fill limit is applied on faces filled with at least 98.81% metal material.
--------------------------------------------------------------
detailed accuracy settings:
--------------------------------------------------------------
augmented fill limit:       true
augmented fill limit value: 98.81
automatic fill limit:       true
early fill limit:           true
inverse fill limit:         true
model complexity:           0.00
legacy 2015:                false
fixed point accuracy:       false
minimum point accuracy:     0
mesh step inheritance:      false
accuracy mode:              
------------------------------------------------------------------------------

==================================
Finished matrix computation (FPBA)
==================================

>>>>>>>>>>>>>>>>>>>>>>>>>>>
2023 Apr 26 (Wed): 21:14:55
>>>>>>>>>>>>>>>>>>>>>>>>>>>

>>>>>>>>>>>>>>>>>>>>>>>>>>>
2023 Apr 26 (Wed): 21:14:55
>>>>>>>>>>>>>>>>>>>>>>>>>>>

--------------------------------
# of staircase filled cells: 0
# of staircase filled areas: 0
# of staircase filled edges: 0
# of faces above fill limit: 0
# of edges with FPBA topology: 0
--------------------------------

<<<<<<<<<<<<<<<<<<<<<<<<<<<
2023 Apr 26 (Wed): 21:14:58
<<<<<<<<<<<<<<<<<<<<<<<<<<<

==============================
Mesher selection: manual: FPBA
==============================

<<<<<<<<<<<<<<<<<<<<<<<<<<<
2023 Apr 26 (Wed): 21:14:59
<<<<<<<<<<<<<<<<<<<<<<<<<<<

==================================================================
 - desired group: 0, sockets = 0
 - pinning rule: PINNING_RULE_DEFAULT
 - skip setting processor groups: there is only 1 processor group.
 - num cores available : 8
 - hyperthreading      : on
 - used mask (uint64_t): 85
 - used mask (string)  : 10101010
==================================================================

==========================================
Matrix computation (FPBA)
	[FPBA accuracy enhancement is enabled]
Version 2016.1 (build 20160226)
2023 Apr 26 (Wed): 21:14:59
==========================================

----------------------------------------------
Used point accuracy enhancement value: 74.00%.
----------------------------------------------

------------------------------------------------------------------------------
+++++++++++++++++++++++++++++++++++++++++++++++++++++
settings for port mode calculation
+++++++++++++++++++++++++++++++++++++++++++++++++++++
PBA fill limit is applied in inverse mode.
PBA fill limit is applied on faces filled with at least 98.81% metal material.
--------------------------------------------------------------
detailed accuracy settings:
--------------------------------------------------------------
augmented fill limit:       true
augmented fill limit value: 98.81
automatic fill limit:       true
early fill limit:           true
inverse fill limit:         true
model complexity:           0.00
legacy 2015:                false
fixed point accuracy:       false
minimum point accuracy:     0
mesh step inheritance:      false
accuracy mode:              
------------------------------------------------------------------------------

==================================
Finished matrix computation (FPBA)
==================================

>>>>>>>>>>>>>>>>>>>>>>>>>>>
2023 Apr 26 (Wed): 21:15:00
>>>>>>>>>>>>>>>>>>>>>>>>>>>

>>>>>>>>>>>>>>>>>>>>>>>>>>>
2023 Apr 26 (Wed): 21:15:00
>>>>>>>>>>>>>>>>>>>>>>>>>>>

--------------------------------
# of staircase filled cells: 0
# of staircase filled areas: 0
# of staircase filled edges: 0
# of faces above fill limit: 0
# of edges with FPBA topology: 0
--------------------------------

<<<<<<<<<<<<<<<<<<<<<<<<<<<
2023 Apr 26 (Wed): 21:15:03
<<<<<<<<<<<<<<<<<<<<<<<<<<<

==============================
Mesher selection: manual: FPBA
==============================

<<<<<<<<<<<<<<<<<<<<<<<<<<<
2023 Apr 26 (Wed): 21:15:03
<<<<<<<<<<<<<<<<<<<<<<<<<<<

==================================================================
 - desired group: 0, sockets = 0
 - pinning rule: PINNING_RULE_DEFAULT
 - skip setting processor groups: there is only 1 processor group.
 - num cores available : 8
 - hyperthreading      : on
 - used mask (uint64_t): 85
 - used mask (string)  : 10101010
==================================================================

==========================================
Matrix computation (FPBA)
	[FPBA accuracy enhancement is enabled]
Version 2016.1 (build 20160226)
2023 Apr 26 (Wed): 21:15:03
==========================================

----------------------------------------------
Used point accuracy enhancement value: 74.00%.
----------------------------------------------

------------------------------------------------------------------------------
+++++++++++++++++++++++++++++++++++++++++++++++++++++
settings for port mode calculation
+++++++++++++++++++++++++++++++++++++++++++++++++++++
PBA fill limit is applied in inverse mode.
PBA fill limit is applied on faces filled with at least 98.81% metal material.
--------------------------------------------------------------
detailed accuracy settings:
--------------------------------------------------------------
augmented fill limit:       true
augmented fill limit value: 98.81
automatic fill limit:       true
early fill limit:           true
inverse fill limit:         true
model complexity:           0.00
legacy 2015:                false
fixed point accuracy:       false
minimum point accuracy:     0
mesh step inheritance:      false
accuracy mode:              
------------------------------------------------------------------------------

==================================
Finished matrix computation (FPBA)
==================================

>>>>>>>>>>>>>>>>>>>>>>>>>>>
2023 Apr 26 (Wed): 21:15:06
>>>>>>>>>>>>>>>>>>>>>>>>>>>

>>>>>>>>>>>>>>>>>>>>>>>>>>>
2023 Apr 26 (Wed): 21:15:06
>>>>>>>>>>>>>>>>>>>>>>>>>>>

--------------------------------
# of staircase filled cells: 0
# of staircase filled areas: 0
# of staircase filled edges: 0
# of faces above fill limit: 0
# of edges with FPBA topology: 0
--------------------------------

<<<<<<<<<<<<<<<<<<<<<<<<<<<
2023 Apr 26 (Wed): 21:15:08
<<<<<<<<<<<<<<<<<<<<<<<<<<<

==============================
Mesher selection: manual: FPBA
==============================

<<<<<<<<<<<<<<<<<<<<<<<<<<<
2023 Apr 26 (Wed): 21:15:08
<<<<<<<<<<<<<<<<<<<<<<<<<<<

==================================================================
 - desired group: 0, sockets = 0
 - pinning rule: PINNING_RULE_DEFAULT
 - skip setting processor groups: there is only 1 processor group.
 - num cores available : 8
 - hyperthreading      : on
 - used mask (uint64_t): 85
 - used mask (string)  : 10101010
==================================================================

==========================================
Matrix computation (FPBA)
	[FPBA accuracy enhancement is enabled]
Version 2016.1 (build 20160226)
2023 Apr 26 (Wed): 21:15:08
==========================================

----------------------------------------------
Used point accuracy enhancement value: 74.00%.
----------------------------------------------

------------------------------------------------------------------------------
+++++++++++++++++++++++++++++++++++++++++++++++++++++
settings for port mode calculation
+++++++++++++++++++++++++++++++++++++++++++++++++++++
PBA fill limit is applied in inverse mode.
PBA fill limit is applied on faces filled with at least 98.81% metal material.
--------------------------------------------------------------
detailed accuracy settings:
--------------------------------------------------------------
augmented fill limit:       true
augmented fill limit value: 98.81
automatic fill limit:       true
early fill limit:           true
inverse fill limit:         true
model complexity:           0.00
legacy 2015:                false
fixed point accuracy:       false
minimum point accuracy:     0
mesh step inheritance:      false
accuracy mode:              
------------------------------------------------------------------------------

==================================
Finished matrix computation (FPBA)
==================================

>>>>>>>>>>>>>>>>>>>>>>>>>>>
2023 Apr 26 (Wed): 21:15:09
>>>>>>>>>>>>>>>>>>>>>>>>>>>

>>>>>>>>>>>>>>>>>>>>>>>>>>>
2023 Apr 26 (Wed): 21:15:09
>>>>>>>>>>>>>>>>>>>>>>>>>>>

--------------------------------
# of staircase filled cells: 0
# of staircase filled areas: 0
# of staircase filled edges: 0
# of faces above fill limit: 0
# of edges with FPBA topology: 0
--------------------------------

<<<<<<<<<<<<<<<<<<<<<<<<<<<
2023 Apr 26 (Wed): 21:15:11
<<<<<<<<<<<<<<<<<<<<<<<<<<<

==============================
Mesher selection: manual: FPBA
==============================

<<<<<<<<<<<<<<<<<<<<<<<<<<<
2023 Apr 26 (Wed): 21:15:11
<<<<<<<<<<<<<<<<<<<<<<<<<<<

==================================================================
 - desired group: 0, sockets = 0
 - pinning rule: PINNING_RULE_DEFAULT
 - skip setting processor groups: there is only 1 processor group.
 - num cores available : 8
 - hyperthreading      : on
 - used mask (uint64_t): 85
 - used mask (string)  : 10101010
==================================================================

==========================================
Matrix computation (FPBA)
	[FPBA accuracy enhancement is enabled]
Version 2016.1 (build 20160226)
2023 Apr 26 (Wed): 21:15:11
==========================================

----------------------------------------------
Used point accuracy enhancement value: 74.00%.
----------------------------------------------

------------------------------------------------------------------------------
+++++++++++++++++++++++++++++++++++++++++++++++++++++
settings for port mode calculation
+++++++++++++++++++++++++++++++++++++++++++++++++++++
PBA fill limit is applied in inverse mode.
PBA fill limit is applied on faces filled with at least 98.81% metal material.
--------------------------------------------------------------
detailed accuracy settings:
--------------------------------------------------------------
augmented fill limit:       true
augmented fill limit value: 98.81
automatic fill limit:       true
early fill limit:           true
inverse fill limit:         true
model complexity:           0.00
legacy 2015:                false
fixed point accuracy:       false
minimum point accuracy:     0
mesh step inheritance:      false
accuracy mode:              
------------------------------------------------------------------------------

==================================
Finished matrix computation (FPBA)
==================================

>>>>>>>>>>>>>>>>>>>>>>>>>>>
2023 Apr 26 (Wed): 21:15:12
>>>>>>>>>>>>>>>>>>>>>>>>>>>

>>>>>>>>>>>>>>>>>>>>>>>>>>>
2023 Apr 26 (Wed): 21:15:12
>>>>>>>>>>>>>>>>>>>>>>>>>>>

--------------------------------
# of staircase filled cells: 0
# of staircase filled areas: 0
# of staircase filled edges: 0
# of faces above fill limit: 0
# of edges with FPBA topology: 0
--------------------------------

<<<<<<<<<<<<<<<<<<<<<<<<<<<
2023 Apr 26 (Wed): 21:15:13
<<<<<<<<<<<<<<<<<<<<<<<<<<<

==============================
Mesher selection: manual: FPBA
==============================

<<<<<<<<<<<<<<<<<<<<<<<<<<<
2023 Apr 26 (Wed): 21:15:13
<<<<<<<<<<<<<<<<<<<<<<<<<<<

==================================================================
 - desired group: 0, sockets = 0
 - pinning rule: PINNING_RULE_DEFAULT
 - skip setting processor groups: there is only 1 processor group.
 - num cores available : 8
 - hyperthreading      : on
 - used mask (uint64_t): 85
 - used mask (string)  : 10101010
==================================================================

==========================================
Matrix computation (FPBA)
	[FPBA accuracy enhancement is enabled]
Version 2016.1 (build 20160226)
2023 Apr 26 (Wed): 21:15:13
==========================================

----------------------------------------------
Used point accuracy enhancement value: 74.00%.
----------------------------------------------

------------------------------------------------------------------------------
+++++++++++++++++++++++++++++++++++++++++++++++++++++
settings for port mode calculation
+++++++++++++++++++++++++++++++++++++++++++++++++++++
PBA fill limit is applied in inverse mode.
PBA fill limit is applied on faces filled with at least 98.81% metal material.
--------------------------------------------------------------
detailed accuracy settings:
--------------------------------------------------------------
augmented fill limit:       true
augmented fill limit value: 98.81
automatic fill limit:       true
early fill limit:           true
inverse fill limit:         true
model complexity:           0.00
legacy 2015:                false
fixed point accuracy:       false
minimum point accuracy:     0
mesh step inheritance:      false
accuracy mode:              
------------------------------------------------------------------------------

==================================
Finished matrix computation (FPBA)
==================================

>>>>>>>>>>>>>>>>>>>>>>>>>>>
2023 Apr 26 (Wed): 21:15:16
>>>>>>>>>>>>>>>>>>>>>>>>>>>

>>>>>>>>>>>>>>>>>>>>>>>>>>>
2023 Apr 26 (Wed): 21:15:16
>>>>>>>>>>>>>>>>>>>>>>>>>>>

--------------------------------
# of staircase filled cells: 0
# of staircase filled areas: 0
# of staircase filled edges: 0
# of faces above fill limit: 0
# of edges with FPBA topology: 0
--------------------------------

<<<<<<<<<<<<<<<<<<<<<<<<<<<
2023 Apr 26 (Wed): 21:15:18
<<<<<<<<<<<<<<<<<<<<<<<<<<<

==============================
Mesher selection: manual: FPBA
==============================

<<<<<<<<<<<<<<<<<<<<<<<<<<<
2023 Apr 26 (Wed): 21:15:18
<<<<<<<<<<<<<<<<<<<<<<<<<<<

==================================================================
 - desired group: 0, sockets = 0
 - pinning rule: PINNING_RULE_DEFAULT
 - skip setting processor groups: there is only 1 processor group.
 - num cores available : 8
 - hyperthreading      : on
 - used mask (uint64_t): 85
 - used mask (string)  : 10101010
==================================================================

==========================================
Matrix computation (FPBA)
	[FPBA accuracy enhancement is enabled]
Version 2016.1 (build 20160226)
2023 Apr 26 (Wed): 21:15:18
==========================================

----------------------------------------------
Used point accuracy enhancement value: 74.00%.
----------------------------------------------

------------------------------------------------------------------------------
+++++++++++++++++++++++++++++++++++++++++++++++++++++
settings for port mode calculation
+++++++++++++++++++++++++++++++++++++++++++++++++++++
PBA fill limit is applied in inverse mode.
PBA fill limit is applied on faces filled with at least 98.81% metal material.
--------------------------------------------------------------
detailed accuracy settings:
--------------------------------------------------------------
augmented fill limit:       true
augmented fill limit value: 98.81
automatic fill limit:       true
early fill limit:           true
inverse fill limit:         true
model complexity:           0.00
legacy 2015:                false
fixed point accuracy:       false
minimum point accuracy:     0
mesh step inheritance:      false
accuracy mode:              
------------------------------------------------------------------------------

==================================
Finished matrix computation (FPBA)
==================================

>>>>>>>>>>>>>>>>>>>>>>>>>>>
2023 Apr 26 (Wed): 21:15:21
>>>>>>>>>>>>>>>>>>>>>>>>>>>

>>>>>>>>>>>>>>>>>>>>>>>>>>>
2023 Apr 26 (Wed): 21:15:21
>>>>>>>>>>>>>>>>>>>>>>>>>>>

--------------------------------
# of staircase filled cells: 0
# of staircase filled areas: 0
# of staircase filled edges: 0
# of faces above fill limit: 0
# of edges with FPBA topology: 0
--------------------------------

<<<<<<<<<<<<<<<<<<<<<<<<<<<
2023 Apr 26 (Wed): 21:15:23
<<<<<<<<<<<<<<<<<<<<<<<<<<<

======================
Mesher selection: FPBA
======================

==================================================================
 - desired group: 0, sockets = 0
 - pinning rule: PINNING_RULE_DEFAULT
 - skip setting processor groups: there is only 1 processor group.
 - num cores available : 8
 - hyperthreading      : on
 - used mask (uint64_t): 85
 - used mask (string)  : 10101010
==================================================================

===============================
Processing CAD model
Version 2016.1 (build 20160226)
2023 Apr 26 (Wed): 21:15:23
===============================

----------------------------------------------
Used point accuracy enhancement value: 49.00%.
----------------------------------------------

=============================================================================
Mesh statistics:
-----------------------------------------------------------------------------
Minimum edge length (x): 0.28 @ mesh line 9 (x)
Maximum edge length (x): 3.1 @ mesh line 68 (x)
Minimum face area (x): 0.4 @ mesh lines 27 | 13 (y | z)
Maximum face area (x): 10.1 @ mesh lines 71 | 2 (y | z)
Minimum edge length (y): 0.5 @ mesh line 27 (y)
Maximum edge length (y): 3.05 @ mesh line 71 (y)
Minimum face area (y): 0.224 @ mesh lines 13 | 9 (z | x)
Maximum face area (y): 10.3 @ mesh lines 2 | 68 (z | x)
Minimum edge length (z): 0.8 @ mesh line 13 (z)
Maximum edge length (z): 3.31 @ mesh line 2 (z)
Minimum face area (z): 0.14 @ mesh lines 9 | 27 (x | y)
Maximum face area (z): 9.46 @ mesh lines 68 | 71 (x | y)
Maximum mesh face aspect ratio (x): 6.63 : 1.0  @ mesh lines 27 | 2 (y | z)
Maximum mesh face aspect ratio (y): 11.8 : 1.0  @ mesh lines 2 | 9 (z | x)
Maximum mesh face aspect ratio (z): 10.9 : 1.0  @ mesh lines 9 | 71 (x | y)
=============================================================================

=======================
Finished CAD processing
=======================

------------------------------------------------------------
Parallelization Info
------------------------------------------------------------
Number of concurrent threads: 2
Number of node domains: 2
Number of mesh cells: 119232
------------------------------------------------------------
Node order
1, 0
------------------------------------------------------------

1xN000:  <<<<<<<<<<<<<<<<<<<<<<<<<<<
         2023 Apr 26 (Wed): 21:15:24
         <<<<<<<<<<<<<<<<<<<<<<<<<<<

1xN000:  ==================================================================
          - desired group: 0, sockets = 0
          - pinning rule: PINNING_RULE_DEFAULT
          - skip setting processor groups: there is only 1 processor group.
          - num cores available : 8
          - hyperthreading      : on
          - used mask (uint64_t): 85
          - used mask (string)  : 10101010
         ==================================================================

1xN000:  ==========================================
         Matrix computation (FPBA)
         	[FPBA accuracy enhancement is enabled]
         Version 2016.1 (build 20160226)
         2023 Apr 26 (Wed): 21:15:24
         ==========================================

1xN000:  ssssssssssssssssssssssssssssssssssssssssss
         # of curls with SI accuracy enhancement: 0
         ssssssssssssssssssssssssssssssssssssssssss

1xN000:  ------------------------------------------------------------------------------
         PBA fill limit is applied in inverse mode.
         PBA fill limit is applied on faces filled with at least 98.63% metal material.
         --------------------------------------------------------------
         detailed accuracy settings:
         --------------------------------------------------------------
         augmented fill limit:       true
         augmented fill limit value: 98.63
         automatic fill limit:       true
         early fill limit:           true
         inverse fill limit:         true
         model complexity:           0.00
         legacy 2015:                false
         fixed point accuracy:       false
         minimum point accuracy:     0
         mesh step inheritance:      false
         accuracy mode:
         ------------------------------------------------------------------------------

1xN000:  ==================================
         Finished matrix computation (FPBA)
         ==================================

1xN000:  >>>>>>>>>>>>>>>>>>>>>>>>>>>
         2023 Apr 26 (Wed): 21:15:31
         >>>>>>>>>>>>>>>>>>>>>>>>>>>



1xN001:  <<<<<<<<<<<<<<<<<<<<<<<<<<<
         2023 Apr 26 (Wed): 21:15:24
         <<<<<<<<<<<<<<<<<<<<<<<<<<<

1xN001:  ==================================================================
          - desired group: 0, sockets = 0
          - pinning rule: PINNING_RULE_DEFAULT
          - skip setting processor groups: there is only 1 processor group.
          - num cores available : 8
          - hyperthreading      : on
          - used mask (uint64_t): 85
          - used mask (string)  : 10101010
         ==================================================================

1xN001:  ==========================================
         Matrix computation (FPBA)
         	[FPBA accuracy enhancement is enabled]
         Version 2016.1 (build 20160226)
         2023 Apr 26 (Wed): 21:15:24
         ==========================================

1xN001:  ssssssssssssssssssssssssssssssssssssssssss
         # of curls with SI accuracy enhancement: 0
         ssssssssssssssssssssssssssssssssssssssssss

1xN001:  ------------------------------------------------------------------------------
         PBA fill limit is applied in inverse mode.
         PBA fill limit is applied on faces filled with at least 98.63% metal material.
         --------------------------------------------------------------
         detailed accuracy settings:
         --------------------------------------------------------------
         augmented fill limit:       true
         augmented fill limit value: 98.63
         automatic fill limit:       true
         early fill limit:           true
         inverse fill limit:         true
         model complexity:           0.00
         legacy 2015:                false
         fixed point accuracy:       false
         minimum point accuracy:     0
         mesh step inheritance:      false
         accuracy mode:
         ------------------------------------------------------------------------------

1xN001:  ==================================
         Finished matrix computation (FPBA)
         ==================================

1xN001:  >>>>>>>>>>>>>>>>>>>>>>>>>>>
         2023 Apr 26 (Wed): 21:15:31
         >>>>>>>>>>>>>>>>>>>>>>>>>>>



>>>>>>>>>>>>>>>>>>>>>>>>>>>
2023 Apr 26 (Wed): 21:15:33
>>>>>>>>>>>>>>>>>>>>>>>>>>>

--------------------------------
# of staircase filled cells: 0
# of staircase filled areas: 0
# of staircase filled edges: 0
# of faces above fill limit: 0
# of edges with FPBA topology: 0
--------------------------------

--------------------------------
# of staircase filled cells: 0
# of staircase filled areas: 0
# of staircase filled edges: 0
# of faces above fill limit: 0
# of edges with FPBA topology: 0
--------------------------------

--------------------------------
# of staircase filled cells: 0
# of staircase filled areas: 0
# of staircase filled edges: 0
# of faces above fill limit: 0
# of edges with FPBA topology: 0
--------------------------------

--------------------------------
# of staircase filled cells: 0
# of staircase filled areas: 0
# of staircase filled edges: 0
# of faces above fill limit: 0
# of edges with FPBA topology: 0
--------------------------------

