Port monitor named: Port2_h1.prt

nx        = 70
ny        = 73
nz        = 25

nu        = 9
nv        = 22
iu        = 8
iv        = 39

idir      = 1
dcut      = 2.750000e-002
icut      = 65
type      = 1
frequency = 3.500000e+009

fcutoff   = 0.000000e+000
alpha     = 0.000000e+000
beta      = 1.352525e+002
accuracy  = 1.357312e-014

type          = QTEM
wave imp.     = 2.051272e+002
wave imp.sig. = 1.014950e-001
line imp.     = 4.918012e+001

ref. port     = 0

-0.000000e+000  -1.619140e-001  -2.977343e-001  -3.547850e-001  -3.404772e-001  -2.800614e-001  -1.739571e-001  -9.090148e-002  -0.000000e+000  
-0.000000e+000  -1.740698e-001  -3.284902e-001  -4.060963e-001  -3.998817e-001  -3.375568e-001  -2.140143e-001  -1.126875e-001  -0.000000e+000  
-0.000000e+000  -1.964034e-001  -3.882671e-001  -5.129759e-001  -5.299446e-001  -4.698791e-001  -3.101123e-001  -1.656795e-001  -0.000000e+000  
-0.000000e+000  -2.244105e-001  -4.714454e-001  -6.808694e-001  -7.532221e-001  -7.182423e-001  -5.049428e-001  -2.756091e-001  -0.000000e+000  
-0.000000e+000  -2.506612e-001  -5.660103e-001  -9.127585e-001  -1.108511e+000  -1.173688e+000  -9.114627e-001  -5.114917e-001  -0.000000e+000  
-0.000000e+000  -2.629154e-001  -6.436449e-001  -1.183165e+000  -1.628811e+000  -2.006018e+000  -1.832341e+000  -1.052348e+000  -0.000000e+000  
-0.000000e+000  -2.452337e-001  -6.532806e-001  -1.391953e+000  -2.259651e+000  -3.473203e+000  -4.202382e+000  -2.339862e+000  -0.000000e+000  
-0.000000e+000  -1.834711e-001  -5.272865e-001  -1.299167e+000  -2.572701e+000  -5.537833e+000  -1.154016e+001  -4.931340e+000  -0.000000e+000  
-0.000000e+000  -9.027702e-002  -2.661078e-001  -6.749353e-001  -1.316253e+000  -2.479797e+000  -0.000000e+000  -2.796230e+000  -0.000000e+000  
-0.000000e+000  3.131196e-003  1.048328e-002  2.981491e-002  5.768003e-002  8.466785e-002  -0.000000e+000  2.473077e-002  -0.000000e+000  
-0.000000e+000  9.585493e-002  2.843759e-001  7.276528e-001  1.432886e+000  2.718787e+000  -0.000000e+000  2.922845e+000  -0.000000e+000  
-0.000000e+000  1.739016e-001  5.006546e-001  1.236871e+000  2.477482e+000  5.573144e+000  1.363718e+001  5.163911e+000  -0.000000e+000  
-0.000000e+000  2.279426e-001  6.241400e-001  1.401092e+000  2.438770e+000  4.172980e+000  5.949302e+000  3.156199e+000  -0.000000e+000  
-0.000000e+000  2.560303e-001  6.604526e-001  1.328194e+000  2.012777e+000  2.801381e+000  2.956563e+000  1.699144e+000  -0.000000e+000  
-0.000000e+000  2.612001e-001  6.384362e-001  1.171446e+000  1.608053e+000  1.966106e+000  1.770342e+000  1.020285e+000  -0.000000e+000  
-0.000000e+000  2.571323e-001  6.051082e-001  1.044243e+000  1.350836e+000  1.537459e+000  1.280503e+000  7.307774e-001  -0.000000e+000  
-0.000000e+000  2.452737e-001  5.443225e-001  8.528877e-001  1.006997e+000  1.028806e+000  7.682082e-001  4.273126e-001  -0.000000e+000  
-0.000000e+000  2.164079e-001  4.465950e-001  6.272592e-001  6.776686e-001  6.289036e-001  4.309039e-001  2.332457e-001  -0.000000e+000  
-0.000000e+000  1.921770e-001  3.772237e-001  4.930217e-001  5.048940e-001  4.432945e-001  2.899675e-001  1.544231e-001  -0.000000e+000  
-0.000000e+000  1.724723e-001  3.248396e-001  4.002648e-001  3.930273e-001  3.306872e-001  2.090368e-001  1.099431e-001  -0.000000e+000  
-0.000000e+000  1.602673e-001  2.941622e-001  3.495524e-001  3.347583e-001  2.747547e-001  1.703538e-001  8.895797e-002  -0.000000e+000  
-0.000000e+000  -0.000000e+000  -0.000000e+000  -0.000000e+000  -0.000000e+000  -0.000000e+000  -0.000000e+000  -0.000000e+000  -0.000000e+000  

-0.000000e+000  -0.000000e+000  -0.000000e+000  -0.000000e+000  -0.000000e+000  -0.000000e+000  -0.000000e+000  -0.000000e+000  -0.000000e+000  
2.767981e-002  5.341514e-003  -4.678510e-002  -1.117831e-001  -1.698412e-001  -2.263923e-001  -2.613162e-001  -2.772339e-001  -0.000000e+000  
6.311659e-002  2.158015e-002  -8.076854e-002  -2.173326e-001  -3.454144e-001  -4.763541e-001  -5.597061e-001  -5.977597e-001  -0.000000e+000  
1.121306e-001  5.924513e-002  -8.477293e-002  -3.011077e-001  -5.224682e-001  -7.693560e-001  -9.364011e-001  -1.013089e+000  -0.000000e+000  
1.798658e-001  1.295659e-001  -3.482042e-002  -3.332523e-001  -6.842309e-001  -1.134215e+000  -1.474354e+000  -1.631923e+000  -0.000000e+000  
2.670873e-001  2.416560e-001  1.046807e-001  -2.435343e-001  -7.558788e-001  -1.573387e+000  -2.325930e+000  -2.673114e+000  -0.000000e+000  
3.682047e-001  3.966514e-001  3.731636e-001  1.016057e-001  -5.187069e-001  -1.952641e+000  -3.851608e+000  -4.653587e+000  -0.000000e+000  
4.690890e-001  5.771749e-001  7.810836e-001  8.885847e-001  5.761896e-001  -1.435112e+000  -7.232928e+000  -8.818052e+000  -0.000000e+000  
5.477404e-001  7.367763e-001  1.230224e+000  2.118342e+000  3.500173e+000  6.873765e+000  -1.876193e+001  -1.730278e+001  -0.000000e+000  
5.771038e-001  7.987775e-001  1.410241e+000  2.583020e+000  4.348815e+000  7.651338e+000  -2.315525e+001  -2.089974e+001  -0.000000e+000  
5.758481e-001  7.958593e-001  1.401253e+000  2.562378e+000  4.329695e+000  7.721870e+000  -2.317898e+001  -2.086199e+001  -0.000000e+000  
5.442424e-001  7.288232e-001  1.205206e+000  2.049840e+000  3.389580e+000  7.063217e+000  -1.888010e+001  -1.709369e+001  -0.000000e+000  
4.879638e-001  6.146245e-001  8.833014e-001  1.149330e+000  1.090041e+000  -7.293499e-001  -8.809074e+000  -1.044377e+001  -0.000000e+000  
4.162328e-001  4.803292e-001  5.540121e-001  4.224697e-001  -1.372113e-001  -1.921508e+000  -5.095263e+000  -6.292856e+000  -0.000000e+000  
3.388682e-001  3.495906e-001  2.859988e-001  -2.334287e-002  -6.299680e-001  -1.875569e+000  -3.331165e+000  -3.979925e+000  -0.000000e+000  
2.825078e-001  2.634405e-001  1.371966e-001  -2.125404e-001  -7.527641e-001  -1.650326e+000  -2.502045e+000  -2.896655e+000  -0.000000e+000  
2.470975e-001  2.133572e-001  6.166466e-002  -2.886309e-001  -7.705283e-001  -1.482234e+000  -2.082074e+000  -2.362372e+000  -0.000000e+000  
1.613016e-001  1.079433e-001  -5.658016e-002  -3.382629e-001  -6.541001e-001  -1.038004e+000  -1.313985e+000  -1.441561e+000  -0.000000e+000  
9.676908e-002  4.547729e-002  -8.935843e-002  -2.837031e-001  -4.762698e-001  -6.838478e-001  -8.205926e-001  -8.832167e-001  -0.000000e+000  
6.178083e-002  1.995390e-002  -8.242824e-002  -2.177366e-001  -3.435242e-001  -4.707934e-001  -5.511457e-001  -5.878017e-001  -0.000000e+000  
2.700508e-002  4.572882e-003  -4.743467e-002  -1.116999e-001  -1.686789e-001  -2.237356e-001  -2.575554e-001  -2.729663e-001  -0.000000e+000  
-0.000000e+000  -0.000000e+000  -0.000000e+000  -0.000000e+000  -0.000000e+000  -0.000000e+000  -0.000000e+000  -0.000000e+000  -0.000000e+000  

0.000000e+000  0.000000e+000  0.000000e+000  0.000000e+000  0.000000e+000  0.000000e+000  0.000000e+000  0.000000e+000  0.000000e+000  
0.000000e+000  0.000000e+000  0.000000e+000  0.000000e+000  0.000000e+000  0.000000e+000  0.000000e+000  0.000000e+000  0.000000e+000  
0.000000e+000  0.000000e+000  0.000000e+000  0.000000e+000  0.000000e+000  0.000000e+000  0.000000e+000  0.000000e+000  0.000000e+000  
0.000000e+000  0.000000e+000  0.000000e+000  0.000000e+000  0.000000e+000  0.000000e+000  0.000000e+000  0.000000e+000  0.000000e+000  
0.000000e+000  0.000000e+000  0.000000e+000  0.000000e+000  0.000000e+000  0.000000e+000  0.000000e+000  0.000000e+000  0.000000e+000  
0.000000e+000  0.000000e+000  0.000000e+000  0.000000e+000  0.000000e+000  0.000000e+000  0.000000e+000  0.000000e+000  0.000000e+000  
0.000000e+000  0.000000e+000  0.000000e+000  0.000000e+000  0.000000e+000  0.000000e+000  0.000000e+000  0.000000e+000  0.000000e+000  
0.000000e+000  0.000000e+000  0.000000e+000  0.000000e+000  0.000000e+000  0.000000e+000  0.000000e+000  0.000000e+000  0.000000e+000  
0.000000e+000  0.000000e+000  0.000000e+000  0.000000e+000  0.000000e+000  0.000000e+000  0.000000e+000  0.000000e+000  0.000000e+000  
0.000000e+000  0.000000e+000  0.000000e+000  0.000000e+000  0.000000e+000  0.000000e+000  0.000000e+000  0.000000e+000  0.000000e+000  
0.000000e+000  0.000000e+000  0.000000e+000  0.000000e+000  0.000000e+000  0.000000e+000  0.000000e+000  0.000000e+000  0.000000e+000  
0.000000e+000  0.000000e+000  0.000000e+000  0.000000e+000  0.000000e+000  0.000000e+000  0.000000e+000  0.000000e+000  0.000000e+000  
0.000000e+000  0.000000e+000  0.000000e+000  0.000000e+000  0.000000e+000  0.000000e+000  0.000000e+000  0.000000e+000  0.000000e+000  
0.000000e+000  0.000000e+000  0.000000e+000  0.000000e+000  0.000000e+000  0.000000e+000  0.000000e+000  0.000000e+000  0.000000e+000  
0.000000e+000  0.000000e+000  0.000000e+000  0.000000e+000  0.000000e+000  0.000000e+000  0.000000e+000  0.000000e+000  0.000000e+000  
0.000000e+000  0.000000e+000  0.000000e+000  0.000000e+000  0.000000e+000  0.000000e+000  0.000000e+000  0.000000e+000  0.000000e+000  
0.000000e+000  0.000000e+000  0.000000e+000  0.000000e+000  0.000000e+000  0.000000e+000  0.000000e+000  0.000000e+000  0.000000e+000  
0.000000e+000  0.000000e+000  0.000000e+000  0.000000e+000  0.000000e+000  0.000000e+000  0.000000e+000  0.000000e+000  0.000000e+000  
0.000000e+000  0.000000e+000  0.000000e+000  0.000000e+000  0.000000e+000  0.000000e+000  0.000000e+000  0.000000e+000  0.000000e+000  
0.000000e+000  0.000000e+000  0.000000e+000  0.000000e+000  0.000000e+000  0.000000e+000  0.000000e+000  0.000000e+000  0.000000e+000  
0.000000e+000  0.000000e+000  0.000000e+000  0.000000e+000  0.000000e+000  0.000000e+000  0.000000e+000  0.000000e+000  0.000000e+000  
0.000000e+000  0.000000e+000  0.000000e+000  0.000000e+000  0.000000e+000  0.000000e+000  0.000000e+000  0.000000e+000  0.000000e+000  

0.000000e+000  0.000000e+000  0.000000e+000  0.000000e+000  0.000000e+000  0.000000e+000  0.000000e+000  0.000000e+000  0.000000e+000  
0.000000e+000  0.000000e+000  0.000000e+000  0.000000e+000  0.000000e+000  0.000000e+000  0.000000e+000  0.000000e+000  0.000000e+000  
0.000000e+000  0.000000e+000  0.000000e+000  0.000000e+000  0.000000e+000  0.000000e+000  0.000000e+000  0.000000e+000  0.000000e+000  
0.000000e+000  0.000000e+000  0.000000e+000  0.000000e+000  0.000000e+000  0.000000e+000  0.000000e+000  0.000000e+000  0.000000e+000  
0.000000e+000  0.000000e+000  0.000000e+000  0.000000e+000  0.000000e+000  0.000000e+000  0.000000e+000  0.000000e+000  0.000000e+000  
0.000000e+000  0.000000e+000  0.000000e+000  0.000000e+000  0.000000e+000  0.000000e+000  0.000000e+000  0.000000e+000  0.000000e+000  
0.000000e+000  0.000000e+000  0.000000e+000  0.000000e+000  0.000000e+000  0.000000e+000  0.000000e+000  0.000000e+000  0.000000e+000  
0.000000e+000  0.000000e+000  0.000000e+000  0.000000e+000  0.000000e+000  0.000000e+000  0.000000e+000  0.000000e+000  0.000000e+000  
0.000000e+000  0.000000e+000  0.000000e+000  0.000000e+000  0.000000e+000  0.000000e+000  0.000000e+000  0.000000e+000  0.000000e+000  
0.000000e+000  0.000000e+000  0.000000e+000  0.000000e+000  0.000000e+000  0.000000e+000  0.000000e+000  0.000000e+000  0.000000e+000  
0.000000e+000  0.000000e+000  0.000000e+000  0.000000e+000  0.000000e+000  0.000000e+000  0.000000e+000  0.000000e+000  0.000000e+000  
0.000000e+000  0.000000e+000  0.000000e+000  0.000000e+000  0.000000e+000  0.000000e+000  0.000000e+000  0.000000e+000  0.000000e+000  
0.000000e+000  0.000000e+000  0.000000e+000  0.000000e+000  0.000000e+000  0.000000e+000  0.000000e+000  0.000000e+000  0.000000e+000  
0.000000e+000  0.000000e+000  0.000000e+000  0.000000e+000  0.000000e+000  0.000000e+000  0.000000e+000  0.000000e+000  0.000000e+000  
0.000000e+000  0.000000e+000  0.000000e+000  0.000000e+000  0.000000e+000  0.000000e+000  0.000000e+000  0.000000e+000  0.000000e+000  
0.000000e+000  0.000000e+000  0.000000e+000  0.000000e+000  0.000000e+000  0.000000e+000  0.000000e+000  0.000000e+000  0.000000e+000  
0.000000e+000  0.000000e+000  0.000000e+000  0.000000e+000  0.000000e+000  0.000000e+000  0.000000e+000  0.000000e+000  0.000000e+000  
0.000000e+000  0.000000e+000  0.000000e+000  0.000000e+000  0.000000e+000  0.000000e+000  0.000000e+000  0.000000e+000  0.000000e+000  
0.000000e+000  0.000000e+000  0.000000e+000  0.000000e+000  0.000000e+000  0.000000e+000  0.000000e+000  0.000000e+000  0.000000e+000  
0.000000e+000  0.000000e+000  0.000000e+000  0.000000e+000  0.000000e+000  0.000000e+000  0.000000e+000  0.000000e+000  0.000000e+000  
0.000000e+000  0.000000e+000  0.000000e+000  0.000000e+000  0.000000e+000  0.000000e+000  0.000000e+000  0.000000e+000  0.000000e+000  
0.000000e+000  0.000000e+000  0.000000e+000  0.000000e+000  0.000000e+000  0.000000e+000  0.000000e+000  0.000000e+000  0.000000e+000  

0.000000e+000  0.000000e+000  0.000000e+000  0.000000e+000  0.000000e+000  0.000000e+000  0.000000e+000  0.000000e+000  0.000000e+000  
0.000000e+000  0.000000e+000  0.000000e+000  0.000000e+000  0.000000e+000  0.000000e+000  0.000000e+000  0.000000e+000  0.000000e+000  
0.000000e+000  0.000000e+000  0.000000e+000  0.000000e+000  0.000000e+000  0.000000e+000  0.000000e+000  0.000000e+000  0.000000e+000  
0.000000e+000  0.000000e+000  0.000000e+000  0.000000e+000  0.000000e+000  0.000000e+000  0.000000e+000  0.000000e+000  0.000000e+000  
0.000000e+000  0.000000e+000  0.000000e+000  0.000000e+000  0.000000e+000  0.000000e+000  0.000000e+000  0.000000e+000  0.000000e+000  
0.000000e+000  0.000000e+000  0.000000e+000  0.000000e+000  0.000000e+000  0.000000e+000  0.000000e+000  0.000000e+000  0.000000e+000  
0.000000e+000  0.000000e+000  0.000000e+000  0.000000e+000  0.000000e+000  0.000000e+000  0.000000e+000  0.000000e+000  0.000000e+000  
0.000000e+000  0.000000e+000  0.000000e+000  0.000000e+000  0.000000e+000  0.000000e+000  0.000000e+000  0.000000e+000  0.000000e+000  
0.000000e+000  0.000000e+000  0.000000e+000  0.000000e+000  0.000000e+000  0.000000e+000  0.000000e+000  0.000000e+000  0.000000e+000  
0.000000e+000  0.000000e+000  0.000000e+000  0.000000e+000  0.000000e+000  0.000000e+000  0.000000e+000  0.000000e+000  0.000000e+000  
0.000000e+000  0.000000e+000  0.000000e+000  0.000000e+000  0.000000e+000  0.000000e+000  0.000000e+000  0.000000e+000  0.000000e+000  
0.000000e+000  0.000000e+000  0.000000e+000  0.000000e+000  0.000000e+000  0.000000e+000  0.000000e+000  0.000000e+000  0.000000e+000  
0.000000e+000  0.000000e+000  0.000000e+000  0.000000e+000  0.000000e+000  0.000000e+000  0.000000e+000  0.000000e+000  0.000000e+000  
0.000000e+000  0.000000e+000  0.000000e+000  0.000000e+000  0.000000e+000  0.000000e+000  0.000000e+000  0.000000e+000  0.000000e+000  
0.000000e+000  0.000000e+000  0.000000e+000  0.000000e+000  0.000000e+000  0.000000e+000  0.000000e+000  0.000000e+000  0.000000e+000  
0.000000e+000  0.000000e+000  0.000000e+000  0.000000e+000  0.000000e+000  0.000000e+000  0.000000e+000  0.000000e+000  0.000000e+000  
0.000000e+000  0.000000e+000  0.000000e+000  0.000000e+000  0.000000e+000  0.000000e+000  0.000000e+000  0.000000e+000  0.000000e+000  
0.000000e+000  0.000000e+000  0.000000e+000  0.000000e+000  0.000000e+000  0.000000e+000  0.000000e+000  0.000000e+000  0.000000e+000  
0.000000e+000  0.000000e+000  0.000000e+000  0.000000e+000  0.000000e+000  0.000000e+000  0.000000e+000  0.000000e+000  0.000000e+000  
0.000000e+000  0.000000e+000  0.000000e+000  0.000000e+000  0.000000e+000  0.000000e+000  0.000000e+000  0.000000e+000  0.000000e+000  
0.000000e+000  0.000000e+000  0.000000e+000  0.000000e+000  0.000000e+000  0.000000e+000  0.000000e+000  0.000000e+000  0.000000e+000  
0.000000e+000  0.000000e+000  0.000000e+000  0.000000e+000  0.000000e+000  0.000000e+000  0.000000e+000  0.000000e+000  0.000000e+000  

-3.456308e-001  -3.871198e-001  -4.591142e-001  -5.256787e-001  -5.769779e-001  -6.224882e-001  -6.530362e-001  -6.670604e-001  -0.000000e+000  
-3.407062e-001  -3.848697e-001  -4.632967e-001  -5.381875e-001  -5.971950e-001  -6.506525e-001  -6.857233e-001  -7.010692e-001  -0.000000e+000  
-3.299958e-001  -3.790187e-001  -4.698158e-001  -5.618279e-001  -6.374479e-001  -7.088259e-001  -7.539995e-001  -7.718735e-001  -0.000000e+000  
-3.119989e-001  -3.669831e-001  -4.746786e-001  -5.930368e-001  -6.964692e-001  -8.003931e-001  -8.635526e-001  -8.843741e-001  -0.000000e+000  
-2.843761e-001  -3.446821e-001  -4.710062e-001  -6.247221e-001  -7.709529e-001  -9.319827e-001  -1.025626e+000  -1.046403e+000  -0.000000e+000  
-2.448686e-001  -3.070921e-001  -4.476826e-001  -6.409683e-001  -8.473161e-001  -1.107364e+000  -1.251496e+000  -1.256310e+000  -0.000000e+000  
-1.919839e-001  -2.492359e-001  -3.892875e-001  -6.104609e-001  -8.857335e-001  -1.310498e+000  -1.536684e+000  -1.467786e+000  -0.000000e+000  
-1.260260e-001  -1.684450e-001  -2.799018e-001  -4.817833e-001  -7.847003e-001  -1.425619e+000  -1.768589e+000  -1.474086e+000  -0.000000e+000  
-5.951171e-002  -8.034196e-002  -1.364188e-001  -2.409594e-001  -3.959466e-001  -6.859835e-001  -8.662435e-001  -7.516732e-001  -0.000000e+000  
3.095641e-004  9.511571e-004  2.934950e-003  7.132123e-003  1.335336e-002  2.245372e-002  5.312606e-002  5.052666e-002  -0.000000e+000  
6.002465e-002  8.199915e-002  1.415406e-001  2.535186e-001  4.210947e-001  7.368060e-001  9.762764e-001  8.483979e-001  -0.000000e+000  
1.167408e-001  1.568469e-001  2.624404e-001  4.542707e-001  7.452112e-001  1.386648e+000  1.766681e+000  1.441975e+000  -0.000000e+000  
1.680765e-001  2.210412e-001  3.540458e-001  5.747803e-001  8.682237e-001  1.369112e+000  1.644577e+000  1.520577e+000  -0.000000e+000  
2.124860e-001  2.725403e-001  4.151115e-001  6.284807e-001  8.777265e-001  1.229290e+000  1.421968e+000  1.397393e+000  -0.000000e+000  
2.447204e-001  3.065897e-001  4.461967e-001  6.378844e-001  8.421320e-001  1.098184e+000  1.241541e+000  1.249547e+000  -0.000000e+000  
2.642455e-001  3.256209e-001  4.592611e-001  6.325003e-001  8.072048e-001  1.012510e+000  1.129631e+000  1.146710e+000  -0.000000e+000  
2.901914e-001  3.494716e-001  4.716969e-001  6.166126e-001  7.510756e-001  8.947164e-001  9.795778e-001  1.002123e+000  -0.000000e+000  
3.160814e-001  3.694129e-001  4.721951e-001  5.823668e-001  6.766563e-001  7.692429e-001  8.262958e-001  8.466498e-001  -0.000000e+000  
3.301495e-001  3.782810e-001  4.668667e-001  5.557906e-001  6.283230e-001  6.962299e-001  7.394793e-001  7.569994e-001  -0.000000e+000  
3.394050e-001  3.832412e-001  4.609605e-001  5.349727e-001  5.931500e-001  6.457119e-001  6.802688e-001  6.954967e-001  -0.000000e+000  
3.442534e-001  3.853989e-001  4.566854e-001  5.224391e-001  5.730219e-001  6.178109e-001  6.479307e-001  6.618217e-001  -0.000000e+000  
-0.000000e+000  -0.000000e+000  -0.000000e+000  -0.000000e+000  -0.000000e+000  -0.000000e+000  -0.000000e+000  -0.000000e+000  -0.000000e+000  

