<<<<<<<<<<<<<<<<<<<<<<<<<<<
2023 May 10 (Wed): 15:32:56
<<<<<<<<<<<<<<<<<<<<<<<<<<<

==================================================================
 - desired group: 0, sockets = 0
 - pinning rule: PINNING_RULE_DEFAULT
 - skip setting processor groups: there is only 1 processor group.
 - num cores available : 8
 - hyperthreading      : on
 - used mask (uint64_t): 85
 - used mask (string)  : 10101010
==================================================================

========================================
Processing CAD model (for field results)
Version 2016.1 (build 20160226)
2023 May 10 (Wed): 15:32:57
========================================

==================================================================================================
== CST Matrix Calculation Priority Log                                                          ==
==================================================================================================
 
Priorities are sorted in ascending order beginning with the lowest priority
 
Priority:   3, shape   5: component1:Substrate, material: FR-4 (lossy)
Priority:   4, shape   1: component1:Element_1, material: Copper (annealed)
Priority:   4, shape   6: component1:solid1, material: Copper (annealed)
 
==================================================================================================
 
===========================================
Finished CAD processing (for field results)
===========================================

>>>>>>>>>>>>>>>>>>>>>>>>>>>
2023 May 10 (Wed): 15:32:57
>>>>>>>>>>>>>>>>>>>>>>>>>>>

<<<<<<<<<<<<<<<<<<<<<<<<<<<
2023 May 10 (Wed): 15:32:57
<<<<<<<<<<<<<<<<<<<<<<<<<<<

==================================================================
 - desired group: 0, sockets = 0
 - pinning rule: PINNING_RULE_DEFAULT
 - skip setting processor groups: there is only 1 processor group.
 - num cores available : 8
 - hyperthreading      : on
 - used mask (uint64_t): 85
 - used mask (string)  : 10101010
==================================================================

===============================
Port preparation
Version 2016.1 (build 20160226)
2023 May 10 (Wed): 15:32:58
===============================

==========================
Finished port preparation.
==========================

>>>>>>>>>>>>>>>>>>>>>>>>>>>
2023 May 10 (Wed): 15:32:58
>>>>>>>>>>>>>>>>>>>>>>>>>>>

<<<<<<<<<<<<<<<<<<<<<<<<<<<
2023 May 10 (Wed): 15:32:59
<<<<<<<<<<<<<<<<<<<<<<<<<<<

==============================
Mesher selection: manual: FPBA
==============================

<<<<<<<<<<<<<<<<<<<<<<<<<<<
2023 May 10 (Wed): 15:32:59
<<<<<<<<<<<<<<<<<<<<<<<<<<<

==================================================================
 - desired group: 0, sockets = 0
 - pinning rule: PINNING_RULE_DEFAULT
 - skip setting processor groups: there is only 1 processor group.
 - num cores available : 8
 - hyperthreading      : on
 - used mask (uint64_t): 85
 - used mask (string)  : 10101010
==================================================================

==========================================
Matrix computation (FPBA)
	[FPBA accuracy enhancement is enabled]
Version 2016.1 (build 20160226)
2023 May 10 (Wed): 15:32:59
==========================================

----------------------------------------------
Used point accuracy enhancement value: 75.00%.
----------------------------------------------

------------------------------------------------------------------------------
+++++++++++++++++++++++++++++++++++++++++++++++++++++
settings for port mode calculation
+++++++++++++++++++++++++++++++++++++++++++++++++++++
PBA fill limit is applied in inverse mode.
PBA fill limit is applied on faces filled with at least 99.00% metal material.
--------------------------------------------------------------
detailed accuracy settings:
--------------------------------------------------------------
augmented fill limit:       true
augmented fill limit value: 99.00
automatic fill limit:       true
early fill limit:           true
inverse fill limit:         true
model complexity:           0.00
legacy 2015:                false
fixed point accuracy:       false
minimum point accuracy:     0
mesh step inheritance:      false
accuracy mode:              
------------------------------------------------------------------------------

==================================
Finished matrix computation (FPBA)
==================================

>>>>>>>>>>>>>>>>>>>>>>>>>>>
2023 May 10 (Wed): 15:33:00
>>>>>>>>>>>>>>>>>>>>>>>>>>>

>>>>>>>>>>>>>>>>>>>>>>>>>>>
2023 May 10 (Wed): 15:33:00
>>>>>>>>>>>>>>>>>>>>>>>>>>>

--------------------------------
# of staircase filled cells: 0
# of staircase filled areas: 0
# of staircase filled edges: 0
# of faces above fill limit: 0
# of edges with FPBA topology: 0
--------------------------------

<<<<<<<<<<<<<<<<<<<<<<<<<<<
2023 May 10 (Wed): 15:33:02
<<<<<<<<<<<<<<<<<<<<<<<<<<<

==============================
Mesher selection: manual: FPBA
==============================

<<<<<<<<<<<<<<<<<<<<<<<<<<<
2023 May 10 (Wed): 15:33:02
<<<<<<<<<<<<<<<<<<<<<<<<<<<

==================================================================
 - desired group: 0, sockets = 0
 - pinning rule: PINNING_RULE_DEFAULT
 - skip setting processor groups: there is only 1 processor group.
 - num cores available : 8
 - hyperthreading      : on
 - used mask (uint64_t): 85
 - used mask (string)  : 10101010
==================================================================

==========================================
Matrix computation (FPBA)
	[FPBA accuracy enhancement is enabled]
Version 2016.1 (build 20160226)
2023 May 10 (Wed): 15:33:02
==========================================

----------------------------------------------
Used point accuracy enhancement value: 75.00%.
----------------------------------------------

------------------------------------------------------------------------------
+++++++++++++++++++++++++++++++++++++++++++++++++++++
settings for port mode calculation
+++++++++++++++++++++++++++++++++++++++++++++++++++++
PBA fill limit is applied in inverse mode.
PBA fill limit is applied on faces filled with at least 99.00% metal material.
--------------------------------------------------------------
detailed accuracy settings:
--------------------------------------------------------------
augmented fill limit:       true
augmented fill limit value: 99.00
automatic fill limit:       true
early fill limit:           true
inverse fill limit:         true
model complexity:           0.00
legacy 2015:                false
fixed point accuracy:       false
minimum point accuracy:     0
mesh step inheritance:      false
accuracy mode:              
------------------------------------------------------------------------------

==================================
Finished matrix computation (FPBA)
==================================

>>>>>>>>>>>>>>>>>>>>>>>>>>>
2023 May 10 (Wed): 15:33:03
>>>>>>>>>>>>>>>>>>>>>>>>>>>

>>>>>>>>>>>>>>>>>>>>>>>>>>>
2023 May 10 (Wed): 15:33:03
>>>>>>>>>>>>>>>>>>>>>>>>>>>

--------------------------------
# of staircase filled cells: 0
# of staircase filled areas: 0
# of staircase filled edges: 0
# of faces above fill limit: 0
# of edges with FPBA topology: 0
--------------------------------

<<<<<<<<<<<<<<<<<<<<<<<<<<<
2023 May 10 (Wed): 15:33:04
<<<<<<<<<<<<<<<<<<<<<<<<<<<

==============================
Mesher selection: manual: FPBA
==============================

<<<<<<<<<<<<<<<<<<<<<<<<<<<
2023 May 10 (Wed): 15:33:04
<<<<<<<<<<<<<<<<<<<<<<<<<<<

==================================================================
 - desired group: 0, sockets = 0
 - pinning rule: PINNING_RULE_DEFAULT
 - skip setting processor groups: there is only 1 processor group.
 - num cores available : 8
 - hyperthreading      : on
 - used mask (uint64_t): 85
 - used mask (string)  : 10101010
==================================================================

==========================================
Matrix computation (FPBA)
	[FPBA accuracy enhancement is enabled]
Version 2016.1 (build 20160226)
2023 May 10 (Wed): 15:33:04
==========================================

----------------------------------------------
Used point accuracy enhancement value: 75.00%.
----------------------------------------------

------------------------------------------------------------------------------
+++++++++++++++++++++++++++++++++++++++++++++++++++++
settings for port mode calculation
+++++++++++++++++++++++++++++++++++++++++++++++++++++
PBA fill limit is applied in inverse mode.
PBA fill limit is applied on faces filled with at least 99.00% metal material.
--------------------------------------------------------------
detailed accuracy settings:
--------------------------------------------------------------
augmented fill limit:       true
augmented fill limit value: 99.00
automatic fill limit:       true
early fill limit:           true
inverse fill limit:         true
model complexity:           0.00
legacy 2015:                false
fixed point accuracy:       false
minimum point accuracy:     0
mesh step inheritance:      false
accuracy mode:              
------------------------------------------------------------------------------

==================================
Finished matrix computation (FPBA)
==================================

>>>>>>>>>>>>>>>>>>>>>>>>>>>
2023 May 10 (Wed): 15:33:06
>>>>>>>>>>>>>>>>>>>>>>>>>>>

>>>>>>>>>>>>>>>>>>>>>>>>>>>
2023 May 10 (Wed): 15:33:06
>>>>>>>>>>>>>>>>>>>>>>>>>>>

--------------------------------
# of staircase filled cells: 0
# of staircase filled areas: 0
# of staircase filled edges: 0
# of faces above fill limit: 0
# of edges with FPBA topology: 0
--------------------------------

<<<<<<<<<<<<<<<<<<<<<<<<<<<
2023 May 10 (Wed): 15:33:07
<<<<<<<<<<<<<<<<<<<<<<<<<<<

==============================
Mesher selection: manual: FPBA
==============================

<<<<<<<<<<<<<<<<<<<<<<<<<<<
2023 May 10 (Wed): 15:33:07
<<<<<<<<<<<<<<<<<<<<<<<<<<<

==================================================================
 - desired group: 0, sockets = 0
 - pinning rule: PINNING_RULE_DEFAULT
 - skip setting processor groups: there is only 1 processor group.
 - num cores available : 8
 - hyperthreading      : on
 - used mask (uint64_t): 85
 - used mask (string)  : 10101010
==================================================================

==========================================
Matrix computation (FPBA)
	[FPBA accuracy enhancement is enabled]
Version 2016.1 (build 20160226)
2023 May 10 (Wed): 15:33:07
==========================================

----------------------------------------------
Used point accuracy enhancement value: 75.00%.
----------------------------------------------

------------------------------------------------------------------------------
+++++++++++++++++++++++++++++++++++++++++++++++++++++
settings for port mode calculation
+++++++++++++++++++++++++++++++++++++++++++++++++++++
PBA fill limit is applied in inverse mode.
PBA fill limit is applied on faces filled with at least 99.00% metal material.
--------------------------------------------------------------
detailed accuracy settings:
--------------------------------------------------------------
augmented fill limit:       true
augmented fill limit value: 99.00
automatic fill limit:       true
early fill limit:           true
inverse fill limit:         true
model complexity:           0.00
legacy 2015:                false
fixed point accuracy:       false
minimum point accuracy:     0
mesh step inheritance:      false
accuracy mode:              
------------------------------------------------------------------------------

==================================
Finished matrix computation (FPBA)
==================================

>>>>>>>>>>>>>>>>>>>>>>>>>>>
2023 May 10 (Wed): 15:33:10
>>>>>>>>>>>>>>>>>>>>>>>>>>>

>>>>>>>>>>>>>>>>>>>>>>>>>>>
2023 May 10 (Wed): 15:33:10
>>>>>>>>>>>>>>>>>>>>>>>>>>>

--------------------------------
# of staircase filled cells: 0
# of staircase filled areas: 0
# of staircase filled edges: 0
# of faces above fill limit: 0
# of edges with FPBA topology: 0
--------------------------------

<<<<<<<<<<<<<<<<<<<<<<<<<<<
2023 May 10 (Wed): 15:33:12
<<<<<<<<<<<<<<<<<<<<<<<<<<<

==============================
Mesher selection: manual: FPBA
==============================

<<<<<<<<<<<<<<<<<<<<<<<<<<<
2023 May 10 (Wed): 15:33:12
<<<<<<<<<<<<<<<<<<<<<<<<<<<

==================================================================
 - desired group: 0, sockets = 0
 - pinning rule: PINNING_RULE_DEFAULT
 - skip setting processor groups: there is only 1 processor group.
 - num cores available : 8
 - hyperthreading      : on
 - used mask (uint64_t): 85
 - used mask (string)  : 10101010
==================================================================

==========================================
Matrix computation (FPBA)
	[FPBA accuracy enhancement is enabled]
Version 2016.1 (build 20160226)
2023 May 10 (Wed): 15:33:12
==========================================

----------------------------------------------
Used point accuracy enhancement value: 75.00%.
----------------------------------------------

------------------------------------------------------------------------------
+++++++++++++++++++++++++++++++++++++++++++++++++++++
settings for port mode calculation
+++++++++++++++++++++++++++++++++++++++++++++++++++++
PBA fill limit is applied in inverse mode.
PBA fill limit is applied on faces filled with at least 99.00% metal material.
--------------------------------------------------------------
detailed accuracy settings:
--------------------------------------------------------------
augmented fill limit:       true
augmented fill limit value: 99.00
automatic fill limit:       true
early fill limit:           true
inverse fill limit:         true
model complexity:           0.00
legacy 2015:                false
fixed point accuracy:       false
minimum point accuracy:     0
mesh step inheritance:      false
accuracy mode:              
------------------------------------------------------------------------------

==================================
Finished matrix computation (FPBA)
==================================

>>>>>>>>>>>>>>>>>>>>>>>>>>>
2023 May 10 (Wed): 15:33:13
>>>>>>>>>>>>>>>>>>>>>>>>>>>

>>>>>>>>>>>>>>>>>>>>>>>>>>>
2023 May 10 (Wed): 15:33:13
>>>>>>>>>>>>>>>>>>>>>>>>>>>

--------------------------------
# of staircase filled cells: 0
# of staircase filled areas: 0
# of staircase filled edges: 0
# of faces above fill limit: 0
# of edges with FPBA topology: 0
--------------------------------

<<<<<<<<<<<<<<<<<<<<<<<<<<<
2023 May 10 (Wed): 15:33:14
<<<<<<<<<<<<<<<<<<<<<<<<<<<

==============================
Mesher selection: manual: FPBA
==============================

<<<<<<<<<<<<<<<<<<<<<<<<<<<
2023 May 10 (Wed): 15:33:14
<<<<<<<<<<<<<<<<<<<<<<<<<<<

==================================================================
 - desired group: 0, sockets = 0
 - pinning rule: PINNING_RULE_DEFAULT
 - skip setting processor groups: there is only 1 processor group.
 - num cores available : 8
 - hyperthreading      : on
 - used mask (uint64_t): 85
 - used mask (string)  : 10101010
==================================================================

==========================================
Matrix computation (FPBA)
	[FPBA accuracy enhancement is enabled]
Version 2016.1 (build 20160226)
2023 May 10 (Wed): 15:33:14
==========================================

----------------------------------------------
Used point accuracy enhancement value: 75.00%.
----------------------------------------------

------------------------------------------------------------------------------
+++++++++++++++++++++++++++++++++++++++++++++++++++++
settings for port mode calculation
+++++++++++++++++++++++++++++++++++++++++++++++++++++
PBA fill limit is applied in inverse mode.
PBA fill limit is applied on faces filled with at least 99.00% metal material.
--------------------------------------------------------------
detailed accuracy settings:
--------------------------------------------------------------
augmented fill limit:       true
augmented fill limit value: 99.00
automatic fill limit:       true
early fill limit:           true
inverse fill limit:         true
model complexity:           0.00
legacy 2015:                false
fixed point accuracy:       false
minimum point accuracy:     0
mesh step inheritance:      false
accuracy mode:              
------------------------------------------------------------------------------

==================================
Finished matrix computation (FPBA)
==================================

>>>>>>>>>>>>>>>>>>>>>>>>>>>
2023 May 10 (Wed): 15:33:15
>>>>>>>>>>>>>>>>>>>>>>>>>>>

>>>>>>>>>>>>>>>>>>>>>>>>>>>
2023 May 10 (Wed): 15:33:15
>>>>>>>>>>>>>>>>>>>>>>>>>>>

--------------------------------
# of staircase filled cells: 0
# of staircase filled areas: 0
# of staircase filled edges: 0
# of faces above fill limit: 0
# of edges with FPBA topology: 0
--------------------------------

<<<<<<<<<<<<<<<<<<<<<<<<<<<
2023 May 10 (Wed): 15:33:17
<<<<<<<<<<<<<<<<<<<<<<<<<<<

==============================
Mesher selection: manual: FPBA
==============================

<<<<<<<<<<<<<<<<<<<<<<<<<<<
2023 May 10 (Wed): 15:33:17
<<<<<<<<<<<<<<<<<<<<<<<<<<<

==================================================================
 - desired group: 0, sockets = 0
 - pinning rule: PINNING_RULE_DEFAULT
 - skip setting processor groups: there is only 1 processor group.
 - num cores available : 8
 - hyperthreading      : on
 - used mask (uint64_t): 85
 - used mask (string)  : 10101010
==================================================================

==========================================
Matrix computation (FPBA)
	[FPBA accuracy enhancement is enabled]
Version 2016.1 (build 20160226)
2023 May 10 (Wed): 15:33:17
==========================================

----------------------------------------------
Used point accuracy enhancement value: 75.00%.
----------------------------------------------

------------------------------------------------------------------------------
+++++++++++++++++++++++++++++++++++++++++++++++++++++
settings for port mode calculation
+++++++++++++++++++++++++++++++++++++++++++++++++++++
PBA fill limit is applied in inverse mode.
PBA fill limit is applied on faces filled with at least 99.00% metal material.
--------------------------------------------------------------
detailed accuracy settings:
--------------------------------------------------------------
augmented fill limit:       true
augmented fill limit value: 99.00
automatic fill limit:       true
early fill limit:           true
inverse fill limit:         true
model complexity:           0.00
legacy 2015:                false
fixed point accuracy:       false
minimum point accuracy:     0
mesh step inheritance:      false
accuracy mode:              
------------------------------------------------------------------------------

==================================
Finished matrix computation (FPBA)
==================================

>>>>>>>>>>>>>>>>>>>>>>>>>>>
2023 May 10 (Wed): 15:33:18
>>>>>>>>>>>>>>>>>>>>>>>>>>>

>>>>>>>>>>>>>>>>>>>>>>>>>>>
2023 May 10 (Wed): 15:33:18
>>>>>>>>>>>>>>>>>>>>>>>>>>>

--------------------------------
# of staircase filled cells: 0
# of staircase filled areas: 0
# of staircase filled edges: 0
# of faces above fill limit: 0
# of edges with FPBA topology: 0
--------------------------------

<<<<<<<<<<<<<<<<<<<<<<<<<<<
2023 May 10 (Wed): 15:33:20
<<<<<<<<<<<<<<<<<<<<<<<<<<<

==============================
Mesher selection: manual: FPBA
==============================

<<<<<<<<<<<<<<<<<<<<<<<<<<<
2023 May 10 (Wed): 15:33:20
<<<<<<<<<<<<<<<<<<<<<<<<<<<

==================================================================
 - desired group: 0, sockets = 0
 - pinning rule: PINNING_RULE_DEFAULT
 - skip setting processor groups: there is only 1 processor group.
 - num cores available : 8
 - hyperthreading      : on
 - used mask (uint64_t): 85
 - used mask (string)  : 10101010
==================================================================

==========================================
Matrix computation (FPBA)
	[FPBA accuracy enhancement is enabled]
Version 2016.1 (build 20160226)
2023 May 10 (Wed): 15:33:20
==========================================

----------------------------------------------
Used point accuracy enhancement value: 75.00%.
----------------------------------------------

------------------------------------------------------------------------------
+++++++++++++++++++++++++++++++++++++++++++++++++++++
settings for port mode calculation
+++++++++++++++++++++++++++++++++++++++++++++++++++++
PBA fill limit is applied in inverse mode.
PBA fill limit is applied on faces filled with at least 99.00% metal material.
--------------------------------------------------------------
detailed accuracy settings:
--------------------------------------------------------------
augmented fill limit:       true
augmented fill limit value: 99.00
automatic fill limit:       true
early fill limit:           true
inverse fill limit:         true
model complexity:           0.00
legacy 2015:                false
fixed point accuracy:       false
minimum point accuracy:     0
mesh step inheritance:      false
accuracy mode:              
------------------------------------------------------------------------------

==================================
Finished matrix computation (FPBA)
==================================

>>>>>>>>>>>>>>>>>>>>>>>>>>>
2023 May 10 (Wed): 15:33:22
>>>>>>>>>>>>>>>>>>>>>>>>>>>

>>>>>>>>>>>>>>>>>>>>>>>>>>>
2023 May 10 (Wed): 15:33:23
>>>>>>>>>>>>>>>>>>>>>>>>>>>

--------------------------------
# of staircase filled cells: 0
# of staircase filled areas: 0
# of staircase filled edges: 0
# of faces above fill limit: 0
# of edges with FPBA topology: 0
--------------------------------

<<<<<<<<<<<<<<<<<<<<<<<<<<<
2023 May 10 (Wed): 15:33:25
<<<<<<<<<<<<<<<<<<<<<<<<<<<

==============================
Mesher selection: manual: FPBA
==============================

<<<<<<<<<<<<<<<<<<<<<<<<<<<
2023 May 10 (Wed): 15:33:25
<<<<<<<<<<<<<<<<<<<<<<<<<<<

==================================================================
 - desired group: 0, sockets = 0
 - pinning rule: PINNING_RULE_DEFAULT
 - skip setting processor groups: there is only 1 processor group.
 - num cores available : 8
 - hyperthreading      : on
 - used mask (uint64_t): 85
 - used mask (string)  : 10101010
==================================================================

==========================================
Matrix computation (FPBA)
	[FPBA accuracy enhancement is enabled]
Version 2016.1 (build 20160226)
2023 May 10 (Wed): 15:33:25
==========================================

----------------------------------------------
Used point accuracy enhancement value: 75.00%.
----------------------------------------------

------------------------------------------------------------------------------
+++++++++++++++++++++++++++++++++++++++++++++++++++++
settings for port mode calculation
+++++++++++++++++++++++++++++++++++++++++++++++++++++
PBA fill limit is applied in inverse mode.
PBA fill limit is applied on faces filled with at least 99.00% metal material.
--------------------------------------------------------------
detailed accuracy settings:
--------------------------------------------------------------
augmented fill limit:       true
augmented fill limit value: 99.00
automatic fill limit:       true
early fill limit:           true
inverse fill limit:         true
model complexity:           0.00
legacy 2015:                false
fixed point accuracy:       false
minimum point accuracy:     0
mesh step inheritance:      false
accuracy mode:              
------------------------------------------------------------------------------

==================================
Finished matrix computation (FPBA)
==================================

>>>>>>>>>>>>>>>>>>>>>>>>>>>
2023 May 10 (Wed): 15:33:25
>>>>>>>>>>>>>>>>>>>>>>>>>>>

>>>>>>>>>>>>>>>>>>>>>>>>>>>
2023 May 10 (Wed): 15:33:25
>>>>>>>>>>>>>>>>>>>>>>>>>>>

--------------------------------
# of staircase filled cells: 0
# of staircase filled areas: 0
# of staircase filled edges: 0
# of faces above fill limit: 0
# of edges with FPBA topology: 0
--------------------------------

<<<<<<<<<<<<<<<<<<<<<<<<<<<
2023 May 10 (Wed): 15:33:27
<<<<<<<<<<<<<<<<<<<<<<<<<<<

==============================
Mesher selection: manual: FPBA
==============================

<<<<<<<<<<<<<<<<<<<<<<<<<<<
2023 May 10 (Wed): 15:33:27
<<<<<<<<<<<<<<<<<<<<<<<<<<<

==================================================================
 - desired group: 0, sockets = 0
 - pinning rule: PINNING_RULE_DEFAULT
 - skip setting processor groups: there is only 1 processor group.
 - num cores available : 8
 - hyperthreading      : on
 - used mask (uint64_t): 85
 - used mask (string)  : 10101010
==================================================================

==========================================
Matrix computation (FPBA)
	[FPBA accuracy enhancement is enabled]
Version 2016.1 (build 20160226)
2023 May 10 (Wed): 15:33:27
==========================================

----------------------------------------------
Used point accuracy enhancement value: 75.00%.
----------------------------------------------

------------------------------------------------------------------------------
+++++++++++++++++++++++++++++++++++++++++++++++++++++
settings for port mode calculation
+++++++++++++++++++++++++++++++++++++++++++++++++++++
PBA fill limit is applied in inverse mode.
PBA fill limit is applied on faces filled with at least 99.00% metal material.
--------------------------------------------------------------
detailed accuracy settings:
--------------------------------------------------------------
augmented fill limit:       true
augmented fill limit value: 99.00
automatic fill limit:       true
early fill limit:           true
inverse fill limit:         true
model complexity:           0.00
legacy 2015:                false
fixed point accuracy:       false
minimum point accuracy:     0
mesh step inheritance:      false
accuracy mode:              
------------------------------------------------------------------------------

==================================
Finished matrix computation (FPBA)
==================================

>>>>>>>>>>>>>>>>>>>>>>>>>>>
2023 May 10 (Wed): 15:33:28
>>>>>>>>>>>>>>>>>>>>>>>>>>>

>>>>>>>>>>>>>>>>>>>>>>>>>>>
2023 May 10 (Wed): 15:33:28
>>>>>>>>>>>>>>>>>>>>>>>>>>>

--------------------------------
# of staircase filled cells: 0
# of staircase filled areas: 0
# of staircase filled edges: 0
# of faces above fill limit: 0
# of edges with FPBA topology: 0
--------------------------------

<<<<<<<<<<<<<<<<<<<<<<<<<<<
2023 May 10 (Wed): 15:33:29
<<<<<<<<<<<<<<<<<<<<<<<<<<<

==============================
Mesher selection: manual: FPBA
==============================

<<<<<<<<<<<<<<<<<<<<<<<<<<<
2023 May 10 (Wed): 15:33:29
<<<<<<<<<<<<<<<<<<<<<<<<<<<

==================================================================
 - desired group: 0, sockets = 0
 - pinning rule: PINNING_RULE_DEFAULT
 - skip setting processor groups: there is only 1 processor group.
 - num cores available : 8
 - hyperthreading      : on
 - used mask (uint64_t): 85
 - used mask (string)  : 10101010
==================================================================

==========================================
Matrix computation (FPBA)
	[FPBA accuracy enhancement is enabled]
Version 2016.1 (build 20160226)
2023 May 10 (Wed): 15:33:29
==========================================

----------------------------------------------
Used point accuracy enhancement value: 75.00%.
----------------------------------------------

------------------------------------------------------------------------------
+++++++++++++++++++++++++++++++++++++++++++++++++++++
settings for port mode calculation
+++++++++++++++++++++++++++++++++++++++++++++++++++++
PBA fill limit is applied in inverse mode.
PBA fill limit is applied on faces filled with at least 99.00% metal material.
--------------------------------------------------------------
detailed accuracy settings:
--------------------------------------------------------------
augmented fill limit:       true
augmented fill limit value: 99.00
automatic fill limit:       true
early fill limit:           true
inverse fill limit:         true
model complexity:           0.00
legacy 2015:                false
fixed point accuracy:       false
minimum point accuracy:     0
mesh step inheritance:      false
accuracy mode:              
------------------------------------------------------------------------------

==================================
Finished matrix computation (FPBA)
==================================

>>>>>>>>>>>>>>>>>>>>>>>>>>>
2023 May 10 (Wed): 15:33:31
>>>>>>>>>>>>>>>>>>>>>>>>>>>

>>>>>>>>>>>>>>>>>>>>>>>>>>>
2023 May 10 (Wed): 15:33:31
>>>>>>>>>>>>>>>>>>>>>>>>>>>

--------------------------------
# of staircase filled cells: 0
# of staircase filled areas: 0
# of staircase filled edges: 0
# of faces above fill limit: 0
# of edges with FPBA topology: 0
--------------------------------

<<<<<<<<<<<<<<<<<<<<<<<<<<<
2023 May 10 (Wed): 15:33:32
<<<<<<<<<<<<<<<<<<<<<<<<<<<

==============================
Mesher selection: manual: FPBA
==============================

<<<<<<<<<<<<<<<<<<<<<<<<<<<
2023 May 10 (Wed): 15:33:32
<<<<<<<<<<<<<<<<<<<<<<<<<<<

==================================================================
 - desired group: 0, sockets = 0
 - pinning rule: PINNING_RULE_DEFAULT
 - skip setting processor groups: there is only 1 processor group.
 - num cores available : 8
 - hyperthreading      : on
 - used mask (uint64_t): 85
 - used mask (string)  : 10101010
==================================================================

==========================================
Matrix computation (FPBA)
	[FPBA accuracy enhancement is enabled]
Version 2016.1 (build 20160226)
2023 May 10 (Wed): 15:33:32
==========================================

----------------------------------------------
Used point accuracy enhancement value: 75.00%.
----------------------------------------------

------------------------------------------------------------------------------
+++++++++++++++++++++++++++++++++++++++++++++++++++++
settings for port mode calculation
+++++++++++++++++++++++++++++++++++++++++++++++++++++
PBA fill limit is applied in inverse mode.
PBA fill limit is applied on faces filled with at least 99.00% metal material.
--------------------------------------------------------------
detailed accuracy settings:
--------------------------------------------------------------
augmented fill limit:       true
augmented fill limit value: 99.00
automatic fill limit:       true
early fill limit:           true
inverse fill limit:         true
model complexity:           0.00
legacy 2015:                false
fixed point accuracy:       false
minimum point accuracy:     0
mesh step inheritance:      false
accuracy mode:              
------------------------------------------------------------------------------

==================================
Finished matrix computation (FPBA)
==================================

>>>>>>>>>>>>>>>>>>>>>>>>>>>
2023 May 10 (Wed): 15:33:35
>>>>>>>>>>>>>>>>>>>>>>>>>>>

>>>>>>>>>>>>>>>>>>>>>>>>>>>
2023 May 10 (Wed): 15:33:35
>>>>>>>>>>>>>>>>>>>>>>>>>>>

--------------------------------
# of staircase filled cells: 0
# of staircase filled areas: 0
# of staircase filled edges: 0
# of faces above fill limit: 0
# of edges with FPBA topology: 0
--------------------------------

<<<<<<<<<<<<<<<<<<<<<<<<<<<
2023 May 10 (Wed): 15:33:36
<<<<<<<<<<<<<<<<<<<<<<<<<<<

==============================
Mesher selection: manual: FPBA
==============================

<<<<<<<<<<<<<<<<<<<<<<<<<<<
2023 May 10 (Wed): 15:33:37
<<<<<<<<<<<<<<<<<<<<<<<<<<<

==================================================================
 - desired group: 0, sockets = 0
 - pinning rule: PINNING_RULE_DEFAULT
 - skip setting processor groups: there is only 1 processor group.
 - num cores available : 8
 - hyperthreading      : on
 - used mask (uint64_t): 85
 - used mask (string)  : 10101010
==================================================================

==========================================
Matrix computation (FPBA)
	[FPBA accuracy enhancement is enabled]
Version 2016.1 (build 20160226)
2023 May 10 (Wed): 15:33:37
==========================================

----------------------------------------------
Used point accuracy enhancement value: 75.00%.
----------------------------------------------

------------------------------------------------------------------------------
+++++++++++++++++++++++++++++++++++++++++++++++++++++
settings for port mode calculation
+++++++++++++++++++++++++++++++++++++++++++++++++++++
PBA fill limit is applied in inverse mode.
PBA fill limit is applied on faces filled with at least 99.00% metal material.
--------------------------------------------------------------
detailed accuracy settings:
--------------------------------------------------------------
augmented fill limit:       true
augmented fill limit value: 99.00
automatic fill limit:       true
early fill limit:           true
inverse fill limit:         true
model complexity:           0.00
legacy 2015:                false
fixed point accuracy:       false
minimum point accuracy:     0
mesh step inheritance:      false
accuracy mode:              
------------------------------------------------------------------------------

==================================
Finished matrix computation (FPBA)
==================================

>>>>>>>>>>>>>>>>>>>>>>>>>>>
2023 May 10 (Wed): 15:33:37
>>>>>>>>>>>>>>>>>>>>>>>>>>>

>>>>>>>>>>>>>>>>>>>>>>>>>>>
2023 May 10 (Wed): 15:33:37
>>>>>>>>>>>>>>>>>>>>>>>>>>>

--------------------------------
# of staircase filled cells: 0
# of staircase filled areas: 0
# of staircase filled edges: 0
# of faces above fill limit: 0
# of edges with FPBA topology: 0
--------------------------------

<<<<<<<<<<<<<<<<<<<<<<<<<<<
2023 May 10 (Wed): 15:33:39
<<<<<<<<<<<<<<<<<<<<<<<<<<<

==============================
Mesher selection: manual: FPBA
==============================

<<<<<<<<<<<<<<<<<<<<<<<<<<<
2023 May 10 (Wed): 15:33:39
<<<<<<<<<<<<<<<<<<<<<<<<<<<

==================================================================
 - desired group: 0, sockets = 0
 - pinning rule: PINNING_RULE_DEFAULT
 - skip setting processor groups: there is only 1 processor group.
 - num cores available : 8
 - hyperthreading      : on
 - used mask (uint64_t): 85
 - used mask (string)  : 10101010
==================================================================

==========================================
Matrix computation (FPBA)
	[FPBA accuracy enhancement is enabled]
Version 2016.1 (build 20160226)
2023 May 10 (Wed): 15:33:39
==========================================

----------------------------------------------
Used point accuracy enhancement value: 75.00%.
----------------------------------------------

------------------------------------------------------------------------------
+++++++++++++++++++++++++++++++++++++++++++++++++++++
settings for port mode calculation
+++++++++++++++++++++++++++++++++++++++++++++++++++++
PBA fill limit is applied in inverse mode.
PBA fill limit is applied on faces filled with at least 99.00% metal material.
--------------------------------------------------------------
detailed accuracy settings:
--------------------------------------------------------------
augmented fill limit:       true
augmented fill limit value: 99.00
automatic fill limit:       true
early fill limit:           true
inverse fill limit:         true
model complexity:           0.00
legacy 2015:                false
fixed point accuracy:       false
minimum point accuracy:     0
mesh step inheritance:      false
accuracy mode:              
------------------------------------------------------------------------------

==================================
Finished matrix computation (FPBA)
==================================

>>>>>>>>>>>>>>>>>>>>>>>>>>>
2023 May 10 (Wed): 15:33:40
>>>>>>>>>>>>>>>>>>>>>>>>>>>

>>>>>>>>>>>>>>>>>>>>>>>>>>>
2023 May 10 (Wed): 15:33:40
>>>>>>>>>>>>>>>>>>>>>>>>>>>

--------------------------------
# of staircase filled cells: 0
# of staircase filled areas: 0
# of staircase filled edges: 0
# of faces above fill limit: 0
# of edges with FPBA topology: 0
--------------------------------

<<<<<<<<<<<<<<<<<<<<<<<<<<<
2023 May 10 (Wed): 15:33:41
<<<<<<<<<<<<<<<<<<<<<<<<<<<

==============================
Mesher selection: manual: FPBA
==============================

<<<<<<<<<<<<<<<<<<<<<<<<<<<
2023 May 10 (Wed): 15:33:41
<<<<<<<<<<<<<<<<<<<<<<<<<<<

==================================================================
 - desired group: 0, sockets = 0
 - pinning rule: PINNING_RULE_DEFAULT
 - skip setting processor groups: there is only 1 processor group.
 - num cores available : 8
 - hyperthreading      : on
 - used mask (uint64_t): 85
 - used mask (string)  : 10101010
==================================================================

==========================================
Matrix computation (FPBA)
	[FPBA accuracy enhancement is enabled]
Version 2016.1 (build 20160226)
2023 May 10 (Wed): 15:33:41
==========================================

----------------------------------------------
Used point accuracy enhancement value: 75.00%.
----------------------------------------------

------------------------------------------------------------------------------
+++++++++++++++++++++++++++++++++++++++++++++++++++++
settings for port mode calculation
+++++++++++++++++++++++++++++++++++++++++++++++++++++
PBA fill limit is applied in inverse mode.
PBA fill limit is applied on faces filled with at least 99.00% metal material.
--------------------------------------------------------------
detailed accuracy settings:
--------------------------------------------------------------
augmented fill limit:       true
augmented fill limit value: 99.00
automatic fill limit:       true
early fill limit:           true
inverse fill limit:         true
model complexity:           0.00
legacy 2015:                false
fixed point accuracy:       false
minimum point accuracy:     0
mesh step inheritance:      false
accuracy mode:              
------------------------------------------------------------------------------

==================================
Finished matrix computation (FPBA)
==================================

>>>>>>>>>>>>>>>>>>>>>>>>>>>
2023 May 10 (Wed): 15:33:43
>>>>>>>>>>>>>>>>>>>>>>>>>>>

>>>>>>>>>>>>>>>>>>>>>>>>>>>
2023 May 10 (Wed): 15:33:43
>>>>>>>>>>>>>>>>>>>>>>>>>>>

--------------------------------
# of staircase filled cells: 0
# of staircase filled areas: 0
# of staircase filled edges: 0
# of faces above fill limit: 0
# of edges with FPBA topology: 0
--------------------------------

<<<<<<<<<<<<<<<<<<<<<<<<<<<
2023 May 10 (Wed): 15:33:44
<<<<<<<<<<<<<<<<<<<<<<<<<<<

==============================
Mesher selection: manual: FPBA
==============================

<<<<<<<<<<<<<<<<<<<<<<<<<<<
2023 May 10 (Wed): 15:33:44
<<<<<<<<<<<<<<<<<<<<<<<<<<<

==================================================================
 - desired group: 0, sockets = 0
 - pinning rule: PINNING_RULE_DEFAULT
 - skip setting processor groups: there is only 1 processor group.
 - num cores available : 8
 - hyperthreading      : on
 - used mask (uint64_t): 85
 - used mask (string)  : 10101010
==================================================================

==========================================
Matrix computation (FPBA)
	[FPBA accuracy enhancement is enabled]
Version 2016.1 (build 20160226)
2023 May 10 (Wed): 15:33:44
==========================================

----------------------------------------------
Used point accuracy enhancement value: 75.00%.
----------------------------------------------

------------------------------------------------------------------------------
+++++++++++++++++++++++++++++++++++++++++++++++++++++
settings for port mode calculation
+++++++++++++++++++++++++++++++++++++++++++++++++++++
PBA fill limit is applied in inverse mode.
PBA fill limit is applied on faces filled with at least 99.00% metal material.
--------------------------------------------------------------
detailed accuracy settings:
--------------------------------------------------------------
augmented fill limit:       true
augmented fill limit value: 99.00
automatic fill limit:       true
early fill limit:           true
inverse fill limit:         true
model complexity:           0.00
legacy 2015:                false
fixed point accuracy:       false
minimum point accuracy:     0
mesh step inheritance:      false
accuracy mode:              
------------------------------------------------------------------------------

==================================
Finished matrix computation (FPBA)
==================================

>>>>>>>>>>>>>>>>>>>>>>>>>>>
2023 May 10 (Wed): 15:33:47
>>>>>>>>>>>>>>>>>>>>>>>>>>>

>>>>>>>>>>>>>>>>>>>>>>>>>>>
2023 May 10 (Wed): 15:33:47
>>>>>>>>>>>>>>>>>>>>>>>>>>>

--------------------------------
# of staircase filled cells: 0
# of staircase filled areas: 0
# of staircase filled edges: 0
# of faces above fill limit: 0
# of edges with FPBA topology: 0
--------------------------------

<<<<<<<<<<<<<<<<<<<<<<<<<<<
2023 May 10 (Wed): 15:33:49
<<<<<<<<<<<<<<<<<<<<<<<<<<<

======================
Mesher selection: FPBA
======================

==================================================================
 - desired group: 0, sockets = 0
 - pinning rule: PINNING_RULE_DEFAULT
 - skip setting processor groups: there is only 1 processor group.
 - num cores available : 8
 - hyperthreading      : on
 - used mask (uint64_t): 85
 - used mask (string)  : 10101010
==================================================================

===============================
Processing CAD model
Version 2016.1 (build 20160226)
2023 May 10 (Wed): 15:33:49
===============================

----------------------------------------------
Used point accuracy enhancement value: 52.00%.
----------------------------------------------

=============================================================================
Mesh statistics:
-----------------------------------------------------------------------------
Minimum edge length (x): 0.36 @ mesh line 9 (x)
Maximum edge length (x): 3.76 @ mesh line 0 (x)
Minimum face area (x): 0.16 @ mesh lines 11 | 9 (y | z)
Maximum face area (x): 14.5 @ mesh lines 2 | 0 (y | z)
Minimum edge length (y): 0.2 @ mesh line 11 (y)
Maximum edge length (y): 3.79 @ mesh line 2 (y)
Minimum face area (y): 0.288 @ mesh lines 9 | 9 (z | x)
Maximum face area (y): 14.4 @ mesh lines 0 | 0 (z | x)
Minimum edge length (z): 0.8 @ mesh line 9 (z)
Maximum edge length (z): 3.84 @ mesh line 0 (z)
Minimum face area (z): 0.072 @ mesh lines 9 | 11 (x | y)
Maximum face area (z): 14.3 @ mesh lines 0 | 2 (x | y)
Maximum mesh face aspect ratio (x): 19.2 : 1.0  @ mesh lines 11 | 0 (y | z)
Maximum mesh face aspect ratio (y): 10.7 : 1.0  @ mesh lines 0 | 9 (z | x)
Maximum mesh face aspect ratio (z): 18.8 : 1.0  @ mesh lines 0 | 11 (x | y)
=============================================================================

=======================
Finished CAD processing
=======================

------------------------------------------------------------
Parallelization Info
------------------------------------------------------------
Number of concurrent threads: 2
Number of node domains: 2
Number of mesh cells: 115500
------------------------------------------------------------
Node order
1, 0
------------------------------------------------------------

1xN000:  <<<<<<<<<<<<<<<<<<<<<<<<<<<
         2023 May 10 (Wed): 15:33:50
         <<<<<<<<<<<<<<<<<<<<<<<<<<<

1xN000:  ==================================================================
          - desired group: 0, sockets = 0
          - pinning rule: PINNING_RULE_DEFAULT
          - skip setting processor groups: there is only 1 processor group.
          - num cores available : 8
          - hyperthreading      : on
          - used mask (uint64_t): 85
          - used mask (string)  : 10101010
         ==================================================================

1xN000:  ==========================================
         Matrix computation (FPBA)
         	[FPBA accuracy enhancement is enabled]
         Version 2016.1 (build 20160226)
         2023 May 10 (Wed): 15:33:50
         ==========================================

1xN000:  ssssssssssssssssssssssssssssssssssssssssss
         # of curls with SI accuracy enhancement: 0
         ssssssssssssssssssssssssssssssssssssssssss

1xN000:  ------------------------------------------------------------------------------
         PBA fill limit is applied in inverse mode.
         PBA fill limit is applied on faces filled with at least 98.81% metal material.
         --------------------------------------------------------------
         detailed accuracy settings:
         --------------------------------------------------------------
         augmented fill limit:       true
         augmented fill limit value: 98.81
         automatic fill limit:       true
         early fill limit:           true
         inverse fill limit:         true
         model complexity:           0.00
         legacy 2015:                false
         fixed point accuracy:       false
         minimum point accuracy:     0
         mesh step inheritance:      false
         accuracy mode:
         ------------------------------------------------------------------------------

1xN000:  ==================================
         Finished matrix computation (FPBA)
         ==================================

1xN000:  >>>>>>>>>>>>>>>>>>>>>>>>>>>
         2023 May 10 (Wed): 15:33:55
         >>>>>>>>>>>>>>>>>>>>>>>>>>>



1xN001:  <<<<<<<<<<<<<<<<<<<<<<<<<<<
         2023 May 10 (Wed): 15:33:50
         <<<<<<<<<<<<<<<<<<<<<<<<<<<

1xN001:  ==================================================================
          - desired group: 0, sockets = 0
          - pinning rule: PINNING_RULE_DEFAULT
          - skip setting processor groups: there is only 1 processor group.
          - num cores available : 8
          - hyperthreading      : on
          - used mask (uint64_t): 85
          - used mask (string)  : 10101010
         ==================================================================

1xN001:  ==========================================
         Matrix computation (FPBA)
         	[FPBA accuracy enhancement is enabled]
         Version 2016.1 (build 20160226)
         2023 May 10 (Wed): 15:33:50
         ==========================================

1xN001:  ssssssssssssssssssssssssssssssssssssssssss
         # of curls with SI accuracy enhancement: 0
         ssssssssssssssssssssssssssssssssssssssssss

1xN001:  ------------------------------------------------------------------------------
         PBA fill limit is applied in inverse mode.
         PBA fill limit is applied on faces filled with at least 98.81% metal material.
         --------------------------------------------------------------
         detailed accuracy settings:
         --------------------------------------------------------------
         augmented fill limit:       true
         augmented fill limit value: 98.81
         automatic fill limit:       true
         early fill limit:           true
         inverse fill limit:         true
         model complexity:           0.00
         legacy 2015:                false
         fixed point accuracy:       false
         minimum point accuracy:     0
         mesh step inheritance:      false
         accuracy mode:
         ------------------------------------------------------------------------------

1xN001:  ==================================
         Finished matrix computation (FPBA)
         ==================================

1xN001:  >>>>>>>>>>>>>>>>>>>>>>>>>>>
         2023 May 10 (Wed): 15:33:55
         >>>>>>>>>>>>>>>>>>>>>>>>>>>



>>>>>>>>>>>>>>>>>>>>>>>>>>>
2023 May 10 (Wed): 15:33:57
>>>>>>>>>>>>>>>>>>>>>>>>>>>

--------------------------------
# of staircase filled cells: 0
# of staircase filled areas: 0
# of staircase filled edges: 0
# of faces above fill limit: 0
# of edges with FPBA topology: 0
--------------------------------

--------------------------------
# of staircase filled cells: 0
# of staircase filled areas: 0
# of staircase filled edges: 0
# of faces above fill limit: 0
# of edges with FPBA topology: 0
--------------------------------

--------------------------------
# of staircase filled cells: 0
# of staircase filled areas: 0
# of staircase filled edges: 0
# of faces above fill limit: 0
# of edges with FPBA topology: 0
--------------------------------

--------------------------------
# of staircase filled cells: 0
# of staircase filled areas: 0
# of staircase filled edges: 0
# of faces above fill limit: 0
# of edges with FPBA topology: 0
--------------------------------

