Port monitor named: Port4_e1.prt

nx        = 71
ny        = 67
nz        = 26

nu        = 9
nv        = 25
iu        = 10
iv        = 10

idir      = 1
dcut      = -2.750000e-002
icut      = 9
type      = 0
frequency = 3.000000e+009

fcutoff   = 0.000000e+000
alpha     = 0.000000e+000
beta      = 1.160523e+002
accuracy  = 1.600582e-014

type          = QTEM
wave imp.     = 2.050211e+002
wave imp.sig. = 7.118930e-007
line imp.     = 4.915328e+001

ref. port     = 0

0.000000e+000  0.000000e+000  0.000000e+000  0.000000e+000  0.000000e+000  0.000000e+000  0.000000e+000  0.000000e+000  0.000000e+000  
-6.428681e-001  -2.336187e+000  -1.233658e+001  -9.253604e+000  -6.727007e+000  -3.522442e+000  -7.263696e-001  5.313250e-001  0.000000e+000  
-1.084588e+001  -1.043141e+001  -4.243888e+001  -3.480584e+001  -2.539613e+001  -1.314605e+001  -2.571867e+000  2.141749e+000  0.000000e+000  
-2.138803e+001  -1.957417e+001  -7.618427e+001  -6.168522e+001  -4.410601e+001  -2.184107e+001  -3.451482e+000  4.495010e+000  0.000000e+000  
-3.468110e+001  -3.084302e+001  -1.157658e+002  -9.087824e+001  -6.260318e+001  -2.867829e+001  -2.603147e+000  8.109005e+000  0.000000e+000  
-6.152394e+001  -5.212856e+001  -1.825079e+002  -1.341013e+002  -8.539474e+001  -3.277404e+001  2.505584e+000  1.560169e+001  0.000000e+000  
-1.140394e+002  -8.948219e+001  -2.751064e+002  -1.798916e+002  -9.983817e+001  -2.610522e+001  1.424757e+001  2.692672e+001  0.000000e+000  
-2.339807e+002  -1.660017e+002  -4.025598e+002  -2.136152e+002  -9.048390e+001  -1.087390e+000  3.439592e+001  4.216205e+001  0.000000e+000  
-5.411338e+002  -3.517133e+002  -5.459277e+002  -1.853626e+002  -2.577653e+001  5.103166e+001  6.322794e+001  6.022669e+001  0.000000e+000  
-1.370712e+003  -9.240948e+002  -5.096410e+002  4.005010e+001  1.409789e+002  1.332164e+002  9.745937e+001  7.849229e+001  0.000000e+000  
-3.431410e+003  -3.808371e+003  1.486486e+003  7.133764e+002  4.164208e+002  2.258431e+002  1.282107e+002  9.291745e+001  0.000000e+000  
-4.119963e+003  -4.726350e+003  1.713216e+003  8.888896e+002  5.060691e+002  2.573356e+002  1.383324e+002  9.749618e+001  0.000000e+000  
-4.266542e+003  -4.589464e+003  1.600367e+003  9.299400e+002  5.356638e+002  2.684004e+002  1.418723e+002  9.907604e+001  0.000000e+000  
-4.119964e+003  -4.726351e+003  1.713215e+003  8.888887e+002  5.060686e+002  2.573355e+002  1.383326e+002  9.749649e+001  0.000000e+000  
-3.431410e+003  -3.808371e+003  1.486484e+003  7.133748e+002  4.164200e+002  2.258431e+002  1.282112e+002  9.291808e+001  0.000000e+000  
-1.370713e+003  -9.240963e+002  -5.096462e+002  4.004675e+001  1.409774e+002  1.332166e+002  9.746044e+001  7.849353e+001  0.000000e+000  
-5.411376e+002  -3.517163e+002  -5.459364e+002  -1.853676e+002  -2.577837e+001  5.103256e+001  6.322981e+001  6.022859e+001  0.000000e+000  
-2.339889e+002  -1.660075e+002  -4.025737e+002  -2.136214e+002  -9.048489e+001  -1.084916e+000  3.439889e+001  4.216466e+001  0.000000e+000  
-1.140588e+002  -8.949426e+001  -2.751270e+002  -1.798968e+002  -9.983565e+001  -2.609979e+001  1.425191e+001  2.692998e+001  0.000000e+000  
-6.157434e+001  -5.215643e+001  -1.825334e+002  -1.340976e+002  -8.538318e+001  -3.276394e+001  2.511363e+000  1.560536e+001  0.000000e+000  
-3.482484e+001  -3.091263e+001  -1.157726e+002  -9.084436e+001  -6.257346e+001  -2.866260e+001  -2.596503e+000  8.112578e+000  0.000000e+000  
-2.173624e+001  -1.971941e+001  -7.609606e+001  -6.159900e+001  -4.405827e+001  -2.182307e+001  -3.445276e+000  4.497999e+000  0.000000e+000  
-1.171435e+001  -1.070891e+001  -4.202948e+001  -3.464598e+001  -2.533918e+001  -1.313064e+001  -2.567457e+000  2.143690e+000  0.000000e+000  
-2.275390e+000  -2.660887e+000  -1.095942e+001  -9.100782e+000  -6.700792e+000  -3.517557e+000  -7.251184e-001  5.318577e-001  0.000000e+000  
0.000000e+000  0.000000e+000  0.000000e+000  0.000000e+000  0.000000e+000  0.000000e+000  0.000000e+000  0.000000e+000  0.000000e+000  

0.000000e+000  9.170611e+000  1.499259e+001  -1.308011e+001  -3.086667e+001  -4.060316e+001  -4.004530e+001  -2.339774e+001  0.000000e+000  
0.000000e+000  3.304543e+000  7.905723e+000  -1.452216e+001  -3.204329e+001  -4.171814e+001  -4.077391e+001  -2.370552e+001  0.000000e+000  
0.000000e+000  3.180703e+000  7.281012e+000  -1.953166e+001  -3.847703e+001  -4.799130e+001  -4.482672e+001  -2.540095e+001  0.000000e+000  
0.000000e+000  1.607604e+000  4.608558e+000  -2.913730e+001  -5.056384e+001  -5.942997e+001  -5.187829e+001  -2.825389e+001  0.000000e+000  
0.000000e+000  -2.774937e+000  -2.479896e+000  -4.872439e+001  -7.344114e+001  -7.985740e+001  -6.354641e+001  -3.272378e+001  0.000000e+000  
0.000000e+000  -1.629208e+001  -2.379964e+001  -9.338836e+001  -1.190671e+002  -1.163157e+002  -8.156916e+001  -3.890378e+001  0.000000e+000  
0.000000e+000  -5.409796e+001  -8.245423e+001  -1.833926e+002  -1.950408e+002  -1.677064e+002  -1.020463e+002  -4.471690e+001  0.000000e+000  
0.000000e+000  -1.630343e+002  -2.532584e+002  -3.654856e+002  -3.131635e+002  -2.301338e+002  -1.195723e+002  -4.784972e+001  0.000000e+000  
0.000000e+000  -4.730936e+002  -7.907425e+002  -7.177507e+002  -4.671865e+002  -2.830135e+002  -1.241001e+002  -4.528704e+001  0.000000e+000  
0.000000e+000  -1.211671e+003  -2.728886e+003  -1.259125e+003  -5.629466e+002  -2.736219e+002  -1.021467e+002  -3.435518e+001  0.000000e+000  
0.000000e+000  -7.200735e+002  0.000000e+000  -6.533167e+002  -3.284247e+002  -1.612527e+002  -5.837088e+001  -1.915088e+001  0.000000e+000  
0.000000e+000  -1.514152e+002  0.000000e+000  -1.889142e+002  -1.115928e+002  -5.630438e+001  -2.023463e+001  -6.576029e+000  0.000000e+000  
0.000000e+000  1.514151e+002  0.000000e+000  1.889120e+002  1.115894e+002  5.630051e+001  2.023132e+001  6.574253e+000  0.000000e+000  
0.000000e+000  7.200734e+002  0.000000e+000  6.533142e+002  3.284211e+002  1.612486e+002  5.836747e+001  1.914908e+001  0.000000e+000  
0.000000e+000  1.211670e+003  2.728885e+003  1.259123e+003  5.629423e+002  2.736173e+002  1.021430e+002  3.435330e+001  0.000000e+000  
0.000000e+000  4.730925e+002  7.907408e+002  7.177458e+002  4.671803e+002  2.830074e+002  1.240958e+002  4.528500e+001  0.000000e+000  
0.000000e+000  1.630318e+002  2.532544e+002  3.654768e+002  3.131538e+002  2.301253e+002  1.195672e+002  4.784756e+001  0.000000e+000  
0.000000e+000  5.409132e+001  8.244389e+001  1.833758e+002  1.950253e+002  1.676949e+002  1.020407e+002  4.471478e+001  0.000000e+000  
0.000000e+000  1.627316e+001  2.377119e+001  9.335525e+001  1.190433e+002  1.163014e+002  8.156371e+001  3.890206e+001  0.000000e+000  
0.000000e+000  2.717818e+000  2.397228e+000  4.866063e+001  7.340811e+001  7.984318e+001  6.354284e+001  3.272296e+001  0.000000e+000  
0.000000e+000  -1.774543e+000  -4.837543e+000  2.903547e+001  5.053270e+001  5.942375e+001  5.187863e+001  2.825431e+001  0.000000e+000  
0.000000e+000  -3.605018e+000  -7.814600e+000  1.942787e+001  3.847289e+001  4.800060e+001  4.483160e+001  2.540252e+001  0.000000e+000  
0.000000e+000  -4.476833e+000  -9.122997e+000  1.460050e+001  3.211442e+001  4.174968e+001  4.078310e+001  2.370798e+001  0.000000e+000  
0.000000e+000  -4.076786e+000  -9.191980e+000  1.377945e+001  3.100179e+001  4.064258e+001  4.005547e+001  2.340038e+001  0.000000e+000  
0.000000e+000  0.000000e+000  0.000000e+000  0.000000e+000  0.000000e+000  0.000000e+000  0.000000e+000  0.000000e+000  0.000000e+000  

0.000000e+000  0.000000e+000  0.000000e+000  0.000000e+000  0.000000e+000  0.000000e+000  0.000000e+000  0.000000e+000  0.000000e+000  
0.000000e+000  0.000000e+000  0.000000e+000  0.000000e+000  0.000000e+000  0.000000e+000  0.000000e+000  0.000000e+000  0.000000e+000  
0.000000e+000  0.000000e+000  0.000000e+000  0.000000e+000  0.000000e+000  0.000000e+000  0.000000e+000  0.000000e+000  0.000000e+000  
0.000000e+000  0.000000e+000  0.000000e+000  0.000000e+000  0.000000e+000  0.000000e+000  0.000000e+000  0.000000e+000  0.000000e+000  
0.000000e+000  0.000000e+000  0.000000e+000  0.000000e+000  0.000000e+000  0.000000e+000  0.000000e+000  0.000000e+000  0.000000e+000  
0.000000e+000  0.000000e+000  0.000000e+000  0.000000e+000  0.000000e+000  0.000000e+000  0.000000e+000  0.000000e+000  0.000000e+000  
0.000000e+000  0.000000e+000  0.000000e+000  0.000000e+000  0.000000e+000  0.000000e+000  0.000000e+000  0.000000e+000  0.000000e+000  
0.000000e+000  0.000000e+000  0.000000e+000  0.000000e+000  0.000000e+000  0.000000e+000  0.000000e+000  0.000000e+000  0.000000e+000  
0.000000e+000  0.000000e+000  0.000000e+000  0.000000e+000  0.000000e+000  0.000000e+000  0.000000e+000  0.000000e+000  0.000000e+000  
0.000000e+000  0.000000e+000  0.000000e+000  0.000000e+000  0.000000e+000  0.000000e+000  0.000000e+000  0.000000e+000  0.000000e+000  
0.000000e+000  0.000000e+000  0.000000e+000  0.000000e+000  0.000000e+000  0.000000e+000  0.000000e+000  0.000000e+000  0.000000e+000  
0.000000e+000  0.000000e+000  0.000000e+000  0.000000e+000  0.000000e+000  0.000000e+000  0.000000e+000  0.000000e+000  0.000000e+000  
0.000000e+000  0.000000e+000  0.000000e+000  0.000000e+000  0.000000e+000  0.000000e+000  0.000000e+000  0.000000e+000  0.000000e+000  
0.000000e+000  0.000000e+000  0.000000e+000  0.000000e+000  0.000000e+000  0.000000e+000  0.000000e+000  0.000000e+000  0.000000e+000  
0.000000e+000  0.000000e+000  0.000000e+000  0.000000e+000  0.000000e+000  0.000000e+000  0.000000e+000  0.000000e+000  0.000000e+000  
0.000000e+000  0.000000e+000  0.000000e+000  0.000000e+000  0.000000e+000  0.000000e+000  0.000000e+000  0.000000e+000  0.000000e+000  
0.000000e+000  0.000000e+000  0.000000e+000  0.000000e+000  0.000000e+000  0.000000e+000  0.000000e+000  0.000000e+000  0.000000e+000  
0.000000e+000  0.000000e+000  0.000000e+000  0.000000e+000  0.000000e+000  0.000000e+000  0.000000e+000  0.000000e+000  0.000000e+000  
0.000000e+000  0.000000e+000  0.000000e+000  0.000000e+000  0.000000e+000  0.000000e+000  0.000000e+000  0.000000e+000  0.000000e+000  
0.000000e+000  0.000000e+000  0.000000e+000  0.000000e+000  0.000000e+000  0.000000e+000  0.000000e+000  0.000000e+000  0.000000e+000  
0.000000e+000  0.000000e+000  0.000000e+000  0.000000e+000  0.000000e+000  0.000000e+000  0.000000e+000  0.000000e+000  0.000000e+000  
0.000000e+000  0.000000e+000  0.000000e+000  0.000000e+000  0.000000e+000  0.000000e+000  0.000000e+000  0.000000e+000  0.000000e+000  
0.000000e+000  0.000000e+000  0.000000e+000  0.000000e+000  0.000000e+000  0.000000e+000  0.000000e+000  0.000000e+000  0.000000e+000  
0.000000e+000  0.000000e+000  0.000000e+000  0.000000e+000  0.000000e+000  0.000000e+000  0.000000e+000  0.000000e+000  0.000000e+000  
0.000000e+000  0.000000e+000  0.000000e+000  0.000000e+000  0.000000e+000  0.000000e+000  0.000000e+000  0.000000e+000  0.000000e+000  

0.000000e+000  0.000000e+000  0.000000e+000  0.000000e+000  0.000000e+000  0.000000e+000  0.000000e+000  0.000000e+000  0.000000e+000  
0.000000e+000  0.000000e+000  0.000000e+000  0.000000e+000  0.000000e+000  0.000000e+000  0.000000e+000  0.000000e+000  0.000000e+000  
0.000000e+000  0.000000e+000  0.000000e+000  0.000000e+000  0.000000e+000  0.000000e+000  0.000000e+000  0.000000e+000  0.000000e+000  
0.000000e+000  0.000000e+000  0.000000e+000  0.000000e+000  0.000000e+000  0.000000e+000  0.000000e+000  0.000000e+000  0.000000e+000  
0.000000e+000  0.000000e+000  0.000000e+000  0.000000e+000  0.000000e+000  0.000000e+000  0.000000e+000  0.000000e+000  0.000000e+000  
0.000000e+000  0.000000e+000  0.000000e+000  0.000000e+000  0.000000e+000  0.000000e+000  0.000000e+000  0.000000e+000  0.000000e+000  
0.000000e+000  0.000000e+000  0.000000e+000  0.000000e+000  0.000000e+000  0.000000e+000  0.000000e+000  0.000000e+000  0.000000e+000  
0.000000e+000  0.000000e+000  0.000000e+000  0.000000e+000  0.000000e+000  0.000000e+000  0.000000e+000  0.000000e+000  0.000000e+000  
0.000000e+000  0.000000e+000  0.000000e+000  0.000000e+000  0.000000e+000  0.000000e+000  0.000000e+000  0.000000e+000  0.000000e+000  
0.000000e+000  0.000000e+000  0.000000e+000  0.000000e+000  0.000000e+000  0.000000e+000  0.000000e+000  0.000000e+000  0.000000e+000  
0.000000e+000  0.000000e+000  0.000000e+000  0.000000e+000  0.000000e+000  0.000000e+000  0.000000e+000  0.000000e+000  0.000000e+000  
0.000000e+000  0.000000e+000  0.000000e+000  0.000000e+000  0.000000e+000  0.000000e+000  0.000000e+000  0.000000e+000  0.000000e+000  
0.000000e+000  0.000000e+000  0.000000e+000  0.000000e+000  0.000000e+000  0.000000e+000  0.000000e+000  0.000000e+000  0.000000e+000  
0.000000e+000  0.000000e+000  0.000000e+000  0.000000e+000  0.000000e+000  0.000000e+000  0.000000e+000  0.000000e+000  0.000000e+000  
0.000000e+000  0.000000e+000  0.000000e+000  0.000000e+000  0.000000e+000  0.000000e+000  0.000000e+000  0.000000e+000  0.000000e+000  
0.000000e+000  0.000000e+000  0.000000e+000  0.000000e+000  0.000000e+000  0.000000e+000  0.000000e+000  0.000000e+000  0.000000e+000  
0.000000e+000  0.000000e+000  0.000000e+000  0.000000e+000  0.000000e+000  0.000000e+000  0.000000e+000  0.000000e+000  0.000000e+000  
0.000000e+000  0.000000e+000  0.000000e+000  0.000000e+000  0.000000e+000  0.000000e+000  0.000000e+000  0.000000e+000  0.000000e+000  
0.000000e+000  0.000000e+000  0.000000e+000  0.000000e+000  0.000000e+000  0.000000e+000  0.000000e+000  0.000000e+000  0.000000e+000  
0.000000e+000  0.000000e+000  0.000000e+000  0.000000e+000  0.000000e+000  0.000000e+000  0.000000e+000  0.000000e+000  0.000000e+000  
0.000000e+000  0.000000e+000  0.000000e+000  0.000000e+000  0.000000e+000  0.000000e+000  0.000000e+000  0.000000e+000  0.000000e+000  
0.000000e+000  0.000000e+000  0.000000e+000  0.000000e+000  0.000000e+000  0.000000e+000  0.000000e+000  0.000000e+000  0.000000e+000  
0.000000e+000  0.000000e+000  0.000000e+000  0.000000e+000  0.000000e+000  0.000000e+000  0.000000e+000  0.000000e+000  0.000000e+000  
0.000000e+000  0.000000e+000  0.000000e+000  0.000000e+000  0.000000e+000  0.000000e+000  0.000000e+000  0.000000e+000  0.000000e+000  
0.000000e+000  0.000000e+000  0.000000e+000  0.000000e+000  0.000000e+000  0.000000e+000  0.000000e+000  0.000000e+000  0.000000e+000  

0.000000e+000  0.000000e+000  0.000000e+000  0.000000e+000  0.000000e+000  0.000000e+000  0.000000e+000  0.000000e+000  0.000000e+000  
0.000000e+000  0.000000e+000  0.000000e+000  0.000000e+000  0.000000e+000  0.000000e+000  0.000000e+000  0.000000e+000  0.000000e+000  
0.000000e+000  0.000000e+000  0.000000e+000  0.000000e+000  0.000000e+000  0.000000e+000  0.000000e+000  0.000000e+000  0.000000e+000  
0.000000e+000  0.000000e+000  0.000000e+000  0.000000e+000  0.000000e+000  0.000000e+000  0.000000e+000  0.000000e+000  0.000000e+000  
0.000000e+000  0.000000e+000  0.000000e+000  0.000000e+000  0.000000e+000  0.000000e+000  0.000000e+000  0.000000e+000  0.000000e+000  
0.000000e+000  0.000000e+000  0.000000e+000  0.000000e+000  0.000000e+000  0.000000e+000  0.000000e+000  0.000000e+000  0.000000e+000  
0.000000e+000  0.000000e+000  0.000000e+000  0.000000e+000  0.000000e+000  0.000000e+000  0.000000e+000  0.000000e+000  0.000000e+000  
0.000000e+000  0.000000e+000  0.000000e+000  0.000000e+000  0.000000e+000  0.000000e+000  0.000000e+000  0.000000e+000  0.000000e+000  
0.000000e+000  0.000000e+000  0.000000e+000  0.000000e+000  0.000000e+000  0.000000e+000  0.000000e+000  0.000000e+000  0.000000e+000  
0.000000e+000  0.000000e+000  0.000000e+000  0.000000e+000  0.000000e+000  0.000000e+000  0.000000e+000  0.000000e+000  0.000000e+000  
0.000000e+000  0.000000e+000  0.000000e+000  0.000000e+000  0.000000e+000  0.000000e+000  0.000000e+000  0.000000e+000  0.000000e+000  
0.000000e+000  0.000000e+000  0.000000e+000  0.000000e+000  0.000000e+000  0.000000e+000  0.000000e+000  0.000000e+000  0.000000e+000  
0.000000e+000  0.000000e+000  0.000000e+000  0.000000e+000  0.000000e+000  0.000000e+000  0.000000e+000  0.000000e+000  0.000000e+000  
0.000000e+000  0.000000e+000  0.000000e+000  0.000000e+000  0.000000e+000  0.000000e+000  0.000000e+000  0.000000e+000  0.000000e+000  
0.000000e+000  0.000000e+000  0.000000e+000  0.000000e+000  0.000000e+000  0.000000e+000  0.000000e+000  0.000000e+000  0.000000e+000  
0.000000e+000  0.000000e+000  0.000000e+000  0.000000e+000  0.000000e+000  0.000000e+000  0.000000e+000  0.000000e+000  0.000000e+000  
0.000000e+000  0.000000e+000  0.000000e+000  0.000000e+000  0.000000e+000  0.000000e+000  0.000000e+000  0.000000e+000  0.000000e+000  
0.000000e+000  0.000000e+000  0.000000e+000  0.000000e+000  0.000000e+000  0.000000e+000  0.000000e+000  0.000000e+000  0.000000e+000  
0.000000e+000  0.000000e+000  0.000000e+000  0.000000e+000  0.000000e+000  0.000000e+000  0.000000e+000  0.000000e+000  0.000000e+000  
0.000000e+000  0.000000e+000  0.000000e+000  0.000000e+000  0.000000e+000  0.000000e+000  0.000000e+000  0.000000e+000  0.000000e+000  
0.000000e+000  0.000000e+000  0.000000e+000  0.000000e+000  0.000000e+000  0.000000e+000  0.000000e+000  0.000000e+000  0.000000e+000  
0.000000e+000  0.000000e+000  0.000000e+000  0.000000e+000  0.000000e+000  0.000000e+000  0.000000e+000  0.000000e+000  0.000000e+000  
0.000000e+000  0.000000e+000  0.000000e+000  0.000000e+000  0.000000e+000  0.000000e+000  0.000000e+000  0.000000e+000  0.000000e+000  
0.000000e+000  0.000000e+000  0.000000e+000  0.000000e+000  0.000000e+000  0.000000e+000  0.000000e+000  0.000000e+000  0.000000e+000  
0.000000e+000  0.000000e+000  0.000000e+000  0.000000e+000  0.000000e+000  0.000000e+000  0.000000e+000  0.000000e+000  0.000000e+000  

0.000000e+000  0.000000e+000  0.000000e+000  0.000000e+000  0.000000e+000  0.000000e+000  0.000000e+000  0.000000e+000  0.000000e+000  
0.000000e+000  -1.130722e+000  -1.945295e+000  -1.616831e+000  -1.390727e+000  -1.147348e+000  -7.356616e-001  -3.427892e-001  0.000000e+000  
0.000000e+000  -3.397217e+000  -6.582290e+000  -6.079468e+000  -5.269441e+000  -4.341238e+000  -2.776389e+000  -1.291979e+000  0.000000e+000  
0.000000e+000  -5.981969e+000  -1.169014e+001  -1.077217e+001  -9.264541e+000  -7.571725e+000  -4.799961e+000  -2.223969e+000  0.000000e+000  
0.000000e+000  -8.971255e+000  -1.755615e+001  -1.589791e+001  -1.345161e+001  -1.084574e+001  -6.783391e+000  -3.123163e+000  0.000000e+000  
0.000000e+000  -1.384172e+001  -2.711986e+001  -2.365475e+001  -1.937261e+001  -1.522615e+001  -9.303699e+000  -4.240268e+000  0.000000e+000  
0.000000e+000  -2.018196e+001  -3.971346e+001  -3.262595e+001  -2.548607e+001  -1.936595e+001  -1.152850e+001  -5.204802e+000  0.000000e+000  
0.000000e+000  -2.818944e+001  -5.621428e+001  -4.220123e+001  -3.101435e+001  -2.270801e+001  -1.324045e+001  -5.952498e+000  0.000000e+000  
0.000000e+000  -3.645913e+001  -7.547286e+001  -4.967380e+001  -3.419649e+001  -2.440228e+001  -1.422019e+001  -6.436994e+000  0.000000e+000  
0.000000e+000  -3.738051e+001  -8.618555e+001  -4.769998e+001  -3.229329e+001  -2.369009e+001  -1.439636e+001  -6.663559e+000  0.000000e+000  
0.000000e+000  -6.308470e+000  0.000000e+000  -2.353259e+001  -2.415599e+001  -2.105312e+001  -1.404405e+001  -6.711492e+000  0.000000e+000  
0.000000e+000  -1.957275e+000  0.000000e+000  -1.732535e+001  -2.139027e+001  -2.005113e+001  -1.388433e+001  -6.713976e+000  0.000000e+000  
0.000000e+000  -1.042316e+000  0.000000e+000  -1.554021e+001  -2.044310e+001  -1.968626e+001  -1.382265e+001  -6.713047e+000  0.000000e+000  
0.000000e+000  -1.957273e+000  0.000000e+000  -1.732521e+001  -2.139004e+001  -2.005086e+001  -1.388410e+001  -6.713857e+000  0.000000e+000  
0.000000e+000  -6.308462e+000  0.000000e+000  -2.353227e+001  -2.415550e+001  -2.105257e+001  -1.404359e+001  -6.711253e+000  0.000000e+000  
0.000000e+000  -3.738046e+001  -8.618548e+001  -4.769930e+001  -3.229226e+001  -2.368895e+001  -1.439545e+001  -6.663099e+000  0.000000e+000  
0.000000e+000  -3.645898e+001  -7.547263e+001  -4.967250e+001  -3.419466e+001  -2.440037e+001  -1.421877e+001  -6.436302e+000  0.000000e+000  
0.000000e+000  -2.818896e+001  -5.621354e+001  -4.219876e+001  -3.101125e+001  -2.270502e+001  -1.323843e+001  -5.951572e+000  0.000000e+000  
0.000000e+000  -2.018055e+001  -3.971131e+001  -3.262115e+001  -2.548090e+001  -1.936150e+001  -1.152585e+001  -5.203673e+000  0.000000e+000  
0.000000e+000  -1.383756e+001  -2.711361e+001  -2.364526e+001  -1.936421e+001  -1.521991e+001  -9.300509e+000  -4.239024e+000  0.000000e+000  
0.000000e+000  -8.958565e+000  -1.753766e+001  -1.587926e+001  -1.343878e+001  -1.083788e+001  -6.780032e+000  -3.121975e+000  0.000000e+000  
0.000000e+000  -5.950386e+000  -1.164585e+001  -1.074252e+001  -9.248802e+000  -7.563704e+000  -4.796981e+000  -2.222984e+000  0.000000e+000  
0.000000e+000  -3.317365e+000  -6.477495e+000  -6.038965e+000  -5.254107e+000  -4.334945e+000  -2.774351e+000  -1.291344e+000  0.000000e+000  
0.000000e+000  -9.171155e-001  -1.701959e+000  -1.587015e+000  -1.384694e+000  -1.145437e+000  -7.350909e-001  -3.426153e-001  0.000000e+000  
0.000000e+000  0.000000e+000  0.000000e+000  0.000000e+000  0.000000e+000  0.000000e+000  0.000000e+000  0.000000e+000  0.000000e+000  

