Port monitor named: Port2_h1.prt

nx        = 71
ny        = 67
nz        = 26

nu        = 9
nv        = 25
iu        = 10
iv        = 10

idir      = 1
dcut      = 2.750000e-002
icut      = 59
type      = 1
frequency = 3.000000e+009

fcutoff   = 0.000000e+000
alpha     = 0.000000e+000
beta      = 1.160523e+002
accuracy  = 1.600582e-014

type          = QTEM
wave imp.     = 2.050211e+002
wave imp.sig. = 7.118930e-007
line imp.     = 4.915328e+001

ref. port     = 0

-0.000000e+000  -8.766913e-002  -1.546698e-001  -2.536903e-001  -3.143186e-001  -3.334805e-001  -2.824689e-001  -1.548338e-001  -0.000000e+000  
-0.000000e+000  -7.949473e-002  -1.570275e-001  -2.595498e-001  -3.207412e-001  -3.392308e-001  -2.859215e-001  -1.562149e-001  -0.000000e+000  
-0.000000e+000  -9.353733e-002  -1.799662e-001  -2.938058e-001  -3.571762e-001  -3.715106e-001  -3.050535e-001  -1.637954e-001  -0.000000e+000  
-0.000000e+000  -1.183229e-001  -2.250674e-001  -3.591497e-001  -4.244986e-001  -4.293907e-001  -3.379073e-001  -1.763886e-001  -0.000000e+000  
-0.000000e+000  -1.678086e-001  -3.149644e-001  -4.843240e-001  -5.472933e-001  -5.299498e-001  -3.911395e-001  -1.956977e-001  -0.000000e+000  
-0.000000e+000  -2.805716e-001  -5.153535e-001  -7.416012e-001  -7.769276e-001  -7.009552e-001  -4.700837e-001  -2.211452e-001  -0.000000e+000  
-0.000000e+000  -5.185873e-001  -9.264397e-001  -1.201695e+000  -1.130624e+000  -9.274800e-001  -5.541710e-001  -2.427602e-001  -0.000000e+000  
-0.000000e+000  -1.060613e+000  -1.850596e+000  -2.027264e+000  -1.635069e+000  -1.181163e+000  -6.168540e-001  -2.497755e-001  -0.000000e+000  
-0.000000e+000  -2.347048e+000  -4.213358e+000  -3.454051e+000  -2.228673e+000  -1.364046e+000  -6.135940e-001  -2.290531e-001  -0.000000e+000  
-0.000000e+000  -4.952631e+000  -1.144029e+001  -5.403752e+000  -2.500451e+000  -1.257090e+000  -4.893027e-001  -1.698375e-001  -0.000000e+000  
-0.000000e+000  -3.283001e+000  -0.000000e+000  -2.851458e+000  -1.453403e+000  -7.336397e-001  -2.769917e-001  -9.396765e-002  -0.000000e+000  
-0.000000e+000  -6.903409e-001  -0.000000e+000  -8.250811e-001  -4.934223e-001  -2.553196e-001  -9.566571e-002  -3.216630e-002  -0.000000e+000  
-0.000000e+000  6.903408e-001  -0.000000e+000  8.250787e-001  4.934189e-001  2.553158e-001  9.566223e-002  3.216428e-002  -0.000000e+000  
-0.000000e+000  3.283001e+000  -0.000000e+000  2.851455e+000  1.453400e+000  7.336357e-001  2.769881e-001  9.396558e-002  -0.000000e+000  
-0.000000e+000  4.952629e+000  1.144029e+001  5.403748e+000  2.500447e+000  1.257085e+000  4.892988e-001  1.698353e-001  -0.000000e+000  
-0.000000e+000  2.347047e+000  4.213356e+000  3.454047e+000  2.228668e+000  1.364041e+000  6.135893e-001  2.290504e-001  -0.000000e+000  
-0.000000e+000  1.060611e+000  1.850592e+000  2.027258e+000  1.635062e+000  1.181156e+000  6.168480e-001  2.497723e-001  -0.000000e+000  
-0.000000e+000  5.185842e-001  9.264339e-001  1.201686e+000  1.130614e+000  9.274700e-001  5.541634e-001  2.427562e-001  -0.000000e+000  
-0.000000e+000  2.805663e-001  5.153439e-001  7.415874e-001  7.769129e-001  7.009416e-001  4.700740e-001  2.211403e-001  -0.000000e+000  
-0.000000e+000  1.677985e-001  3.149469e-001  4.843017e-001  5.472719e-001  5.299313e-001  3.911273e-001  1.956919e-001  -0.000000e+000  
-0.000000e+000  1.183026e-001  2.250345e-001  3.591148e-001  4.244690e-001  4.293673e-001  3.378930e-001  1.763820e-001  -0.000000e+000  
-0.000000e+000  9.349626e-002  1.799066e-001  2.937558e-001  3.571388e-001  3.714832e-001  3.050377e-001  1.637883e-001  -0.000000e+000  
-0.000000e+000  7.939793e-002  1.569123e-001  2.594824e-001  3.206971e-001  3.392004e-001  2.859046e-001  1.562075e-001  -0.000000e+000  
-0.000000e+000  8.757624e-002  1.545534e-001  2.536201e-001  3.142731e-001  3.334496e-001  2.824518e-001  1.548263e-001  -0.000000e+000  
-0.000000e+000  -0.000000e+000  -0.000000e+000  -0.000000e+000  -0.000000e+000  -0.000000e+000  -0.000000e+000  -0.000000e+000  -0.000000e+000  

-0.000000e+000  -0.000000e+000  -0.000000e+000  -0.000000e+000  -0.000000e+000  -0.000000e+000  -0.000000e+000  -0.000000e+000  -0.000000e+000  
4.534261e-002  5.443214e-002  5.005944e-002  3.819020e-002  2.526534e-002  9.633601e-003  -2.934595e-003  -8.268772e-003  -0.000000e+000  
2.324144e-001  2.191886e-001  1.920313e-001  1.449236e-001  9.508622e-002  3.542748e-002  -1.193363e-002  -3.184704e-002  -0.000000e+000  
4.204657e-001  3.971301e-001  3.442411e-001  2.545661e-001  1.625848e-001  5.567630e-002  -2.566564e-002  -5.878046e-002  -0.000000e+000  
6.433428e-001  6.041500e-001  5.147677e-001  3.679237e-001  2.243491e-001  6.527355e-002  -4.774214e-002  -9.134871e-002  -0.000000e+000  
1.031878e+000  9.561053e-001  7.846505e-001  5.216618e-001  2.873178e-001  5.089193e-002  -9.596392e-002  -1.465218e-001  -0.000000e+000  
1.623756e+000  1.469115e+000  1.123827e+000  6.556767e-001  2.956963e-001  -1.724611e-002  -1.743223e-001  -2.179494e-001  -0.000000e+000  
2.633963e+000  2.292221e+000  1.529363e+000  6.929802e-001  1.807619e-001  -1.700074e-001  -2.889743e-001  -3.049513e-001  -0.000000e+000  
4.575233e+000  3.781996e+000  1.859236e+000  4.189433e-001  -1.832954e-001  -4.385924e-001  -4.384192e-001  -4.014649e-001  -0.000000e+000  
8.688289e+000  7.103024e+000  1.280445e+000  -6.832113e-001  -9.626509e-001  -8.247964e-001  -6.052997e-001  -4.947001e-001  -0.000000e+000  
1.714476e+001  1.842333e+001  -6.742671e+000  -3.475412e+000  -2.138291e+000  -1.236301e+000  -7.493478e-001  -5.661669e-001  -0.000000e+000  
2.028864e+001  2.305300e+001  -7.831264e+000  -4.226538e+000  -2.521764e+000  -1.374996e+000  -7.962571e-001  -5.886410e-001  -0.000000e+000  
2.095850e+001  2.243062e+001  -7.336327e+000  -4.401173e+000  -2.648355e+000  -1.423593e+000  -8.125963e-001  -5.963660e-001  -0.000000e+000  
2.028864e+001  2.305300e+001  -7.831262e+000  -4.226537e+000  -2.521763e+000  -1.374996e+000  -7.962565e-001  -5.886406e-001  -0.000000e+000  
1.714476e+001  1.842333e+001  -6.742668e+000  -3.475409e+000  -2.138289e+000  -1.236299e+000  -7.493466e-001  -5.661660e-001  -0.000000e+000  
8.688295e+000  7.103030e+000  1.280451e+000  -6.832059e-001  -9.626465e-001  -8.247932e-001  -6.052976e-001  -4.946985e-001  -0.000000e+000  
4.575243e+000  3.782006e+000  1.859245e+000  4.189512e-001  -1.832890e-001  -4.385878e-001  -4.384163e-001  -4.014628e-001  -0.000000e+000  
2.633978e+000  2.292235e+000  1.529376e+000  6.929910e-001  1.807703e-001  -1.700016e-001  -2.889707e-001  -3.049487e-001  -0.000000e+000  
1.623777e+000  1.469134e+000  1.123845e+000  6.556904e-001  2.957066e-001  -1.723945e-002  -1.743184e-001  -2.179467e-001  -0.000000e+000  
1.031905e+000  9.561318e-001  7.846733e-001  5.216783e-001  2.873294e-001  5.089889e-002  -9.596006e-002  -1.465192e-001  -0.000000e+000  
6.433773e-001  6.041849e-001  5.147960e-001  3.679418e-001  2.243607e-001  6.527992e-002  -4.773883e-002  -9.134657e-002  -0.000000e+000  
4.205051e-001  3.971714e-001  3.442717e-001  2.545831e-001  1.625949e-001  5.568147e-002  -2.566307e-002  -5.877884e-002  -0.000000e+000  
2.324555e-001  2.192319e-001  1.920578e-001  1.449359e-001  9.509299e-002  3.543076e-002  -1.193204e-002  -3.184605e-002  -0.000000e+000  
4.537026e-002  5.445411e-002  5.006132e-002  3.819323e-002  2.526718e-002  9.634494e-003  -2.934167e-003  -8.268507e-003  -0.000000e+000  
-0.000000e+000  -0.000000e+000  -0.000000e+000  -0.000000e+000  -0.000000e+000  -0.000000e+000  -0.000000e+000  -0.000000e+000  -0.000000e+000  

0.000000e+000  0.000000e+000  0.000000e+000  0.000000e+000  0.000000e+000  0.000000e+000  0.000000e+000  0.000000e+000  0.000000e+000  
0.000000e+000  0.000000e+000  0.000000e+000  0.000000e+000  0.000000e+000  0.000000e+000  0.000000e+000  0.000000e+000  0.000000e+000  
0.000000e+000  0.000000e+000  0.000000e+000  0.000000e+000  0.000000e+000  0.000000e+000  0.000000e+000  0.000000e+000  0.000000e+000  
0.000000e+000  0.000000e+000  0.000000e+000  0.000000e+000  0.000000e+000  0.000000e+000  0.000000e+000  0.000000e+000  0.000000e+000  
0.000000e+000  0.000000e+000  0.000000e+000  0.000000e+000  0.000000e+000  0.000000e+000  0.000000e+000  0.000000e+000  0.000000e+000  
0.000000e+000  0.000000e+000  0.000000e+000  0.000000e+000  0.000000e+000  0.000000e+000  0.000000e+000  0.000000e+000  0.000000e+000  
0.000000e+000  0.000000e+000  0.000000e+000  0.000000e+000  0.000000e+000  0.000000e+000  0.000000e+000  0.000000e+000  0.000000e+000  
0.000000e+000  0.000000e+000  0.000000e+000  0.000000e+000  0.000000e+000  0.000000e+000  0.000000e+000  0.000000e+000  0.000000e+000  
0.000000e+000  0.000000e+000  0.000000e+000  0.000000e+000  0.000000e+000  0.000000e+000  0.000000e+000  0.000000e+000  0.000000e+000  
0.000000e+000  0.000000e+000  0.000000e+000  0.000000e+000  0.000000e+000  0.000000e+000  0.000000e+000  0.000000e+000  0.000000e+000  
0.000000e+000  0.000000e+000  0.000000e+000  0.000000e+000  0.000000e+000  0.000000e+000  0.000000e+000  0.000000e+000  0.000000e+000  
0.000000e+000  0.000000e+000  0.000000e+000  0.000000e+000  0.000000e+000  0.000000e+000  0.000000e+000  0.000000e+000  0.000000e+000  
0.000000e+000  0.000000e+000  0.000000e+000  0.000000e+000  0.000000e+000  0.000000e+000  0.000000e+000  0.000000e+000  0.000000e+000  
0.000000e+000  0.000000e+000  0.000000e+000  0.000000e+000  0.000000e+000  0.000000e+000  0.000000e+000  0.000000e+000  0.000000e+000  
0.000000e+000  0.000000e+000  0.000000e+000  0.000000e+000  0.000000e+000  0.000000e+000  0.000000e+000  0.000000e+000  0.000000e+000  
0.000000e+000  0.000000e+000  0.000000e+000  0.000000e+000  0.000000e+000  0.000000e+000  0.000000e+000  0.000000e+000  0.000000e+000  
0.000000e+000  0.000000e+000  0.000000e+000  0.000000e+000  0.000000e+000  0.000000e+000  0.000000e+000  0.000000e+000  0.000000e+000  
0.000000e+000  0.000000e+000  0.000000e+000  0.000000e+000  0.000000e+000  0.000000e+000  0.000000e+000  0.000000e+000  0.000000e+000  
0.000000e+000  0.000000e+000  0.000000e+000  0.000000e+000  0.000000e+000  0.000000e+000  0.000000e+000  0.000000e+000  0.000000e+000  
0.000000e+000  0.000000e+000  0.000000e+000  0.000000e+000  0.000000e+000  0.000000e+000  0.000000e+000  0.000000e+000  0.000000e+000  
0.000000e+000  0.000000e+000  0.000000e+000  0.000000e+000  0.000000e+000  0.000000e+000  0.000000e+000  0.000000e+000  0.000000e+000  
0.000000e+000  0.000000e+000  0.000000e+000  0.000000e+000  0.000000e+000  0.000000e+000  0.000000e+000  0.000000e+000  0.000000e+000  
0.000000e+000  0.000000e+000  0.000000e+000  0.000000e+000  0.000000e+000  0.000000e+000  0.000000e+000  0.000000e+000  0.000000e+000  
0.000000e+000  0.000000e+000  0.000000e+000  0.000000e+000  0.000000e+000  0.000000e+000  0.000000e+000  0.000000e+000  0.000000e+000  
0.000000e+000  0.000000e+000  0.000000e+000  0.000000e+000  0.000000e+000  0.000000e+000  0.000000e+000  0.000000e+000  0.000000e+000  

0.000000e+000  0.000000e+000  0.000000e+000  0.000000e+000  0.000000e+000  0.000000e+000  0.000000e+000  0.000000e+000  0.000000e+000  
0.000000e+000  0.000000e+000  0.000000e+000  0.000000e+000  0.000000e+000  0.000000e+000  0.000000e+000  0.000000e+000  0.000000e+000  
0.000000e+000  0.000000e+000  0.000000e+000  0.000000e+000  0.000000e+000  0.000000e+000  0.000000e+000  0.000000e+000  0.000000e+000  
0.000000e+000  0.000000e+000  0.000000e+000  0.000000e+000  0.000000e+000  0.000000e+000  0.000000e+000  0.000000e+000  0.000000e+000  
0.000000e+000  0.000000e+000  0.000000e+000  0.000000e+000  0.000000e+000  0.000000e+000  0.000000e+000  0.000000e+000  0.000000e+000  
0.000000e+000  0.000000e+000  0.000000e+000  0.000000e+000  0.000000e+000  0.000000e+000  0.000000e+000  0.000000e+000  0.000000e+000  
0.000000e+000  0.000000e+000  0.000000e+000  0.000000e+000  0.000000e+000  0.000000e+000  0.000000e+000  0.000000e+000  0.000000e+000  
0.000000e+000  0.000000e+000  0.000000e+000  0.000000e+000  0.000000e+000  0.000000e+000  0.000000e+000  0.000000e+000  0.000000e+000  
0.000000e+000  0.000000e+000  0.000000e+000  0.000000e+000  0.000000e+000  0.000000e+000  0.000000e+000  0.000000e+000  0.000000e+000  
0.000000e+000  0.000000e+000  0.000000e+000  0.000000e+000  0.000000e+000  0.000000e+000  0.000000e+000  0.000000e+000  0.000000e+000  
0.000000e+000  0.000000e+000  0.000000e+000  0.000000e+000  0.000000e+000  0.000000e+000  0.000000e+000  0.000000e+000  0.000000e+000  
0.000000e+000  0.000000e+000  0.000000e+000  0.000000e+000  0.000000e+000  0.000000e+000  0.000000e+000  0.000000e+000  0.000000e+000  
0.000000e+000  0.000000e+000  0.000000e+000  0.000000e+000  0.000000e+000  0.000000e+000  0.000000e+000  0.000000e+000  0.000000e+000  
0.000000e+000  0.000000e+000  0.000000e+000  0.000000e+000  0.000000e+000  0.000000e+000  0.000000e+000  0.000000e+000  0.000000e+000  
0.000000e+000  0.000000e+000  0.000000e+000  0.000000e+000  0.000000e+000  0.000000e+000  0.000000e+000  0.000000e+000  0.000000e+000  
0.000000e+000  0.000000e+000  0.000000e+000  0.000000e+000  0.000000e+000  0.000000e+000  0.000000e+000  0.000000e+000  0.000000e+000  
0.000000e+000  0.000000e+000  0.000000e+000  0.000000e+000  0.000000e+000  0.000000e+000  0.000000e+000  0.000000e+000  0.000000e+000  
0.000000e+000  0.000000e+000  0.000000e+000  0.000000e+000  0.000000e+000  0.000000e+000  0.000000e+000  0.000000e+000  0.000000e+000  
0.000000e+000  0.000000e+000  0.000000e+000  0.000000e+000  0.000000e+000  0.000000e+000  0.000000e+000  0.000000e+000  0.000000e+000  
0.000000e+000  0.000000e+000  0.000000e+000  0.000000e+000  0.000000e+000  0.000000e+000  0.000000e+000  0.000000e+000  0.000000e+000  
0.000000e+000  0.000000e+000  0.000000e+000  0.000000e+000  0.000000e+000  0.000000e+000  0.000000e+000  0.000000e+000  0.000000e+000  
0.000000e+000  0.000000e+000  0.000000e+000  0.000000e+000  0.000000e+000  0.000000e+000  0.000000e+000  0.000000e+000  0.000000e+000  
0.000000e+000  0.000000e+000  0.000000e+000  0.000000e+000  0.000000e+000  0.000000e+000  0.000000e+000  0.000000e+000  0.000000e+000  
0.000000e+000  0.000000e+000  0.000000e+000  0.000000e+000  0.000000e+000  0.000000e+000  0.000000e+000  0.000000e+000  0.000000e+000  
0.000000e+000  0.000000e+000  0.000000e+000  0.000000e+000  0.000000e+000  0.000000e+000  0.000000e+000  0.000000e+000  0.000000e+000  

0.000000e+000  0.000000e+000  0.000000e+000  0.000000e+000  0.000000e+000  0.000000e+000  0.000000e+000  0.000000e+000  0.000000e+000  
0.000000e+000  0.000000e+000  0.000000e+000  0.000000e+000  0.000000e+000  0.000000e+000  0.000000e+000  0.000000e+000  0.000000e+000  
0.000000e+000  0.000000e+000  0.000000e+000  0.000000e+000  0.000000e+000  0.000000e+000  0.000000e+000  0.000000e+000  0.000000e+000  
0.000000e+000  0.000000e+000  0.000000e+000  0.000000e+000  0.000000e+000  0.000000e+000  0.000000e+000  0.000000e+000  0.000000e+000  
0.000000e+000  0.000000e+000  0.000000e+000  0.000000e+000  0.000000e+000  0.000000e+000  0.000000e+000  0.000000e+000  0.000000e+000  
0.000000e+000  0.000000e+000  0.000000e+000  0.000000e+000  0.000000e+000  0.000000e+000  0.000000e+000  0.000000e+000  0.000000e+000  
0.000000e+000  0.000000e+000  0.000000e+000  0.000000e+000  0.000000e+000  0.000000e+000  0.000000e+000  0.000000e+000  0.000000e+000  
0.000000e+000  0.000000e+000  0.000000e+000  0.000000e+000  0.000000e+000  0.000000e+000  0.000000e+000  0.000000e+000  0.000000e+000  
0.000000e+000  0.000000e+000  0.000000e+000  0.000000e+000  0.000000e+000  0.000000e+000  0.000000e+000  0.000000e+000  0.000000e+000  
0.000000e+000  0.000000e+000  0.000000e+000  0.000000e+000  0.000000e+000  0.000000e+000  0.000000e+000  0.000000e+000  0.000000e+000  
0.000000e+000  0.000000e+000  0.000000e+000  0.000000e+000  0.000000e+000  0.000000e+000  0.000000e+000  0.000000e+000  0.000000e+000  
0.000000e+000  0.000000e+000  0.000000e+000  0.000000e+000  0.000000e+000  0.000000e+000  0.000000e+000  0.000000e+000  0.000000e+000  
0.000000e+000  0.000000e+000  0.000000e+000  0.000000e+000  0.000000e+000  0.000000e+000  0.000000e+000  0.000000e+000  0.000000e+000  
0.000000e+000  0.000000e+000  0.000000e+000  0.000000e+000  0.000000e+000  0.000000e+000  0.000000e+000  0.000000e+000  0.000000e+000  
0.000000e+000  0.000000e+000  0.000000e+000  0.000000e+000  0.000000e+000  0.000000e+000  0.000000e+000  0.000000e+000  0.000000e+000  
0.000000e+000  0.000000e+000  0.000000e+000  0.000000e+000  0.000000e+000  0.000000e+000  0.000000e+000  0.000000e+000  0.000000e+000  
0.000000e+000  0.000000e+000  0.000000e+000  0.000000e+000  0.000000e+000  0.000000e+000  0.000000e+000  0.000000e+000  0.000000e+000  
0.000000e+000  0.000000e+000  0.000000e+000  0.000000e+000  0.000000e+000  0.000000e+000  0.000000e+000  0.000000e+000  0.000000e+000  
0.000000e+000  0.000000e+000  0.000000e+000  0.000000e+000  0.000000e+000  0.000000e+000  0.000000e+000  0.000000e+000  0.000000e+000  
0.000000e+000  0.000000e+000  0.000000e+000  0.000000e+000  0.000000e+000  0.000000e+000  0.000000e+000  0.000000e+000  0.000000e+000  
0.000000e+000  0.000000e+000  0.000000e+000  0.000000e+000  0.000000e+000  0.000000e+000  0.000000e+000  0.000000e+000  0.000000e+000  
0.000000e+000  0.000000e+000  0.000000e+000  0.000000e+000  0.000000e+000  0.000000e+000  0.000000e+000  0.000000e+000  0.000000e+000  
0.000000e+000  0.000000e+000  0.000000e+000  0.000000e+000  0.000000e+000  0.000000e+000  0.000000e+000  0.000000e+000  0.000000e+000  
0.000000e+000  0.000000e+000  0.000000e+000  0.000000e+000  0.000000e+000  0.000000e+000  0.000000e+000  0.000000e+000  0.000000e+000  
0.000000e+000  0.000000e+000  0.000000e+000  0.000000e+000  0.000000e+000  0.000000e+000  0.000000e+000  0.000000e+000  0.000000e+000  

5.905627e-001  5.811989e-001  5.593601e-001  5.229538e-001  4.811148e-001  4.234078e-001  3.603310e-001  3.244080e-001  -0.000000e+000  
5.938860e-001  5.845682e-001  5.619105e-001  5.249174e-001  4.823452e-001  4.237682e-001  3.600170e-001  3.238157e-001  -0.000000e+000  
6.129098e-001  6.023608e-001  5.771133e-001  5.359271e-001  4.891416e-001  4.256856e-001  3.582028e-001  3.204773e-001  -0.000000e+000  
6.460313e-001  6.341035e-001  6.043483e-001  5.551750e-001  5.006488e-001  4.285018e-001  3.546482e-001  3.144059e-001  -0.000000e+000  
7.034839e-001  6.895311e-001  6.515038e-001  5.872946e-001  5.188347e-001  4.317554e-001  3.476773e-001  3.036167e-001  -0.000000e+000  
8.030351e-001  7.865381e-001  7.323043e-001  6.381731e-001  5.442903e-001  4.323370e-001  3.333858e-001  2.844163e-001  -0.000000e+000  
9.428560e-001  9.264264e-001  8.449819e-001  6.995989e-001  5.678283e-001  4.238592e-001  3.095823e-001  2.566835e-001  -0.000000e+000  
1.121792e+000  1.118908e+000  9.920485e-001  7.592924e-001  5.756634e-001  3.973109e-001  2.725216e-001  2.188788e-001  -0.000000e+000  
1.300980e+000  1.360445e+000  1.158255e+000  7.828695e-001  5.415649e-001  3.408007e-001  2.187522e-001  1.701598e-001  -0.000000e+000  
1.305987e+000  1.556565e+000  1.242976e+000  6.860641e-001  4.239797e-001  2.428193e-001  1.467779e-001  1.110785e-001  -0.000000e+000  
7.590537e-001  8.764245e-001  6.862968e-001  3.899506e-001  2.378817e-001  1.326288e-001  7.848052e-002  5.878967e-002  -0.000000e+000  
2.604420e-001  2.851225e-001  2.191180e-001  1.333410e-001  8.173550e-002  4.516159e-002  2.649040e-002  1.975869e-002  -0.000000e+000  
-2.604315e-001  -2.851119e-001  -2.191075e-001  -1.333303e-001  -8.172459e-002  -4.515032e-002  -2.647877e-002  -1.974690e-002  -0.000000e+000  
-7.590431e-001  -8.764140e-001  -6.862862e-001  -3.899399e-001  -2.378708e-001  -1.326174e-001  -7.846881e-002  -5.877780e-002  -0.000000e+000  
-1.305977e+000  -1.556554e+000  -1.242965e+000  -6.860534e-001  -4.239686e-001  -2.428078e-001  -1.467660e-001  -1.110664e-001  -0.000000e+000  
-1.300970e+000  -1.360435e+000  -1.158244e+000  -7.828586e-001  -5.415535e-001  -3.407887e-001  -2.187397e-001  -1.701472e-001  -0.000000e+000  
-1.121785e+000  -1.118900e+000  -9.920386e-001  -7.592815e-001  -5.756514e-001  -3.972979e-001  -2.725082e-001  -2.188654e-001  -0.000000e+000  
-9.428542e-001  -9.264210e-001  -8.449731e-001  -6.995877e-001  -5.678152e-001  -4.238448e-001  -3.095677e-001  -2.566692e-001  -0.000000e+000  
-8.030490e-001  -7.865415e-001  -7.322973e-001  -6.381609e-001  -5.442751e-001  -4.323203e-001  -3.333696e-001  -2.844008e-001  -0.000000e+000  
-7.035429e-001  -6.895576e-001  -6.514989e-001  -5.872790e-001  -5.188151e-001  -4.317354e-001  -3.476593e-001  -3.036000e-001  -0.000000e+000  
-6.462086e-001  -6.341848e-001  -6.043410e-001  -5.551504e-001  -5.006218e-001  -4.284778e-001  -3.546284e-001  -3.143882e-001  -0.000000e+000  
-6.133376e-001  -6.025437e-001  -5.770877e-001  -5.358861e-001  -4.891055e-001  -4.256581e-001  -3.581817e-001  -3.204589e-001  -0.000000e+000  
-5.949456e-001  -5.849494e-001  -5.618135e-001  -5.248483e-001  -4.822988e-001  -4.237377e-001  -3.599949e-001  -3.237969e-001  -0.000000e+000  
-5.924991e-001  -5.819782e-001  -5.591067e-001  -5.228671e-001  -4.810653e-001  -4.233766e-001  -3.603088e-001  -3.243891e-001  -0.000000e+000  
-0.000000e+000  -0.000000e+000  -0.000000e+000  -0.000000e+000  -0.000000e+000  -0.000000e+000  -0.000000e+000  -0.000000e+000  -0.000000e+000  

