Unknown:
D:\FINAL YEAR PROJECT\4_Port_MIMO_Sub_6_GHZ_CP_Antenna\Final_Antenna_done\Result\3d.slm
D:\FINAL YEAR PROJECT\4_Port_MIMO_Sub_6_GHZ_CP_Antenna\Final_Antenna_done\Result\adapt_Port1_e1.prt
D:\FINAL YEAR PROJECT\4_Port_MIMO_Sub_6_GHZ_CP_Antenna\Final_Antenna_done\Result\adapt_Port1_h1.prt
D:\FINAL YEAR PROJECT\4_Port_MIMO_Sub_6_GHZ_CP_Antenna\Final_Antenna_done\Result\adapt_Port2_e1.prt
D:\FINAL YEAR PROJECT\4_Port_MIMO_Sub_6_GHZ_CP_Antenna\Final_Antenna_done\Result\adapt_Port2_h1.prt
D:\FINAL YEAR PROJECT\4_Port_MIMO_Sub_6_GHZ_CP_Antenna\Final_Antenna_done\Result\adapt_Port3_e1.prt
D:\FINAL YEAR PROJECT\4_Port_MIMO_Sub_6_GHZ_CP_Antenna\Final_Antenna_done\Result\adapt_Port3_h1.prt
D:\FINAL YEAR PROJECT\4_Port_MIMO_Sub_6_GHZ_CP_Antenna\Final_Antenna_done\Result\adapt_Port4_e1.prt
D:\FINAL YEAR PROJECT\4_Port_MIMO_Sub_6_GHZ_CP_Antenna\Final_Antenna_done\Result\adapt_Port4_h1.prt
D:\FINAL YEAR PROJECT\4_Port_MIMO_Sub_6_GHZ_CP_Antenna\Final_Antenna_done\Result\e-field (f=1)_1,1.en
D:\FINAL YEAR PROJECT\4_Port_MIMO_Sub_6_GHZ_CP_Antenna\Final_Antenna_done\Result\e-field (f=1)_2,1.en
D:\FINAL YEAR PROJECT\4_Port_MIMO_Sub_6_GHZ_CP_Antenna\Final_Antenna_done\Result\e-field (f=1)_3,1.en
D:\FINAL YEAR PROJECT\4_Port_MIMO_Sub_6_GHZ_CP_Antenna\Final_Antenna_done\Result\e-field (f=1)_4,1.en
D:\FINAL YEAR PROJECT\4_Port_MIMO_Sub_6_GHZ_CP_Antenna\Final_Antenna_done\Result\e-field (f=3.5)_1,1.en
D:\FINAL YEAR PROJECT\4_Port_MIMO_Sub_6_GHZ_CP_Antenna\Final_Antenna_done\Result\e-field (f=3.5)_2,1.en
D:\FINAL YEAR PROJECT\4_Port_MIMO_Sub_6_GHZ_CP_Antenna\Final_Antenna_done\Result\e-field (f=3.5)_3,1.en
D:\FINAL YEAR PROJECT\4_Port_MIMO_Sub_6_GHZ_CP_Antenna\Final_Antenna_done\Result\e-field (f=3.5)_4,1.en
D:\FINAL YEAR PROJECT\4_Port_MIMO_Sub_6_GHZ_CP_Antenna\Final_Antenna_done\Result\e-field (f=6)_1,1.en
D:\FINAL YEAR PROJECT\4_Port_MIMO_Sub_6_GHZ_CP_Antenna\Final_Antenna_done\Result\e-field (f=6)_2,1.en
D:\FINAL YEAR PROJECT\4_Port_MIMO_Sub_6_GHZ_CP_Antenna\Final_Antenna_done\Result\e-field (f=6)_3,1.en
D:\FINAL YEAR PROJECT\4_Port_MIMO_Sub_6_GHZ_CP_Antenna\Final_Antenna_done\Result\e-field (f=6)_4,1.en
D:\FINAL YEAR PROJECT\4_Port_MIMO_Sub_6_GHZ_CP_Antenna\Final_Antenna_done\Result\farfield (broadband)1D_1.ffp
D:\FINAL YEAR PROJECT\4_Port_MIMO_Sub_6_GHZ_CP_Antenna\Final_Antenna_done\Result\farfield (broadband)1D_2.ffp
D:\FINAL YEAR PROJECT\4_Port_MIMO_Sub_6_GHZ_CP_Antenna\Final_Antenna_done\Result\farfield (broadband)2D_1.ffp
D:\FINAL YEAR PROJECT\4_Port_MIMO_Sub_6_GHZ_CP_Antenna\Final_Antenna_done\Result\farfield (broadband)_1.ffb
D:\FINAL YEAR PROJECT\4_Port_MIMO_Sub_6_GHZ_CP_Antenna\Final_Antenna_done\Result\farfield (broadband)_1_buffer1.ffp
D:\FINAL YEAR PROJECT\4_Port_MIMO_Sub_6_GHZ_CP_Antenna\Final_Antenna_done\Result\farfield (broadband)_1_buffer10.ffp
D:\FINAL YEAR PROJECT\4_Port_MIMO_Sub_6_GHZ_CP_Antenna\Final_Antenna_done\Result\farfield (broadband)_1_buffer11.ffp
D:\FINAL YEAR PROJECT\4_Port_MIMO_Sub_6_GHZ_CP_Antenna\Final_Antenna_done\Result\farfield (broadband)_1_buffer12.ffp
D:\FINAL YEAR PROJECT\4_Port_MIMO_Sub_6_GHZ_CP_Antenna\Final_Antenna_done\Result\farfield (broadband)_1_buffer13.ffp
D:\FINAL YEAR PROJECT\4_Port_MIMO_Sub_6_GHZ_CP_Antenna\Final_Antenna_done\Result\farfield (broadband)_1_buffer14.ffp
D:\FINAL YEAR PROJECT\4_Port_MIMO_Sub_6_GHZ_CP_Antenna\Final_Antenna_done\Result\farfield (broadband)_1_buffer15.ffp
D:\FINAL YEAR PROJECT\4_Port_MIMO_Sub_6_GHZ_CP_Antenna\Final_Antenna_done\Result\farfield (broadband)_1_buffer16.ffp
D:\FINAL YEAR PROJECT\4_Port_MIMO_Sub_6_GHZ_CP_Antenna\Final_Antenna_done\Result\farfield (broadband)_1_buffer17.ffp
D:\FINAL YEAR PROJECT\4_Port_MIMO_Sub_6_GHZ_CP_Antenna\Final_Antenna_done\Result\farfield (broadband)_1_buffer18.ffp
D:\FINAL YEAR PROJECT\4_Port_MIMO_Sub_6_GHZ_CP_Antenna\Final_Antenna_done\Result\farfield (broadband)_1_buffer19.ffp
D:\FINAL YEAR PROJECT\4_Port_MIMO_Sub_6_GHZ_CP_Antenna\Final_Antenna_done\Result\farfield (broadband)_1_buffer2.ffp
D:\FINAL YEAR PROJECT\4_Port_MIMO_Sub_6_GHZ_CP_Antenna\Final_Antenna_done\Result\farfield (broadband)_1_buffer20.ffp
D:\FINAL YEAR PROJECT\4_Port_MIMO_Sub_6_GHZ_CP_Antenna\Final_Antenna_done\Result\farfield (broadband)_1_buffer21.ffp
D:\FINAL YEAR PROJECT\4_Port_MIMO_Sub_6_GHZ_CP_Antenna\Final_Antenna_done\Result\farfield (broadband)_1_buffer3.ffp
D:\FINAL YEAR PROJECT\4_Port_MIMO_Sub_6_GHZ_CP_Antenna\Final_Antenna_done\Result\farfield (broadband)_1_buffer4.ffp
D:\FINAL YEAR PROJECT\4_Port_MIMO_Sub_6_GHZ_CP_Antenna\Final_Antenna_done\Result\farfield (broadband)_1_buffer5.ffp
D:\FINAL YEAR PROJECT\4_Port_MIMO_Sub_6_GHZ_CP_Antenna\Final_Antenna_done\Result\farfield (broadband)_1_buffer6.ffp
D:\FINAL YEAR PROJECT\4_Port_MIMO_Sub_6_GHZ_CP_Antenna\Final_Antenna_done\Result\farfield (broadband)_1_buffer7.ffp
D:\FINAL YEAR PROJECT\4_Port_MIMO_Sub_6_GHZ_CP_Antenna\Final_Antenna_done\Result\farfield (broadband)_1_buffer8.ffp
D:\FINAL YEAR PROJECT\4_Port_MIMO_Sub_6_GHZ_CP_Antenna\Final_Antenna_done\Result\farfield (broadband)_1_buffer9.ffp
D:\FINAL YEAR PROJECT\4_Port_MIMO_Sub_6_GHZ_CP_Antenna\Final_Antenna_done\Result\farfield (broadband)_2.ffb
D:\FINAL YEAR PROJECT\4_Port_MIMO_Sub_6_GHZ_CP_Antenna\Final_Antenna_done\Result\farfield (broadband)_2_buffer1.ffp
D:\FINAL YEAR PROJECT\4_Port_MIMO_Sub_6_GHZ_CP_Antenna\Final_Antenna_done\Result\farfield (f=1)1D_1.ffp
D:\FINAL YEAR PROJECT\4_Port_MIMO_Sub_6_GHZ_CP_Antenna\Final_Antenna_done\Result\farfield (f=1)_1.fme
D:\FINAL YEAR PROJECT\4_Port_MIMO_Sub_6_GHZ_CP_Antenna\Final_Antenna_done\Result\farfield (f=1)_2.fme
D:\FINAL YEAR PROJECT\4_Port_MIMO_Sub_6_GHZ_CP_Antenna\Final_Antenna_done\Result\farfield (f=1)_3.fme
D:\FINAL YEAR PROJECT\4_Port_MIMO_Sub_6_GHZ_CP_Antenna\Final_Antenna_done\Result\farfield (f=1)_4.fme
D:\FINAL YEAR PROJECT\4_Port_MIMO_Sub_6_GHZ_CP_Antenna\Final_Antenna_done\Result\farfield (f=3.5)1D_1.ffp
D:\FINAL YEAR PROJECT\4_Port_MIMO_Sub_6_GHZ_CP_Antenna\Final_Antenna_done\Result\farfield (f=3.5)1D_2.ffp
D:\FINAL YEAR PROJECT\4_Port_MIMO_Sub_6_GHZ_CP_Antenna\Final_Antenna_done\Result\farfield (f=3.5)1D_3.ffp
D:\FINAL YEAR PROJECT\4_Port_MIMO_Sub_6_GHZ_CP_Antenna\Final_Antenna_done\Result\farfield (f=3.5)1D_4.ffp
D:\FINAL YEAR PROJECT\4_Port_MIMO_Sub_6_GHZ_CP_Antenna\Final_Antenna_done\Result\farfield (f=3.5)2D_1.ffp
D:\FINAL YEAR PROJECT\4_Port_MIMO_Sub_6_GHZ_CP_Antenna\Final_Antenna_done\Result\farfield (f=3.5)_1.fme
D:\FINAL YEAR PROJECT\4_Port_MIMO_Sub_6_GHZ_CP_Antenna\Final_Antenna_done\Result\farfield (f=3.5)_2.fme
D:\FINAL YEAR PROJECT\4_Port_MIMO_Sub_6_GHZ_CP_Antenna\Final_Antenna_done\Result\farfield (f=3.5)_3.fme
D:\FINAL YEAR PROJECT\4_Port_MIMO_Sub_6_GHZ_CP_Antenna\Final_Antenna_done\Result\farfield (f=3.5)_4.fme
D:\FINAL YEAR PROJECT\4_Port_MIMO_Sub_6_GHZ_CP_Antenna\Final_Antenna_done\Result\farfield (f=6)_1.fme
D:\FINAL YEAR PROJECT\4_Port_MIMO_Sub_6_GHZ_CP_Antenna\Final_Antenna_done\Result\farfield (f=6)_2.fme
D:\FINAL YEAR PROJECT\4_Port_MIMO_Sub_6_GHZ_CP_Antenna\Final_Antenna_done\Result\farfield (f=6)_3.fme
D:\FINAL YEAR PROJECT\4_Port_MIMO_Sub_6_GHZ_CP_Antenna\Final_Antenna_done\Result\farfield (f=6)_4.fme
D:\FINAL YEAR PROJECT\4_Port_MIMO_Sub_6_GHZ_CP_Antenna\Final_Antenna_done\Result\h-field (f=1)_1,1.en
D:\FINAL YEAR PROJECT\4_Port_MIMO_Sub_6_GHZ_CP_Antenna\Final_Antenna_done\Result\h-field (f=1)_2,1.en
D:\FINAL YEAR PROJECT\4_Port_MIMO_Sub_6_GHZ_CP_Antenna\Final_Antenna_done\Result\h-field (f=1)_3,1.en
D:\FINAL YEAR PROJECT\4_Port_MIMO_Sub_6_GHZ_CP_Antenna\Final_Antenna_done\Result\h-field (f=1)_4,1.en
D:\FINAL YEAR PROJECT\4_Port_MIMO_Sub_6_GHZ_CP_Antenna\Final_Antenna_done\Result\h-field (f=3.5)_1,1.en
D:\FINAL YEAR PROJECT\4_Port_MIMO_Sub_6_GHZ_CP_Antenna\Final_Antenna_done\Result\h-field (f=3.5)_2,1.en
D:\FINAL YEAR PROJECT\4_Port_MIMO_Sub_6_GHZ_CP_Antenna\Final_Antenna_done\Result\h-field (f=3.5)_3,1.en
D:\FINAL YEAR PROJECT\4_Port_MIMO_Sub_6_GHZ_CP_Antenna\Final_Antenna_done\Result\h-field (f=3.5)_4,1.en
D:\FINAL YEAR PROJECT\4_Port_MIMO_Sub_6_GHZ_CP_Antenna\Final_Antenna_done\Result\h-field (f=6)_1,1.en
D:\FINAL YEAR PROJECT\4_Port_MIMO_Sub_6_GHZ_CP_Antenna\Final_Antenna_done\Result\h-field (f=6)_2,1.en
D:\FINAL YEAR PROJECT\4_Port_MIMO_Sub_6_GHZ_CP_Antenna\Final_Antenna_done\Result\h-field (f=6)_3,1.en
D:\FINAL YEAR PROJECT\4_Port_MIMO_Sub_6_GHZ_CP_Antenna\Final_Antenna_done\Result\h-field (f=6)_4,1.en
D:\FINAL YEAR PROJECT\4_Port_MIMO_Sub_6_GHZ_CP_Antenna\Final_Antenna_done\Result\MCalc.ddi
D:\FINAL YEAR PROJECT\4_Port_MIMO_Sub_6_GHZ_CP_Antenna\Final_Antenna_done\Result\MCalc.log
D:\FINAL YEAR PROJECT\4_Port_MIMO_Sub_6_GHZ_CP_Antenna\Final_Antenna_done\Result\Model.axg
D:\FINAL YEAR PROJECT\4_Port_MIMO_Sub_6_GHZ_CP_Antenna\Final_Antenna_done\Result\Model.ddi
D:\FINAL YEAR PROJECT\4_Port_MIMO_Sub_6_GHZ_CP_Antenna\Final_Antenna_done\Result\Model.elg
D:\FINAL YEAR PROJECT\4_Port_MIMO_Sub_6_GHZ_CP_Antenna\Final_Antenna_done\Result\Model.inf
D:\FINAL YEAR PROJECT\4_Port_MIMO_Sub_6_GHZ_CP_Antenna\Final_Antenna_done\Result\Model.log
D:\FINAL YEAR PROJECT\4_Port_MIMO_Sub_6_GHZ_CP_Antenna\Final_Antenna_done\Result\Model.pmi
D:\FINAL YEAR PROJECT\4_Port_MIMO_Sub_6_GHZ_CP_Antenna\Final_Antenna_done\Result\Model.sa
D:\FINAL YEAR PROJECT\4_Port_MIMO_Sub_6_GHZ_CP_Antenna\Final_Antenna_done\Result\m^fb.dsc
D:\FINAL YEAR PROJECT\4_Port_MIMO_Sub_6_GHZ_CP_Antenna\Final_Antenna_done\Result\m^fifx.dsc
D:\FINAL YEAR PROJECT\4_Port_MIMO_Sub_6_GHZ_CP_Antenna\Final_Antenna_done\Result\m^fqq.dsc
D:\FINAL YEAR PROJECT\4_Port_MIMO_Sub_6_GHZ_CP_Antenna\Final_Antenna_done\Result\m^ppex.dsc
D:\FINAL YEAR PROJECT\4_Port_MIMO_Sub_6_GHZ_CP_Antenna\Final_Antenna_done\Result\Port1_1.m2d
D:\FINAL YEAR PROJECT\4_Port_MIMO_Sub_6_GHZ_CP_Antenna\Final_Antenna_done\Result\Port2_1.m2d
D:\FINAL YEAR PROJECT\4_Port_MIMO_Sub_6_GHZ_CP_Antenna\Final_Antenna_done\Result\Port3_1.m2d
D:\FINAL YEAR PROJECT\4_Port_MIMO_Sub_6_GHZ_CP_Antenna\Final_Antenna_done\Result\Port4_1.m2d
D:\FINAL YEAR PROJECT\4_Port_MIMO_Sub_6_GHZ_CP_Antenna\Final_Antenna_done\Result\Postprocessing.log
D:\FINAL YEAR PROJECT\4_Port_MIMO_Sub_6_GHZ_CP_Antenna\Final_Antenna_done\Result\p^a.dsc
Mesh:
D:\FINAL YEAR PROJECT\4_Port_MIMO_Sub_6_GHZ_CP_Antenna\Final_Antenna_done\Result\dA.mat
D:\FINAL YEAR PROJECT\4_Port_MIMO_Sub_6_GHZ_CP_Antenna\Final_Antenna_done\Result\dad.mat
D:\FINAL YEAR PROJECT\4_Port_MIMO_Sub_6_GHZ_CP_Antenna\Final_Antenna_done\Result\ds.mat
D:\FINAL YEAR PROJECT\4_Port_MIMO_Sub_6_GHZ_CP_Antenna\Final_Antenna_done\Result\dsd.mat
D:\FINAL YEAR PROJECT\4_Port_MIMO_Sub_6_GHZ_CP_Antenna\Final_Antenna_done\Result\dsMCalc.mat
D:\FINAL YEAR PROJECT\4_Port_MIMO_Sub_6_GHZ_CP_Antenna\Final_Antenna_done\Result\Eps.mat
D:\FINAL YEAR PROJECT\4_Port_MIMO_Sub_6_GHZ_CP_Antenna\Final_Antenna_done\Result\HexMatrix.m2h
D:\FINAL YEAR PROJECT\4_Port_MIMO_Sub_6_GHZ_CP_Antenna\Final_Antenna_done\Result\HexMatrix_MCalc.m2h
D:\FINAL YEAR PROJECT\4_Port_MIMO_Sub_6_GHZ_CP_Antenna\Final_Antenna_done\Result\Kappa.mat
D:\FINAL YEAR PROJECT\4_Port_MIMO_Sub_6_GHZ_CP_Antenna\Final_Antenna_done\Result\MCalc.fmp
D:\FINAL YEAR PROJECT\4_Port_MIMO_Sub_6_GHZ_CP_Antenna\Final_Antenna_done\Result\MCalc.xcfd
D:\FINAL YEAR PROJECT\4_Port_MIMO_Sub_6_GHZ_CP_Antenna\Final_Antenna_done\Result\mesher_shapes.fsi
D:\FINAL YEAR PROJECT\4_Port_MIMO_Sub_6_GHZ_CP_Antenna\Final_Antenna_done\Result\Meta.m2h
D:\FINAL YEAR PROJECT\4_Port_MIMO_Sub_6_GHZ_CP_Antenna\Final_Antenna_done\Result\Meta.mat
D:\FINAL YEAR PROJECT\4_Port_MIMO_Sub_6_GHZ_CP_Antenna\Final_Antenna_done\Result\Meta.spi
D:\FINAL YEAR PROJECT\4_Port_MIMO_Sub_6_GHZ_CP_Antenna\Final_Antenna_done\Result\Meta.wgi
D:\FINAL YEAR PROJECT\4_Port_MIMO_Sub_6_GHZ_CP_Antenna\Final_Antenna_done\Result\Model.fmf
D:\FINAL YEAR PROJECT\4_Port_MIMO_Sub_6_GHZ_CP_Antenna\Final_Antenna_done\Result\Model.fmm
D:\FINAL YEAR PROJECT\4_Port_MIMO_Sub_6_GHZ_CP_Antenna\Final_Antenna_done\Result\Model.fpc
D:\FINAL YEAR PROJECT\4_Port_MIMO_Sub_6_GHZ_CP_Antenna\Final_Antenna_done\Result\Model.fwf
D:\FINAL YEAR PROJECT\4_Port_MIMO_Sub_6_GHZ_CP_Antenna\Final_Antenna_done\Result\Model.mss
D:\FINAL YEAR PROJECT\4_Port_MIMO_Sub_6_GHZ_CP_Antenna\Final_Antenna_done\Result\Model.ntr
D:\FINAL YEAR PROJECT\4_Port_MIMO_Sub_6_GHZ_CP_Antenna\Final_Antenna_done\Result\Model.sic
D:\FINAL YEAR PROJECT\4_Port_MIMO_Sub_6_GHZ_CP_Antenna\Final_Antenna_done\Result\Model.spi
D:\FINAL YEAR PROJECT\4_Port_MIMO_Sub_6_GHZ_CP_Antenna\Final_Antenna_done\Result\Model.xcfd
D:\FINAL YEAR PROJECT\4_Port_MIMO_Sub_6_GHZ_CP_Antenna\Final_Antenna_done\Result\Model^PEC.fpf
D:\FINAL YEAR PROJECT\4_Port_MIMO_Sub_6_GHZ_CP_Antenna\Final_Antenna_done\Result\Mue.mat
D:\FINAL YEAR PROJECT\4_Port_MIMO_Sub_6_GHZ_CP_Antenna\Final_Antenna_done\Result\m^fqq.mem
D:\FINAL YEAR PROJECT\4_Port_MIMO_Sub_6_GHZ_CP_Antenna\Final_Antenna_done\Result\p1.spi
D:\FINAL YEAR PROJECT\4_Port_MIMO_Sub_6_GHZ_CP_Antenna\Final_Antenna_done\Result\p2.spi
D:\FINAL YEAR PROJECT\4_Port_MIMO_Sub_6_GHZ_CP_Antenna\Final_Antenna_done\Result\p3.spi
D:\FINAL YEAR PROJECT\4_Port_MIMO_Sub_6_GHZ_CP_Antenna\Final_Antenna_done\Result\p4.spi
D:\FINAL YEAR PROJECT\4_Port_MIMO_Sub_6_GHZ_CP_Antenna\Final_Antenna_done\Result\PEC.mat
D:\FINAL YEAR PROJECT\4_Port_MIMO_Sub_6_GHZ_CP_Antenna\Final_Antenna_done\Result\Port1.wgi
D:\FINAL YEAR PROJECT\4_Port_MIMO_Sub_6_GHZ_CP_Antenna\Final_Antenna_done\Result\Port2.wgi
D:\FINAL YEAR PROJECT\4_Port_MIMO_Sub_6_GHZ_CP_Antenna\Final_Antenna_done\Result\Port3.wgi
D:\FINAL YEAR PROJECT\4_Port_MIMO_Sub_6_GHZ_CP_Antenna\Final_Antenna_done\Result\Port4.wgi
D:\FINAL YEAR PROJECT\4_Port_MIMO_Sub_6_GHZ_CP_Antenna\Final_Antenna_done\Result\p^a.mem
D:\FINAL YEAR PROJECT\4_Port_MIMO_Sub_6_GHZ_CP_Antenna\Final_Antenna_done\Result\p^m.mem
D:\FINAL YEAR PROJECT\4_Port_MIMO_Sub_6_GHZ_CP_Antenna\Final_Antenna_done\Result\Rho.mat
D:\FINAL YEAR PROJECT\4_Port_MIMO_Sub_6_GHZ_CP_Antenna\Final_Antenna_done\Result\S2HMatrix.m2h
D:\FINAL YEAR PROJECT\4_Port_MIMO_Sub_6_GHZ_CP_Antenna\Final_Antenna_done\Result\s^pm.mem
