<<<<<<<<<<<<<<<<<<<<<<<<<<<
2023 May 19 (Fri): 13:45:28
<<<<<<<<<<<<<<<<<<<<<<<<<<<

==================================================================
 - desired group: 0, sockets = 0
 - pinning rule: PINNING_RULE_DEFAULT
 - skip setting processor groups: there is only 1 processor group.
 - num cores available : 8
 - hyperthreading      : on
 - used mask (uint64_t): 85
 - used mask (string)  : 10101010
==================================================================

========================================
Processing CAD model (for field results)
Version 2016.1 (build 20160226)
2023 May 19 (Fri): 13:45:28
========================================

==================================================================================================
== CST Matrix Calculation Priority Log                                                          ==
==================================================================================================
 
Priorities are sorted in ascending order beginning with the lowest priority
 
Priority:   3, shape   2: component1:Substrate, material: FR-4 (lossy)
Priority:   4, shape   1: component1:Element_1, material: Copper (annealed)
Priority:   4, shape   3: component1:radiating_patch, material: Copper (annealed)
 
==================================================================================================
 
===========================================
Finished CAD processing (for field results)
===========================================

>>>>>>>>>>>>>>>>>>>>>>>>>>>
2023 May 19 (Fri): 13:45:29
>>>>>>>>>>>>>>>>>>>>>>>>>>>

<<<<<<<<<<<<<<<<<<<<<<<<<<<
2023 May 19 (Fri): 13:45:29
<<<<<<<<<<<<<<<<<<<<<<<<<<<

==================================================================
 - desired group: 0, sockets = 0
 - pinning rule: PINNING_RULE_DEFAULT
 - skip setting processor groups: there is only 1 processor group.
 - num cores available : 8
 - hyperthreading      : on
 - used mask (uint64_t): 85
 - used mask (string)  : 10101010
==================================================================

===============================
Port preparation
Version 2016.1 (build 20160226)
2023 May 19 (Fri): 13:45:29
===============================

==========================
Finished port preparation.
==========================

>>>>>>>>>>>>>>>>>>>>>>>>>>>
2023 May 19 (Fri): 13:45:29
>>>>>>>>>>>>>>>>>>>>>>>>>>>

<<<<<<<<<<<<<<<<<<<<<<<<<<<
2023 May 19 (Fri): 13:45:30
<<<<<<<<<<<<<<<<<<<<<<<<<<<

==============================
Mesher selection: manual: FPBA
==============================

<<<<<<<<<<<<<<<<<<<<<<<<<<<
2023 May 19 (Fri): 13:45:30
<<<<<<<<<<<<<<<<<<<<<<<<<<<

==================================================================
 - desired group: 0, sockets = 0
 - pinning rule: PINNING_RULE_DEFAULT
 - skip setting processor groups: there is only 1 processor group.
 - num cores available : 8
 - hyperthreading      : on
 - used mask (uint64_t): 85
 - used mask (string)  : 10101010
==================================================================

==========================================
Matrix computation (FPBA)
	[FPBA accuracy enhancement is enabled]
Version 2016.1 (build 20160226)
2023 May 19 (Fri): 13:45:30
==========================================

----------------------------------------------
Used point accuracy enhancement value: 72.00%.
----------------------------------------------

------------------------------------------------------------------------------
+++++++++++++++++++++++++++++++++++++++++++++++++++++
settings for port mode calculation
+++++++++++++++++++++++++++++++++++++++++++++++++++++
PBA fill limit is applied in inverse mode.
PBA fill limit is applied on faces filled with at least 98.44% metal material.
--------------------------------------------------------------
detailed accuracy settings:
--------------------------------------------------------------
augmented fill limit:       true
augmented fill limit value: 98.44
automatic fill limit:       true
early fill limit:           true
inverse fill limit:         true
model complexity:           0.00
legacy 2015:                false
fixed point accuracy:       false
minimum point accuracy:     0
mesh step inheritance:      false
accuracy mode:              
------------------------------------------------------------------------------

==================================
Finished matrix computation (FPBA)
==================================

>>>>>>>>>>>>>>>>>>>>>>>>>>>
2023 May 19 (Fri): 13:45:30
>>>>>>>>>>>>>>>>>>>>>>>>>>>

>>>>>>>>>>>>>>>>>>>>>>>>>>>
2023 May 19 (Fri): 13:45:30
>>>>>>>>>>>>>>>>>>>>>>>>>>>

--------------------------------
# of staircase filled cells: 0
# of staircase filled areas: 0
# of staircase filled edges: 0
# of faces above fill limit: 0
# of edges with FPBA topology: 0
--------------------------------

<<<<<<<<<<<<<<<<<<<<<<<<<<<
2023 May 19 (Fri): 13:45:32
<<<<<<<<<<<<<<<<<<<<<<<<<<<

==============================
Mesher selection: manual: FPBA
==============================

<<<<<<<<<<<<<<<<<<<<<<<<<<<
2023 May 19 (Fri): 13:45:32
<<<<<<<<<<<<<<<<<<<<<<<<<<<

==================================================================
 - desired group: 0, sockets = 0
 - pinning rule: PINNING_RULE_DEFAULT
 - skip setting processor groups: there is only 1 processor group.
 - num cores available : 8
 - hyperthreading      : on
 - used mask (uint64_t): 85
 - used mask (string)  : 10101010
==================================================================

==========================================
Matrix computation (FPBA)
	[FPBA accuracy enhancement is enabled]
Version 2016.1 (build 20160226)
2023 May 19 (Fri): 13:45:32
==========================================

----------------------------------------------
Used point accuracy enhancement value: 72.00%.
----------------------------------------------

------------------------------------------------------------------------------
+++++++++++++++++++++++++++++++++++++++++++++++++++++
settings for port mode calculation
+++++++++++++++++++++++++++++++++++++++++++++++++++++
PBA fill limit is applied in inverse mode.
PBA fill limit is applied on faces filled with at least 98.44% metal material.
--------------------------------------------------------------
detailed accuracy settings:
--------------------------------------------------------------
augmented fill limit:       true
augmented fill limit value: 98.44
automatic fill limit:       true
early fill limit:           true
inverse fill limit:         true
model complexity:           0.00
legacy 2015:                false
fixed point accuracy:       false
minimum point accuracy:     0
mesh step inheritance:      false
accuracy mode:              
------------------------------------------------------------------------------

==================================
Finished matrix computation (FPBA)
==================================

>>>>>>>>>>>>>>>>>>>>>>>>>>>
2023 May 19 (Fri): 13:45:33
>>>>>>>>>>>>>>>>>>>>>>>>>>>

>>>>>>>>>>>>>>>>>>>>>>>>>>>
2023 May 19 (Fri): 13:45:33
>>>>>>>>>>>>>>>>>>>>>>>>>>>

--------------------------------
# of staircase filled cells: 0
# of staircase filled areas: 0
# of staircase filled edges: 0
# of faces above fill limit: 0
# of edges with FPBA topology: 0
--------------------------------

<<<<<<<<<<<<<<<<<<<<<<<<<<<
2023 May 19 (Fri): 13:45:35
<<<<<<<<<<<<<<<<<<<<<<<<<<<

==============================
Mesher selection: manual: FPBA
==============================

<<<<<<<<<<<<<<<<<<<<<<<<<<<
2023 May 19 (Fri): 13:45:35
<<<<<<<<<<<<<<<<<<<<<<<<<<<

==================================================================
 - desired group: 0, sockets = 0
 - pinning rule: PINNING_RULE_DEFAULT
 - skip setting processor groups: there is only 1 processor group.
 - num cores available : 8
 - hyperthreading      : on
 - used mask (uint64_t): 85
 - used mask (string)  : 10101010
==================================================================

==========================================
Matrix computation (FPBA)
	[FPBA accuracy enhancement is enabled]
Version 2016.1 (build 20160226)
2023 May 19 (Fri): 13:45:35
==========================================

----------------------------------------------
Used point accuracy enhancement value: 72.00%.
----------------------------------------------

------------------------------------------------------------------------------
+++++++++++++++++++++++++++++++++++++++++++++++++++++
settings for port mode calculation
+++++++++++++++++++++++++++++++++++++++++++++++++++++
PBA fill limit is applied in inverse mode.
PBA fill limit is applied on faces filled with at least 98.44% metal material.
--------------------------------------------------------------
detailed accuracy settings:
--------------------------------------------------------------
augmented fill limit:       true
augmented fill limit value: 98.44
automatic fill limit:       true
early fill limit:           true
inverse fill limit:         true
model complexity:           0.00
legacy 2015:                false
fixed point accuracy:       false
minimum point accuracy:     0
mesh step inheritance:      false
accuracy mode:              
------------------------------------------------------------------------------

==================================
Finished matrix computation (FPBA)
==================================

>>>>>>>>>>>>>>>>>>>>>>>>>>>
2023 May 19 (Fri): 13:45:36
>>>>>>>>>>>>>>>>>>>>>>>>>>>

>>>>>>>>>>>>>>>>>>>>>>>>>>>
2023 May 19 (Fri): 13:45:36
>>>>>>>>>>>>>>>>>>>>>>>>>>>

--------------------------------
# of staircase filled cells: 0
# of staircase filled areas: 0
# of staircase filled edges: 0
# of faces above fill limit: 0
# of edges with FPBA topology: 0
--------------------------------

<<<<<<<<<<<<<<<<<<<<<<<<<<<
2023 May 19 (Fri): 13:45:37
<<<<<<<<<<<<<<<<<<<<<<<<<<<

==============================
Mesher selection: manual: FPBA
==============================

<<<<<<<<<<<<<<<<<<<<<<<<<<<
2023 May 19 (Fri): 13:45:38
<<<<<<<<<<<<<<<<<<<<<<<<<<<

==================================================================
 - desired group: 0, sockets = 0
 - pinning rule: PINNING_RULE_DEFAULT
 - skip setting processor groups: there is only 1 processor group.
 - num cores available : 8
 - hyperthreading      : on
 - used mask (uint64_t): 85
 - used mask (string)  : 10101010
==================================================================

==========================================
Matrix computation (FPBA)
	[FPBA accuracy enhancement is enabled]
Version 2016.1 (build 20160226)
2023 May 19 (Fri): 13:45:38
==========================================

----------------------------------------------
Used point accuracy enhancement value: 72.00%.
----------------------------------------------

------------------------------------------------------------------------------
+++++++++++++++++++++++++++++++++++++++++++++++++++++
settings for port mode calculation
+++++++++++++++++++++++++++++++++++++++++++++++++++++
PBA fill limit is applied in inverse mode.
PBA fill limit is applied on faces filled with at least 98.44% metal material.
--------------------------------------------------------------
detailed accuracy settings:
--------------------------------------------------------------
augmented fill limit:       true
augmented fill limit value: 98.44
automatic fill limit:       true
early fill limit:           true
inverse fill limit:         true
model complexity:           0.00
legacy 2015:                false
fixed point accuracy:       false
minimum point accuracy:     0
mesh step inheritance:      false
accuracy mode:              
------------------------------------------------------------------------------

==================================
Finished matrix computation (FPBA)
==================================

>>>>>>>>>>>>>>>>>>>>>>>>>>>
2023 May 19 (Fri): 13:45:40
>>>>>>>>>>>>>>>>>>>>>>>>>>>

>>>>>>>>>>>>>>>>>>>>>>>>>>>
2023 May 19 (Fri): 13:45:40
>>>>>>>>>>>>>>>>>>>>>>>>>>>

--------------------------------
# of staircase filled cells: 0
# of staircase filled areas: 0
# of staircase filled edges: 0
# of faces above fill limit: 0
# of edges with FPBA topology: 0
--------------------------------

<<<<<<<<<<<<<<<<<<<<<<<<<<<
2023 May 19 (Fri): 13:45:42
<<<<<<<<<<<<<<<<<<<<<<<<<<<

==============================
Mesher selection: manual: FPBA
==============================

<<<<<<<<<<<<<<<<<<<<<<<<<<<
2023 May 19 (Fri): 13:45:42
<<<<<<<<<<<<<<<<<<<<<<<<<<<

==================================================================
 - desired group: 0, sockets = 0
 - pinning rule: PINNING_RULE_DEFAULT
 - skip setting processor groups: there is only 1 processor group.
 - num cores available : 8
 - hyperthreading      : on
 - used mask (uint64_t): 85
 - used mask (string)  : 10101010
==================================================================

==========================================
Matrix computation (FPBA)
	[FPBA accuracy enhancement is enabled]
Version 2016.1 (build 20160226)
2023 May 19 (Fri): 13:45:42
==========================================

----------------------------------------------
Used point accuracy enhancement value: 72.00%.
----------------------------------------------

------------------------------------------------------------------------------
+++++++++++++++++++++++++++++++++++++++++++++++++++++
settings for port mode calculation
+++++++++++++++++++++++++++++++++++++++++++++++++++++
PBA fill limit is applied in inverse mode.
PBA fill limit is applied on faces filled with at least 98.44% metal material.
--------------------------------------------------------------
detailed accuracy settings:
--------------------------------------------------------------
augmented fill limit:       true
augmented fill limit value: 98.44
automatic fill limit:       true
early fill limit:           true
inverse fill limit:         true
model complexity:           0.00
legacy 2015:                false
fixed point accuracy:       false
minimum point accuracy:     0
mesh step inheritance:      false
accuracy mode:              
------------------------------------------------------------------------------

==================================
Finished matrix computation (FPBA)
==================================

>>>>>>>>>>>>>>>>>>>>>>>>>>>
2023 May 19 (Fri): 13:45:43
>>>>>>>>>>>>>>>>>>>>>>>>>>>

>>>>>>>>>>>>>>>>>>>>>>>>>>>
2023 May 19 (Fri): 13:45:43
>>>>>>>>>>>>>>>>>>>>>>>>>>>

--------------------------------
# of staircase filled cells: 0
# of staircase filled areas: 0
# of staircase filled edges: 0
# of faces above fill limit: 0
# of edges with FPBA topology: 0
--------------------------------

<<<<<<<<<<<<<<<<<<<<<<<<<<<
2023 May 19 (Fri): 13:45:44
<<<<<<<<<<<<<<<<<<<<<<<<<<<

==============================
Mesher selection: manual: FPBA
==============================

<<<<<<<<<<<<<<<<<<<<<<<<<<<
2023 May 19 (Fri): 13:45:45
<<<<<<<<<<<<<<<<<<<<<<<<<<<

==================================================================
 - desired group: 0, sockets = 0
 - pinning rule: PINNING_RULE_DEFAULT
 - skip setting processor groups: there is only 1 processor group.
 - num cores available : 8
 - hyperthreading      : on
 - used mask (uint64_t): 85
 - used mask (string)  : 10101010
==================================================================

==========================================
Matrix computation (FPBA)
	[FPBA accuracy enhancement is enabled]
Version 2016.1 (build 20160226)
2023 May 19 (Fri): 13:45:45
==========================================

----------------------------------------------
Used point accuracy enhancement value: 72.00%.
----------------------------------------------

------------------------------------------------------------------------------
+++++++++++++++++++++++++++++++++++++++++++++++++++++
settings for port mode calculation
+++++++++++++++++++++++++++++++++++++++++++++++++++++
PBA fill limit is applied in inverse mode.
PBA fill limit is applied on faces filled with at least 98.44% metal material.
--------------------------------------------------------------
detailed accuracy settings:
--------------------------------------------------------------
augmented fill limit:       true
augmented fill limit value: 98.44
automatic fill limit:       true
early fill limit:           true
inverse fill limit:         true
model complexity:           0.00
legacy 2015:                false
fixed point accuracy:       false
minimum point accuracy:     0
mesh step inheritance:      false
accuracy mode:              
------------------------------------------------------------------------------

==================================
Finished matrix computation (FPBA)
==================================

>>>>>>>>>>>>>>>>>>>>>>>>>>>
2023 May 19 (Fri): 13:45:45
>>>>>>>>>>>>>>>>>>>>>>>>>>>

>>>>>>>>>>>>>>>>>>>>>>>>>>>
2023 May 19 (Fri): 13:45:45
>>>>>>>>>>>>>>>>>>>>>>>>>>>

--------------------------------
# of staircase filled cells: 0
# of staircase filled areas: 0
# of staircase filled edges: 0
# of faces above fill limit: 0
# of edges with FPBA topology: 0
--------------------------------

<<<<<<<<<<<<<<<<<<<<<<<<<<<
2023 May 19 (Fri): 13:45:47
<<<<<<<<<<<<<<<<<<<<<<<<<<<

==============================
Mesher selection: manual: FPBA
==============================

<<<<<<<<<<<<<<<<<<<<<<<<<<<
2023 May 19 (Fri): 13:45:47
<<<<<<<<<<<<<<<<<<<<<<<<<<<

==================================================================
 - desired group: 0, sockets = 0
 - pinning rule: PINNING_RULE_DEFAULT
 - skip setting processor groups: there is only 1 processor group.
 - num cores available : 8
 - hyperthreading      : on
 - used mask (uint64_t): 85
 - used mask (string)  : 10101010
==================================================================

==========================================
Matrix computation (FPBA)
	[FPBA accuracy enhancement is enabled]
Version 2016.1 (build 20160226)
2023 May 19 (Fri): 13:45:47
==========================================

----------------------------------------------
Used point accuracy enhancement value: 72.00%.
----------------------------------------------

------------------------------------------------------------------------------
+++++++++++++++++++++++++++++++++++++++++++++++++++++
settings for port mode calculation
+++++++++++++++++++++++++++++++++++++++++++++++++++++
PBA fill limit is applied in inverse mode.
PBA fill limit is applied on faces filled with at least 98.44% metal material.
--------------------------------------------------------------
detailed accuracy settings:
--------------------------------------------------------------
augmented fill limit:       true
augmented fill limit value: 98.44
automatic fill limit:       true
early fill limit:           true
inverse fill limit:         true
model complexity:           0.00
legacy 2015:                false
fixed point accuracy:       false
minimum point accuracy:     0
mesh step inheritance:      false
accuracy mode:              
------------------------------------------------------------------------------

==================================
Finished matrix computation (FPBA)
==================================

>>>>>>>>>>>>>>>>>>>>>>>>>>>
2023 May 19 (Fri): 13:45:48
>>>>>>>>>>>>>>>>>>>>>>>>>>>

>>>>>>>>>>>>>>>>>>>>>>>>>>>
2023 May 19 (Fri): 13:45:48
>>>>>>>>>>>>>>>>>>>>>>>>>>>

--------------------------------
# of staircase filled cells: 0
# of staircase filled areas: 0
# of staircase filled edges: 0
# of faces above fill limit: 0
# of edges with FPBA topology: 0
--------------------------------

<<<<<<<<<<<<<<<<<<<<<<<<<<<
2023 May 19 (Fri): 13:45:50
<<<<<<<<<<<<<<<<<<<<<<<<<<<

==============================
Mesher selection: manual: FPBA
==============================

<<<<<<<<<<<<<<<<<<<<<<<<<<<
2023 May 19 (Fri): 13:45:50
<<<<<<<<<<<<<<<<<<<<<<<<<<<

==================================================================
 - desired group: 0, sockets = 0
 - pinning rule: PINNING_RULE_DEFAULT
 - skip setting processor groups: there is only 1 processor group.
 - num cores available : 8
 - hyperthreading      : on
 - used mask (uint64_t): 85
 - used mask (string)  : 10101010
==================================================================

==========================================
Matrix computation (FPBA)
	[FPBA accuracy enhancement is enabled]
Version 2016.1 (build 20160226)
2023 May 19 (Fri): 13:45:50
==========================================

----------------------------------------------
Used point accuracy enhancement value: 72.00%.
----------------------------------------------

------------------------------------------------------------------------------
+++++++++++++++++++++++++++++++++++++++++++++++++++++
settings for port mode calculation
+++++++++++++++++++++++++++++++++++++++++++++++++++++
PBA fill limit is applied in inverse mode.
PBA fill limit is applied on faces filled with at least 98.44% metal material.
--------------------------------------------------------------
detailed accuracy settings:
--------------------------------------------------------------
augmented fill limit:       true
augmented fill limit value: 98.44
automatic fill limit:       true
early fill limit:           true
inverse fill limit:         true
model complexity:           0.00
legacy 2015:                false
fixed point accuracy:       false
minimum point accuracy:     0
mesh step inheritance:      false
accuracy mode:              
------------------------------------------------------------------------------

==================================
Finished matrix computation (FPBA)
==================================

>>>>>>>>>>>>>>>>>>>>>>>>>>>
2023 May 19 (Fri): 13:45:53
>>>>>>>>>>>>>>>>>>>>>>>>>>>

>>>>>>>>>>>>>>>>>>>>>>>>>>>
2023 May 19 (Fri): 13:45:53
>>>>>>>>>>>>>>>>>>>>>>>>>>>

--------------------------------
# of staircase filled cells: 0
# of staircase filled areas: 0
# of staircase filled edges: 0
# of faces above fill limit: 0
# of edges with FPBA topology: 0
--------------------------------

<<<<<<<<<<<<<<<<<<<<<<<<<<<
2023 May 19 (Fri): 13:45:55
<<<<<<<<<<<<<<<<<<<<<<<<<<<

==============================
Mesher selection: manual: FPBA
==============================

<<<<<<<<<<<<<<<<<<<<<<<<<<<
2023 May 19 (Fri): 13:45:55
<<<<<<<<<<<<<<<<<<<<<<<<<<<

==================================================================
 - desired group: 0, sockets = 0
 - pinning rule: PINNING_RULE_DEFAULT
 - skip setting processor groups: there is only 1 processor group.
 - num cores available : 8
 - hyperthreading      : on
 - used mask (uint64_t): 85
 - used mask (string)  : 10101010
==================================================================

==========================================
Matrix computation (FPBA)
	[FPBA accuracy enhancement is enabled]
Version 2016.1 (build 20160226)
2023 May 19 (Fri): 13:45:55
==========================================

----------------------------------------------
Used point accuracy enhancement value: 72.00%.
----------------------------------------------

------------------------------------------------------------------------------
+++++++++++++++++++++++++++++++++++++++++++++++++++++
settings for port mode calculation
+++++++++++++++++++++++++++++++++++++++++++++++++++++
PBA fill limit is applied in inverse mode.
PBA fill limit is applied on faces filled with at least 98.44% metal material.
--------------------------------------------------------------
detailed accuracy settings:
--------------------------------------------------------------
augmented fill limit:       true
augmented fill limit value: 98.44
automatic fill limit:       true
early fill limit:           true
inverse fill limit:         true
model complexity:           0.00
legacy 2015:                false
fixed point accuracy:       false
minimum point accuracy:     0
mesh step inheritance:      false
accuracy mode:              
------------------------------------------------------------------------------

==================================
Finished matrix computation (FPBA)
==================================

>>>>>>>>>>>>>>>>>>>>>>>>>>>
2023 May 19 (Fri): 13:45:55
>>>>>>>>>>>>>>>>>>>>>>>>>>>

>>>>>>>>>>>>>>>>>>>>>>>>>>>
2023 May 19 (Fri): 13:45:56
>>>>>>>>>>>>>>>>>>>>>>>>>>>

--------------------------------
# of staircase filled cells: 0
# of staircase filled areas: 0
# of staircase filled edges: 0
# of faces above fill limit: 0
# of edges with FPBA topology: 0
--------------------------------

<<<<<<<<<<<<<<<<<<<<<<<<<<<
2023 May 19 (Fri): 13:45:57
<<<<<<<<<<<<<<<<<<<<<<<<<<<

==============================
Mesher selection: manual: FPBA
==============================

<<<<<<<<<<<<<<<<<<<<<<<<<<<
2023 May 19 (Fri): 13:45:58
<<<<<<<<<<<<<<<<<<<<<<<<<<<

==================================================================
 - desired group: 0, sockets = 0
 - pinning rule: PINNING_RULE_DEFAULT
 - skip setting processor groups: there is only 1 processor group.
 - num cores available : 8
 - hyperthreading      : on
 - used mask (uint64_t): 85
 - used mask (string)  : 10101010
==================================================================

==========================================
Matrix computation (FPBA)
	[FPBA accuracy enhancement is enabled]
Version 2016.1 (build 20160226)
2023 May 19 (Fri): 13:45:58
==========================================

----------------------------------------------
Used point accuracy enhancement value: 72.00%.
----------------------------------------------

------------------------------------------------------------------------------
+++++++++++++++++++++++++++++++++++++++++++++++++++++
settings for port mode calculation
+++++++++++++++++++++++++++++++++++++++++++++++++++++
PBA fill limit is applied in inverse mode.
PBA fill limit is applied on faces filled with at least 98.44% metal material.
--------------------------------------------------------------
detailed accuracy settings:
--------------------------------------------------------------
augmented fill limit:       true
augmented fill limit value: 98.44
automatic fill limit:       true
early fill limit:           true
inverse fill limit:         true
model complexity:           0.00
legacy 2015:                false
fixed point accuracy:       false
minimum point accuracy:     0
mesh step inheritance:      false
accuracy mode:              
------------------------------------------------------------------------------

==================================
Finished matrix computation (FPBA)
==================================

>>>>>>>>>>>>>>>>>>>>>>>>>>>
2023 May 19 (Fri): 13:45:58
>>>>>>>>>>>>>>>>>>>>>>>>>>>

>>>>>>>>>>>>>>>>>>>>>>>>>>>
2023 May 19 (Fri): 13:45:59
>>>>>>>>>>>>>>>>>>>>>>>>>>>

--------------------------------
# of staircase filled cells: 0
# of staircase filled areas: 0
# of staircase filled edges: 0
# of faces above fill limit: 0
# of edges with FPBA topology: 0
--------------------------------

<<<<<<<<<<<<<<<<<<<<<<<<<<<
2023 May 19 (Fri): 13:46:00
<<<<<<<<<<<<<<<<<<<<<<<<<<<

==============================
Mesher selection: manual: FPBA
==============================

<<<<<<<<<<<<<<<<<<<<<<<<<<<
2023 May 19 (Fri): 13:46:00
<<<<<<<<<<<<<<<<<<<<<<<<<<<

==================================================================
 - desired group: 0, sockets = 0
 - pinning rule: PINNING_RULE_DEFAULT
 - skip setting processor groups: there is only 1 processor group.
 - num cores available : 8
 - hyperthreading      : on
 - used mask (uint64_t): 85
 - used mask (string)  : 10101010
==================================================================

==========================================
Matrix computation (FPBA)
	[FPBA accuracy enhancement is enabled]
Version 2016.1 (build 20160226)
2023 May 19 (Fri): 13:46:00
==========================================

----------------------------------------------
Used point accuracy enhancement value: 72.00%.
----------------------------------------------

------------------------------------------------------------------------------
+++++++++++++++++++++++++++++++++++++++++++++++++++++
settings for port mode calculation
+++++++++++++++++++++++++++++++++++++++++++++++++++++
PBA fill limit is applied in inverse mode.
PBA fill limit is applied on faces filled with at least 98.44% metal material.
--------------------------------------------------------------
detailed accuracy settings:
--------------------------------------------------------------
augmented fill limit:       true
augmented fill limit value: 98.44
automatic fill limit:       true
early fill limit:           true
inverse fill limit:         true
model complexity:           0.00
legacy 2015:                false
fixed point accuracy:       false
minimum point accuracy:     0
mesh step inheritance:      false
accuracy mode:              
------------------------------------------------------------------------------

==================================
Finished matrix computation (FPBA)
==================================

>>>>>>>>>>>>>>>>>>>>>>>>>>>
2023 May 19 (Fri): 13:46:02
>>>>>>>>>>>>>>>>>>>>>>>>>>>

>>>>>>>>>>>>>>>>>>>>>>>>>>>
2023 May 19 (Fri): 13:46:02
>>>>>>>>>>>>>>>>>>>>>>>>>>>

--------------------------------
# of staircase filled cells: 0
# of staircase filled areas: 0
# of staircase filled edges: 0
# of faces above fill limit: 0
# of edges with FPBA topology: 0
--------------------------------

<<<<<<<<<<<<<<<<<<<<<<<<<<<
2023 May 19 (Fri): 13:46:03
<<<<<<<<<<<<<<<<<<<<<<<<<<<

==============================
Mesher selection: manual: FPBA
==============================

<<<<<<<<<<<<<<<<<<<<<<<<<<<
2023 May 19 (Fri): 13:46:03
<<<<<<<<<<<<<<<<<<<<<<<<<<<

==================================================================
 - desired group: 0, sockets = 0
 - pinning rule: PINNING_RULE_DEFAULT
 - skip setting processor groups: there is only 1 processor group.
 - num cores available : 8
 - hyperthreading      : on
 - used mask (uint64_t): 85
 - used mask (string)  : 10101010
==================================================================

==========================================
Matrix computation (FPBA)
	[FPBA accuracy enhancement is enabled]
Version 2016.1 (build 20160226)
2023 May 19 (Fri): 13:46:03
==========================================

----------------------------------------------
Used point accuracy enhancement value: 72.00%.
----------------------------------------------

------------------------------------------------------------------------------
+++++++++++++++++++++++++++++++++++++++++++++++++++++
settings for port mode calculation
+++++++++++++++++++++++++++++++++++++++++++++++++++++
PBA fill limit is applied in inverse mode.
PBA fill limit is applied on faces filled with at least 98.44% metal material.
--------------------------------------------------------------
detailed accuracy settings:
--------------------------------------------------------------
augmented fill limit:       true
augmented fill limit value: 98.44
automatic fill limit:       true
early fill limit:           true
inverse fill limit:         true
model complexity:           0.00
legacy 2015:                false
fixed point accuracy:       false
minimum point accuracy:     0
mesh step inheritance:      false
accuracy mode:              
------------------------------------------------------------------------------

==================================
Finished matrix computation (FPBA)
==================================

>>>>>>>>>>>>>>>>>>>>>>>>>>>
2023 May 19 (Fri): 13:46:06
>>>>>>>>>>>>>>>>>>>>>>>>>>>

>>>>>>>>>>>>>>>>>>>>>>>>>>>
2023 May 19 (Fri): 13:46:06
>>>>>>>>>>>>>>>>>>>>>>>>>>>

--------------------------------
# of staircase filled cells: 0
# of staircase filled areas: 0
# of staircase filled edges: 0
# of faces above fill limit: 0
# of edges with FPBA topology: 0
--------------------------------

<<<<<<<<<<<<<<<<<<<<<<<<<<<
2023 May 19 (Fri): 13:46:08
<<<<<<<<<<<<<<<<<<<<<<<<<<<

==============================
Mesher selection: manual: FPBA
==============================

<<<<<<<<<<<<<<<<<<<<<<<<<<<
2023 May 19 (Fri): 13:46:08
<<<<<<<<<<<<<<<<<<<<<<<<<<<

==================================================================
 - desired group: 0, sockets = 0
 - pinning rule: PINNING_RULE_DEFAULT
 - skip setting processor groups: there is only 1 processor group.
 - num cores available : 8
 - hyperthreading      : on
 - used mask (uint64_t): 85
 - used mask (string)  : 10101010
==================================================================

==========================================
Matrix computation (FPBA)
	[FPBA accuracy enhancement is enabled]
Version 2016.1 (build 20160226)
2023 May 19 (Fri): 13:46:08
==========================================

----------------------------------------------
Used point accuracy enhancement value: 72.00%.
----------------------------------------------

------------------------------------------------------------------------------
+++++++++++++++++++++++++++++++++++++++++++++++++++++
settings for port mode calculation
+++++++++++++++++++++++++++++++++++++++++++++++++++++
PBA fill limit is applied in inverse mode.
PBA fill limit is applied on faces filled with at least 98.44% metal material.
--------------------------------------------------------------
detailed accuracy settings:
--------------------------------------------------------------
augmented fill limit:       true
augmented fill limit value: 98.44
automatic fill limit:       true
early fill limit:           true
inverse fill limit:         true
model complexity:           0.00
legacy 2015:                false
fixed point accuracy:       false
minimum point accuracy:     0
mesh step inheritance:      false
accuracy mode:              
------------------------------------------------------------------------------

==================================
Finished matrix computation (FPBA)
==================================

>>>>>>>>>>>>>>>>>>>>>>>>>>>
2023 May 19 (Fri): 13:46:09
>>>>>>>>>>>>>>>>>>>>>>>>>>>

>>>>>>>>>>>>>>>>>>>>>>>>>>>
2023 May 19 (Fri): 13:46:09
>>>>>>>>>>>>>>>>>>>>>>>>>>>

--------------------------------
# of staircase filled cells: 0
# of staircase filled areas: 0
# of staircase filled edges: 0
# of faces above fill limit: 0
# of edges with FPBA topology: 0
--------------------------------

<<<<<<<<<<<<<<<<<<<<<<<<<<<
2023 May 19 (Fri): 13:46:11
<<<<<<<<<<<<<<<<<<<<<<<<<<<

==============================
Mesher selection: manual: FPBA
==============================

<<<<<<<<<<<<<<<<<<<<<<<<<<<
2023 May 19 (Fri): 13:46:11
<<<<<<<<<<<<<<<<<<<<<<<<<<<

==================================================================
 - desired group: 0, sockets = 0
 - pinning rule: PINNING_RULE_DEFAULT
 - skip setting processor groups: there is only 1 processor group.
 - num cores available : 8
 - hyperthreading      : on
 - used mask (uint64_t): 85
 - used mask (string)  : 10101010
==================================================================

==========================================
Matrix computation (FPBA)
	[FPBA accuracy enhancement is enabled]
Version 2016.1 (build 20160226)
2023 May 19 (Fri): 13:46:11
==========================================

----------------------------------------------
Used point accuracy enhancement value: 72.00%.
----------------------------------------------

------------------------------------------------------------------------------
+++++++++++++++++++++++++++++++++++++++++++++++++++++
settings for port mode calculation
+++++++++++++++++++++++++++++++++++++++++++++++++++++
PBA fill limit is applied in inverse mode.
PBA fill limit is applied on faces filled with at least 98.44% metal material.
--------------------------------------------------------------
detailed accuracy settings:
--------------------------------------------------------------
augmented fill limit:       true
augmented fill limit value: 98.44
automatic fill limit:       true
early fill limit:           true
inverse fill limit:         true
model complexity:           0.00
legacy 2015:                false
fixed point accuracy:       false
minimum point accuracy:     0
mesh step inheritance:      false
accuracy mode:              
------------------------------------------------------------------------------

==================================
Finished matrix computation (FPBA)
==================================

>>>>>>>>>>>>>>>>>>>>>>>>>>>
2023 May 19 (Fri): 13:46:12
>>>>>>>>>>>>>>>>>>>>>>>>>>>

>>>>>>>>>>>>>>>>>>>>>>>>>>>
2023 May 19 (Fri): 13:46:12
>>>>>>>>>>>>>>>>>>>>>>>>>>>

--------------------------------
# of staircase filled cells: 0
# of staircase filled areas: 0
# of staircase filled edges: 0
# of faces above fill limit: 0
# of edges with FPBA topology: 0
--------------------------------

<<<<<<<<<<<<<<<<<<<<<<<<<<<
2023 May 19 (Fri): 13:46:14
<<<<<<<<<<<<<<<<<<<<<<<<<<<

==============================
Mesher selection: manual: FPBA
==============================

<<<<<<<<<<<<<<<<<<<<<<<<<<<
2023 May 19 (Fri): 13:46:14
<<<<<<<<<<<<<<<<<<<<<<<<<<<

==================================================================
 - desired group: 0, sockets = 0
 - pinning rule: PINNING_RULE_DEFAULT
 - skip setting processor groups: there is only 1 processor group.
 - num cores available : 8
 - hyperthreading      : on
 - used mask (uint64_t): 85
 - used mask (string)  : 10101010
==================================================================

==========================================
Matrix computation (FPBA)
	[FPBA accuracy enhancement is enabled]
Version 2016.1 (build 20160226)
2023 May 19 (Fri): 13:46:14
==========================================

----------------------------------------------
Used point accuracy enhancement value: 72.00%.
----------------------------------------------

------------------------------------------------------------------------------
+++++++++++++++++++++++++++++++++++++++++++++++++++++
settings for port mode calculation
+++++++++++++++++++++++++++++++++++++++++++++++++++++
PBA fill limit is applied in inverse mode.
PBA fill limit is applied on faces filled with at least 98.44% metal material.
--------------------------------------------------------------
detailed accuracy settings:
--------------------------------------------------------------
augmented fill limit:       true
augmented fill limit value: 98.44
automatic fill limit:       true
early fill limit:           true
inverse fill limit:         true
model complexity:           0.00
legacy 2015:                false
fixed point accuracy:       false
minimum point accuracy:     0
mesh step inheritance:      false
accuracy mode:              
------------------------------------------------------------------------------

==================================
Finished matrix computation (FPBA)
==================================

>>>>>>>>>>>>>>>>>>>>>>>>>>>
2023 May 19 (Fri): 13:46:15
>>>>>>>>>>>>>>>>>>>>>>>>>>>

>>>>>>>>>>>>>>>>>>>>>>>>>>>
2023 May 19 (Fri): 13:46:15
>>>>>>>>>>>>>>>>>>>>>>>>>>>

--------------------------------
# of staircase filled cells: 0
# of staircase filled areas: 0
# of staircase filled edges: 0
# of faces above fill limit: 0
# of edges with FPBA topology: 0
--------------------------------

<<<<<<<<<<<<<<<<<<<<<<<<<<<
2023 May 19 (Fri): 13:46:17
<<<<<<<<<<<<<<<<<<<<<<<<<<<

==============================
Mesher selection: manual: FPBA
==============================

<<<<<<<<<<<<<<<<<<<<<<<<<<<
2023 May 19 (Fri): 13:46:17
<<<<<<<<<<<<<<<<<<<<<<<<<<<

==================================================================
 - desired group: 0, sockets = 0
 - pinning rule: PINNING_RULE_DEFAULT
 - skip setting processor groups: there is only 1 processor group.
 - num cores available : 8
 - hyperthreading      : on
 - used mask (uint64_t): 85
 - used mask (string)  : 10101010
==================================================================

==========================================
Matrix computation (FPBA)
	[FPBA accuracy enhancement is enabled]
Version 2016.1 (build 20160226)
2023 May 19 (Fri): 13:46:17
==========================================

----------------------------------------------
Used point accuracy enhancement value: 72.00%.
----------------------------------------------

------------------------------------------------------------------------------
+++++++++++++++++++++++++++++++++++++++++++++++++++++
settings for port mode calculation
+++++++++++++++++++++++++++++++++++++++++++++++++++++
PBA fill limit is applied in inverse mode.
PBA fill limit is applied on faces filled with at least 98.44% metal material.
--------------------------------------------------------------
detailed accuracy settings:
--------------------------------------------------------------
augmented fill limit:       true
augmented fill limit value: 98.44
automatic fill limit:       true
early fill limit:           true
inverse fill limit:         true
model complexity:           0.00
legacy 2015:                false
fixed point accuracy:       false
minimum point accuracy:     0
mesh step inheritance:      false
accuracy mode:              
------------------------------------------------------------------------------

==================================
Finished matrix computation (FPBA)
==================================

>>>>>>>>>>>>>>>>>>>>>>>>>>>
2023 May 19 (Fri): 13:46:20
>>>>>>>>>>>>>>>>>>>>>>>>>>>

>>>>>>>>>>>>>>>>>>>>>>>>>>>
2023 May 19 (Fri): 13:46:20
>>>>>>>>>>>>>>>>>>>>>>>>>>>

--------------------------------
# of staircase filled cells: 0
# of staircase filled areas: 0
# of staircase filled edges: 0
# of faces above fill limit: 0
# of edges with FPBA topology: 0
--------------------------------

<<<<<<<<<<<<<<<<<<<<<<<<<<<
2023 May 19 (Fri): 13:46:22
<<<<<<<<<<<<<<<<<<<<<<<<<<<

======================
Mesher selection: FPBA
======================

==================================================================
 - desired group: 0, sockets = 0
 - pinning rule: PINNING_RULE_DEFAULT
 - skip setting processor groups: there is only 1 processor group.
 - num cores available : 8
 - hyperthreading      : on
 - used mask (uint64_t): 85
 - used mask (string)  : 10101010
==================================================================

===============================
Processing CAD model
Version 2016.1 (build 20160226)
2023 May 19 (Fri): 13:46:22
===============================

----------------------------------------------
Used point accuracy enhancement value: 42.00%.
----------------------------------------------

=============================================================================
Mesh statistics:
-----------------------------------------------------------------------------
Minimum edge length (x): 0.213 @ mesh line 13 (x)
Maximum edge length (x): 2.93 @ mesh line 72 (x)
Minimum face area (x): 0.16 @ mesh lines 11 | 9 (y | z)
Maximum face area (x): 9.51 @ mesh lines 69 | 23 (y | z)
Minimum edge length (y): 0.2 @ mesh line 11 (y)
Maximum edge length (y): 2.99 @ mesh line 69 (y)
Minimum face area (y): 0.17 @ mesh lines 9 | 13 (z | x)
Maximum face area (y): 9.33 @ mesh lines 23 | 72 (z | x)
Minimum edge length (z): 0.8 @ mesh line 9 (z)
Maximum edge length (z): 3.18 @ mesh line 23 (z)
Minimum face area (z): 0.0426 @ mesh lines 13 | 11 (x | y)
Maximum face area (z): 8.75 @ mesh lines 72 | 69 (x | y)
Maximum mesh face aspect ratio (x): 15.9 : 1.0  @ mesh lines 11 | 23 (y | z)
Maximum mesh face aspect ratio (y): 15 : 1.0  @ mesh lines 23 | 13 (z | x)
Maximum mesh face aspect ratio (z): 14.7 : 1.0  @ mesh lines 72 | 11 (x | y)
=============================================================================

=======================
Finished CAD processing
=======================

------------------------------------------------------------
Parallelization Info
------------------------------------------------------------
Number of concurrent threads: 2
Number of node domains: 2
Number of mesh cells: 129600
------------------------------------------------------------
Node order
1, 0
------------------------------------------------------------

1xN000:  <<<<<<<<<<<<<<<<<<<<<<<<<<<
         2023 May 19 (Fri): 13:46:23
         <<<<<<<<<<<<<<<<<<<<<<<<<<<

1xN000:  ==================================================================
          - desired group: 0, sockets = 0
          - pinning rule: PINNING_RULE_DEFAULT
          - skip setting processor groups: there is only 1 processor group.
          - num cores available : 8
          - hyperthreading      : on
          - used mask (uint64_t): 85
          - used mask (string)  : 10101010
         ==================================================================

1xN000:  ==========================================
         Matrix computation (FPBA)
         	[FPBA accuracy enhancement is enabled]
         Version 2016.1 (build 20160226)
         2023 May 19 (Fri): 13:46:23
         ==========================================

1xN000:  ssssssssssssssssssssssssssssssssssssssssss
         # of curls with SI accuracy enhancement: 0
         ssssssssssssssssssssssssssssssssssssssssss

1xN000:  ------------------------------------------------------------------------------
         PBA fill limit is applied in inverse mode.
         PBA fill limit is applied on faces filled with at least 98.25% metal material.
         --------------------------------------------------------------
         detailed accuracy settings:
         --------------------------------------------------------------
         augmented fill limit:       true
         augmented fill limit value: 98.25
         automatic fill limit:       true
         early fill limit:           true
         inverse fill limit:         true
         model complexity:           0.00
         legacy 2015:                false
         fixed point accuracy:       false
         minimum point accuracy:     0
         mesh step inheritance:      false
         accuracy mode:
         ------------------------------------------------------------------------------

1xN000:  ==================================
         Finished matrix computation (FPBA)
         ==================================

1xN000:  >>>>>>>>>>>>>>>>>>>>>>>>>>>
         2023 May 19 (Fri): 13:46:29
         >>>>>>>>>>>>>>>>>>>>>>>>>>>



1xN001:  <<<<<<<<<<<<<<<<<<<<<<<<<<<
         2023 May 19 (Fri): 13:46:23
         <<<<<<<<<<<<<<<<<<<<<<<<<<<

1xN001:  ==================================================================
          - desired group: 0, sockets = 0
          - pinning rule: PINNING_RULE_DEFAULT
          - skip setting processor groups: there is only 1 processor group.
          - num cores available : 8
          - hyperthreading      : on
          - used mask (uint64_t): 85
          - used mask (string)  : 10101010
         ==================================================================

1xN001:  ==========================================
         Matrix computation (FPBA)
         	[FPBA accuracy enhancement is enabled]
         Version 2016.1 (build 20160226)
         2023 May 19 (Fri): 13:46:23
         ==========================================

1xN001:  ssssssssssssssssssssssssssssssssssssssssss
         # of curls with SI accuracy enhancement: 0
         ssssssssssssssssssssssssssssssssssssssssss

1xN001:  ------------------------------------------------------------------------------
         PBA fill limit is applied in inverse mode.
         PBA fill limit is applied on faces filled with at least 98.25% metal material.
         --------------------------------------------------------------
         detailed accuracy settings:
         --------------------------------------------------------------
         augmented fill limit:       true
         augmented fill limit value: 98.25
         automatic fill limit:       true
         early fill limit:           true
         inverse fill limit:         true
         model complexity:           0.00
         legacy 2015:                false
         fixed point accuracy:       false
         minimum point accuracy:     0
         mesh step inheritance:      false
         accuracy mode:
         ------------------------------------------------------------------------------

1xN001:  ==================================
         Finished matrix computation (FPBA)
         ==================================

1xN001:  >>>>>>>>>>>>>>>>>>>>>>>>>>>
         2023 May 19 (Fri): 13:46:29
         >>>>>>>>>>>>>>>>>>>>>>>>>>>



>>>>>>>>>>>>>>>>>>>>>>>>>>>
2023 May 19 (Fri): 13:46:32
>>>>>>>>>>>>>>>>>>>>>>>>>>>

--------------------------------
# of staircase filled cells: 0
# of staircase filled areas: 0
# of staircase filled edges: 0
# of faces above fill limit: 0
# of edges with FPBA topology: 0
--------------------------------

