Port monitor named: Port1_e1.prt

nx        = 76
ny        = 73
nz        = 25

nu        = 9
nv        = 26
iu        = 10
iv        = 42

idir      = 1
dcut      = 3.000000e-002
icut      = 65
type      = 0
frequency = 3.500000e+009

fcutoff   = 0.000000e+000
alpha     = 0.000000e+000
beta      = 1.355235e+002
accuracy  = 3.165367e-014

type          = QTEM
wave imp.     = 2.052227e+002
wave imp.sig. = 0.000000e+000
line imp.     = 4.923717e+001

ref. port     = 0

0.000000e+000  0.000000e+000  0.000000e+000  0.000000e+000  0.000000e+000  0.000000e+000  0.000000e+000  0.000000e+000  0.000000e+000  
-2.461512e+000  -2.794862e+000  -1.151931e+001  -9.503863e+000  -6.976907e+000  -3.977748e+000  -1.323092e+000  -9.228774e-002  0.000000e+000  
-1.716328e+001  -1.566436e+001  -6.087651e+001  -4.964316e+001  -3.607157e+001  -2.024476e+001  -6.501250e+000  -2.149798e-001  0.000000e+000  
-3.591381e+001  -3.199515e+001  -1.199176e+002  -9.394407e+001  -6.507614e+001  -3.375619e+001  -8.844544e+000  1.826807e+000  0.000000e+000  
-6.379287e+001  -5.418315e+001  -1.893937e+002  -1.384443e+002  -8.859631e+001  -4.015653e+001  -6.331900e+000  6.780124e+000  0.000000e+000  
-1.177745e+002  -9.275479e+001  -2.848912e+002  -1.851316e+002  -1.037817e+002  -3.641360e+001  2.560352e+000  1.546750e+001  0.000000e+000  
-2.401642e+002  -1.712516e+002  -4.150235e+002  -2.192271e+002  -9.591202e+001  -1.520075e+001  1.963149e+001  2.803358e+001  0.000000e+000  
-5.517525e+002  -3.610320e+002  -5.593592e+002  -1.919814e+002  -3.608010e+001  3.188291e+001  4.526766e+001  4.353929e+001  0.000000e+000  
-1.388007e+003  -9.455360e+002  -5.203216e+002  2.457170e+001  1.162353e+002  1.075427e+002  7.641842e+001  5.957856e+001  0.000000e+000  
-3.440489e+003  -3.868415e+003  1.437636e+003  6.569087e+002  3.615418e+002  1.927491e+002  1.046313e+002  7.239861e+001  0.000000e+000  
-4.290578e+003  -4.675125e+003  1.560083e+003  8.549168e+002  4.710210e+002  2.349711e+002  1.183088e+002  7.830683e+001  0.000000e+000  
-4.078284e+003  -4.865309e+003  1.736114e+003  7.938525e+002  4.252718e+002  2.167682e+002  1.125202e+002  7.584261e+001  0.000000e+000  
-3.503018e+003  -3.826889e+003  1.427942e+003  6.563248e+002  3.652805e+002  1.955206e+002  1.057164e+002  7.286893e+001  0.000000e+000  
-1.491395e+003  -1.012008e+003  -5.022344e+002  5.096037e+001  1.325317e+002  1.149232e+002  7.921914e+001  6.095582e+001  0.000000e+000  
-6.380039e+002  -4.140080e+002  -5.679019e+002  -1.736232e+002  -2.057372e+001  4.055256e+001  4.933558e+001  4.589991e+001  0.000000e+000  
-5.351274e+002  -3.493350e+002  -5.526332e+002  -1.951148e+002  -4.059522e+001  2.888200e+001  4.401354e+001  4.298982e+001  0.000000e+000  
-4.445089e+002  -2.940615e+002  -5.303091e+002  -2.113426e+002  -5.857365e+001  1.753871e+001  3.857912e+001  3.992901e+001  0.000000e+000  
-2.888902e+002  -2.014456e+002  -4.622294e+002  -2.278921e+002  -8.928368e+001  -5.400756e+000  2.646514e+001  3.271319e+001  0.000000e+000  
-1.298402e+002  -1.013503e+002  -3.063977e+002  -1.951577e+002  -1.063509e+002  -3.470845e+001  5.116696e+000  1.776427e+001  0.000000e+000  
-6.644329e+001  -5.632119e+001  -1.962592e+002  -1.427292e+002  -9.063142e+001  -4.038161e+001  -5.722115e+000  7.553991e+000  0.000000e+000  
-3.966898e+001  -3.518268e+001  -1.309783e+002  -1.016175e+002  -6.951042e+001  -3.524307e+001  -8.566775e+000  2.663967e+000  0.000000e+000  
-3.598523e+001  -3.216387e+001  -1.210045e+002  -9.479361e+001  -6.554949e+001  -3.382526e+001  -8.666791e+000  2.069256e+000  0.000000e+000  
-2.219081e+001  -2.043243e+001  -7.976071e+001  -6.443777e+001  -4.620637e+001  -2.532967e+001  -7.640535e+000  2.915913e-001  0.000000e+000  
-1.102820e+001  -1.083445e+001  -4.458477e+001  -3.641748e+001  -2.662281e+001  -1.511145e+001  -4.958798e+000  -2.649076e-001  0.000000e+000  
-7.836925e-002  -2.352627e+000  -1.334930e+001  -9.708722e+000  -7.054526e+000  -4.039287e+000  -1.356028e+000  -1.044540e-001  0.000000e+000  
0.000000e+000  0.000000e+000  0.000000e+000  0.000000e+000  0.000000e+000  0.000000e+000  0.000000e+000  0.000000e+000  0.000000e+000  

0.000000e+000  5.572643e+000  1.238042e+001  -1.058993e+001  -2.740104e+001  -3.629468e+001  -3.572747e+001  -2.086740e+001  0.000000e+000  
0.000000e+000  6.102066e+000  1.236394e+001  -1.169863e+001  -2.888616e+001  -3.772394e+001  -3.668012e+001  -2.126680e+001  0.000000e+000  
0.000000e+000  4.410858e+000  9.796834e+000  -2.180009e+001  -4.180686e+001  -4.991479e+001  -4.463798e+001  -2.455367e+001  0.000000e+000  
0.000000e+000  -4.729427e-001  2.087232e+000  -4.463382e+001  -6.819331e+001  -7.289822e+001  -5.827790e+001  -2.979310e+001  0.000000e+000  
0.000000e+000  -1.349041e+001  -1.818729e+001  -8.837376e+001  -1.118751e+002  -1.066691e+002  -7.568791e+001  -3.576909e+001  0.000000e+000  
0.000000e+000  -5.080932e+001  -7.574135e+001  -1.769234e+002  -1.844392e+002  -1.540052e+002  -9.557756e+001  -4.143861e+001  0.000000e+000  
0.000000e+000  -1.595388e+002  -2.461095e+002  -3.553679e+002  -2.960281e+002  -2.108169e+002  -1.127391e+002  -4.459955e+001  0.000000e+000  
0.000000e+000  -4.694794e+002  -7.864112e+002  -6.964739e+002  -4.381526e+002  -2.575749e+002  -1.174278e+002  -4.236737e+001  0.000000e+000  
0.000000e+000  -1.198813e+003  -2.739889e+003  -1.207920e+003  -5.191691e+002  -2.461127e+002  -9.662269e+001  -3.219318e+001  0.000000e+000  
0.000000e+000  -4.397467e+002  0.000000e+000  -4.085813e+002  -2.133524e+002  -1.049879e+002  -3.995983e+001  -1.282755e+001  0.000000e+000  
0.000000e+000  1.613454e+002  0.000000e+000  2.274111e+002  1.352220e+002  6.726176e+001  2.529094e+001  8.063830e+000  0.000000e+000  
0.000000e+000  8.995235e+002  0.000000e+000  7.370339e+002  3.363195e+002  1.588936e+002  6.046247e+001  1.962245e+001  0.000000e+000  
0.000000e+000  1.254740e+003  2.850593e+003  1.225099e+003  5.225027e+002  2.465386e+002  9.609133e+001  3.179433e+001  0.000000e+000  
0.000000e+000  5.132770e+002  8.613933e+002  7.380854e+002  4.555599e+002  2.636318e+002  1.180542e+002  4.203357e+001  0.000000e+000  
0.000000e+000  3.088336e+002  4.911104e+002  5.327953e+002  3.775560e+002  2.403905e+002  1.169178e+002  4.379004e+001  0.000000e+000  
0.000000e+000  2.522474e+002  3.943162e+002  4.706033e+002  3.511589e+002  2.314107e+002  1.158527e+002  4.413979e+001  0.000000e+000  
0.000000e+000  1.719252e+002  2.630797e+002  3.731668e+002  3.051906e+002  2.139122e+002  1.128511e+002  4.434123e+001  0.000000e+000  
0.000000e+000  6.242980e+001  9.338779e+001  2.040620e+002  2.060242e+002  1.674053e+002  1.007435e+002  4.276973e+001  0.000000e+000  
0.000000e+000  1.502272e+001  2.056263e+001  9.425265e+001  1.180244e+002  1.115490e+002  7.826864e+001  3.668004e+001  0.000000e+000  
0.000000e+000  1.156410e+000  -1.024369e+000  4.786578e+001  7.196932e+001  7.622317e+001  6.029478e+001  3.059270e+001  0.000000e+000  
0.000000e+000  -1.705442e+000  -5.554707e+000  3.482735e+001  5.718782e+001  6.357604e+001  5.296094e+001  2.782919e+001  0.000000e+000  
0.000000e+000  -3.712390e+000  -8.750538e+000  2.496558e+001  4.574067e+001  5.360572e+001  4.706210e+001  2.557256e+001  0.000000e+000  
0.000000e+000  -4.930851e+000  -1.082840e+001  1.569726e+001  3.411200e+001  4.285398e+001  4.022748e+001  2.281026e+001  0.000000e+000  
0.000000e+000  -4.613149e+000  -1.092747e+001  1.081252e+001  2.791088e+001  3.695120e+001  3.630796e+001  2.117186e+001  0.000000e+000  
0.000000e+000  -1.300577e+001  -2.078660e+001  9.212895e+000  2.676427e+001  3.590090e+001  3.560375e+001  2.087462e+001  0.000000e+000  
0.000000e+000  0.000000e+000  0.000000e+000  0.000000e+000  0.000000e+000  0.000000e+000  0.000000e+000  0.000000e+000  0.000000e+000  

0.000000e+000  0.000000e+000  0.000000e+000  0.000000e+000  0.000000e+000  0.000000e+000  0.000000e+000  0.000000e+000  0.000000e+000  
0.000000e+000  0.000000e+000  0.000000e+000  0.000000e+000  0.000000e+000  0.000000e+000  0.000000e+000  0.000000e+000  0.000000e+000  
0.000000e+000  0.000000e+000  0.000000e+000  0.000000e+000  0.000000e+000  0.000000e+000  0.000000e+000  0.000000e+000  0.000000e+000  
0.000000e+000  0.000000e+000  0.000000e+000  0.000000e+000  0.000000e+000  0.000000e+000  0.000000e+000  0.000000e+000  0.000000e+000  
0.000000e+000  0.000000e+000  0.000000e+000  0.000000e+000  0.000000e+000  0.000000e+000  0.000000e+000  0.000000e+000  0.000000e+000  
0.000000e+000  0.000000e+000  0.000000e+000  0.000000e+000  0.000000e+000  0.000000e+000  0.000000e+000  0.000000e+000  0.000000e+000  
0.000000e+000  0.000000e+000  0.000000e+000  0.000000e+000  0.000000e+000  0.000000e+000  0.000000e+000  0.000000e+000  0.000000e+000  
0.000000e+000  0.000000e+000  0.000000e+000  0.000000e+000  0.000000e+000  0.000000e+000  0.000000e+000  0.000000e+000  0.000000e+000  
0.000000e+000  0.000000e+000  0.000000e+000  0.000000e+000  0.000000e+000  0.000000e+000  0.000000e+000  0.000000e+000  0.000000e+000  
0.000000e+000  0.000000e+000  0.000000e+000  0.000000e+000  0.000000e+000  0.000000e+000  0.000000e+000  0.000000e+000  0.000000e+000  
0.000000e+000  0.000000e+000  0.000000e+000  0.000000e+000  0.000000e+000  0.000000e+000  0.000000e+000  0.000000e+000  0.000000e+000  
0.000000e+000  0.000000e+000  0.000000e+000  0.000000e+000  0.000000e+000  0.000000e+000  0.000000e+000  0.000000e+000  0.000000e+000  
0.000000e+000  0.000000e+000  0.000000e+000  0.000000e+000  0.000000e+000  0.000000e+000  0.000000e+000  0.000000e+000  0.000000e+000  
0.000000e+000  0.000000e+000  0.000000e+000  0.000000e+000  0.000000e+000  0.000000e+000  0.000000e+000  0.000000e+000  0.000000e+000  
0.000000e+000  0.000000e+000  0.000000e+000  0.000000e+000  0.000000e+000  0.000000e+000  0.000000e+000  0.000000e+000  0.000000e+000  
0.000000e+000  0.000000e+000  0.000000e+000  0.000000e+000  0.000000e+000  0.000000e+000  0.000000e+000  0.000000e+000  0.000000e+000  
0.000000e+000  0.000000e+000  0.000000e+000  0.000000e+000  0.000000e+000  0.000000e+000  0.000000e+000  0.000000e+000  0.000000e+000  
0.000000e+000  0.000000e+000  0.000000e+000  0.000000e+000  0.000000e+000  0.000000e+000  0.000000e+000  0.000000e+000  0.000000e+000  
0.000000e+000  0.000000e+000  0.000000e+000  0.000000e+000  0.000000e+000  0.000000e+000  0.000000e+000  0.000000e+000  0.000000e+000  
0.000000e+000  0.000000e+000  0.000000e+000  0.000000e+000  0.000000e+000  0.000000e+000  0.000000e+000  0.000000e+000  0.000000e+000  
0.000000e+000  0.000000e+000  0.000000e+000  0.000000e+000  0.000000e+000  0.000000e+000  0.000000e+000  0.000000e+000  0.000000e+000  
0.000000e+000  0.000000e+000  0.000000e+000  0.000000e+000  0.000000e+000  0.000000e+000  0.000000e+000  0.000000e+000  0.000000e+000  
0.000000e+000  0.000000e+000  0.000000e+000  0.000000e+000  0.000000e+000  0.000000e+000  0.000000e+000  0.000000e+000  0.000000e+000  
0.000000e+000  0.000000e+000  0.000000e+000  0.000000e+000  0.000000e+000  0.000000e+000  0.000000e+000  0.000000e+000  0.000000e+000  
0.000000e+000  0.000000e+000  0.000000e+000  0.000000e+000  0.000000e+000  0.000000e+000  0.000000e+000  0.000000e+000  0.000000e+000  
0.000000e+000  0.000000e+000  0.000000e+000  0.000000e+000  0.000000e+000  0.000000e+000  0.000000e+000  0.000000e+000  0.000000e+000  

0.000000e+000  0.000000e+000  0.000000e+000  0.000000e+000  0.000000e+000  0.000000e+000  0.000000e+000  0.000000e+000  0.000000e+000  
0.000000e+000  0.000000e+000  0.000000e+000  0.000000e+000  0.000000e+000  0.000000e+000  0.000000e+000  0.000000e+000  0.000000e+000  
0.000000e+000  0.000000e+000  0.000000e+000  0.000000e+000  0.000000e+000  0.000000e+000  0.000000e+000  0.000000e+000  0.000000e+000  
0.000000e+000  0.000000e+000  0.000000e+000  0.000000e+000  0.000000e+000  0.000000e+000  0.000000e+000  0.000000e+000  0.000000e+000  
0.000000e+000  0.000000e+000  0.000000e+000  0.000000e+000  0.000000e+000  0.000000e+000  0.000000e+000  0.000000e+000  0.000000e+000  
0.000000e+000  0.000000e+000  0.000000e+000  0.000000e+000  0.000000e+000  0.000000e+000  0.000000e+000  0.000000e+000  0.000000e+000  
0.000000e+000  0.000000e+000  0.000000e+000  0.000000e+000  0.000000e+000  0.000000e+000  0.000000e+000  0.000000e+000  0.000000e+000  
0.000000e+000  0.000000e+000  0.000000e+000  0.000000e+000  0.000000e+000  0.000000e+000  0.000000e+000  0.000000e+000  0.000000e+000  
0.000000e+000  0.000000e+000  0.000000e+000  0.000000e+000  0.000000e+000  0.000000e+000  0.000000e+000  0.000000e+000  0.000000e+000  
0.000000e+000  0.000000e+000  0.000000e+000  0.000000e+000  0.000000e+000  0.000000e+000  0.000000e+000  0.000000e+000  0.000000e+000  
0.000000e+000  0.000000e+000  0.000000e+000  0.000000e+000  0.000000e+000  0.000000e+000  0.000000e+000  0.000000e+000  0.000000e+000  
0.000000e+000  0.000000e+000  0.000000e+000  0.000000e+000  0.000000e+000  0.000000e+000  0.000000e+000  0.000000e+000  0.000000e+000  
0.000000e+000  0.000000e+000  0.000000e+000  0.000000e+000  0.000000e+000  0.000000e+000  0.000000e+000  0.000000e+000  0.000000e+000  
0.000000e+000  0.000000e+000  0.000000e+000  0.000000e+000  0.000000e+000  0.000000e+000  0.000000e+000  0.000000e+000  0.000000e+000  
0.000000e+000  0.000000e+000  0.000000e+000  0.000000e+000  0.000000e+000  0.000000e+000  0.000000e+000  0.000000e+000  0.000000e+000  
0.000000e+000  0.000000e+000  0.000000e+000  0.000000e+000  0.000000e+000  0.000000e+000  0.000000e+000  0.000000e+000  0.000000e+000  
0.000000e+000  0.000000e+000  0.000000e+000  0.000000e+000  0.000000e+000  0.000000e+000  0.000000e+000  0.000000e+000  0.000000e+000  
0.000000e+000  0.000000e+000  0.000000e+000  0.000000e+000  0.000000e+000  0.000000e+000  0.000000e+000  0.000000e+000  0.000000e+000  
0.000000e+000  0.000000e+000  0.000000e+000  0.000000e+000  0.000000e+000  0.000000e+000  0.000000e+000  0.000000e+000  0.000000e+000  
0.000000e+000  0.000000e+000  0.000000e+000  0.000000e+000  0.000000e+000  0.000000e+000  0.000000e+000  0.000000e+000  0.000000e+000  
0.000000e+000  0.000000e+000  0.000000e+000  0.000000e+000  0.000000e+000  0.000000e+000  0.000000e+000  0.000000e+000  0.000000e+000  
0.000000e+000  0.000000e+000  0.000000e+000  0.000000e+000  0.000000e+000  0.000000e+000  0.000000e+000  0.000000e+000  0.000000e+000  
0.000000e+000  0.000000e+000  0.000000e+000  0.000000e+000  0.000000e+000  0.000000e+000  0.000000e+000  0.000000e+000  0.000000e+000  
0.000000e+000  0.000000e+000  0.000000e+000  0.000000e+000  0.000000e+000  0.000000e+000  0.000000e+000  0.000000e+000  0.000000e+000  
0.000000e+000  0.000000e+000  0.000000e+000  0.000000e+000  0.000000e+000  0.000000e+000  0.000000e+000  0.000000e+000  0.000000e+000  
0.000000e+000  0.000000e+000  0.000000e+000  0.000000e+000  0.000000e+000  0.000000e+000  0.000000e+000  0.000000e+000  0.000000e+000  

0.000000e+000  0.000000e+000  0.000000e+000  0.000000e+000  0.000000e+000  0.000000e+000  0.000000e+000  0.000000e+000  0.000000e+000  
0.000000e+000  0.000000e+000  0.000000e+000  0.000000e+000  0.000000e+000  0.000000e+000  0.000000e+000  0.000000e+000  0.000000e+000  
0.000000e+000  0.000000e+000  0.000000e+000  0.000000e+000  0.000000e+000  0.000000e+000  0.000000e+000  0.000000e+000  0.000000e+000  
0.000000e+000  0.000000e+000  0.000000e+000  0.000000e+000  0.000000e+000  0.000000e+000  0.000000e+000  0.000000e+000  0.000000e+000  
0.000000e+000  0.000000e+000  0.000000e+000  0.000000e+000  0.000000e+000  0.000000e+000  0.000000e+000  0.000000e+000  0.000000e+000  
0.000000e+000  0.000000e+000  0.000000e+000  0.000000e+000  0.000000e+000  0.000000e+000  0.000000e+000  0.000000e+000  0.000000e+000  
0.000000e+000  0.000000e+000  0.000000e+000  0.000000e+000  0.000000e+000  0.000000e+000  0.000000e+000  0.000000e+000  0.000000e+000  
0.000000e+000  0.000000e+000  0.000000e+000  0.000000e+000  0.000000e+000  0.000000e+000  0.000000e+000  0.000000e+000  0.000000e+000  
0.000000e+000  0.000000e+000  0.000000e+000  0.000000e+000  0.000000e+000  0.000000e+000  0.000000e+000  0.000000e+000  0.000000e+000  
0.000000e+000  0.000000e+000  0.000000e+000  0.000000e+000  0.000000e+000  0.000000e+000  0.000000e+000  0.000000e+000  0.000000e+000  
0.000000e+000  0.000000e+000  0.000000e+000  0.000000e+000  0.000000e+000  0.000000e+000  0.000000e+000  0.000000e+000  0.000000e+000  
0.000000e+000  0.000000e+000  0.000000e+000  0.000000e+000  0.000000e+000  0.000000e+000  0.000000e+000  0.000000e+000  0.000000e+000  
0.000000e+000  0.000000e+000  0.000000e+000  0.000000e+000  0.000000e+000  0.000000e+000  0.000000e+000  0.000000e+000  0.000000e+000  
0.000000e+000  0.000000e+000  0.000000e+000  0.000000e+000  0.000000e+000  0.000000e+000  0.000000e+000  0.000000e+000  0.000000e+000  
0.000000e+000  0.000000e+000  0.000000e+000  0.000000e+000  0.000000e+000  0.000000e+000  0.000000e+000  0.000000e+000  0.000000e+000  
0.000000e+000  0.000000e+000  0.000000e+000  0.000000e+000  0.000000e+000  0.000000e+000  0.000000e+000  0.000000e+000  0.000000e+000  
0.000000e+000  0.000000e+000  0.000000e+000  0.000000e+000  0.000000e+000  0.000000e+000  0.000000e+000  0.000000e+000  0.000000e+000  
0.000000e+000  0.000000e+000  0.000000e+000  0.000000e+000  0.000000e+000  0.000000e+000  0.000000e+000  0.000000e+000  0.000000e+000  
0.000000e+000  0.000000e+000  0.000000e+000  0.000000e+000  0.000000e+000  0.000000e+000  0.000000e+000  0.000000e+000  0.000000e+000  
0.000000e+000  0.000000e+000  0.000000e+000  0.000000e+000  0.000000e+000  0.000000e+000  0.000000e+000  0.000000e+000  0.000000e+000  
0.000000e+000  0.000000e+000  0.000000e+000  0.000000e+000  0.000000e+000  0.000000e+000  0.000000e+000  0.000000e+000  0.000000e+000  
0.000000e+000  0.000000e+000  0.000000e+000  0.000000e+000  0.000000e+000  0.000000e+000  0.000000e+000  0.000000e+000  0.000000e+000  
0.000000e+000  0.000000e+000  0.000000e+000  0.000000e+000  0.000000e+000  0.000000e+000  0.000000e+000  0.000000e+000  0.000000e+000  
0.000000e+000  0.000000e+000  0.000000e+000  0.000000e+000  0.000000e+000  0.000000e+000  0.000000e+000  0.000000e+000  0.000000e+000  
0.000000e+000  0.000000e+000  0.000000e+000  0.000000e+000  0.000000e+000  0.000000e+000  0.000000e+000  0.000000e+000  0.000000e+000  
0.000000e+000  0.000000e+000  0.000000e+000  0.000000e+000  0.000000e+000  0.000000e+000  0.000000e+000  0.000000e+000  0.000000e+000  

0.000000e+000  0.000000e+000  0.000000e+000  0.000000e+000  0.000000e+000  0.000000e+000  0.000000e+000  0.000000e+000  0.000000e+000  
0.000000e+000  -1.125896e+000  -2.061066e+000  -1.879111e+000  -1.601843e+000  -1.292195e+000  -8.424326e-001  -3.889780e-001  0.000000e+000  
0.000000e+000  -5.505876e+000  -1.076005e+001  -9.811296e+000  -8.328481e+000  -6.692424e+000  -4.346626e+000  -2.002962e+000  0.000000e+000  
0.000000e+000  -1.070617e+001  -2.094744e+001  -1.864937e+001  -1.547614e+001  -1.220717e+001  -7.791361e+000  -3.557817e+000  0.000000e+000  
0.000000e+000  -1.659535e+001  -3.250232e+001  -2.781476e+001  -2.230241e+001  -1.713410e+001  -1.069323e+001  -4.831287e+000  0.000000e+000  
0.000000e+000  -2.424296e+001  -4.768323e+001  -3.837789e+001  -2.932837e+001  -2.178823e+001  -1.326628e+001  -5.935084e+000  0.000000e+000  
0.000000e+000  -3.389563e+001  -6.756310e+001  -4.959265e+001  -3.564859e+001  -2.554974e+001  -1.525702e+001  -6.794976e+000  0.000000e+000  
0.000000e+000  -4.386800e+001  -9.079804e+001  -5.826359e+001  -3.926908e+001  -2.749283e+001  -1.640954e+001  -7.356886e+000  0.000000e+000  
0.000000e+000  -4.492825e+001  -1.038593e+002  -5.587529e+001  -3.718328e+001  -2.682052e+001  -1.664129e+001  -7.625956e+000  0.000000e+000  
0.000000e+000  -6.675465e+000  0.000000e+000  -2.794164e+001  -2.832522e+001  -2.411232e+001  -1.627304e+001  -7.691994e+000  0.000000e+000  
0.000000e+000  -1.404610e+000  0.000000e+000  -1.906682e+001  -2.417495e+001  -2.256764e+001  -1.598669e+001  -7.688596e+000  0.000000e+000  
0.000000e+000  -3.368315e+000  0.000000e+000  -2.277128e+001  -2.612627e+001  -2.330558e+001  -1.612658e+001  -7.694206e+000  0.000000e+000  
0.000000e+000  -8.290835e+000  0.000000e+000  -2.860115e+001  -2.842258e+001  -2.408265e+001  -1.625933e+001  -7.691995e+000  0.000000e+000  
0.000000e+000  -4.473766e+001  -1.042645e+002  -5.537861e+001  -3.691253e+001  -2.673638e+001  -1.665789e+001  -7.648782e+000  0.000000e+000  
0.000000e+000  -4.471372e+001  -9.353586e+001  -5.878596e+001  -3.947645e+001  -2.767596e+001  -1.655979e+001  -7.434552e+000  0.000000e+000  
0.000000e+000  -4.350439e+001  -8.982748e+001  -5.814473e+001  -3.936625e+001  -2.759218e+001  -1.644831e+001  -7.363462e+000  0.000000e+000  
0.000000e+000  -4.192375e+001  -8.556415e+001  -5.708534e+001  -3.905001e+001  -2.740986e+001  -1.629633e+001  -7.277215e+000  0.000000e+000  
0.000000e+000  -3.729799e+001  -7.462694e+001  -5.324464e+001  -3.751820e+001  -2.658146e+001  -1.578228e+001  -7.020812e+000  0.000000e+000  
0.000000e+000  -2.596203e+001  -5.108553e+001  -4.069616e+001  -3.081559e+001  -2.273252e+001  -1.376188e+001  -6.140328e+000  0.000000e+000  
0.000000e+000  -1.718955e+001  -3.366117e+001  -2.872868e+001  -2.296501e+001  -1.759411e+001  -1.094836e+001  -4.937804e+000  0.000000e+000  
0.000000e+000  -1.168415e+001  -2.285293e+001  -2.023263e+001  -1.669334e+001  -1.310283e+001  -8.322780e+000  -3.790002e+000  0.000000e+000  
0.000000e+000  -1.082759e+001  -2.117259e+001  -1.884833e+001  -1.562599e+001  -1.231084e+001  -7.845146e+000  -3.578116e+000  0.000000e+000  
0.000000e+000  -7.227596e+000  -1.410874e+001  -1.277568e+001  -1.076496e+001  -8.596566e+000  -5.548086e+000  -2.546993e+000  0.000000e+000  
0.000000e+000  -4.131272e+000  -7.978083e+000  -7.218148e+000  -6.124969e+000  -4.929811e+000  -3.207884e+000  -1.479251e+000  0.000000e+000  
0.000000e+000  -1.457885e+000  -2.449533e+000  -1.926076e+000  -1.617067e+000  -1.303012e+000  -8.498968e-001  -3.924451e-001  0.000000e+000  
0.000000e+000  0.000000e+000  0.000000e+000  0.000000e+000  0.000000e+000  0.000000e+000  0.000000e+000  0.000000e+000  0.000000e+000  

