Port monitor named: Port2_h1.prt

nx        = 76
ny        = 73
nz        = 25

nu        = 9
nv        = 26
iu        = 10
iv        = 10

idir      = 1
dcut      = 3.000000e-002
icut      = 65
type      = 1
frequency = 3.500000e+009

fcutoff   = 0.000000e+000
alpha     = 0.000000e+000
beta      = 1.355235e+002
accuracy  = 3.267268e-014

type          = QTEM
wave imp.     = 2.052227e+002
wave imp.sig. = 0.000000e+000
line imp.     = 4.923717e+001

ref. port     = 0

-0.000000e+000  -8.276112e-002  -1.442808e-001  -2.387842e-001  -2.937968e-001  -3.070355e-001  -2.600324e-001  -1.418180e-001  -0.000000e+000  
-0.000000e+000  -7.411634e-002  -1.464678e-001  -2.445250e-001  -3.000005e-001  -3.124513e-001  -2.633833e-001  -1.431557e-001  -0.000000e+000  
-0.000000e+000  -8.786278e-002  -1.687414e-001  -2.780861e-001  -3.351910e-001  -3.428447e-001  -2.819614e-001  -1.505006e-001  -0.000000e+000  
-0.000000e+000  -1.120640e-001  -2.127005e-001  -3.421787e-001  -4.002176e-001  -3.972916e-001  -3.139176e-001  -1.627220e-001  -0.000000e+000  
-0.000000e+000  -1.372155e-001  -2.583462e-001  -4.060691e-001  -4.618579e-001  -4.463869e-001  -3.409020e-001  -1.724881e-001  -0.000000e+000  
-0.000000e+000  -1.704048e-001  -3.183828e-001  -4.889579e-001  -5.406050e-001  -5.081927e-001  -3.742532e-001  -1.843736e-001  -0.000000e+000  
-0.000000e+000  -2.885762e-001  -5.276939e-001  -7.553952e-001  -7.711197e-001  -6.729228e-001  -4.527592e-001  -2.093404e-001  -0.000000e+000  
-0.000000e+000  -5.838630e-001  -1.034686e+000  -1.308141e+000  -1.174554e+000  -9.152571e-001  -5.435478e-001  -2.313155e-001  -0.000000e+000  
-0.000000e+000  -1.111610e+000  -1.924951e+000  -2.052949e+000  -1.585582e+000  -1.097121e+000  -5.832649e-001  -2.323340e-001  -0.000000e+000  
-0.000000e+000  -1.459286e+000  -2.533202e+000  -2.456829e+000  -1.766574e+000  -1.160490e+000  -5.895192e-001  -2.285916e-001  -0.000000e+000  
-0.000000e+000  -1.694895e+000  -2.961490e+000  -2.708495e+000  -1.867998e+000  -1.191387e+000  -5.899992e-001  -2.253515e-001  -0.000000e+000  
-0.000000e+000  -2.517840e+000  -4.534917e+000  -3.520985e+000  -2.159876e+000  -1.265669e+000  -5.817860e-001  -2.123373e-001  -0.000000e+000  
-0.000000e+000  -5.098241e+000  -1.184522e+001  -5.232795e+000  -2.316616e+000  -1.132220e+000  -4.597009e-001  -1.571726e-001  -0.000000e+000  
-0.000000e+000  -4.055074e+000  -0.000000e+000  -3.192546e+000  -1.483146e+000  -7.229871e-001  -2.869048e-001  -9.638990e-002  -0.000000e+000  
-0.000000e+000  -7.201907e-001  -0.000000e+000  -9.811903e-001  -5.925278e-001  -3.031535e-001  -1.189666e-001  -3.934262e-002  -0.000000e+000  
-0.000000e+000  2.029395e+000  -0.000000e+000  1.789615e+000  9.461737e-001  4.776042e-001  1.890580e-001  6.282527e-002  -0.000000e+000  
-0.000000e+000  4.840901e+000  1.144349e+001  5.165617e+000  2.305638e+000  1.133455e+000  4.638503e-001  1.596699e-001  -0.000000e+000  
-0.000000e+000  2.331135e+000  4.211095e+000  3.350740e+000  2.092124e+000  1.244920e+000  5.821641e-001  2.150751e-001  -0.000000e+000  
-0.000000e+000  1.053036e+000  1.837525e+000  1.978076e+000  1.550002e+000  1.086596e+000  5.841596e-001  2.339694e-001  -0.000000e+000  
-0.000000e+000  5.111422e-001  9.109731e-001  1.172009e+000  1.076031e+000  8.573382e-001  5.227471e-001  2.265550e-001  -0.000000e+000  
-0.000000e+000  2.737109e-001  5.011956e-001  7.200704e-001  7.393252e-001  6.494243e-001  4.410104e-001  2.053708e-001  -0.000000e+000  
-0.000000e+000  1.621494e-001  3.033589e-001  4.676325e-001  5.196872e-001  4.912131e-001  3.645546e-001  1.806690e-001  -0.000000e+000  
-0.000000e+000  1.038212e-001  1.977171e-001  3.201198e-001  3.774546e-001  3.778239e-001  3.020090e-001  1.579224e-001  -0.000000e+000  
-0.000000e+000  7.573809e-002  1.492215e-001  2.487277e-001  3.039339e-001  3.152766e-001  2.644174e-001  1.432298e-001  -0.000000e+000  
-0.000000e+000  8.584311e-002  1.464578e-001  2.408165e-001  2.953891e-001  3.078793e-001  2.598889e-001  1.414341e-001  -0.000000e+000  
-0.000000e+000  -0.000000e+000  -0.000000e+000  -0.000000e+000  -0.000000e+000  -0.000000e+000  -0.000000e+000  -0.000000e+000  -0.000000e+000  

-0.000000e+000  -0.000000e+000  -0.000000e+000  -0.000000e+000  -0.000000e+000  -0.000000e+000  -0.000000e+000  -0.000000e+000  -0.000000e+000  
4.701381e-002  5.639232e-002  5.186831e-002  3.958529e-002  2.643781e-002  1.204076e-002  1.651253e-004  -5.051139e-003  -0.000000e+000  
2.409515e-001  2.271345e-001  1.989064e-001  1.501969e-001  9.951408e-002  4.458693e-002  -1.871697e-004  -1.967106e-002  -0.000000e+000  
4.357488e-001  4.114544e-001  3.565240e-001  2.637758e-001  1.702720e-001  7.195545e-002  -5.074428e-003  -3.753671e-002  -0.000000e+000  
6.662350e-001  6.256661e-001  5.330381e-001  3.811695e-001  2.353431e-001  8.932171e-002  -1.798779e-002  -6.087194e-002  -0.000000e+000  
7.230448e-001  6.777323e-001  5.742605e-001  4.064011e-001  2.476150e-001  9.088541e-002  -2.224557e-002  -6.679219e-002  -0.000000e+000  
1.103372e+000  1.021259e+000  8.343401e-001  5.502339e-001  3.049453e-001  8.409980e-002  -5.714533e-002  -1.070447e-001  -0.000000e+000  
1.811077e+000  1.633432e+000  1.232716e+000  7.004042e-001  3.115818e-001  1.642028e-002  -1.331375e-001  -1.741639e-001  -0.000000e+000  
3.103826e+000  2.676392e+000  1.711368e+000  7.090803e-001  1.537545e-001  -1.586552e-001  -2.539915e-001  -2.599564e-001  -0.000000e+000  
4.076227e+000  3.416071e+000  1.860892e+000  5.679434e-001  -1.512178e-002  -2.765413e-001  -3.170516e-001  -2.989781e-001  -0.000000e+000  
4.592123e+000  3.808481e+000  1.887144e+000  4.690566e-001  -1.067679e-001  -3.326898e-001  -3.446343e-001  -3.152112e-001  -0.000000e+000  
5.151338e+000  4.238681e+000  1.882348e+000  3.498661e-001  -2.056413e-001  -3.894482e-001  -3.713066e-001  -3.304903e-001  -0.000000e+000  
9.337510e+000  7.655517e+000  1.193106e+000  -7.295986e-001  -9.142860e-001  -7.363771e-001  -5.162114e-001  -4.073625e-001  -0.000000e+000  
1.755407e+001  1.850216e+001  -6.463693e+000  -3.223302e+000  -1.904098e+000  -1.092970e+000  -6.398932e-001  -4.663978e-001  -0.000000e+000  
2.015255e+001  2.370746e+001  -7.907096e+000  -3.805959e+000  -2.158835e+000  -1.186124e+000  -6.713463e-001  -4.810124e-001  -0.000000e+000  
2.110484e+001  2.286361e+001  -7.142563e+000  -4.059882e+000  -2.351673e+000  -1.265139e+000  -6.978306e-001  -4.930175e-001  -0.000000e+000  
1.717435e+001  1.875747e+001  -6.523659e+000  -3.211563e+000  -1.882464e+000  -1.079652e+000  -6.347659e-001  -4.640913e-001  -0.000000e+000  
8.839113e+000  7.302586e+000  1.305234e+000  -6.060554e-001  -8.392149e-001  -7.019098e-001  -5.025647e-001  -4.002847e-001  -0.000000e+000  
4.690101e+000  3.893298e+000  1.898004e+000  4.480785e-001  -1.289672e-001  -3.463678e-001  -3.503282e-001  -3.178126e-001  -0.000000e+000  
2.710972e+000  2.362700e+000  1.568494e+000  7.128866e-001  2.080259e-001  -1.019126e-001  -2.162340e-001  -2.338057e-001  -0.000000e+000  
1.674149e+000  1.515142e+000  1.155406e+000  6.728230e-001  3.130863e-001  3.247464e-002  -1.164848e-001  -1.599907e-001  -0.000000e+000  
1.063497e+000  9.852326e-001  8.070337e-001  5.357488e-001  3.002277e-001  8.650832e-002  -5.204809e-002  -1.017396e-001  -0.000000e+000  
6.603926e-001  6.201465e-001  5.283887e-001  3.782787e-001  2.342214e-001  8.983826e-002  -1.664138e-002  -5.939518e-002  -0.000000e+000  
3.332155e-001  3.144796e-001  2.738973e-001  2.049352e-001  1.343984e-001  5.906544e-002  -1.341704e-003  -2.734015e-002  -0.000000e+000  
4.808246e-002  5.600644e-002  5.176495e-002  3.940515e-002  2.617167e-002  1.179644e-002  6.026794e-005  -5.061651e-003  -0.000000e+000  
-0.000000e+000  -0.000000e+000  -0.000000e+000  -0.000000e+000  -0.000000e+000  -0.000000e+000  -0.000000e+000  -0.000000e+000  -0.000000e+000  

0.000000e+000  0.000000e+000  0.000000e+000  0.000000e+000  0.000000e+000  0.000000e+000  0.000000e+000  0.000000e+000  0.000000e+000  
0.000000e+000  0.000000e+000  0.000000e+000  0.000000e+000  0.000000e+000  0.000000e+000  0.000000e+000  0.000000e+000  0.000000e+000  
0.000000e+000  0.000000e+000  0.000000e+000  0.000000e+000  0.000000e+000  0.000000e+000  0.000000e+000  0.000000e+000  0.000000e+000  
0.000000e+000  0.000000e+000  0.000000e+000  0.000000e+000  0.000000e+000  0.000000e+000  0.000000e+000  0.000000e+000  0.000000e+000  
0.000000e+000  0.000000e+000  0.000000e+000  0.000000e+000  0.000000e+000  0.000000e+000  0.000000e+000  0.000000e+000  0.000000e+000  
0.000000e+000  0.000000e+000  0.000000e+000  0.000000e+000  0.000000e+000  0.000000e+000  0.000000e+000  0.000000e+000  0.000000e+000  
0.000000e+000  0.000000e+000  0.000000e+000  0.000000e+000  0.000000e+000  0.000000e+000  0.000000e+000  0.000000e+000  0.000000e+000  
0.000000e+000  0.000000e+000  0.000000e+000  0.000000e+000  0.000000e+000  0.000000e+000  0.000000e+000  0.000000e+000  0.000000e+000  
0.000000e+000  0.000000e+000  0.000000e+000  0.000000e+000  0.000000e+000  0.000000e+000  0.000000e+000  0.000000e+000  0.000000e+000  
0.000000e+000  0.000000e+000  0.000000e+000  0.000000e+000  0.000000e+000  0.000000e+000  0.000000e+000  0.000000e+000  0.000000e+000  
0.000000e+000  0.000000e+000  0.000000e+000  0.000000e+000  0.000000e+000  0.000000e+000  0.000000e+000  0.000000e+000  0.000000e+000  
0.000000e+000  0.000000e+000  0.000000e+000  0.000000e+000  0.000000e+000  0.000000e+000  0.000000e+000  0.000000e+000  0.000000e+000  
0.000000e+000  0.000000e+000  0.000000e+000  0.000000e+000  0.000000e+000  0.000000e+000  0.000000e+000  0.000000e+000  0.000000e+000  
0.000000e+000  0.000000e+000  0.000000e+000  0.000000e+000  0.000000e+000  0.000000e+000  0.000000e+000  0.000000e+000  0.000000e+000  
0.000000e+000  0.000000e+000  0.000000e+000  0.000000e+000  0.000000e+000  0.000000e+000  0.000000e+000  0.000000e+000  0.000000e+000  
0.000000e+000  0.000000e+000  0.000000e+000  0.000000e+000  0.000000e+000  0.000000e+000  0.000000e+000  0.000000e+000  0.000000e+000  
0.000000e+000  0.000000e+000  0.000000e+000  0.000000e+000  0.000000e+000  0.000000e+000  0.000000e+000  0.000000e+000  0.000000e+000  
0.000000e+000  0.000000e+000  0.000000e+000  0.000000e+000  0.000000e+000  0.000000e+000  0.000000e+000  0.000000e+000  0.000000e+000  
0.000000e+000  0.000000e+000  0.000000e+000  0.000000e+000  0.000000e+000  0.000000e+000  0.000000e+000  0.000000e+000  0.000000e+000  
0.000000e+000  0.000000e+000  0.000000e+000  0.000000e+000  0.000000e+000  0.000000e+000  0.000000e+000  0.000000e+000  0.000000e+000  
0.000000e+000  0.000000e+000  0.000000e+000  0.000000e+000  0.000000e+000  0.000000e+000  0.000000e+000  0.000000e+000  0.000000e+000  
0.000000e+000  0.000000e+000  0.000000e+000  0.000000e+000  0.000000e+000  0.000000e+000  0.000000e+000  0.000000e+000  0.000000e+000  
0.000000e+000  0.000000e+000  0.000000e+000  0.000000e+000  0.000000e+000  0.000000e+000  0.000000e+000  0.000000e+000  0.000000e+000  
0.000000e+000  0.000000e+000  0.000000e+000  0.000000e+000  0.000000e+000  0.000000e+000  0.000000e+000  0.000000e+000  0.000000e+000  
0.000000e+000  0.000000e+000  0.000000e+000  0.000000e+000  0.000000e+000  0.000000e+000  0.000000e+000  0.000000e+000  0.000000e+000  
0.000000e+000  0.000000e+000  0.000000e+000  0.000000e+000  0.000000e+000  0.000000e+000  0.000000e+000  0.000000e+000  0.000000e+000  

0.000000e+000  0.000000e+000  0.000000e+000  0.000000e+000  0.000000e+000  0.000000e+000  0.000000e+000  0.000000e+000  0.000000e+000  
0.000000e+000  0.000000e+000  0.000000e+000  0.000000e+000  0.000000e+000  0.000000e+000  0.000000e+000  0.000000e+000  0.000000e+000  
0.000000e+000  0.000000e+000  0.000000e+000  0.000000e+000  0.000000e+000  0.000000e+000  0.000000e+000  0.000000e+000  0.000000e+000  
0.000000e+000  0.000000e+000  0.000000e+000  0.000000e+000  0.000000e+000  0.000000e+000  0.000000e+000  0.000000e+000  0.000000e+000  
0.000000e+000  0.000000e+000  0.000000e+000  0.000000e+000  0.000000e+000  0.000000e+000  0.000000e+000  0.000000e+000  0.000000e+000  
0.000000e+000  0.000000e+000  0.000000e+000  0.000000e+000  0.000000e+000  0.000000e+000  0.000000e+000  0.000000e+000  0.000000e+000  
0.000000e+000  0.000000e+000  0.000000e+000  0.000000e+000  0.000000e+000  0.000000e+000  0.000000e+000  0.000000e+000  0.000000e+000  
0.000000e+000  0.000000e+000  0.000000e+000  0.000000e+000  0.000000e+000  0.000000e+000  0.000000e+000  0.000000e+000  0.000000e+000  
0.000000e+000  0.000000e+000  0.000000e+000  0.000000e+000  0.000000e+000  0.000000e+000  0.000000e+000  0.000000e+000  0.000000e+000  
0.000000e+000  0.000000e+000  0.000000e+000  0.000000e+000  0.000000e+000  0.000000e+000  0.000000e+000  0.000000e+000  0.000000e+000  
0.000000e+000  0.000000e+000  0.000000e+000  0.000000e+000  0.000000e+000  0.000000e+000  0.000000e+000  0.000000e+000  0.000000e+000  
0.000000e+000  0.000000e+000  0.000000e+000  0.000000e+000  0.000000e+000  0.000000e+000  0.000000e+000  0.000000e+000  0.000000e+000  
0.000000e+000  0.000000e+000  0.000000e+000  0.000000e+000  0.000000e+000  0.000000e+000  0.000000e+000  0.000000e+000  0.000000e+000  
0.000000e+000  0.000000e+000  0.000000e+000  0.000000e+000  0.000000e+000  0.000000e+000  0.000000e+000  0.000000e+000  0.000000e+000  
0.000000e+000  0.000000e+000  0.000000e+000  0.000000e+000  0.000000e+000  0.000000e+000  0.000000e+000  0.000000e+000  0.000000e+000  
0.000000e+000  0.000000e+000  0.000000e+000  0.000000e+000  0.000000e+000  0.000000e+000  0.000000e+000  0.000000e+000  0.000000e+000  
0.000000e+000  0.000000e+000  0.000000e+000  0.000000e+000  0.000000e+000  0.000000e+000  0.000000e+000  0.000000e+000  0.000000e+000  
0.000000e+000  0.000000e+000  0.000000e+000  0.000000e+000  0.000000e+000  0.000000e+000  0.000000e+000  0.000000e+000  0.000000e+000  
0.000000e+000  0.000000e+000  0.000000e+000  0.000000e+000  0.000000e+000  0.000000e+000  0.000000e+000  0.000000e+000  0.000000e+000  
0.000000e+000  0.000000e+000  0.000000e+000  0.000000e+000  0.000000e+000  0.000000e+000  0.000000e+000  0.000000e+000  0.000000e+000  
0.000000e+000  0.000000e+000  0.000000e+000  0.000000e+000  0.000000e+000  0.000000e+000  0.000000e+000  0.000000e+000  0.000000e+000  
0.000000e+000  0.000000e+000  0.000000e+000  0.000000e+000  0.000000e+000  0.000000e+000  0.000000e+000  0.000000e+000  0.000000e+000  
0.000000e+000  0.000000e+000  0.000000e+000  0.000000e+000  0.000000e+000  0.000000e+000  0.000000e+000  0.000000e+000  0.000000e+000  
0.000000e+000  0.000000e+000  0.000000e+000  0.000000e+000  0.000000e+000  0.000000e+000  0.000000e+000  0.000000e+000  0.000000e+000  
0.000000e+000  0.000000e+000  0.000000e+000  0.000000e+000  0.000000e+000  0.000000e+000  0.000000e+000  0.000000e+000  0.000000e+000  
0.000000e+000  0.000000e+000  0.000000e+000  0.000000e+000  0.000000e+000  0.000000e+000  0.000000e+000  0.000000e+000  0.000000e+000  

0.000000e+000  0.000000e+000  0.000000e+000  0.000000e+000  0.000000e+000  0.000000e+000  0.000000e+000  0.000000e+000  0.000000e+000  
0.000000e+000  0.000000e+000  0.000000e+000  0.000000e+000  0.000000e+000  0.000000e+000  0.000000e+000  0.000000e+000  0.000000e+000  
0.000000e+000  0.000000e+000  0.000000e+000  0.000000e+000  0.000000e+000  0.000000e+000  0.000000e+000  0.000000e+000  0.000000e+000  
0.000000e+000  0.000000e+000  0.000000e+000  0.000000e+000  0.000000e+000  0.000000e+000  0.000000e+000  0.000000e+000  0.000000e+000  
0.000000e+000  0.000000e+000  0.000000e+000  0.000000e+000  0.000000e+000  0.000000e+000  0.000000e+000  0.000000e+000  0.000000e+000  
0.000000e+000  0.000000e+000  0.000000e+000  0.000000e+000  0.000000e+000  0.000000e+000  0.000000e+000  0.000000e+000  0.000000e+000  
0.000000e+000  0.000000e+000  0.000000e+000  0.000000e+000  0.000000e+000  0.000000e+000  0.000000e+000  0.000000e+000  0.000000e+000  
0.000000e+000  0.000000e+000  0.000000e+000  0.000000e+000  0.000000e+000  0.000000e+000  0.000000e+000  0.000000e+000  0.000000e+000  
0.000000e+000  0.000000e+000  0.000000e+000  0.000000e+000  0.000000e+000  0.000000e+000  0.000000e+000  0.000000e+000  0.000000e+000  
0.000000e+000  0.000000e+000  0.000000e+000  0.000000e+000  0.000000e+000  0.000000e+000  0.000000e+000  0.000000e+000  0.000000e+000  
0.000000e+000  0.000000e+000  0.000000e+000  0.000000e+000  0.000000e+000  0.000000e+000  0.000000e+000  0.000000e+000  0.000000e+000  
0.000000e+000  0.000000e+000  0.000000e+000  0.000000e+000  0.000000e+000  0.000000e+000  0.000000e+000  0.000000e+000  0.000000e+000  
0.000000e+000  0.000000e+000  0.000000e+000  0.000000e+000  0.000000e+000  0.000000e+000  0.000000e+000  0.000000e+000  0.000000e+000  
0.000000e+000  0.000000e+000  0.000000e+000  0.000000e+000  0.000000e+000  0.000000e+000  0.000000e+000  0.000000e+000  0.000000e+000  
0.000000e+000  0.000000e+000  0.000000e+000  0.000000e+000  0.000000e+000  0.000000e+000  0.000000e+000  0.000000e+000  0.000000e+000  
0.000000e+000  0.000000e+000  0.000000e+000  0.000000e+000  0.000000e+000  0.000000e+000  0.000000e+000  0.000000e+000  0.000000e+000  
0.000000e+000  0.000000e+000  0.000000e+000  0.000000e+000  0.000000e+000  0.000000e+000  0.000000e+000  0.000000e+000  0.000000e+000  
0.000000e+000  0.000000e+000  0.000000e+000  0.000000e+000  0.000000e+000  0.000000e+000  0.000000e+000  0.000000e+000  0.000000e+000  
0.000000e+000  0.000000e+000  0.000000e+000  0.000000e+000  0.000000e+000  0.000000e+000  0.000000e+000  0.000000e+000  0.000000e+000  
0.000000e+000  0.000000e+000  0.000000e+000  0.000000e+000  0.000000e+000  0.000000e+000  0.000000e+000  0.000000e+000  0.000000e+000  
0.000000e+000  0.000000e+000  0.000000e+000  0.000000e+000  0.000000e+000  0.000000e+000  0.000000e+000  0.000000e+000  0.000000e+000  
0.000000e+000  0.000000e+000  0.000000e+000  0.000000e+000  0.000000e+000  0.000000e+000  0.000000e+000  0.000000e+000  0.000000e+000  
0.000000e+000  0.000000e+000  0.000000e+000  0.000000e+000  0.000000e+000  0.000000e+000  0.000000e+000  0.000000e+000  0.000000e+000  
0.000000e+000  0.000000e+000  0.000000e+000  0.000000e+000  0.000000e+000  0.000000e+000  0.000000e+000  0.000000e+000  0.000000e+000  
0.000000e+000  0.000000e+000  0.000000e+000  0.000000e+000  0.000000e+000  0.000000e+000  0.000000e+000  0.000000e+000  0.000000e+000  
0.000000e+000  0.000000e+000  0.000000e+000  0.000000e+000  0.000000e+000  0.000000e+000  0.000000e+000  0.000000e+000  0.000000e+000  

5.994259e-001  5.884271e-001  5.625484e-001  5.199677e-001  4.717619e-001  4.111117e-001  3.451073e-001  3.064225e-001  -0.000000e+000  
6.037223e-001  5.925379e-001  5.655608e-001  5.223302e-001  4.732642e-001  4.116866e-001  3.449430e-001  3.059431e-001  -0.000000e+000  
6.269674e-001  6.140758e-001  5.838361e-001  5.355944e-001  4.815669e-001  4.147867e-001  3.439521e-001  3.032257e-001  -0.000000e+000  
6.670880e-001  6.524042e-001  6.166229e-001  5.587953e-001  4.956457e-001  4.196063e-001  3.417766e-001  2.981953e-001  -0.000000e+000  
7.032250e-001  6.871842e-001  6.461440e-001  5.789295e-001  5.072479e-001  4.229533e-001  3.392748e-001  2.934367e-001  -0.000000e+000  
7.488390e-001  7.311532e-001  6.833519e-001  6.040256e-001  5.214868e-001  4.268324e-001  3.359447e-001  2.873685e-001  -0.000000e+000  
8.735481e-001  8.525151e-001  7.839044e-001  6.668599e-001  5.532947e-001  4.315802e-001  3.240453e-001  2.698578e-001  -0.000000e+000  
1.072461e+000  1.051773e+000  9.425520e-001  7.509405e-001  5.850807e-001  4.248846e-001  2.988647e-001  2.401018e-001  -0.000000e+000  
1.255377e+000  1.252209e+000  1.091620e+000  8.052657e-001  5.887070e-001  4.011969e-001  2.681236e-001  2.097895e-001  -0.000000e+000  
1.331640e+000  1.345604e+000  1.157214e+000  8.210408e-001  5.827814e-001  3.861951e-001  2.525081e-001  1.953686e-001  -0.000000e+000  
1.373080e+000  1.400124e+000  1.194251e+000  8.274349e-001  5.771879e-001  3.763292e-001  2.429741e-001  1.867816e-001  -0.000000e+000  
1.487842e+000  1.565211e+000  1.302112e+000  8.375910e-001  5.533988e-001  3.428319e-001  2.125881e-001  1.600246e-001  -0.000000e+000  
1.479049e+000  1.782759e+000  1.381989e+000  7.263972e-001  4.307720e-001  2.460578e-001  1.444210e-001  1.058518e-001  -0.000000e+000  
9.454276e-001  1.119774e+000  8.587899e-001  4.559892e-001  2.672127e-001  1.497619e-001  8.655189e-002  6.295996e-002  -0.000000e+000  
3.840340e-001  4.160822e-001  3.086260e-001  1.850722e-001  1.098878e-001  6.085697e-002  3.474643e-002  2.514431e-002  -0.000000e+000  
-6.167180e-001  -6.968536e-001  -5.216432e-001  -2.946093e-001  -1.738529e-001  -9.627291e-002  -5.467366e-002  -3.931572e-002  -0.000000e+000  
-1.477998e+000  -1.771433e+000  -1.377567e+000  -7.299978e-001  -4.355408e-001  -2.503882e-001  -1.476814e-001  -1.084466e-001  -0.000000e+000  
-1.459820e+000  -1.527536e+000  -1.276799e+000  -8.331315e-001  -5.570084e-001  -3.493018e-001  -2.186542e-001  -1.653096e-001  -0.000000e+000  
-1.240016e+000  -1.234744e+000  -1.079053e+000  -8.020065e-001  -5.896796e-001  -4.036124e-001  -2.702055e-001  -2.114340e-001  -0.000000e+000  
-1.023366e+000  -1.002629e+000  -9.033773e-001  -7.301047e-001  -5.769902e-001  -4.259742e-001  -3.041819e-001  -2.464042e-001  -0.000000e+000  
-8.548337e-001  -8.343665e-001  -7.685607e-001  -6.565905e-001  -5.473598e-001  -4.295597e-001  -3.245657e-001  -2.712986e-001  -0.000000e+000  
-7.352343e-001  -7.179771e-001  -6.719014e-001  -5.957245e-001  -5.161105e-001  -4.243532e-001  -3.356146e-001  -2.879225e-001  -0.000000e+000  
-6.518544e-001  -6.375875e-001  -6.035339e-001  -5.490121e-001  -4.890929e-001  -4.164165e-001  -3.412493e-001  -2.988219e-001  -0.000000e+000  
-6.060827e-001  -5.937062e-001  -5.656348e-001  -5.218511e-001  -4.723071e-001  -4.103223e-001  -3.434209e-001  -3.044426e-001  -0.000000e+000  
-6.019757e-001  -5.888650e-001  -5.611965e-001  -5.186056e-001  -4.702719e-001  -4.095558e-001  -3.436529e-001  -3.050972e-001  -0.000000e+000  
-0.000000e+000  -0.000000e+000  -0.000000e+000  -0.000000e+000  -0.000000e+000  -0.000000e+000  -0.000000e+000  -0.000000e+000  -0.000000e+000  

