Port monitor named: Port4_h1.prt

nx        = 46
ny        = 4
nz        = 25

nu        = 23
nv        = 44
iu        = 2
iv        = 2

idir      = 1
dcut      = -3.000000e-002
icut      = 2
type      = 1
frequency = 3.500000e+009

fcutoff   = 0.000000e+000
alpha     = 0.000000e+000
beta      = 1.345608e+002
accuracy  = 3.925820e-014

type          = QTEM
wave imp.     = 2.586443e+002
wave imp.sig. = 0.000000e+000
line imp.     = 4.919575e+001

ref. port     = 0

0.000000e+000  2.640054e-002  4.166430e-002  5.759012e-002  7.382179e-002  9.009131e-002  1.061918e-001  1.219593e-001  1.372609e-001  1.627377e-001  1.864836e-001  2.082054e-001  2.276883e-001  2.447802e-001  2.593833e-001  2.714474e-001  2.809646e-001  2.924468e-001  2.944794e-001  2.813850e-001  2.529511e-001  1.377698e-001  0.000000e+000  
0.000000e+000  1.670907e-002  3.594223e-002  5.476603e-002  7.316195e-002  9.109047e-002  1.084994e-001  1.253300e-001  1.415207e-001  1.682095e-001  1.928653e-001  2.152730e-001  2.352584e-001  2.526936e-001  2.674975e-001  2.796344e-001  2.891109e-001  3.002142e-001  3.015918e-001  2.871948e-001  2.574030e-001  1.395174e-001  0.000000e+000  
0.000000e+000  2.463643e-002  4.915826e-002  7.340748e-002  9.723419e-002  1.204966e-001  1.430615e-001  1.648046e-001  1.856120e-001  2.195678e-001  2.503876e-001  2.777717e-001  3.015158e-001  3.215075e-001  3.377201e-001  3.502026e-001  3.590683e-001  3.664460e-001  3.618201e-001  3.358886e-001  2.943463e-001  1.538008e-001  0.000000e+000  
0.000000e+000  3.267030e-002  6.511434e-002  9.710459e-002  1.284186e-001  1.588435e-001  1.881793e-001  2.162414e-001  2.428633e-001  2.856987e-001  3.237171e-001  3.565553e-001  3.840221e-001  4.060844e-001  4.228475e-001  4.345304e-001  4.414393e-001  4.420398e-001  4.284205e-001  3.871887e-001  3.314302e-001  1.670841e-001  0.000000e+000  
0.000000e+000  4.044328e-002  8.056941e-002  1.200662e-001  1.586317e-001  1.959787e-001  2.318395e-001  2.659692e-001  2.981497e-001  3.494095e-001  3.941684e-001  4.320133e-001  4.627810e-001  4.865330e-001  5.035201e-001  5.141419e-001  5.189045e-001  5.125733e-001  4.900841e-001  4.341541e-001  3.650088e-001  1.789145e-001  0.000000e+000  
0.000000e+000  6.600206e-002  1.313344e-001  1.953415e-001  2.573960e-001  3.169112e-001  3.733527e-001  4.262483e-001  4.751954e-001  5.507445e-001  6.133612e-001  6.626785e-001  6.989100e-001  7.227445e-001  7.352212e-001  7.376040e-001  7.312672e-001  6.966090e-001  6.431149e-001  5.421749e-001  4.363643e-001  2.010262e-001  0.000000e+000  
0.000000e+000  1.176144e-001  2.336464e-001  3.465553e-001  4.548833e-001  5.572933e-001  6.526031e-001  7.398139e-001  8.181319e-001  9.328094e-001  1.019365e+000  1.078351e+000  1.111748e+000  1.122520e+000  1.114166e+000  1.090334e+000  1.054526e+000  9.564925e-001  8.433735e-001  6.681237e-001  5.094415e-001  2.188315e-001  0.000000e+000  
0.000000e+000  2.027460e-001  4.019844e-001  5.943070e-001  7.765052e-001  9.456705e-001  1.099292e+000  1.235345e+000  1.352361e+000  1.510092e+000  1.610484e+000  1.658140e+000  1.660760e+000  1.627486e+000  1.567522e+000  1.489213e+000  1.399578e+000  1.203016e+000  1.011339e+000  7.549839e-001  5.478421e-001  2.223670e-001  0.000000e+000  
0.000000e+000  2.939244e-001  5.820782e-001  8.588187e-001  1.118778e+000  1.357035e+000  1.569324e+000  1.752248e+000  1.903476e+000  2.090563e+000  2.185592e+000  2.200699e+000  2.152841e+000  2.059862e+000  1.937830e+000  1.799799e+000  1.655591e+000  1.369446e+000  1.113779e+000  7.991423e-001  5.610577e-001  2.195573e-001  0.000000e+000  
0.000000e+000  4.080805e-001  8.076699e-001  1.190292e+000  1.547578e+000  1.871499e+000  2.154778e+000  2.391454e+000  2.577501e+000  2.779700e+000  2.840254e+000  2.787386e+000  2.655234e+000  2.475147e+000  2.271701e+000  2.062182e+000  1.857744e+000  1.483975e+000  1.173046e+000  8.152538e-001  5.578308e-001  2.125027e-001  0.000000e+000  
0.000000e+000  5.131798e-001  1.015914e+000  1.497465e+000  1.946668e+000  2.352106e+000  2.702727e+000  2.988937e+000  3.204039e+000  3.406554e+000  3.415565e+000  3.281653e+000  3.059547e+000  2.794017e+000  2.516165e+000  2.245167e+000  1.991581e+000  1.551644e+000  1.202139e+000  8.172309e-001  5.493143e-001  2.054553e-001  0.000000e+000  
0.000000e+000  6.486418e-001  1.285747e+000  1.898723e+000  2.473100e+000  2.992273e+000  3.438196e+000  3.793439e+000  4.044671e+000  4.226023e+000  4.134487e+000  3.866295e+000  3.510518e+000  3.129005e+000  2.757749e+000  2.414637e+000  2.106678e+000  1.599726e+000  1.214639e+000  8.080846e-001  5.338564e-001  1.962186e-001  0.000000e+000  
0.000000e+000  8.175839e-001  1.625656e+000  2.412173e+000  3.160146e+000  3.845747e+000  4.437904e+000  4.901114e+000  5.203506e+000  5.316263e+000  5.030786e+000  4.541595e+000  3.991681e+000  3.458734e+000  2.976185e+000  2.553652e+000  2.189727e+000  1.620676e+000  1.206460e+000  7.861832e-001  5.108855e-001  1.847244e-001  0.000000e+000  
0.000000e+000  1.013948e+000  2.027857e+000  3.037327e+000  4.028426e+000  4.971313e+000  5.813645e+000  6.478173e+000  6.875498e+000  6.800370e+000  6.132024e+000  5.282532e+000  4.462370e+000  3.744798e+000  3.140913e+000  2.639691e+000  2.224756e+000  1.606538e+000  1.173725e+000  7.501586e-001  4.800083e-001  1.709552e-001  0.000000e+000  
0.000000e+000  1.209772e+000  2.441795e+000  3.714511e+000  5.035777e+000  6.389144e+000  7.708091e+000  8.836193e+000  9.496665e+000  8.869520e+000  7.417975e+000  6.002949e+000  4.840317e+000  3.926292e+000  3.210850e+000  2.646060e+000  2.194743e+000  1.549885e+000  1.113219e+000  6.990668e-001  4.410596e-001  1.549507e-001  0.000000e+000  
0.000000e+000  1.339439e+000  2.734594e+000  4.246652e+000  5.945563e+000  7.904005e+000  1.015834e+001  1.256257e+001  1.431261e+001  1.175084e+001  8.679632e+000  6.487757e+000  4.984586e+000  3.921215e+000  3.139598e+000  2.546422e+000  2.084746e+000  1.445112e+000  1.022912e+000  6.325434e-001  3.941454e-001  1.368122e-001  0.000000e+000  
0.000000e+000  1.304538e+000  2.682132e+000  4.227032e+000  6.088943e+000  8.544361e+000  1.216160e+001  1.820312e+001  2.604427e+001  1.514342e+001  9.102133e+000  6.314863e+000  4.710111e+000  3.648963e+000  2.890429e+000  2.323159e+000  1.886218e+000  1.289823e+000  9.024332e-001  5.509292e-001  3.396714e-001  1.167042e-001  0.000000e+000  
0.000000e+000  1.042384e+000  2.110741e+000  3.228470e+000  4.409216e+000  5.635060e+000  6.793118e+000  7.495574e+000  0.000000e+000  7.382504e+000  6.257377e+000  4.944034e+000  3.878626e+000  3.062637e+000  2.440050e+000  1.960834e+000  1.587490e+000  1.076257e+000  7.463725e-001  4.508547e-001  2.754778e-001  9.382882e-002  0.000000e+000  
0.000000e+000  6.763714e-001  1.338542e+000  1.961129e+000  2.492270e+000  2.829350e+000  2.780548e+000  2.011382e+000  0.000000e+000  2.886383e+000  3.514560e+000  3.233145e+000  2.727622e+000  2.231270e+000  1.807620e+000  1.463025e+000  1.187213e+000  8.024787e-001  5.535716e-001  3.319333e-001  2.014936e-001  6.820082e-002  0.000000e+000  
0.000000e+000  2.014597e-001  3.874377e-001  5.400921e-001  6.373413e-001  6.524510e-001  5.572702e-001  3.335276e-001  0.000000e+000  6.388617e-001  9.917423e-001  1.065262e+000  9.924896e-001  8.637672e-001  7.263303e-001  6.006117e-001  4.932309e-001  3.349076e-001  2.303726e-001  1.371704e-001  8.271190e-002  2.783464e-002  0.000000e+000  
0.000000e+000  -2.146655e-001  -4.132792e-001  -5.771510e-001  -6.827733e-001  -7.011293e-001  -6.009133e-001  -3.607889e-001  0.000000e+000  -6.955440e-001  -1.069265e+000  -1.139140e+000  -1.054425e+000  -9.129695e-001  -7.645386e-001  -6.300218e-001  -5.157994e-001  -3.484895e-001  -2.385767e-001  -1.410987e-001  -8.445813e-002  -2.812227e-002  0.000000e+000  
0.000000e+000  -6.955589e-001  -1.379282e+000  -2.028102e+000  -2.591669e+000  -2.965261e+000  -2.943759e+000  -2.153328e+000  0.000000e+000  -3.090092e+000  -3.677669e+000  -3.336285e+000  -2.792638e+000  -2.274688e+000  -1.838396e+000  -1.485787e+000  -1.204457e+000  -8.129952e-001  -5.600525e-001  -3.350897e-001  -2.028993e-001  -6.841418e-002  0.000000e+000  
0.000000e+000  -1.057231e+000  -2.144927e+000  -3.293558e+000  -4.530157e+000  -5.861400e+000  -7.206657e+000  -8.138133e+000  0.000000e+000  -7.994282e+000  -6.500292e+000  -5.041538e+000  -3.926651e+000  -3.091889e+000  -2.460562e+000  -1.976310e+000  -1.599550e+000  -1.083968e+000  -7.512917e-001  -4.533033e-001  -2.765661e-001  -9.397192e-002  0.000000e+000  
0.000000e+000  -1.226398e+000  -2.511441e+000  -3.929334e+000  -5.598333e+000  -7.756307e+000  -1.101469e+001  -1.740065e+001  -3.956647e+001  -1.424924e+001  -8.362558e+000  -5.918586e+000  -4.470811e+000  -3.483128e+000  -2.764587e+000  -2.222593e+000  -1.803548e+000  -1.230565e+000  -8.587811e-001  -5.224472e-001  -3.210218e-001  -1.098474e-001  0.000000e+000  
0.000000e+000  -1.287969e+000  -2.642589e+000  -4.148797e+000  -5.940936e+000  -8.273249e+000  -1.169606e+001  -1.745451e+001  -2.763274e+001  -1.442256e+001  -8.851829e+000  -6.229947e+000  -4.684506e+000  -3.644766e+000  -2.894405e+000  -2.330337e+000  -1.894520e+000  -1.297627e+000  -9.088598e-001  -5.552305e-001  -3.423769e-001  -1.175640e-001  0.000000e+000  
0.000000e+000  -1.323394e+000  -2.714297e+000  -4.256215e+000  -6.072026e+000  -8.363508e+000  -1.146408e+001  -1.578039e+001  -2.076446e+001  -1.361456e+001  -8.962957e+000  -6.403867e+000  -4.833983e+000  -3.769848e+000  -3.000798e+000  -2.422022e+000  -1.974071e+000  -1.358245e+000  -9.551399e-001  -5.861492e-001  -3.628160e-001  -1.250468e-001  0.000000e+000  
0.000000e+000  -1.332335e+000  -2.726782e+000  -4.256278e+000  -6.016787e+000  -8.137002e+000  -1.075621e+001  -1.384409e+001  -1.648879e+001  -1.248741e+001  -8.806289e+000  -6.451621e+000  -4.919265e+000  -3.857663e+000  -3.083275e+000  -2.497335e+000  -2.041987e+000  -1.412281e+000  -9.975231e-001  -6.151411e-001  -3.823011e-001  -1.322841e-001  0.000000e+000  
0.000000e+000  -1.316900e+000  -2.686282e+000  -4.165738e+000  -5.820525e+000  -7.714883e+000  -9.864337e+000  -1.207973e+001  -1.362331e+001  -1.132148e+001  -8.480485e+000  -6.394719e+000  -4.944878e+000  -3.909244e+000  -3.142088e+000  -2.556319e+000  -2.098242e+000  -1.459675e+000  -1.035946e+000  -6.421575e-001  -4.007996e-001  -1.392655e-001  0.000000e+000  
0.000000e+000  -1.280851e+000  -2.602553e+000  -4.006354e+000  -5.530181e+000  -7.192458e+000  -8.945865e+000  -1.057677e+001  -1.157577e+001  -1.022726e+001  -8.059070e+000  -6.257162e+000  -4.918112e+000  -3.927013e+000  -3.178156e+000  -2.599362e+000  -2.142993e+000  -1.500440e+000  -1.070378e+000  -6.671631e-001  -4.182845e-001  -1.459813e-001  0.000000e+000  
0.000000e+000  -1.228736e+000  -2.486532e+000  -3.799742e+000  -5.185284e+000  -6.633821e+000  -8.074481e+000  -9.319737e+000  -1.003476e+001  -9.240672e+000  -7.592071e+000  -6.061218e+000  -4.847496e+000  -3.914355e+000  -3.192948e+000  -2.627149e+000  -2.176569e+000  -1.534660e+000  -1.100825e+000  -6.901362e-001  -4.347339e-001  -1.524232e-001  0.000000e+000  
0.000000e+000  -1.165164e+000  -2.348653e+000  -3.564551e+000  -4.815335e+000  -6.077693e+000  -7.278737e+000  -8.269032e+000  -8.828440e+000  -8.366011e+000  -7.111411e+000  -5.825624e+000  -4.741698e+000  -3.875198e+000  -3.188327e+000  -2.640615e+000  -2.199443e+000  -1.562483e+000  -1.127321e+000  -7.110681e-001  -4.501316e-001  -1.585839e-001  0.000000e+000  
0.000000e+000  -1.030586e+000  -2.062247e+000  -3.091216e+000  -4.103059e+000  -5.065569e+000  -5.922056e+000  -6.591149e+000  -6.984744e+000  -6.901222e+000  -6.208479e+000  -5.330784e+000  -4.489250e+000  -3.758295e+000  -3.146688e+000  -2.641119e+000  -2.223715e+000  -1.603588e+000  -1.170283e+000  -7.469673e-001  -4.773680e-001  -1.697434e-001  0.000000e+000  
0.000000e+000  -8.282778e-001  -1.647041e+000  -2.444041e+000  -3.201726e+000  -3.895314e+000  -4.492663e+000  -4.957771e+000  -5.259528e+000  -5.368677e+000  -5.074328e+000  -4.573333e+000  -4.012534e+000  -3.471329e+000  -2.983131e+000  -2.556930e+000  -2.190672e+000  -1.619489e+000  -1.204514e+000  -7.841294e-001  -5.090866e-001  -1.838613e-001  0.000000e+000  
0.000000e+000  -6.545536e-001  -1.297377e+000  -1.915633e+000  -2.494546e+000  -3.017178e+000  -3.465246e+000  -3.821333e+000  -4.072413e+000  -4.252046e+000  -4.156805e+000  -3.883416e+000  -3.522281e+000  -3.136235e+000  -2.761604e+000  -2.416182e+000  -2.106728e+000  -1.598472e+000  -1.213009e+000  -8.065284e-001  -5.325534e-001  -1.956081e-001  0.000000e+000  
0.000000e+000  -5.163152e-001  -1.022079e+000  -1.506430e+000  -1.958052e+000  -2.365370e+000  -2.717204e+000  -3.003912e+000  -3.218837e+000  -3.419675e+000  -3.425696e+000  -3.288180e+000  -3.062681e+000  -2.794501e+000  -2.514881e+000  -2.242871e+000  -1.988813e+000  -1.548940e+000  -1.199863e+000  -8.156111e-001  -5.481856e-001  -2.050026e-001  0.000000e+000  
0.000000e+000  -3.569074e-001  -7.064739e-001  -1.041459e+000  -1.354865e+000  -1.640159e+000  -1.891581e+000  -2.104511e+000  -2.275843e+000  -2.474273e+000  -2.554510e+000  -2.536311e+000  -2.445104e+000  -2.305769e+000  -2.139146e+000  -1.960952e+000  -1.782129e+000  -1.443875e+000  -1.154194e+000  -8.118684e-001  -5.607993e-001  -2.156770e-001  0.000000e+000  
0.000000e+000  -2.333327e-001  -4.623979e-001  -6.830429e-001  -8.913491e-001  -1.083758e+000  -1.257203e+000  -1.409230e+000  -1.538105e+000  -1.706678e+000  -1.806553e+000  -1.844596e+000  -1.831359e+000  -1.778753e+000  -1.698251e+000  -1.599832e+000  -1.491545e+000  -1.263730e+000  -1.049298e+000  -7.717929e-001  -5.532203e-001  -2.215197e-001  0.000000e+000  
0.000000e+000  -1.254464e-001  -2.491458e-001  -3.693983e-001  -4.845970e-001  -5.932708e-001  -6.941244e-001  -7.860702e-001  -8.682542e-001  -9.875730e-001  -1.076222e+000  -1.135046e+000  -1.166458e+000  -1.173913e+000  -1.161380e+000  -1.132911e+000  -1.092331e+000  -9.850576e-001  -8.640773e-001  -6.800087e-001  -5.155885e-001  -2.199269e-001  0.000000e+000  
0.000000e+000  -6.585307e-002  -1.310340e-001  -1.948851e-001  -2.567769e-001  -3.161214e-001  -3.723836e-001  -4.250912e-001  -4.738425e-001  -5.490354e-001  -6.112905e-001  -6.602611e-001  -6.961826e-001  -7.197628e-001  -7.320545e-001  -7.343279e-001  -7.279575e-001  -6.934417e-001  -6.402787e-001  -5.400143e-001  -4.348486e-001  -2.005070e-001  0.000000e+000  
0.000000e+000  -3.848802e-002  -7.668024e-002  -1.142851e-001  -1.510200e-001  -1.866163e-001  -2.208230e-001  -2.534105e-001  -2.841736e-001  -3.332739e-001  -3.762900e-001  -4.128247e-001  -4.427121e-001  -4.659939e-001  -4.828878e-001  -4.937503e-001  -4.990386e-001  -4.944584e-001  -4.742442e-001  -4.221145e-001  -3.564323e-001  -1.759104e-001  0.000000e+000  
0.000000e+000  -2.473030e-002  -4.934457e-002  -7.368307e-002  -9.759421e-002  -1.209346e-001  -1.435695e-001  -1.653736e-001  -1.862318e-001  -2.202505e-001  -2.510991e-001  -2.784785e-001  -3.021873e-001  -3.221178e-001  -3.382489e-001  -3.506359e-001  -3.593982e-001  -3.665617e-001  -3.617462e-001  -3.356098e-001  -2.939703e-001  -1.535431e-001  0.000000e+000  
0.000000e+000  -1.672038e-002  -3.597087e-002  -5.481318e-002  -7.322959e-002  -9.118123e-002  -1.086165e-001  -1.254770e-001  -1.417014e-001  -1.684457e-001  -1.931408e-001  -2.155707e-001  -2.355616e-001  -2.529869e-001  -2.677677e-001  -2.798707e-001  -2.893050e-001  -3.003077e-001  -3.015817e-001  -2.870502e-001  -2.571767e-001  -1.393299e-001  0.000000e+000  
0.000000e+000  -2.639800e-002  -4.163952e-002  -5.754920e-002  -7.377316e-002  -9.004591e-002  -1.061633e-001  -1.219644e-001  -1.373191e-001  -1.628863e-001  -1.866909e-001  -2.084472e-001  -2.279447e-001  -2.450347e-001  -2.596221e-001  -2.716595e-001  -2.811417e-001  -2.925360e-001  -2.944751e-001  -2.812549e-001  -2.527418e-001  -1.375907e-001  0.000000e+000  
0.000000e+000  0.000000e+000  0.000000e+000  0.000000e+000  0.000000e+000  0.000000e+000  0.000000e+000  0.000000e+000  0.000000e+000  0.000000e+000  0.000000e+000  0.000000e+000  0.000000e+000  0.000000e+000  0.000000e+000  0.000000e+000  0.000000e+000  0.000000e+000  0.000000e+000  0.000000e+000  0.000000e+000  0.000000e+000  0.000000e+000  

0.000000e+000  0.000000e+000  0.000000e+000  0.000000e+000  0.000000e+000  0.000000e+000  0.000000e+000  0.000000e+000  0.000000e+000  0.000000e+000  0.000000e+000  0.000000e+000  0.000000e+000  0.000000e+000  0.000000e+000  0.000000e+000  0.000000e+000  0.000000e+000  0.000000e+000  0.000000e+000  0.000000e+000  0.000000e+000  0.000000e+000  
-5.337827e-002  -5.540153e-002  -5.652681e-002  -5.698442e-002  -5.693304e-002  -5.648320e-002  -5.571318e-002  -5.467982e-002  -5.317633e-002  -5.098237e-002  -4.845577e-002  -4.567821e-002  -4.271740e-002  -3.963266e-002  -3.647733e-002  -3.329937e-002  -2.856252e-002  -2.255034e-002  -1.563185e-002  -8.820537e-003  1.132503e-004  5.106236e-003  0.000000e+000  
-3.186941e-001  -3.174074e-001  -3.151867e-001  -3.120156e-001  -3.078955e-001  -3.028425e-001  -2.968840e-001  -2.900567e-001  -2.807601e-001  -2.681401e-001  -2.541014e-001  -2.389229e-001  -2.228902e-001  -2.062844e-001  -1.893740e-001  -1.724071e-001  -1.472071e-001  -1.154415e-001  -7.913290e-002  -4.374431e-002  2.224587e-003  2.754185e-002  0.000000e+000  
-6.303554e-001  -6.280383e-001  -6.234313e-001  -6.165793e-001  -6.075453e-001  -5.964101e-001  -5.832713e-001  -5.682418e-001  -5.475245e-001  -5.192949e-001  -4.881674e-001  -4.548576e-001  -4.200747e-001  -3.844947e-001  -3.487387e-001  -3.133580e-001  -2.615581e-001  -1.982148e-001  -1.280169e-001  -6.275765e-002  1.811836e-002  5.950857e-002  0.000000e+000  
-6.845275e-001  -6.819418e-001  -6.767964e-001  -6.691416e-001  -6.590506e-001  -6.466182e-001  -6.319587e-001  -6.152042e-001  -5.920559e-001  -5.605062e-001  -5.258049e-001  -4.887779e-001  -4.502368e-001  -4.109469e-001  -3.716042e-001  -3.328180e-001  -2.762449e-001  -2.075955e-001  -1.320900e-001  -6.266402e-002  2.246071e-002  6.534241e-002  0.000000e+000  
-1.061998e+000  -1.057230e+000  -1.047753e+000  -1.033680e+000  -1.015180e+000  -9.924689e-001  -9.658089e-001  -9.354993e-001  -8.931365e-001  -8.353894e-001  -7.727796e-001  -7.070791e-001  -6.399536e-001  -5.728935e-001  -5.071696e-001  -4.438128e-001  -3.535127e-001  -2.491183e-001  -1.397978e-001  -4.647239e-002  5.951173e-002  1.067870e-001  0.000000e+000  
-1.619783e+000  -1.610576e+000  -1.592308e+000  -1.565269e+000  -1.529884e+000  -1.486698e+000  -1.436362e+000  -1.379612e+000  -1.299495e+000  -1.190945e+000  -1.075923e+000  -9.583774e-001  -8.417656e-001  -7.289124e-001  -6.219608e-001  -5.223945e-001  -3.854643e-001  -2.384226e-001  -9.552028e-002  1.350537e-002  1.228325e-001  1.619322e-001  0.000000e+000  
-2.529561e+000  -2.510146e+000  -2.471724e+000  -2.415100e+000  -2.341452e+000  -2.252290e+000  -2.149408e+000  -2.034823e+000  -1.872190e+000  -1.655468e+000  -1.433928e+000  -1.216831e+000  -1.011328e+000  -8.222938e-001  -6.524973e-001  -5.029782e-001  -3.087338e-001  -1.230226e-001  3.699479e-002  1.381092e-001  2.168547e-001  2.298983e-001  0.000000e+000  
-3.265675e+000  -3.235129e+000  -3.174755e+000  -3.085976e+000  -2.970903e+000  -2.832283e+000  -2.673422e+000  -2.498065e+000  -2.249368e+000  -1.923992e+000  -1.601963e+000  -1.298276e+000  -1.022807e+000  -7.806238e-001  -5.730045e-001  -3.986273e-001  -1.826227e-001  5.624968e-003  1.526253e-001  2.309355e-001  2.745166e-001  2.668202e-001  0.000000e+000  
-4.298308e+000  -4.249573e+000  -4.153216e+000  -4.011507e+000  -3.827946e+000  -3.607307e+000  -3.355598e+000  -3.079883e+000  -2.689775e+000  -2.191277e+000  -1.717974e+000  -1.293786e+000  -9.303384e-001  -6.295937e-001  -3.874343e-001  -1.967184e-001  2.432330e-002  1.927840e-001  3.042982e-001  3.437840e-001  3.378002e-001  3.046224e-001  0.000000e+000  
-5.059110e+000  -4.995891e+000  -4.870585e+000  -4.685629e+000  -4.445088e+000  -4.154991e+000  -3.823568e+000  -3.461165e+000  -2.949024e+000  -2.306589e+000  -1.717128e+000  -1.210531e+000  -7.957765e-001  -4.682191e-001  -2.165909e-001  -2.771475e-002  1.803159e-001  3.223925e-001  4.016204e-001  4.123089e-001  3.735572e-001  3.249725e-001  0.000000e+000  
-6.002413e+000  -5.921431e+000  -5.760087e+000  -5.520069e+000  -5.204978e+000  -4.821430e+000  -4.380110e+000  -3.896267e+000  -3.212328e+000  -2.374015e+000  -1.638548e+000  -1.040083e+000  -5.779047e-001  -2.339639e-001  1.473991e-002  1.898843e-001  3.693564e-001  4.716412e-001  5.084885e-001  4.849706e-001  4.097601e-001  3.449323e-001  0.000000e+000  
-7.179808e+000  -7.079290e+000  -6.877051e+000  -6.571544e+000  -6.162670e+000  -5.654523e+000  -5.058777e+000  -4.397635e+000  -3.458806e+000  -2.345327e+000  -1.429653e+000  -7.391199e-001  -2.463165e-001  9.223312e-002  3.173772e-001  4.615473e-001  5.921429e-001  6.392773e-001  6.232836e-001  5.605191e-001  4.458257e-001  3.642386e-001  0.000000e+000  
-8.647938e+000  -8.531486e+000  -8.293028e+000  -7.922517e+000  -7.408094e+000  -6.741373e+000  -5.926347e+000  -4.991328e+000  -3.641993e+000  -2.128458e+000  -1.004720e+000  -2.476474e-001  2.343866e-001  5.284663e-001  6.989590e-001  7.892410e-001  8.465815e-001  8.223698e-001  7.436007e-001  6.373631e-001  4.811024e-001  3.826179e-001  0.000000e+000  
-1.045268e+001  -1.033669e+001  -1.009168e+001  -9.691252e+000  -9.096249e+000  -8.259659e+000  -7.142679e+000  -5.752632e+000  -3.644583e+000  -1.537030e+000  -2.259630e-001  5.099871e-001  8.975817e-001  1.085255e+000  1.159316e+000  1.168560e+000  1.126674e+000  1.016001e+000  8.662261e-001  7.135964e-001  5.148868e-001  3.997931e-001  0.000000e+000  
-1.259150e+001  -1.251435e+001  -1.234052e+001  -1.202547e+001  -1.148842e+001  -1.059651e+001  -9.156771e+000  -6.970016e+000  -3.107986e+000  -1.760488e-001  1.109787e+000  1.605966e+000  1.755858e+000  1.753764e+000  1.684220e+000  1.585645e+000  1.421735e+000  1.213192e+000  9.872110e-001  7.870578e-001  5.464456e-001  4.154902e-001  0.000000e+000  
-1.494888e+001  -1.496808e+001  -1.499635e+001  -1.500427e+001  -1.491587e+001  -1.453621e+001  -1.335996e+001  -1.005980e+001  -6.702515e-001  2.779863e+000  3.212430e+000  3.039926e+000  2.764046e+000  2.490261e+000  2.239777e+000  2.015470e+000  1.716499e+000  1.405208e+000  1.102062e+000  8.554292e-001  5.750426e-001  4.294465e-001  0.000000e+000  
-1.724025e+001  -1.738553e+001  -1.770234e+001  -1.825646e+001  -1.918951e+001  -2.080725e+001  -2.379520e+001  -2.975884e+001  1.619271e+001  8.664154e+000  5.906236e+000  4.578613e+000  3.774335e+000  3.207902e+000  2.773316e+000  2.424088e+000  1.992671e+000  1.582308e+000  1.206046e+000  9.163634e-001  5.999694e-001  4.414188e-001  0.000000e+000  
-1.924509e+001  -1.943982e+001  -1.985073e+001  -2.052535e+001  -2.154616e+001  -2.304089e+001  -2.517946e+001  -2.810342e+001  1.399577e+001  9.821279e+000  7.275678e+000  5.688748e+000  4.621947e+000  3.852064e+000  3.266945e+000  2.806824e+000  2.252433e+000  1.747895e+000  1.302076e+000  9.719466e-001  6.222902e-001  4.519955e-001  0.000000e+000  
-2.055053e+001  -2.071912e+001  -2.105678e+001  -2.156135e+001  -2.222009e+001  -2.299332e+001  -2.378319e+001  -2.437940e+001  1.049817e+001  9.107320e+000  7.546586e+000  6.205987e+000  5.133561e+000  4.288889e+000  3.621489e+000  3.089619e+000  2.448207e+000  1.873119e+000  1.374300e+000  1.013414e+000  6.387219e-001  4.597057e-001  0.000000e+000  
-2.133588e+001  -2.144669e+001  -2.165994e+001  -2.195750e+001  -2.230912e+001  -2.266969e+001  -2.297823e+001  -2.316322e+001  8.938347e+000  8.319224e+000  7.363194e+000  6.340960e+000  5.392129e+000  4.568934e+000  3.878588e+000  3.309129e+000  2.609300e+000  1.978445e+000  1.435178e+000  1.048124e+000  6.522776e-001  4.660034e-001  0.000000e+000  
-2.049717e+001  -2.066785e+001  -2.101075e+001  -2.152587e+001  -2.220370e+001  -2.300784e+001  -2.384013e+001  -2.447705e+001  1.063506e+001  9.153221e+000  7.539553e+000  6.180890e+000  5.106604e+000  4.265552e+000  3.602784e+000  3.075056e+000  2.438618e+000  1.867351e+000  1.371237e+000  1.011815e+000  6.382287e-001  4.595558e-001  0.000000e+000  
-1.915405e+001  -1.934641e+001  -1.975372e+001  -2.042717e+001  -2.145926e+001  -2.300196e+001  -2.527377e+001  -2.846451e+001  1.437743e+001  9.824068e+000  7.204461e+000  5.622856e+000  4.571907e+000  3.815235e+000  3.239694e+000  2.786374e+000  2.239246e+000  1.739955e+000  1.297814e+000  9.696976e-001  6.215887e-001  4.517814e-001  0.000000e+000  
-1.711993e+001  -1.725439e+001  -1.754586e+001  -1.805192e+001  -1.890314e+001  -2.041513e+001  -2.345730e+001  -3.086347e+001  1.698150e+001  8.270358e+000  5.678724e+000  4.459602e+000  3.704183e+000  3.161730e+000  2.740687e+000  2.399988e+000  1.977148e+000  1.572854e+000  1.200883e+000  9.136007e-001  5.990950e-001  4.411506e-001  0.000000e+000  
-1.633392e+001  -1.643143e+001  -1.663927e+001  -1.698742e+001  -1.753165e+001  -1.835391e+001  -1.943843e+001  -1.951806e+001  6.658952e+000  6.178985e+000  4.818761e+000  3.954145e+000  3.361542e+000  2.913869e+000  2.554740e+000  2.256995e+000  1.880295e+000  1.510790e+000  1.164535e+000  8.923670e-001  5.904585e-001  4.370249e-001  0.000000e+000  
-1.550842e+001  -1.556397e+001  -1.567643e+001  -1.584488e+001  -1.605005e+001  -1.618869e+001  -1.581042e+001  -1.312306e+001  1.947514e+000  4.202246e+000  3.895906e+000  3.414432e+000  3.000898e+000  2.655181e+000  2.361392e+000  2.108446e+000  1.779540e+000  1.445992e+000  1.126386e+000  8.699703e-001  5.812830e-001  4.326182e-001  0.000000e+000  
-1.465990e+001  -1.467295e+001  -1.469039e+001  -1.468665e+001  -1.459307e+001  -1.422399e+001  -1.308305e+001  -9.974451e+000  -5.881820e-001  2.556286e+000  2.996389e+000  2.866645e+000  2.632113e+000  2.390331e+000  2.163252e+000  1.955978e+000  1.675757e+000  1.378925e+000  1.086655e+000  8.465188e-001  5.715999e-001  4.279410e-001  0.000000e+000  
-1.380503e+001  -1.377895e+001  -1.371136e+001  -1.356225e+001  -1.324245e+001  -1.255959e+001  -1.112318e+001  -8.288354e+000  -1.993731e+000  1.259240e+000  2.170880e+000  2.332927e+000  2.264786e+000  2.124063e+000  1.962991e+000  1.801263e+000  1.569834e+000  1.310056e+000  1.045569e+000  8.221230e-001  5.614422e-001  4.230044e-001  0.000000e+000  
-1.295917e+001  -1.289999e+001  -1.276300e+001  -1.250337e+001  -1.203252e+001  -1.118848e+001  -9.708623e+000  -7.291010e+000  -2.789481e+000  2.640788e-001  1.442375e+000  1.829329e+000  1.907260e+000  1.860838e+000  1.763205e+000  1.645947e+000  1.462651e+000  1.239855e+000  1.003355e+000  7.968954e-001  5.508435e-001  4.178200e-001  0.000000e+000  
-1.213532e+001  -1.205033e+001  -1.186145e+001  -1.152593e+001  -1.096734e+001  -1.006477e+001  -8.659543e+000  -6.634646e+000  -3.243434e+000  -4.894385e-001  8.161044e-001  1.365906e+000  1.566134e+000  1.604580e+000  1.566298e+000  1.491594e+000  1.355064e+000  1.168782e+000  9.602399e-001  7.709492e-001  5.398385e-001  4.123996e-001  0.000000e+000  
-1.134363e+001  -1.124021e+001  -1.101618e+001  -1.063464e+001  -1.003558e+001  -9.136543e+000  -7.851784e+000  -6.156425e+000  -3.498855e+000  -1.056448e+000  2.873590e-001  9.477908e-001  1.246162e+000  1.358526e+000  1.374395e+000  1.339640e+000  1.247883e+000  1.097282e+000  9.164462e-001  7.443976e-001  5.284622e-001  4.067556e-001  0.000000e+000  
-1.059136e+001  -1.047625e+001  -1.023148e+001  -9.827420e+000  -9.220148e+000  -8.358213e+000  -7.203745e+000  -5.776130e+000  -3.635761e+000  -1.482135e+000  -1.532895e-001  5.765082e-001  9.504013e-001  1.125174e+000  1.189287e+000  1.191356e+000  1.141860e+000  1.025781e+000  8.721918e-001  7.173527e-001  5.167502e-001  4.009006e-001  0.000000e+000  
-8.719399e+000  -8.601867e+000  -8.360723e+000  -7.985010e+000  -7.461958e+000  -6.783005e+000  -5.953589e+000  -5.005043e+000  -3.641267e+000  -2.110338e+000  -9.766933e-001  -2.185438e-001  2.597488e-001  5.488227e-001  7.147659e-001  8.014539e-001  8.547849e-001  8.276997e-001  7.469475e-001  6.395880e-001  4.823598e-001  3.834528e-001  0.000000e+000  
-7.201533e+000  -7.100276e+000  -6.896472e+000  -6.588477e+000  -6.176208e+000  -5.664047e+000  -5.064277e+000  -4.399787e+000  -3.457681e+000  -2.340563e+000  -1.422358e+000  -7.312723e-001  -2.393820e-001  9.769257e-002  3.214092e-001  4.644483e-001  5.938371e-001  6.402836e-001  6.239748e-001  5.611290e-001  4.463982e-001  3.647433e-001  0.000000e+000  
-5.988942e+000  -5.907971e+000  -5.746688e+000  -5.506864e+000  -5.192238e+000  -4.809596e+000  -4.369778e+000  -3.888059e+000  -3.207675e+000  -2.373527e+000  -1.640841e+000  -1.043947e+000  -5.825172e-001  -2.387902e-001  1.004034e-002  1.855161e-001  3.656491e-001  4.688682e-001  5.067257e-001  4.840148e-001  4.096155e-001  3.450672e-001  0.000000e+000  
-5.020311e+000  -4.957662e+000  -4.833579e+000  -4.650645e+000  -4.413081e+000  -4.127025e+000  -3.800670e+000  -3.444126e+000  -2.940537e+000  -2.307712e+000  -1.724727e+000  -1.221428e+000  -8.076765e-001  -4.797967e-001  -2.272223e-001  -3.718400e-002  1.726141e-001  3.166461e-001  3.977810e-001  4.099443e-001  3.727057e-001  3.247154e-001  0.000000e+000  
-3.648536e+000  -3.611510e+000  -3.538332e+000  -3.430761e+000  -3.291428e+000  -3.123818e+000  -2.932185e+000  -2.721402e+000  -2.422796e+000  -2.035851e+000  -1.659113e+000  -1.310762e+000  -1.001574e+000  -7.358714e-001  -5.133195e-001  -3.307297e-001  -1.098535e-001  7.391846e-002  2.099934e-001  2.749222e-001  3.003640e-001  2.828239e-001  0.000000e+000  
-2.720552e+000  -2.698519e+000  -2.654933e+000  -2.590745e+000  -2.507346e+000  -2.406526e+000  -2.290417e+000  -2.161412e+000  -1.978326e+000  -1.735451e+000  -1.489155e+000  -1.250046e+000  -1.026029e+000  -8.222010e-001  -6.411660e-001  -4.835635e-001  -2.811659e-001  -9.202035e-002  6.707782e-002  1.636311e-001  2.339215e-001  2.413768e-001  0.000000e+000  
-1.652425e+000  -1.642873e+000  -1.623925e+000  -1.595887e+000  -1.559210e+000  -1.514471e+000  -1.462359e+000  -1.403655e+000  -1.320763e+000  -1.208583e+000  -1.089979e+000  -9.690737e-001  -8.494437e-001  -7.339790e-001  -6.248416e-001  -5.234999e-001  -3.844671e-001  -2.358259e-001  -9.193876e-002  1.727081e-002  1.261694e-001  1.646800e-001  0.000000e+000  
-1.034628e+000  -1.030021e+000  -1.020864e+000  -1.007265e+000  -9.893864e-001  -9.674368e-001  -9.416675e-001  -9.123662e-001  -8.714411e-001  -8.156696e-001  -7.551774e-001  -6.916655e-001  -6.267328e-001  -5.618103e-001  -4.981200e-001  -4.366548e-001  -3.489405e-001  -2.472317e-001  -1.403583e-001  -4.858605e-002  5.633159e-002  1.036750e-001  0.000000e+000  
-6.314573e-001  -6.291192e-001  -6.244690e-001  -6.175521e-001  -6.084333e-001  -5.971956e-001  -5.839395e-001  -5.687809e-001  -5.478733e-001  -5.193894e-001  -4.880123e-001  -4.544716e-001  -4.194873e-001  -3.837427e-001  -3.478625e-001  -3.123983e-001  -2.605308e-001  -1.972262e-001  -1.271805e-001  -6.216922e-002  1.831464e-002  5.949741e-002  0.000000e+000  
-3.191076e-001  -3.178133e-001  -3.155783e-001  -3.123863e-001  -3.082394e-001  -3.031542e-001  -2.971589e-001  -2.902912e-001  -2.809255e-001  -2.682073e-001  -2.540718e-001  -2.388017e-001  -2.226860e-001  -2.060085e-001  -1.890392e-001  -1.720274e-001  -1.467807e-001  -1.150046e-001  -7.873216e-002  -4.343588e-002  2.357026e-003  2.755813e-002  0.000000e+000  
-5.348075e-002  -5.550817e-002  -5.663395e-002  -5.708871e-002  -5.703125e-002  -5.657197e-002  -5.578875e-002  -5.473763e-002  -5.321172e-002  -5.099813e-002  -4.845314e-002  -4.565859e-002  -4.268248e-002  -3.958446e-002  -3.641810e-002  -3.323153e-002  -2.848541e-002  -2.247012e-002  -1.555691e-002  -8.761717e-003  1.397574e-004  5.110302e-003  0.000000e+000  
0.000000e+000  0.000000e+000  0.000000e+000  0.000000e+000  0.000000e+000  0.000000e+000  0.000000e+000  0.000000e+000  0.000000e+000  0.000000e+000  0.000000e+000  0.000000e+000  0.000000e+000  0.000000e+000  0.000000e+000  0.000000e+000  0.000000e+000  0.000000e+000  0.000000e+000  0.000000e+000  0.000000e+000  0.000000e+000  0.000000e+000  

0.000000e+000  0.000000e+000  0.000000e+000  0.000000e+000  0.000000e+000  0.000000e+000  0.000000e+000  0.000000e+000  0.000000e+000  0.000000e+000  0.000000e+000  0.000000e+000  0.000000e+000  0.000000e+000  0.000000e+000  0.000000e+000  0.000000e+000  0.000000e+000  0.000000e+000  0.000000e+000  0.000000e+000  0.000000e+000  0.000000e+000  
0.000000e+000  0.000000e+000  0.000000e+000  0.000000e+000  0.000000e+000  0.000000e+000  0.000000e+000  0.000000e+000  0.000000e+000  0.000000e+000  0.000000e+000  0.000000e+000  0.000000e+000  0.000000e+000  0.000000e+000  0.000000e+000  0.000000e+000  0.000000e+000  0.000000e+000  0.000000e+000  0.000000e+000  0.000000e+000  0.000000e+000  
0.000000e+000  0.000000e+000  0.000000e+000  0.000000e+000  0.000000e+000  0.000000e+000  0.000000e+000  0.000000e+000  0.000000e+000  0.000000e+000  0.000000e+000  0.000000e+000  0.000000e+000  0.000000e+000  0.000000e+000  0.000000e+000  0.000000e+000  0.000000e+000  0.000000e+000  0.000000e+000  0.000000e+000  0.000000e+000  0.000000e+000  
0.000000e+000  0.000000e+000  0.000000e+000  0.000000e+000  0.000000e+000  0.000000e+000  0.000000e+000  0.000000e+000  0.000000e+000  0.000000e+000  0.000000e+000  0.000000e+000  0.000000e+000  0.000000e+000  0.000000e+000  0.000000e+000  0.000000e+000  0.000000e+000  0.000000e+000  0.000000e+000  0.000000e+000  0.000000e+000  0.000000e+000  
0.000000e+000  0.000000e+000  0.000000e+000  0.000000e+000  0.000000e+000  0.000000e+000  0.000000e+000  0.000000e+000  0.000000e+000  0.000000e+000  0.000000e+000  0.000000e+000  0.000000e+000  0.000000e+000  0.000000e+000  0.000000e+000  0.000000e+000  0.000000e+000  0.000000e+000  0.000000e+000  0.000000e+000  0.000000e+000  0.000000e+000  
0.000000e+000  0.000000e+000  0.000000e+000  0.000000e+000  0.000000e+000  0.000000e+000  0.000000e+000  0.000000e+000  0.000000e+000  0.000000e+000  0.000000e+000  0.000000e+000  0.000000e+000  0.000000e+000  0.000000e+000  0.000000e+000  0.000000e+000  0.000000e+000  0.000000e+000  0.000000e+000  0.000000e+000  0.000000e+000  0.000000e+000  
0.000000e+000  0.000000e+000  0.000000e+000  0.000000e+000  0.000000e+000  0.000000e+000  0.000000e+000  0.000000e+000  0.000000e+000  0.000000e+000  0.000000e+000  0.000000e+000  0.000000e+000  0.000000e+000  0.000000e+000  0.000000e+000  0.000000e+000  0.000000e+000  0.000000e+000  0.000000e+000  0.000000e+000  0.000000e+000  0.000000e+000  
0.000000e+000  0.000000e+000  0.000000e+000  0.000000e+000  0.000000e+000  0.000000e+000  0.000000e+000  0.000000e+000  0.000000e+000  0.000000e+000  0.000000e+000  0.000000e+000  0.000000e+000  0.000000e+000  0.000000e+000  0.000000e+000  0.000000e+000  0.000000e+000  0.000000e+000  0.000000e+000  0.000000e+000  0.000000e+000  0.000000e+000  
0.000000e+000  0.000000e+000  0.000000e+000  0.000000e+000  0.000000e+000  0.000000e+000  0.000000e+000  0.000000e+000  0.000000e+000  0.000000e+000  0.000000e+000  0.000000e+000  0.000000e+000  0.000000e+000  0.000000e+000  0.000000e+000  0.000000e+000  0.000000e+000  0.000000e+000  0.000000e+000  0.000000e+000  0.000000e+000  0.000000e+000  
0.000000e+000  0.000000e+000  0.000000e+000  0.000000e+000  0.000000e+000  0.000000e+000  0.000000e+000  0.000000e+000  0.000000e+000  0.000000e+000  0.000000e+000  0.000000e+000  0.000000e+000  0.000000e+000  0.000000e+000  0.000000e+000  0.000000e+000  0.000000e+000  0.000000e+000  0.000000e+000  0.000000e+000  0.000000e+000  0.000000e+000  
0.000000e+000  0.000000e+000  0.000000e+000  0.000000e+000  0.000000e+000  0.000000e+000  0.000000e+000  0.000000e+000  0.000000e+000  0.000000e+000  0.000000e+000  0.000000e+000  0.000000e+000  0.000000e+000  0.000000e+000  0.000000e+000  0.000000e+000  0.000000e+000  0.000000e+000  0.000000e+000  0.000000e+000  0.000000e+000  0.000000e+000  
0.000000e+000  0.000000e+000  0.000000e+000  0.000000e+000  0.000000e+000  0.000000e+000  0.000000e+000  0.000000e+000  0.000000e+000  0.000000e+000  0.000000e+000  0.000000e+000  0.000000e+000  0.000000e+000  0.000000e+000  0.000000e+000  0.000000e+000  0.000000e+000  0.000000e+000  0.000000e+000  0.000000e+000  0.000000e+000  0.000000e+000  
0.000000e+000  0.000000e+000  0.000000e+000  0.000000e+000  0.000000e+000  0.000000e+000  0.000000e+000  0.000000e+000  0.000000e+000  0.000000e+000  0.000000e+000  0.000000e+000  0.000000e+000  0.000000e+000  0.000000e+000  0.000000e+000  0.000000e+000  0.000000e+000  0.000000e+000  0.000000e+000  0.000000e+000  0.000000e+000  0.000000e+000  
0.000000e+000  0.000000e+000  0.000000e+000  0.000000e+000  0.000000e+000  0.000000e+000  0.000000e+000  0.000000e+000  0.000000e+000  0.000000e+000  0.000000e+000  0.000000e+000  0.000000e+000  0.000000e+000  0.000000e+000  0.000000e+000  0.000000e+000  0.000000e+000  0.000000e+000  0.000000e+000  0.000000e+000  0.000000e+000  0.000000e+000  
0.000000e+000  0.000000e+000  0.000000e+000  0.000000e+000  0.000000e+000  0.000000e+000  0.000000e+000  0.000000e+000  0.000000e+000  0.000000e+000  0.000000e+000  0.000000e+000  0.000000e+000  0.000000e+000  0.000000e+000  0.000000e+000  0.000000e+000  0.000000e+000  0.000000e+000  0.000000e+000  0.000000e+000  0.000000e+000  0.000000e+000  
0.000000e+000  0.000000e+000  0.000000e+000  0.000000e+000  0.000000e+000  0.000000e+000  0.000000e+000  0.000000e+000  0.000000e+000  0.000000e+000  0.000000e+000  0.000000e+000  0.000000e+000  0.000000e+000  0.000000e+000  0.000000e+000  0.000000e+000  0.000000e+000  0.000000e+000  0.000000e+000  0.000000e+000  0.000000e+000  0.000000e+000  
0.000000e+000  0.000000e+000  0.000000e+000  0.000000e+000  0.000000e+000  0.000000e+000  0.000000e+000  0.000000e+000  0.000000e+000  0.000000e+000  0.000000e+000  0.000000e+000  0.000000e+000  0.000000e+000  0.000000e+000  0.000000e+000  0.000000e+000  0.000000e+000  0.000000e+000  0.000000e+000  0.000000e+000  0.000000e+000  0.000000e+000  
0.000000e+000  0.000000e+000  0.000000e+000  0.000000e+000  0.000000e+000  0.000000e+000  0.000000e+000  0.000000e+000  0.000000e+000  0.000000e+000  0.000000e+000  0.000000e+000  0.000000e+000  0.000000e+000  0.000000e+000  0.000000e+000  0.000000e+000  0.000000e+000  0.000000e+000  0.000000e+000  0.000000e+000  0.000000e+000  0.000000e+000  
0.000000e+000  0.000000e+000  0.000000e+000  0.000000e+000  0.000000e+000  0.000000e+000  0.000000e+000  0.000000e+000  0.000000e+000  0.000000e+000  0.000000e+000  0.000000e+000  0.000000e+000  0.000000e+000  0.000000e+000  0.000000e+000  0.000000e+000  0.000000e+000  0.000000e+000  0.000000e+000  0.000000e+000  0.000000e+000  0.000000e+000  
0.000000e+000  0.000000e+000  0.000000e+000  0.000000e+000  0.000000e+000  0.000000e+000  0.000000e+000  0.000000e+000  0.000000e+000  0.000000e+000  0.000000e+000  0.000000e+000  0.000000e+000  0.000000e+000  0.000000e+000  0.000000e+000  0.000000e+000  0.000000e+000  0.000000e+000  0.000000e+000  0.000000e+000  0.000000e+000  0.000000e+000  
0.000000e+000  0.000000e+000  0.000000e+000  0.000000e+000  0.000000e+000  0.000000e+000  0.000000e+000  0.000000e+000  0.000000e+000  0.000000e+000  0.000000e+000  0.000000e+000  0.000000e+000  0.000000e+000  0.000000e+000  0.000000e+000  0.000000e+000  0.000000e+000  0.000000e+000  0.000000e+000  0.000000e+000  0.000000e+000  0.000000e+000  
0.000000e+000  0.000000e+000  0.000000e+000  0.000000e+000  0.000000e+000  0.000000e+000  0.000000e+000  0.000000e+000  0.000000e+000  0.000000e+000  0.000000e+000  0.000000e+000  0.000000e+000  0.000000e+000  0.000000e+000  0.000000e+000  0.000000e+000  0.000000e+000  0.000000e+000  0.000000e+000  0.000000e+000  0.000000e+000  0.000000e+000  
0.000000e+000  0.000000e+000  0.000000e+000  0.000000e+000  0.000000e+000  0.000000e+000  0.000000e+000  0.000000e+000  0.000000e+000  0.000000e+000  0.000000e+000  0.000000e+000  0.000000e+000  0.000000e+000  0.000000e+000  0.000000e+000  0.000000e+000  0.000000e+000  0.000000e+000  0.000000e+000  0.000000e+000  0.000000e+000  0.000000e+000  
0.000000e+000  0.000000e+000  0.000000e+000  0.000000e+000  0.000000e+000  0.000000e+000  0.000000e+000  0.000000e+000  0.000000e+000  0.000000e+000  0.000000e+000  0.000000e+000  0.000000e+000  0.000000e+000  0.000000e+000  0.000000e+000  0.000000e+000  0.000000e+000  0.000000e+000  0.000000e+000  0.000000e+000  0.000000e+000  0.000000e+000  
0.000000e+000  0.000000e+000  0.000000e+000  0.000000e+000  0.000000e+000  0.000000e+000  0.000000e+000  0.000000e+000  0.000000e+000  0.000000e+000  0.000000e+000  0.000000e+000  0.000000e+000  0.000000e+000  0.000000e+000  0.000000e+000  0.000000e+000  0.000000e+000  0.000000e+000  0.000000e+000  0.000000e+000  0.000000e+000  0.000000e+000  
0.000000e+000  0.000000e+000  0.000000e+000  0.000000e+000  0.000000e+000  0.000000e+000  0.000000e+000  0.000000e+000  0.000000e+000  0.000000e+000  0.000000e+000  0.000000e+000  0.000000e+000  0.000000e+000  0.000000e+000  0.000000e+000  0.000000e+000  0.000000e+000  0.000000e+000  0.000000e+000  0.000000e+000  0.000000e+000  0.000000e+000  
0.000000e+000  0.000000e+000  0.000000e+000  0.000000e+000  0.000000e+000  0.000000e+000  0.000000e+000  0.000000e+000  0.000000e+000  0.000000e+000  0.000000e+000  0.000000e+000  0.000000e+000  0.000000e+000  0.000000e+000  0.000000e+000  0.000000e+000  0.000000e+000  0.000000e+000  0.000000e+000  0.000000e+000  0.000000e+000  0.000000e+000  
0.000000e+000  0.000000e+000  0.000000e+000  0.000000e+000  0.000000e+000  0.000000e+000  0.000000e+000  0.000000e+000  0.000000e+000  0.000000e+000  0.000000e+000  0.000000e+000  0.000000e+000  0.000000e+000  0.000000e+000  0.000000e+000  0.000000e+000  0.000000e+000  0.000000e+000  0.000000e+000  0.000000e+000  0.000000e+000  0.000000e+000  
0.000000e+000  0.000000e+000  0.000000e+000  0.000000e+000  0.000000e+000  0.000000e+000  0.000000e+000  0.000000e+000  0.000000e+000  0.000000e+000  0.000000e+000  0.000000e+000  0.000000e+000  0.000000e+000  0.000000e+000  0.000000e+000  0.000000e+000  0.000000e+000  0.000000e+000  0.000000e+000  0.000000e+000  0.000000e+000  0.000000e+000  
0.000000e+000  0.000000e+000  0.000000e+000  0.000000e+000  0.000000e+000  0.000000e+000  0.000000e+000  0.000000e+000  0.000000e+000  0.000000e+000  0.000000e+000  0.000000e+000  0.000000e+000  0.000000e+000  0.000000e+000  0.000000e+000  0.000000e+000  0.000000e+000  0.000000e+000  0.000000e+000  0.000000e+000  0.000000e+000  0.000000e+000  
0.000000e+000  0.000000e+000  0.000000e+000  0.000000e+000  0.000000e+000  0.000000e+000  0.000000e+000  0.000000e+000  0.000000e+000  0.000000e+000  0.000000e+000  0.000000e+000  0.000000e+000  0.000000e+000  0.000000e+000  0.000000e+000  0.000000e+000  0.000000e+000  0.000000e+000  0.000000e+000  0.000000e+000  0.000000e+000  0.000000e+000  
0.000000e+000  0.000000e+000  0.000000e+000  0.000000e+000  0.000000e+000  0.000000e+000  0.000000e+000  0.000000e+000  0.000000e+000  0.000000e+000  0.000000e+000  0.000000e+000  0.000000e+000  0.000000e+000  0.000000e+000  0.000000e+000  0.000000e+000  0.000000e+000  0.000000e+000  0.000000e+000  0.000000e+000  0.000000e+000  0.000000e+000  
0.000000e+000  0.000000e+000  0.000000e+000  0.000000e+000  0.000000e+000  0.000000e+000  0.000000e+000  0.000000e+000  0.000000e+000  0.000000e+000  0.000000e+000  0.000000e+000  0.000000e+000  0.000000e+000  0.000000e+000  0.000000e+000  0.000000e+000  0.000000e+000  0.000000e+000  0.000000e+000  0.000000e+000  0.000000e+000  0.000000e+000  
0.000000e+000  0.000000e+000  0.000000e+000  0.000000e+000  0.000000e+000  0.000000e+000  0.000000e+000  0.000000e+000  0.000000e+000  0.000000e+000  0.000000e+000  0.000000e+000  0.000000e+000  0.000000e+000  0.000000e+000  0.000000e+000  0.000000e+000  0.000000e+000  0.000000e+000  0.000000e+000  0.000000e+000  0.000000e+000  0.000000e+000  
0.000000e+000  0.000000e+000  0.000000e+000  0.000000e+000  0.000000e+000  0.000000e+000  0.000000e+000  0.000000e+000  0.000000e+000  0.000000e+000  0.000000e+000  0.000000e+000  0.000000e+000  0.000000e+000  0.000000e+000  0.000000e+000  0.000000e+000  0.000000e+000  0.000000e+000  0.000000e+000  0.000000e+000  0.000000e+000  0.000000e+000  
0.000000e+000  0.000000e+000  0.000000e+000  0.000000e+000  0.000000e+000  0.000000e+000  0.000000e+000  0.000000e+000  0.000000e+000  0.000000e+000  0.000000e+000  0.000000e+000  0.000000e+000  0.000000e+000  0.000000e+000  0.000000e+000  0.000000e+000  0.000000e+000  0.000000e+000  0.000000e+000  0.000000e+000  0.000000e+000  0.000000e+000  
0.000000e+000  0.000000e+000  0.000000e+000  0.000000e+000  0.000000e+000  0.000000e+000  0.000000e+000  0.000000e+000  0.000000e+000  0.000000e+000  0.000000e+000  0.000000e+000  0.000000e+000  0.000000e+000  0.000000e+000  0.000000e+000  0.000000e+000  0.000000e+000  0.000000e+000  0.000000e+000  0.000000e+000  0.000000e+000  0.000000e+000  
0.000000e+000  0.000000e+000  0.000000e+000  0.000000e+000  0.000000e+000  0.000000e+000  0.000000e+000  0.000000e+000  0.000000e+000  0.000000e+000  0.000000e+000  0.000000e+000  0.000000e+000  0.000000e+000  0.000000e+000  0.000000e+000  0.000000e+000  0.000000e+000  0.000000e+000  0.000000e+000  0.000000e+000  0.000000e+000  0.000000e+000  
0.000000e+000  0.000000e+000  0.000000e+000  0.000000e+000  0.000000e+000  0.000000e+000  0.000000e+000  0.000000e+000  0.000000e+000  0.000000e+000  0.000000e+000  0.000000e+000  0.000000e+000  0.000000e+000  0.000000e+000  0.000000e+000  0.000000e+000  0.000000e+000  0.000000e+000  0.000000e+000  0.000000e+000  0.000000e+000  0.000000e+000  
0.000000e+000  0.000000e+000  0.000000e+000  0.000000e+000  0.000000e+000  0.000000e+000  0.000000e+000  0.000000e+000  0.000000e+000  0.000000e+000  0.000000e+000  0.000000e+000  0.000000e+000  0.000000e+000  0.000000e+000  0.000000e+000  0.000000e+000  0.000000e+000  0.000000e+000  0.000000e+000  0.000000e+000  0.000000e+000  0.000000e+000  
0.000000e+000  0.000000e+000  0.000000e+000  0.000000e+000  0.000000e+000  0.000000e+000  0.000000e+000  0.000000e+000  0.000000e+000  0.000000e+000  0.000000e+000  0.000000e+000  0.000000e+000  0.000000e+000  0.000000e+000  0.000000e+000  0.000000e+000  0.000000e+000  0.000000e+000  0.000000e+000  0.000000e+000  0.000000e+000  0.000000e+000  
0.000000e+000  0.000000e+000  0.000000e+000  0.000000e+000  0.000000e+000  0.000000e+000  0.000000e+000  0.000000e+000  0.000000e+000  0.000000e+000  0.000000e+000  0.000000e+000  0.000000e+000  0.000000e+000  0.000000e+000  0.000000e+000  0.000000e+000  0.000000e+000  0.000000e+000  0.000000e+000  0.000000e+000  0.000000e+000  0.000000e+000  
0.000000e+000  0.000000e+000  0.000000e+000  0.000000e+000  0.000000e+000  0.000000e+000  0.000000e+000  0.000000e+000  0.000000e+000  0.000000e+000  0.000000e+000  0.000000e+000  0.000000e+000  0.000000e+000  0.000000e+000  0.000000e+000  0.000000e+000  0.000000e+000  0.000000e+000  0.000000e+000  0.000000e+000  0.000000e+000  0.000000e+000  
0.000000e+000  0.000000e+000  0.000000e+000  0.000000e+000  0.000000e+000  0.000000e+000  0.000000e+000  0.000000e+000  0.000000e+000  0.000000e+000  0.000000e+000  0.000000e+000  0.000000e+000  0.000000e+000  0.000000e+000  0.000000e+000  0.000000e+000  0.000000e+000  0.000000e+000  0.000000e+000  0.000000e+000  0.000000e+000  0.000000e+000  

0.000000e+000  0.000000e+000  0.000000e+000  0.000000e+000  0.000000e+000  0.000000e+000  0.000000e+000  0.000000e+000  0.000000e+000  0.000000e+000  0.000000e+000  0.000000e+000  0.000000e+000  0.000000e+000  0.000000e+000  0.000000e+000  0.000000e+000  0.000000e+000  0.000000e+000  0.000000e+000  0.000000e+000  0.000000e+000  0.000000e+000  
0.000000e+000  0.000000e+000  0.000000e+000  0.000000e+000  0.000000e+000  0.000000e+000  0.000000e+000  0.000000e+000  0.000000e+000  0.000000e+000  0.000000e+000  0.000000e+000  0.000000e+000  0.000000e+000  0.000000e+000  0.000000e+000  0.000000e+000  0.000000e+000  0.000000e+000  0.000000e+000  0.000000e+000  0.000000e+000  0.000000e+000  
0.000000e+000  0.000000e+000  0.000000e+000  0.000000e+000  0.000000e+000  0.000000e+000  0.000000e+000  0.000000e+000  0.000000e+000  0.000000e+000  0.000000e+000  0.000000e+000  0.000000e+000  0.000000e+000  0.000000e+000  0.000000e+000  0.000000e+000  0.000000e+000  0.000000e+000  0.000000e+000  0.000000e+000  0.000000e+000  0.000000e+000  
0.000000e+000  0.000000e+000  0.000000e+000  0.000000e+000  0.000000e+000  0.000000e+000  0.000000e+000  0.000000e+000  0.000000e+000  0.000000e+000  0.000000e+000  0.000000e+000  0.000000e+000  0.000000e+000  0.000000e+000  0.000000e+000  0.000000e+000  0.000000e+000  0.000000e+000  0.000000e+000  0.000000e+000  0.000000e+000  0.000000e+000  
0.000000e+000  0.000000e+000  0.000000e+000  0.000000e+000  0.000000e+000  0.000000e+000  0.000000e+000  0.000000e+000  0.000000e+000  0.000000e+000  0.000000e+000  0.000000e+000  0.000000e+000  0.000000e+000  0.000000e+000  0.000000e+000  0.000000e+000  0.000000e+000  0.000000e+000  0.000000e+000  0.000000e+000  0.000000e+000  0.000000e+000  
0.000000e+000  0.000000e+000  0.000000e+000  0.000000e+000  0.000000e+000  0.000000e+000  0.000000e+000  0.000000e+000  0.000000e+000  0.000000e+000  0.000000e+000  0.000000e+000  0.000000e+000  0.000000e+000  0.000000e+000  0.000000e+000  0.000000e+000  0.000000e+000  0.000000e+000  0.000000e+000  0.000000e+000  0.000000e+000  0.000000e+000  
0.000000e+000  0.000000e+000  0.000000e+000  0.000000e+000  0.000000e+000  0.000000e+000  0.000000e+000  0.000000e+000  0.000000e+000  0.000000e+000  0.000000e+000  0.000000e+000  0.000000e+000  0.000000e+000  0.000000e+000  0.000000e+000  0.000000e+000  0.000000e+000  0.000000e+000  0.000000e+000  0.000000e+000  0.000000e+000  0.000000e+000  
0.000000e+000  0.000000e+000  0.000000e+000  0.000000e+000  0.000000e+000  0.000000e+000  0.000000e+000  0.000000e+000  0.000000e+000  0.000000e+000  0.000000e+000  0.000000e+000  0.000000e+000  0.000000e+000  0.000000e+000  0.000000e+000  0.000000e+000  0.000000e+000  0.000000e+000  0.000000e+000  0.000000e+000  0.000000e+000  0.000000e+000  
0.000000e+000  0.000000e+000  0.000000e+000  0.000000e+000  0.000000e+000  0.000000e+000  0.000000e+000  0.000000e+000  0.000000e+000  0.000000e+000  0.000000e+000  0.000000e+000  0.000000e+000  0.000000e+000  0.000000e+000  0.000000e+000  0.000000e+000  0.000000e+000  0.000000e+000  0.000000e+000  0.000000e+000  0.000000e+000  0.000000e+000  
0.000000e+000  0.000000e+000  0.000000e+000  0.000000e+000  0.000000e+000  0.000000e+000  0.000000e+000  0.000000e+000  0.000000e+000  0.000000e+000  0.000000e+000  0.000000e+000  0.000000e+000  0.000000e+000  0.000000e+000  0.000000e+000  0.000000e+000  0.000000e+000  0.000000e+000  0.000000e+000  0.000000e+000  0.000000e+000  0.000000e+000  
0.000000e+000  0.000000e+000  0.000000e+000  0.000000e+000  0.000000e+000  0.000000e+000  0.000000e+000  0.000000e+000  0.000000e+000  0.000000e+000  0.000000e+000  0.000000e+000  0.000000e+000  0.000000e+000  0.000000e+000  0.000000e+000  0.000000e+000  0.000000e+000  0.000000e+000  0.000000e+000  0.000000e+000  0.000000e+000  0.000000e+000  
0.000000e+000  0.000000e+000  0.000000e+000  0.000000e+000  0.000000e+000  0.000000e+000  0.000000e+000  0.000000e+000  0.000000e+000  0.000000e+000  0.000000e+000  0.000000e+000  0.000000e+000  0.000000e+000  0.000000e+000  0.000000e+000  0.000000e+000  0.000000e+000  0.000000e+000  0.000000e+000  0.000000e+000  0.000000e+000  0.000000e+000  
0.000000e+000  0.000000e+000  0.000000e+000  0.000000e+000  0.000000e+000  0.000000e+000  0.000000e+000  0.000000e+000  0.000000e+000  0.000000e+000  0.000000e+000  0.000000e+000  0.000000e+000  0.000000e+000  0.000000e+000  0.000000e+000  0.000000e+000  0.000000e+000  0.000000e+000  0.000000e+000  0.000000e+000  0.000000e+000  0.000000e+000  
0.000000e+000  0.000000e+000  0.000000e+000  0.000000e+000  0.000000e+000  0.000000e+000  0.000000e+000  0.000000e+000  0.000000e+000  0.000000e+000  0.000000e+000  0.000000e+000  0.000000e+000  0.000000e+000  0.000000e+000  0.000000e+000  0.000000e+000  0.000000e+000  0.000000e+000  0.000000e+000  0.000000e+000  0.000000e+000  0.000000e+000  
0.000000e+000  0.000000e+000  0.000000e+000  0.000000e+000  0.000000e+000  0.000000e+000  0.000000e+000  0.000000e+000  0.000000e+000  0.000000e+000  0.000000e+000  0.000000e+000  0.000000e+000  0.000000e+000  0.000000e+000  0.000000e+000  0.000000e+000  0.000000e+000  0.000000e+000  0.000000e+000  0.000000e+000  0.000000e+000  0.000000e+000  
0.000000e+000  0.000000e+000  0.000000e+000  0.000000e+000  0.000000e+000  0.000000e+000  0.000000e+000  0.000000e+000  0.000000e+000  0.000000e+000  0.000000e+000  0.000000e+000  0.000000e+000  0.000000e+000  0.000000e+000  0.000000e+000  0.000000e+000  0.000000e+000  0.000000e+000  0.000000e+000  0.000000e+000  0.000000e+000  0.000000e+000  
0.000000e+000  0.000000e+000  0.000000e+000  0.000000e+000  0.000000e+000  0.000000e+000  0.000000e+000  0.000000e+000  0.000000e+000  0.000000e+000  0.000000e+000  0.000000e+000  0.000000e+000  0.000000e+000  0.000000e+000  0.000000e+000  0.000000e+000  0.000000e+000  0.000000e+000  0.000000e+000  0.000000e+000  0.000000e+000  0.000000e+000  
0.000000e+000  0.000000e+000  0.000000e+000  0.000000e+000  0.000000e+000  0.000000e+000  0.000000e+000  0.000000e+000  0.000000e+000  0.000000e+000  0.000000e+000  0.000000e+000  0.000000e+000  0.000000e+000  0.000000e+000  0.000000e+000  0.000000e+000  0.000000e+000  0.000000e+000  0.000000e+000  0.000000e+000  0.000000e+000  0.000000e+000  
0.000000e+000  0.000000e+000  0.000000e+000  0.000000e+000  0.000000e+000  0.000000e+000  0.000000e+000  0.000000e+000  0.000000e+000  0.000000e+000  0.000000e+000  0.000000e+000  0.000000e+000  0.000000e+000  0.000000e+000  0.000000e+000  0.000000e+000  0.000000e+000  0.000000e+000  0.000000e+000  0.000000e+000  0.000000e+000  0.000000e+000  
0.000000e+000  0.000000e+000  0.000000e+000  0.000000e+000  0.000000e+000  0.000000e+000  0.000000e+000  0.000000e+000  0.000000e+000  0.000000e+000  0.000000e+000  0.000000e+000  0.000000e+000  0.000000e+000  0.000000e+000  0.000000e+000  0.000000e+000  0.000000e+000  0.000000e+000  0.000000e+000  0.000000e+000  0.000000e+000  0.000000e+000  
0.000000e+000  0.000000e+000  0.000000e+000  0.000000e+000  0.000000e+000  0.000000e+000  0.000000e+000  0.000000e+000  0.000000e+000  0.000000e+000  0.000000e+000  0.000000e+000  0.000000e+000  0.000000e+000  0.000000e+000  0.000000e+000  0.000000e+000  0.000000e+000  0.000000e+000  0.000000e+000  0.000000e+000  0.000000e+000  0.000000e+000  
0.000000e+000  0.000000e+000  0.000000e+000  0.000000e+000  0.000000e+000  0.000000e+000  0.000000e+000  0.000000e+000  0.000000e+000  0.000000e+000  0.000000e+000  0.000000e+000  0.000000e+000  0.000000e+000  0.000000e+000  0.000000e+000  0.000000e+000  0.000000e+000  0.000000e+000  0.000000e+000  0.000000e+000  0.000000e+000  0.000000e+000  
0.000000e+000  0.000000e+000  0.000000e+000  0.000000e+000  0.000000e+000  0.000000e+000  0.000000e+000  0.000000e+000  0.000000e+000  0.000000e+000  0.000000e+000  0.000000e+000  0.000000e+000  0.000000e+000  0.000000e+000  0.000000e+000  0.000000e+000  0.000000e+000  0.000000e+000  0.000000e+000  0.000000e+000  0.000000e+000  0.000000e+000  
0.000000e+000  0.000000e+000  0.000000e+000  0.000000e+000  0.000000e+000  0.000000e+000  0.000000e+000  0.000000e+000  0.000000e+000  0.000000e+000  0.000000e+000  0.000000e+000  0.000000e+000  0.000000e+000  0.000000e+000  0.000000e+000  0.000000e+000  0.000000e+000  0.000000e+000  0.000000e+000  0.000000e+000  0.000000e+000  0.000000e+000  
0.000000e+000  0.000000e+000  0.000000e+000  0.000000e+000  0.000000e+000  0.000000e+000  0.000000e+000  0.000000e+000  0.000000e+000  0.000000e+000  0.000000e+000  0.000000e+000  0.000000e+000  0.000000e+000  0.000000e+000  0.000000e+000  0.000000e+000  0.000000e+000  0.000000e+000  0.000000e+000  0.000000e+000  0.000000e+000  0.000000e+000  
0.000000e+000  0.000000e+000  0.000000e+000  0.000000e+000  0.000000e+000  0.000000e+000  0.000000e+000  0.000000e+000  0.000000e+000  0.000000e+000  0.000000e+000  0.000000e+000  0.000000e+000  0.000000e+000  0.000000e+000  0.000000e+000  0.000000e+000  0.000000e+000  0.000000e+000  0.000000e+000  0.000000e+000  0.000000e+000  0.000000e+000  
0.000000e+000  0.000000e+000  0.000000e+000  0.000000e+000  0.000000e+000  0.000000e+000  0.000000e+000  0.000000e+000  0.000000e+000  0.000000e+000  0.000000e+000  0.000000e+000  0.000000e+000  0.000000e+000  0.000000e+000  0.000000e+000  0.000000e+000  0.000000e+000  0.000000e+000  0.000000e+000  0.000000e+000  0.000000e+000  0.000000e+000  
0.000000e+000  0.000000e+000  0.000000e+000  0.000000e+000  0.000000e+000  0.000000e+000  0.000000e+000  0.000000e+000  0.000000e+000  0.000000e+000  0.000000e+000  0.000000e+000  0.000000e+000  0.000000e+000  0.000000e+000  0.000000e+000  0.000000e+000  0.000000e+000  0.000000e+000  0.000000e+000  0.000000e+000  0.000000e+000  0.000000e+000  
0.000000e+000  0.000000e+000  0.000000e+000  0.000000e+000  0.000000e+000  0.000000e+000  0.000000e+000  0.000000e+000  0.000000e+000  0.000000e+000  0.000000e+000  0.000000e+000  0.000000e+000  0.000000e+000  0.000000e+000  0.000000e+000  0.000000e+000  0.000000e+000  0.000000e+000  0.000000e+000  0.000000e+000  0.000000e+000  0.000000e+000  
0.000000e+000  0.000000e+000  0.000000e+000  0.000000e+000  0.000000e+000  0.000000e+000  0.000000e+000  0.000000e+000  0.000000e+000  0.000000e+000  0.000000e+000  0.000000e+000  0.000000e+000  0.000000e+000  0.000000e+000  0.000000e+000  0.000000e+000  0.000000e+000  0.000000e+000  0.000000e+000  0.000000e+000  0.000000e+000  0.000000e+000  
0.000000e+000  0.000000e+000  0.000000e+000  0.000000e+000  0.000000e+000  0.000000e+000  0.000000e+000  0.000000e+000  0.000000e+000  0.000000e+000  0.000000e+000  0.000000e+000  0.000000e+000  0.000000e+000  0.000000e+000  0.000000e+000  0.000000e+000  0.000000e+000  0.000000e+000  0.000000e+000  0.000000e+000  0.000000e+000  0.000000e+000  
0.000000e+000  0.000000e+000  0.000000e+000  0.000000e+000  0.000000e+000  0.000000e+000  0.000000e+000  0.000000e+000  0.000000e+000  0.000000e+000  0.000000e+000  0.000000e+000  0.000000e+000  0.000000e+000  0.000000e+000  0.000000e+000  0.000000e+000  0.000000e+000  0.000000e+000  0.000000e+000  0.000000e+000  0.000000e+000  0.000000e+000  
0.000000e+000  0.000000e+000  0.000000e+000  0.000000e+000  0.000000e+000  0.000000e+000  0.000000e+000  0.000000e+000  0.000000e+000  0.000000e+000  0.000000e+000  0.000000e+000  0.000000e+000  0.000000e+000  0.000000e+000  0.000000e+000  0.000000e+000  0.000000e+000  0.000000e+000  0.000000e+000  0.000000e+000  0.000000e+000  0.000000e+000  
0.000000e+000  0.000000e+000  0.000000e+000  0.000000e+000  0.000000e+000  0.000000e+000  0.000000e+000  0.000000e+000  0.000000e+000  0.000000e+000  0.000000e+000  0.000000e+000  0.000000e+000  0.000000e+000  0.000000e+000  0.000000e+000  0.000000e+000  0.000000e+000  0.000000e+000  0.000000e+000  0.000000e+000  0.000000e+000  0.000000e+000  
0.000000e+000  0.000000e+000  0.000000e+000  0.000000e+000  0.000000e+000  0.000000e+000  0.000000e+000  0.000000e+000  0.000000e+000  0.000000e+000  0.000000e+000  0.000000e+000  0.000000e+000  0.000000e+000  0.000000e+000  0.000000e+000  0.000000e+000  0.000000e+000  0.000000e+000  0.000000e+000  0.000000e+000  0.000000e+000  0.000000e+000  
0.000000e+000  0.000000e+000  0.000000e+000  0.000000e+000  0.000000e+000  0.000000e+000  0.000000e+000  0.000000e+000  0.000000e+000  0.000000e+000  0.000000e+000  0.000000e+000  0.000000e+000  0.000000e+000  0.000000e+000  0.000000e+000  0.000000e+000  0.000000e+000  0.000000e+000  0.000000e+000  0.000000e+000  0.000000e+000  0.000000e+000  
0.000000e+000  0.000000e+000  0.000000e+000  0.000000e+000  0.000000e+000  0.000000e+000  0.000000e+000  0.000000e+000  0.000000e+000  0.000000e+000  0.000000e+000  0.000000e+000  0.000000e+000  0.000000e+000  0.000000e+000  0.000000e+000  0.000000e+000  0.000000e+000  0.000000e+000  0.000000e+000  0.000000e+000  0.000000e+000  0.000000e+000  
0.000000e+000  0.000000e+000  0.000000e+000  0.000000e+000  0.000000e+000  0.000000e+000  0.000000e+000  0.000000e+000  0.000000e+000  0.000000e+000  0.000000e+000  0.000000e+000  0.000000e+000  0.000000e+000  0.000000e+000  0.000000e+000  0.000000e+000  0.000000e+000  0.000000e+000  0.000000e+000  0.000000e+000  0.000000e+000  0.000000e+000  
0.000000e+000  0.000000e+000  0.000000e+000  0.000000e+000  0.000000e+000  0.000000e+000  0.000000e+000  0.000000e+000  0.000000e+000  0.000000e+000  0.000000e+000  0.000000e+000  0.000000e+000  0.000000e+000  0.000000e+000  0.000000e+000  0.000000e+000  0.000000e+000  0.000000e+000  0.000000e+000  0.000000e+000  0.000000e+000  0.000000e+000  
0.000000e+000  0.000000e+000  0.000000e+000  0.000000e+000  0.000000e+000  0.000000e+000  0.000000e+000  0.000000e+000  0.000000e+000  0.000000e+000  0.000000e+000  0.000000e+000  0.000000e+000  0.000000e+000  0.000000e+000  0.000000e+000  0.000000e+000  0.000000e+000  0.000000e+000  0.000000e+000  0.000000e+000  0.000000e+000  0.000000e+000  
0.000000e+000  0.000000e+000  0.000000e+000  0.000000e+000  0.000000e+000  0.000000e+000  0.000000e+000  0.000000e+000  0.000000e+000  0.000000e+000  0.000000e+000  0.000000e+000  0.000000e+000  0.000000e+000  0.000000e+000  0.000000e+000  0.000000e+000  0.000000e+000  0.000000e+000  0.000000e+000  0.000000e+000  0.000000e+000  0.000000e+000  
0.000000e+000  0.000000e+000  0.000000e+000  0.000000e+000  0.000000e+000  0.000000e+000  0.000000e+000  0.000000e+000  0.000000e+000  0.000000e+000  0.000000e+000  0.000000e+000  0.000000e+000  0.000000e+000  0.000000e+000  0.000000e+000  0.000000e+000  0.000000e+000  0.000000e+000  0.000000e+000  0.000000e+000  0.000000e+000  0.000000e+000  
0.000000e+000  0.000000e+000  0.000000e+000  0.000000e+000  0.000000e+000  0.000000e+000  0.000000e+000  0.000000e+000  0.000000e+000  0.000000e+000  0.000000e+000  0.000000e+000  0.000000e+000  0.000000e+000  0.000000e+000  0.000000e+000  0.000000e+000  0.000000e+000  0.000000e+000  0.000000e+000  0.000000e+000  0.000000e+000  0.000000e+000  
0.000000e+000  0.000000e+000  0.000000e+000  0.000000e+000  0.000000e+000  0.000000e+000  0.000000e+000  0.000000e+000  0.000000e+000  0.000000e+000  0.000000e+000  0.000000e+000  0.000000e+000  0.000000e+000  0.000000e+000  0.000000e+000  0.000000e+000  0.000000e+000  0.000000e+000  0.000000e+000  0.000000e+000  0.000000e+000  0.000000e+000  

0.000000e+000  0.000000e+000  0.000000e+000  0.000000e+000  0.000000e+000  0.000000e+000  0.000000e+000  0.000000e+000  0.000000e+000  0.000000e+000  0.000000e+000  0.000000e+000  0.000000e+000  0.000000e+000  0.000000e+000  0.000000e+000  0.000000e+000  0.000000e+000  0.000000e+000  0.000000e+000  0.000000e+000  0.000000e+000  0.000000e+000  
0.000000e+000  0.000000e+000  0.000000e+000  0.000000e+000  0.000000e+000  0.000000e+000  0.000000e+000  0.000000e+000  0.000000e+000  0.000000e+000  0.000000e+000  0.000000e+000  0.000000e+000  0.000000e+000  0.000000e+000  0.000000e+000  0.000000e+000  0.000000e+000  0.000000e+000  0.000000e+000  0.000000e+000  0.000000e+000  0.000000e+000  
0.000000e+000  0.000000e+000  0.000000e+000  0.000000e+000  0.000000e+000  0.000000e+000  0.000000e+000  0.000000e+000  0.000000e+000  0.000000e+000  0.000000e+000  0.000000e+000  0.000000e+000  0.000000e+000  0.000000e+000  0.000000e+000  0.000000e+000  0.000000e+000  0.000000e+000  0.000000e+000  0.000000e+000  0.000000e+000  0.000000e+000  
0.000000e+000  0.000000e+000  0.000000e+000  0.000000e+000  0.000000e+000  0.000000e+000  0.000000e+000  0.000000e+000  0.000000e+000  0.000000e+000  0.000000e+000  0.000000e+000  0.000000e+000  0.000000e+000  0.000000e+000  0.000000e+000  0.000000e+000  0.000000e+000  0.000000e+000  0.000000e+000  0.000000e+000  0.000000e+000  0.000000e+000  
0.000000e+000  0.000000e+000  0.000000e+000  0.000000e+000  0.000000e+000  0.000000e+000  0.000000e+000  0.000000e+000  0.000000e+000  0.000000e+000  0.000000e+000  0.000000e+000  0.000000e+000  0.000000e+000  0.000000e+000  0.000000e+000  0.000000e+000  0.000000e+000  0.000000e+000  0.000000e+000  0.000000e+000  0.000000e+000  0.000000e+000  
0.000000e+000  0.000000e+000  0.000000e+000  0.000000e+000  0.000000e+000  0.000000e+000  0.000000e+000  0.000000e+000  0.000000e+000  0.000000e+000  0.000000e+000  0.000000e+000  0.000000e+000  0.000000e+000  0.000000e+000  0.000000e+000  0.000000e+000  0.000000e+000  0.000000e+000  0.000000e+000  0.000000e+000  0.000000e+000  0.000000e+000  
0.000000e+000  0.000000e+000  0.000000e+000  0.000000e+000  0.000000e+000  0.000000e+000  0.000000e+000  0.000000e+000  0.000000e+000  0.000000e+000  0.000000e+000  0.000000e+000  0.000000e+000  0.000000e+000  0.000000e+000  0.000000e+000  0.000000e+000  0.000000e+000  0.000000e+000  0.000000e+000  0.000000e+000  0.000000e+000  0.000000e+000  
0.000000e+000  0.000000e+000  0.000000e+000  0.000000e+000  0.000000e+000  0.000000e+000  0.000000e+000  0.000000e+000  0.000000e+000  0.000000e+000  0.000000e+000  0.000000e+000  0.000000e+000  0.000000e+000  0.000000e+000  0.000000e+000  0.000000e+000  0.000000e+000  0.000000e+000  0.000000e+000  0.000000e+000  0.000000e+000  0.000000e+000  
0.000000e+000  0.000000e+000  0.000000e+000  0.000000e+000  0.000000e+000  0.000000e+000  0.000000e+000  0.000000e+000  0.000000e+000  0.000000e+000  0.000000e+000  0.000000e+000  0.000000e+000  0.000000e+000  0.000000e+000  0.000000e+000  0.000000e+000  0.000000e+000  0.000000e+000  0.000000e+000  0.000000e+000  0.000000e+000  0.000000e+000  
0.000000e+000  0.000000e+000  0.000000e+000  0.000000e+000  0.000000e+000  0.000000e+000  0.000000e+000  0.000000e+000  0.000000e+000  0.000000e+000  0.000000e+000  0.000000e+000  0.000000e+000  0.000000e+000  0.000000e+000  0.000000e+000  0.000000e+000  0.000000e+000  0.000000e+000  0.000000e+000  0.000000e+000  0.000000e+000  0.000000e+000  
0.000000e+000  0.000000e+000  0.000000e+000  0.000000e+000  0.000000e+000  0.000000e+000  0.000000e+000  0.000000e+000  0.000000e+000  0.000000e+000  0.000000e+000  0.000000e+000  0.000000e+000  0.000000e+000  0.000000e+000  0.000000e+000  0.000000e+000  0.000000e+000  0.000000e+000  0.000000e+000  0.000000e+000  0.000000e+000  0.000000e+000  
0.000000e+000  0.000000e+000  0.000000e+000  0.000000e+000  0.000000e+000  0.000000e+000  0.000000e+000  0.000000e+000  0.000000e+000  0.000000e+000  0.000000e+000  0.000000e+000  0.000000e+000  0.000000e+000  0.000000e+000  0.000000e+000  0.000000e+000  0.000000e+000  0.000000e+000  0.000000e+000  0.000000e+000  0.000000e+000  0.000000e+000  
0.000000e+000  0.000000e+000  0.000000e+000  0.000000e+000  0.000000e+000  0.000000e+000  0.000000e+000  0.000000e+000  0.000000e+000  0.000000e+000  0.000000e+000  0.000000e+000  0.000000e+000  0.000000e+000  0.000000e+000  0.000000e+000  0.000000e+000  0.000000e+000  0.000000e+000  0.000000e+000  0.000000e+000  0.000000e+000  0.000000e+000  
0.000000e+000  0.000000e+000  0.000000e+000  0.000000e+000  0.000000e+000  0.000000e+000  0.000000e+000  0.000000e+000  0.000000e+000  0.000000e+000  0.000000e+000  0.000000e+000  0.000000e+000  0.000000e+000  0.000000e+000  0.000000e+000  0.000000e+000  0.000000e+000  0.000000e+000  0.000000e+000  0.000000e+000  0.000000e+000  0.000000e+000  
0.000000e+000  0.000000e+000  0.000000e+000  0.000000e+000  0.000000e+000  0.000000e+000  0.000000e+000  0.000000e+000  0.000000e+000  0.000000e+000  0.000000e+000  0.000000e+000  0.000000e+000  0.000000e+000  0.000000e+000  0.000000e+000  0.000000e+000  0.000000e+000  0.000000e+000  0.000000e+000  0.000000e+000  0.000000e+000  0.000000e+000  
0.000000e+000  0.000000e+000  0.000000e+000  0.000000e+000  0.000000e+000  0.000000e+000  0.000000e+000  0.000000e+000  0.000000e+000  0.000000e+000  0.000000e+000  0.000000e+000  0.000000e+000  0.000000e+000  0.000000e+000  0.000000e+000  0.000000e+000  0.000000e+000  0.000000e+000  0.000000e+000  0.000000e+000  0.000000e+000  0.000000e+000  
0.000000e+000  0.000000e+000  0.000000e+000  0.000000e+000  0.000000e+000  0.000000e+000  0.000000e+000  0.000000e+000  0.000000e+000  0.000000e+000  0.000000e+000  0.000000e+000  0.000000e+000  0.000000e+000  0.000000e+000  0.000000e+000  0.000000e+000  0.000000e+000  0.000000e+000  0.000000e+000  0.000000e+000  0.000000e+000  0.000000e+000  
0.000000e+000  0.000000e+000  0.000000e+000  0.000000e+000  0.000000e+000  0.000000e+000  0.000000e+000  0.000000e+000  0.000000e+000  0.000000e+000  0.000000e+000  0.000000e+000  0.000000e+000  0.000000e+000  0.000000e+000  0.000000e+000  0.000000e+000  0.000000e+000  0.000000e+000  0.000000e+000  0.000000e+000  0.000000e+000  0.000000e+000  
0.000000e+000  0.000000e+000  0.000000e+000  0.000000e+000  0.000000e+000  0.000000e+000  0.000000e+000  0.000000e+000  0.000000e+000  0.000000e+000  0.000000e+000  0.000000e+000  0.000000e+000  0.000000e+000  0.000000e+000  0.000000e+000  0.000000e+000  0.000000e+000  0.000000e+000  0.000000e+000  0.000000e+000  0.000000e+000  0.000000e+000  
0.000000e+000  0.000000e+000  0.000000e+000  0.000000e+000  0.000000e+000  0.000000e+000  0.000000e+000  0.000000e+000  0.000000e+000  0.000000e+000  0.000000e+000  0.000000e+000  0.000000e+000  0.000000e+000  0.000000e+000  0.000000e+000  0.000000e+000  0.000000e+000  0.000000e+000  0.000000e+000  0.000000e+000  0.000000e+000  0.000000e+000  
0.000000e+000  0.000000e+000  0.000000e+000  0.000000e+000  0.000000e+000  0.000000e+000  0.000000e+000  0.000000e+000  0.000000e+000  0.000000e+000  0.000000e+000  0.000000e+000  0.000000e+000  0.000000e+000  0.000000e+000  0.000000e+000  0.000000e+000  0.000000e+000  0.000000e+000  0.000000e+000  0.000000e+000  0.000000e+000  0.000000e+000  
0.000000e+000  0.000000e+000  0.000000e+000  0.000000e+000  0.000000e+000  0.000000e+000  0.000000e+000  0.000000e+000  0.000000e+000  0.000000e+000  0.000000e+000  0.000000e+000  0.000000e+000  0.000000e+000  0.000000e+000  0.000000e+000  0.000000e+000  0.000000e+000  0.000000e+000  0.000000e+000  0.000000e+000  0.000000e+000  0.000000e+000  
0.000000e+000  0.000000e+000  0.000000e+000  0.000000e+000  0.000000e+000  0.000000e+000  0.000000e+000  0.000000e+000  0.000000e+000  0.000000e+000  0.000000e+000  0.000000e+000  0.000000e+000  0.000000e+000  0.000000e+000  0.000000e+000  0.000000e+000  0.000000e+000  0.000000e+000  0.000000e+000  0.000000e+000  0.000000e+000  0.000000e+000  
0.000000e+000  0.000000e+000  0.000000e+000  0.000000e+000  0.000000e+000  0.000000e+000  0.000000e+000  0.000000e+000  0.000000e+000  0.000000e+000  0.000000e+000  0.000000e+000  0.000000e+000  0.000000e+000  0.000000e+000  0.000000e+000  0.000000e+000  0.000000e+000  0.000000e+000  0.000000e+000  0.000000e+000  0.000000e+000  0.000000e+000  
0.000000e+000  0.000000e+000  0.000000e+000  0.000000e+000  0.000000e+000  0.000000e+000  0.000000e+000  0.000000e+000  0.000000e+000  0.000000e+000  0.000000e+000  0.000000e+000  0.000000e+000  0.000000e+000  0.000000e+000  0.000000e+000  0.000000e+000  0.000000e+000  0.000000e+000  0.000000e+000  0.000000e+000  0.000000e+000  0.000000e+000  
0.000000e+000  0.000000e+000  0.000000e+000  0.000000e+000  0.000000e+000  0.000000e+000  0.000000e+000  0.000000e+000  0.000000e+000  0.000000e+000  0.000000e+000  0.000000e+000  0.000000e+000  0.000000e+000  0.000000e+000  0.000000e+000  0.000000e+000  0.000000e+000  0.000000e+000  0.000000e+000  0.000000e+000  0.000000e+000  0.000000e+000  
0.000000e+000  0.000000e+000  0.000000e+000  0.000000e+000  0.000000e+000  0.000000e+000  0.000000e+000  0.000000e+000  0.000000e+000  0.000000e+000  0.000000e+000  0.000000e+000  0.000000e+000  0.000000e+000  0.000000e+000  0.000000e+000  0.000000e+000  0.000000e+000  0.000000e+000  0.000000e+000  0.000000e+000  0.000000e+000  0.000000e+000  
0.000000e+000  0.000000e+000  0.000000e+000  0.000000e+000  0.000000e+000  0.000000e+000  0.000000e+000  0.000000e+000  0.000000e+000  0.000000e+000  0.000000e+000  0.000000e+000  0.000000e+000  0.000000e+000  0.000000e+000  0.000000e+000  0.000000e+000  0.000000e+000  0.000000e+000  0.000000e+000  0.000000e+000  0.000000e+000  0.000000e+000  
0.000000e+000  0.000000e+000  0.000000e+000  0.000000e+000  0.000000e+000  0.000000e+000  0.000000e+000  0.000000e+000  0.000000e+000  0.000000e+000  0.000000e+000  0.000000e+000  0.000000e+000  0.000000e+000  0.000000e+000  0.000000e+000  0.000000e+000  0.000000e+000  0.000000e+000  0.000000e+000  0.000000e+000  0.000000e+000  0.000000e+000  
0.000000e+000  0.000000e+000  0.000000e+000  0.000000e+000  0.000000e+000  0.000000e+000  0.000000e+000  0.000000e+000  0.000000e+000  0.000000e+000  0.000000e+000  0.000000e+000  0.000000e+000  0.000000e+000  0.000000e+000  0.000000e+000  0.000000e+000  0.000000e+000  0.000000e+000  0.000000e+000  0.000000e+000  0.000000e+000  0.000000e+000  
0.000000e+000  0.000000e+000  0.000000e+000  0.000000e+000  0.000000e+000  0.000000e+000  0.000000e+000  0.000000e+000  0.000000e+000  0.000000e+000  0.000000e+000  0.000000e+000  0.000000e+000  0.000000e+000  0.000000e+000  0.000000e+000  0.000000e+000  0.000000e+000  0.000000e+000  0.000000e+000  0.000000e+000  0.000000e+000  0.000000e+000  
0.000000e+000  0.000000e+000  0.000000e+000  0.000000e+000  0.000000e+000  0.000000e+000  0.000000e+000  0.000000e+000  0.000000e+000  0.000000e+000  0.000000e+000  0.000000e+000  0.000000e+000  0.000000e+000  0.000000e+000  0.000000e+000  0.000000e+000  0.000000e+000  0.000000e+000  0.000000e+000  0.000000e+000  0.000000e+000  0.000000e+000  
0.000000e+000  0.000000e+000  0.000000e+000  0.000000e+000  0.000000e+000  0.000000e+000  0.000000e+000  0.000000e+000  0.000000e+000  0.000000e+000  0.000000e+000  0.000000e+000  0.000000e+000  0.000000e+000  0.000000e+000  0.000000e+000  0.000000e+000  0.000000e+000  0.000000e+000  0.000000e+000  0.000000e+000  0.000000e+000  0.000000e+000  
0.000000e+000  0.000000e+000  0.000000e+000  0.000000e+000  0.000000e+000  0.000000e+000  0.000000e+000  0.000000e+000  0.000000e+000  0.000000e+000  0.000000e+000  0.000000e+000  0.000000e+000  0.000000e+000  0.000000e+000  0.000000e+000  0.000000e+000  0.000000e+000  0.000000e+000  0.000000e+000  0.000000e+000  0.000000e+000  0.000000e+000  
0.000000e+000  0.000000e+000  0.000000e+000  0.000000e+000  0.000000e+000  0.000000e+000  0.000000e+000  0.000000e+000  0.000000e+000  0.000000e+000  0.000000e+000  0.000000e+000  0.000000e+000  0.000000e+000  0.000000e+000  0.000000e+000  0.000000e+000  0.000000e+000  0.000000e+000  0.000000e+000  0.000000e+000  0.000000e+000  0.000000e+000  
0.000000e+000  0.000000e+000  0.000000e+000  0.000000e+000  0.000000e+000  0.000000e+000  0.000000e+000  0.000000e+000  0.000000e+000  0.000000e+000  0.000000e+000  0.000000e+000  0.000000e+000  0.000000e+000  0.000000e+000  0.000000e+000  0.000000e+000  0.000000e+000  0.000000e+000  0.000000e+000  0.000000e+000  0.000000e+000  0.000000e+000  
0.000000e+000  0.000000e+000  0.000000e+000  0.000000e+000  0.000000e+000  0.000000e+000  0.000000e+000  0.000000e+000  0.000000e+000  0.000000e+000  0.000000e+000  0.000000e+000  0.000000e+000  0.000000e+000  0.000000e+000  0.000000e+000  0.000000e+000  0.000000e+000  0.000000e+000  0.000000e+000  0.000000e+000  0.000000e+000  0.000000e+000  
0.000000e+000  0.000000e+000  0.000000e+000  0.000000e+000  0.000000e+000  0.000000e+000  0.000000e+000  0.000000e+000  0.000000e+000  0.000000e+000  0.000000e+000  0.000000e+000  0.000000e+000  0.000000e+000  0.000000e+000  0.000000e+000  0.000000e+000  0.000000e+000  0.000000e+000  0.000000e+000  0.000000e+000  0.000000e+000  0.000000e+000  
0.000000e+000  0.000000e+000  0.000000e+000  0.000000e+000  0.000000e+000  0.000000e+000  0.000000e+000  0.000000e+000  0.000000e+000  0.000000e+000  0.000000e+000  0.000000e+000  0.000000e+000  0.000000e+000  0.000000e+000  0.000000e+000  0.000000e+000  0.000000e+000  0.000000e+000  0.000000e+000  0.000000e+000  0.000000e+000  0.000000e+000  
0.000000e+000  0.000000e+000  0.000000e+000  0.000000e+000  0.000000e+000  0.000000e+000  0.000000e+000  0.000000e+000  0.000000e+000  0.000000e+000  0.000000e+000  0.000000e+000  0.000000e+000  0.000000e+000  0.000000e+000  0.000000e+000  0.000000e+000  0.000000e+000  0.000000e+000  0.000000e+000  0.000000e+000  0.000000e+000  0.000000e+000  
0.000000e+000  0.000000e+000  0.000000e+000  0.000000e+000  0.000000e+000  0.000000e+000  0.000000e+000  0.000000e+000  0.000000e+000  0.000000e+000  0.000000e+000  0.000000e+000  0.000000e+000  0.000000e+000  0.000000e+000  0.000000e+000  0.000000e+000  0.000000e+000  0.000000e+000  0.000000e+000  0.000000e+000  0.000000e+000  0.000000e+000  
0.000000e+000  0.000000e+000  0.000000e+000  0.000000e+000  0.000000e+000  0.000000e+000  0.000000e+000  0.000000e+000  0.000000e+000  0.000000e+000  0.000000e+000  0.000000e+000  0.000000e+000  0.000000e+000  0.000000e+000  0.000000e+000  0.000000e+000  0.000000e+000  0.000000e+000  0.000000e+000  0.000000e+000  0.000000e+000  0.000000e+000  
0.000000e+000  0.000000e+000  0.000000e+000  0.000000e+000  0.000000e+000  0.000000e+000  0.000000e+000  0.000000e+000  0.000000e+000  0.000000e+000  0.000000e+000  0.000000e+000  0.000000e+000  0.000000e+000  0.000000e+000  0.000000e+000  0.000000e+000  0.000000e+000  0.000000e+000  0.000000e+000  0.000000e+000  0.000000e+000  0.000000e+000  
0.000000e+000  0.000000e+000  0.000000e+000  0.000000e+000  0.000000e+000  0.000000e+000  0.000000e+000  0.000000e+000  0.000000e+000  0.000000e+000  0.000000e+000  0.000000e+000  0.000000e+000  0.000000e+000  0.000000e+000  0.000000e+000  0.000000e+000  0.000000e+000  0.000000e+000  0.000000e+000  0.000000e+000  0.000000e+000  0.000000e+000  

5.773369e-001  5.765001e-001  5.751290e-001  5.732105e-001  5.707437e-001  5.677384e-001  5.642137e-001  5.601983e-001  5.540751e-001  5.457235e-001  5.367572e-001  5.271966e-001  5.170961e-001  5.065278e-001  4.955732e-001  4.843176e-001  4.671127e-001  4.438266e-001  4.149001e-001  3.823089e-001  3.329992e-001  2.956911e-001  -0.000000e+000  
5.840619e-001  5.834144e-001  5.820482e-001  5.799688e-001  5.771791e-001  5.736793e-001  5.694666e-001  5.645338e-001  5.580162e-001  5.497457e-001  5.406844e-001  5.309334e-001  5.205905e-001  5.097525e-001  4.985151e-001  4.869731e-001  4.693417e-001  4.455211e-001  4.159883e-001  3.828123e-001  3.327499e-001  2.950339e-001  -0.000000e+000  
6.286528e-001  6.278061e-001  6.261133e-001  6.235761e-001  6.201982e-001  6.159847e-001  6.109423e-001  6.050796e-001  5.970610e-001  5.866437e-001  5.752948e-001  5.631425e-001  5.503189e-001  5.369569e-001  5.231873e-001  5.091370e-001  4.878221e-001  4.594476e-001  4.247937e-001  3.867299e-001  3.304379e-001  2.893976e-001  -0.000000e+000  
6.768847e-001  6.759185e-001  6.739871e-001  6.710928e-001  6.672392e-001  6.624312e-001  6.566760e-001  6.499822e-001  6.402656e-001  6.271709e-001  6.129709e-001  5.978499e-001  5.819937e-001  5.655854e-001  5.488008e-001  5.318060e-001  5.062293e-001  4.727419e-001  4.325117e-001  3.893698e-001  3.269070e-001  2.828189e-001  -0.000000e+000  
7.215992e-001  7.205270e-001  7.183833e-001  7.151700e-001  7.108901e-001  7.055478e-001  6.991493e-001  6.917024e-001  6.803826e-001  6.647285e-001  6.478083e-001  6.298619e-001  6.111277e-001  5.918374e-001  5.722100e-001  5.524485e-001  5.228813e-001  4.846416e-001  4.392663e-001  3.914892e-001  3.234545e-001  2.766606e-001  -0.000000e+000  
8.344644e-001  8.331858e-001  8.306254e-001  8.267775e-001  8.216338e-001  8.151848e-001  8.074204e-001  7.983315e-001  7.824577e-001  7.590474e-001  7.339888e-001  7.077148e-001  6.806416e-001  6.531557e-001  6.256053e-001  5.982950e-001  5.580781e-001  5.077353e-001  4.498721e-001  3.916505e-001  3.120176e-001  2.603008e-001  -0.000000e+000  
9.909052e-001  9.895544e-001  9.868345e-001  9.827094e-001  9.771278e-001  9.700248e-001  9.613262e-001  9.509519e-001  9.276809e-001  8.903446e-001  8.509612e-001  8.103719e-001  7.693425e-001  7.285389e-001  6.885139e-001  6.497064e-001  5.938180e-001  5.269037e-001  4.531703e-001  3.831248e-001  2.920154e-001  2.365858e-001  -0.000000e+000  
1.142049e+000  1.141201e+000  1.139449e+000  1.136681e+000  1.132735e+000  1.127406e+000  1.120452e+000  1.111607e+000  1.079454e+000  1.022465e+000  9.634677e-001  9.039927e-001  8.453268e-001  7.884768e-001  7.341728e-001  6.828974e-001  6.109417e-001  5.289100e-001  4.423987e-001  3.646131e-001  2.679933e-001  2.122436e-001  -0.000000e+000  
1.248752e+000  1.248807e+000  1.248811e+000  1.248563e+000  1.247762e+000  1.246025e+000  1.242896e+000  1.237868e+000  1.198228e+000  1.122303e+000  1.044913e+000  9.683283e-001  8.943072e-001  8.240782e-001  7.583983e-001  6.976453e-001  6.140492e-001  5.220717e-001  4.280152e-001  3.465269e-001  2.483938e-001  1.936874e-001  -0.000000e+000  
1.328598e+000  1.330143e+000  1.333070e+000  1.337059e+000  1.341632e+000  1.346161e+000  1.349892e+000  1.351964e+000  1.304992e+000  1.207450e+000  1.109819e+000  1.015281e+000  9.260099e-001  8.432645e-001  7.675921e-001  6.990449e-001  6.065206e-001  5.079602e-001  4.098135e-001  3.272859e-001  2.302727e-001  1.775446e-001  -0.000000e+000  
1.379449e+000  1.382517e+000  1.388447e+000  1.396824e+000  1.407016e+000  1.418180e+000  1.429270e+000  1.439067e+000  1.386137e+000  1.269321e+000  1.154203e+000  1.044769e+000  9.434025e-001  8.511867e-001  7.683113e-001  6.944244e-001  5.961151e-001  4.938090e-001  3.938354e-001  3.115022e-001  2.163274e-001  1.654880e-001  -0.000000e+000  
1.420398e+000  1.425593e+000  1.435744e+000  1.450353e+000  1.468639e+000  1.489506e+000  1.511525e+000  1.532962e+000  1.473022e+000  1.331445e+000  1.194804e+000  1.068001e+000  9.533387e-001  8.513306e-001  7.614691e-001  6.827532e-001  5.796303e-001  4.748701e-001  3.744239e-001  2.933717e-001  2.011936e-001  1.527618e-001  -0.000000e+000  
1.445167e+000  1.453192e+000  1.469017e+000  1.492147e+000  1.521738e+000  1.556485e+000  1.594515e+000  1.633341e+000  1.564824e+000  1.390777e+000  1.227658e+000  1.081067e+000  9.524374e-001  8.409768e-001  7.449649e-001  6.624443e-001  5.560814e-001  4.506116e-001  3.513546e-001  2.728175e-001  1.848815e-001  1.393905e-001  -0.000000e+000  
1.445426e+000  1.456939e+000  1.479880e+000  1.513997e+000  1.558707e+000  1.612815e+000  1.674146e+000  1.739163e+000  1.659354e+000  1.441598e+000  1.246333e+000  1.078344e+000  9.363224e-001  8.169099e-001  7.165008e-001  6.318732e-001  5.245584e-001  4.205963e-001  3.244789e-001  2.498124e-001  1.674221e-001  1.254071e-001  -0.000000e+000  
1.410925e+000  1.426172e+000  1.456951e+000  1.503750e+000  1.567056e+000  1.646888e+000  1.741870e+000  1.847653e+000  1.750950e+000  1.472778e+000  1.240441e+000  1.052068e+000  8.996983e-001  7.756491e-001  6.738150e-001  5.895676e-001  4.843415e-001  3.845397e-001  2.937474e-001  2.243880e-001  1.488681e-001  1.108533e-001  -0.000000e+000  
1.330716e+000  1.348853e+000  1.386011e+000  1.444032e+000  1.525840e+000  1.635382e+000  1.776740e+000  1.950237e+000  1.823241e+000  1.461744e+000  1.193798e+000  9.924772e-001  8.369751e-001  7.140203e-001  6.150942e-001  5.344830e-001  4.350371e-001  3.423700e-001  2.592310e-001  1.966421e-001  1.292949e-001  9.577971e-002  -0.000000e+000  
1.196357e+000  1.214782e+000  1.252872e+000  1.313494e+000  1.402152e+000  1.529339e+000  1.716033e+000  2.006950e+000  1.819593e+000  1.362239e+000  1.084378e+000  8.899685e-001  7.439632e-001  6.301737e-001  5.395449e-001  4.663266e-001  3.767102e-001  2.942783e-001  2.211367e-001  1.667434e-001  1.088006e-001  8.024477e-002  -0.000000e+000  
9.982112e-001  1.013106e+000  1.043333e+000  1.089705e+000  1.153193e+000  1.234239e+000  1.330712e+000  1.432062e+000  1.303055e+000  1.078095e+000  8.868552e-001  7.349362e-001  6.150680e-001  5.198825e-001  4.436323e-001  3.820327e-001  3.068378e-001  2.382347e-001  1.778749e-001  1.334386e-001  8.650619e-002  6.356734e-002  -0.000000e+000  
7.380509e-001  7.477128e-001  7.668419e-001  7.948737e-001  8.304645e-001  8.707262e-001  9.099531e-001  9.378178e-001  8.321592e-001  7.440499e-001  6.364760e-001  5.371093e-001  4.528780e-001  3.836240e-001  3.272281e-001  2.813459e-001  2.252069e-001  1.741325e-001  1.294211e-001  9.673619e-002  6.242923e-002  4.576120e-002  -0.000000e+000  
2.960071e-001  2.988343e-001  3.042711e-001  3.118476e-001  3.207808e-001  3.299094e-001  3.376819e-001  3.423122e-001  2.984282e-001  2.788321e-001  2.483420e-001  2.154873e-001  1.847597e-001  1.579028e-001  1.352150e-001  1.163636e-001  9.302645e-002  7.169786e-002  5.307574e-002  3.955318e-002  2.544944e-002  1.863521e-002  -0.000000e+000  
-3.340531e-001  -3.372869e-001  -3.435166e-001  -3.522241e-001  -3.625339e-001  -3.731253e-001  -3.821982e-001  -3.876347e-001  -3.100279e-001  -2.889375e-001  -2.564252e-001  -2.216655e-001  -1.893600e-001  -1.612647e-001  -1.376271e-001  -1.180537e-001  -9.389679e-002  -7.192929e-002  -5.284010e-002  -3.907007e-002  -2.480933e-002  -1.798764e-002  -0.000000e+000  
-7.717205e-001  -7.820018e-001  -8.024319e-001  -8.325664e-001  -8.712122e-001  -9.155558e-001  -9.595778e-001  -9.915390e-001  -8.495998e-001  -7.560464e-001  -6.441948e-001  -5.421832e-001  -4.563218e-001  -3.860005e-001  -3.288601e-001  -2.824347e-001  -2.256871e-001  -1.741325e-001  -1.290648e-001  -9.619155e-002  -6.177178e-002  -4.510967e-002  -0.000000e+000  
-1.026760e+000  -1.042197e+000  -1.073640e+000  -1.122231e+000  -1.189629e+000  -1.277602e+000  -1.386160e+000  -1.505742e+000  -1.331439e+000  -1.090021e+000  -8.924514e-001  -7.381061e-001  -6.170948e-001  -5.212321e-001  -4.445135e-001  -3.825635e-001  -3.069627e-001  -2.380234e-001  -1.774071e-001  -1.328365e-001  -8.583243e-002  -6.291214e-002  -0.000000e+000  
-1.160077e+000  -1.177613e+000  -1.213705e+000  -1.270687e+000  -1.353075e+000  -1.470064e+000  -1.644000e+000  -1.945775e+000  -1.706415e+000  -1.280079e+000  -1.025608e+000  -8.438354e-001  -7.055734e-001  -5.972104e-001  -5.107302e-001  -4.408448e-001  -3.553555e-001  -2.768936e-001  -2.074512e-001  -1.559879e-001  -1.013481e-001  -7.452572e-002  -0.000000e+000  
-1.219787e+000  -1.237973e+000  -1.275474e+000  -1.334882e+000  -1.421166e+000  -1.543925e+000  -1.722842e+000  -1.998167e+000  -1.788774e+000  -1.353221e+000  -1.083025e+000  -8.912623e-001  -7.461011e-001  -6.324991e-001  -5.418023e-001  -4.684121e-001  -3.784784e-001  -2.956351e-001  -2.220627e-001  -1.673211e-001  -1.090050e-001  -8.028301e-002  -0.000000e+000  
-1.272288e+000  -1.290681e+000  -1.328575e+000  -1.388464e+000  -1.474888e+000  -1.595716e+000  -1.763879e+000  -1.995630e+000  -1.820119e+000  -1.405328e+000  -1.130553e+000  -9.328627e-001  -7.827114e-001  -6.649627e-001  -5.707524e-001  -4.943419e-001  -4.004827e-001  -3.136514e-001  -2.362428e-001  -1.783983e-001  -1.165546e-001  -8.598739e-002  -0.000000e+000  
-1.317496e+000  -1.335661e+000  -1.372972e+000  -1.431562e+000  -1.515044e+000  -1.628880e+000  -1.779925e+000  -1.971641e+000  -1.823166e+000  -1.439677e+000  -1.168374e+000  -9.685241e-001  -8.153029e-001  -6.945260e-001  -5.975228e-001  -5.185872e-001  -4.213327e-001  -3.309159e-001  -2.499729e-001  -1.892069e-001  -1.239908e-001  -9.163557e-002  -0.000000e+000  
-1.355496e+000  -1.373047e+000  -1.408940e+000  -1.464814e+000  -1.543214e+000  -1.647371e+000  -1.779931e+000  -1.938675e+000  -1.810121e+000  -1.459859e+000  -1.197223e+000  -9.983708e-001  -8.438767e-001  -7.211646e-001  -6.220844e-001  -5.411192e-001  -4.410020e-001  -3.474071e-001  -2.632372e-001  -1.997360e-001  -1.313079e-001  -9.722437e-002  -0.000000e+000  
-1.386524e+000  -1.403152e+000  -1.436981e+000  -1.489142e+000  -1.561189e+000  -1.654627e+000  -1.769557e+000  -1.901690e+000  -1.787714e+000  -1.469043e+000  -1.218092e+000  -1.022701e+000  -8.685238e-001  -7.449022e-001  -6.444360e-001  -5.619268e-001  -4.594742e-001  -3.631085e-001  -2.760219e-001  -2.099755e-001  -1.385007e-001  -1.027508e-001  -0.000000e+000  
-1.410939e+000  -1.426416e+000  -1.457740e+000  -1.505575e+000  -1.570676e+000  -1.653346e+000  -1.752313e+000  -1.862845e+000  -1.759768e+000  -1.469794e+000  -1.232046e+000  -1.041926e+000  -8.894070e-001  -7.658047e-001  -6.646023e-001  -5.810157e-001  -4.767417e-001  -3.780087e-001  -2.883161e-001  -2.199168e-001  -1.455643e-001  -1.082119e-001  -0.000000e+000  
-1.429187e+000  -1.443369e+000  -1.471923e+000  -1.515136e+000  -1.573165e+000  -1.645557e+000  -1.730401e+000  -1.823191e+000  -1.728516e+000  -1.464108e+000  -1.240109e+000  -1.056513e+000  -9.067417e-001  -7.839736e-001  -6.826313e-001  -5.984075e-001  -4.928061e-001  -3.921012e-001  -3.001112e-001  -2.295525e-001  -1.524941e-001  -1.136049e-001  -0.000000e+000  
-1.453099e+000  -1.464680e+000  -1.487753e+000  -1.522058e+000  -1.566978e+000  -1.621249e+000  -1.682589e+000  -1.747398e+000  -1.665399e+000  -1.443969e+000  -1.246007e+000  -1.076349e+000  -9.334105e-001  -8.135464e-001  -7.129540e-001  -6.282944e-001  -5.210609e-001  -4.173387e-001  -3.215617e-001  -2.472680e-001  -1.653986e-001  -1.237175e-001  -0.000000e+000  
-1.451901e+000  -1.459906e+000  -1.475685e+000  -1.498729e+000  -1.528174e+000  -1.562689e+000  -1.600384e+000  -1.638781e+000  -1.568932e+000  -1.392837e+000  -1.228055e+000  -1.080270e+000  -9.508611e-001  -8.389304e-001  -7.426587e-001  -6.600152e-001  -5.535994e-001  -4.482214e-001  -3.491537e-001  -2.708570e-001  -1.832794e-001  -1.380294e-001  -0.000000e+000  
-1.425212e+000  -1.430348e+000  -1.440376e+000  -1.454795e+000  -1.472818e+000  -1.493344e+000  -1.514953e+000  -1.535929e+000  -1.475152e+000  -1.332449e+000  -1.194851e+000  -1.067315e+000  -9.521405e-001  -8.498061e-001  -7.597563e-001  -6.809479e-001  -5.777819e-001  -4.730853e-001  -3.727736e-001  -2.918918e-001  -1.999669e-001  -1.517057e-001  -0.000000e+000  
-1.381841e+000  -1.384848e+000  -1.390656e+000  -1.398851e+000  -1.408806e+000  -1.419682e+000  -1.430443e+000  -1.439885e+000  -1.386432e+000  -1.268984e+000  -1.153346e+000  -1.043537e+000  -9.419356e-001  -8.495989e-001  -7.666841e-001  -6.928105e-001  -5.945682e-001  -4.923912e-001  -3.925777e-001  -3.104005e-001  -2.154280e-001  -1.647112e-001  -0.000000e+000  
-1.301581e+000  -1.302336e+000  -1.303712e+000  -1.305444e+000  -1.307139e+000  -1.308292e+000  -1.308298e+000  -1.306474e+000  -1.262256e+000  -1.174008e+000  -1.084954e+000  -9.978751e-001  -9.147947e-001  -8.370003e-001  -7.651705e-001  -6.995302e-001  -6.102248e-001  -5.138624e-001  -4.169193e-001  -3.344983e-001  -2.367639e-001  -1.831743e-001  -0.000000e+000  
-1.181829e+000  -1.181223e+000  -1.179940e+000  -1.177840e+000  -1.174720e+000  -1.170322e+000  -1.164340e+000  -1.156435e+000  -1.121505e+000  -1.057956e+000  -9.925468e-001  -9.270613e-001  -8.629554e-001  -8.013234e-001  -7.429171e-001  -6.881936e-001  -6.119661e-001  -5.262248e-001  -4.368495e-001  -3.576084e-001  -2.603183e-001  -2.049040e-001  -0.000000e+000  
-1.008584e+000  -1.007244e+000  -1.004541e+000  -1.000435e+000  -9.948680e-001  -9.877646e-001  -9.790395e-001  -9.686001e-001  -9.443412e-001  -9.050467e-001  -8.636811e-001  -8.211513e-001  -7.782751e-001  -7.357551e-001  -6.941670e-001  -6.539602e-001  -5.962198e-001  -5.274599e-001  -4.520619e-001  -3.808860e-001  -2.888067e-001  -2.331641e-001  -0.000000e+000  
-8.324746e-001  -8.311977e-001  -8.286409e-001  -8.247983e-001  -8.196620e-001  -8.132225e-001  -8.054701e-001  -7.963959e-001  -7.805587e-001  -7.572096e-001  -7.322181e-001  -7.060175e-001  -6.790236e-001  -6.516220e-001  -6.241596e-001  -5.969391e-001  -5.568573e-001  -5.066851e-001  -4.490129e-001  -3.909655e-001  -3.115398e-001  -2.599220e-001  -0.000000e+000  
-7.100045e-001  -7.089542e-001  -7.068548e-001  -7.037085e-001  -6.995189e-001  -6.942912e-001  -6.880325e-001  -6.807517e-001  -6.698197e-001  -6.548013e-001  -6.385573e-001  -6.213140e-001  -6.032971e-001  -5.847260e-001  -5.658090e-001  -5.467396e-001  -5.181714e-001  -4.811223e-001  -4.370352e-001  -3.904150e-001  -3.237640e-001  -2.776358e-001  -0.000000e+000  
-6.285751e-001  -6.277151e-001  -6.259963e-001  -6.234220e-001  -6.199972e-001  -6.157291e-001  -6.106267e-001  -6.047010e-001  -5.966270e-001  -5.861645e-001  -5.747740e-001  -5.625842e-001  -5.497273e-001  -5.363361e-001  -5.225416e-001  -5.084705e-001  -4.871306e-001  -4.587379e-001  -4.240776e-001  -3.860272e-001  -3.297773e-001  -2.887832e-001  -0.000000e+000  
-5.849721e-001  -5.842534e-001  -5.827696e-001  -5.805283e-001  -5.775372e-001  -5.738050e-001  -5.693413e-001  -5.641571e-001  -5.574775e-001  -5.491609e-001  -5.400770e-001  -5.303136e-001  -5.199624e-001  -5.091176e-001  -4.978739e-001  -4.863260e-001  -4.686863e-001  -4.448582e-001  -4.153215e-001  -3.821514e-001  -3.321118e-001  -2.944276e-001  -0.000000e+000  
-5.804232e-001  -5.795276e-001  -5.779405e-001  -5.756499e-001  -5.726506e-001  -5.689420e-001  -5.645279e-001  -5.594152e-001  -5.528784e-001  -5.447937e-001  -5.359678e-001  -5.264805e-001  -5.164172e-001  -5.058667e-001  -4.949193e-001  -4.836654e-001  -4.664587e-001  -4.431681e-001  -4.142388e-001  -3.816529e-001  -3.323639e-001  -2.950858e-001  -0.000000e+000  
-0.000000e+000  -0.000000e+000  -0.000000e+000  -0.000000e+000  -0.000000e+000  -0.000000e+000  -0.000000e+000  -0.000000e+000  -0.000000e+000  -0.000000e+000  -0.000000e+000  -0.000000e+000  -0.000000e+000  -0.000000e+000  -0.000000e+000  -0.000000e+000  -0.000000e+000  -0.000000e+000  -0.000000e+000  -0.000000e+000  -0.000000e+000  -0.000000e+000  -0.000000e+000  

