Port monitor named: Port2_e1.prt

nx        = 46
ny        = 4
nz        = 25

nu        = 23
nv        = 44
iu        = 2
iv        = 2

idir      = 1
dcut      = 3.000000e-002
icut      = 3
type      = 0
frequency = 3.500000e+009

fcutoff   = 0.000000e+000
alpha     = 0.000000e+000
beta      = 1.345608e+002
accuracy  = 4.938255e-014

type          = QTEM
wave imp.     = 2.586443e+002
wave imp.sig. = 0.000000e+000
line imp.     = 4.919575e+001

ref. port     = 0

0.000000e+000  0.000000e+000  0.000000e+000  0.000000e+000  0.000000e+000  0.000000e+000  0.000000e+000  0.000000e+000  0.000000e+000  0.000000e+000  0.000000e+000  0.000000e+000  0.000000e+000  0.000000e+000  0.000000e+000  0.000000e+000  0.000000e+000  0.000000e+000  0.000000e+000  0.000000e+000  0.000000e+000  0.000000e+000  0.000000e+000  
6.702218e-002  -2.767650e-002  -2.291625e-001  -5.523952e-001  -1.021306e+000  -1.670378e+000  -2.546964e+000  -3.714522e+000  -1.498434e+001  -1.302076e+001  -1.179916e+001  -1.093141e+001  -1.022356e+001  -9.581399e+000  -8.961861e+000  -8.347929e+000  -7.429514e+000  -6.226276e+000  -4.793246e+000  -3.315710e+000  -1.298720e+000  -1.004912e-001  0.000000e+000  
-1.541988e+001  -1.537251e+001  -1.527751e+001  -1.513505e+001  -1.494487e+001  -1.470567e+001  -1.441422e+001  -1.406413e+001  -6.034214e+001  -5.897090e+001  -5.710169e+001  -5.483394e+001  -5.224769e+001  -4.941375e+001  -4.639757e+001  -4.326013e+001  -3.845642e+001  -3.209633e+001  -2.453830e+001  -1.681734e+001  -6.378613e+000  -2.644509e-001  0.000000e+000  
-3.340929e+001  -3.320748e+001  -3.280727e+001  -3.221542e+001  -3.144177e+001  -3.049905e+001  -2.940245e+001  -2.816934e+001  -1.193011e+002  -1.158477e+002  -1.114326e+002  -1.062153e+002  -1.003628e+002  -9.404189e+001  -8.741131e+001  -8.061733e+001  -7.037648e+001  -5.726117e+001  -4.218759e+001  -2.753980e+001  -8.651919e+000  1.675346e+000  0.000000e+000  
-3.684941e+001  -3.661029e+001  -3.613643e+001  -3.543640e+001  -3.452279e+001  -3.341183e+001  -3.212293e+001  -3.067821e+001  -1.296033e+002  -1.256356e+002  -1.206093e+002  -1.147097e+002  -1.081297e+002  -1.010602e+002  -9.368135e+001  -8.615696e+001  -7.486791e+001  -6.054150e+001  -4.421544e+001  -2.853659e+001  -8.535736e+000  2.243591e+000  0.000000e+000  
-6.259444e+001  -6.203433e+001  -6.092690e+001  -5.929733e+001  -5.718240e+001  -5.462928e+001  -5.169405e+001  -4.843995e+001  -2.015301e+002  -1.932085e+002  -1.830841e+002  -1.715934e+002  -1.591650e+002  -1.461973e+002  -1.330430e+002  -1.200006e+002  -1.009666e+002  -7.811156e+001  -5.341891e+001  -3.145864e+001  -5.449126e+000  7.173576e+000  0.000000e+000  
-1.100649e+002  -1.086798e+002  -1.059472e+002  -1.019405e+002  -9.676699e+001  -9.056382e+001  -8.349349e+001  -7.573817e+001  -3.066361e+002  -2.883326e+002  -2.671802e+002  -2.442460e+002  -2.204939e+002  -1.967394e+002  -1.736298e+002  -1.516436e+002  -1.208358e+002  -8.670543e+001  -5.257955e+001  -2.538711e+001  3.429276e+000  1.532978e+001  0.000000e+000  
-2.116461e+002  -2.079607e+002  -2.007019e+002  -1.900903e+002  -1.764480e+002  -1.601885e+002  -1.418015e+002  -1.218356e+002  -4.697071e+002  -4.266491e+002  -3.800501e+002  -3.325672e+002  -2.863149e+002  -2.428083e+002  -2.030001e+002  -1.673711e+002  -1.203775e+002  -7.412370e+001  -3.292248e+001  -5.072727e+000  1.942487e+001  2.670099e+001  0.000000e+000  
-3.166957e+002  -3.102021e+002  -2.974147e+002  -2.787306e+002  -2.547373e+002  -2.261988e+002  -1.940340e+002  -1.592835e+002  -5.870832e+002  -5.164581e+002  -4.437159e+002  -3.732004e+002  -3.078965e+002  -2.494998e+002  -1.986744e+002  -1.553606e+002  -1.008951e+002  -5.180898e+001  -1.167538e+001  1.228460e+001  3.007694e+001  3.325524e+001  0.000000e+000  
-4.856034e+002  -4.743284e+002  -4.520933e+002  -4.195396e+002  -3.776507e+002  -3.277619e+002  -2.715465e+002  -2.109670e+002  -7.322139e+002  -6.158207e+002  -5.023266e+002  -3.986374e+002  -3.083920e+002  -2.326327e+002  -1.707290e+002  -1.211770e+002  -6.263502e+001  -1.568171e+001  1.822099e+001  3.454159e+001  4.222352e+001  4.017171e+001  0.000000e+000  
-6.240263e+002  -6.088476e+002  -5.788211e+002  -5.346532e+002  -4.775041e+002  -4.090721e+002  -3.316461e+002  -2.480776e+002  -8.223951e+002  -6.671626e+002  -5.217707e+002  -3.948188e+002  -2.893874e+002  -2.048943e+002  -1.389053e+002  -8.837069e+001  -3.126897e+001  1.080414e+001  3.818844e+001  4.848765e+001  4.924810e+001  4.396491e+001  0.000000e+000  
-8.066475e+002  -7.866030e+002  -7.467282e+002  -6.875660e+002  -6.102029e+002  -5.165460e+002  -4.095812e+002  -2.934804e+002  -9.183677e+002  -7.099663e+002  -5.241257e+002  -3.707357e+002  -2.505248e+002  -1.595307e+002  -9.231273e+001  -4.361534e+001  8.302585e+000  4.222373e+001  6.060784e+001  6.354611e+001  5.646105e+001  4.772857e+001  0.000000e+000  
-1.047647e+003  -1.022120e+003  -9.708276e+002  -8.935164e+002  -7.903855e+002  -6.627907e+002  -5.140975e+002  -3.503871e+002  -1.015042e+003  -7.319688e+002  -4.958174e+002  -3.150540e+002  -1.837238e+002  -9.136491e+001  -2.791044e+001  1.472460e+001  5.643929e+001  7.838292e+001  8.514519e+001  7.944707e+001  6.373513e+001  5.140610e+001  0.000000e+000  
-1.362978e+003  -1.332688e+003  -1.270753e+003  -1.174758e+003  -1.041942e+003  -8.706028e+002  -6.624086e+002  -4.254064e+002  -1.100772e+003  -7.095950e+002  -4.145758e+002  -2.119393e+002  -7.943141e+001  4.674732e+000  5.662565e+001  8.745330e+001  1.128190e+002  1.186729e+002  1.112709e+002  9.583552e+001  7.092590e+001  5.493812e+001  0.000000e+000  
-1.766435e+003  -1.735378e+003  -1.669943e+003  -1.563437e+003  -1.406023e+003  -1.186145e+003  -8.949408e+002  -5.363488e+002  -1.146514e+003  -5.950986e+002  -2.444284e+002  -4.118191e+001  7.164704e+001  1.318821e+002  1.617164e+002  1.737996e+002  1.761431e+002  1.619845e+002  1.382509e+002  1.122763e+002  7.787536e+001  5.826392e+001  0.000000e+000  
-2.260012e+003  -2.237964e+003  -2.188742e+003  -2.100689e+003  -1.952738e+003  -1.710505e+003  -1.324903e+003  -7.485380e+002  -1.064890e+003  -2.869550e+002  6.821762e+001  2.171352e+002  2.737999e+002  2.887474e+002  2.842512e+002  2.706012e+002  2.439178e+002  2.066803e+002  1.651611e+002  1.282677e+002  8.441701e+001  6.132311e+001  0.000000e+000  
-2.816916e+003  -2.818962e+003  -2.820229e+003  -2.812588e+003  -2.775229e+003  -2.655030e+003  -2.314533e+003  -1.392642e+003  -5.178356e+002  4.304469e+002  5.808420e+002  5.651767e+002  5.167895e+002  4.648869e+002  4.160819e+002  3.718184e+002  3.124593e+002  2.506622e+002  1.909327e+002  1.432648e+002  9.038226e+001  6.405745e+001  0.000000e+000  
-3.365996e+003  -3.400434e+003  -3.476077e+003  -3.610001e+003  -3.839342e+003  -4.245150e+003  -5.010993e+003  -6.570547e+003  3.799108e+003  1.921704e+003  1.255260e+003  9.457735e+002  7.639587e+002  6.387199e+002  5.441340e+002  4.690461e+002  3.772653e+002  2.915540e+002  2.144260e+002  1.567108e+002  9.560779e+001  6.641274e+001  0.000000e+000  
-3.848246e+003  -3.895313e+003  -3.994804e+003  -4.158517e+003  -4.406699e+003  -4.769900e+003  -5.286091e+003  -5.976899e+003  3.222995e+003  2.212335e+003  1.598982e+003  1.222021e+003  9.728453e+002  7.959419e+002  6.634963e+002  5.607743e+002  4.386270e+002  3.300179e+002  2.362361e+002  1.690320e+002  1.003045e+002  6.849973e+001  0.000000e+000  
-4.162064e+003  -4.202893e+003  -4.284675e+003  -4.406871e+003  -4.566305e+003  -4.753121e+003  -4.943229e+003  -5.085669e+003  2.381894e+003  2.046259e+003  1.671473e+003  1.352294e+003  1.099674e+003  9.030405e+002  7.495822e+002  6.288203e+002  4.850472e+002  3.592062e+002  2.526879e+002  1.782472e+002  1.037683e+002  7.002287e+001  0.000000e+000  
-4.349474e+003  -4.376423e+003  -4.428285e+003  -4.500661e+003  -4.586186e+003  -4.673867e+003  -4.748852e+003  -4.793757e+003  2.010524e+003  1.861274e+003  1.632009e+003  1.388574e+003  1.164494e+003  9.719034e+002  8.120460e+002  6.816297e+002  5.232223e+002  3.837344e+002  2.665334e+002  1.859419e+002  1.066145e+002  7.126018e+001  0.000000e+000  
-4.144530e+003  -4.186133e+003  -4.269800e+003  -4.395685e+003  -4.561626e+003  -4.758774e+003  -4.962853e+003  -5.118570e+003  2.423166e+003  2.060714e+003  1.669941e+003  1.345034e+003  1.091603e+003  8.959098e+002  7.437782e+002  6.242452e+002  4.819829e+002  3.573333e+002  2.516733e+002  1.777037e+002  1.035858e+002  6.995546e+001  0.000000e+000  
-3.817883e+003  -3.864336e+003  -3.962993e+003  -4.126886e+003  -4.379519e+003  -4.759177e+003  -5.319165e+003  -6.096229e+003  3.336871e+003  2.215224e+003  1.578834e+003  1.202561e+003  9.576714e+002  7.845544e+002  6.549451e+002  5.542850e+002  4.343803e+002  3.274248e+002  2.348182e+002  1.682646e+002  1.000431e+002  6.840214e+001  0.000000e+000  
-3.324988e+003  -3.356032e+003  -3.423793e+003  -3.542940e+003  -3.747462e+003  -4.121950e+003  -4.908229e+003  -6.930396e+003  4.032286e+003  1.811053e+003  1.188954e+003  9.099027e+002  7.422353e+002  6.241571e+002  5.337179e+002  4.612883e+002  3.722159e+002  2.884445e+002  2.126989e+002  1.557628e+002  9.527885e+001  6.628836e+001  0.000000e+000  
-3.135869e+003  -3.157338e+003  -3.203329e+003  -3.280987e+003  -3.403349e+003  -3.587124e+003  -3.804873e+003  -3.569428e+003  1.217996e+003  1.265015e+003  9.710775e+002  7.840125e+002  6.579412e+002  5.638181e+002  4.888807e+002  4.271109e+002  3.493884e+002  2.740493e+002  2.044473e+002  1.510527e+002  9.345724e+001  6.547108e+001  0.000000e+000  
-2.938095e+003  -2.948794e+003  -2.970221e+003  -3.001291e+003  -3.034956e+003  -3.038720e+003  -2.878222e+003  -2.045845e+003  5.802342e+001  7.631547e+002  7.396252e+002  6.504204e+002  5.696621e+002  5.011195e+002  4.424443e+002  3.917359e+002  3.257192e+002  2.590647e+002  1.958089e+002  1.460964e+002  9.152589e+001  6.459972e+001  0.000000e+000  
-2.735890e+003  -2.735809e+003  -2.733092e+003  -2.720325e+003  -2.677984e+003  -2.554221e+003  -2.213776e+003  -1.348138e+003  -5.316620e+002  3.553196e+002  5.167809e+002  5.158694e+002  4.799224e+002  4.372492e+002  3.950696e+002  3.555760e+002  3.014266e+002  2.436048e+002  1.868378e+002  1.409195e+002  8.949214e+001  6.367662e+001  0.000000e+000  
-2.533484e+003  -2.523619e+003  -2.499655e+003  -2.450679e+003  -2.352587e+003  -2.154146e+003  -1.754295e+003  -9.980599e+002  -8.418283e+002  4.102427e+001  3.149580e+002  3.859346e+002  3.911447e+002  3.734024e+002  3.474273e+002  3.190496e+002  2.767309e+002  2.277849e+002  1.775885e+002  1.355486e+002  8.736360e+001  6.270428e+001  0.000000e+000  
-2.334714e+003  -2.316720e+003  -2.275774e+003  -2.200010e+003  -2.066189e+003  -1.832561e+003  -1.433876e+003  -8.030821e+002  -1.007132e+003  -1.948156e+002  1.393448e+002  2.645492e+002  3.054018e+002  3.106904e+002  3.001636e+002  2.825653e+002  2.518493e+002  2.117194e+002  1.681158e+002  1.300103e+002  8.514805e+001  6.168528e+001  0.000000e+000  
-2.142773e+003  -2.118589e+003  -2.065300e+003  -1.971830e+003  -1.818602e+003  -1.575296e+003  -1.204003e+003  -6.821217e+002  -1.093234e+003  -3.690930e+002  -9.320792e+000  1.540836e+002  2.243014e+002  2.500777e+002  2.538707e+002  2.465081e+002  2.269912e+002  1.955202e+002  1.584741e+002  1.243314e+002  8.285348e+001  6.062227e+001  0.000000e+000  
-1.960097e+003  -1.931646e+003  -1.870345e+003  -1.766826e+003  -1.606045e+003  -1.367891e+003  -1.032849e+003  -5.991207e+002  -1.133938e+003  -4.965019e+002  -1.326901e+002  5.565384e+001  1.489710e+002  1.923468e+002  2.090655e+002  2.112276e+002  2.023537e+002  1.792951e+002  1.487168e+002  1.185387e+002  8.048795e+001  5.951801e+001  0.000000e+000  
-1.788366e+003  -1.757370e+003  -1.691721e+003  -1.584038e+003  -1.423576e+003  -1.198215e+003  -9.001577e+002  -5.369233e+002  -1.147713e+003  -5.887583e+002  -2.334801e+002  -3.052248e+001  8.010413e+001  1.380884e+002  1.661771e+002  1.770298e+002  1.781180e+002  1.631461e+002  1.388955e+002  1.126586e+002  7.805960e+001  5.837530e+001  0.000000e+000  
-1.371119e+003  -1.340612e+003  -1.278155e+003  -1.181194e+003  -1.046881e+003  -8.736479e+002  -6.636588e+002  -4.256239e+002  -1.100858e+003  -7.081032e+002  -4.115420e+002  -2.085668e+002  -7.655830e+001  6.800767e+000  5.807883e+001  8.840430e+001  1.132606e+002  1.188401e+002  1.113204e+002  9.586571e+001  7.096934e+001  5.498633e+001  0.000000e+000  
-1.046381e+003  -1.020802e+003  -9.694041e+002  -8.919464e+002  -7.886778e+002  -6.610611e+002  -5.126052e+002  -3.494707e+002  -1.013421e+003  -7.313934e+002  -4.957205e+002  -3.152575e+002  -1.842027e+002  -9.207344e+001  -2.876618e+001  1.380916e+001  5.553946e+001  7.763799e+001  8.462221e+001  7.912443e+001  6.362791e+001  5.138259e+001  0.000000e+000  
-7.992771e+002  -7.793786e+002  -7.398110e+002  -6.811467e+002  -6.045119e+002  -5.118512e+002  -4.061613e+002  -2.915651e+002  -9.148927e+002  -7.090041e+002  -5.249082e+002  -3.725358e+002  -2.528182e+002  -1.619800e+002  -9.471614e+001  -4.586131e+001  6.374480e+000  4.073468e+001  5.958609e+001  6.289893e+001  5.620363e+001  4.762873e+001  0.000000e+000  
-6.125766e+002  -5.976693e+002  -5.682055e+002  -5.249251e+002  -4.690203e+002  -4.022002e+002  -3.267206e+002  -2.453398e+002  -8.173778e+002  -6.657086e+002  -5.228723e+002  -3.974125e+002  -2.926588e+002  -2.083284e+002  -1.422200e+002  -9.143157e+001  -3.387019e+001  8.785991e+000  3.677659e+001  4.756665e+001  4.885007e+001  4.378790e+001  0.000000e+000  
-3.749043e+002  -3.667859e+002  -3.507928e+002  -3.274133e+002  -2.973775e+002  -2.616486e+002  -2.214003e+002  -1.779766e+002  -6.416651e+002  -5.554662e+002  -4.685935e+002  -3.862832e+002  -3.118238e+002  -2.467854e+002  -1.914717e+002  -1.453836e+002  -8.869219e+001  -3.961755e+001  -1.103231e+000  2.043705e+001  3.475936e+001  3.602552e+001  0.000000e+000  
-2.356778e+002  -2.313828e+002  -2.229245e+002  -2.105626e+002  -1.946775e+002  -1.757578e+002  -1.543848e+002  -1.312102e+002  -5.006190e+002  -4.514093e+002  -3.988043e+002  -3.458439e+002  -2.948713e+002  -2.474919e+002  -2.046450e+002  -1.667340e+002  -1.172874e+002  -6.963367e+001  -2.805162e+001  -7.748236e-001  2.231420e+001  2.858299e+001  0.000000e+000  
-1.131703e+002  -1.117174e+002  -1.088511e+002  -1.046494e+002  -9.922596e+001  -9.272604e+001  -8.532185e+001  -7.720640e+001  -3.119221e+002  -2.928917e+002  -2.709942e+002  -2.473423e+002  -2.229321e+002  -1.985981e+002  -1.749948e+002  -1.525997e+002  -1.212964e+002  -8.676223e+001  -5.235119e+001  -2.504002e+001  3.797765e+000  1.564692e+001  0.000000e+000  
-6.064299e+001  -6.010621e+001  -5.904488e+001  -5.748312e+001  -5.545609e+001  -5.300891e+001  -5.019523e+001  -4.707552e+001  -1.959928e+002  -1.880112e+002  -1.782963e+002  -1.672639e+002  -1.553220e+002  -1.428496e+002  -1.301832e+002  -1.176077e+002  -9.922764e+001  -7.708025e+001  -5.305857e+001  -3.155687e+001  -5.913759e+000  6.665468e+000  0.000000e+000  
-3.376766e+001  -3.355274e+001  -3.312707e+001  -3.249853e+001  -3.167857e+001  -3.068187e+001  -2.952594e+001  -2.823066e+001  -1.193784e+002  -1.158305e+002  -1.113372e+002  -1.060571e+002  -1.001567e+002  -9.380127e+001  -8.714873e+001  -8.034401e+001  -7.010166e+001  -5.701389e+001  -4.199589e+001  -2.742231e+001  -8.641993e+000  1.634226e+000  0.000000e+000  
-1.625695e+001  -1.616318e+001  -1.599432e+001  -1.575112e+001  -1.543600e+001  -1.505275e+001  -1.460629e+001  -1.410249e+001  -6.009803e+001  -5.865602e+001  -5.678467e+001  -5.453955e+001  -5.198168e+001  -4.917457e+001  -4.618163e+001  -4.306396e+001  -3.828589e+001  -3.195458e+001  -2.443030e+001  -1.674723e+001  -6.364047e+000  -2.808821e-001  0.000000e+000  
-2.701685e+000  -2.798499e+000  -2.845832e+000  -2.855528e+000  -2.835995e+000  -2.793380e+000  -2.732367e+000  -2.656734e+000  -1.137522e+001  -1.112601e+001  -1.079209e+001  -1.038568e+001  -9.918767e+000  -9.403288e+000  -8.850946e+000  -8.272989e+000  -7.383452e+000  -6.194972e+000  -4.771519e+000  -3.301809e+000  -1.295536e+000  -1.034086e-001  0.000000e+000  
0.000000e+000  0.000000e+000  0.000000e+000  0.000000e+000  0.000000e+000  0.000000e+000  0.000000e+000  0.000000e+000  0.000000e+000  0.000000e+000  0.000000e+000  0.000000e+000  0.000000e+000  0.000000e+000  0.000000e+000  0.000000e+000  0.000000e+000  0.000000e+000  0.000000e+000  0.000000e+000  0.000000e+000  0.000000e+000  0.000000e+000  

0.000000e+000  3.243586e+000  6.414514e+000  9.465927e+000  1.232716e+001  1.491426e+001  1.712415e+001  1.882757e+001  1.986015e+001  1.069701e+001  3.353032e+000  -2.895480e+000  -8.396563e+000  -1.331009e+001  -1.770411e+001  -2.160423e+001  -2.501877e+001  -3.040208e+001  -3.390563e+001  -3.585684e+001  -3.442708e+001  -2.014572e+001  0.000000e+000  
0.000000e+000  1.159476e+000  2.338016e+000  3.548538e+000  4.809659e+000  6.143241e+000  7.575915e+000  9.141044e+000  1.088126e+001  5.720845e+000  3.433085e-001  -4.971079e+000  -1.005427e+001  -1.480089e+001  -1.914295e+001  -2.303672e+001  -2.645568e+001  -3.182888e+001  -3.526603e+001  -3.702592e+001  -3.536068e+001  -2.053288e+001  0.000000e+000  
0.000000e+000  1.075963e+000  2.167838e+000  3.291051e+000  4.460160e+000  5.688395e+000  6.987146e+000  8.365379e+000  9.828947e+000  1.886501e+000  -5.672787e+000  -1.275022e+001  -1.925980e+001  -2.513447e+001  -3.032816e+001  -3.481521e+001  -3.858853e+001  -4.402074e+001  -4.686236e+001  -4.689093e+001  -4.315607e+001  -2.371531e+001  0.000000e+000  
0.000000e+000  5.096394e-001  1.048978e+000  1.646835e+000  2.330307e+000  3.123956e+000  4.049069e+000  5.123012e+000  6.358726e+000  -4.330536e+000  -1.430450e+001  -2.341540e+001  -3.155584e+001  -3.865888e+001  -4.469546e+001  -4.966960e+001  -5.361255e+001  -5.856174e+001  -6.019351e+001  -5.763104e+001  -5.121605e+001  -2.676290e+001  0.000000e+000  
0.000000e+000  -9.464724e-002  -1.443134e-001  -1.053507e-001  6.326743e-002  3.987489e-001  9.334166e-001  1.693812e+000  2.699998e+000  -1.061464e+001  -2.287761e+001  -3.389555e+001  -4.354223e+001  -5.175415e+001  -5.852292e+001  -6.388570e+001  -6.791487e+001  -7.226478e+001  -7.264033e+001  -6.753115e+001  -5.855878e+001  -2.949453e+001  0.000000e+000  
0.000000e+000  -2.916280e+000  -5.708803e+000  -8.257735e+000  -1.045095e+001  -1.218752e+001  -1.338088e+001  -1.396137e+001  -1.387824e+001  -3.537296e+001  -5.433647e+001  -7.049578e+001  -8.374780e+001  -9.413331e+001  -1.018046e+002  -1.069918e+002  -1.099720e+002  -1.102039e+002  -1.051773e+002  -9.135451e+001  -7.485117e+001  -3.487062e+001  0.000000e+000  
0.000000e+000  -1.063308e+001  -2.090881e+001  -3.048177e+001  -3.903004e+001  -4.626611e+001  -5.194660e+001  -5.588045e+001  -5.793516e+001  -9.403936e+001  -1.236669e+002  -1.466463e+002  -1.632373e+002  -1.740097e+002  -1.797201e+002  -1.812045e+002  -1.792948e+002  -1.676118e+002  -1.505210e+002  -1.208544e+002  -9.268057e+001  -3.970519e+001  0.000000e+000  
0.000000e+000  -2.700760e+001  -5.312917e+001  -7.750687e+001  -9.933946e+001  -1.179107e+002  -1.326167e+002  -1.429911e+002  -1.487250e+002  -2.031634e+002  -2.429249e+002  -2.688152e+002  -2.825570e+002  -2.863410e+002  -2.824484e+002  -2.729936e+002  -2.597880e+002  -2.265082e+002  -1.916787e+002  -1.432151e+002  -1.035303e+002  -4.150452e+001  0.000000e+000  
0.000000e+000  -4.667239e+001  -9.182791e+001  -1.339868e+002  -1.717478e+002  -2.038372e+002  -2.291643e+002  -2.468803e+002  -2.564316e+002  -3.250559e+002  -3.691329e+002  -3.914475e+002  -3.961772e+002  -3.878440e+002  -3.705972e+002  -3.478640e+002  -3.222702e+002  -2.681886e+002  -2.182333e+002  -1.557129e+002  -1.083551e+002  -4.166183e+001  0.000000e+000  
0.000000e+000  -7.340992e+001  -1.445340e+002  -2.110965e+002  -2.708616e+002  -3.216988e+002  -3.616932e+002  -3.892933e+002  -4.034706e+002  -4.825201e+002  -5.230543e+002  -5.321253e+002  -5.184751e+002  -4.902577e+002  -4.539646e+002  -4.142496e+002  -3.741963e+002  -2.987967e+002  -2.352090e+002  -1.617896e+002  -1.093132e+002  -4.076700e+001  0.000000e+000  
0.000000e+000  -9.891326e+001  -1.949709e+002  -2.852506e+002  -3.667366e+002  -4.363738e+002  -4.912336e+002  -5.287998e+002  -5.473331e+002  -6.314849e+002  -6.627502e+002  -6.540342e+002  -6.195149e+002  -5.709577e+002  -5.166841e+002  -4.619597e+002  -4.098126e+002  -3.179424e+002  -2.446035e+002  -1.641021e+002  -1.086616e+002  -3.969656e+001  0.000000e+000  
0.000000e+000  -1.327436e+002  -2.622602e+002  -3.850598e+002  -4.971909e+002  -5.941886e+002  -6.712723e+002  -7.238908e+002  -7.486163e+002  -8.326451e+002  -8.421820e+002  -8.019267e+002  -7.350851e+002  -6.580515e+002  -5.806133e+002  -5.078630e+002  -4.420286e+002  -3.330742e+002  -2.504706e+002  -1.640154e+002  -1.065102e+002  -3.815754e+001  0.000000e+000  
0.000000e+000  -1.759703e+002  -3.491173e+002  -5.159687e+002  -6.717924e+002  -8.101349e+002  -9.227655e+002  -1.000474e+003  -1.035212e+003  -1.107239e+003  -1.071126e+003  -9.767828e+002  -8.616314e+002  -7.465216e+002  -6.408679e+002  -5.478239e+002  -4.675684e+002  -3.423202e+002  -2.517912e+002  -1.611191e+002  -1.027126e+002  -3.613092e+001  0.000000e+000  
0.000000e+000  -2.273797e+002  -4.542484e+002  -6.789483e+002  -8.973273e+002  -1.101109e+003  -1.276276e+003  -1.402678e+003  -1.457787e+003  -1.488284e+003  -1.358101e+003  -1.173265e+003  -9.894261e+002  -8.269446e+002  -6.898613e+002  -5.762112e+002  -4.824168e+002  -3.436669e+002  -2.475766e+002  -1.550589e+002  -9.716242e+001  -3.360907e+001  0.000000e+000  
0.000000e+000  -2.801441e+002  -5.654602e+002  -8.600641e+002  -1.165175e+003  -1.475456e+003  -1.772255e+003  -2.013459e+003  -2.127033e+003  -2.027265e+003  -1.700069e+003  -1.370536e+003  -1.098004e+003  -8.839918e+002  -7.171782e+002  -5.862187e+002  -4.822105e+002  -3.351925e+002  -2.369840e+002  -1.455773e+002  -8.980548e+001  -3.059734e+001  0.000000e+000  
0.000000e+000  -3.175315e+002  -6.490181e+002  -1.009754e+003  -1.417080e+003  -1.888471e+003  -2.430448e+003  -2.997958e+003  -3.362936e+003  -2.789674e+003  -2.046846e+003  -1.514617e+003  -1.151514e+003  -8.966224e+002  -7.108226e+002  -5.709851e+002  -4.630215e+002  -3.153945e+002  -2.194481e+002  -1.325529e+002  -8.065105e+001  -2.711529e+001  0.000000e+000  
0.000000e+000  -3.137101e+002  -6.462148e+002  -1.021898e+003  -1.479833e+003  -2.092865e+003  -3.012056e+003  -4.575631e+003  -6.486257e+003  -3.720576e+003  -2.192600e+003  -1.497069e+003  -1.101881e+003  -8.436391e+002  -6.609892e+002  -5.257173e+002  -4.224624e+002  -2.835476e+002  -1.948049e+002  -1.160342e+002  -6.977955e+001  -2.319722e+001  0.000000e+000  
0.000000e+000  -2.516828e+002  -5.100191e+002  -7.809070e+002  -1.067426e+003  -1.363643e+003  -1.636688e+003  -1.776052e+003  0.000000e+000  -1.784356e+003  -1.504075e+003  -1.176330e+003  -9.127090e+002  -7.127994e+002  -5.617860e+002  -4.466662e+002  -3.578027e+002  -2.379250e+002  -1.618976e+002  -9.532991e+001  -5.676252e+001  -1.869003e+001  0.000000e+000  
0.000000e+000  -1.632905e+002  -3.232006e+002  -4.735603e+002  -6.016227e+002  -6.821560e+002  -6.683950e+002  -4.805064e+002  0.000000e+000  -6.953470e+002  -8.424193e+002  -7.689720e+002  -6.428206e+002  -5.206776e+002  -4.175245e+002  -3.344284e+002  -2.685273e+002  -1.779729e+002  -1.204077e+002  -7.033304e+001  -4.157766e+001  -1.359597e+001  0.000000e+000  
0.000000e+000  -4.834002e+001  -9.296302e+001  -1.295774e+002  -1.528644e+002  -1.563930e+002  -1.334352e+002  -7.973498e+001  0.000000e+000  -1.525145e+002  -2.357275e+002  -2.516626e+002  -2.327420e+002  -2.008652e+002  -1.673695e+002  -1.370635e+002  -1.114219e+002  -7.417862e+001  -5.001950e+001  -2.898892e+001  -1.700779e+001  -5.525655e+000  0.000000e+000  
0.000000e+000  5.280551e+001  1.016853e+002  1.420496e+002  1.680966e+002  1.726422e+002  1.479384e+002  8.875904e+001  0.000000e+000  1.696511e+002  2.594792e+002  2.746249e+002  2.522738e+002  2.166050e+002  1.797658e+002  1.467416e+002  1.189594e+002  7.885356e+001  5.295066e+001  3.049935e+001  1.776758e+001  5.709426e+000  0.000000e+000  
0.000000e+000  1.699464e+002  3.372494e+002  4.964445e+002  6.352019e+002  7.275108e+002  7.222351e+002  5.268984e+002  0.000000e+000  7.558399e+002  8.920545e+002  8.012451e+002  6.637141e+002  5.349417e+002  4.278125e+002  3.421494e+002  2.744600e+002  1.817001e+002  1.227971e+002  7.159776e+001  4.222797e+001  1.375533e+001  0.000000e+000  
0.000000e+000  2.572023e+002  5.225375e+002  8.041769e+002  1.109412e+003  1.439934e+003  1.772727e+003  1.984232e+003  0.000000e+000  1.964435e+003  1.578596e+003  1.207931e+003  9.290403e+002  7.230286e+002  5.690533e+002  4.521932e+002  3.621466e+002  2.407755e+002  1.637930e+002  9.636864e+001  5.731062e+001  1.882624e+001  0.000000e+000  
0.000000e+000  2.961795e+002  6.075816e+002  9.536162e+002  1.365718e+003  1.908820e+003  2.756416e+003  4.512699e+003  1.023364e+004  3.560060e+003  2.026446e+003  1.409557e+003  1.050698e+003  8.090592e+002  6.352034e+002  5.053689e+002  4.059058e+002  2.718685e+002  1.863273e+002  1.106099e+002  6.629428e+001  2.194646e+001  0.000000e+000  
0.000000e+000  3.096965e+002  6.365235e+002  1.002447e+003  1.442582e+003  2.024157e+003  2.893070e+003  4.366190e+003  6.792879e+003  3.543909e+003  2.132671e+003  1.477408e+003  1.096634e+003  8.435028e+002  6.627334e+002  5.281445e+002  4.250796e+002  2.859071e+002  1.967206e+002  1.173120e+002  7.058608e+001  2.345722e+001  0.000000e+000  
0.000000e+000  3.164955e+002  6.501389e+002  1.022202e+003  1.464074e+003  2.027078e+003  2.793457e+003  3.846821e+003  4.952123e+003  3.291706e+003  2.141928e+003  1.510190e+003  1.126345e+003  8.687917e+002  6.844457e+002  5.469638e+002  4.414626e+002  2.983927e+002  2.062111e+002  1.235789e+002  7.466834e+001  2.491588e+001  0.000000e+000  
0.000000e+000  3.165689e+002  6.486909e+002  1.014602e+003  1.438123e+003  1.950384e+003  2.581502e+003  3.306834e+003  3.856061e+003  2.974373e+003  2.084871e+003  1.511336e+003  1.140009e+003  8.848220e+002  7.002567e+002  5.617718e+002  4.550160e+002  3.092985e+002  2.147785e+002  1.293973e+002  7.853286e+001  2.631993e+001  0.000000e+000  
0.000000e+000  3.105398e+002  6.339887e+002  9.844105e+002  1.377386e+003  1.827093e+003  2.332523e+003  2.835355e+003  3.136605e+003  2.658637e+003  1.987523e+003  1.486732e+003  1.138937e+003  8.919302e+002  7.102702e+002  5.726039e+002  4.657487e+002  3.186169e+002  2.224111e+002  1.347572e+002  8.217271e+001  2.766712e+001  0.000000e+000  
0.000000e+000  2.994416e+002  6.086959e+002  9.375125e+002  1.294369e+003  1.681880e+003  2.084360e+003  2.442378e+003  2.625404e+003  2.368313e+003  1.868627e+003  1.442713e+003  1.125106e+003  8.907970e+002  7.147573e+002  5.795804e+002  4.737148e+002  3.263585e+002  2.291055e+002  1.396519e+002  8.558229e+001  2.895545e+001  0.000000e+000  
0.000000e+000  2.844846e+002  5.757097e+002  8.795812e+002  1.199267e+003  1.530677e+003  1.853387e+003  2.117547e+003  2.240053e+003  2.109713e+003  1.740599e+003  1.385028e+003  1.100769e+003  8.823341e+002  7.141222e+002  5.828959e+002  4.790106e+002  3.325512e+002  2.348668e+002  1.440780e+002  8.875727e+001  3.018318e+001  0.000000e+000  
0.000000e+000  2.668702e+002  5.377342e+002  8.153972e+002  1.099484e+003  1.382740e+003  1.645127e+003  1.847869e+003  1.937309e+003  1.882295e+003  1.611172e+003  1.318430e+003  1.068170e+003  8.675763e+002  7.088641e+002  5.828049e+002  4.817688e+002  3.372392e+002  2.397076e+002  1.480352e+002  9.169464e+001  3.134884e+001  0.000000e+000  
0.000000e+000  2.303954e+002  4.604475e+002  6.885478e+002  9.103320e+002  1.116925e+003  1.293432e+003  1.419274e+003  1.473216e+003  1.503810e+003  1.371162e+003  1.181995e+003  9.944784e+002  8.296126e+002  6.911490e+002  5.767273e+002  4.824962e+002  3.433977e+002  2.471938e+002  1.546680e+002  9.682078e+001  3.344330e+001  0.000000e+000  
0.000000e+000  1.775400e+002  3.522198e+002  5.204930e+002  6.774939e+002  8.165924e+002  9.294337e+002  1.006905e+003  1.041363e+003  1.113266e+003  1.076687e+003  9.811084e+002  8.645522e+002  7.482925e+002  6.418366e+002  5.482766e+002  4.677008e+002  3.421774e+002  2.515561e+002  1.608696e+002  1.024899e+002  3.601924e+001  0.000000e+000  
0.000000e+000  1.333252e+002  2.633760e+002  3.866111e+002  4.990275e+002  5.961249e+002  6.731340e+002  7.255860e+002  7.501858e+002  8.340267e+002  8.434810e+002  8.029394e+002  7.356743e+002  6.582369e+002  5.804997e+002  5.075661e+002  4.416392e+002  3.326775e+002  2.501323e+002  1.637687e+002  1.063308e+002  3.807881e+001  0.000000e+000  
0.000000e+000  9.904864e+001  1.952285e+002  2.856027e+002  3.671408e+002  4.367781e+002  4.915893e+002  5.290779e+002  5.475342e+002  6.312205e+002  6.620877e+002  6.530135e+002  6.182176e+002  5.695101e+002  5.152159e+002  4.605699e+002  4.085589e+002  3.170259e+002  2.439690e+002  1.637418e+002  1.084574e+002  3.963048e+001  0.000000e+000  
0.000000e+000  6.071254e+001  1.194812e+002  1.743936e+002  2.236104e+002  2.654267e+002  2.983534e+002  3.212140e+002  3.332398e+002  4.085107e+002  4.520588e+002  4.686214e+002  4.645548e+002  4.462159e+002  4.190278e+002  3.871605e+002  3.535865e+002  2.872917e+002  2.292383e+002  1.599692e+002  1.093115e+002  4.122728e+001  0.000000e+000  
0.000000e+000  3.324706e+001  6.540505e+001  9.541735e+001  1.222933e+002  1.451436e+002  1.632154e+002  1.759274e+002  1.828977e+002  2.422762e+002  2.838638e+002  3.090323e+002  3.202292e+002  3.203581e+002  3.122947e+002  2.985909e+002  2.813457e+002  2.411136e+002  2.011181e+002  1.477486e+002  1.053388e+002  4.159371e+001  0.000000e+000  
0.000000e+000  1.192666e+001  2.345471e+001  3.419884e+001  4.379992e+001  5.193723e+001  5.833957e+001  6.279457e+001  6.515597e+001  1.030069e+002  1.337288e+002  1.572102e+002  1.738102e+002  1.842153e+002  1.892969e+002  1.899919e+002  1.872141e+002  1.737434e+002  1.550692e+002  1.235672e+002  9.416696e+001  4.003365e+001  0.000000e+000  
0.000000e+000  2.902832e+000  5.681842e+000  8.217135e+000  1.039654e+001  1.211912e+001  1.329834e+001  1.386461e+001  1.376736e+001  3.509327e+001  5.389542e+001  6.990761e+001  8.303278e+001  9.331619e+001  1.009127e+002  1.060528e+002  1.090123e+002  1.092733e+002  1.043375e+002  9.070887e+001  7.439387e+001  3.471079e+001  0.000000e+000  
0.000000e+000  -8.484681e-002  -2.098695e-001  -4.140951e-001  -7.342490e-001  -1.203686e+000  -1.851442e+000  -2.701427e+000  -3.771804e+000  8.840060e+000  2.049354e+001  3.100448e+001  4.025045e+001  4.816695e+001  5.474056e+001  6.000024e+001  6.400794e+001  6.852461e+001  6.924714e+001  6.484048e+001  5.657086e+001  2.875799e+001  0.000000e+000  
0.000000e+000  -1.139360e+000  -2.290120e+000  -3.465622e+000  -4.678275e+000  -5.939310e+000  -7.258549e+000  -8.644183e+000  -1.010260e+001  -2.081346e+000  5.551676e+000  1.268556e+001  1.923214e+001  2.512640e+001  3.032573e+001  3.480816e+001  3.856998e+001  4.396707e+001  4.677336e+001  4.676391e+001  4.301623e+001  2.362996e+001  0.000000e+000  
0.000000e+000  -1.574969e+000  -3.022167e+000  -4.489991e+000  -5.979146e+000  -7.491180e+000  -9.028006e+000  -1.059155e+001  -1.218354e+001  -6.236676e+000  -4.867093e-001  4.993732e+000  1.014124e+001  1.490291e+001  1.923690e+001  2.311246e+001  2.650951e+001  3.183753e+001  3.523614e+001  3.695479e+001  3.526927e+001  2.046711e+001  0.000000e+000  
0.000000e+000  -1.085342e+000  -2.733657e+000  -4.346904e+000  -5.942105e+000  -7.531579e+000  -9.124232e+000  -1.072638e+001  -1.234230e+001  -6.659041e+000  -1.139069e+000  4.142825e+000  9.122866e+000  1.374807e+001  1.797616e+001  2.177527e+001  2.512359e+001  3.043037e+001  3.388603e+001  3.579283e+001  3.434146e+001  2.008233e+001  0.000000e+000  
0.000000e+000  0.000000e+000  0.000000e+000  0.000000e+000  0.000000e+000  0.000000e+000  0.000000e+000  0.000000e+000  0.000000e+000  0.000000e+000  0.000000e+000  0.000000e+000  0.000000e+000  0.000000e+000  0.000000e+000  0.000000e+000  0.000000e+000  0.000000e+000  0.000000e+000  0.000000e+000  0.000000e+000  0.000000e+000  0.000000e+000  

0.000000e+000  0.000000e+000  0.000000e+000  0.000000e+000  0.000000e+000  0.000000e+000  0.000000e+000  0.000000e+000  0.000000e+000  0.000000e+000  0.000000e+000  0.000000e+000  0.000000e+000  0.000000e+000  0.000000e+000  0.000000e+000  0.000000e+000  0.000000e+000  0.000000e+000  0.000000e+000  0.000000e+000  0.000000e+000  0.000000e+000  
0.000000e+000  0.000000e+000  0.000000e+000  0.000000e+000  0.000000e+000  0.000000e+000  0.000000e+000  0.000000e+000  0.000000e+000  0.000000e+000  0.000000e+000  0.000000e+000  0.000000e+000  0.000000e+000  0.000000e+000  0.000000e+000  0.000000e+000  0.000000e+000  0.000000e+000  0.000000e+000  0.000000e+000  0.000000e+000  0.000000e+000  
0.000000e+000  0.000000e+000  0.000000e+000  0.000000e+000  0.000000e+000  0.000000e+000  0.000000e+000  0.000000e+000  0.000000e+000  0.000000e+000  0.000000e+000  0.000000e+000  0.000000e+000  0.000000e+000  0.000000e+000  0.000000e+000  0.000000e+000  0.000000e+000  0.000000e+000  0.000000e+000  0.000000e+000  0.000000e+000  0.000000e+000  
0.000000e+000  0.000000e+000  0.000000e+000  0.000000e+000  0.000000e+000  0.000000e+000  0.000000e+000  0.000000e+000  0.000000e+000  0.000000e+000  0.000000e+000  0.000000e+000  0.000000e+000  0.000000e+000  0.000000e+000  0.000000e+000  0.000000e+000  0.000000e+000  0.000000e+000  0.000000e+000  0.000000e+000  0.000000e+000  0.000000e+000  
0.000000e+000  0.000000e+000  0.000000e+000  0.000000e+000  0.000000e+000  0.000000e+000  0.000000e+000  0.000000e+000  0.000000e+000  0.000000e+000  0.000000e+000  0.000000e+000  0.000000e+000  0.000000e+000  0.000000e+000  0.000000e+000  0.000000e+000  0.000000e+000  0.000000e+000  0.000000e+000  0.000000e+000  0.000000e+000  0.000000e+000  
0.000000e+000  0.000000e+000  0.000000e+000  0.000000e+000  0.000000e+000  0.000000e+000  0.000000e+000  0.000000e+000  0.000000e+000  0.000000e+000  0.000000e+000  0.000000e+000  0.000000e+000  0.000000e+000  0.000000e+000  0.000000e+000  0.000000e+000  0.000000e+000  0.000000e+000  0.000000e+000  0.000000e+000  0.000000e+000  0.000000e+000  
0.000000e+000  0.000000e+000  0.000000e+000  0.000000e+000  0.000000e+000  0.000000e+000  0.000000e+000  0.000000e+000  0.000000e+000  0.000000e+000  0.000000e+000  0.000000e+000  0.000000e+000  0.000000e+000  0.000000e+000  0.000000e+000  0.000000e+000  0.000000e+000  0.000000e+000  0.000000e+000  0.000000e+000  0.000000e+000  0.000000e+000  
0.000000e+000  0.000000e+000  0.000000e+000  0.000000e+000  0.000000e+000  0.000000e+000  0.000000e+000  0.000000e+000  0.000000e+000  0.000000e+000  0.000000e+000  0.000000e+000  0.000000e+000  0.000000e+000  0.000000e+000  0.000000e+000  0.000000e+000  0.000000e+000  0.000000e+000  0.000000e+000  0.000000e+000  0.000000e+000  0.000000e+000  
0.000000e+000  0.000000e+000  0.000000e+000  0.000000e+000  0.000000e+000  0.000000e+000  0.000000e+000  0.000000e+000  0.000000e+000  0.000000e+000  0.000000e+000  0.000000e+000  0.000000e+000  0.000000e+000  0.000000e+000  0.000000e+000  0.000000e+000  0.000000e+000  0.000000e+000  0.000000e+000  0.000000e+000  0.000000e+000  0.000000e+000  
0.000000e+000  0.000000e+000  0.000000e+000  0.000000e+000  0.000000e+000  0.000000e+000  0.000000e+000  0.000000e+000  0.000000e+000  0.000000e+000  0.000000e+000  0.000000e+000  0.000000e+000  0.000000e+000  0.000000e+000  0.000000e+000  0.000000e+000  0.000000e+000  0.000000e+000  0.000000e+000  0.000000e+000  0.000000e+000  0.000000e+000  
0.000000e+000  0.000000e+000  0.000000e+000  0.000000e+000  0.000000e+000  0.000000e+000  0.000000e+000  0.000000e+000  0.000000e+000  0.000000e+000  0.000000e+000  0.000000e+000  0.000000e+000  0.000000e+000  0.000000e+000  0.000000e+000  0.000000e+000  0.000000e+000  0.000000e+000  0.000000e+000  0.000000e+000  0.000000e+000  0.000000e+000  
0.000000e+000  0.000000e+000  0.000000e+000  0.000000e+000  0.000000e+000  0.000000e+000  0.000000e+000  0.000000e+000  0.000000e+000  0.000000e+000  0.000000e+000  0.000000e+000  0.000000e+000  0.000000e+000  0.000000e+000  0.000000e+000  0.000000e+000  0.000000e+000  0.000000e+000  0.000000e+000  0.000000e+000  0.000000e+000  0.000000e+000  
0.000000e+000  0.000000e+000  0.000000e+000  0.000000e+000  0.000000e+000  0.000000e+000  0.000000e+000  0.000000e+000  0.000000e+000  0.000000e+000  0.000000e+000  0.000000e+000  0.000000e+000  0.000000e+000  0.000000e+000  0.000000e+000  0.000000e+000  0.000000e+000  0.000000e+000  0.000000e+000  0.000000e+000  0.000000e+000  0.000000e+000  
0.000000e+000  0.000000e+000  0.000000e+000  0.000000e+000  0.000000e+000  0.000000e+000  0.000000e+000  0.000000e+000  0.000000e+000  0.000000e+000  0.000000e+000  0.000000e+000  0.000000e+000  0.000000e+000  0.000000e+000  0.000000e+000  0.000000e+000  0.000000e+000  0.000000e+000  0.000000e+000  0.000000e+000  0.000000e+000  0.000000e+000  
0.000000e+000  0.000000e+000  0.000000e+000  0.000000e+000  0.000000e+000  0.000000e+000  0.000000e+000  0.000000e+000  0.000000e+000  0.000000e+000  0.000000e+000  0.000000e+000  0.000000e+000  0.000000e+000  0.000000e+000  0.000000e+000  0.000000e+000  0.000000e+000  0.000000e+000  0.000000e+000  0.000000e+000  0.000000e+000  0.000000e+000  
0.000000e+000  0.000000e+000  0.000000e+000  0.000000e+000  0.000000e+000  0.000000e+000  0.000000e+000  0.000000e+000  0.000000e+000  0.000000e+000  0.000000e+000  0.000000e+000  0.000000e+000  0.000000e+000  0.000000e+000  0.000000e+000  0.000000e+000  0.000000e+000  0.000000e+000  0.000000e+000  0.000000e+000  0.000000e+000  0.000000e+000  
0.000000e+000  0.000000e+000  0.000000e+000  0.000000e+000  0.000000e+000  0.000000e+000  0.000000e+000  0.000000e+000  0.000000e+000  0.000000e+000  0.000000e+000  0.000000e+000  0.000000e+000  0.000000e+000  0.000000e+000  0.000000e+000  0.000000e+000  0.000000e+000  0.000000e+000  0.000000e+000  0.000000e+000  0.000000e+000  0.000000e+000  
0.000000e+000  0.000000e+000  0.000000e+000  0.000000e+000  0.000000e+000  0.000000e+000  0.000000e+000  0.000000e+000  0.000000e+000  0.000000e+000  0.000000e+000  0.000000e+000  0.000000e+000  0.000000e+000  0.000000e+000  0.000000e+000  0.000000e+000  0.000000e+000  0.000000e+000  0.000000e+000  0.000000e+000  0.000000e+000  0.000000e+000  
0.000000e+000  0.000000e+000  0.000000e+000  0.000000e+000  0.000000e+000  0.000000e+000  0.000000e+000  0.000000e+000  0.000000e+000  0.000000e+000  0.000000e+000  0.000000e+000  0.000000e+000  0.000000e+000  0.000000e+000  0.000000e+000  0.000000e+000  0.000000e+000  0.000000e+000  0.000000e+000  0.000000e+000  0.000000e+000  0.000000e+000  
0.000000e+000  0.000000e+000  0.000000e+000  0.000000e+000  0.000000e+000  0.000000e+000  0.000000e+000  0.000000e+000  0.000000e+000  0.000000e+000  0.000000e+000  0.000000e+000  0.000000e+000  0.000000e+000  0.000000e+000  0.000000e+000  0.000000e+000  0.000000e+000  0.000000e+000  0.000000e+000  0.000000e+000  0.000000e+000  0.000000e+000  
0.000000e+000  0.000000e+000  0.000000e+000  0.000000e+000  0.000000e+000  0.000000e+000  0.000000e+000  0.000000e+000  0.000000e+000  0.000000e+000  0.000000e+000  0.000000e+000  0.000000e+000  0.000000e+000  0.000000e+000  0.000000e+000  0.000000e+000  0.000000e+000  0.000000e+000  0.000000e+000  0.000000e+000  0.000000e+000  0.000000e+000  
0.000000e+000  0.000000e+000  0.000000e+000  0.000000e+000  0.000000e+000  0.000000e+000  0.000000e+000  0.000000e+000  0.000000e+000  0.000000e+000  0.000000e+000  0.000000e+000  0.000000e+000  0.000000e+000  0.000000e+000  0.000000e+000  0.000000e+000  0.000000e+000  0.000000e+000  0.000000e+000  0.000000e+000  0.000000e+000  0.000000e+000  
0.000000e+000  0.000000e+000  0.000000e+000  0.000000e+000  0.000000e+000  0.000000e+000  0.000000e+000  0.000000e+000  0.000000e+000  0.000000e+000  0.000000e+000  0.000000e+000  0.000000e+000  0.000000e+000  0.000000e+000  0.000000e+000  0.000000e+000  0.000000e+000  0.000000e+000  0.000000e+000  0.000000e+000  0.000000e+000  0.000000e+000  
0.000000e+000  0.000000e+000  0.000000e+000  0.000000e+000  0.000000e+000  0.000000e+000  0.000000e+000  0.000000e+000  0.000000e+000  0.000000e+000  0.000000e+000  0.000000e+000  0.000000e+000  0.000000e+000  0.000000e+000  0.000000e+000  0.000000e+000  0.000000e+000  0.000000e+000  0.000000e+000  0.000000e+000  0.000000e+000  0.000000e+000  
0.000000e+000  0.000000e+000  0.000000e+000  0.000000e+000  0.000000e+000  0.000000e+000  0.000000e+000  0.000000e+000  0.000000e+000  0.000000e+000  0.000000e+000  0.000000e+000  0.000000e+000  0.000000e+000  0.000000e+000  0.000000e+000  0.000000e+000  0.000000e+000  0.000000e+000  0.000000e+000  0.000000e+000  0.000000e+000  0.000000e+000  
0.000000e+000  0.000000e+000  0.000000e+000  0.000000e+000  0.000000e+000  0.000000e+000  0.000000e+000  0.000000e+000  0.000000e+000  0.000000e+000  0.000000e+000  0.000000e+000  0.000000e+000  0.000000e+000  0.000000e+000  0.000000e+000  0.000000e+000  0.000000e+000  0.000000e+000  0.000000e+000  0.000000e+000  0.000000e+000  0.000000e+000  
0.000000e+000  0.000000e+000  0.000000e+000  0.000000e+000  0.000000e+000  0.000000e+000  0.000000e+000  0.000000e+000  0.000000e+000  0.000000e+000  0.000000e+000  0.000000e+000  0.000000e+000  0.000000e+000  0.000000e+000  0.000000e+000  0.000000e+000  0.000000e+000  0.000000e+000  0.000000e+000  0.000000e+000  0.000000e+000  0.000000e+000  
0.000000e+000  0.000000e+000  0.000000e+000  0.000000e+000  0.000000e+000  0.000000e+000  0.000000e+000  0.000000e+000  0.000000e+000  0.000000e+000  0.000000e+000  0.000000e+000  0.000000e+000  0.000000e+000  0.000000e+000  0.000000e+000  0.000000e+000  0.000000e+000  0.000000e+000  0.000000e+000  0.000000e+000  0.000000e+000  0.000000e+000  
0.000000e+000  0.000000e+000  0.000000e+000  0.000000e+000  0.000000e+000  0.000000e+000  0.000000e+000  0.000000e+000  0.000000e+000  0.000000e+000  0.000000e+000  0.000000e+000  0.000000e+000  0.000000e+000  0.000000e+000  0.000000e+000  0.000000e+000  0.000000e+000  0.000000e+000  0.000000e+000  0.000000e+000  0.000000e+000  0.000000e+000  
0.000000e+000  0.000000e+000  0.000000e+000  0.000000e+000  0.000000e+000  0.000000e+000  0.000000e+000  0.000000e+000  0.000000e+000  0.000000e+000  0.000000e+000  0.000000e+000  0.000000e+000  0.000000e+000  0.000000e+000  0.000000e+000  0.000000e+000  0.000000e+000  0.000000e+000  0.000000e+000  0.000000e+000  0.000000e+000  0.000000e+000  
0.000000e+000  0.000000e+000  0.000000e+000  0.000000e+000  0.000000e+000  0.000000e+000  0.000000e+000  0.000000e+000  0.000000e+000  0.000000e+000  0.000000e+000  0.000000e+000  0.000000e+000  0.000000e+000  0.000000e+000  0.000000e+000  0.000000e+000  0.000000e+000  0.000000e+000  0.000000e+000  0.000000e+000  0.000000e+000  0.000000e+000  
0.000000e+000  0.000000e+000  0.000000e+000  0.000000e+000  0.000000e+000  0.000000e+000  0.000000e+000  0.000000e+000  0.000000e+000  0.000000e+000  0.000000e+000  0.000000e+000  0.000000e+000  0.000000e+000  0.000000e+000  0.000000e+000  0.000000e+000  0.000000e+000  0.000000e+000  0.000000e+000  0.000000e+000  0.000000e+000  0.000000e+000  
0.000000e+000  0.000000e+000  0.000000e+000  0.000000e+000  0.000000e+000  0.000000e+000  0.000000e+000  0.000000e+000  0.000000e+000  0.000000e+000  0.000000e+000  0.000000e+000  0.000000e+000  0.000000e+000  0.000000e+000  0.000000e+000  0.000000e+000  0.000000e+000  0.000000e+000  0.000000e+000  0.000000e+000  0.000000e+000  0.000000e+000  
0.000000e+000  0.000000e+000  0.000000e+000  0.000000e+000  0.000000e+000  0.000000e+000  0.000000e+000  0.000000e+000  0.000000e+000  0.000000e+000  0.000000e+000  0.000000e+000  0.000000e+000  0.000000e+000  0.000000e+000  0.000000e+000  0.000000e+000  0.000000e+000  0.000000e+000  0.000000e+000  0.000000e+000  0.000000e+000  0.000000e+000  
0.000000e+000  0.000000e+000  0.000000e+000  0.000000e+000  0.000000e+000  0.000000e+000  0.000000e+000  0.000000e+000  0.000000e+000  0.000000e+000  0.000000e+000  0.000000e+000  0.000000e+000  0.000000e+000  0.000000e+000  0.000000e+000  0.000000e+000  0.000000e+000  0.000000e+000  0.000000e+000  0.000000e+000  0.000000e+000  0.000000e+000  
0.000000e+000  0.000000e+000  0.000000e+000  0.000000e+000  0.000000e+000  0.000000e+000  0.000000e+000  0.000000e+000  0.000000e+000  0.000000e+000  0.000000e+000  0.000000e+000  0.000000e+000  0.000000e+000  0.000000e+000  0.000000e+000  0.000000e+000  0.000000e+000  0.000000e+000  0.000000e+000  0.000000e+000  0.000000e+000  0.000000e+000  
0.000000e+000  0.000000e+000  0.000000e+000  0.000000e+000  0.000000e+000  0.000000e+000  0.000000e+000  0.000000e+000  0.000000e+000  0.000000e+000  0.000000e+000  0.000000e+000  0.000000e+000  0.000000e+000  0.000000e+000  0.000000e+000  0.000000e+000  0.000000e+000  0.000000e+000  0.000000e+000  0.000000e+000  0.000000e+000  0.000000e+000  
0.000000e+000  0.000000e+000  0.000000e+000  0.000000e+000  0.000000e+000  0.000000e+000  0.000000e+000  0.000000e+000  0.000000e+000  0.000000e+000  0.000000e+000  0.000000e+000  0.000000e+000  0.000000e+000  0.000000e+000  0.000000e+000  0.000000e+000  0.000000e+000  0.000000e+000  0.000000e+000  0.000000e+000  0.000000e+000  0.000000e+000  
0.000000e+000  0.000000e+000  0.000000e+000  0.000000e+000  0.000000e+000  0.000000e+000  0.000000e+000  0.000000e+000  0.000000e+000  0.000000e+000  0.000000e+000  0.000000e+000  0.000000e+000  0.000000e+000  0.000000e+000  0.000000e+000  0.000000e+000  0.000000e+000  0.000000e+000  0.000000e+000  0.000000e+000  0.000000e+000  0.000000e+000  
0.000000e+000  0.000000e+000  0.000000e+000  0.000000e+000  0.000000e+000  0.000000e+000  0.000000e+000  0.000000e+000  0.000000e+000  0.000000e+000  0.000000e+000  0.000000e+000  0.000000e+000  0.000000e+000  0.000000e+000  0.000000e+000  0.000000e+000  0.000000e+000  0.000000e+000  0.000000e+000  0.000000e+000  0.000000e+000  0.000000e+000  
0.000000e+000  0.000000e+000  0.000000e+000  0.000000e+000  0.000000e+000  0.000000e+000  0.000000e+000  0.000000e+000  0.000000e+000  0.000000e+000  0.000000e+000  0.000000e+000  0.000000e+000  0.000000e+000  0.000000e+000  0.000000e+000  0.000000e+000  0.000000e+000  0.000000e+000  0.000000e+000  0.000000e+000  0.000000e+000  0.000000e+000  
0.000000e+000  0.000000e+000  0.000000e+000  0.000000e+000  0.000000e+000  0.000000e+000  0.000000e+000  0.000000e+000  0.000000e+000  0.000000e+000  0.000000e+000  0.000000e+000  0.000000e+000  0.000000e+000  0.000000e+000  0.000000e+000  0.000000e+000  0.000000e+000  0.000000e+000  0.000000e+000  0.000000e+000  0.000000e+000  0.000000e+000  
0.000000e+000  0.000000e+000  0.000000e+000  0.000000e+000  0.000000e+000  0.000000e+000  0.000000e+000  0.000000e+000  0.000000e+000  0.000000e+000  0.000000e+000  0.000000e+000  0.000000e+000  0.000000e+000  0.000000e+000  0.000000e+000  0.000000e+000  0.000000e+000  0.000000e+000  0.000000e+000  0.000000e+000  0.000000e+000  0.000000e+000  
0.000000e+000  0.000000e+000  0.000000e+000  0.000000e+000  0.000000e+000  0.000000e+000  0.000000e+000  0.000000e+000  0.000000e+000  0.000000e+000  0.000000e+000  0.000000e+000  0.000000e+000  0.000000e+000  0.000000e+000  0.000000e+000  0.000000e+000  0.000000e+000  0.000000e+000  0.000000e+000  0.000000e+000  0.000000e+000  0.000000e+000  

0.000000e+000  0.000000e+000  0.000000e+000  0.000000e+000  0.000000e+000  0.000000e+000  0.000000e+000  0.000000e+000  0.000000e+000  0.000000e+000  0.000000e+000  0.000000e+000  0.000000e+000  0.000000e+000  0.000000e+000  0.000000e+000  0.000000e+000  0.000000e+000  0.000000e+000  0.000000e+000  0.000000e+000  0.000000e+000  0.000000e+000  
0.000000e+000  0.000000e+000  0.000000e+000  0.000000e+000  0.000000e+000  0.000000e+000  0.000000e+000  0.000000e+000  0.000000e+000  0.000000e+000  0.000000e+000  0.000000e+000  0.000000e+000  0.000000e+000  0.000000e+000  0.000000e+000  0.000000e+000  0.000000e+000  0.000000e+000  0.000000e+000  0.000000e+000  0.000000e+000  0.000000e+000  
0.000000e+000  0.000000e+000  0.000000e+000  0.000000e+000  0.000000e+000  0.000000e+000  0.000000e+000  0.000000e+000  0.000000e+000  0.000000e+000  0.000000e+000  0.000000e+000  0.000000e+000  0.000000e+000  0.000000e+000  0.000000e+000  0.000000e+000  0.000000e+000  0.000000e+000  0.000000e+000  0.000000e+000  0.000000e+000  0.000000e+000  
0.000000e+000  0.000000e+000  0.000000e+000  0.000000e+000  0.000000e+000  0.000000e+000  0.000000e+000  0.000000e+000  0.000000e+000  0.000000e+000  0.000000e+000  0.000000e+000  0.000000e+000  0.000000e+000  0.000000e+000  0.000000e+000  0.000000e+000  0.000000e+000  0.000000e+000  0.000000e+000  0.000000e+000  0.000000e+000  0.000000e+000  
0.000000e+000  0.000000e+000  0.000000e+000  0.000000e+000  0.000000e+000  0.000000e+000  0.000000e+000  0.000000e+000  0.000000e+000  0.000000e+000  0.000000e+000  0.000000e+000  0.000000e+000  0.000000e+000  0.000000e+000  0.000000e+000  0.000000e+000  0.000000e+000  0.000000e+000  0.000000e+000  0.000000e+000  0.000000e+000  0.000000e+000  
0.000000e+000  0.000000e+000  0.000000e+000  0.000000e+000  0.000000e+000  0.000000e+000  0.000000e+000  0.000000e+000  0.000000e+000  0.000000e+000  0.000000e+000  0.000000e+000  0.000000e+000  0.000000e+000  0.000000e+000  0.000000e+000  0.000000e+000  0.000000e+000  0.000000e+000  0.000000e+000  0.000000e+000  0.000000e+000  0.000000e+000  
0.000000e+000  0.000000e+000  0.000000e+000  0.000000e+000  0.000000e+000  0.000000e+000  0.000000e+000  0.000000e+000  0.000000e+000  0.000000e+000  0.000000e+000  0.000000e+000  0.000000e+000  0.000000e+000  0.000000e+000  0.000000e+000  0.000000e+000  0.000000e+000  0.000000e+000  0.000000e+000  0.000000e+000  0.000000e+000  0.000000e+000  
0.000000e+000  0.000000e+000  0.000000e+000  0.000000e+000  0.000000e+000  0.000000e+000  0.000000e+000  0.000000e+000  0.000000e+000  0.000000e+000  0.000000e+000  0.000000e+000  0.000000e+000  0.000000e+000  0.000000e+000  0.000000e+000  0.000000e+000  0.000000e+000  0.000000e+000  0.000000e+000  0.000000e+000  0.000000e+000  0.000000e+000  
0.000000e+000  0.000000e+000  0.000000e+000  0.000000e+000  0.000000e+000  0.000000e+000  0.000000e+000  0.000000e+000  0.000000e+000  0.000000e+000  0.000000e+000  0.000000e+000  0.000000e+000  0.000000e+000  0.000000e+000  0.000000e+000  0.000000e+000  0.000000e+000  0.000000e+000  0.000000e+000  0.000000e+000  0.000000e+000  0.000000e+000  
0.000000e+000  0.000000e+000  0.000000e+000  0.000000e+000  0.000000e+000  0.000000e+000  0.000000e+000  0.000000e+000  0.000000e+000  0.000000e+000  0.000000e+000  0.000000e+000  0.000000e+000  0.000000e+000  0.000000e+000  0.000000e+000  0.000000e+000  0.000000e+000  0.000000e+000  0.000000e+000  0.000000e+000  0.000000e+000  0.000000e+000  
0.000000e+000  0.000000e+000  0.000000e+000  0.000000e+000  0.000000e+000  0.000000e+000  0.000000e+000  0.000000e+000  0.000000e+000  0.000000e+000  0.000000e+000  0.000000e+000  0.000000e+000  0.000000e+000  0.000000e+000  0.000000e+000  0.000000e+000  0.000000e+000  0.000000e+000  0.000000e+000  0.000000e+000  0.000000e+000  0.000000e+000  
0.000000e+000  0.000000e+000  0.000000e+000  0.000000e+000  0.000000e+000  0.000000e+000  0.000000e+000  0.000000e+000  0.000000e+000  0.000000e+000  0.000000e+000  0.000000e+000  0.000000e+000  0.000000e+000  0.000000e+000  0.000000e+000  0.000000e+000  0.000000e+000  0.000000e+000  0.000000e+000  0.000000e+000  0.000000e+000  0.000000e+000  
0.000000e+000  0.000000e+000  0.000000e+000  0.000000e+000  0.000000e+000  0.000000e+000  0.000000e+000  0.000000e+000  0.000000e+000  0.000000e+000  0.000000e+000  0.000000e+000  0.000000e+000  0.000000e+000  0.000000e+000  0.000000e+000  0.000000e+000  0.000000e+000  0.000000e+000  0.000000e+000  0.000000e+000  0.000000e+000  0.000000e+000  
0.000000e+000  0.000000e+000  0.000000e+000  0.000000e+000  0.000000e+000  0.000000e+000  0.000000e+000  0.000000e+000  0.000000e+000  0.000000e+000  0.000000e+000  0.000000e+000  0.000000e+000  0.000000e+000  0.000000e+000  0.000000e+000  0.000000e+000  0.000000e+000  0.000000e+000  0.000000e+000  0.000000e+000  0.000000e+000  0.000000e+000  
0.000000e+000  0.000000e+000  0.000000e+000  0.000000e+000  0.000000e+000  0.000000e+000  0.000000e+000  0.000000e+000  0.000000e+000  0.000000e+000  0.000000e+000  0.000000e+000  0.000000e+000  0.000000e+000  0.000000e+000  0.000000e+000  0.000000e+000  0.000000e+000  0.000000e+000  0.000000e+000  0.000000e+000  0.000000e+000  0.000000e+000  
0.000000e+000  0.000000e+000  0.000000e+000  0.000000e+000  0.000000e+000  0.000000e+000  0.000000e+000  0.000000e+000  0.000000e+000  0.000000e+000  0.000000e+000  0.000000e+000  0.000000e+000  0.000000e+000  0.000000e+000  0.000000e+000  0.000000e+000  0.000000e+000  0.000000e+000  0.000000e+000  0.000000e+000  0.000000e+000  0.000000e+000  
0.000000e+000  0.000000e+000  0.000000e+000  0.000000e+000  0.000000e+000  0.000000e+000  0.000000e+000  0.000000e+000  0.000000e+000  0.000000e+000  0.000000e+000  0.000000e+000  0.000000e+000  0.000000e+000  0.000000e+000  0.000000e+000  0.000000e+000  0.000000e+000  0.000000e+000  0.000000e+000  0.000000e+000  0.000000e+000  0.000000e+000  
0.000000e+000  0.000000e+000  0.000000e+000  0.000000e+000  0.000000e+000  0.000000e+000  0.000000e+000  0.000000e+000  0.000000e+000  0.000000e+000  0.000000e+000  0.000000e+000  0.000000e+000  0.000000e+000  0.000000e+000  0.000000e+000  0.000000e+000  0.000000e+000  0.000000e+000  0.000000e+000  0.000000e+000  0.000000e+000  0.000000e+000  
0.000000e+000  0.000000e+000  0.000000e+000  0.000000e+000  0.000000e+000  0.000000e+000  0.000000e+000  0.000000e+000  0.000000e+000  0.000000e+000  0.000000e+000  0.000000e+000  0.000000e+000  0.000000e+000  0.000000e+000  0.000000e+000  0.000000e+000  0.000000e+000  0.000000e+000  0.000000e+000  0.000000e+000  0.000000e+000  0.000000e+000  
0.000000e+000  0.000000e+000  0.000000e+000  0.000000e+000  0.000000e+000  0.000000e+000  0.000000e+000  0.000000e+000  0.000000e+000  0.000000e+000  0.000000e+000  0.000000e+000  0.000000e+000  0.000000e+000  0.000000e+000  0.000000e+000  0.000000e+000  0.000000e+000  0.000000e+000  0.000000e+000  0.000000e+000  0.000000e+000  0.000000e+000  
0.000000e+000  0.000000e+000  0.000000e+000  0.000000e+000  0.000000e+000  0.000000e+000  0.000000e+000  0.000000e+000  0.000000e+000  0.000000e+000  0.000000e+000  0.000000e+000  0.000000e+000  0.000000e+000  0.000000e+000  0.000000e+000  0.000000e+000  0.000000e+000  0.000000e+000  0.000000e+000  0.000000e+000  0.000000e+000  0.000000e+000  
0.000000e+000  0.000000e+000  0.000000e+000  0.000000e+000  0.000000e+000  0.000000e+000  0.000000e+000  0.000000e+000  0.000000e+000  0.000000e+000  0.000000e+000  0.000000e+000  0.000000e+000  0.000000e+000  0.000000e+000  0.000000e+000  0.000000e+000  0.000000e+000  0.000000e+000  0.000000e+000  0.000000e+000  0.000000e+000  0.000000e+000  
0.000000e+000  0.000000e+000  0.000000e+000  0.000000e+000  0.000000e+000  0.000000e+000  0.000000e+000  0.000000e+000  0.000000e+000  0.000000e+000  0.000000e+000  0.000000e+000  0.000000e+000  0.000000e+000  0.000000e+000  0.000000e+000  0.000000e+000  0.000000e+000  0.000000e+000  0.000000e+000  0.000000e+000  0.000000e+000  0.000000e+000  
0.000000e+000  0.000000e+000  0.000000e+000  0.000000e+000  0.000000e+000  0.000000e+000  0.000000e+000  0.000000e+000  0.000000e+000  0.000000e+000  0.000000e+000  0.000000e+000  0.000000e+000  0.000000e+000  0.000000e+000  0.000000e+000  0.000000e+000  0.000000e+000  0.000000e+000  0.000000e+000  0.000000e+000  0.000000e+000  0.000000e+000  
0.000000e+000  0.000000e+000  0.000000e+000  0.000000e+000  0.000000e+000  0.000000e+000  0.000000e+000  0.000000e+000  0.000000e+000  0.000000e+000  0.000000e+000  0.000000e+000  0.000000e+000  0.000000e+000  0.000000e+000  0.000000e+000  0.000000e+000  0.000000e+000  0.000000e+000  0.000000e+000  0.000000e+000  0.000000e+000  0.000000e+000  
0.000000e+000  0.000000e+000  0.000000e+000  0.000000e+000  0.000000e+000  0.000000e+000  0.000000e+000  0.000000e+000  0.000000e+000  0.000000e+000  0.000000e+000  0.000000e+000  0.000000e+000  0.000000e+000  0.000000e+000  0.000000e+000  0.000000e+000  0.000000e+000  0.000000e+000  0.000000e+000  0.000000e+000  0.000000e+000  0.000000e+000  
0.000000e+000  0.000000e+000  0.000000e+000  0.000000e+000  0.000000e+000  0.000000e+000  0.000000e+000  0.000000e+000  0.000000e+000  0.000000e+000  0.000000e+000  0.000000e+000  0.000000e+000  0.000000e+000  0.000000e+000  0.000000e+000  0.000000e+000  0.000000e+000  0.000000e+000  0.000000e+000  0.000000e+000  0.000000e+000  0.000000e+000  
0.000000e+000  0.000000e+000  0.000000e+000  0.000000e+000  0.000000e+000  0.000000e+000  0.000000e+000  0.000000e+000  0.000000e+000  0.000000e+000  0.000000e+000  0.000000e+000  0.000000e+000  0.000000e+000  0.000000e+000  0.000000e+000  0.000000e+000  0.000000e+000  0.000000e+000  0.000000e+000  0.000000e+000  0.000000e+000  0.000000e+000  
0.000000e+000  0.000000e+000  0.000000e+000  0.000000e+000  0.000000e+000  0.000000e+000  0.000000e+000  0.000000e+000  0.000000e+000  0.000000e+000  0.000000e+000  0.000000e+000  0.000000e+000  0.000000e+000  0.000000e+000  0.000000e+000  0.000000e+000  0.000000e+000  0.000000e+000  0.000000e+000  0.000000e+000  0.000000e+000  0.000000e+000  
0.000000e+000  0.000000e+000  0.000000e+000  0.000000e+000  0.000000e+000  0.000000e+000  0.000000e+000  0.000000e+000  0.000000e+000  0.000000e+000  0.000000e+000  0.000000e+000  0.000000e+000  0.000000e+000  0.000000e+000  0.000000e+000  0.000000e+000  0.000000e+000  0.000000e+000  0.000000e+000  0.000000e+000  0.000000e+000  0.000000e+000  
0.000000e+000  0.000000e+000  0.000000e+000  0.000000e+000  0.000000e+000  0.000000e+000  0.000000e+000  0.000000e+000  0.000000e+000  0.000000e+000  0.000000e+000  0.000000e+000  0.000000e+000  0.000000e+000  0.000000e+000  0.000000e+000  0.000000e+000  0.000000e+000  0.000000e+000  0.000000e+000  0.000000e+000  0.000000e+000  0.000000e+000  
0.000000e+000  0.000000e+000  0.000000e+000  0.000000e+000  0.000000e+000  0.000000e+000  0.000000e+000  0.000000e+000  0.000000e+000  0.000000e+000  0.000000e+000  0.000000e+000  0.000000e+000  0.000000e+000  0.000000e+000  0.000000e+000  0.000000e+000  0.000000e+000  0.000000e+000  0.000000e+000  0.000000e+000  0.000000e+000  0.000000e+000  
0.000000e+000  0.000000e+000  0.000000e+000  0.000000e+000  0.000000e+000  0.000000e+000  0.000000e+000  0.000000e+000  0.000000e+000  0.000000e+000  0.000000e+000  0.000000e+000  0.000000e+000  0.000000e+000  0.000000e+000  0.000000e+000  0.000000e+000  0.000000e+000  0.000000e+000  0.000000e+000  0.000000e+000  0.000000e+000  0.000000e+000  
0.000000e+000  0.000000e+000  0.000000e+000  0.000000e+000  0.000000e+000  0.000000e+000  0.000000e+000  0.000000e+000  0.000000e+000  0.000000e+000  0.000000e+000  0.000000e+000  0.000000e+000  0.000000e+000  0.000000e+000  0.000000e+000  0.000000e+000  0.000000e+000  0.000000e+000  0.000000e+000  0.000000e+000  0.000000e+000  0.000000e+000  
0.000000e+000  0.000000e+000  0.000000e+000  0.000000e+000  0.000000e+000  0.000000e+000  0.000000e+000  0.000000e+000  0.000000e+000  0.000000e+000  0.000000e+000  0.000000e+000  0.000000e+000  0.000000e+000  0.000000e+000  0.000000e+000  0.000000e+000  0.000000e+000  0.000000e+000  0.000000e+000  0.000000e+000  0.000000e+000  0.000000e+000  
0.000000e+000  0.000000e+000  0.000000e+000  0.000000e+000  0.000000e+000  0.000000e+000  0.000000e+000  0.000000e+000  0.000000e+000  0.000000e+000  0.000000e+000  0.000000e+000  0.000000e+000  0.000000e+000  0.000000e+000  0.000000e+000  0.000000e+000  0.000000e+000  0.000000e+000  0.000000e+000  0.000000e+000  0.000000e+000  0.000000e+000  
0.000000e+000  0.000000e+000  0.000000e+000  0.000000e+000  0.000000e+000  0.000000e+000  0.000000e+000  0.000000e+000  0.000000e+000  0.000000e+000  0.000000e+000  0.000000e+000  0.000000e+000  0.000000e+000  0.000000e+000  0.000000e+000  0.000000e+000  0.000000e+000  0.000000e+000  0.000000e+000  0.000000e+000  0.000000e+000  0.000000e+000  
0.000000e+000  0.000000e+000  0.000000e+000  0.000000e+000  0.000000e+000  0.000000e+000  0.000000e+000  0.000000e+000  0.000000e+000  0.000000e+000  0.000000e+000  0.000000e+000  0.000000e+000  0.000000e+000  0.000000e+000  0.000000e+000  0.000000e+000  0.000000e+000  0.000000e+000  0.000000e+000  0.000000e+000  0.000000e+000  0.000000e+000  
0.000000e+000  0.000000e+000  0.000000e+000  0.000000e+000  0.000000e+000  0.000000e+000  0.000000e+000  0.000000e+000  0.000000e+000  0.000000e+000  0.000000e+000  0.000000e+000  0.000000e+000  0.000000e+000  0.000000e+000  0.000000e+000  0.000000e+000  0.000000e+000  0.000000e+000  0.000000e+000  0.000000e+000  0.000000e+000  0.000000e+000  
0.000000e+000  0.000000e+000  0.000000e+000  0.000000e+000  0.000000e+000  0.000000e+000  0.000000e+000  0.000000e+000  0.000000e+000  0.000000e+000  0.000000e+000  0.000000e+000  0.000000e+000  0.000000e+000  0.000000e+000  0.000000e+000  0.000000e+000  0.000000e+000  0.000000e+000  0.000000e+000  0.000000e+000  0.000000e+000  0.000000e+000  
0.000000e+000  0.000000e+000  0.000000e+000  0.000000e+000  0.000000e+000  0.000000e+000  0.000000e+000  0.000000e+000  0.000000e+000  0.000000e+000  0.000000e+000  0.000000e+000  0.000000e+000  0.000000e+000  0.000000e+000  0.000000e+000  0.000000e+000  0.000000e+000  0.000000e+000  0.000000e+000  0.000000e+000  0.000000e+000  0.000000e+000  
0.000000e+000  0.000000e+000  0.000000e+000  0.000000e+000  0.000000e+000  0.000000e+000  0.000000e+000  0.000000e+000  0.000000e+000  0.000000e+000  0.000000e+000  0.000000e+000  0.000000e+000  0.000000e+000  0.000000e+000  0.000000e+000  0.000000e+000  0.000000e+000  0.000000e+000  0.000000e+000  0.000000e+000  0.000000e+000  0.000000e+000  
0.000000e+000  0.000000e+000  0.000000e+000  0.000000e+000  0.000000e+000  0.000000e+000  0.000000e+000  0.000000e+000  0.000000e+000  0.000000e+000  0.000000e+000  0.000000e+000  0.000000e+000  0.000000e+000  0.000000e+000  0.000000e+000  0.000000e+000  0.000000e+000  0.000000e+000  0.000000e+000  0.000000e+000  0.000000e+000  0.000000e+000  
0.000000e+000  0.000000e+000  0.000000e+000  0.000000e+000  0.000000e+000  0.000000e+000  0.000000e+000  0.000000e+000  0.000000e+000  0.000000e+000  0.000000e+000  0.000000e+000  0.000000e+000  0.000000e+000  0.000000e+000  0.000000e+000  0.000000e+000  0.000000e+000  0.000000e+000  0.000000e+000  0.000000e+000  0.000000e+000  0.000000e+000  

0.000000e+000  0.000000e+000  0.000000e+000  0.000000e+000  0.000000e+000  0.000000e+000  0.000000e+000  0.000000e+000  0.000000e+000  0.000000e+000  0.000000e+000  0.000000e+000  0.000000e+000  0.000000e+000  0.000000e+000  0.000000e+000  0.000000e+000  0.000000e+000  0.000000e+000  0.000000e+000  0.000000e+000  0.000000e+000  0.000000e+000  
0.000000e+000  0.000000e+000  0.000000e+000  0.000000e+000  0.000000e+000  0.000000e+000  0.000000e+000  0.000000e+000  0.000000e+000  0.000000e+000  0.000000e+000  0.000000e+000  0.000000e+000  0.000000e+000  0.000000e+000  0.000000e+000  0.000000e+000  0.000000e+000  0.000000e+000  0.000000e+000  0.000000e+000  0.000000e+000  0.000000e+000  
0.000000e+000  0.000000e+000  0.000000e+000  0.000000e+000  0.000000e+000  0.000000e+000  0.000000e+000  0.000000e+000  0.000000e+000  0.000000e+000  0.000000e+000  0.000000e+000  0.000000e+000  0.000000e+000  0.000000e+000  0.000000e+000  0.000000e+000  0.000000e+000  0.000000e+000  0.000000e+000  0.000000e+000  0.000000e+000  0.000000e+000  
0.000000e+000  0.000000e+000  0.000000e+000  0.000000e+000  0.000000e+000  0.000000e+000  0.000000e+000  0.000000e+000  0.000000e+000  0.000000e+000  0.000000e+000  0.000000e+000  0.000000e+000  0.000000e+000  0.000000e+000  0.000000e+000  0.000000e+000  0.000000e+000  0.000000e+000  0.000000e+000  0.000000e+000  0.000000e+000  0.000000e+000  
0.000000e+000  0.000000e+000  0.000000e+000  0.000000e+000  0.000000e+000  0.000000e+000  0.000000e+000  0.000000e+000  0.000000e+000  0.000000e+000  0.000000e+000  0.000000e+000  0.000000e+000  0.000000e+000  0.000000e+000  0.000000e+000  0.000000e+000  0.000000e+000  0.000000e+000  0.000000e+000  0.000000e+000  0.000000e+000  0.000000e+000  
0.000000e+000  0.000000e+000  0.000000e+000  0.000000e+000  0.000000e+000  0.000000e+000  0.000000e+000  0.000000e+000  0.000000e+000  0.000000e+000  0.000000e+000  0.000000e+000  0.000000e+000  0.000000e+000  0.000000e+000  0.000000e+000  0.000000e+000  0.000000e+000  0.000000e+000  0.000000e+000  0.000000e+000  0.000000e+000  0.000000e+000  
0.000000e+000  0.000000e+000  0.000000e+000  0.000000e+000  0.000000e+000  0.000000e+000  0.000000e+000  0.000000e+000  0.000000e+000  0.000000e+000  0.000000e+000  0.000000e+000  0.000000e+000  0.000000e+000  0.000000e+000  0.000000e+000  0.000000e+000  0.000000e+000  0.000000e+000  0.000000e+000  0.000000e+000  0.000000e+000  0.000000e+000  
0.000000e+000  0.000000e+000  0.000000e+000  0.000000e+000  0.000000e+000  0.000000e+000  0.000000e+000  0.000000e+000  0.000000e+000  0.000000e+000  0.000000e+000  0.000000e+000  0.000000e+000  0.000000e+000  0.000000e+000  0.000000e+000  0.000000e+000  0.000000e+000  0.000000e+000  0.000000e+000  0.000000e+000  0.000000e+000  0.000000e+000  
0.000000e+000  0.000000e+000  0.000000e+000  0.000000e+000  0.000000e+000  0.000000e+000  0.000000e+000  0.000000e+000  0.000000e+000  0.000000e+000  0.000000e+000  0.000000e+000  0.000000e+000  0.000000e+000  0.000000e+000  0.000000e+000  0.000000e+000  0.000000e+000  0.000000e+000  0.000000e+000  0.000000e+000  0.000000e+000  0.000000e+000  
0.000000e+000  0.000000e+000  0.000000e+000  0.000000e+000  0.000000e+000  0.000000e+000  0.000000e+000  0.000000e+000  0.000000e+000  0.000000e+000  0.000000e+000  0.000000e+000  0.000000e+000  0.000000e+000  0.000000e+000  0.000000e+000  0.000000e+000  0.000000e+000  0.000000e+000  0.000000e+000  0.000000e+000  0.000000e+000  0.000000e+000  
0.000000e+000  0.000000e+000  0.000000e+000  0.000000e+000  0.000000e+000  0.000000e+000  0.000000e+000  0.000000e+000  0.000000e+000  0.000000e+000  0.000000e+000  0.000000e+000  0.000000e+000  0.000000e+000  0.000000e+000  0.000000e+000  0.000000e+000  0.000000e+000  0.000000e+000  0.000000e+000  0.000000e+000  0.000000e+000  0.000000e+000  
0.000000e+000  0.000000e+000  0.000000e+000  0.000000e+000  0.000000e+000  0.000000e+000  0.000000e+000  0.000000e+000  0.000000e+000  0.000000e+000  0.000000e+000  0.000000e+000  0.000000e+000  0.000000e+000  0.000000e+000  0.000000e+000  0.000000e+000  0.000000e+000  0.000000e+000  0.000000e+000  0.000000e+000  0.000000e+000  0.000000e+000  
0.000000e+000  0.000000e+000  0.000000e+000  0.000000e+000  0.000000e+000  0.000000e+000  0.000000e+000  0.000000e+000  0.000000e+000  0.000000e+000  0.000000e+000  0.000000e+000  0.000000e+000  0.000000e+000  0.000000e+000  0.000000e+000  0.000000e+000  0.000000e+000  0.000000e+000  0.000000e+000  0.000000e+000  0.000000e+000  0.000000e+000  
0.000000e+000  0.000000e+000  0.000000e+000  0.000000e+000  0.000000e+000  0.000000e+000  0.000000e+000  0.000000e+000  0.000000e+000  0.000000e+000  0.000000e+000  0.000000e+000  0.000000e+000  0.000000e+000  0.000000e+000  0.000000e+000  0.000000e+000  0.000000e+000  0.000000e+000  0.000000e+000  0.000000e+000  0.000000e+000  0.000000e+000  
0.000000e+000  0.000000e+000  0.000000e+000  0.000000e+000  0.000000e+000  0.000000e+000  0.000000e+000  0.000000e+000  0.000000e+000  0.000000e+000  0.000000e+000  0.000000e+000  0.000000e+000  0.000000e+000  0.000000e+000  0.000000e+000  0.000000e+000  0.000000e+000  0.000000e+000  0.000000e+000  0.000000e+000  0.000000e+000  0.000000e+000  
0.000000e+000  0.000000e+000  0.000000e+000  0.000000e+000  0.000000e+000  0.000000e+000  0.000000e+000  0.000000e+000  0.000000e+000  0.000000e+000  0.000000e+000  0.000000e+000  0.000000e+000  0.000000e+000  0.000000e+000  0.000000e+000  0.000000e+000  0.000000e+000  0.000000e+000  0.000000e+000  0.000000e+000  0.000000e+000  0.000000e+000  
0.000000e+000  0.000000e+000  0.000000e+000  0.000000e+000  0.000000e+000  0.000000e+000  0.000000e+000  0.000000e+000  0.000000e+000  0.000000e+000  0.000000e+000  0.000000e+000  0.000000e+000  0.000000e+000  0.000000e+000  0.000000e+000  0.000000e+000  0.000000e+000  0.000000e+000  0.000000e+000  0.000000e+000  0.000000e+000  0.000000e+000  
0.000000e+000  0.000000e+000  0.000000e+000  0.000000e+000  0.000000e+000  0.000000e+000  0.000000e+000  0.000000e+000  0.000000e+000  0.000000e+000  0.000000e+000  0.000000e+000  0.000000e+000  0.000000e+000  0.000000e+000  0.000000e+000  0.000000e+000  0.000000e+000  0.000000e+000  0.000000e+000  0.000000e+000  0.000000e+000  0.000000e+000  
0.000000e+000  0.000000e+000  0.000000e+000  0.000000e+000  0.000000e+000  0.000000e+000  0.000000e+000  0.000000e+000  0.000000e+000  0.000000e+000  0.000000e+000  0.000000e+000  0.000000e+000  0.000000e+000  0.000000e+000  0.000000e+000  0.000000e+000  0.000000e+000  0.000000e+000  0.000000e+000  0.000000e+000  0.000000e+000  0.000000e+000  
0.000000e+000  0.000000e+000  0.000000e+000  0.000000e+000  0.000000e+000  0.000000e+000  0.000000e+000  0.000000e+000  0.000000e+000  0.000000e+000  0.000000e+000  0.000000e+000  0.000000e+000  0.000000e+000  0.000000e+000  0.000000e+000  0.000000e+000  0.000000e+000  0.000000e+000  0.000000e+000  0.000000e+000  0.000000e+000  0.000000e+000  
0.000000e+000  0.000000e+000  0.000000e+000  0.000000e+000  0.000000e+000  0.000000e+000  0.000000e+000  0.000000e+000  0.000000e+000  0.000000e+000  0.000000e+000  0.000000e+000  0.000000e+000  0.000000e+000  0.000000e+000  0.000000e+000  0.000000e+000  0.000000e+000  0.000000e+000  0.000000e+000  0.000000e+000  0.000000e+000  0.000000e+000  
0.000000e+000  0.000000e+000  0.000000e+000  0.000000e+000  0.000000e+000  0.000000e+000  0.000000e+000  0.000000e+000  0.000000e+000  0.000000e+000  0.000000e+000  0.000000e+000  0.000000e+000  0.000000e+000  0.000000e+000  0.000000e+000  0.000000e+000  0.000000e+000  0.000000e+000  0.000000e+000  0.000000e+000  0.000000e+000  0.000000e+000  
0.000000e+000  0.000000e+000  0.000000e+000  0.000000e+000  0.000000e+000  0.000000e+000  0.000000e+000  0.000000e+000  0.000000e+000  0.000000e+000  0.000000e+000  0.000000e+000  0.000000e+000  0.000000e+000  0.000000e+000  0.000000e+000  0.000000e+000  0.000000e+000  0.000000e+000  0.000000e+000  0.000000e+000  0.000000e+000  0.000000e+000  
0.000000e+000  0.000000e+000  0.000000e+000  0.000000e+000  0.000000e+000  0.000000e+000  0.000000e+000  0.000000e+000  0.000000e+000  0.000000e+000  0.000000e+000  0.000000e+000  0.000000e+000  0.000000e+000  0.000000e+000  0.000000e+000  0.000000e+000  0.000000e+000  0.000000e+000  0.000000e+000  0.000000e+000  0.000000e+000  0.000000e+000  
0.000000e+000  0.000000e+000  0.000000e+000  0.000000e+000  0.000000e+000  0.000000e+000  0.000000e+000  0.000000e+000  0.000000e+000  0.000000e+000  0.000000e+000  0.000000e+000  0.000000e+000  0.000000e+000  0.000000e+000  0.000000e+000  0.000000e+000  0.000000e+000  0.000000e+000  0.000000e+000  0.000000e+000  0.000000e+000  0.000000e+000  
0.000000e+000  0.000000e+000  0.000000e+000  0.000000e+000  0.000000e+000  0.000000e+000  0.000000e+000  0.000000e+000  0.000000e+000  0.000000e+000  0.000000e+000  0.000000e+000  0.000000e+000  0.000000e+000  0.000000e+000  0.000000e+000  0.000000e+000  0.000000e+000  0.000000e+000  0.000000e+000  0.000000e+000  0.000000e+000  0.000000e+000  
0.000000e+000  0.000000e+000  0.000000e+000  0.000000e+000  0.000000e+000  0.000000e+000  0.000000e+000  0.000000e+000  0.000000e+000  0.000000e+000  0.000000e+000  0.000000e+000  0.000000e+000  0.000000e+000  0.000000e+000  0.000000e+000  0.000000e+000  0.000000e+000  0.000000e+000  0.000000e+000  0.000000e+000  0.000000e+000  0.000000e+000  
0.000000e+000  0.000000e+000  0.000000e+000  0.000000e+000  0.000000e+000  0.000000e+000  0.000000e+000  0.000000e+000  0.000000e+000  0.000000e+000  0.000000e+000  0.000000e+000  0.000000e+000  0.000000e+000  0.000000e+000  0.000000e+000  0.000000e+000  0.000000e+000  0.000000e+000  0.000000e+000  0.000000e+000  0.000000e+000  0.000000e+000  
0.000000e+000  0.000000e+000  0.000000e+000  0.000000e+000  0.000000e+000  0.000000e+000  0.000000e+000  0.000000e+000  0.000000e+000  0.000000e+000  0.000000e+000  0.000000e+000  0.000000e+000  0.000000e+000  0.000000e+000  0.000000e+000  0.000000e+000  0.000000e+000  0.000000e+000  0.000000e+000  0.000000e+000  0.000000e+000  0.000000e+000  
0.000000e+000  0.000000e+000  0.000000e+000  0.000000e+000  0.000000e+000  0.000000e+000  0.000000e+000  0.000000e+000  0.000000e+000  0.000000e+000  0.000000e+000  0.000000e+000  0.000000e+000  0.000000e+000  0.000000e+000  0.000000e+000  0.000000e+000  0.000000e+000  0.000000e+000  0.000000e+000  0.000000e+000  0.000000e+000  0.000000e+000  
0.000000e+000  0.000000e+000  0.000000e+000  0.000000e+000  0.000000e+000  0.000000e+000  0.000000e+000  0.000000e+000  0.000000e+000  0.000000e+000  0.000000e+000  0.000000e+000  0.000000e+000  0.000000e+000  0.000000e+000  0.000000e+000  0.000000e+000  0.000000e+000  0.000000e+000  0.000000e+000  0.000000e+000  0.000000e+000  0.000000e+000  
0.000000e+000  0.000000e+000  0.000000e+000  0.000000e+000  0.000000e+000  0.000000e+000  0.000000e+000  0.000000e+000  0.000000e+000  0.000000e+000  0.000000e+000  0.000000e+000  0.000000e+000  0.000000e+000  0.000000e+000  0.000000e+000  0.000000e+000  0.000000e+000  0.000000e+000  0.000000e+000  0.000000e+000  0.000000e+000  0.000000e+000  
0.000000e+000  0.000000e+000  0.000000e+000  0.000000e+000  0.000000e+000  0.000000e+000  0.000000e+000  0.000000e+000  0.000000e+000  0.000000e+000  0.000000e+000  0.000000e+000  0.000000e+000  0.000000e+000  0.000000e+000  0.000000e+000  0.000000e+000  0.000000e+000  0.000000e+000  0.000000e+000  0.000000e+000  0.000000e+000  0.000000e+000  
0.000000e+000  0.000000e+000  0.000000e+000  0.000000e+000  0.000000e+000  0.000000e+000  0.000000e+000  0.000000e+000  0.000000e+000  0.000000e+000  0.000000e+000  0.000000e+000  0.000000e+000  0.000000e+000  0.000000e+000  0.000000e+000  0.000000e+000  0.000000e+000  0.000000e+000  0.000000e+000  0.000000e+000  0.000000e+000  0.000000e+000  
0.000000e+000  0.000000e+000  0.000000e+000  0.000000e+000  0.000000e+000  0.000000e+000  0.000000e+000  0.000000e+000  0.000000e+000  0.000000e+000  0.000000e+000  0.000000e+000  0.000000e+000  0.000000e+000  0.000000e+000  0.000000e+000  0.000000e+000  0.000000e+000  0.000000e+000  0.000000e+000  0.000000e+000  0.000000e+000  0.000000e+000  
0.000000e+000  0.000000e+000  0.000000e+000  0.000000e+000  0.000000e+000  0.000000e+000  0.000000e+000  0.000000e+000  0.000000e+000  0.000000e+000  0.000000e+000  0.000000e+000  0.000000e+000  0.000000e+000  0.000000e+000  0.000000e+000  0.000000e+000  0.000000e+000  0.000000e+000  0.000000e+000  0.000000e+000  0.000000e+000  0.000000e+000  
0.000000e+000  0.000000e+000  0.000000e+000  0.000000e+000  0.000000e+000  0.000000e+000  0.000000e+000  0.000000e+000  0.000000e+000  0.000000e+000  0.000000e+000  0.000000e+000  0.000000e+000  0.000000e+000  0.000000e+000  0.000000e+000  0.000000e+000  0.000000e+000  0.000000e+000  0.000000e+000  0.000000e+000  0.000000e+000  0.000000e+000  
0.000000e+000  0.000000e+000  0.000000e+000  0.000000e+000  0.000000e+000  0.000000e+000  0.000000e+000  0.000000e+000  0.000000e+000  0.000000e+000  0.000000e+000  0.000000e+000  0.000000e+000  0.000000e+000  0.000000e+000  0.000000e+000  0.000000e+000  0.000000e+000  0.000000e+000  0.000000e+000  0.000000e+000  0.000000e+000  0.000000e+000  
0.000000e+000  0.000000e+000  0.000000e+000  0.000000e+000  0.000000e+000  0.000000e+000  0.000000e+000  0.000000e+000  0.000000e+000  0.000000e+000  0.000000e+000  0.000000e+000  0.000000e+000  0.000000e+000  0.000000e+000  0.000000e+000  0.000000e+000  0.000000e+000  0.000000e+000  0.000000e+000  0.000000e+000  0.000000e+000  0.000000e+000  
0.000000e+000  0.000000e+000  0.000000e+000  0.000000e+000  0.000000e+000  0.000000e+000  0.000000e+000  0.000000e+000  0.000000e+000  0.000000e+000  0.000000e+000  0.000000e+000  0.000000e+000  0.000000e+000  0.000000e+000  0.000000e+000  0.000000e+000  0.000000e+000  0.000000e+000  0.000000e+000  0.000000e+000  0.000000e+000  0.000000e+000  
0.000000e+000  0.000000e+000  0.000000e+000  0.000000e+000  0.000000e+000  0.000000e+000  0.000000e+000  0.000000e+000  0.000000e+000  0.000000e+000  0.000000e+000  0.000000e+000  0.000000e+000  0.000000e+000  0.000000e+000  0.000000e+000  0.000000e+000  0.000000e+000  0.000000e+000  0.000000e+000  0.000000e+000  0.000000e+000  0.000000e+000  
0.000000e+000  0.000000e+000  0.000000e+000  0.000000e+000  0.000000e+000  0.000000e+000  0.000000e+000  0.000000e+000  0.000000e+000  0.000000e+000  0.000000e+000  0.000000e+000  0.000000e+000  0.000000e+000  0.000000e+000  0.000000e+000  0.000000e+000  0.000000e+000  0.000000e+000  0.000000e+000  0.000000e+000  0.000000e+000  0.000000e+000  
0.000000e+000  0.000000e+000  0.000000e+000  0.000000e+000  0.000000e+000  0.000000e+000  0.000000e+000  0.000000e+000  0.000000e+000  0.000000e+000  0.000000e+000  0.000000e+000  0.000000e+000  0.000000e+000  0.000000e+000  0.000000e+000  0.000000e+000  0.000000e+000  0.000000e+000  0.000000e+000  0.000000e+000  0.000000e+000  0.000000e+000  
0.000000e+000  0.000000e+000  0.000000e+000  0.000000e+000  0.000000e+000  0.000000e+000  0.000000e+000  0.000000e+000  0.000000e+000  0.000000e+000  0.000000e+000  0.000000e+000  0.000000e+000  0.000000e+000  0.000000e+000  0.000000e+000  0.000000e+000  0.000000e+000  0.000000e+000  0.000000e+000  0.000000e+000  0.000000e+000  0.000000e+000  

0.000000e+000  0.000000e+000  0.000000e+000  0.000000e+000  0.000000e+000  0.000000e+000  0.000000e+000  0.000000e+000  0.000000e+000  0.000000e+000  0.000000e+000  0.000000e+000  0.000000e+000  0.000000e+000  0.000000e+000  0.000000e+000  0.000000e+000  0.000000e+000  0.000000e+000  0.000000e+000  0.000000e+000  0.000000e+000  0.000000e+000  
0.000000e+000  -4.197729e-001  -7.252311e-001  -1.031486e+000  -1.331572e+000  -1.618754e+000  -1.885982e+000  -2.125363e+000  -2.327611e+000  -2.137190e+000  -2.017670e+000  -1.931081e+000  -1.858425e+000  -1.790445e+000  -1.722870e+000  -1.653961e+000  -1.583237e+000  -1.436690e+000  -1.287192e+000  -1.062402e+000  -8.487862e-001  -3.947140e-001  0.000000e+000  
0.000000e+000  -1.346433e+000  -2.687028e+000  -4.017907e+000  -5.335094e+000  -6.634626e+000  -7.912669e+000  -9.165622e+000  -1.039026e+001  -1.026457e+001  -1.008168e+001  -9.851280e+000  -9.581069e+000  -9.277755e+000  -8.947429e+000  -8.595700e+000  -8.227708e+000  -7.456890e+000  -6.670735e+000  -5.493940e+000  -4.381500e+000  -2.033654e+000  0.000000e+000  
0.000000e+000  -2.584844e+000  -5.162313e+000  -7.725089e+000  -1.026592e+001  -1.277765e+001  -1.525320e+001  -1.768564e+001  -2.006820e+001  -1.974694e+001  -1.931583e+001  -1.879205e+001  -1.819218e+001  -1.753182e+001  -1.682524e+001  -1.608527e+001  -1.532317e+001  -1.376173e+001  -1.221026e+001  -9.952782e+000  -7.872164e+000  -3.622328e+000  0.000000e+000  
0.000000e+000  -2.791671e+000  -5.575486e+000  -8.343615e+000  -1.108827e+001  -1.380175e+001  -1.647641e+001  -1.910473e+001  -2.167934e+001  -2.130387e+001  -2.081070e+001  -2.021910e+001  -1.954763e+001  -1.881358e+001  -1.803268e+001  -1.721895e+001  -1.638453e+001  -1.468483e+001  -1.300648e+001  -1.057982e+001  -8.354913e+000  -3.838671e+000  0.000000e+000  
0.000000e+000  -4.185086e+000  -8.358895e+000  -1.251013e+001  -1.662744e+001  -2.069941e+001  -2.471457e+001  -2.866138e+001  -3.252824e+001  -3.167976e+001  -3.066550e+001  -2.952312e+001  -2.828691e+001  -2.698710e+001  -2.564959e+001  -2.429598e+001  -2.294381e+001  -2.028530e+001  -1.775946e+001  -1.425060e+001  -1.113851e+001  -5.068853e+000  0.000000e+000  
0.000000e+000  -5.990421e+000  -1.196723e+001  -1.791661e+001  -2.382438e+001  -2.967581e+001  -3.545548e+001  -4.114723e+001  -4.673404e+001  -4.487093e+001  -4.282086e+001  -4.065504e+001  -3.843271e+001  -3.620117e+001  -3.399669e+001  -3.184587e+001  -2.976713e+001  -2.586142e+001  -2.232425e+001  -1.764325e+001  -1.364414e+001  -6.157341e+000  0.000000e+000  
0.000000e+000  -8.284971e+000  -1.656182e+001  -2.482166e+001  -3.305412e+001  -4.124667e+001  -4.938401e+001  -5.744755e+001  -6.541512e+001  -6.142185e+001  -5.736061e+001  -5.335097e+001  -4.947712e+001  -4.579296e+001  -4.232832e+001  -3.909504e+001  -3.609241e+001  -3.075274e+001  -2.617355e+001  -2.041928e+001  -1.567098e+001  -7.045945e+000  0.000000e+000  
0.000000e+000  -9.526344e+000  -1.905862e+001  -2.860135e+001  -3.815622e+001  -4.772081e+001  -5.728727e+001  -6.684134e+001  -7.636143e+001  -7.049768e+001  -6.481212e+001  -5.943617e+001  -5.444200e+001  -4.985696e+001  -4.567771e+001  -4.188209e+001  -3.843802e+001  -3.249690e+001  -2.753290e+001  -2.142360e+001  -1.643297e+001  -7.399186e+000  0.000000e+000  
0.000000e+000  -1.068801e+001  -2.141011e+001  -3.219803e+001  -4.307882e+001  -5.407240e+001  -6.518912e+001  -7.642753e+001  -8.777240e+001  -7.934607e+001  -7.157656e+001  -6.457050e+001  -5.834110e+001  -5.284291e+001  -4.800057e+001  -4.372858e+001  -3.994324e+001  -3.360468e+001  -2.842420e+001  -2.213698e+001  -1.701586e+001  -7.690119e+000  0.000000e+000  
0.000000e+000  -1.116769e+001  -2.239446e+001  -3.373674e+001  -4.524543e+001  -5.696266e+001  -6.891819e+001  -8.112565e+001  -9.357912e+001  -8.342176e+001  -7.435605e+001  -6.643065e+001  -5.957894e+001  -5.367631e+001  -4.858076e+001  -4.415588e+001  -4.028140e+001  -3.388002e+001  -2.868717e+001  -2.239716e+001  -1.725801e+001  -7.822741e+000  0.000000e+000  
0.000000e+000  -1.146657e+001  -2.302500e+001  -3.476479e+001  -4.677019e+001  -5.911611e+001  -7.186267e+001  -8.504872e+001  -9.868511e+001  -8.656435e+001  -7.614169e+001  -6.734968e+001  -5.998615e+001  -5.380788e+001  -4.858366e+001  -4.411586e+001  -4.024451e+001  -3.391324e+001  -2.879240e+001  -2.256939e+001  -1.744953e+001  -7.937977e+000  0.000000e+000  
0.000000e+000  -1.148819e+001  -2.310780e+001  -3.499004e+001  -4.726435e+001  -6.005430e+001  -7.346959e+001  -8.759386e+001  -1.024698e+002  -8.819083e+001  -7.646099e+001  -6.698514e+001  -5.933446e+001  -5.309540e+001  -4.792621e+001  -4.356382e+001  -3.981188e+001  -3.370394e+001  -2.874539e+001  -2.265896e+001  -1.759385e+001  -8.036701e+000  0.000000e+000  
0.000000e+000  -1.111626e+001  -2.240408e+001  -3.404073e+001  -4.621300e+001  -5.911644e+001  -7.294606e+001  -8.787399e+001  -1.040123e+002  -8.747889e+001  -7.471037e+001  -6.495207e+001  -5.740358e+001  -5.142553e+001  -4.655860e+001  -4.248536e+001  -3.898788e+001  -3.326659e+001  -2.855998e+001  -2.267465e+001  -1.769573e+001  -8.120019e+000  0.000000e+000  
0.000000e+000  -1.023311e+001  -2.066098e+001  -3.149568e+001  -4.298354e+001  -5.541919e+001  -6.914840e+001  -8.454102e+001  -1.019014e+002  -8.324931e+001  -7.015437e+001  -6.087468e+001  -5.403668e+001  -4.875581e+001  -4.449149e+001  -4.091249e+001  -3.781076e+001  -3.263317e+001  -2.825885e+001  -2.262860e+001  -1.776111e+001  -8.189224e+000  0.000000e+000  
0.000000e+000  -8.771107e+000  -1.770919e+001  -2.701117e+001  -3.694158e+001  -4.788538e+001  -6.041862e+001  -7.537188e+001  -9.375022e+001  -7.375896e+001  -6.200603e+001  -5.452218e+001  -4.924162e+001  -4.517390e+001  -4.182680e+001  -3.893830e+001  -3.635882e+001  -3.185396e+001  -2.787313e+001  -2.253592e+001  -1.779688e+001  -8.245737e+000  0.000000e+000  
0.000000e+000  -6.812846e+000  -1.367674e+001  -2.066278e+001  -2.789823e+001  -3.565049e+001  -4.453921e+001  -5.609029e+001  -7.421159e+001  -5.639540e+001  -4.981337e+001  -4.611608e+001  -4.334486e+001  -4.096123e+001  -3.878026e+001  -3.672288e+001  -3.474997e+001  -3.099543e+001  -2.744081e+001  -2.241381e+001  -1.781049e+001  -8.291036e+000  0.000000e+000  
0.000000e+000  -4.700209e+000  -9.276588e+000  -1.356828e+001  -1.731839e+001  -2.005336e+001  -2.080837e+001  -1.746724e+001  0.000000e+000  -2.822946e+001  -3.489971e+001  -3.688152e+001  -3.713735e+001  -3.661343e+001  -3.567196e+001  -3.448052e+001  -3.313131e+001  -3.013483e+001  -2.700388e+001  -2.228052e+001  -1.780952e+001  -8.326577e+000  0.000000e+000  
0.000000e+000  -2.802533e+000  -5.414648e+000  -7.620369e+000  -9.148796e+000  -9.640090e+000  -8.618233e+000  -5.524369e+000  0.000000e+000  -1.469581e+001  -2.384932e+001  -2.875897e+001  -3.127629e+001  -3.238371e+001  -3.261051e+001  -3.226189e+001  -3.152776e+001  -2.928240e+001  -2.656920e+001  -2.214239e+001  -1.780007e+001  -8.355828e+000  0.000000e+000  
0.000000e+000  -1.572137e+000  -2.977266e+000  -4.047714e+000  -4.618330e+000  -4.539080e+000  -3.705860e+000  -2.121991e+000  0.000000e+000  -9.520204e+000  -1.776225e+001  -2.346176e+001  -2.710594e+001  -2.923300e+001  -3.027461e+001  -3.054798e+001  -3.028097e+001  -2.861799e+001  -2.623010e+001  -2.203321e+001  -1.779014e+001  -8.376542e+000  0.000000e+000  
0.000000e+000  -8.691194e-001  -1.625480e+000  -2.164722e+000  -2.400797e+000  -2.278611e+000  -1.789568e+000  -9.878342e-001  0.000000e+000  -7.369498e+000  -1.452750e+001  -2.014261e+001  -2.418798e+001  -2.686413e+001  -2.843761e+001  -2.916382e+001  -2.925899e+001  -2.807319e+001  -2.595684e+001  -2.195065e+001  -1.778800e+001  -8.395795e+000  0.000000e+000  
0.000000e+000  -1.749093e+000  -3.321935e+000  -4.538330e+000  -5.213940e+000  -5.170049e+000  -4.264969e+000  -2.467680e+000  0.000000e+000  -1.007483e+001  -1.855254e+001  -2.424792e+001  -2.779342e+001  -2.980169e+001  -3.073374e+001  -3.091514e+001  -3.057390e+001  -2.880829e+001  -2.635587e+001  -2.210423e+001  -1.783063e+001  -8.389127e+000  0.000000e+000  
0.000000e+000  -3.116504e+000  -6.046036e+000  -8.571685e+000  -1.040874e+001  -1.115123e+001  -1.020276e+001  -6.740018e+000  0.000000e+000  -1.619187e+001  -2.545390e+001  -3.010480e+001  -3.234430e+001  -3.322224e+001  -3.326985e+001  -3.278277e+001  -3.194135e+001  -2.955179e+001  -2.674839e+001  -2.224451e+001  -1.785880e+001  -8.374243e+000  0.000000e+000  
0.000000e+000  -5.138843e+000  -1.018538e+001  -1.501928e+001  -1.944364e+001  -2.306857e+001  -2.497195e+001  -2.252884e+001  0.000000e+000  -3.247245e+001  -3.774731e+001  -3.881151e+001  -3.853175e+001  -3.766498e+001  -3.648545e+001  -3.511992e+001  -3.363911e+001  -3.046815e+001  -2.722773e+001  -2.240968e+001  -1.788463e+001  -8.350382e+000  0.000000e+000  
0.000000e+000  -5.884193e+000  -1.172954e+001  -1.748587e+001  -2.307650e+001  -2.838204e+001  -3.328644e+001  -3.832480e+001  -5.013964e+001  -4.313103e+001  -4.294504e+001  -4.207548e+001  -4.076081e+001  -3.924146e+001  -3.761976e+001  -3.594264e+001  -3.423638e+001  -3.079019e+001  -2.739524e+001  -2.246543e+001  -1.789079e+001  -8.340072e+000  0.000000e+000  
0.000000e+000  -6.644211e+000  -1.330748e+001  -2.001569e+001  -2.681875e+001  -3.384978e+001  -4.154576e+001  -5.147042e+001  -6.894313e+001  -5.291922e+001  -4.823939e+001  -4.540515e+001  -4.302434e+001  -4.083893e+001  -3.876868e+001  -3.677626e+001  -3.484191e+001  -3.111671e+001  -2.756457e+001  -2.252066e+001  -1.789536e+001  -8.328516e+000  0.000000e+000  
0.000000e+000  -7.396218e+000  -1.486672e+001  -2.250674e+001  -3.046967e+001  -3.905487e+001  -4.893094e+001  -6.166317e+001  -8.051044e+001  -6.125648e+001  -5.330555e+001  -4.868543e+001  -4.527126e+001  -4.242969e+001  -3.991529e+001  -3.760971e+001  -3.544820e+001  -3.144384e+001  -2.773367e+001  -2.257450e+001  -1.789799e+001  -8.315647e+000  0.000000e+000  
0.000000e+000  -8.118574e+000  -1.635848e+001  -2.486973e+001  -3.387489e+001  -4.375239e+001  -5.519626e+001  -6.946197e+001  -8.841157e+001  -6.814974e+001  -5.795321e+001  -5.182003e+001  -4.745340e+001  -4.398673e+001  -4.104294e+001  -3.843207e+001  -3.604786e+001  -3.176774e+001  -2.790046e+001  -2.262606e+001  -1.789832e+001  -8.301394e+000  0.000000e+000  
0.000000e+000  -8.792838e+000  -1.774285e+001  -2.703765e+001  -3.693647e+001  -4.783430e+001  -6.035457e+001  -7.542519e+001  -9.410976e+001  -7.375983e+001  -6.208890e+001  -5.473736e+001  -4.952904e+001  -4.548515e+001  -4.213586e+001  -3.923288e+001  -3.663372e+001  -3.208467e+001  -2.806291e+001  -2.267445e+001  -1.789596e+001  -8.285685e+000  0.000000e+000  
0.000000e+000  -9.404954e+000  -1.899103e+001  -2.896732e+001  -3.960465e+001  -5.127836e+001  -6.451148e+001  -7.997026e+001  -9.828243e+001  -7.826646e+001  -6.568047e+001  -5.738945e+001  -5.146452e+001  -4.690313e+001  -4.317965e+001  -4.000235e+001  -3.719898e+001  -3.239099e+001  -2.821901e+001  -2.271878e+001  -1.789056e+001  -8.268446e+000  0.000000e+000  
0.000000e+000  -9.945518e+000  -2.008514e+001  -3.063629e+001  -4.186462e+001  -5.410890e+001  -6.779347e+001  -8.339389e+001  -1.012967e+002  -8.183145e+001  -6.873178e+001  -5.974812e+001  -5.323457e+001  -4.822248e+001  -4.416167e+001  -4.073160e+001  -3.773733e+001  -3.268327e+001  -2.836685e+001  -2.275821e+001  -1.788174e+001  -8.249606e+000  0.000000e+000  
0.000000e+000  -1.040941e+001  -2.101680e+001  -3.203811e+001  -4.372414e+001  -5.637219e+001  -7.032129e+001  -8.591103e+001  -1.033858e+002  -8.459263e+001  -7.126649e+001  -6.180045e+001  -5.482177e+001  -4.942887e+001  -4.507121e+001  -4.141280e+001  -3.824306e+001  -3.295829e+001  -2.850458e+001  -2.279189e+001  -1.786914e+001  -8.229091e+000  0.000000e+000  
0.000000e+000  -1.129213e+001  -2.275567e+001  -3.456727e+001  -4.691175e+001  -5.997999e+001  -7.395775e+001  -8.900260e+001  -1.052109e+002  -8.866643e+001  -7.579343e+001  -6.590757e+001  -5.823703e+001  -5.214953e+001  -4.718633e+001  -4.302906e+001  -3.945860e+001  -3.362080e+001  -2.882727e+001  -2.285136e+001  -1.781183e+001  -8.162353e+000  0.000000e+000  
0.000000e+000  -1.164233e+001  -2.341340e+001  -3.544128e+001  -4.785143e+001  -6.076216e+001  -7.427664e+001  -8.847147e+001  -1.033840e+002  -8.917014e+001  -7.742142e+001  -6.787990e+001  -6.014416e+001  -5.381591e+001  -4.856098e+001  -4.411969e+001  -4.029693e+001  -3.407205e+001  -2.902431e+001  -2.284345e+001  -1.771474e+001  -8.080380e+000  0.000000e+000  
0.000000e+000  -1.159047e+001  -2.326893e+001  -3.512082e+001  -4.722600e+001  -5.965466e+001  -7.246216e+001  -8.568315e+001  -9.932571e+001  -8.732302e+001  -7.694075e+001  -6.813414e+001  -6.072345e+001  -5.448210e+001  -4.918955e+001  -4.465435e+001  -4.071978e+001  -3.427917e+001  -2.907214e+001  -2.275544e+001  -1.757155e+001  -7.981788e+000  0.000000e+000  
0.000000e+000  -1.126138e+001  -2.257770e+001  -3.400114e+001  -4.557828e+001  -5.734693e+001  -6.933282e+001  -8.154629e+001  -9.397927e+001  -8.397534e+001  -7.498857e+001  -6.708469e+001  -6.021631e+001  -5.427491e+001  -4.912985e+001  -4.465196e+001  -4.072517e+001  -3.422823e+001  -2.895684e+001  -2.257831e+001  -1.737733e+001  -7.865408e+000  0.000000e+000  
0.000000e+000  -1.007589e+001  -2.016562e+001  -3.028130e+001  -4.043164e+001  -5.062022e+001  -6.084396e+001  -7.109172e+001  -8.134311e+001  -7.459064e+001  -6.815363e+001  -6.216188e+001  -5.667479e+001  -5.170136e+001  -4.721862e+001  -4.318612e+001  -3.955614e+001  -3.335806e+001  -2.822216e+001  -2.194109e+001  -1.682532e+001  -7.576565e+000  0.000000e+000  
0.000000e+000  -8.693829e+000  -1.738147e+001  -2.605584e+001  -3.470813e+001  -4.332699e+001  -5.189778e+001  -6.040203e+001  -6.881696e+001  -6.439656e+001  -5.994478e+001  -5.558779e+001  -5.141143e+001  -4.746778e+001  -4.378277e+001  -4.036335e+001  -3.720373e+001  -3.162305e+001  -2.686794e+001  -2.092802e+001  -1.604573e+001  -7.209214e+000  0.000000e+000  
0.000000e+000  -6.087259e+000  -1.216083e+001  -1.820680e+001  -2.421089e+001  -3.015823e+001  -3.603322e+001  -4.181945e+001  -4.749963e+001  -4.559349e+001  -4.349952e+001  -4.129025e+001  -3.902576e+001  -3.675385e+001  -3.451104e+001  -3.232398e+001  -3.021107e+001  -2.624299e+001  -2.265052e+001  -1.789750e+001  -1.383786e+001  -6.242242e+000  0.000000e+000  
0.000000e+000  -4.086330e+000  -8.161646e+000  -1.221491e+001  -1.623505e+001  -2.021092e+001  -2.413134e+001  -2.798505e+001  -3.176077e+001  -3.096299e+001  -3.000249e+001  -2.891507e+001  -2.773341e+001  -2.648645e+001  -2.519915e+001  -2.389246e+001  -2.258354e+001  -2.000001e+001  -1.753451e+001  -1.409317e+001  -1.102878e+001  -5.023857e+000  0.000000e+000  
0.000000e+000  -2.581289e+000  -5.155440e+000  -7.715345e+000  -1.025394e+001  -1.276419e+001  -1.523917e+001  -1.767198e+001  -2.005587e+001  -1.973435e+001  -1.930495e+001  -1.878415e+001  -1.818798e+001  -1.753162e+001  -1.682909e+001  -1.609299e+001  -1.533446e+001  -1.377900e+001  -1.223168e+001  -9.977033e+000  -7.895937e+000  -3.635664e+000  0.000000e+000  
0.000000e+000  -1.326191e+000  -2.647751e+000  -3.961504e+000  -5.264159e+000  -6.552375e+000  -7.822800e+000  -9.072103e+000  -1.029701e+001  -1.018435e+001  -1.001686e+001  -9.801030e+000  -9.543449e+000  -9.250635e+000  -8.928862e+000  -8.584031e+000  -8.221577e+000  -7.458535e+000  -6.677256e+000  -5.504110e+000  -4.392631e+000  -2.040446e+000  0.000000e+000  
0.000000e+000  -3.151981e-001  -5.466769e-001  -7.831040e-001  -1.021784e+000  -1.260671e+000  -1.498167e+000  -1.732977e+000  -1.964012e+000  -1.943061e+000  -1.912485e+000  -1.873063e+000  -1.825792e+000  -1.771759e+000  -1.712067e+000  -1.647786e+000  -1.579920e+000  -1.436207e+000  -1.288099e+000  -1.064208e+000  -8.508513e-001  -3.960029e-001  0.000000e+000  
0.000000e+000  0.000000e+000  0.000000e+000  0.000000e+000  0.000000e+000  0.000000e+000  0.000000e+000  0.000000e+000  0.000000e+000  0.000000e+000  0.000000e+000  0.000000e+000  0.000000e+000  0.000000e+000  0.000000e+000  0.000000e+000  0.000000e+000  0.000000e+000  0.000000e+000  0.000000e+000  0.000000e+000  0.000000e+000  0.000000e+000  

