Port monitor named: Port1_h1.prt

nx        = 70
ny        = 70
nz        = 25

nu        = 9
nv        = 23
iu        = 10
iv        = 39

idir      = 1
dcut      = 3.000000e-002
icut      = 62
type      = 1
frequency = 3.500000e+009

fcutoff   = 0.000000e+000
alpha     = 0.000000e+000
beta      = 1.355554e+002
accuracy  = 1.629896e-014

type          = QTEM
wave imp.     = 2.046205e+002
wave imp.sig. = 0.000000e+000
line imp.     = 4.921856e+001

ref. port     = 0

-0.000000e+000  -8.619059e-002  -1.470544e-001  -2.418082e-001  -2.966249e-001  -3.091892e-001  -2.610203e-001  -1.420586e-001  -0.000000e+000  
-0.000000e+000  -7.604510e-002  -1.498283e-001  -2.497505e-001  -3.052052e-001  -3.166193e-001  -2.655708e-001  -1.438634e-001  -0.000000e+000  
-0.000000e+000  -1.042342e-001  -1.985077e-001  -3.214217e-001  -3.790317e-001  -3.794462e-001  -3.033468e-001  -1.586315e-001  -0.000000e+000  
-0.000000e+000  -1.627775e-001  -3.045407e-001  -4.694985e-001  -5.218553e-001  -4.933540e-001  -3.662107e-001  -1.814980e-001  -0.000000e+000  
-0.000000e+000  -2.747444e-001  -5.030896e-001  -7.228677e-001  -7.424095e-001  -6.523236e-001  -4.430818e-001  -2.063351e-001  -0.000000e+000  
-0.000000e+000  -5.130570e-001  -9.143007e-001  -1.176378e+000  -1.080547e+000  -8.613361e-001  -5.253201e-001  -2.276411e-001  -0.000000e+000  
-0.000000e+000  -1.057216e+000  -1.843990e+000  -1.984954e+000  -1.556679e+000  -1.092106e+000  -5.872311e-001  -2.350965e-001  -0.000000e+000  
-0.000000e+000  -2.342824e+000  -4.224946e+000  -3.360881e+000  -2.102024e+000  -1.252408e+000  -5.855140e-001  -2.160498e-001  -0.000000e+000  
-0.000000e+000  -4.886492e+000  -1.147364e+001  -5.176128e+000  -2.321012e+000  -1.143346e+000  -4.667798e-001  -1.601360e-001  -0.000000e+000  
-0.000000e+000  -2.724882e+000  -0.000000e+000  -2.372516e+000  -1.214879e+000  -6.049837e-001  -2.386213e-001  -7.947133e-002  -0.000000e+000  
-0.000000e+000  -4.229535e-001  -0.000000e+000  -5.227385e-001  -3.039347e-001  -1.516626e-001  -5.849730e-002  -1.921848e-002  -0.000000e+000  
-0.000000e+000  1.986519e+000  -0.000000e+000  1.745659e+000  9.258250e-001  4.703805e-001  1.874535e-001  6.253316e-002  -0.000000e+000  
-0.000000e+000  4.814764e+000  1.127707e+001  5.159056e+000  2.312871e+000  1.139461e+000  4.671993e-001  1.610313e-001  -0.000000e+000  
-0.000000e+000  2.253823e+000  4.059479e+000  3.281844e+000  2.073232e+000  1.244088e+000  5.856870e-001  2.171620e-001  -0.000000e+000  
-0.000000e+000  1.038561e+000  1.812701e+000  1.957904e+000  1.538892e+000  1.081831e+000  5.834413e-001  2.342008e-001  -0.000000e+000  
-0.000000e+000  5.226717e-001  9.306569e-001  1.192266e+000  1.089911e+000  8.652192e-001  5.256119e-001  2.272868e-001  -0.000000e+000  
-0.000000e+000  2.874532e-001  5.253196e-001  7.495620e-001  7.637178e-001  6.661247e-001  4.486158e-001  2.077304e-001  -0.000000e+000  
-0.000000e+000  1.730793e-001  3.230690e-001  4.945295e-001  5.448938e-001  5.107471e-001  3.749700e-001  1.843744e-001  -0.000000e+000  
-0.000000e+000  1.389329e-001  2.613699e-001  4.094587e-001  4.640691e-001  4.472345e-001  3.405808e-001  1.720641e-001  -0.000000e+000  
-0.000000e+000  1.038208e-001  1.977472e-001  3.203552e-001  3.779587e-001  3.784902e-001  3.026366e-001  1.582658e-001  -0.000000e+000  
-0.000000e+000  7.589512e-002  1.494583e-001  2.490367e-001  3.043688e-001  3.158027e-001  2.649283e-001  1.435249e-001  -0.000000e+000  
-0.000000e+000  8.610019e-002  1.467818e-001  2.411411e-001  2.958176e-001  3.083899e-001  2.603861e-001  1.417234e-001  -0.000000e+000  
-0.000000e+000  -0.000000e+000  -0.000000e+000  -0.000000e+000  -0.000000e+000  -0.000000e+000  -0.000000e+000  -0.000000e+000  -0.000000e+000  

-0.000000e+000  -0.000000e+000  -0.000000e+000  -0.000000e+000  -0.000000e+000  -0.000000e+000  -0.000000e+000  -0.000000e+000  -0.000000e+000  
4.827266e-002  5.622849e-002  5.197124e-002  3.956311e-002  2.627503e-002  1.183667e-002  4.451135e-005  -5.102789e-003  -0.000000e+000  
3.345332e-001  3.157263e-001  2.749898e-001  2.057591e-001  1.349315e-001  5.926618e-002  -1.431085e-003  -2.755893e-002  -0.000000e+000  
6.629998e-001  6.226041e-001  5.305048e-001  3.798226e-001  2.351716e-001  9.013696e-002  -1.687202e-002  -5.984323e-002  -0.000000e+000  
1.067677e+000  9.891258e-001  8.102815e-001  5.379978e-001  3.015021e-001  8.677327e-002  -5.251519e-002  -1.024664e-001  -0.000000e+000  
1.680676e+000  1.521078e+000  1.160075e+000  6.758151e-001  3.145614e-001  3.249242e-002  -1.173477e-001  -1.610856e-001  -0.000000e+000  
2.721458e+000  2.371737e+000  1.574829e+000  7.165546e-001  2.094124e-001  -1.025236e-001  -2.177143e-001  -2.353596e-001  -0.000000e+000  
4.708513e+000  3.907084e+000  1.905552e+000  4.521649e-001  -1.282690e-001  -3.482695e-001  -3.527030e-001  -3.198851e-001  -0.000000e+000  
8.878205e+000  7.321161e+000  1.310215e+000  -6.015168e-001  -8.404008e-001  -7.062307e-001  -5.061181e-001  -4.028461e-001  -0.000000e+000  
1.729089e+001  1.876811e+001  -6.541584e+000  -3.201637e+000  -1.888535e+000  -1.088287e+000  -6.396291e-001  -4.669362e-001  -0.000000e+000  
2.080260e+001  2.325669e+001  -7.412034e+000  -3.981708e+000  -2.296383e+000  -1.245199e+000  -6.924345e-001  -4.911613e-001  -0.000000e+000  
2.107992e+001  2.300653e+001  -7.208736e+000  -4.053931e+000  -2.347343e+000  -1.265237e+000  -6.989675e-001  -4.940834e-001  -0.000000e+000  
1.723184e+001  1.880341e+001  -6.534725e+000  -3.230173e+000  -1.891927e+000  -1.083640e+000  -6.366431e-001  -4.653133e-001  -0.000000e+000  
8.702944e+000  7.178120e+000  1.357322e+000  -5.648201e-001  -8.183432e-001  -6.938062e-001  -4.998610e-001  -3.991474e-001  -0.000000e+000  
4.569296e+000  3.801064e+000  1.886607e+000  4.697168e-001  -1.064040e-001  -3.316992e-001  -3.430819e-001  -3.136680e-001  -0.000000e+000  
2.720867e+000  2.370440e+000  1.571242e+000  7.120643e-001  2.064600e-001  -1.031434e-001  -2.169703e-001  -2.343307e-001  -0.000000e+000  
1.720736e+000  1.554619e+000  1.178946e+000  6.793492e-001  3.109794e-001  2.690292e-002  -1.215216e-001  -1.640736e-001  -0.000000e+000  
1.119166e+000  1.034759e+000  8.426826e-001  5.531244e-001  3.051515e-001  8.328702e-002  -5.785916e-002  -1.075936e-001  -0.000000e+000  
7.180886e-001  6.731052e-001  5.704883e-001  4.042484e-001  2.469866e-001  9.157973e-002  -2.096929e-002  -6.547675e-002  -0.000000e+000  
6.608181e-001  6.206870e-001  5.292122e-001  3.792121e-001  2.349461e-001  9.016014e-002  -1.667945e-002  -5.957159e-002  -0.000000e+000  
3.334766e-001  3.147640e-001  2.742734e-001  2.053617e-001  1.347521e-001  5.925054e-002  -1.339668e-003  -2.742013e-002  -0.000000e+000  
4.809562e-002  5.603056e-002  5.183486e-002  3.948430e-002  2.623821e-002  1.183244e-002  6.156645e-005  -5.076403e-003  -0.000000e+000  
-0.000000e+000  -0.000000e+000  -0.000000e+000  -0.000000e+000  -0.000000e+000  -0.000000e+000  -0.000000e+000  -0.000000e+000  -0.000000e+000  

0.000000e+000  0.000000e+000  0.000000e+000  0.000000e+000  0.000000e+000  0.000000e+000  0.000000e+000  0.000000e+000  0.000000e+000  
0.000000e+000  0.000000e+000  0.000000e+000  0.000000e+000  0.000000e+000  0.000000e+000  0.000000e+000  0.000000e+000  0.000000e+000  
0.000000e+000  0.000000e+000  0.000000e+000  0.000000e+000  0.000000e+000  0.000000e+000  0.000000e+000  0.000000e+000  0.000000e+000  
0.000000e+000  0.000000e+000  0.000000e+000  0.000000e+000  0.000000e+000  0.000000e+000  0.000000e+000  0.000000e+000  0.000000e+000  
0.000000e+000  0.000000e+000  0.000000e+000  0.000000e+000  0.000000e+000  0.000000e+000  0.000000e+000  0.000000e+000  0.000000e+000  
0.000000e+000  0.000000e+000  0.000000e+000  0.000000e+000  0.000000e+000  0.000000e+000  0.000000e+000  0.000000e+000  0.000000e+000  
0.000000e+000  0.000000e+000  0.000000e+000  0.000000e+000  0.000000e+000  0.000000e+000  0.000000e+000  0.000000e+000  0.000000e+000  
0.000000e+000  0.000000e+000  0.000000e+000  0.000000e+000  0.000000e+000  0.000000e+000  0.000000e+000  0.000000e+000  0.000000e+000  
0.000000e+000  0.000000e+000  0.000000e+000  0.000000e+000  0.000000e+000  0.000000e+000  0.000000e+000  0.000000e+000  0.000000e+000  
0.000000e+000  0.000000e+000  0.000000e+000  0.000000e+000  0.000000e+000  0.000000e+000  0.000000e+000  0.000000e+000  0.000000e+000  
0.000000e+000  0.000000e+000  0.000000e+000  0.000000e+000  0.000000e+000  0.000000e+000  0.000000e+000  0.000000e+000  0.000000e+000  
0.000000e+000  0.000000e+000  0.000000e+000  0.000000e+000  0.000000e+000  0.000000e+000  0.000000e+000  0.000000e+000  0.000000e+000  
0.000000e+000  0.000000e+000  0.000000e+000  0.000000e+000  0.000000e+000  0.000000e+000  0.000000e+000  0.000000e+000  0.000000e+000  
0.000000e+000  0.000000e+000  0.000000e+000  0.000000e+000  0.000000e+000  0.000000e+000  0.000000e+000  0.000000e+000  0.000000e+000  
0.000000e+000  0.000000e+000  0.000000e+000  0.000000e+000  0.000000e+000  0.000000e+000  0.000000e+000  0.000000e+000  0.000000e+000  
0.000000e+000  0.000000e+000  0.000000e+000  0.000000e+000  0.000000e+000  0.000000e+000  0.000000e+000  0.000000e+000  0.000000e+000  
0.000000e+000  0.000000e+000  0.000000e+000  0.000000e+000  0.000000e+000  0.000000e+000  0.000000e+000  0.000000e+000  0.000000e+000  
0.000000e+000  0.000000e+000  0.000000e+000  0.000000e+000  0.000000e+000  0.000000e+000  0.000000e+000  0.000000e+000  0.000000e+000  
0.000000e+000  0.000000e+000  0.000000e+000  0.000000e+000  0.000000e+000  0.000000e+000  0.000000e+000  0.000000e+000  0.000000e+000  
0.000000e+000  0.000000e+000  0.000000e+000  0.000000e+000  0.000000e+000  0.000000e+000  0.000000e+000  0.000000e+000  0.000000e+000  
0.000000e+000  0.000000e+000  0.000000e+000  0.000000e+000  0.000000e+000  0.000000e+000  0.000000e+000  0.000000e+000  0.000000e+000  
0.000000e+000  0.000000e+000  0.000000e+000  0.000000e+000  0.000000e+000  0.000000e+000  0.000000e+000  0.000000e+000  0.000000e+000  
0.000000e+000  0.000000e+000  0.000000e+000  0.000000e+000  0.000000e+000  0.000000e+000  0.000000e+000  0.000000e+000  0.000000e+000  

0.000000e+000  0.000000e+000  0.000000e+000  0.000000e+000  0.000000e+000  0.000000e+000  0.000000e+000  0.000000e+000  0.000000e+000  
0.000000e+000  0.000000e+000  0.000000e+000  0.000000e+000  0.000000e+000  0.000000e+000  0.000000e+000  0.000000e+000  0.000000e+000  
0.000000e+000  0.000000e+000  0.000000e+000  0.000000e+000  0.000000e+000  0.000000e+000  0.000000e+000  0.000000e+000  0.000000e+000  
0.000000e+000  0.000000e+000  0.000000e+000  0.000000e+000  0.000000e+000  0.000000e+000  0.000000e+000  0.000000e+000  0.000000e+000  
0.000000e+000  0.000000e+000  0.000000e+000  0.000000e+000  0.000000e+000  0.000000e+000  0.000000e+000  0.000000e+000  0.000000e+000  
0.000000e+000  0.000000e+000  0.000000e+000  0.000000e+000  0.000000e+000  0.000000e+000  0.000000e+000  0.000000e+000  0.000000e+000  
0.000000e+000  0.000000e+000  0.000000e+000  0.000000e+000  0.000000e+000  0.000000e+000  0.000000e+000  0.000000e+000  0.000000e+000  
0.000000e+000  0.000000e+000  0.000000e+000  0.000000e+000  0.000000e+000  0.000000e+000  0.000000e+000  0.000000e+000  0.000000e+000  
0.000000e+000  0.000000e+000  0.000000e+000  0.000000e+000  0.000000e+000  0.000000e+000  0.000000e+000  0.000000e+000  0.000000e+000  
0.000000e+000  0.000000e+000  0.000000e+000  0.000000e+000  0.000000e+000  0.000000e+000  0.000000e+000  0.000000e+000  0.000000e+000  
0.000000e+000  0.000000e+000  0.000000e+000  0.000000e+000  0.000000e+000  0.000000e+000  0.000000e+000  0.000000e+000  0.000000e+000  
0.000000e+000  0.000000e+000  0.000000e+000  0.000000e+000  0.000000e+000  0.000000e+000  0.000000e+000  0.000000e+000  0.000000e+000  
0.000000e+000  0.000000e+000  0.000000e+000  0.000000e+000  0.000000e+000  0.000000e+000  0.000000e+000  0.000000e+000  0.000000e+000  
0.000000e+000  0.000000e+000  0.000000e+000  0.000000e+000  0.000000e+000  0.000000e+000  0.000000e+000  0.000000e+000  0.000000e+000  
0.000000e+000  0.000000e+000  0.000000e+000  0.000000e+000  0.000000e+000  0.000000e+000  0.000000e+000  0.000000e+000  0.000000e+000  
0.000000e+000  0.000000e+000  0.000000e+000  0.000000e+000  0.000000e+000  0.000000e+000  0.000000e+000  0.000000e+000  0.000000e+000  
0.000000e+000  0.000000e+000  0.000000e+000  0.000000e+000  0.000000e+000  0.000000e+000  0.000000e+000  0.000000e+000  0.000000e+000  
0.000000e+000  0.000000e+000  0.000000e+000  0.000000e+000  0.000000e+000  0.000000e+000  0.000000e+000  0.000000e+000  0.000000e+000  
0.000000e+000  0.000000e+000  0.000000e+000  0.000000e+000  0.000000e+000  0.000000e+000  0.000000e+000  0.000000e+000  0.000000e+000  
0.000000e+000  0.000000e+000  0.000000e+000  0.000000e+000  0.000000e+000  0.000000e+000  0.000000e+000  0.000000e+000  0.000000e+000  
0.000000e+000  0.000000e+000  0.000000e+000  0.000000e+000  0.000000e+000  0.000000e+000  0.000000e+000  0.000000e+000  0.000000e+000  
0.000000e+000  0.000000e+000  0.000000e+000  0.000000e+000  0.000000e+000  0.000000e+000  0.000000e+000  0.000000e+000  0.000000e+000  
0.000000e+000  0.000000e+000  0.000000e+000  0.000000e+000  0.000000e+000  0.000000e+000  0.000000e+000  0.000000e+000  0.000000e+000  

0.000000e+000  0.000000e+000  0.000000e+000  0.000000e+000  0.000000e+000  0.000000e+000  0.000000e+000  0.000000e+000  0.000000e+000  
0.000000e+000  0.000000e+000  0.000000e+000  0.000000e+000  0.000000e+000  0.000000e+000  0.000000e+000  0.000000e+000  0.000000e+000  
0.000000e+000  0.000000e+000  0.000000e+000  0.000000e+000  0.000000e+000  0.000000e+000  0.000000e+000  0.000000e+000  0.000000e+000  
0.000000e+000  0.000000e+000  0.000000e+000  0.000000e+000  0.000000e+000  0.000000e+000  0.000000e+000  0.000000e+000  0.000000e+000  
0.000000e+000  0.000000e+000  0.000000e+000  0.000000e+000  0.000000e+000  0.000000e+000  0.000000e+000  0.000000e+000  0.000000e+000  
0.000000e+000  0.000000e+000  0.000000e+000  0.000000e+000  0.000000e+000  0.000000e+000  0.000000e+000  0.000000e+000  0.000000e+000  
0.000000e+000  0.000000e+000  0.000000e+000  0.000000e+000  0.000000e+000  0.000000e+000  0.000000e+000  0.000000e+000  0.000000e+000  
0.000000e+000  0.000000e+000  0.000000e+000  0.000000e+000  0.000000e+000  0.000000e+000  0.000000e+000  0.000000e+000  0.000000e+000  
0.000000e+000  0.000000e+000  0.000000e+000  0.000000e+000  0.000000e+000  0.000000e+000  0.000000e+000  0.000000e+000  0.000000e+000  
0.000000e+000  0.000000e+000  0.000000e+000  0.000000e+000  0.000000e+000  0.000000e+000  0.000000e+000  0.000000e+000  0.000000e+000  
0.000000e+000  0.000000e+000  0.000000e+000  0.000000e+000  0.000000e+000  0.000000e+000  0.000000e+000  0.000000e+000  0.000000e+000  
0.000000e+000  0.000000e+000  0.000000e+000  0.000000e+000  0.000000e+000  0.000000e+000  0.000000e+000  0.000000e+000  0.000000e+000  
0.000000e+000  0.000000e+000  0.000000e+000  0.000000e+000  0.000000e+000  0.000000e+000  0.000000e+000  0.000000e+000  0.000000e+000  
0.000000e+000  0.000000e+000  0.000000e+000  0.000000e+000  0.000000e+000  0.000000e+000  0.000000e+000  0.000000e+000  0.000000e+000  
0.000000e+000  0.000000e+000  0.000000e+000  0.000000e+000  0.000000e+000  0.000000e+000  0.000000e+000  0.000000e+000  0.000000e+000  
0.000000e+000  0.000000e+000  0.000000e+000  0.000000e+000  0.000000e+000  0.000000e+000  0.000000e+000  0.000000e+000  0.000000e+000  
0.000000e+000  0.000000e+000  0.000000e+000  0.000000e+000  0.000000e+000  0.000000e+000  0.000000e+000  0.000000e+000  0.000000e+000  
0.000000e+000  0.000000e+000  0.000000e+000  0.000000e+000  0.000000e+000  0.000000e+000  0.000000e+000  0.000000e+000  0.000000e+000  
0.000000e+000  0.000000e+000  0.000000e+000  0.000000e+000  0.000000e+000  0.000000e+000  0.000000e+000  0.000000e+000  0.000000e+000  
0.000000e+000  0.000000e+000  0.000000e+000  0.000000e+000  0.000000e+000  0.000000e+000  0.000000e+000  0.000000e+000  0.000000e+000  
0.000000e+000  0.000000e+000  0.000000e+000  0.000000e+000  0.000000e+000  0.000000e+000  0.000000e+000  0.000000e+000  0.000000e+000  
0.000000e+000  0.000000e+000  0.000000e+000  0.000000e+000  0.000000e+000  0.000000e+000  0.000000e+000  0.000000e+000  0.000000e+000  
0.000000e+000  0.000000e+000  0.000000e+000  0.000000e+000  0.000000e+000  0.000000e+000  0.000000e+000  0.000000e+000  0.000000e+000  

6.041419e-001  5.909797e-001  5.631990e-001  5.204279e-001  4.718870e-001  4.109073e-001  3.447140e-001  3.059872e-001  -0.000000e+000  
6.082664e-001  5.958416e-001  5.676564e-001  5.236875e-001  4.739310e-001  4.116768e-001  3.444801e-001  3.053285e-001  -0.000000e+000  
6.542342e-001  6.399107e-001  6.057184e-001  5.509666e-001  4.907895e-001  4.177945e-001  3.422913e-001  2.996733e-001  -0.000000e+000  
7.379726e-001  7.206451e-001  6.743812e-001  5.978851e-001  5.179270e-001  4.257611e-001  3.366175e-001  2.887080e-001  -0.000000e+000  
8.580906e-001  8.375357e-001  7.714604e-001  6.590270e-001  5.493213e-001  4.309845e-001  3.254987e-001  2.719855e-001  -0.000000e+000  
1.027368e+000  1.006528e+000  9.068676e-001  7.328943e-001  5.791063e-001  4.273750e-001  3.049916e-001  2.469453e-001  -0.000000e+000  
1.245032e+000  1.239659e+000  1.083319e+000  8.051999e-001  5.919120e-001  4.048978e-001  2.708122e-001  2.117723e-001  -0.000000e+000  
1.466103e+000  1.533740e+000  1.281942e+000  8.367125e-001  5.592273e-001  3.502977e-001  2.189465e-001  1.653829e-001  -0.000000e+000  
1.485729e+000  1.778591e+000  1.383186e+000  7.338789e-001  4.374490e-001  2.507890e-001  1.475190e-001  1.081995e-001  -0.000000e+000  
7.790601e-001  8.902517e-001  6.761770e-001  3.758633e-001  2.210932e-001  1.229052e-001  7.039833e-002  5.096396e-002  -0.000000e+000  
1.914299e-001  2.094578e-001  1.590915e-001  9.312224e-002  5.452029e-002  2.997833e-002  1.712729e-002  1.242938e-002  -0.000000e+000  
-6.066595e-001  -6.847279e-001  -5.118816e-001  -2.903124e-001  -1.721407e-001  -9.574225e-002  -5.450858e-002  -3.922980e-002  -0.000000e+000  
-1.482960e+000  -1.772796e+000  -1.381555e+000  -7.341736e-001  -4.386419e-001  -2.524629e-001  -1.490091e-001  -1.094429e-001  -0.000000e+000  
-1.453848e+000  -1.516433e+000  -1.270807e+000  -8.351151e-001  -5.609912e-001  -3.531758e-001  -2.216478e-001  -1.677644e-001  -0.000000e+000  
-1.235747e+000  -1.230057e+000  -1.075827e+000  -8.013074e-001  -5.903123e-001  -4.049229e-001  -2.716052e-001  -2.127507e-001  -0.000000e+000  
-1.030688e+000  -1.010096e+000  -9.093962e-001  -7.334122e-001  -5.784973e-001  -4.262174e-001  -3.038253e-001  -2.458848e-001  -0.000000e+000  
-8.682717e-001  -8.475585e-001  -7.795017e-001  -6.634064e-001  -5.509141e-001  -4.303758e-001  -3.237617e-001  -2.699579e-001  -0.000000e+000  
-7.501426e-001  -7.324413e-001  -6.842388e-001  -6.041578e-001  -5.210748e-001  -4.260375e-001  -3.350330e-001  -2.864773e-001  -0.000000e+000  
-7.031854e-001  -6.871745e-001  -6.459165e-001  -5.782668e-001  -5.063313e-001  -4.219460e-001  -3.383813e-001  -2.926651e-001  -0.000000e+000  
-6.525127e-001  -6.384157e-001  -6.045044e-001  -5.499528e-001  -4.899439e-001  -4.171261e-001  -3.417932e-001  -2.992698e-001  -0.000000e+000  
-6.056848e-001  -5.941114e-001  -5.666248e-001  -5.227701e-001  -4.731248e-001  -4.110123e-001  -3.439672e-001  -3.049030e-001  -0.000000e+000  
-5.998449e-001  -5.886041e-001  -5.624929e-001  -5.195558e-001  -4.710898e-001  -4.102438e-001  -3.441994e-001  -3.055591e-001  -0.000000e+000  
-0.000000e+000  -0.000000e+000  -0.000000e+000  -0.000000e+000  -0.000000e+000  -0.000000e+000  -0.000000e+000  -0.000000e+000  -0.000000e+000  

