Port monitor named: Port4_e1.prt

nx        = 70
ny        = 68
nz        = 25

nu        = 9
nv        = 23
iu        = 10
iv        = 10

idir      = 1
dcut      = -3.000000e-002
icut      = 9
type      = 0
frequency = 3.500000e+009

fcutoff   = 0.000000e+000
alpha     = 0.000000e+000
beta      = 1.347113e+002
accuracy  = 1.561388e-014

type          = QTEM
wave imp.     = 2.060162e+002
wave imp.sig. = 0.000000e+000
line imp.     = 4.919575e+001

ref. port     = 0

0.000000e+000  0.000000e+000  0.000000e+000  0.000000e+000  0.000000e+000  0.000000e+000  0.000000e+000  0.000000e+000  0.000000e+000  
-3.481827e-001  -2.306085e+000  -1.323221e+001  -9.709543e+000  -6.999658e+000  -3.969625e+000  -1.314648e+000  -8.873384e-002  0.000000e+000  
-1.639013e+001  -1.537639e+001  -6.113370e+001  -4.975460e+001  -3.607353e+001  -2.018987e+001  -6.455942e+000  -1.975735e-001  0.000000e+000  
-3.565150e+001  -3.186519e+001  -1.198671e+002  -9.389788e+001  -6.496505e+001  -3.360398e+001  -8.751850e+000  1.849037e+000  0.000000e+000  
-3.942898e+001  -3.493450e+001  -1.298670e+002  -1.006607e+002  -6.884173e+001  -3.496050e+001  -8.633368e+000  2.440518e+000  0.000000e+000  
-6.813173e+001  -5.742210e+001  -1.983036e+002  -1.431638e+002  -9.028443e+001  -3.986590e+001  -5.502324e+000  7.552571e+000  0.000000e+000  
-1.228594e+002  -9.607438e+001  -2.911056e+002  -1.867211e+002  -1.030793e+002  -3.500030e+001  3.512942e+000  1.600449e+001  0.000000e+000  
-2.430867e+002  -1.727586e+002  -4.148256e+002  -2.170694e+002  -9.378329e+001  -1.401007e+001  1.984183e+001  2.783037e+001  0.000000e+000  
-5.359798e+002  -3.509276e+002  -5.495388e+002  -1.907914e+002  -3.733757e+001  3.006706e+001  4.366942e+001  4.217119e+001  0.000000e+000  
-1.371106e+003  -9.296259e+002  -5.196010e+002  2.433711e+001  1.160599e+002  1.066022e+002  7.512567e+001  5.832196e+001  0.000000e+000  
-3.489434e+003  -3.925390e+003  1.482271e+003  6.782796e+002  3.684174e+002  1.929142e+002  1.032899e+002  7.102312e+001  0.000000e+000  
-4.298808e+003  -4.787468e+003  1.665135e+003  8.638778e+002  4.655860e+002  2.296356e+002  1.151728e+002  7.620432e+001  0.000000e+000  
-3.337703e+003  -4.018513e+003  1.580450e+003  6.070619e+002  3.318588e+002  1.817112e+002  1.005491e+002  7.011792e+001  0.000000e+000  
-2.476388e+003  -2.225301e+003  1.685353e+002  3.454364e+002  2.492550e+002  1.548393e+002  9.183324e+001  6.620148e+001  0.000000e+000  
-1.709791e+003  -1.184958e+003  -4.171855e+002  1.200947e+002  1.647277e+002  1.252787e+002  8.174740e+001  6.151287e+001  0.000000e+000  
-6.416385e+002  -4.140341e+002  -5.711093e+002  -1.711729e+002  -1.706205e+001  4.221121e+001  4.929773e+001  4.529891e+001  0.000000e+000  
-2.636933e+002  -1.851809e+002  -4.291351e+002  -2.184319e+002  -9.122681e+001  -1.120411e+001  2.161816e+001  2.901553e+001  0.000000e+000  
-1.233851e+002  -9.633593e+001  -2.910943e+002  -1.868210e+002  -1.034627e+002  -3.555483e+001  3.063114e+000  1.568337e+001  0.000000e+000  
-6.460142e+001  -5.470730e+001  -1.903788e+002  -1.387598e+002  -8.863246e+001  -4.017995e+001  -6.494173e+000  6.539936e+000  0.000000e+000  
-3.543074e+001  -3.155386e+001  -1.182181e+002  -9.266388e+001  -6.430409e+001  -3.354339e+001  -9.041566e+000  1.480933e+000  0.000000e+000  
-1.693321e+001  -1.545246e+001  -6.004710e+001  -4.899296e+001  -3.565232e+001  -2.009905e+001  -6.580573e+000  -3.858210e-001  0.000000e+000  
-2.428576e+000  -2.757227e+000  -1.136374e+001  -9.380469e+000  -6.896207e+000  -3.948507e+000  -1.337254e+000  -1.245002e-001  0.000000e+000  
0.000000e+000  0.000000e+000  0.000000e+000  0.000000e+000  0.000000e+000  0.000000e+000  0.000000e+000  0.000000e+000  0.000000e+000  

0.000000e+000  1.211094e+001  1.994444e+001  -9.693984e+000  -2.734453e+001  -3.636277e+001  -3.578616e+001  -2.088726e+001  0.000000e+000  
0.000000e+000  4.853874e+000  1.096130e+001  -1.180368e+001  -2.895073e+001  -3.780760e+001  -3.673798e+001  -2.128424e+001  0.000000e+000  
0.000000e+000  4.080121e+000  9.329564e+000  -2.205933e+001  -4.198523e+001  -5.004062e+001  -4.468155e+001  -2.454926e+001  0.000000e+000  
0.000000e+000  1.262658e+000  4.835415e+000  -3.586559e+001  -5.797470e+001  -6.394842e+001  -5.289650e+001  -2.768700e+001  0.000000e+000  
0.000000e+000  -1.729353e+000  9.672874e-002  -4.932164e+001  -7.315514e+001  -7.689782e+001  -6.038401e+001  -3.050227e+001  0.000000e+000  
0.000000e+000  -1.566936e+001  -2.159159e+001  -9.431648e+001  -1.170818e+002  -1.101587e+002  -7.707031e+001  -3.609027e+001  0.000000e+000  
0.000000e+000  -5.369566e+001  -8.020941e+001  -1.821717e+002  -1.877171e+002  -1.553761e+002  -9.557916e+001  -4.121751e+001  0.000000e+000  
0.000000e+000  -1.588053e+002  -2.449257e+002  -3.527459e+002  -2.932145e+002  -2.083905e+002  -1.112311e+002  -4.397330e+001  0.000000e+000  
0.000000e+000  -4.555907e+002  -7.601185e+002  -6.813976e+002  -4.311697e+002  -2.540572e+002  -1.159121e+002  -4.184956e+001  0.000000e+000  
0.000000e+000  -1.204018e+003  -2.730741e+003  -1.206370e+003  -5.143975e+002  -2.415123e+002  -9.418653e+001  -3.134455e+001  0.000000e+000  
0.000000e+000  -4.203891e+002  0.000000e+000  -3.721470e+002  -1.892777e+002  -9.274442e+001  -3.566090e+001  -1.161742e+001  0.000000e+000  
0.000000e+000  4.962906e+002  0.000000e+000  4.951272e+002  2.450802e+002  1.142934e+002  4.147136e+001  1.295102e+001  0.000000e+000  
0.000000e+000  1.349076e+003  4.839495e+003  1.198827e+003  4.471591e+002  2.036598e+002  7.867969e+001  2.599375e+001  0.000000e+000  
0.000000e+000  1.194460e+003  2.820515e+003  1.138662e+003  4.841581e+002  2.324983e+002  9.339928e+001  3.157393e+001  0.000000e+000  
0.000000e+000  5.772840e+002  9.827266e+002  7.797798e+002  4.587846e+002  2.575870e+002  1.134418e+002  4.016239e+001  0.000000e+000  
0.000000e+000  1.878801e+002  2.906085e+002  3.896452e+002  3.118723e+002  2.158201e+002  1.125420e+002  4.386209e+001  0.000000e+000  
0.000000e+000  5.725337e+001  8.556098e+001  1.878433e+002  1.912264e+002  1.570530e+002  9.594447e+001  4.119384e+001  0.000000e+000  
0.000000e+000  1.466346e+001  1.998263e+001  9.063302e+001  1.132984e+002  1.071606e+002  7.544102e+001  3.547832e+001  0.000000e+000  
0.000000e+000  5.343564e-001  -1.988169e+000  4.415693e+001  6.729745e+001  7.183322e+001  5.735301e+001  2.930158e+001  0.000000e+000  
0.000000e+000  -4.409203e+000  -9.782929e+000  2.123049e+001  4.086016e+001  4.882817e+001  4.370019e+001  2.405310e+001  0.000000e+000  
0.000000e+000  -6.078444e+000  -1.231373e+001  1.132247e+001  2.820634e+001  3.689896e+001  3.591479e+001  2.083600e+001  0.000000e+000  
0.000000e+000  -5.556042e+000  -1.232959e+001  1.023522e+001  2.675176e+001  3.550018e+001  3.498270e+001  2.044507e+001  0.000000e+000  
0.000000e+000  0.000000e+000  0.000000e+000  0.000000e+000  0.000000e+000  0.000000e+000  0.000000e+000  0.000000e+000  0.000000e+000  

0.000000e+000  0.000000e+000  0.000000e+000  0.000000e+000  0.000000e+000  0.000000e+000  0.000000e+000  0.000000e+000  0.000000e+000  
0.000000e+000  0.000000e+000  0.000000e+000  0.000000e+000  0.000000e+000  0.000000e+000  0.000000e+000  0.000000e+000  0.000000e+000  
0.000000e+000  0.000000e+000  0.000000e+000  0.000000e+000  0.000000e+000  0.000000e+000  0.000000e+000  0.000000e+000  0.000000e+000  
0.000000e+000  0.000000e+000  0.000000e+000  0.000000e+000  0.000000e+000  0.000000e+000  0.000000e+000  0.000000e+000  0.000000e+000  
0.000000e+000  0.000000e+000  0.000000e+000  0.000000e+000  0.000000e+000  0.000000e+000  0.000000e+000  0.000000e+000  0.000000e+000  
0.000000e+000  0.000000e+000  0.000000e+000  0.000000e+000  0.000000e+000  0.000000e+000  0.000000e+000  0.000000e+000  0.000000e+000  
0.000000e+000  0.000000e+000  0.000000e+000  0.000000e+000  0.000000e+000  0.000000e+000  0.000000e+000  0.000000e+000  0.000000e+000  
0.000000e+000  0.000000e+000  0.000000e+000  0.000000e+000  0.000000e+000  0.000000e+000  0.000000e+000  0.000000e+000  0.000000e+000  
0.000000e+000  0.000000e+000  0.000000e+000  0.000000e+000  0.000000e+000  0.000000e+000  0.000000e+000  0.000000e+000  0.000000e+000  
0.000000e+000  0.000000e+000  0.000000e+000  0.000000e+000  0.000000e+000  0.000000e+000  0.000000e+000  0.000000e+000  0.000000e+000  
0.000000e+000  0.000000e+000  0.000000e+000  0.000000e+000  0.000000e+000  0.000000e+000  0.000000e+000  0.000000e+000  0.000000e+000  
0.000000e+000  0.000000e+000  0.000000e+000  0.000000e+000  0.000000e+000  0.000000e+000  0.000000e+000  0.000000e+000  0.000000e+000  
0.000000e+000  0.000000e+000  0.000000e+000  0.000000e+000  0.000000e+000  0.000000e+000  0.000000e+000  0.000000e+000  0.000000e+000  
0.000000e+000  0.000000e+000  0.000000e+000  0.000000e+000  0.000000e+000  0.000000e+000  0.000000e+000  0.000000e+000  0.000000e+000  
0.000000e+000  0.000000e+000  0.000000e+000  0.000000e+000  0.000000e+000  0.000000e+000  0.000000e+000  0.000000e+000  0.000000e+000  
0.000000e+000  0.000000e+000  0.000000e+000  0.000000e+000  0.000000e+000  0.000000e+000  0.000000e+000  0.000000e+000  0.000000e+000  
0.000000e+000  0.000000e+000  0.000000e+000  0.000000e+000  0.000000e+000  0.000000e+000  0.000000e+000  0.000000e+000  0.000000e+000  
0.000000e+000  0.000000e+000  0.000000e+000  0.000000e+000  0.000000e+000  0.000000e+000  0.000000e+000  0.000000e+000  0.000000e+000  
0.000000e+000  0.000000e+000  0.000000e+000  0.000000e+000  0.000000e+000  0.000000e+000  0.000000e+000  0.000000e+000  0.000000e+000  
0.000000e+000  0.000000e+000  0.000000e+000  0.000000e+000  0.000000e+000  0.000000e+000  0.000000e+000  0.000000e+000  0.000000e+000  
0.000000e+000  0.000000e+000  0.000000e+000  0.000000e+000  0.000000e+000  0.000000e+000  0.000000e+000  0.000000e+000  0.000000e+000  
0.000000e+000  0.000000e+000  0.000000e+000  0.000000e+000  0.000000e+000  0.000000e+000  0.000000e+000  0.000000e+000  0.000000e+000  
0.000000e+000  0.000000e+000  0.000000e+000  0.000000e+000  0.000000e+000  0.000000e+000  0.000000e+000  0.000000e+000  0.000000e+000  

0.000000e+000  0.000000e+000  0.000000e+000  0.000000e+000  0.000000e+000  0.000000e+000  0.000000e+000  0.000000e+000  0.000000e+000  
0.000000e+000  0.000000e+000  0.000000e+000  0.000000e+000  0.000000e+000  0.000000e+000  0.000000e+000  0.000000e+000  0.000000e+000  
0.000000e+000  0.000000e+000  0.000000e+000  0.000000e+000  0.000000e+000  0.000000e+000  0.000000e+000  0.000000e+000  0.000000e+000  
0.000000e+000  0.000000e+000  0.000000e+000  0.000000e+000  0.000000e+000  0.000000e+000  0.000000e+000  0.000000e+000  0.000000e+000  
0.000000e+000  0.000000e+000  0.000000e+000  0.000000e+000  0.000000e+000  0.000000e+000  0.000000e+000  0.000000e+000  0.000000e+000  
0.000000e+000  0.000000e+000  0.000000e+000  0.000000e+000  0.000000e+000  0.000000e+000  0.000000e+000  0.000000e+000  0.000000e+000  
0.000000e+000  0.000000e+000  0.000000e+000  0.000000e+000  0.000000e+000  0.000000e+000  0.000000e+000  0.000000e+000  0.000000e+000  
0.000000e+000  0.000000e+000  0.000000e+000  0.000000e+000  0.000000e+000  0.000000e+000  0.000000e+000  0.000000e+000  0.000000e+000  
0.000000e+000  0.000000e+000  0.000000e+000  0.000000e+000  0.000000e+000  0.000000e+000  0.000000e+000  0.000000e+000  0.000000e+000  
0.000000e+000  0.000000e+000  0.000000e+000  0.000000e+000  0.000000e+000  0.000000e+000  0.000000e+000  0.000000e+000  0.000000e+000  
0.000000e+000  0.000000e+000  0.000000e+000  0.000000e+000  0.000000e+000  0.000000e+000  0.000000e+000  0.000000e+000  0.000000e+000  
0.000000e+000  0.000000e+000  0.000000e+000  0.000000e+000  0.000000e+000  0.000000e+000  0.000000e+000  0.000000e+000  0.000000e+000  
0.000000e+000  0.000000e+000  0.000000e+000  0.000000e+000  0.000000e+000  0.000000e+000  0.000000e+000  0.000000e+000  0.000000e+000  
0.000000e+000  0.000000e+000  0.000000e+000  0.000000e+000  0.000000e+000  0.000000e+000  0.000000e+000  0.000000e+000  0.000000e+000  
0.000000e+000  0.000000e+000  0.000000e+000  0.000000e+000  0.000000e+000  0.000000e+000  0.000000e+000  0.000000e+000  0.000000e+000  
0.000000e+000  0.000000e+000  0.000000e+000  0.000000e+000  0.000000e+000  0.000000e+000  0.000000e+000  0.000000e+000  0.000000e+000  
0.000000e+000  0.000000e+000  0.000000e+000  0.000000e+000  0.000000e+000  0.000000e+000  0.000000e+000  0.000000e+000  0.000000e+000  
0.000000e+000  0.000000e+000  0.000000e+000  0.000000e+000  0.000000e+000  0.000000e+000  0.000000e+000  0.000000e+000  0.000000e+000  
0.000000e+000  0.000000e+000  0.000000e+000  0.000000e+000  0.000000e+000  0.000000e+000  0.000000e+000  0.000000e+000  0.000000e+000  
0.000000e+000  0.000000e+000  0.000000e+000  0.000000e+000  0.000000e+000  0.000000e+000  0.000000e+000  0.000000e+000  0.000000e+000  
0.000000e+000  0.000000e+000  0.000000e+000  0.000000e+000  0.000000e+000  0.000000e+000  0.000000e+000  0.000000e+000  0.000000e+000  
0.000000e+000  0.000000e+000  0.000000e+000  0.000000e+000  0.000000e+000  0.000000e+000  0.000000e+000  0.000000e+000  0.000000e+000  
0.000000e+000  0.000000e+000  0.000000e+000  0.000000e+000  0.000000e+000  0.000000e+000  0.000000e+000  0.000000e+000  0.000000e+000  

0.000000e+000  0.000000e+000  0.000000e+000  0.000000e+000  0.000000e+000  0.000000e+000  0.000000e+000  0.000000e+000  0.000000e+000  
0.000000e+000  0.000000e+000  0.000000e+000  0.000000e+000  0.000000e+000  0.000000e+000  0.000000e+000  0.000000e+000  0.000000e+000  
0.000000e+000  0.000000e+000  0.000000e+000  0.000000e+000  0.000000e+000  0.000000e+000  0.000000e+000  0.000000e+000  0.000000e+000  
0.000000e+000  0.000000e+000  0.000000e+000  0.000000e+000  0.000000e+000  0.000000e+000  0.000000e+000  0.000000e+000  0.000000e+000  
0.000000e+000  0.000000e+000  0.000000e+000  0.000000e+000  0.000000e+000  0.000000e+000  0.000000e+000  0.000000e+000  0.000000e+000  
0.000000e+000  0.000000e+000  0.000000e+000  0.000000e+000  0.000000e+000  0.000000e+000  0.000000e+000  0.000000e+000  0.000000e+000  
0.000000e+000  0.000000e+000  0.000000e+000  0.000000e+000  0.000000e+000  0.000000e+000  0.000000e+000  0.000000e+000  0.000000e+000  
0.000000e+000  0.000000e+000  0.000000e+000  0.000000e+000  0.000000e+000  0.000000e+000  0.000000e+000  0.000000e+000  0.000000e+000  
0.000000e+000  0.000000e+000  0.000000e+000  0.000000e+000  0.000000e+000  0.000000e+000  0.000000e+000  0.000000e+000  0.000000e+000  
0.000000e+000  0.000000e+000  0.000000e+000  0.000000e+000  0.000000e+000  0.000000e+000  0.000000e+000  0.000000e+000  0.000000e+000  
0.000000e+000  0.000000e+000  0.000000e+000  0.000000e+000  0.000000e+000  0.000000e+000  0.000000e+000  0.000000e+000  0.000000e+000  
0.000000e+000  0.000000e+000  0.000000e+000  0.000000e+000  0.000000e+000  0.000000e+000  0.000000e+000  0.000000e+000  0.000000e+000  
0.000000e+000  0.000000e+000  0.000000e+000  0.000000e+000  0.000000e+000  0.000000e+000  0.000000e+000  0.000000e+000  0.000000e+000  
0.000000e+000  0.000000e+000  0.000000e+000  0.000000e+000  0.000000e+000  0.000000e+000  0.000000e+000  0.000000e+000  0.000000e+000  
0.000000e+000  0.000000e+000  0.000000e+000  0.000000e+000  0.000000e+000  0.000000e+000  0.000000e+000  0.000000e+000  0.000000e+000  
0.000000e+000  0.000000e+000  0.000000e+000  0.000000e+000  0.000000e+000  0.000000e+000  0.000000e+000  0.000000e+000  0.000000e+000  
0.000000e+000  0.000000e+000  0.000000e+000  0.000000e+000  0.000000e+000  0.000000e+000  0.000000e+000  0.000000e+000  0.000000e+000  
0.000000e+000  0.000000e+000  0.000000e+000  0.000000e+000  0.000000e+000  0.000000e+000  0.000000e+000  0.000000e+000  0.000000e+000  
0.000000e+000  0.000000e+000  0.000000e+000  0.000000e+000  0.000000e+000  0.000000e+000  0.000000e+000  0.000000e+000  0.000000e+000  
0.000000e+000  0.000000e+000  0.000000e+000  0.000000e+000  0.000000e+000  0.000000e+000  0.000000e+000  0.000000e+000  0.000000e+000  
0.000000e+000  0.000000e+000  0.000000e+000  0.000000e+000  0.000000e+000  0.000000e+000  0.000000e+000  0.000000e+000  0.000000e+000  
0.000000e+000  0.000000e+000  0.000000e+000  0.000000e+000  0.000000e+000  0.000000e+000  0.000000e+000  0.000000e+000  0.000000e+000  
0.000000e+000  0.000000e+000  0.000000e+000  0.000000e+000  0.000000e+000  0.000000e+000  0.000000e+000  0.000000e+000  0.000000e+000  

0.000000e+000  0.000000e+000  0.000000e+000  0.000000e+000  0.000000e+000  0.000000e+000  0.000000e+000  0.000000e+000  0.000000e+000  
0.000000e+000  -1.444724e+000  -2.429700e+000  -1.932165e+000  -1.619864e+000  -1.306548e+000  -8.551531e-001  -3.964444e-001  0.000000e+000  
0.000000e+000  -5.577428e+000  -1.085009e+001  -9.884102e+000  -8.398873e+000  -6.764963e+000  -4.413086e+000  -2.042025e+000  0.000000e+000  
0.000000e+000  -1.071340e+001  -2.094605e+001  -1.872199e+001  -1.559152e+001  -1.234235e+001  -7.918900e+000  -3.632640e+000  0.000000e+000  
0.000000e+000  -1.156878e+001  -2.262543e+001  -2.010522e+001  -1.665991e+001  -1.313810e+001  -8.402380e+000  -3.848578e+000  0.000000e+000  
0.000000e+000  -1.732065e+001  -3.392346e+001  -2.897990e+001  -2.322244e+001  -1.785642e+001  -1.118257e+001  -5.072681e+000  0.000000e+000  
0.000000e+000  -2.470673e+001  -4.861046e+001  -3.911002e+001  -2.993566e+001  -2.231072e+001  -1.366577e+001  -6.146609e+000  0.000000e+000  
0.000000e+000  -3.387485e+001  -6.753299e+001  -4.976697e+001  -3.598683e+001  -2.596710e+001  -1.564200e+001  -7.010313e+000  0.000000e+000  
0.000000e+000  -4.328892e+001  -8.940551e+001  -5.816767e+001  -3.968672e+001  -2.806178e+001  -1.690572e+001  -7.620596e+000  0.000000e+000  
0.000000e+000  -4.512657e+001  -1.038379e+002  -5.677720e+001  -3.824744e+001  -2.783377e+001  -1.739376e+001  -7.998709e+000  0.000000e+000  
0.000000e+000  -6.586974e+000  0.000000e+000  -2.910121e+001  -2.986128e+001  -2.555888e+001  -1.727865e+001  -8.165847e+000  0.000000e+000  
0.000000e+000  -2.190229e+000  0.000000e+000  -2.221555e+001  -2.712719e+001  -2.479887e+001  -1.730182e+001  -8.260188e+000  0.000000e+000  
0.000000e+000  -1.316676e+001  0.000000e+000  -3.670250e+001  -3.356684e+001  -2.716639e+001  -1.781254e+001  -8.321948e+000  0.000000e+000  
0.000000e+000  -3.435005e+001  -8.945540e+001  -4.943487e+001  -3.676887e+001  -2.808244e+001  -1.794347e+001  -8.305976e+000  0.000000e+000  
0.000000e+000  -4.737915e+001  -1.122293e+002  -5.880093e+001  -3.957555e+001  -2.888376e+001  -1.802143e+001  -8.265425e+000  0.000000e+000  
0.000000e+000  -4.721138e+001  -9.789852e+001  -6.258222e+001  -4.225748e+001  -2.969792e+001  -1.779035e+001  -7.987960e+000  0.000000e+000  
0.000000e+000  -3.589649e+001  -7.147750e+001  -5.278750e+001  -3.815368e+001  -2.747977e+001  -1.649024e+001  -7.364569e+000  0.000000e+000  
0.000000e+000  -2.516559e+001  -4.944159e+001  -4.021677e+001  -3.100491e+001  -2.320161e+001  -1.423131e+001  -6.395698e+000  0.000000e+000  
0.000000e+000  -1.689113e+001  -3.305459e+001  -2.863922e+001  -2.320927e+001  -1.799161e+001  -1.133637e+001  -5.153718e+000  0.000000e+000  
0.000000e+000  -1.066537e+001  -2.085690e+001  -1.880305e+001  -1.577993e+001  -1.256893e+001  -8.110653e+000  -3.731179e+000  0.000000e+000  
0.000000e+000  -5.479252e+000  -1.070419e+001  -9.872769e+000  -8.468641e+000  -6.868511e+000  -4.509855e+000  -2.094227e+000  0.000000e+000  
0.000000e+000  -1.120236e+000  -2.050066e+000  -1.890112e+000  -1.627870e+000  -1.325304e+000  -8.734665e-001  -4.064436e-001  0.000000e+000  
0.000000e+000  0.000000e+000  0.000000e+000  0.000000e+000  0.000000e+000  0.000000e+000  0.000000e+000  0.000000e+000  0.000000e+000  

