Port monitor named: Port3_e1.prt

nx        = 70
ny        = 70
nz        = 25

nu        = 9
nv        = 23
iu        = 10
iv        = 39

idir      = 1
dcut      = -3.000000e-002
icut      = 9
type      = 0
frequency = 3.500000e+009

fcutoff   = 0.000000e+000
alpha     = 0.000000e+000
beta      = 1.355554e+002
accuracy  = 1.629896e-014

type          = QTEM
wave imp.     = 2.046205e+002
wave imp.sig. = 0.000000e+000
line imp.     = 4.921856e+001

ref. port     = 0

0.000000e+000  0.000000e+000  0.000000e+000  0.000000e+000  0.000000e+000  0.000000e+000  0.000000e+000  0.000000e+000  0.000000e+000  
-2.471374e+000  -2.806133e+000  -1.156611e+001  -9.542534e+000  -7.004599e+000  -3.991321e+000  -1.322770e+000  -8.514026e-002  0.000000e+000  
-1.723191e+001  -1.572746e+001  -6.112404e+001  -4.984583e+001  -3.621541e+001  -2.031379e+001  -6.497801e+000  -1.764614e-001  0.000000e+000  
-3.605608e+001  -3.212351e+001  -1.204072e+002  -9.433382e+001  -6.534181e+001  -3.387070e+001  -8.822705e+000  1.909929e+000  0.000000e+000  
-6.404085e+001  -5.439799e+001  -1.901693e+002  -1.390350e+002  -8.897407e+001  -4.028995e+001  -6.267814e+000  6.922728e+000  0.000000e+000  
-1.182189e+002  -9.311343e+001  -2.860565e+002  -1.859649e+002  -1.042645e+002  -3.652351e+001  2.705641e+000  1.569440e+001  0.000000e+000  
-2.410409e+002  -1.718825e+002  -4.167023e+002  -2.203420e+002  -9.646321e+001  -1.520315e+001  1.991533e+001  2.837254e+001  0.000000e+000  
-5.537397e+002  -3.622347e+002  -5.615474e+002  -1.934067e+002  -3.659725e+001  3.214818e+001  4.576738e+001  4.401360e+001  0.000000e+000  
-1.393275e+003  -9.479214e+002  -5.221718e+002  2.266714e+001  1.160016e+002  1.083738e+002  7.722322e+001  6.019293e+001  0.000000e+000  
-3.457014e+003  -3.874213e+003  1.441806e+003  6.529006e+002  3.623434e+002  1.946880e+002  1.058050e+002  7.311617e+001  0.000000e+000  
-4.223314e+003  -4.758796e+003  1.619268e+003  8.358620e+002  4.580566e+002  2.305486e+002  1.172756e+002  7.806399e+001  0.000000e+000  
-4.284464e+003  -4.703184e+003  1.572616e+003  8.530351e+002  4.700953e+002  2.351609e+002  1.187022e+002  7.866155e+001  0.000000e+000  
-3.453100e+003  -3.875665e+003  1.438274e+003  6.609632e+002  3.637707e+002  1.937739e+002  1.051629e+002  7.276963e+001  0.000000e+000  
-1.357802e+003  -9.213189e+002  -5.301749e+002  1.517830e+001  1.115009e+002  1.058317e+002  7.595216e+001  5.945707e+001  0.000000e+000  
-5.317387e+002  -3.488903e+002  -5.526207e+002  -1.950921e+002  -4.033202e+001  2.900957e+001  4.391731e+001  4.283674e+001  0.000000e+000  
-2.417045e+002  -1.721801e+002  -4.160920e+002  -2.192276e+002  -9.561775e+001  -1.491367e+001  1.983718e+001  2.820080e+001  0.000000e+000  
-1.224385e+002  -9.593408e+001  -2.917741e+002  -1.878565e+002  -1.041669e+002  -3.566390e+001  3.411510e+000  1.618912e+001  0.000000e+000  
-6.802287e+001  -5.741179e+001  -1.987089e+002  -1.437894e+002  -9.092245e+001  -4.031518e+001  -5.620968e+000  7.630850e+000  0.000000e+000  
-3.941290e+001  -3.495432e+001  -1.301189e+002  -1.010117e+002  -6.920925e+001  -3.524486e+001  -8.733389e+000  2.464866e+000  0.000000e+000  
-3.564371e+001  -3.188690e+001  -1.200980e+002  -9.421353e+001  -6.529680e+001  -3.386468e+001  -8.847375e+000  1.867413e+000  0.000000e+000  
-1.639202e+001  -1.539092e+001  -6.124956e+001  -4.989938e+001  -3.622589e+001  -2.031650e+001  -6.510758e+000  -1.979704e-001  0.000000e+000  
-3.308829e-001  -2.305611e+000  -1.326875e+001  -9.737992e+000  -7.028103e+000  -3.993424e+000  -1.325313e+000  -8.922507e-002  0.000000e+000  
0.000000e+000  0.000000e+000  0.000000e+000  0.000000e+000  0.000000e+000  0.000000e+000  0.000000e+000  0.000000e+000  0.000000e+000  

0.000000e+000  5.589537e+000  1.241901e+001  -1.065532e+001  -2.754591e+001  -3.648453e+001  -3.591806e+001  -2.098085e+001  0.000000e+000  
0.000000e+000  6.121179e+000  1.240262e+001  -1.176855e+001  -2.903770e+001  -3.792083e+001  -3.687603e+001  -2.138268e+001  0.000000e+000  
0.000000e+000  4.424193e+000  9.826725e+000  -2.191090e+001  -4.201617e+001  -5.017192e+001  -4.487874e+001  -2.468963e+001  0.000000e+000  
0.000000e+000  -4.758258e-001  2.091444e+000  -4.483293e+001  -6.851923e+001  -7.327133e+001  -5.859882e+001  -2.996239e+001  0.000000e+000  
0.000000e+000  -1.353625e+001  -1.824935e+001  -8.873136e+001  -1.123923e+002  -1.072206e+002  -7.611903e+001  -3.597894e+001  0.000000e+000  
0.000000e+000  -5.098022e+001  -7.598944e+001  -1.775737e+002  -1.852762e+002  -1.548322e+002  -9.615263e+001  -4.169129e+001  0.000000e+000  
0.000000e+000  -1.600943e+002  -2.468993e+002  -3.565258e+002  -2.973874e+002  -2.120547e+002  -1.134782e+002  -4.488254e+001  0.000000e+000  
0.000000e+000  -4.713086e+002  -7.888128e+002  -6.983243e+002  -4.403659e+002  -2.594066e+002  -1.183058e+002  -4.264066e+001  0.000000e+000  
0.000000e+000  -1.205397e+003  -2.746899e+003  -1.209679e+003  -5.229764e+002  -2.487651e+002  -9.749775e+001  -3.237331e+001  0.000000e+000  
0.000000e+000  -5.958165e+002  0.000000e+000  -5.445138e+002  -2.751738e+002  -1.333311e+002  -5.047053e+001  -1.622481e+001  0.000000e+000  
0.000000e+000  -9.360853e+001  0.000000e+000  -1.207072e+002  -6.927715e+001  -3.363765e+001  -1.241861e+001  -3.927438e+000  0.000000e+000  
0.000000e+000  4.299822e+002  0.000000e+000  3.984207e+002  2.088701e+002  1.035011e+002  3.967902e+001  1.279375e+001  0.000000e+000  
0.000000e+000  1.189569e+003  2.694367e+003  1.204892e+003  5.206202e+002  2.474705e+002  9.738492e+001  3.250036e+001  0.000000e+000  
0.000000e+000  4.497665e+002  7.501844e+002  6.784620e+002  4.327138e+002  2.568811e+002  1.180368e+002  4.277154e+001  0.000000e+000  
0.000000e+000  1.566666e+002  2.415706e+002  3.509656e+002  2.934582e+002  2.096645e+002  1.125313e+002  4.463192e+001  0.000000e+000  
0.000000e+000  5.287132e+001  7.890769e+001  1.812215e+002  1.876406e+002  1.559271e+002  9.633648e+001  4.165752e+001  0.000000e+000  
0.000000e+000  1.532347e+001  2.102275e+001  9.381508e+001  1.169531e+002  1.103750e+002  7.748652e+001  3.636567e+001  0.000000e+000  
0.000000e+000  1.564955e+000  -3.816544e-001  4.904258e+001  7.303723e+001  7.696231e+001  6.059793e+001  3.066468e+001  0.000000e+000  
0.000000e+000  -1.383538e+000  -5.049953e+000  3.564917e+001  5.786694e+001  6.397324e+001  5.304386e+001  2.780764e+001  0.000000e+000  
0.000000e+000  -4.158127e+000  -9.474308e+000  2.190631e+001  4.188916e+001  5.002594e+001  4.475945e+001  2.462542e+001  0.000000e+000  
0.000000e+000  -4.897583e+000  -1.105332e+001  1.169291e+001  2.886558e+001  3.776766e+001  3.676247e+001  2.132301e+001  0.000000e+000  
0.000000e+000  -1.222145e+001  -2.011068e+001  9.579249e+000  2.725974e+001  3.632000e+001  3.580457e+001  2.092170e+001  0.000000e+000  
0.000000e+000  0.000000e+000  0.000000e+000  0.000000e+000  0.000000e+000  0.000000e+000  0.000000e+000  0.000000e+000  0.000000e+000  

0.000000e+000  0.000000e+000  0.000000e+000  0.000000e+000  0.000000e+000  0.000000e+000  0.000000e+000  0.000000e+000  0.000000e+000  
0.000000e+000  0.000000e+000  0.000000e+000  0.000000e+000  0.000000e+000  0.000000e+000  0.000000e+000  0.000000e+000  0.000000e+000  
0.000000e+000  0.000000e+000  0.000000e+000  0.000000e+000  0.000000e+000  0.000000e+000  0.000000e+000  0.000000e+000  0.000000e+000  
0.000000e+000  0.000000e+000  0.000000e+000  0.000000e+000  0.000000e+000  0.000000e+000  0.000000e+000  0.000000e+000  0.000000e+000  
0.000000e+000  0.000000e+000  0.000000e+000  0.000000e+000  0.000000e+000  0.000000e+000  0.000000e+000  0.000000e+000  0.000000e+000  
0.000000e+000  0.000000e+000  0.000000e+000  0.000000e+000  0.000000e+000  0.000000e+000  0.000000e+000  0.000000e+000  0.000000e+000  
0.000000e+000  0.000000e+000  0.000000e+000  0.000000e+000  0.000000e+000  0.000000e+000  0.000000e+000  0.000000e+000  0.000000e+000  
0.000000e+000  0.000000e+000  0.000000e+000  0.000000e+000  0.000000e+000  0.000000e+000  0.000000e+000  0.000000e+000  0.000000e+000  
0.000000e+000  0.000000e+000  0.000000e+000  0.000000e+000  0.000000e+000  0.000000e+000  0.000000e+000  0.000000e+000  0.000000e+000  
0.000000e+000  0.000000e+000  0.000000e+000  0.000000e+000  0.000000e+000  0.000000e+000  0.000000e+000  0.000000e+000  0.000000e+000  
0.000000e+000  0.000000e+000  0.000000e+000  0.000000e+000  0.000000e+000  0.000000e+000  0.000000e+000  0.000000e+000  0.000000e+000  
0.000000e+000  0.000000e+000  0.000000e+000  0.000000e+000  0.000000e+000  0.000000e+000  0.000000e+000  0.000000e+000  0.000000e+000  
0.000000e+000  0.000000e+000  0.000000e+000  0.000000e+000  0.000000e+000  0.000000e+000  0.000000e+000  0.000000e+000  0.000000e+000  
0.000000e+000  0.000000e+000  0.000000e+000  0.000000e+000  0.000000e+000  0.000000e+000  0.000000e+000  0.000000e+000  0.000000e+000  
0.000000e+000  0.000000e+000  0.000000e+000  0.000000e+000  0.000000e+000  0.000000e+000  0.000000e+000  0.000000e+000  0.000000e+000  
0.000000e+000  0.000000e+000  0.000000e+000  0.000000e+000  0.000000e+000  0.000000e+000  0.000000e+000  0.000000e+000  0.000000e+000  
0.000000e+000  0.000000e+000  0.000000e+000  0.000000e+000  0.000000e+000  0.000000e+000  0.000000e+000  0.000000e+000  0.000000e+000  
0.000000e+000  0.000000e+000  0.000000e+000  0.000000e+000  0.000000e+000  0.000000e+000  0.000000e+000  0.000000e+000  0.000000e+000  
0.000000e+000  0.000000e+000  0.000000e+000  0.000000e+000  0.000000e+000  0.000000e+000  0.000000e+000  0.000000e+000  0.000000e+000  
0.000000e+000  0.000000e+000  0.000000e+000  0.000000e+000  0.000000e+000  0.000000e+000  0.000000e+000  0.000000e+000  0.000000e+000  
0.000000e+000  0.000000e+000  0.000000e+000  0.000000e+000  0.000000e+000  0.000000e+000  0.000000e+000  0.000000e+000  0.000000e+000  
0.000000e+000  0.000000e+000  0.000000e+000  0.000000e+000  0.000000e+000  0.000000e+000  0.000000e+000  0.000000e+000  0.000000e+000  
0.000000e+000  0.000000e+000  0.000000e+000  0.000000e+000  0.000000e+000  0.000000e+000  0.000000e+000  0.000000e+000  0.000000e+000  

0.000000e+000  0.000000e+000  0.000000e+000  0.000000e+000  0.000000e+000  0.000000e+000  0.000000e+000  0.000000e+000  0.000000e+000  
0.000000e+000  0.000000e+000  0.000000e+000  0.000000e+000  0.000000e+000  0.000000e+000  0.000000e+000  0.000000e+000  0.000000e+000  
0.000000e+000  0.000000e+000  0.000000e+000  0.000000e+000  0.000000e+000  0.000000e+000  0.000000e+000  0.000000e+000  0.000000e+000  
0.000000e+000  0.000000e+000  0.000000e+000  0.000000e+000  0.000000e+000  0.000000e+000  0.000000e+000  0.000000e+000  0.000000e+000  
0.000000e+000  0.000000e+000  0.000000e+000  0.000000e+000  0.000000e+000  0.000000e+000  0.000000e+000  0.000000e+000  0.000000e+000  
0.000000e+000  0.000000e+000  0.000000e+000  0.000000e+000  0.000000e+000  0.000000e+000  0.000000e+000  0.000000e+000  0.000000e+000  
0.000000e+000  0.000000e+000  0.000000e+000  0.000000e+000  0.000000e+000  0.000000e+000  0.000000e+000  0.000000e+000  0.000000e+000  
0.000000e+000  0.000000e+000  0.000000e+000  0.000000e+000  0.000000e+000  0.000000e+000  0.000000e+000  0.000000e+000  0.000000e+000  
0.000000e+000  0.000000e+000  0.000000e+000  0.000000e+000  0.000000e+000  0.000000e+000  0.000000e+000  0.000000e+000  0.000000e+000  
0.000000e+000  0.000000e+000  0.000000e+000  0.000000e+000  0.000000e+000  0.000000e+000  0.000000e+000  0.000000e+000  0.000000e+000  
0.000000e+000  0.000000e+000  0.000000e+000  0.000000e+000  0.000000e+000  0.000000e+000  0.000000e+000  0.000000e+000  0.000000e+000  
0.000000e+000  0.000000e+000  0.000000e+000  0.000000e+000  0.000000e+000  0.000000e+000  0.000000e+000  0.000000e+000  0.000000e+000  
0.000000e+000  0.000000e+000  0.000000e+000  0.000000e+000  0.000000e+000  0.000000e+000  0.000000e+000  0.000000e+000  0.000000e+000  
0.000000e+000  0.000000e+000  0.000000e+000  0.000000e+000  0.000000e+000  0.000000e+000  0.000000e+000  0.000000e+000  0.000000e+000  
0.000000e+000  0.000000e+000  0.000000e+000  0.000000e+000  0.000000e+000  0.000000e+000  0.000000e+000  0.000000e+000  0.000000e+000  
0.000000e+000  0.000000e+000  0.000000e+000  0.000000e+000  0.000000e+000  0.000000e+000  0.000000e+000  0.000000e+000  0.000000e+000  
0.000000e+000  0.000000e+000  0.000000e+000  0.000000e+000  0.000000e+000  0.000000e+000  0.000000e+000  0.000000e+000  0.000000e+000  
0.000000e+000  0.000000e+000  0.000000e+000  0.000000e+000  0.000000e+000  0.000000e+000  0.000000e+000  0.000000e+000  0.000000e+000  
0.000000e+000  0.000000e+000  0.000000e+000  0.000000e+000  0.000000e+000  0.000000e+000  0.000000e+000  0.000000e+000  0.000000e+000  
0.000000e+000  0.000000e+000  0.000000e+000  0.000000e+000  0.000000e+000  0.000000e+000  0.000000e+000  0.000000e+000  0.000000e+000  
0.000000e+000  0.000000e+000  0.000000e+000  0.000000e+000  0.000000e+000  0.000000e+000  0.000000e+000  0.000000e+000  0.000000e+000  
0.000000e+000  0.000000e+000  0.000000e+000  0.000000e+000  0.000000e+000  0.000000e+000  0.000000e+000  0.000000e+000  0.000000e+000  
0.000000e+000  0.000000e+000  0.000000e+000  0.000000e+000  0.000000e+000  0.000000e+000  0.000000e+000  0.000000e+000  0.000000e+000  

0.000000e+000  0.000000e+000  0.000000e+000  0.000000e+000  0.000000e+000  0.000000e+000  0.000000e+000  0.000000e+000  0.000000e+000  
0.000000e+000  0.000000e+000  0.000000e+000  0.000000e+000  0.000000e+000  0.000000e+000  0.000000e+000  0.000000e+000  0.000000e+000  
0.000000e+000  0.000000e+000  0.000000e+000  0.000000e+000  0.000000e+000  0.000000e+000  0.000000e+000  0.000000e+000  0.000000e+000  
0.000000e+000  0.000000e+000  0.000000e+000  0.000000e+000  0.000000e+000  0.000000e+000  0.000000e+000  0.000000e+000  0.000000e+000  
0.000000e+000  0.000000e+000  0.000000e+000  0.000000e+000  0.000000e+000  0.000000e+000  0.000000e+000  0.000000e+000  0.000000e+000  
0.000000e+000  0.000000e+000  0.000000e+000  0.000000e+000  0.000000e+000  0.000000e+000  0.000000e+000  0.000000e+000  0.000000e+000  
0.000000e+000  0.000000e+000  0.000000e+000  0.000000e+000  0.000000e+000  0.000000e+000  0.000000e+000  0.000000e+000  0.000000e+000  
0.000000e+000  0.000000e+000  0.000000e+000  0.000000e+000  0.000000e+000  0.000000e+000  0.000000e+000  0.000000e+000  0.000000e+000  
0.000000e+000  0.000000e+000  0.000000e+000  0.000000e+000  0.000000e+000  0.000000e+000  0.000000e+000  0.000000e+000  0.000000e+000  
0.000000e+000  0.000000e+000  0.000000e+000  0.000000e+000  0.000000e+000  0.000000e+000  0.000000e+000  0.000000e+000  0.000000e+000  
0.000000e+000  0.000000e+000  0.000000e+000  0.000000e+000  0.000000e+000  0.000000e+000  0.000000e+000  0.000000e+000  0.000000e+000  
0.000000e+000  0.000000e+000  0.000000e+000  0.000000e+000  0.000000e+000  0.000000e+000  0.000000e+000  0.000000e+000  0.000000e+000  
0.000000e+000  0.000000e+000  0.000000e+000  0.000000e+000  0.000000e+000  0.000000e+000  0.000000e+000  0.000000e+000  0.000000e+000  
0.000000e+000  0.000000e+000  0.000000e+000  0.000000e+000  0.000000e+000  0.000000e+000  0.000000e+000  0.000000e+000  0.000000e+000  
0.000000e+000  0.000000e+000  0.000000e+000  0.000000e+000  0.000000e+000  0.000000e+000  0.000000e+000  0.000000e+000  0.000000e+000  
0.000000e+000  0.000000e+000  0.000000e+000  0.000000e+000  0.000000e+000  0.000000e+000  0.000000e+000  0.000000e+000  0.000000e+000  
0.000000e+000  0.000000e+000  0.000000e+000  0.000000e+000  0.000000e+000  0.000000e+000  0.000000e+000  0.000000e+000  0.000000e+000  
0.000000e+000  0.000000e+000  0.000000e+000  0.000000e+000  0.000000e+000  0.000000e+000  0.000000e+000  0.000000e+000  0.000000e+000  
0.000000e+000  0.000000e+000  0.000000e+000  0.000000e+000  0.000000e+000  0.000000e+000  0.000000e+000  0.000000e+000  0.000000e+000  
0.000000e+000  0.000000e+000  0.000000e+000  0.000000e+000  0.000000e+000  0.000000e+000  0.000000e+000  0.000000e+000  0.000000e+000  
0.000000e+000  0.000000e+000  0.000000e+000  0.000000e+000  0.000000e+000  0.000000e+000  0.000000e+000  0.000000e+000  0.000000e+000  
0.000000e+000  0.000000e+000  0.000000e+000  0.000000e+000  0.000000e+000  0.000000e+000  0.000000e+000  0.000000e+000  0.000000e+000  
0.000000e+000  0.000000e+000  0.000000e+000  0.000000e+000  0.000000e+000  0.000000e+000  0.000000e+000  0.000000e+000  0.000000e+000  

0.000000e+000  0.000000e+000  0.000000e+000  0.000000e+000  0.000000e+000  0.000000e+000  0.000000e+000  0.000000e+000  0.000000e+000  
0.000000e+000  -1.130241e+000  -2.069027e+000  -1.885664e+000  -1.606752e+000  -1.295544e+000  -8.439767e-001  -3.894143e-001  0.000000e+000  
0.000000e+000  -5.527127e+000  -1.080162e+001  -9.845469e+000  -8.353895e+000  -6.709593e+000  -4.354390e+000  -2.005084e+000  0.000000e+000  
0.000000e+000  -1.074746e+001  -2.102833e+001  -1.871394e+001  -1.552237e+001  -1.223691e+001  -7.803490e+000  -3.560512e+000  0.000000e+000  
0.000000e+000  -1.665925e+001  -3.262760e+001  -2.791020e+001  -2.236672e+001  -1.717219e+001  -1.070590e+001  -4.832663e+000  0.000000e+000  
0.000000e+000  -2.433607e+001  -4.786630e+001  -3.850800e+001  -2.940808e+001  -2.182894e+001  -1.327413e+001  -5.932540e+000  0.000000e+000  
0.000000e+000  -3.402625e+001  -6.782073e+001  -4.975868e+001  -3.573556e+001  -2.558173e+001  -1.525167e+001  -6.785016e+000  0.000000e+000  
0.000000e+000  -4.404546e+001  -9.114063e+001  -5.845867e+001  -3.934379e+001  -2.749515e+001  -1.637899e+001  -7.335410e+000  0.000000e+000  
0.000000e+000  -4.518583e+001  -1.042447e+002  -5.607993e+001  -3.720409e+001  -2.675673e+001  -1.657049e+001  -7.589199e+000  0.000000e+000  
0.000000e+000  -7.371931e+000  0.000000e+000  -2.816425e+001  -2.820229e+001  -2.392310e+001  -1.614790e+001  -7.638485e+000  0.000000e+000  
0.000000e+000  -1.907589e+000  0.000000e+000  -1.991667e+001  -2.447403e+001  -2.256801e+001  -1.590062e+001  -7.635306e+000  0.000000e+000  
0.000000e+000  -1.407155e+000  0.000000e+000  -1.895832e+001  -2.397818e+001  -2.238372e+001  -1.586720e+001  -7.634664e+000  0.000000e+000  
0.000000e+000  -6.490909e+000  0.000000e+000  -2.760877e+001  -2.807079e+001  -2.393055e+001  -1.616488e+001  -7.643910e+000  0.000000e+000  
0.000000e+000  -4.515805e+001  -1.039395e+002  -5.607688e+001  -3.719959e+001  -2.675149e+001  -1.656263e+001  -7.582910e+000  0.000000e+000  
0.000000e+000  -4.335356e+001  -8.955199e+001  -5.782639e+001  -3.906892e+001  -2.735676e+001  -1.630912e+001  -7.304073e+000  0.000000e+000  
0.000000e+000  -3.394122e+001  -6.767473e+001  -4.958985e+001  -3.560429e+001  -2.549647e+001  -1.521307e+001  -6.771862e+000  0.000000e+000  
0.000000e+000  -2.476413e+001  -4.873001e+001  -3.901848e+001  -2.969740e+001  -2.199881e+001  -1.336391e+001  -5.972135e+000  0.000000e+000  
0.000000e+000  -1.736574e+001  -3.401611e+001  -2.893346e+001  -2.307451e+001  -1.765256e+001  -1.097570e+001  -4.949317e+000  0.000000e+000  
0.000000e+000  -1.160134e+001  -2.269169e+001  -2.008262e+001  -1.657034e+001  -1.300942e+001  -8.266983e+000  -3.765886e+000  0.000000e+000  
0.000000e+000  -1.074395e+001  -2.100809e+001  -1.870233e+001  -1.550997e+001  -1.222434e+001  -7.793992e+000  -3.556061e+000  0.000000e+000  
0.000000e+000  -5.594850e+000  -1.088457e+001  -9.877138e+000  -8.360153e+000  -6.706966e+000  -4.350076e+000  -2.002735e+000  0.000000e+000  
0.000000e+000  -1.452979e+000  -2.441667e+000  -1.931540e+000  -1.612685e+000  -1.295621e+000  -8.432056e-001  -3.889664e-001  0.000000e+000  
0.000000e+000  0.000000e+000  0.000000e+000  0.000000e+000  0.000000e+000  0.000000e+000  0.000000e+000  0.000000e+000  0.000000e+000  

