Port monitor named: Port4_h1.prt

nx        = 70
ny        = 68
nz        = 25

nu        = 9
nv        = 23
iu        = 10
iv        = 10

idir      = 1
dcut      = -3.000000e-002
icut      = 9
type      = 1
frequency = 3.500000e+009

fcutoff   = 0.000000e+000
alpha     = 0.000000e+000
beta      = 1.347113e+002
accuracy  = 1.561388e-014

type          = QTEM
wave imp.     = 2.060162e+002
wave imp.sig. = 0.000000e+000
line imp.     = 4.919575e+001

ref. port     = 0

0.000000e+000  8.618241e-002  1.470035e-001  2.414706e-001  2.961198e-001  3.085873e-001  2.604036e-001  1.416681e-001  0.000000e+000  
0.000000e+000  7.603665e-002  1.497015e-001  2.493725e-001  3.046630e-001  3.159793e-001  2.649178e-001  1.434520e-001  0.000000e+000  
0.000000e+000  1.040115e-001  1.980771e-001  3.207383e-001  3.781807e-001  3.784815e-001  3.023828e-001  1.580419e-001  0.000000e+000  
0.000000e+000  1.392229e-001  2.618534e-001  4.099229e-001  4.641889e-001  4.469727e-001  3.400248e-001  1.716657e-001  0.000000e+000  
0.000000e+000  1.734733e-001  3.237124e-001  4.950760e-001  5.449122e-001  5.102388e-001  3.741271e-001  1.838130e-001  0.000000e+000  
0.000000e+000  2.883181e-001  5.266784e-001  7.504348e-001  7.633642e-001  6.647997e-001  4.469457e-001  2.067437e-001  0.000000e+000  
0.000000e+000  5.248179e-001  9.339552e-001  1.193818e+000  1.088692e+000  8.623244e-001  5.226235e-001  2.257052e-001  0.000000e+000  
0.000000e+000  1.044251e+000  1.821541e+000  1.960572e+000  1.535491e+000  1.075941e+000  5.784770e-001  2.318671e-001  0.000000e+000  
0.000000e+000  2.269351e+000  4.086175e+000  3.284905e+000  2.063835e+000  1.232431e+000  5.779127e-001  2.139808e-001  0.000000e+000  
0.000000e+000  4.852226e+000  1.137398e+001  5.150360e+000  2.286231e+000  1.117266e+000  4.560918e-001  1.572051e-001  0.000000e+000  
0.000000e+000  1.943195e+000  0.000000e+000  1.647987e+000  8.567106e-001  4.337651e-001  1.743943e-001  5.890711e-002  0.000000e+000  
0.000000e+000  -2.154459e+000  0.000000e+000  -2.064102e+000  -1.039337e+000  -5.000294e-001  -1.898389e-001  -6.164218e-002  0.000000e+000  
0.000000e+000  -5.043232e+000  -1.901312e+001  -4.922429e+000  -1.948020e+000  -9.264799e-001  -3.740632e-001  -1.278672e-001  0.000000e+000  
0.000000e+000  -4.879666e+000  -1.210091e+001  -4.872770e+000  -2.156990e+000  -1.075362e+000  -4.496490e-001  -1.568476e-001  0.000000e+000  
0.000000e+000  -2.818411e+000  -5.160890e+000  -3.703441e+000  -2.167108e+000  -1.234611e+000  -5.589652e-001  -2.029505e-001  0.000000e+000  
0.000000e+000  -1.208314e+000  -2.099534e+000  -2.152562e+000  -1.626350e+000  -1.109387e+000  -5.822108e-001  -2.299266e-001  0.000000e+000  
0.000000e+000  -5.564560e-001  -9.866498e-001  -1.240595e+000  -1.116943e+000  -8.761617e-001  -5.260857e-001  -2.258495e-001  0.000000e+000  
0.000000e+000  -2.853515e-001  -5.209676e-001  -7.410546e-001  -7.537894e-001  -6.570378e-001  -4.425768e-001  -2.050472e-001  0.000000e+000  
0.000000e+000  -1.635236e-001  -3.055849e-001  -4.694889e-001  -5.200815e-001  -4.903253e-001  -3.629536e-001  -1.796046e-001  0.000000e+000  
0.000000e+000  -1.036170e-001  -1.972363e-001  -3.189268e-001  -3.755584e-001  -3.755393e-001  -2.998905e-001  -1.567412e-001  0.000000e+000  
0.000000e+000  -7.552682e-002  -1.487474e-001  -2.477678e-001  -3.025243e-001  -3.135955e-001  -2.627977e-001  -1.422851e-001  0.000000e+000  
0.000000e+000  -8.551895e-002  -1.459638e-001  -2.398819e-001  -2.940350e-001  -3.062677e-001  -2.583278e-001  -1.405177e-001  0.000000e+000  
0.000000e+000  0.000000e+000  0.000000e+000  0.000000e+000  0.000000e+000  0.000000e+000  0.000000e+000  0.000000e+000  0.000000e+000  

0.000000e+000  0.000000e+000  0.000000e+000  0.000000e+000  0.000000e+000  0.000000e+000  0.000000e+000  0.000000e+000  0.000000e+000  
-4.790580e-002  -5.579452e-002  -5.157855e-002  -3.921841e-002  -2.598225e-002  -1.161194e-002  9.426694e-005  5.187533e-003  0.000000e+000  
-3.321787e-001  -3.134517e-001  -2.729142e-001  -2.039566e-001  -1.334036e-001  -5.809862e-002  2.142015e-003  2.798509e-002  0.000000e+000  
-6.583856e-001  -6.181825e-001  -5.265407e-001  -3.764033e-001  -2.322815e-001  -8.797311e-002  1.810050e-002  6.051056e-002  0.000000e+000  
-7.154905e-001  -6.704164e-001  -5.675934e-001  -4.011916e-001  -2.440971e-001  -8.923211e-002  2.247079e-002  6.645503e-002  0.000000e+000  
-1.115580e+000  -1.030904e+000  -8.382501e-001  -5.483189e-001  -3.007168e-001  -7.991729e-002  5.979308e-002  1.087278e-001  0.000000e+000  
-1.716452e+000  -1.549561e+000  -1.172258e+000  -6.718874e-001  -3.044086e-001  -2.240651e-002  1.237178e-001  1.651525e-001  0.000000e+000  
-2.717220e+000  -2.364590e+000  -1.560642e+000  -7.001829e-001  -1.968855e-001  1.087187e-001  2.190873e-001  2.350439e-001  0.000000e+000  
-4.570804e+000  -3.796636e+000  -1.867374e+000  -4.499755e-001  1.199674e-001  3.378266e-001  3.445024e-001  3.136023e-001  0.000000e+000  
-8.724900e+000  -7.187301e+000  -1.310413e+000  5.999752e-001  8.362662e-001  6.986353e-001  4.994000e-001  3.976924e-001  0.000000e+000  
-1.730782e+001  -1.892434e+001  6.677133e+000  3.286652e+000  1.907679e+000  1.082351e+000  6.326904e-001  4.619759e-001  0.000000e+000  
-2.105439e+001  -2.323831e+001  7.524884e+000  4.083541e+000  2.330065e+000  1.247930e+000  6.896068e-001  4.885700e-001  0.000000e+000  
-1.686580e+001  -1.916783e+001  7.012466e+000  3.040686e+000  1.783967e+000  1.046146e+000  6.246855e-001  4.597762e-001  0.000000e+000  
-1.362535e+001  -1.334019e+001  1.861151e+000  2.012911e+000  1.440682e+000  9.286145e-001  5.842809e-001  4.404584e-001  0.000000e+000  
-1.047777e+001  -8.709640e+000  -6.457599e-001  1.084833e+000  1.080731e+000  7.969172e-001  5.367958e-001  4.170281e-001  0.000000e+000  
-5.263280e+000  -4.310999e+000  -1.866579e+000  -3.064460e-001  2.430820e-001  4.099094e-001  3.792716e-001  3.340568e-001  0.000000e+000  
-2.909115e+000  -2.512122e+000  -1.606395e+000  -6.846495e-001  -1.674301e-001  1.337879e-001  2.347490e-001  2.458432e-001  0.000000e+000  
-1.739770e+000  -1.567676e+000  -1.179362e+000  -6.714002e-001  -3.016444e-001  -1.953167e-002  1.260110e-001  1.671182e-001  0.000000e+000  
-1.078943e+000  -9.977971e-001  -8.133399e-001  -5.353580e-001  -2.965182e-001  -8.176715e-002  5.598967e-002  1.049403e-001  0.000000e+000  
-6.551370e-001  -6.148052e-001  -5.229232e-001  -3.731764e-001  -2.300513e-001  -8.708061e-002  1.800964e-002  6.011309e-002  0.000000e+000  
-3.303852e-001  -3.116638e-001  -2.711130e-001  -2.023506e-001  -1.322278e-001  -5.753969e-002  2.166278e-003  2.780747e-002  0.000000e+000  
-4.766855e-002  -5.549928e-002  -5.123953e-002  -3.891466e-002  -2.575718e-002  -1.150142e-002  1.019339e-004  5.154934e-003  0.000000e+000  
0.000000e+000  0.000000e+000  0.000000e+000  0.000000e+000  0.000000e+000  0.000000e+000  0.000000e+000  0.000000e+000  0.000000e+000  

0.000000e+000  0.000000e+000  0.000000e+000  0.000000e+000  0.000000e+000  0.000000e+000  0.000000e+000  0.000000e+000  0.000000e+000  
0.000000e+000  0.000000e+000  0.000000e+000  0.000000e+000  0.000000e+000  0.000000e+000  0.000000e+000  0.000000e+000  0.000000e+000  
0.000000e+000  0.000000e+000  0.000000e+000  0.000000e+000  0.000000e+000  0.000000e+000  0.000000e+000  0.000000e+000  0.000000e+000  
0.000000e+000  0.000000e+000  0.000000e+000  0.000000e+000  0.000000e+000  0.000000e+000  0.000000e+000  0.000000e+000  0.000000e+000  
0.000000e+000  0.000000e+000  0.000000e+000  0.000000e+000  0.000000e+000  0.000000e+000  0.000000e+000  0.000000e+000  0.000000e+000  
0.000000e+000  0.000000e+000  0.000000e+000  0.000000e+000  0.000000e+000  0.000000e+000  0.000000e+000  0.000000e+000  0.000000e+000  
0.000000e+000  0.000000e+000  0.000000e+000  0.000000e+000  0.000000e+000  0.000000e+000  0.000000e+000  0.000000e+000  0.000000e+000  
0.000000e+000  0.000000e+000  0.000000e+000  0.000000e+000  0.000000e+000  0.000000e+000  0.000000e+000  0.000000e+000  0.000000e+000  
0.000000e+000  0.000000e+000  0.000000e+000  0.000000e+000  0.000000e+000  0.000000e+000  0.000000e+000  0.000000e+000  0.000000e+000  
0.000000e+000  0.000000e+000  0.000000e+000  0.000000e+000  0.000000e+000  0.000000e+000  0.000000e+000  0.000000e+000  0.000000e+000  
0.000000e+000  0.000000e+000  0.000000e+000  0.000000e+000  0.000000e+000  0.000000e+000  0.000000e+000  0.000000e+000  0.000000e+000  
0.000000e+000  0.000000e+000  0.000000e+000  0.000000e+000  0.000000e+000  0.000000e+000  0.000000e+000  0.000000e+000  0.000000e+000  
0.000000e+000  0.000000e+000  0.000000e+000  0.000000e+000  0.000000e+000  0.000000e+000  0.000000e+000  0.000000e+000  0.000000e+000  
0.000000e+000  0.000000e+000  0.000000e+000  0.000000e+000  0.000000e+000  0.000000e+000  0.000000e+000  0.000000e+000  0.000000e+000  
0.000000e+000  0.000000e+000  0.000000e+000  0.000000e+000  0.000000e+000  0.000000e+000  0.000000e+000  0.000000e+000  0.000000e+000  
0.000000e+000  0.000000e+000  0.000000e+000  0.000000e+000  0.000000e+000  0.000000e+000  0.000000e+000  0.000000e+000  0.000000e+000  
0.000000e+000  0.000000e+000  0.000000e+000  0.000000e+000  0.000000e+000  0.000000e+000  0.000000e+000  0.000000e+000  0.000000e+000  
0.000000e+000  0.000000e+000  0.000000e+000  0.000000e+000  0.000000e+000  0.000000e+000  0.000000e+000  0.000000e+000  0.000000e+000  
0.000000e+000  0.000000e+000  0.000000e+000  0.000000e+000  0.000000e+000  0.000000e+000  0.000000e+000  0.000000e+000  0.000000e+000  
0.000000e+000  0.000000e+000  0.000000e+000  0.000000e+000  0.000000e+000  0.000000e+000  0.000000e+000  0.000000e+000  0.000000e+000  
0.000000e+000  0.000000e+000  0.000000e+000  0.000000e+000  0.000000e+000  0.000000e+000  0.000000e+000  0.000000e+000  0.000000e+000  
0.000000e+000  0.000000e+000  0.000000e+000  0.000000e+000  0.000000e+000  0.000000e+000  0.000000e+000  0.000000e+000  0.000000e+000  
0.000000e+000  0.000000e+000  0.000000e+000  0.000000e+000  0.000000e+000  0.000000e+000  0.000000e+000  0.000000e+000  0.000000e+000  

0.000000e+000  0.000000e+000  0.000000e+000  0.000000e+000  0.000000e+000  0.000000e+000  0.000000e+000  0.000000e+000  0.000000e+000  
0.000000e+000  0.000000e+000  0.000000e+000  0.000000e+000  0.000000e+000  0.000000e+000  0.000000e+000  0.000000e+000  0.000000e+000  
0.000000e+000  0.000000e+000  0.000000e+000  0.000000e+000  0.000000e+000  0.000000e+000  0.000000e+000  0.000000e+000  0.000000e+000  
0.000000e+000  0.000000e+000  0.000000e+000  0.000000e+000  0.000000e+000  0.000000e+000  0.000000e+000  0.000000e+000  0.000000e+000  
0.000000e+000  0.000000e+000  0.000000e+000  0.000000e+000  0.000000e+000  0.000000e+000  0.000000e+000  0.000000e+000  0.000000e+000  
0.000000e+000  0.000000e+000  0.000000e+000  0.000000e+000  0.000000e+000  0.000000e+000  0.000000e+000  0.000000e+000  0.000000e+000  
0.000000e+000  0.000000e+000  0.000000e+000  0.000000e+000  0.000000e+000  0.000000e+000  0.000000e+000  0.000000e+000  0.000000e+000  
0.000000e+000  0.000000e+000  0.000000e+000  0.000000e+000  0.000000e+000  0.000000e+000  0.000000e+000  0.000000e+000  0.000000e+000  
0.000000e+000  0.000000e+000  0.000000e+000  0.000000e+000  0.000000e+000  0.000000e+000  0.000000e+000  0.000000e+000  0.000000e+000  
0.000000e+000  0.000000e+000  0.000000e+000  0.000000e+000  0.000000e+000  0.000000e+000  0.000000e+000  0.000000e+000  0.000000e+000  
0.000000e+000  0.000000e+000  0.000000e+000  0.000000e+000  0.000000e+000  0.000000e+000  0.000000e+000  0.000000e+000  0.000000e+000  
0.000000e+000  0.000000e+000  0.000000e+000  0.000000e+000  0.000000e+000  0.000000e+000  0.000000e+000  0.000000e+000  0.000000e+000  
0.000000e+000  0.000000e+000  0.000000e+000  0.000000e+000  0.000000e+000  0.000000e+000  0.000000e+000  0.000000e+000  0.000000e+000  
0.000000e+000  0.000000e+000  0.000000e+000  0.000000e+000  0.000000e+000  0.000000e+000  0.000000e+000  0.000000e+000  0.000000e+000  
0.000000e+000  0.000000e+000  0.000000e+000  0.000000e+000  0.000000e+000  0.000000e+000  0.000000e+000  0.000000e+000  0.000000e+000  
0.000000e+000  0.000000e+000  0.000000e+000  0.000000e+000  0.000000e+000  0.000000e+000  0.000000e+000  0.000000e+000  0.000000e+000  
0.000000e+000  0.000000e+000  0.000000e+000  0.000000e+000  0.000000e+000  0.000000e+000  0.000000e+000  0.000000e+000  0.000000e+000  
0.000000e+000  0.000000e+000  0.000000e+000  0.000000e+000  0.000000e+000  0.000000e+000  0.000000e+000  0.000000e+000  0.000000e+000  
0.000000e+000  0.000000e+000  0.000000e+000  0.000000e+000  0.000000e+000  0.000000e+000  0.000000e+000  0.000000e+000  0.000000e+000  
0.000000e+000  0.000000e+000  0.000000e+000  0.000000e+000  0.000000e+000  0.000000e+000  0.000000e+000  0.000000e+000  0.000000e+000  
0.000000e+000  0.000000e+000  0.000000e+000  0.000000e+000  0.000000e+000  0.000000e+000  0.000000e+000  0.000000e+000  0.000000e+000  
0.000000e+000  0.000000e+000  0.000000e+000  0.000000e+000  0.000000e+000  0.000000e+000  0.000000e+000  0.000000e+000  0.000000e+000  
0.000000e+000  0.000000e+000  0.000000e+000  0.000000e+000  0.000000e+000  0.000000e+000  0.000000e+000  0.000000e+000  0.000000e+000  

0.000000e+000  0.000000e+000  0.000000e+000  0.000000e+000  0.000000e+000  0.000000e+000  0.000000e+000  0.000000e+000  0.000000e+000  
0.000000e+000  0.000000e+000  0.000000e+000  0.000000e+000  0.000000e+000  0.000000e+000  0.000000e+000  0.000000e+000  0.000000e+000  
0.000000e+000  0.000000e+000  0.000000e+000  0.000000e+000  0.000000e+000  0.000000e+000  0.000000e+000  0.000000e+000  0.000000e+000  
0.000000e+000  0.000000e+000  0.000000e+000  0.000000e+000  0.000000e+000  0.000000e+000  0.000000e+000  0.000000e+000  0.000000e+000  
0.000000e+000  0.000000e+000  0.000000e+000  0.000000e+000  0.000000e+000  0.000000e+000  0.000000e+000  0.000000e+000  0.000000e+000  
0.000000e+000  0.000000e+000  0.000000e+000  0.000000e+000  0.000000e+000  0.000000e+000  0.000000e+000  0.000000e+000  0.000000e+000  
0.000000e+000  0.000000e+000  0.000000e+000  0.000000e+000  0.000000e+000  0.000000e+000  0.000000e+000  0.000000e+000  0.000000e+000  
0.000000e+000  0.000000e+000  0.000000e+000  0.000000e+000  0.000000e+000  0.000000e+000  0.000000e+000  0.000000e+000  0.000000e+000  
0.000000e+000  0.000000e+000  0.000000e+000  0.000000e+000  0.000000e+000  0.000000e+000  0.000000e+000  0.000000e+000  0.000000e+000  
0.000000e+000  0.000000e+000  0.000000e+000  0.000000e+000  0.000000e+000  0.000000e+000  0.000000e+000  0.000000e+000  0.000000e+000  
0.000000e+000  0.000000e+000  0.000000e+000  0.000000e+000  0.000000e+000  0.000000e+000  0.000000e+000  0.000000e+000  0.000000e+000  
0.000000e+000  0.000000e+000  0.000000e+000  0.000000e+000  0.000000e+000  0.000000e+000  0.000000e+000  0.000000e+000  0.000000e+000  
0.000000e+000  0.000000e+000  0.000000e+000  0.000000e+000  0.000000e+000  0.000000e+000  0.000000e+000  0.000000e+000  0.000000e+000  
0.000000e+000  0.000000e+000  0.000000e+000  0.000000e+000  0.000000e+000  0.000000e+000  0.000000e+000  0.000000e+000  0.000000e+000  
0.000000e+000  0.000000e+000  0.000000e+000  0.000000e+000  0.000000e+000  0.000000e+000  0.000000e+000  0.000000e+000  0.000000e+000  
0.000000e+000  0.000000e+000  0.000000e+000  0.000000e+000  0.000000e+000  0.000000e+000  0.000000e+000  0.000000e+000  0.000000e+000  
0.000000e+000  0.000000e+000  0.000000e+000  0.000000e+000  0.000000e+000  0.000000e+000  0.000000e+000  0.000000e+000  0.000000e+000  
0.000000e+000  0.000000e+000  0.000000e+000  0.000000e+000  0.000000e+000  0.000000e+000  0.000000e+000  0.000000e+000  0.000000e+000  
0.000000e+000  0.000000e+000  0.000000e+000  0.000000e+000  0.000000e+000  0.000000e+000  0.000000e+000  0.000000e+000  0.000000e+000  
0.000000e+000  0.000000e+000  0.000000e+000  0.000000e+000  0.000000e+000  0.000000e+000  0.000000e+000  0.000000e+000  0.000000e+000  
0.000000e+000  0.000000e+000  0.000000e+000  0.000000e+000  0.000000e+000  0.000000e+000  0.000000e+000  0.000000e+000  0.000000e+000  
0.000000e+000  0.000000e+000  0.000000e+000  0.000000e+000  0.000000e+000  0.000000e+000  0.000000e+000  0.000000e+000  0.000000e+000  
0.000000e+000  0.000000e+000  0.000000e+000  0.000000e+000  0.000000e+000  0.000000e+000  0.000000e+000  0.000000e+000  0.000000e+000  

5.973053e-001  5.861309e-001  5.601583e-001  5.174741e-001  4.693222e-001  4.089003e-001  3.433546e-001  3.050216e-001  -0.000000e+000  
6.030719e-001  5.915644e-001  5.642240e-001  5.206292e-001  4.713098e-001  4.096362e-001  3.431047e-001  3.043556e-001  -0.000000e+000  
6.492177e-001  6.352235e-001  6.015156e-001  5.473103e-001  4.877302e-001  4.154792e-001  3.407863e-001  2.986430e-001  -0.000000e+000  
6.991263e-001  6.832605e-001  6.422753e-001  5.750788e-001  5.036957e-001  4.200251e-001  3.372384e-001  2.919700e-001  -0.000000e+000  
7.453687e-001  7.278541e-001  6.799914e-001  6.004651e-001  5.180514e-001  4.238673e-001  3.337685e-001  2.857224e-001  -0.000000e+000  
8.615800e-001  8.412038e-001  7.737038e-001  6.584621e-001  5.469691e-001  4.276549e-001  3.222594e-001  2.691056e-001  -0.000000e+000  
1.020984e+000  1.001076e+000  9.013713e-001  7.267559e-001  5.733721e-001  4.228669e-001  3.021041e-001  2.449785e-001  -0.000000e+000  
1.221039e+000  1.216898e+000  1.064640e+000  7.924045e-001  5.837912e-001  4.009568e-001  2.697565e-001  2.118818e-001  -0.000000e+000  
1.429568e+000  1.495977e+000  1.254903e+000  8.232922e-001  5.529508e-001  3.487628e-001  2.198649e-001  1.670851e-001  -0.000000e+000  
1.437095e+000  1.736008e+000  1.358238e+000  7.189558e-001  4.294551e-001  2.481667e-001  1.476693e-001  1.091913e-001  -0.000000e+000  
5.100999e-001  5.876308e-001  4.812409e-001  2.729268e-001  1.634992e-001  9.276826e-002  5.418117e-002  3.969933e-002  -0.000000e+000  
-7.372424e-001  -8.438141e-001  -5.529519e-001  -2.999083e-001  -1.713457e-001  -9.232718e-002  -5.152694e-002  -3.676744e-002  -0.000000e+000  
-1.313020e+000  -1.690361e+000  -1.189875e+000  -5.913197e-001  -3.470487e-001  -1.978732e-001  -1.161008e-001  -8.505155e-002  -0.000000e+000  
-1.451727e+000  -1.741159e+000  -1.298826e+000  -6.932700e-001  -4.198201e-001  -2.453460e-001  -1.465148e-001  -1.082737e-001  -0.000000e+000  
-1.496711e+000  -1.587014e+000  -1.293354e+000  -8.098873e-001  -5.276563e-001  -3.241582e-001  -2.000902e-001  -1.502647e-001  -0.000000e+000  
-1.270521e+000  -1.268544e+000  -1.097009e+000  -7.987545e-001  -5.781517e-001  -3.899586e-001  -2.581807e-001  -2.009179e-001  -0.000000e+000  
-1.036857e+000  -1.015968e+000  -9.110320e-001  -7.291769e-001  -5.714434e-001  -4.182447e-001  -2.965602e-001  -2.393733e-001  -0.000000e+000  
-8.561283e-001  -8.353852e-001  -7.679614e-001  -6.534809e-001  -5.427584e-001  -4.242533e-001  -3.194904e-001  -2.666158e-001  -0.000000e+000  
-7.298111e-001  -7.125531e-001  -6.664661e-001  -5.903405e-001  -5.109975e-001  -4.197854e-001  -3.318201e-001  -2.846243e-001  -0.000000e+000  
-6.456761e-001  -6.314998e-001  -5.976999e-001  -5.436097e-001  -4.842166e-001  -4.122463e-001  -3.378907e-001  -2.959482e-001  -0.000000e+000  
-6.005878e-001  -5.882993e-001  -5.604549e-001  -5.170307e-001  -4.679107e-001  -4.064898e-001  -3.402504e-001  -3.016798e-001  -0.000000e+000  
-5.965429e-001  -5.835342e-001  -5.560933e-001  -5.138541e-001  -4.659326e-001  -4.057639e-001  -3.405053e-001  -3.023482e-001  -0.000000e+000  
-0.000000e+000  -0.000000e+000  -0.000000e+000  -0.000000e+000  -0.000000e+000  -0.000000e+000  -0.000000e+000  -0.000000e+000  -0.000000e+000  

