Port monitor named: Port2_h1.prt

nx        = 76
ny        = 71
nz        = 25

nu        = 9
nv        = 27
iu        = 10
iv        = 10

idir      = 1
dcut      = 2.750000e-002
icut      = 63
type      = 1
frequency = 3.500000e+009

fcutoff   = 0.000000e+000
alpha     = 0.000000e+000
beta      = 1.357662e+002
accuracy  = 2.193545e-014

type          = QTEM
wave imp.     = 2.044651e+002
wave imp.sig. = 1.681416e-002
line imp.     = 4.917980e+001

ref. port     = 0

-0.000000e+000  -8.269209e-002  -1.441912e-001  -2.353970e-001  -2.909349e-001  -3.079344e-001  -2.595849e-001  -1.416754e-001  -0.000000e+000  
-0.000000e+000  -7.401406e-002  -1.463174e-001  -2.410438e-001  -2.971531e-001  -3.135144e-001  -2.629415e-001  -1.430198e-001  -0.000000e+000  
-0.000000e+000  -8.765389e-002  -1.684161e-001  -2.741423e-001  -3.324581e-001  -3.448622e-001  -2.815555e-001  -1.504037e-001  -0.000000e+000  
-0.000000e+000  -1.116109e-001  -2.119739e-001  -3.373964e-001  -3.978397e-001  -4.012123e-001  -3.135981e-001  -1.627015e-001  -0.000000e+000  
-0.000000e+000  -1.364498e-001  -2.571084e-001  -4.005188e-001  -4.600421e-001  -4.523039e-001  -3.406921e-001  -1.725446e-001  -0.000000e+000  
-0.000000e+000  -1.665879e-001  -3.116956e-001  -4.759009e-001  -5.332414e-001  -5.115756e-001  -3.715155e-001  -1.835719e-001  -0.000000e+000  
-0.000000e+000  -2.563218e-001  -4.711457e-001  -6.815138e-001  -7.173483e-001  -6.488809e-001  -4.349831e-001  -2.041102e-001  -0.000000e+000  
-0.000000e+000  -4.223160e-001  -7.589465e-001  -1.015269e+000  -9.828917e-001  -8.246259e-001  -5.035552e-001  -2.229221e-001  -0.000000e+000  
-0.000000e+000  -6.583284e-001  -1.160026e+000  -1.411363e+000  -1.249159e+000  -9.728141e-001  -5.480279e-001  -2.314310e-001  -0.000000e+000  
-0.000000e+000  -1.024285e+000  -1.785516e+000  -1.957528e+000  -1.577678e+000  -1.136596e+000  -5.888067e-001  -2.363942e-001  -0.000000e+000  
-0.000000e+000  -2.242230e+000  -4.012868e+000  -3.327970e+000  -2.159835e+000  -1.323863e+000  -5.925340e-001  -2.195303e-001  -0.000000e+000  
-0.000000e+000  -4.876960e+000  -1.118479e+001  -5.348932e+000  -2.470078e+000  -1.234336e+000  -4.749738e-001  -1.630878e-001  -0.000000e+000  
-0.000000e+000  -3.272824e+000  -0.000000e+000  -2.781586e+000  -1.417174e+000  -7.120701e-001  -2.660780e-001  -8.935581e-002  -0.000000e+000  
-0.000000e+000  -6.869774e-001  -0.000000e+000  -7.973338e-001  -4.751623e-001  -2.445984e-001  -9.088876e-002  -3.034316e-002  -0.000000e+000  
-0.000000e+000  6.932800e-001  -0.000000e+000  8.212418e-001  4.922474e-001  2.538145e-001  9.380935e-002  3.105062e-002  -0.000000e+000  
-0.000000e+000  3.290187e+000  -0.000000e+000  2.815564e+000  1.434714e+000  7.203798e-001  2.685789e-001  8.993865e-002  -0.000000e+000  
-0.000000e+000  4.915978e+000  1.138768e+001  5.365796e+000  2.466419e+000  1.230234e+000  4.725957e-001  1.620233e-001  -0.000000e+000  
-0.000000e+000  2.328573e+000  4.179034e+000  3.410677e+000  2.186692e+000  1.327974e+000  5.896733e-001  2.175741e-001  -0.000000e+000  
-0.000000e+000  1.047956e+000  1.825520e+000  1.988773e+000  1.593679e+000  1.142722e+000  5.893606e-001  2.360680e-001  -0.000000e+000  
-0.000000e+000  5.088418e-001  9.069357e-001  1.169464e+000  1.093314e+000  8.906532e-001  5.259083e-001  2.280979e-001  -0.000000e+000  
-0.000000e+000  2.727055e-001  4.996302e-001  7.148170e-001  7.443994e-001  6.673805e-001  4.427269e-001  2.064249e-001  -0.000000e+000  
-0.000000e+000  1.612434e-001  3.018792e-001  4.617286e-001  5.189952e-001  4.998021e-001  3.653770e-001  1.814006e-001  -0.000000e+000  
-0.000000e+000  1.125111e-001  2.135173e-001  3.391051e-001  3.989782e-001  4.016980e-001  3.135178e-001  1.625730e-001  -0.000000e+000  
-0.000000e+000  8.813787e-002  1.692906e-001  2.752639e-001  3.333530e-001  3.453779e-001  2.816044e-001  1.503392e-001  -0.000000e+000  
-0.000000e+000  7.422537e-002  1.468125e-001  2.418587e-001  2.979017e-001  3.140230e-001  2.630539e-001  1.429911e-001  -0.000000e+000  
-0.000000e+000  8.287379e-002  1.446128e-001  2.361576e-001  2.916569e-001  3.084406e-001  2.597081e-001  1.416531e-001  -0.000000e+000  
-0.000000e+000  -0.000000e+000  -0.000000e+000  -0.000000e+000  -0.000000e+000  -0.000000e+000  -0.000000e+000  -0.000000e+000  -0.000000e+000  

-0.000000e+000  -0.000000e+000  -0.000000e+000  -0.000000e+000  -0.000000e+000  -0.000000e+000  -0.000000e+000  -0.000000e+000  -0.000000e+000  
4.705628e-002  5.647247e-002  5.214747e-002  4.055306e-002  2.791413e-002  1.261143e-002  2.840292e-004  -4.959220e-003  -0.000000e+000  
2.411401e-001  2.274074e-001  2.000487e-001  1.539585e-001  1.051934e-001  4.675125e-002  2.641709e-004  -1.932532e-002  -0.000000e+000  
4.359488e-001  4.118503e-001  3.586892e-001  2.708730e-001  1.807156e-001  7.575572e-002  -4.279746e-003  -3.694614e-002  -0.000000e+000  
6.661679e-001  6.260151e-001  5.365701e-001  3.926352e-001  2.515306e-001  9.480337e-002  -1.683691e-002  -6.005597e-002  -0.000000e+000  
7.228426e-001  6.780232e-001  5.781725e-001  4.190166e-001  2.652004e-001  9.672381e-002  -2.101851e-002  -6.593287e-002  -0.000000e+000  
1.062043e+000  9.851912e-001  8.144729e-001  5.565565e-001  3.262417e-001  9.352040e-002  -5.147240e-002  -1.017290e-001  -0.000000e+000  
1.538846e+000  1.402134e+000  1.100616e+000  6.842410e-001  3.531171e-001  5.557218e-002  -1.016813e-001  -1.483668e-001  -0.000000e+000  
2.262591e+000  2.005312e+000  1.440311e+000  7.652719e-001  3.106374e-001  -3.393040e-002  -1.754732e-001  -2.059200e-001  -0.000000e+000  
2.748581e+000  2.392222e+000  1.600153e+000  7.569439e-001  2.481348e-001  -9.805982e-002  -2.173449e-001  -2.351170e-001  -0.000000e+000  
4.570255e+000  3.799374e+000  1.947658e+000  5.398066e-001  -6.216544e-002  -3.296434e-001  -3.441123e-001  -3.149391e-001  -0.000000e+000  
8.685617e+000  7.117817e+000  1.484543e+000  -4.985664e-001  -8.105910e-001  -7.022345e-001  -5.027474e-001  -4.013453e-001  -0.000000e+000  
1.732361e+001  1.852851e+001  -6.536572e+000  -3.310825e+000  -1.992248e+000  -1.110698e+000  -6.421835e-001  -4.683751e-001  -0.000000e+000  
2.047933e+001  2.323600e+001  -7.561131e+000  -4.032784e+000  -2.361661e+000  -1.243085e+000  -6.859325e-001  -4.887060e-001  -0.000000e+000  
2.115290e+001  2.262433e+001  -7.076390e+000  -4.198709e+000  -2.482077e+000  -1.288784e+000  -7.009567e-001  -4.956209e-001  -0.000000e+000  
2.047199e+001  2.324042e+001  -7.575593e+000  -4.029346e+000  -2.357437e+000  -1.241062e+000  -6.852707e-001  -4.884714e-001  -0.000000e+000  
1.729862e+001  1.854205e+001  -6.561197e+000  -3.298529e+000  -1.983007e+000  -1.106799e+000  -6.409422e-001  -4.679410e-001  -0.000000e+000  
8.835007e+000  7.251932e+000  1.430131e+000  -5.430573e-001  -8.331148e-001  -7.102737e-001  -5.057769e-001  -4.030973e-001  -0.000000e+000  
4.687996e+000  3.889696e+000  1.962109e+000  5.224072e-001  -8.208102e-002  -3.432143e-001  -3.514372e-001  -3.196283e-001  -0.000000e+000  
2.715597e+000  2.368951e+000  1.601393e+000  7.676193e-001  2.569064e-001  -9.412748e-002  -2.162871e-001  -2.349081e-001  -0.000000e+000  
1.681259e+000  1.522964e+000  1.174204e+000  7.086801e-001  3.513695e-001  4.074344e-002  -1.162594e-001  -1.607124e-001  -0.000000e+000  
1.071247e+000  9.929690e-001  8.191788e-001  5.583388e-001  3.266255e-001  9.320389e-002  -5.202792e-002  -1.023583e-001  -0.000000e+000  
6.688722e-001  6.280717e-001  5.372190e-001  3.919250e-001  2.504195e-001  9.398177e-002  -1.711133e-002  -6.009318e-002  -0.000000e+000  
4.374516e-001  4.130474e-001  3.591947e-001  2.706045e-001  1.801283e-001  7.522794e-002  -4.492683e-003  -3.699523e-002  -0.000000e+000  
2.419112e-001  2.280461e-001  2.003575e-001  1.538732e-001  1.049187e-001  4.646769e-002  1.358253e-004  -1.936182e-002  -0.000000e+000  
4.722788e-002  5.664632e-002  5.222356e-002  4.053499e-002  2.784622e-002  1.253806e-002  2.496627e-004  -4.969520e-003  -0.000000e+000  
-0.000000e+000  -0.000000e+000  -0.000000e+000  -0.000000e+000  -0.000000e+000  -0.000000e+000  -0.000000e+000  -0.000000e+000  -0.000000e+000  

0.000000e+000  0.000000e+000  0.000000e+000  0.000000e+000  0.000000e+000  0.000000e+000  0.000000e+000  0.000000e+000  0.000000e+000  
0.000000e+000  0.000000e+000  0.000000e+000  0.000000e+000  0.000000e+000  0.000000e+000  0.000000e+000  0.000000e+000  0.000000e+000  
0.000000e+000  0.000000e+000  0.000000e+000  0.000000e+000  0.000000e+000  0.000000e+000  0.000000e+000  0.000000e+000  0.000000e+000  
0.000000e+000  0.000000e+000  0.000000e+000  0.000000e+000  0.000000e+000  0.000000e+000  0.000000e+000  0.000000e+000  0.000000e+000  
0.000000e+000  0.000000e+000  0.000000e+000  0.000000e+000  0.000000e+000  0.000000e+000  0.000000e+000  0.000000e+000  0.000000e+000  
0.000000e+000  0.000000e+000  0.000000e+000  0.000000e+000  0.000000e+000  0.000000e+000  0.000000e+000  0.000000e+000  0.000000e+000  
0.000000e+000  0.000000e+000  0.000000e+000  0.000000e+000  0.000000e+000  0.000000e+000  0.000000e+000  0.000000e+000  0.000000e+000  
0.000000e+000  0.000000e+000  0.000000e+000  0.000000e+000  0.000000e+000  0.000000e+000  0.000000e+000  0.000000e+000  0.000000e+000  
0.000000e+000  0.000000e+000  0.000000e+000  0.000000e+000  0.000000e+000  0.000000e+000  0.000000e+000  0.000000e+000  0.000000e+000  
0.000000e+000  0.000000e+000  0.000000e+000  0.000000e+000  0.000000e+000  0.000000e+000  0.000000e+000  0.000000e+000  0.000000e+000  
0.000000e+000  0.000000e+000  0.000000e+000  0.000000e+000  0.000000e+000  0.000000e+000  0.000000e+000  0.000000e+000  0.000000e+000  
0.000000e+000  0.000000e+000  0.000000e+000  0.000000e+000  0.000000e+000  0.000000e+000  0.000000e+000  0.000000e+000  0.000000e+000  
0.000000e+000  0.000000e+000  0.000000e+000  0.000000e+000  0.000000e+000  0.000000e+000  0.000000e+000  0.000000e+000  0.000000e+000  
0.000000e+000  0.000000e+000  0.000000e+000  0.000000e+000  0.000000e+000  0.000000e+000  0.000000e+000  0.000000e+000  0.000000e+000  
0.000000e+000  0.000000e+000  0.000000e+000  0.000000e+000  0.000000e+000  0.000000e+000  0.000000e+000  0.000000e+000  0.000000e+000  
0.000000e+000  0.000000e+000  0.000000e+000  0.000000e+000  0.000000e+000  0.000000e+000  0.000000e+000  0.000000e+000  0.000000e+000  
0.000000e+000  0.000000e+000  0.000000e+000  0.000000e+000  0.000000e+000  0.000000e+000  0.000000e+000  0.000000e+000  0.000000e+000  
0.000000e+000  0.000000e+000  0.000000e+000  0.000000e+000  0.000000e+000  0.000000e+000  0.000000e+000  0.000000e+000  0.000000e+000  
0.000000e+000  0.000000e+000  0.000000e+000  0.000000e+000  0.000000e+000  0.000000e+000  0.000000e+000  0.000000e+000  0.000000e+000  
0.000000e+000  0.000000e+000  0.000000e+000  0.000000e+000  0.000000e+000  0.000000e+000  0.000000e+000  0.000000e+000  0.000000e+000  
0.000000e+000  0.000000e+000  0.000000e+000  0.000000e+000  0.000000e+000  0.000000e+000  0.000000e+000  0.000000e+000  0.000000e+000  
0.000000e+000  0.000000e+000  0.000000e+000  0.000000e+000  0.000000e+000  0.000000e+000  0.000000e+000  0.000000e+000  0.000000e+000  
0.000000e+000  0.000000e+000  0.000000e+000  0.000000e+000  0.000000e+000  0.000000e+000  0.000000e+000  0.000000e+000  0.000000e+000  
0.000000e+000  0.000000e+000  0.000000e+000  0.000000e+000  0.000000e+000  0.000000e+000  0.000000e+000  0.000000e+000  0.000000e+000  
0.000000e+000  0.000000e+000  0.000000e+000  0.000000e+000  0.000000e+000  0.000000e+000  0.000000e+000  0.000000e+000  0.000000e+000  
0.000000e+000  0.000000e+000  0.000000e+000  0.000000e+000  0.000000e+000  0.000000e+000  0.000000e+000  0.000000e+000  0.000000e+000  
0.000000e+000  0.000000e+000  0.000000e+000  0.000000e+000  0.000000e+000  0.000000e+000  0.000000e+000  0.000000e+000  0.000000e+000  

0.000000e+000  0.000000e+000  0.000000e+000  0.000000e+000  0.000000e+000  0.000000e+000  0.000000e+000  0.000000e+000  0.000000e+000  
0.000000e+000  0.000000e+000  0.000000e+000  0.000000e+000  0.000000e+000  0.000000e+000  0.000000e+000  0.000000e+000  0.000000e+000  
0.000000e+000  0.000000e+000  0.000000e+000  0.000000e+000  0.000000e+000  0.000000e+000  0.000000e+000  0.000000e+000  0.000000e+000  
0.000000e+000  0.000000e+000  0.000000e+000  0.000000e+000  0.000000e+000  0.000000e+000  0.000000e+000  0.000000e+000  0.000000e+000  
0.000000e+000  0.000000e+000  0.000000e+000  0.000000e+000  0.000000e+000  0.000000e+000  0.000000e+000  0.000000e+000  0.000000e+000  
0.000000e+000  0.000000e+000  0.000000e+000  0.000000e+000  0.000000e+000  0.000000e+000  0.000000e+000  0.000000e+000  0.000000e+000  
0.000000e+000  0.000000e+000  0.000000e+000  0.000000e+000  0.000000e+000  0.000000e+000  0.000000e+000  0.000000e+000  0.000000e+000  
0.000000e+000  0.000000e+000  0.000000e+000  0.000000e+000  0.000000e+000  0.000000e+000  0.000000e+000  0.000000e+000  0.000000e+000  
0.000000e+000  0.000000e+000  0.000000e+000  0.000000e+000  0.000000e+000  0.000000e+000  0.000000e+000  0.000000e+000  0.000000e+000  
0.000000e+000  0.000000e+000  0.000000e+000  0.000000e+000  0.000000e+000  0.000000e+000  0.000000e+000  0.000000e+000  0.000000e+000  
0.000000e+000  0.000000e+000  0.000000e+000  0.000000e+000  0.000000e+000  0.000000e+000  0.000000e+000  0.000000e+000  0.000000e+000  
0.000000e+000  0.000000e+000  0.000000e+000  0.000000e+000  0.000000e+000  0.000000e+000  0.000000e+000  0.000000e+000  0.000000e+000  
0.000000e+000  0.000000e+000  0.000000e+000  0.000000e+000  0.000000e+000  0.000000e+000  0.000000e+000  0.000000e+000  0.000000e+000  
0.000000e+000  0.000000e+000  0.000000e+000  0.000000e+000  0.000000e+000  0.000000e+000  0.000000e+000  0.000000e+000  0.000000e+000  
0.000000e+000  0.000000e+000  0.000000e+000  0.000000e+000  0.000000e+000  0.000000e+000  0.000000e+000  0.000000e+000  0.000000e+000  
0.000000e+000  0.000000e+000  0.000000e+000  0.000000e+000  0.000000e+000  0.000000e+000  0.000000e+000  0.000000e+000  0.000000e+000  
0.000000e+000  0.000000e+000  0.000000e+000  0.000000e+000  0.000000e+000  0.000000e+000  0.000000e+000  0.000000e+000  0.000000e+000  
0.000000e+000  0.000000e+000  0.000000e+000  0.000000e+000  0.000000e+000  0.000000e+000  0.000000e+000  0.000000e+000  0.000000e+000  
0.000000e+000  0.000000e+000  0.000000e+000  0.000000e+000  0.000000e+000  0.000000e+000  0.000000e+000  0.000000e+000  0.000000e+000  
0.000000e+000  0.000000e+000  0.000000e+000  0.000000e+000  0.000000e+000  0.000000e+000  0.000000e+000  0.000000e+000  0.000000e+000  
0.000000e+000  0.000000e+000  0.000000e+000  0.000000e+000  0.000000e+000  0.000000e+000  0.000000e+000  0.000000e+000  0.000000e+000  
0.000000e+000  0.000000e+000  0.000000e+000  0.000000e+000  0.000000e+000  0.000000e+000  0.000000e+000  0.000000e+000  0.000000e+000  
0.000000e+000  0.000000e+000  0.000000e+000  0.000000e+000  0.000000e+000  0.000000e+000  0.000000e+000  0.000000e+000  0.000000e+000  
0.000000e+000  0.000000e+000  0.000000e+000  0.000000e+000  0.000000e+000  0.000000e+000  0.000000e+000  0.000000e+000  0.000000e+000  
0.000000e+000  0.000000e+000  0.000000e+000  0.000000e+000  0.000000e+000  0.000000e+000  0.000000e+000  0.000000e+000  0.000000e+000  
0.000000e+000  0.000000e+000  0.000000e+000  0.000000e+000  0.000000e+000  0.000000e+000  0.000000e+000  0.000000e+000  0.000000e+000  
0.000000e+000  0.000000e+000  0.000000e+000  0.000000e+000  0.000000e+000  0.000000e+000  0.000000e+000  0.000000e+000  0.000000e+000  

0.000000e+000  0.000000e+000  0.000000e+000  0.000000e+000  0.000000e+000  0.000000e+000  0.000000e+000  0.000000e+000  0.000000e+000  
0.000000e+000  0.000000e+000  0.000000e+000  0.000000e+000  0.000000e+000  0.000000e+000  0.000000e+000  0.000000e+000  0.000000e+000  
0.000000e+000  0.000000e+000  0.000000e+000  0.000000e+000  0.000000e+000  0.000000e+000  0.000000e+000  0.000000e+000  0.000000e+000  
0.000000e+000  0.000000e+000  0.000000e+000  0.000000e+000  0.000000e+000  0.000000e+000  0.000000e+000  0.000000e+000  0.000000e+000  
0.000000e+000  0.000000e+000  0.000000e+000  0.000000e+000  0.000000e+000  0.000000e+000  0.000000e+000  0.000000e+000  0.000000e+000  
0.000000e+000  0.000000e+000  0.000000e+000  0.000000e+000  0.000000e+000  0.000000e+000  0.000000e+000  0.000000e+000  0.000000e+000  
0.000000e+000  0.000000e+000  0.000000e+000  0.000000e+000  0.000000e+000  0.000000e+000  0.000000e+000  0.000000e+000  0.000000e+000  
0.000000e+000  0.000000e+000  0.000000e+000  0.000000e+000  0.000000e+000  0.000000e+000  0.000000e+000  0.000000e+000  0.000000e+000  
0.000000e+000  0.000000e+000  0.000000e+000  0.000000e+000  0.000000e+000  0.000000e+000  0.000000e+000  0.000000e+000  0.000000e+000  
0.000000e+000  0.000000e+000  0.000000e+000  0.000000e+000  0.000000e+000  0.000000e+000  0.000000e+000  0.000000e+000  0.000000e+000  
0.000000e+000  0.000000e+000  0.000000e+000  0.000000e+000  0.000000e+000  0.000000e+000  0.000000e+000  0.000000e+000  0.000000e+000  
0.000000e+000  0.000000e+000  0.000000e+000  0.000000e+000  0.000000e+000  0.000000e+000  0.000000e+000  0.000000e+000  0.000000e+000  
0.000000e+000  0.000000e+000  0.000000e+000  0.000000e+000  0.000000e+000  0.000000e+000  0.000000e+000  0.000000e+000  0.000000e+000  
0.000000e+000  0.000000e+000  0.000000e+000  0.000000e+000  0.000000e+000  0.000000e+000  0.000000e+000  0.000000e+000  0.000000e+000  
0.000000e+000  0.000000e+000  0.000000e+000  0.000000e+000  0.000000e+000  0.000000e+000  0.000000e+000  0.000000e+000  0.000000e+000  
0.000000e+000  0.000000e+000  0.000000e+000  0.000000e+000  0.000000e+000  0.000000e+000  0.000000e+000  0.000000e+000  0.000000e+000  
0.000000e+000  0.000000e+000  0.000000e+000  0.000000e+000  0.000000e+000  0.000000e+000  0.000000e+000  0.000000e+000  0.000000e+000  
0.000000e+000  0.000000e+000  0.000000e+000  0.000000e+000  0.000000e+000  0.000000e+000  0.000000e+000  0.000000e+000  0.000000e+000  
0.000000e+000  0.000000e+000  0.000000e+000  0.000000e+000  0.000000e+000  0.000000e+000  0.000000e+000  0.000000e+000  0.000000e+000  
0.000000e+000  0.000000e+000  0.000000e+000  0.000000e+000  0.000000e+000  0.000000e+000  0.000000e+000  0.000000e+000  0.000000e+000  
0.000000e+000  0.000000e+000  0.000000e+000  0.000000e+000  0.000000e+000  0.000000e+000  0.000000e+000  0.000000e+000  0.000000e+000  
0.000000e+000  0.000000e+000  0.000000e+000  0.000000e+000  0.000000e+000  0.000000e+000  0.000000e+000  0.000000e+000  0.000000e+000  
0.000000e+000  0.000000e+000  0.000000e+000  0.000000e+000  0.000000e+000  0.000000e+000  0.000000e+000  0.000000e+000  0.000000e+000  
0.000000e+000  0.000000e+000  0.000000e+000  0.000000e+000  0.000000e+000  0.000000e+000  0.000000e+000  0.000000e+000  0.000000e+000  
0.000000e+000  0.000000e+000  0.000000e+000  0.000000e+000  0.000000e+000  0.000000e+000  0.000000e+000  0.000000e+000  0.000000e+000  
0.000000e+000  0.000000e+000  0.000000e+000  0.000000e+000  0.000000e+000  0.000000e+000  0.000000e+000  0.000000e+000  0.000000e+000  
0.000000e+000  0.000000e+000  0.000000e+000  0.000000e+000  0.000000e+000  0.000000e+000  0.000000e+000  0.000000e+000  0.000000e+000  

6.002189e-001  5.892045e-001  5.639563e-001  5.234357e-001  4.773744e-001  4.142523e-001  3.458172e-001  3.070724e-001  -0.000000e+000  
6.045310e-001  5.933417e-001  5.669851e-001  5.258684e-001  4.789791e-001  4.148665e-001  3.456622e-001  3.065998e-001  -0.000000e+000  
6.278543e-001  6.149557e-001  5.854239e-001  5.395454e-001  4.878606e-001  4.181858e-001  3.447230e-001  3.039192e-001  -0.000000e+000  
6.681005e-001  6.534098e-001  6.185201e-001  5.635193e-001  5.029956e-001  4.233878e-001  3.426374e-001  2.989513e-001  -0.000000e+000  
7.043437e-001  6.882951e-001  6.483380e-001  5.843964e-001  5.155766e-001  4.270657e-001  3.402129e-001  2.942440e-001  -0.000000e+000  
7.464348e-001  7.288706e-001  6.829242e-001  6.083642e-001  5.298206e-001  4.310139e-001  3.372374e-001  2.887188e-001  -0.000000e+000  
8.452567e-001  8.249358e-001  7.634024e-001  6.607142e-001  5.582487e-001  4.360253e-001  3.282303e-001  2.750623e-001  -0.000000e+000  
9.769758e-001  9.553874e-001  8.699690e-001  7.232671e-001  5.872425e-001  4.357470e-001  3.131873e-001  2.559325e-001  -0.000000e+000  
1.097982e+000  1.080510e+000  9.685980e-001  7.718355e-001  6.032507e-001  4.278221e-001  2.961235e-001  2.372514e-001  -0.000000e+000  
1.240760e+000  1.234432e+000  1.087073e+000  8.228105e-001  6.147435e-001  4.133448e-001  2.736210e-001  2.140737e-001  -0.000000e+000  
1.460116e+000  1.521668e+000  1.289599e+000  8.647462e-001  5.902970e-001  3.617420e-001  2.235438e-001  1.689386e-001  -0.000000e+000  
1.493996e+000  1.780127e+000  1.416749e+000  7.711688e-001  4.679832e-001  2.596439e-001  1.504246e-001  1.102544e-001  -0.000000e+000  
8.587398e-001  9.919187e-001  7.728709e-001  4.342494e-001  2.605696e-001  1.408970e-001  7.994865e-002  5.800229e-002  -0.000000e+000  
2.900083e-001  3.178915e-001  2.443358e-001  1.471883e-001  8.893533e-002  4.785066e-002  2.704039e-002  1.958820e-002  -0.000000e+000  
-3.040696e-001  -3.325492e-001  -2.509424e-001  -1.510568e-001  -9.084256e-002  -4.832823e-002  -2.692297e-002  -1.932457e-002  -0.000000e+000  
-8.722362e-001  -1.007058e+000  -7.804128e-001  -4.379014e-001  -2.622055e-001  -1.412437e-001  -7.978877e-002  -5.772412e-002  -0.000000e+000  
-1.493272e+000  -1.782999e+000  -1.414971e+000  -7.677034e-001  -4.650789e-001  -2.575133e-001  -1.488922e-001  -1.090033e-001  -0.000000e+000  
-1.469740e+000  -1.536472e+000  -1.298581e+000  -8.641912e-001  -5.867976e-001  -3.578105e-001  -2.203891e-001  -1.663009e-001  -0.000000e+000  
-1.247396e+000  -1.241872e+000  -1.092360e+000  -8.242682e-001  -6.143008e-001  -4.119579e-001  -2.721650e-001  -2.127192e-001  -0.000000e+000  
-1.028985e+000  -1.008152e+000  -9.120836e-001  -7.455435e-001  -5.958032e-001  -4.334721e-001  -3.061983e-001  -2.478752e-001  -0.000000e+000  
-8.590303e-001  -8.385055e-001  -7.745206e-001  -6.673749e-001  -5.614347e-001  -4.360754e-001  -3.265777e-001  -2.728908e-001  -0.000000e+000  
-7.382300e-001  -7.209324e-001  -6.760653e-001  -6.034900e-001  -5.268238e-001  -4.300435e-001  -3.376317e-001  -2.896094e-001  -0.000000e+000  
-6.686629e-001  -6.538186e-001  -6.186648e-001  -5.634103e-001  -5.027380e-001  -4.230523e-001  -3.423233e-001  -2.986685e-001  -0.000000e+000  
-6.287870e-001  -6.154731e-001  -5.855104e-001  -5.394468e-001  -4.876490e-001  -4.178951e-001  -3.444270e-001  -3.036404e-001  -0.000000e+000  
-6.064783e-001  -5.941527e-001  -5.669352e-001  -5.257384e-001  -4.787800e-001  -4.145985e-001  -3.453770e-001  -3.063240e-001  -0.000000e+000  
-6.035110e-001  -5.905526e-001  -5.636437e-001  -5.232789e-001  -4.771753e-001  -4.139882e-001  -3.455340e-001  -3.067972e-001  -0.000000e+000  
-0.000000e+000  -0.000000e+000  -0.000000e+000  -0.000000e+000  -0.000000e+000  -0.000000e+000  -0.000000e+000  -0.000000e+000  -0.000000e+000  

