Defined reference frequency for open boundary condition (3.5 GHz) is larger
than the lowest relevant system frequency (monitor at 1 GHz).
Please check open boundary settings to ensure accurate monitor results for the
lowest frequency of interest.

--------------------------------------------------------------------------------
Build version: 2016.1 Release from 2016-02-26 (change 422839)

Starting adaptive port meshing.

--------------------------------------------------------------------------------
Mode calculation for port 1:

--------------------------------------------------------------------------------

--------------------------------------------------------------------------------

--------------------------------------------------------------------------------
Using electric shielding for port 1.

--------------------------------------------------------------------------------
Port mode solver: Detected dispersive material(s) at port 1. 
Using a constant approximation of dispersive material(s) at 3.5 GHz and
neglecting loss terms. 

--------------------------------------------------------------------------------
  -------------------------------- F-Calc 3.5 --------------------------------
  Port   Mode   Type        Z-Wave        Z-Wave-Sigma  Z-Line        F-Cutoff
  1      1      QTEM        205           0.101         47.8          ---
  ----------------------------------------------------------------------------

*** Warning ***

Some higher order propagating modes at port 1 are not considered in time domain
calculation. This possibly leads to an inaccurate energy balance. Consider to
increase the number of modes or decrease the upper frequency limit. More...

--------------------------------------------------------------------------------
Pass 1 successfully completed. 

--------------------------------------------------------------------------------

--------------------------------------------------------------------------------
  -------------------------------- F-Calc 3.5 --------------------------------
  Port   Mode   Type        Z-Wave        Z-Wave-Sigma  Z-Line        F-Cutoff
  1      1      QTEM        209           0.377         48.6          ---
  ----------------------------------------------------------------------------

Pass 2 successfully completed. Delta (Line Imp.): 1.636535%

--------------------------------------------------------------------------------

--------------------------------------------------------------------------------
  -------------------------------- F-Calc 3.5 --------------------------------
  Port   Mode   Type        Z-Wave        Z-Wave-Sigma  Z-Line        F-Cutoff
  1      1      QTEM        230           18.8          49            ---
  ----------------------------------------------------------------------------

Pass 3 successfully completed. Delta (Line Imp.): 0.831517%

--------------------------------------------------------------------------------

--------------------------------------------------------------------------------
  -------------------------------- F-Calc 3.5 --------------------------------
  Port   Mode   Type        Z-Wave        Z-Wave-Sigma  Z-Line        F-Cutoff
  1      1      QTEM        254           0             49.2          ---
  ----------------------------------------------------------------------------

Pass 4 successfully completed. Delta (Line Imp.): 0.326746%
Mode calculation for port 2:

--------------------------------------------------------------------------------

--------------------------------------------------------------------------------

--------------------------------------------------------------------------------
Using electric shielding for port 2.

--------------------------------------------------------------------------------
Port mode solver: Detected dispersive material(s) at port 2. 
Using a constant approximation of dispersive material(s) at 3.5 GHz and
neglecting loss terms. 

--------------------------------------------------------------------------------
  -------------------------------- F-Calc 3.5 --------------------------------
  Port   Mode   Type        Z-Wave        Z-Wave-Sigma  Z-Line        F-Cutoff
  2      1      QTEM        205           0.101         47.8          ---
  ----------------------------------------------------------------------------

*** Warning ***

Some higher order propagating modes at port 2 are not considered in time domain
calculation. This possibly leads to an inaccurate energy balance. Consider to
increase the number of modes or decrease the upper frequency limit. More...

--------------------------------------------------------------------------------
Pass 1 successfully completed. 

--------------------------------------------------------------------------------

--------------------------------------------------------------------------------
  -------------------------------- F-Calc 3.5 --------------------------------
  Port   Mode   Type        Z-Wave        Z-Wave-Sigma  Z-Line        F-Cutoff
  2      1      QTEM        209           0.377         48.6          ---
  ----------------------------------------------------------------------------

Pass 2 successfully completed. Delta (Line Imp.): 1.636535%

--------------------------------------------------------------------------------

--------------------------------------------------------------------------------
  -------------------------------- F-Calc 3.5 --------------------------------
  Port   Mode   Type        Z-Wave        Z-Wave-Sigma  Z-Line        F-Cutoff
  2      1      QTEM        230           18.8          49            ---
  ----------------------------------------------------------------------------

Pass 3 successfully completed. Delta (Line Imp.): 0.831517%

--------------------------------------------------------------------------------

--------------------------------------------------------------------------------
  -------------------------------- F-Calc 3.5 --------------------------------
  Port   Mode   Type        Z-Wave        Z-Wave-Sigma  Z-Line        F-Cutoff
  2      1      QTEM        254           0             49.2          ---
  ----------------------------------------------------------------------------

Pass 4 successfully completed. Delta (Line Imp.): 0.326746%
Mode calculation for port 3:

--------------------------------------------------------------------------------

--------------------------------------------------------------------------------

--------------------------------------------------------------------------------
Using electric shielding for port 3.

--------------------------------------------------------------------------------
Port mode solver: Detected dispersive material(s) at port 3. 
Using a constant approximation of dispersive material(s) at 3.5 GHz and
neglecting loss terms. 

--------------------------------------------------------------------------------
  -------------------------------- F-Calc 3.5 --------------------------------
  Port   Mode   Type        Z-Wave        Z-Wave-Sigma  Z-Line        F-Cutoff
  3      1      QTEM        205           0.101         47.8          ---
  ----------------------------------------------------------------------------

*** Warning ***

Some higher order propagating modes at port 3 are not considered in time domain
calculation. This possibly leads to an inaccurate energy balance. Consider to
increase the number of modes or decrease the upper frequency limit. More...

--------------------------------------------------------------------------------
Pass 1 successfully completed. 

--------------------------------------------------------------------------------

--------------------------------------------------------------------------------
  -------------------------------- F-Calc 3.5 --------------------------------
  Port   Mode   Type        Z-Wave        Z-Wave-Sigma  Z-Line        F-Cutoff
  3      1      QTEM        209           0.377         48.6          ---
  ----------------------------------------------------------------------------

Pass 2 successfully completed. Delta (Line Imp.): 1.636535%

--------------------------------------------------------------------------------

--------------------------------------------------------------------------------
  -------------------------------- F-Calc 3.5 --------------------------------
  Port   Mode   Type        Z-Wave        Z-Wave-Sigma  Z-Line        F-Cutoff
  3      1      QTEM        230           18.8          49            ---
  ----------------------------------------------------------------------------

Pass 3 successfully completed. Delta (Line Imp.): 0.831517%

--------------------------------------------------------------------------------

--------------------------------------------------------------------------------
  -------------------------------- F-Calc 3.5 --------------------------------
  Port   Mode   Type        Z-Wave        Z-Wave-Sigma  Z-Line        F-Cutoff
  3      1      QTEM        254           0             49.2          ---
  ----------------------------------------------------------------------------

Pass 4 successfully completed. Delta (Line Imp.): 0.326746%
Mode calculation for port 4:

--------------------------------------------------------------------------------

--------------------------------------------------------------------------------

--------------------------------------------------------------------------------
Using electric shielding for port 4.

--------------------------------------------------------------------------------
Port mode solver: Detected dispersive material(s) at port 4. 
Using a constant approximation of dispersive material(s) at 3.5 GHz and
neglecting loss terms. 

--------------------------------------------------------------------------------
  -------------------------------- F-Calc 3.5 --------------------------------
  Port   Mode   Type        Z-Wave        Z-Wave-Sigma  Z-Line        F-Cutoff
  4      1      QTEM        205           0.101         47.8          ---
  ----------------------------------------------------------------------------

*** Warning ***

Some higher order propagating modes at port 4 are not considered in time domain
calculation. This possibly leads to an inaccurate energy balance. Consider to
increase the number of modes or decrease the upper frequency limit. More...

--------------------------------------------------------------------------------
Pass 1 successfully completed. 

--------------------------------------------------------------------------------

--------------------------------------------------------------------------------
  -------------------------------- F-Calc 3.5 --------------------------------
  Port   Mode   Type        Z-Wave        Z-Wave-Sigma  Z-Line        F-Cutoff
  4      1      QTEM        209           0.377         48.6          ---
  ----------------------------------------------------------------------------

Pass 2 successfully completed. Delta (Line Imp.): 1.636535%

--------------------------------------------------------------------------------

--------------------------------------------------------------------------------
  -------------------------------- F-Calc 3.5 --------------------------------
  Port   Mode   Type        Z-Wave        Z-Wave-Sigma  Z-Line        F-Cutoff
  4      1      QTEM        230           18.8          49            ---
  ----------------------------------------------------------------------------

Pass 3 successfully completed. Delta (Line Imp.): 0.831517%

--------------------------------------------------------------------------------

--------------------------------------------------------------------------------
  -------------------------------- F-Calc 3.5 --------------------------------
  Port   Mode   Type        Z-Wave        Z-Wave-Sigma  Z-Line        F-Cutoff
  4      1      QTEM        254           0             49.2          ---
  ----------------------------------------------------------------------------

Pass 4 successfully completed. Delta (Line Imp.): 0.326746%
Adaptive port meshing finished. 

--------------------------------------------------------------------------------

Solver started at: 03:49 PM Tuesday, 02. May 2023

  Module:  Time Domain: S-Parameter (Win 64)
  Version: 2016.1 Release from 2016-02-26 (change 422839)


--------------------------------------------------------------------------------

--------------------------------------------------------------------------------
======================================================================
 Solver cycle: 1
======================================================================

Stimulation at port 1 (mode 1) 


--------------------------------------------------------------------------------
Units settings: 

  Dimensions: mm
  Frequency:  GHz
  Time:       ns

--------------------------------------------------------------------------------
Mesh statistics:

   Hexahedral mesh type: FPBA [accuracy enhancement is enabled]

   Parallelization type: domain decomposition
      Number of parallel working threads: 2
      Number of calculation domains used: 2

   Used point accuracy enhancement value: 73.00%.
   PBA fill limit: 98.44% (inverse)


--------------------------------------------------------------------------------
Using electric shielding for port 1, 2, 3, 4.

--------------------------------------------------------------------------------
Port mode solver: Detected dispersive material(s) at port 1, 2, 3, 4. 
Using a constant approximation of dispersive material(s) at 3.5 GHz and
neglecting loss terms. 

--------------------------------------------------------------------------------
Boundary conditions: 

  YZsymmetry: none
  XZsymmetry: none
  XYsymmetry: none

  Xmin: expanded open, 4 Layer, depth 12.3812 mm
  Xmax: expanded open, 4 Layer, depth 12.3812 mm

  Ymin: expanded open, 4 Layer, depth 12.2198 mm
  Ymax: expanded open, 4 Layer, depth 12.2198 mm

  Zmin: expanded open, 4 Layer, depth 13.2587 mm
  Zmax: expanded open, 4 Layer, depth 12.4052 mm

  PML-Type: Convolution PML

--------------------------------------------------------------------------------
Frequency settings: 

  Fmin:         1
  Fmax:         6
  Nfsteps(lin): 1001

--------------------------------------------------------------------------------
Waveguide boundaries:

Port: 1

  -------------------------------- F-Calc 3.5 --------------------------------
  Port   Mode   Type        Z-Wave        Z-Wave-Sigma  Z-Line        F-Cutoff
  1      1      QTEM        205           0.101         49.2          ---
  ----------------------------------------------------------------------------

Port: 2

  -------------------------------- F-Calc 3.5 --------------------------------
  Port   Mode   Type        Z-Wave        Z-Wave-Sigma  Z-Line        F-Cutoff
  2      1      QTEM        205           0.101         49.2          ---
  ----------------------------------------------------------------------------

Port: 3

  -------------------------------- F-Calc 3.5 --------------------------------
  Port   Mode   Type        Z-Wave        Z-Wave-Sigma  Z-Line        F-Cutoff
  3      1      QTEM        205           0.101         49.2          ---
  ----------------------------------------------------------------------------

Port: 4

  -------------------------------- F-Calc 3.5 --------------------------------
  Port   Mode   Type        Z-Wave        Z-Wave-Sigma  Z-Line        F-Cutoff
  4      1      QTEM        205           0.101         49.2          ---
  ----------------------------------------------------------------------------

*** Warning ***

Some higher order propagating modes at port 1 are not considered in time domain
calculation. This possibly leads to an inaccurate energy balance. Consider to
increase the number of modes or decrease the upper frequency limit. More...

--------------------------------------------------------------------------------
*** Warning ***

Some higher order propagating modes at port 2 are not considered in time domain
calculation. This possibly leads to an inaccurate energy balance. Consider to
increase the number of modes or decrease the upper frequency limit. More...

--------------------------------------------------------------------------------
*** Warning ***

Some higher order propagating modes at port 3 are not considered in time domain
calculation. This possibly leads to an inaccurate energy balance. Consider to
increase the number of modes or decrease the upper frequency limit. More...

--------------------------------------------------------------------------------
*** Warning ***

Some higher order propagating modes at port 4 are not considered in time domain
calculation. This possibly leads to an inaccurate energy balance. Consider to
increase the number of modes or decrease the upper frequency limit. More...

--------------------------------------------------------------------------------
Field update statistics:

  Number of components in total: 	772437
  Number of lossy metal components:	4436
  Number of disp. elements:		21210

Subcycling state:      Automatically deactivated

--------------------------------------------------------------------------------

--------------------------------------------------------------------------------
Broadband farfield monitor expansion origin: 
   x: 0
   y: 0
   z: -4.56

--------------------------------------------------------------------------------
Broadband farfield monitor: Using order 12. (168 farfield modes.)

--------------------------------------------------------------------------------

--------------------------------------------------------------------------------
Steady state energy criterion met, solver finished successfully.

--------------------------------------------------------------------------------
Frequency domain results normalized to default signal.

--------------------------------------------------------------------------------

  ----------------------------------------------------------------------------
                      Peak memory used (kB)         Free physical memory (kB) 
                                                    At begin     Minimum      
  ----------------------------------------------------------------------------
  Matrices calc.      144704                        1679112      1541688      
  Solver run total    270996                        1680612      1425792      
  ----------------------------------------------------------------------------

--------------------------------------------------------------------------------
Solver Statistics:

  Hardware:
     Computer name:                 	LAPTOP-BK7GUF1N 

     Number of CPU threads:             4
     Hardware info:                  	Hardware acceleration not activated

  Number of mesh cells:             	124392
  Excitation duration:              	1.42181950e+000 ns 
  Calculation time for excitation:  	5      	s
  Number of calculated pulse widths:	4.28853 
  Steady state accuracy limit:      	-30	dB 
  Simulated number of time steps:   	4664   
  Maximum number of time steps:     	21751  
  Time step width:
     without subcycles:             	1.30735887e-003 ns
     used:                          	1.30735887e-003 ns

  Matrix calculation time:          	8      	s
  Solver setup time:                	3      	s
  Solver loop time:                 	21     	s
  Solver post processing time:      	1      	s
  Processing of broadband farfields:	2      	s
                                    	------------
  Total solver time:                	35     	s

--------------------------------------------------------------------------------
======================================================================
 Solver cycle: 2
======================================================================

Stimulation at port 2 (mode 1) 


--------------------------------------------------------------------------------
Units settings: 

  Dimensions: mm
  Frequency:  GHz
  Time:       ns

--------------------------------------------------------------------------------
Boundary conditions: 

  YZsymmetry: none
  XZsymmetry: none
  XYsymmetry: none

  Xmin: expanded open, 4 Layer, depth 12.3812 mm
  Xmax: expanded open, 4 Layer, depth 12.3812 mm

  Ymin: expanded open, 4 Layer, depth 12.2198 mm
  Ymax: expanded open, 4 Layer, depth 12.2198 mm

  Zmin: expanded open, 4 Layer, depth 13.2587 mm
  Zmax: expanded open, 4 Layer, depth 12.4052 mm

  PML-Type: Convolution PML

--------------------------------------------------------------------------------
Frequency settings: 

  Fmin:         1
  Fmax:         6
  Nfsteps(lin): 1001

--------------------------------------------------------------------------------
Field update statistics:

  Number of components in total: 	772437
  Number of lossy metal components:	4436
  Number of disp. elements:		21210

Subcycling state:      Automatically deactivated

--------------------------------------------------------------------------------
Broadband farfield monitor expansion origin: 
   x: 0
   y: 0
   z: -4.56

--------------------------------------------------------------------------------
Broadband farfield monitor: Using order 12. (168 farfield modes.)

--------------------------------------------------------------------------------

--------------------------------------------------------------------------------
Steady state energy criterion met, solver finished successfully.

--------------------------------------------------------------------------------
Frequency domain results normalized to default signal.

--------------------------------------------------------------------------------

  ----------------------------------------------------------------------------
                      Peak memory used (kB)         Free physical memory (kB) 
                                                    At begin     Minimum      
  ----------------------------------------------------------------------------
  Matrices calc.      144704                        1679112      1541688      
  Solver run total    271316                        1473340      1449504      
  ----------------------------------------------------------------------------

--------------------------------------------------------------------------------
Solver Statistics:

  Hardware:
     Computer name:                 	LAPTOP-BK7GUF1N 

     Number of CPU threads:             4
     Hardware info:                  	Hardware acceleration not activated

  Number of mesh cells:             	124392
  Excitation duration:              	1.42181950e+000 ns 
  Calculation time for excitation:  	5      	s
  Number of calculated pulse widths:	4.28853 
  Steady state accuracy limit:      	-30	dB 
  Simulated number of time steps:   	4664   
  Maximum number of time steps:     	21751  
  Time step width:
     without subcycles:             	1.30735887e-003 ns
     used:                          	1.30735887e-003 ns

  Reloading matrices:               	0      	s
  Solver setup time:                	2      	s
  Solver loop time:                 	20     	s
  Solver post processing time:      	0      	s
  Processing of broadband farfields:	4      	s
                                    	------------
  Total solver time:                	26     	s

--------------------------------------------------------------------------------
======================================================================
 Solver cycle: 3
======================================================================

Stimulation at port 3 (mode 1) 


--------------------------------------------------------------------------------
Units settings: 

  Dimensions: mm
  Frequency:  GHz
  Time:       ns

--------------------------------------------------------------------------------
Boundary conditions: 

  YZsymmetry: none
  XZsymmetry: none
  XYsymmetry: none

  Xmin: expanded open, 4 Layer, depth 12.3812 mm
  Xmax: expanded open, 4 Layer, depth 12.3812 mm

  Ymin: expanded open, 4 Layer, depth 12.2198 mm
  Ymax: expanded open, 4 Layer, depth 12.2198 mm

  Zmin: expanded open, 4 Layer, depth 13.2587 mm
  Zmax: expanded open, 4 Layer, depth 12.4052 mm

  PML-Type: Convolution PML

--------------------------------------------------------------------------------
Frequency settings: 

  Fmin:         1
  Fmax:         6
  Nfsteps(lin): 1001

--------------------------------------------------------------------------------
Field update statistics:

  Number of components in total: 	772437
  Number of lossy metal components:	4436
  Number of disp. elements:		21210

Subcycling state:      Automatically deactivated

--------------------------------------------------------------------------------
Broadband farfield monitor expansion origin: 
   x: 0
   y: 0
   z: -4.56

--------------------------------------------------------------------------------
Broadband farfield monitor: Using order 12. (168 farfield modes.)

--------------------------------------------------------------------------------

--------------------------------------------------------------------------------
Steady state energy criterion met, solver finished successfully.

--------------------------------------------------------------------------------
Frequency domain results normalized to default signal.

--------------------------------------------------------------------------------

  ----------------------------------------------------------------------------
                      Peak memory used (kB)         Free physical memory (kB) 
                                                    At begin     Minimum      
  ----------------------------------------------------------------------------
  Matrices calc.      144704                        1679112      1541688      
  Solver run total    272464                        1503880      1464596      
  ----------------------------------------------------------------------------

--------------------------------------------------------------------------------
Solver Statistics:

  Hardware:
     Computer name:                 	LAPTOP-BK7GUF1N 

     Number of CPU threads:             4
     Hardware info:                  	Hardware acceleration not activated

  Number of mesh cells:             	124392
  Excitation duration:              	1.42181950e+000 ns 
  Calculation time for excitation:  	4      	s
  Number of calculated pulse widths:	4.28853 
  Steady state accuracy limit:      	-30	dB 
  Simulated number of time steps:   	4664   
  Maximum number of time steps:     	21751  
  Time step width:
     without subcycles:             	1.30735887e-003 ns
     used:                          	1.30735887e-003 ns

  Reloading matrices:               	0      	s
  Solver setup time:                	2      	s
  Solver loop time:                 	20     	s
  Solver post processing time:      	-2     	s
  Processing of broadband farfields:	6      	s
                                    	------------
  Total solver time:                	26     	s

--------------------------------------------------------------------------------
======================================================================
 Solver cycle: 4
======================================================================

Stimulation at port 4 (mode 1) 


--------------------------------------------------------------------------------
Units settings: 

  Dimensions: mm
  Frequency:  GHz
  Time:       ns

--------------------------------------------------------------------------------
Boundary conditions: 

  YZsymmetry: none
  XZsymmetry: none
  XYsymmetry: none

  Xmin: expanded open, 4 Layer, depth 12.3812 mm
  Xmax: expanded open, 4 Layer, depth 12.3812 mm

  Ymin: expanded open, 4 Layer, depth 12.2198 mm
  Ymax: expanded open, 4 Layer, depth 12.2198 mm

  Zmin: expanded open, 4 Layer, depth 13.2587 mm
  Zmax: expanded open, 4 Layer, depth 12.4052 mm

  PML-Type: Convolution PML

--------------------------------------------------------------------------------
Frequency settings: 

  Fmin:         1
  Fmax:         6
  Nfsteps(lin): 1001

--------------------------------------------------------------------------------
Field update statistics:

  Number of components in total: 	772437
  Number of lossy metal components:	4436
  Number of disp. elements:		21210

Subcycling state:      Automatically deactivated

--------------------------------------------------------------------------------
Broadband farfield monitor expansion origin: 
   x: 0
   y: 0
   z: -4.56

--------------------------------------------------------------------------------
Broadband farfield monitor: Using order 12. (168 farfield modes.)

--------------------------------------------------------------------------------

--------------------------------------------------------------------------------
Steady state energy criterion met, solver finished successfully.

--------------------------------------------------------------------------------
Frequency domain results normalized to default signal.

--------------------------------------------------------------------------------

  ----------------------------------------------------------------------------
                      Peak memory used (kB)         Free physical memory (kB) 
                                                    At begin     Minimum      
  ----------------------------------------------------------------------------
  Matrices calc.      144704                        1679112      1541688      
  Solver run total    273944                        1540008      1424456      
  ----------------------------------------------------------------------------

--------------------------------------------------------------------------------
Solver Statistics:

  Hardware:
     Computer name:                 	LAPTOP-BK7GUF1N 

     Number of CPU threads:             4
     Hardware info:                  	Hardware acceleration not activated

  Number of mesh cells:             	124392
  Excitation duration:              	1.42181950e+000 ns 
  Calculation time for excitation:  	5      	s
  Number of calculated pulse widths:	4.28853 
  Steady state accuracy limit:      	-30	dB 
  Simulated number of time steps:   	4664   
  Maximum number of time steps:     	21751  
  Time step width:
     without subcycles:             	1.30735887e-003 ns
     used:                          	1.30735887e-003 ns

  Reloading matrices:               	0      	s
  Solver setup time:                	2      	s
  Solver loop time:                 	20     	s
  Solver post processing time:      	-4     	s
  Processing of broadband farfields:	8      	s
                                    	------------
  Total solver time:                	26     	s

--------------------------------------------------------------------------------

  Adaptive port meshing time:       	44     	s
  Total solver time (all cycles):   	116    	s  ( = 0 h, 1 m, 56 s )
                                    	------------
  Total simulation time:            	160    	s  ( = 0 h, 2 m, 40 s )

--------------------------------------------------------------------------------
Solver finished at: 03:51 PM Tuesday, 02. May 2023


--------------------------------------------------------------------------------
