Unknown:
D:\FINAL YEAR PROJECT\4_Port_MIMO_Sub_6_GHZ_CP_Antenna\New Design\Design_4\Antenna_Design_4\Result\3d.slm
D:\FINAL YEAR PROJECT\4_Port_MIMO_Sub_6_GHZ_CP_Antenna\New Design\Design_4\Antenna_Design_4\Result\adapt_Port1_e1.prt
D:\FINAL YEAR PROJECT\4_Port_MIMO_Sub_6_GHZ_CP_Antenna\New Design\Design_4\Antenna_Design_4\Result\adapt_Port1_h1.prt
D:\FINAL YEAR PROJECT\4_Port_MIMO_Sub_6_GHZ_CP_Antenna\New Design\Design_4\Antenna_Design_4\Result\MCalc.log
D:\FINAL YEAR PROJECT\4_Port_MIMO_Sub_6_GHZ_CP_Antenna\New Design\Design_4\Antenna_Design_4\Result\Model.axg
D:\FINAL YEAR PROJECT\4_Port_MIMO_Sub_6_GHZ_CP_Antenna\New Design\Design_4\Antenna_Design_4\Result\Model.elg
D:\FINAL YEAR PROJECT\4_Port_MIMO_Sub_6_GHZ_CP_Antenna\New Design\Design_4\Antenna_Design_4\Result\Model.inf
D:\FINAL YEAR PROJECT\4_Port_MIMO_Sub_6_GHZ_CP_Antenna\New Design\Design_4\Antenna_Design_4\Result\Model.log
D:\FINAL YEAR PROJECT\4_Port_MIMO_Sub_6_GHZ_CP_Antenna\New Design\Design_4\Antenna_Design_4\Result\Model.sa
D:\FINAL YEAR PROJECT\4_Port_MIMO_Sub_6_GHZ_CP_Antenna\New Design\Design_4\Antenna_Design_4\Result\m^fb.dsc
D:\FINAL YEAR PROJECT\4_Port_MIMO_Sub_6_GHZ_CP_Antenna\New Design\Design_4\Antenna_Design_4\Result\m^fifx.dsc
D:\FINAL YEAR PROJECT\4_Port_MIMO_Sub_6_GHZ_CP_Antenna\New Design\Design_4\Antenna_Design_4\Result\m^ppex.dsc
D:\FINAL YEAR PROJECT\4_Port_MIMO_Sub_6_GHZ_CP_Antenna\New Design\Design_4\Antenna_Design_4\Result\Port1_1.m2d
Mesh:
D:\FINAL YEAR PROJECT\4_Port_MIMO_Sub_6_GHZ_CP_Antenna\New Design\Design_4\Antenna_Design_4\Result\MCalc.fmp
D:\FINAL YEAR PROJECT\4_Port_MIMO_Sub_6_GHZ_CP_Antenna\New Design\Design_4\Antenna_Design_4\Result\MCalc.xcfd
D:\FINAL YEAR PROJECT\4_Port_MIMO_Sub_6_GHZ_CP_Antenna\New Design\Design_4\Antenna_Design_4\Result\mesher_shapes.fsi
D:\FINAL YEAR PROJECT\4_Port_MIMO_Sub_6_GHZ_CP_Antenna\New Design\Design_4\Antenna_Design_4\Result\Model.fmm
D:\FINAL YEAR PROJECT\4_Port_MIMO_Sub_6_GHZ_CP_Antenna\New Design\Design_4\Antenna_Design_4\Result\Model.fwf
D:\FINAL YEAR PROJECT\4_Port_MIMO_Sub_6_GHZ_CP_Antenna\New Design\Design_4\Antenna_Design_4\Result\Model.mss
D:\FINAL YEAR PROJECT\4_Port_MIMO_Sub_6_GHZ_CP_Antenna\New Design\Design_4\Antenna_Design_4\Result\Model.ntr
D:\FINAL YEAR PROJECT\4_Port_MIMO_Sub_6_GHZ_CP_Antenna\New Design\Design_4\Antenna_Design_4\Result\Model.xcfd
D:\FINAL YEAR PROJECT\4_Port_MIMO_Sub_6_GHZ_CP_Antenna\New Design\Design_4\Antenna_Design_4\Result\p1.spi
D:\FINAL YEAR PROJECT\4_Port_MIMO_Sub_6_GHZ_CP_Antenna\New Design\Design_4\Antenna_Design_4\Result\Port1.wgi
