Port monitor named: Port4_h1.prt

nx        = 65
ny        = 61
nz        = 25

nu        = 9
nv        = 20
iu        = 8
iv        = 36

idir      = 1
dcut      = -2.750000e-002
icut      = 9
type      = 1
frequency = 3.500000e+009

fcutoff   = 0.000000e+000
alpha     = 0.000000e+000
beta      = 1.355594e+002
accuracy  = 9.424206e-015

type          = QTEM
wave imp.     = 2.045569e+002
wave imp.sig. = 1.045054e-011
line imp.     = 4.912795e+001

ref. port     = 0

0.000000e+000  1.619894e-001  2.977624e-001  3.546605e-001  3.402682e-001  2.798237e-001  1.737803e-001  9.080360e-002  0.000000e+000  
0.000000e+000  1.742109e-001  3.286098e-001  4.060138e-001  3.996582e-001  3.372564e-001  2.137715e-001  1.125496e-001  0.000000e+000  
0.000000e+000  1.966905e-001  3.886032e-001  5.130072e-001  5.296918e-001  4.694129e-001  3.096821e-001  1.654266e-001  0.000000e+000  
0.000000e+000  2.249505e-001  4.721948e-001  6.811664e-001  7.529370e-001  7.174040e-001  5.040389e-001  2.750586e-001  0.000000e+000  
0.000000e+000  2.516007e-001  5.675034e-001  9.136750e-001  1.108268e+000  1.172044e+000  9.093118e-001  5.101419e-001  0.000000e+000  
0.000000e+000  2.644310e-001  6.464048e-001  1.185514e+000  1.629025e+000  2.002745e+000  1.826683e+000  1.048763e+000  0.000000e+000  
0.000000e+000  2.474821e-001  6.580343e-001  1.397511e+000  2.262011e+000  3.467347e+000  4.185874e+000  2.330025e+000  0.000000e+000  
0.000000e+000  1.864620e-001  5.347552e-001  1.311315e+000  2.582956e+000  5.532377e+000  1.148500e+001  4.906898e+000  0.000000e+000  
0.000000e+000  9.360458e-002  2.758820e-001  6.967368e-001  1.346881e+000  2.504143e+000  0.000000e+000  2.789936e+000  0.000000e+000  
0.000000e+000  -1.711583e-011  -2.997885e-011  -2.916205e-011  -2.733938e-011  0.000000e+000  0.000000e+000  0.000000e+000  0.000000e+000  
0.000000e+000  -9.360458e-002  -2.758820e-001  -6.967368e-001  -1.346881e+000  -2.504143e+000  0.000000e+000  -2.789936e+000  0.000000e+000  
0.000000e+000  -1.864620e-001  -5.347552e-001  -1.311315e+000  -2.582956e+000  -5.532377e+000  -1.148500e+001  -4.906898e+000  0.000000e+000  
0.000000e+000  -2.474821e-001  -6.580343e-001  -1.397511e+000  -2.262011e+000  -3.467347e+000  -4.185874e+000  -2.330025e+000  0.000000e+000  
0.000000e+000  -2.644310e-001  -6.464048e-001  -1.185514e+000  -1.629025e+000  -2.002745e+000  -1.826683e+000  -1.048763e+000  0.000000e+000  
0.000000e+000  -2.516007e-001  -5.675034e-001  -9.136750e-001  -1.108268e+000  -1.172044e+000  -9.093118e-001  -5.101419e-001  0.000000e+000  
0.000000e+000  -2.249505e-001  -4.721948e-001  -6.811664e-001  -7.529370e-001  -7.174040e-001  -5.040389e-001  -2.750586e-001  0.000000e+000  
0.000000e+000  -1.966905e-001  -3.886032e-001  -5.130072e-001  -5.296918e-001  -4.694129e-001  -3.096821e-001  -1.654266e-001  0.000000e+000  
0.000000e+000  -1.742109e-001  -3.286098e-001  -4.060138e-001  -3.996582e-001  -3.372564e-001  -2.137715e-001  -1.125496e-001  0.000000e+000  
0.000000e+000  -1.619894e-001  -2.977624e-001  -3.546605e-001  -3.402682e-001  -2.798237e-001  -1.737803e-001  -9.080360e-002  0.000000e+000  
0.000000e+000  0.000000e+000  0.000000e+000  0.000000e+000  0.000000e+000  0.000000e+000  0.000000e+000  0.000000e+000  0.000000e+000  

0.000000e+000  0.000000e+000  0.000000e+000  0.000000e+000  0.000000e+000  0.000000e+000  0.000000e+000  0.000000e+000  0.000000e+000  
-2.737608e-002  -4.926230e-003  4.734359e-002  1.123886e-001  1.704307e-001  2.269225e-001  2.618016e-001  2.777000e-001  0.000000e+000  
-6.254153e-002  -2.075406e-002  8.193842e-002  2.186332e-001  3.466818e-001  4.774624e-001  5.606807e-001  5.986742e-001  0.000000e+000  
-1.113630e-001  -5.803721e-002  8.664748e-002  3.032974e-001  5.246170e-001  7.711431e-001  9.378339e-001  1.014356e+000  0.000000e+000  
-1.790387e-001  -1.280422e-001  3.755030e-002  3.367294e-001  6.877308e-001  1.136930e+000  1.476112e+000  1.633216e+000  0.000000e+000  
-2.664211e-001  -2.399850e-001  -1.009468e-001  2.490189e-001  7.617758e-001  1.577697e+000  2.327514e+000  2.673370e+000  0.000000e+000  
-3.680302e-001  -3.952032e-001  -3.684612e-001  -9.295071e-002  5.293863e-001  1.960794e+000  3.851275e+000  4.649514e+000  0.000000e+000  
-4.698454e-001  -5.766576e-001  -7.761401e-001  -8.754849e-001  -5.555397e-001  1.456092e+000  7.223625e+000  8.799987e+000  0.000000e+000  
-5.499033e-001  -7.383325e-001  -1.227536e+000  -2.101983e+000  -3.461443e+000  -6.802205e+000  1.869457e+001  1.724786e+001  0.000000e+000  
-5.805291e-001  -8.027798e-001  -1.412870e+000  -2.572481e+000  -4.303614e+000  -7.528533e+000  2.307259e+001  2.084184e+001  0.000000e+000  
-5.805291e-001  -8.027798e-001  -1.412870e+000  -2.572481e+000  -4.303614e+000  -7.528533e+000  2.307259e+001  2.084184e+001  0.000000e+000  
-5.499033e-001  -7.383325e-001  -1.227536e+000  -2.101983e+000  -3.461443e+000  -6.802205e+000  1.869457e+001  1.724786e+001  0.000000e+000  
-4.698454e-001  -5.766576e-001  -7.761401e-001  -8.754849e-001  -5.555397e-001  1.456092e+000  7.223625e+000  8.799987e+000  0.000000e+000  
-3.680302e-001  -3.952032e-001  -3.684612e-001  -9.295071e-002  5.293863e-001  1.960794e+000  3.851275e+000  4.649514e+000  0.000000e+000  
-2.664211e-001  -2.399850e-001  -1.009468e-001  2.490189e-001  7.617758e-001  1.577697e+000  2.327514e+000  2.673370e+000  0.000000e+000  
-1.790387e-001  -1.280422e-001  3.755030e-002  3.367294e-001  6.877308e-001  1.136930e+000  1.476112e+000  1.633216e+000  0.000000e+000  
-1.113630e-001  -5.803721e-002  8.664748e-002  3.032974e-001  5.246170e-001  7.711431e-001  9.378339e-001  1.014356e+000  0.000000e+000  
-6.254153e-002  -2.075406e-002  8.193842e-002  2.186332e-001  3.466818e-001  4.774624e-001  5.606807e-001  5.986742e-001  0.000000e+000  
-2.737608e-002  -4.926230e-003  4.734359e-002  1.123886e-001  1.704307e-001  2.269225e-001  2.618016e-001  2.777000e-001  0.000000e+000  
0.000000e+000  0.000000e+000  0.000000e+000  0.000000e+000  0.000000e+000  0.000000e+000  0.000000e+000  0.000000e+000  0.000000e+000  

0.000000e+000  0.000000e+000  0.000000e+000  0.000000e+000  0.000000e+000  0.000000e+000  0.000000e+000  0.000000e+000  0.000000e+000  
0.000000e+000  0.000000e+000  0.000000e+000  0.000000e+000  0.000000e+000  0.000000e+000  0.000000e+000  0.000000e+000  0.000000e+000  
0.000000e+000  0.000000e+000  0.000000e+000  0.000000e+000  0.000000e+000  0.000000e+000  0.000000e+000  0.000000e+000  0.000000e+000  
0.000000e+000  0.000000e+000  0.000000e+000  0.000000e+000  0.000000e+000  0.000000e+000  0.000000e+000  0.000000e+000  0.000000e+000  
0.000000e+000  0.000000e+000  0.000000e+000  0.000000e+000  0.000000e+000  0.000000e+000  0.000000e+000  0.000000e+000  0.000000e+000  
0.000000e+000  0.000000e+000  0.000000e+000  0.000000e+000  0.000000e+000  0.000000e+000  0.000000e+000  0.000000e+000  0.000000e+000  
0.000000e+000  0.000000e+000  0.000000e+000  0.000000e+000  0.000000e+000  0.000000e+000  0.000000e+000  0.000000e+000  0.000000e+000  
0.000000e+000  0.000000e+000  0.000000e+000  0.000000e+000  0.000000e+000  0.000000e+000  0.000000e+000  0.000000e+000  0.000000e+000  
0.000000e+000  0.000000e+000  0.000000e+000  0.000000e+000  0.000000e+000  0.000000e+000  0.000000e+000  0.000000e+000  0.000000e+000  
0.000000e+000  0.000000e+000  0.000000e+000  0.000000e+000  0.000000e+000  0.000000e+000  0.000000e+000  0.000000e+000  0.000000e+000  
0.000000e+000  0.000000e+000  0.000000e+000  0.000000e+000  0.000000e+000  0.000000e+000  0.000000e+000  0.000000e+000  0.000000e+000  
0.000000e+000  0.000000e+000  0.000000e+000  0.000000e+000  0.000000e+000  0.000000e+000  0.000000e+000  0.000000e+000  0.000000e+000  
0.000000e+000  0.000000e+000  0.000000e+000  0.000000e+000  0.000000e+000  0.000000e+000  0.000000e+000  0.000000e+000  0.000000e+000  
0.000000e+000  0.000000e+000  0.000000e+000  0.000000e+000  0.000000e+000  0.000000e+000  0.000000e+000  0.000000e+000  0.000000e+000  
0.000000e+000  0.000000e+000  0.000000e+000  0.000000e+000  0.000000e+000  0.000000e+000  0.000000e+000  0.000000e+000  0.000000e+000  
0.000000e+000  0.000000e+000  0.000000e+000  0.000000e+000  0.000000e+000  0.000000e+000  0.000000e+000  0.000000e+000  0.000000e+000  
0.000000e+000  0.000000e+000  0.000000e+000  0.000000e+000  0.000000e+000  0.000000e+000  0.000000e+000  0.000000e+000  0.000000e+000  
0.000000e+000  0.000000e+000  0.000000e+000  0.000000e+000  0.000000e+000  0.000000e+000  0.000000e+000  0.000000e+000  0.000000e+000  
0.000000e+000  0.000000e+000  0.000000e+000  0.000000e+000  0.000000e+000  0.000000e+000  0.000000e+000  0.000000e+000  0.000000e+000  
0.000000e+000  0.000000e+000  0.000000e+000  0.000000e+000  0.000000e+000  0.000000e+000  0.000000e+000  0.000000e+000  0.000000e+000  

0.000000e+000  0.000000e+000  0.000000e+000  0.000000e+000  0.000000e+000  0.000000e+000  0.000000e+000  0.000000e+000  0.000000e+000  
0.000000e+000  0.000000e+000  0.000000e+000  0.000000e+000  0.000000e+000  0.000000e+000  0.000000e+000  0.000000e+000  0.000000e+000  
0.000000e+000  0.000000e+000  0.000000e+000  0.000000e+000  0.000000e+000  0.000000e+000  0.000000e+000  0.000000e+000  0.000000e+000  
0.000000e+000  0.000000e+000  0.000000e+000  0.000000e+000  0.000000e+000  0.000000e+000  0.000000e+000  0.000000e+000  0.000000e+000  
0.000000e+000  0.000000e+000  0.000000e+000  0.000000e+000  0.000000e+000  0.000000e+000  0.000000e+000  0.000000e+000  0.000000e+000  
0.000000e+000  0.000000e+000  0.000000e+000  0.000000e+000  0.000000e+000  0.000000e+000  0.000000e+000  0.000000e+000  0.000000e+000  
0.000000e+000  0.000000e+000  0.000000e+000  0.000000e+000  0.000000e+000  0.000000e+000  0.000000e+000  0.000000e+000  0.000000e+000  
0.000000e+000  0.000000e+000  0.000000e+000  0.000000e+000  0.000000e+000  0.000000e+000  0.000000e+000  0.000000e+000  0.000000e+000  
0.000000e+000  0.000000e+000  0.000000e+000  0.000000e+000  0.000000e+000  0.000000e+000  0.000000e+000  0.000000e+000  0.000000e+000  
0.000000e+000  0.000000e+000  0.000000e+000  0.000000e+000  0.000000e+000  0.000000e+000  0.000000e+000  0.000000e+000  0.000000e+000  
0.000000e+000  0.000000e+000  0.000000e+000  0.000000e+000  0.000000e+000  0.000000e+000  0.000000e+000  0.000000e+000  0.000000e+000  
0.000000e+000  0.000000e+000  0.000000e+000  0.000000e+000  0.000000e+000  0.000000e+000  0.000000e+000  0.000000e+000  0.000000e+000  
0.000000e+000  0.000000e+000  0.000000e+000  0.000000e+000  0.000000e+000  0.000000e+000  0.000000e+000  0.000000e+000  0.000000e+000  
0.000000e+000  0.000000e+000  0.000000e+000  0.000000e+000  0.000000e+000  0.000000e+000  0.000000e+000  0.000000e+000  0.000000e+000  
0.000000e+000  0.000000e+000  0.000000e+000  0.000000e+000  0.000000e+000  0.000000e+000  0.000000e+000  0.000000e+000  0.000000e+000  
0.000000e+000  0.000000e+000  0.000000e+000  0.000000e+000  0.000000e+000  0.000000e+000  0.000000e+000  0.000000e+000  0.000000e+000  
0.000000e+000  0.000000e+000  0.000000e+000  0.000000e+000  0.000000e+000  0.000000e+000  0.000000e+000  0.000000e+000  0.000000e+000  
0.000000e+000  0.000000e+000  0.000000e+000  0.000000e+000  0.000000e+000  0.000000e+000  0.000000e+000  0.000000e+000  0.000000e+000  
0.000000e+000  0.000000e+000  0.000000e+000  0.000000e+000  0.000000e+000  0.000000e+000  0.000000e+000  0.000000e+000  0.000000e+000  
0.000000e+000  0.000000e+000  0.000000e+000  0.000000e+000  0.000000e+000  0.000000e+000  0.000000e+000  0.000000e+000  0.000000e+000  

0.000000e+000  0.000000e+000  0.000000e+000  0.000000e+000  0.000000e+000  0.000000e+000  0.000000e+000  0.000000e+000  0.000000e+000  
0.000000e+000  0.000000e+000  0.000000e+000  0.000000e+000  0.000000e+000  0.000000e+000  0.000000e+000  0.000000e+000  0.000000e+000  
0.000000e+000  0.000000e+000  0.000000e+000  0.000000e+000  0.000000e+000  0.000000e+000  0.000000e+000  0.000000e+000  0.000000e+000  
0.000000e+000  0.000000e+000  0.000000e+000  0.000000e+000  0.000000e+000  0.000000e+000  0.000000e+000  0.000000e+000  0.000000e+000  
0.000000e+000  0.000000e+000  0.000000e+000  0.000000e+000  0.000000e+000  0.000000e+000  0.000000e+000  0.000000e+000  0.000000e+000  
0.000000e+000  0.000000e+000  0.000000e+000  0.000000e+000  0.000000e+000  0.000000e+000  0.000000e+000  0.000000e+000  0.000000e+000  
0.000000e+000  0.000000e+000  0.000000e+000  0.000000e+000  0.000000e+000  0.000000e+000  0.000000e+000  0.000000e+000  0.000000e+000  
0.000000e+000  0.000000e+000  0.000000e+000  0.000000e+000  0.000000e+000  0.000000e+000  0.000000e+000  0.000000e+000  0.000000e+000  
0.000000e+000  0.000000e+000  0.000000e+000  0.000000e+000  0.000000e+000  0.000000e+000  0.000000e+000  0.000000e+000  0.000000e+000  
0.000000e+000  0.000000e+000  0.000000e+000  0.000000e+000  0.000000e+000  0.000000e+000  0.000000e+000  0.000000e+000  0.000000e+000  
0.000000e+000  0.000000e+000  0.000000e+000  0.000000e+000  0.000000e+000  0.000000e+000  0.000000e+000  0.000000e+000  0.000000e+000  
0.000000e+000  0.000000e+000  0.000000e+000  0.000000e+000  0.000000e+000  0.000000e+000  0.000000e+000  0.000000e+000  0.000000e+000  
0.000000e+000  0.000000e+000  0.000000e+000  0.000000e+000  0.000000e+000  0.000000e+000  0.000000e+000  0.000000e+000  0.000000e+000  
0.000000e+000  0.000000e+000  0.000000e+000  0.000000e+000  0.000000e+000  0.000000e+000  0.000000e+000  0.000000e+000  0.000000e+000  
0.000000e+000  0.000000e+000  0.000000e+000  0.000000e+000  0.000000e+000  0.000000e+000  0.000000e+000  0.000000e+000  0.000000e+000  
0.000000e+000  0.000000e+000  0.000000e+000  0.000000e+000  0.000000e+000  0.000000e+000  0.000000e+000  0.000000e+000  0.000000e+000  
0.000000e+000  0.000000e+000  0.000000e+000  0.000000e+000  0.000000e+000  0.000000e+000  0.000000e+000  0.000000e+000  0.000000e+000  
0.000000e+000  0.000000e+000  0.000000e+000  0.000000e+000  0.000000e+000  0.000000e+000  0.000000e+000  0.000000e+000  0.000000e+000  
0.000000e+000  0.000000e+000  0.000000e+000  0.000000e+000  0.000000e+000  0.000000e+000  0.000000e+000  0.000000e+000  0.000000e+000  
0.000000e+000  0.000000e+000  0.000000e+000  0.000000e+000  0.000000e+000  0.000000e+000  0.000000e+000  0.000000e+000  0.000000e+000  

-3.467264e-001  -3.883515e-001  -4.605577e-001  -5.272899e-001  -5.787043e-001  -6.243042e-001  -6.549181e-001  -6.689809e-001  -0.000000e+000  
-3.418380e-001  -3.861611e-001  -4.648406e-001  -5.399337e-001  -5.990801e-001  -6.526442e-001  -6.877927e-001  -7.031856e-001  -0.000000e+000  
-3.311921e-001  -3.804230e-001  -4.715592e-001  -5.638500e-001  -6.396613e-001  -7.111831e-001  -7.564619e-001  -7.744044e-001  -0.000000e+000  
-3.132719e-001  -3.685396e-001  -4.767166e-001  -5.954867e-001  -6.992036e-001  -8.033360e-001  -8.666557e-001  -8.875962e-001  -0.000000e+000  
-2.857148e-001  -3.464088e-001  -4.734294e-001  -6.277792e-001  -7.744555e-001  -9.358031e-001  -1.029724e+000  -1.050747e+000  -0.000000e+000  
-2.462275e-001  -3.089688e-001  -4.505588e-001  -6.448409e-001  -8.519185e-001  -1.112476e+000  -1.257168e+000  -1.262577e+000  -0.000000e+000  
-1.932725e-001  -2.511802e-001  -3.926214e-001  -6.153735e-001  -8.919016e-001  -1.317569e+000  -1.545096e+000  -1.477752e+000  -0.000000e+000  
-1.271023e-001  -1.702811e-001  -2.835505e-001  -4.878972e-001  -7.930845e-001  -1.435935e+000  -1.782940e+000  -1.492193e+000  -0.000000e+000  
-6.023724e-002  -8.182269e-002  -1.399535e-001  -2.479623e-001  -4.068570e-001  -7.006305e-001  -8.991941e-001  -7.860771e-001  -0.000000e+000  
-0.000000e+000  -0.000000e+000  -0.000000e+000  -0.000000e+000  -0.000000e+000  -0.000000e+000  -0.000000e+000  -0.000000e+000  -0.000000e+000  
6.023724e-002  8.182269e-002  1.399535e-001  2.479623e-001  4.068570e-001  7.006305e-001  8.991941e-001  7.860771e-001  -0.000000e+000  
1.271023e-001  1.702811e-001  2.835505e-001  4.878972e-001  7.930845e-001  1.435935e+000  1.782940e+000  1.492193e+000  -0.000000e+000  
1.932725e-001  2.511802e-001  3.926214e-001  6.153735e-001  8.919016e-001  1.317569e+000  1.545096e+000  1.477752e+000  -0.000000e+000  
2.462275e-001  3.089688e-001  4.505588e-001  6.448409e-001  8.519185e-001  1.112476e+000  1.257168e+000  1.262577e+000  -0.000000e+000  
2.857148e-001  3.464088e-001  4.734294e-001  6.277792e-001  7.744555e-001  9.358031e-001  1.029724e+000  1.050747e+000  -0.000000e+000  
3.132719e-001  3.685396e-001  4.767166e-001  5.954867e-001  6.992036e-001  8.033360e-001  8.666557e-001  8.875962e-001  -0.000000e+000  
3.311921e-001  3.804230e-001  4.715592e-001  5.638500e-001  6.396613e-001  7.111831e-001  7.564619e-001  7.744044e-001  -0.000000e+000  
3.418380e-001  3.861611e-001  4.648406e-001  5.399337e-001  5.990801e-001  6.526442e-001  6.877927e-001  7.031856e-001  -0.000000e+000  
3.467264e-001  3.883515e-001  4.605577e-001  5.272899e-001  5.787043e-001  6.243042e-001  6.549181e-001  6.689809e-001  -0.000000e+000  
-0.000000e+000  -0.000000e+000  -0.000000e+000  -0.000000e+000  -0.000000e+000  -0.000000e+000  -0.000000e+000  -0.000000e+000  -0.000000e+000  

