Port monitor named: Port1_e1.prt

nx        = 65
ny        = 61
nz        = 25

nu        = 9
nv        = 20
iu        = 8
iv        = 11

idir      = 1
dcut      = 2.750000e-002
icut      = 53
type      = 0
frequency = 3.500000e+009

fcutoff   = 0.000000e+000
alpha     = 0.000000e+000
beta      = 1.355594e+002
accuracy  = 9.424206e-015

type          = QTEM
wave imp.     = 2.045569e+002
wave imp.sig. = 1.045054e-011
line imp.     = 4.912795e+001

ref. port     = 0

0.000000e+000  0.000000e+000  0.000000e+000  0.000000e+000  0.000000e+000  0.000000e+000  0.000000e+000  0.000000e+000  0.000000e+000  
-5.992426e-001  4.841754e+000  1.678707e+001  3.049805e+001  4.170884e+001  5.096321e+001  1.326412e+001  1.464382e+001  0.000000e+000  
-2.941255e+000  7.434211e+000  3.142270e+001  6.100339e+001  8.659578e+001  1.091602e+002  2.931663e+001  3.313410e+001  0.000000e+000  
-8.505502e+000  5.367448e+000  4.045860e+001  8.929649e+001  1.358920e+002  1.819135e+002  5.214001e+001  6.166246e+001  0.000000e+000  
-1.850196e+001  -3.899444e+000  3.880421e+001  1.100460e+002  1.889410e+002  2.812907e+002  9.118356e+001  1.160718e+002  0.000000e+000  
-3.338432e+001  -2.286554e+001  1.781410e+001  1.076480e+002  2.319743e+002  4.178777e+002  1.698663e+002  2.385417e+002  0.000000e+000  
-5.224956e+001  -5.254912e+001  -3.335829e+001  4.879079e+001  2.145510e+002  5.751259e+002  3.587948e+002  5.495701e+002  0.000000e+000  
-7.223047e+001  -8.986010e+001  -1.202275e+002  -1.184968e+002  -6.141342e+000  5.578031e+002  9.386189e+002  1.385448e+003  0.000000e+000  
-8.849742e+001  -1.246261e+002  -2.224847e+002  -4.071875e+002  -7.096521e+002  -1.498823e+003  3.858004e+003  3.449703e+003  0.000000e+000  
-9.480038e+001  -1.386736e+002  -2.648719e+002  -5.174865e+002  -9.066555e+002  -1.643093e+003  4.719657e+003  4.232658e+003  0.000000e+000  
-9.480038e+001  -1.386736e+002  -2.648719e+002  -5.174865e+002  -9.066555e+002  -1.643093e+003  4.719657e+003  4.232658e+003  0.000000e+000  
-8.849742e+001  -1.246261e+002  -2.224847e+002  -4.071875e+002  -7.096521e+002  -1.498823e+003  3.858004e+003  3.449703e+003  0.000000e+000  
-7.223047e+001  -8.986010e+001  -1.202275e+002  -1.184968e+002  -6.141342e+000  5.578031e+002  9.386189e+002  1.385448e+003  0.000000e+000  
-5.224956e+001  -5.254912e+001  -3.335829e+001  4.879079e+001  2.145510e+002  5.751259e+002  3.587948e+002  5.495701e+002  0.000000e+000  
-3.338432e+001  -2.286554e+001  1.781410e+001  1.076480e+002  2.319743e+002  4.178777e+002  1.698663e+002  2.385417e+002  0.000000e+000  
-1.850196e+001  -3.899444e+000  3.880421e+001  1.100460e+002  1.889410e+002  2.812907e+002  9.118356e+001  1.160718e+002  0.000000e+000  
-8.505502e+000  5.367448e+000  4.045860e+001  8.929649e+001  1.358920e+002  1.819135e+002  5.214001e+001  6.166246e+001  0.000000e+000  
-2.941255e+000  7.434211e+000  3.142270e+001  6.100339e+001  8.659578e+001  1.091602e+002  2.931663e+001  3.313410e+001  0.000000e+000  
-5.992426e-001  4.841754e+000  1.678707e+001  3.049805e+001  4.170884e+001  5.096321e+001  1.326412e+001  1.464382e+001  0.000000e+000  
0.000000e+000  0.000000e+000  0.000000e+000  0.000000e+000  0.000000e+000  0.000000e+000  0.000000e+000  0.000000e+000  0.000000e+000  

0.000000e+000  -2.418414e+001  -4.149014e+001  -4.228120e+001  -3.215277e+001  -1.322563e+001  1.285221e+001  6.175758e+000  0.000000e+000  
0.000000e+000  -2.695032e+001  -4.810113e+001  -5.239469e+001  -4.270997e+001  -2.149524e+001  1.043234e+001  4.669331e+000  0.000000e+000  
0.000000e+000  -3.215500e+001  -6.126327e+001  -7.414719e+001  -6.687611e+001  -4.199150e+001  3.033215e+000  3.448884e-003  0.000000e+000  
0.000000e+000  -3.898126e+001  -8.032762e+001  -1.100210e+002  -1.111741e+002  -8.478152e+001  -1.728889e+001  -1.302271e+001  0.000000e+000  
0.000000e+000  -4.598599e+001  -1.034099e+002  -1.627887e+002  -1.874824e+002  -1.734597e+002  -7.469670e+001  -5.025209e+001  0.000000e+000  
0.000000e+000  -5.056091e+001  -1.248842e+002  -2.295911e+002  -3.095036e+002  -3.567191e+002  -2.442678e+002  -1.587042e+002  0.000000e+000  
0.000000e+000  -4.904877e+001  -1.333224e+002  -2.898806e+002  -4.736233e+002  -7.188780e+002  -7.825921e+002  -4.688565e+002  0.000000e+000  
0.000000e+000  -3.791493e+001  -1.121881e+002  -2.863108e+002  -5.829388e+002  -1.291683e+003  -2.741170e+003  -1.205564e+003  0.000000e+000  
0.000000e+000  -1.922597e+001  -5.857915e+001  -1.538606e+002  -3.049485e+002  -5.735206e+002  0.000000e+000  -6.089859e+002  0.000000e+000  
0.000000e+000  0.000000e+000  0.000000e+000  0.000000e+000  0.000000e+000  0.000000e+000  0.000000e+000  0.000000e+000  0.000000e+000  
0.000000e+000  1.922597e+001  5.857915e+001  1.538606e+002  3.049485e+002  5.735206e+002  0.000000e+000  6.089859e+002  0.000000e+000  
0.000000e+000  3.791493e+001  1.121881e+002  2.863108e+002  5.829388e+002  1.291683e+003  2.741170e+003  1.205564e+003  0.000000e+000  
0.000000e+000  4.904877e+001  1.333224e+002  2.898806e+002  4.736233e+002  7.188780e+002  7.825921e+002  4.688565e+002  0.000000e+000  
0.000000e+000  5.056091e+001  1.248842e+002  2.295911e+002  3.095036e+002  3.567191e+002  2.442678e+002  1.587042e+002  0.000000e+000  
0.000000e+000  4.598599e+001  1.034099e+002  1.627887e+002  1.874824e+002  1.734597e+002  7.469670e+001  5.025209e+001  0.000000e+000  
0.000000e+000  3.898126e+001  8.032762e+001  1.100210e+002  1.111741e+002  8.478152e+001  1.728889e+001  1.302271e+001  0.000000e+000  
0.000000e+000  3.215500e+001  6.126327e+001  7.414719e+001  6.687611e+001  4.199150e+001  -3.033215e+000  -3.448884e-003  0.000000e+000  
0.000000e+000  2.695032e+001  4.810113e+001  5.239469e+001  4.270997e+001  2.149524e+001  -1.043234e+001  -4.669331e+000  0.000000e+000  
0.000000e+000  2.418414e+001  4.149014e+001  4.228120e+001  3.215277e+001  1.322563e+001  -1.285221e+001  -6.175758e+000  0.000000e+000  
0.000000e+000  0.000000e+000  0.000000e+000  0.000000e+000  0.000000e+000  0.000000e+000  0.000000e+000  0.000000e+000  0.000000e+000  

0.000000e+000  0.000000e+000  0.000000e+000  0.000000e+000  0.000000e+000  0.000000e+000  0.000000e+000  0.000000e+000  0.000000e+000  
0.000000e+000  0.000000e+000  0.000000e+000  0.000000e+000  0.000000e+000  0.000000e+000  0.000000e+000  0.000000e+000  0.000000e+000  
0.000000e+000  0.000000e+000  0.000000e+000  0.000000e+000  0.000000e+000  0.000000e+000  0.000000e+000  0.000000e+000  0.000000e+000  
0.000000e+000  0.000000e+000  0.000000e+000  0.000000e+000  0.000000e+000  0.000000e+000  0.000000e+000  0.000000e+000  0.000000e+000  
0.000000e+000  0.000000e+000  0.000000e+000  0.000000e+000  0.000000e+000  0.000000e+000  0.000000e+000  0.000000e+000  0.000000e+000  
0.000000e+000  0.000000e+000  0.000000e+000  0.000000e+000  0.000000e+000  0.000000e+000  0.000000e+000  0.000000e+000  0.000000e+000  
0.000000e+000  0.000000e+000  0.000000e+000  0.000000e+000  0.000000e+000  0.000000e+000  0.000000e+000  0.000000e+000  0.000000e+000  
0.000000e+000  0.000000e+000  0.000000e+000  0.000000e+000  0.000000e+000  0.000000e+000  0.000000e+000  0.000000e+000  0.000000e+000  
0.000000e+000  0.000000e+000  0.000000e+000  0.000000e+000  0.000000e+000  0.000000e+000  0.000000e+000  0.000000e+000  0.000000e+000  
0.000000e+000  0.000000e+000  0.000000e+000  0.000000e+000  0.000000e+000  0.000000e+000  0.000000e+000  0.000000e+000  0.000000e+000  
0.000000e+000  0.000000e+000  0.000000e+000  0.000000e+000  0.000000e+000  0.000000e+000  0.000000e+000  0.000000e+000  0.000000e+000  
0.000000e+000  0.000000e+000  0.000000e+000  0.000000e+000  0.000000e+000  0.000000e+000  0.000000e+000  0.000000e+000  0.000000e+000  
0.000000e+000  0.000000e+000  0.000000e+000  0.000000e+000  0.000000e+000  0.000000e+000  0.000000e+000  0.000000e+000  0.000000e+000  
0.000000e+000  0.000000e+000  0.000000e+000  0.000000e+000  0.000000e+000  0.000000e+000  0.000000e+000  0.000000e+000  0.000000e+000  
0.000000e+000  0.000000e+000  0.000000e+000  0.000000e+000  0.000000e+000  0.000000e+000  0.000000e+000  0.000000e+000  0.000000e+000  
0.000000e+000  0.000000e+000  0.000000e+000  0.000000e+000  0.000000e+000  0.000000e+000  0.000000e+000  0.000000e+000  0.000000e+000  
0.000000e+000  0.000000e+000  0.000000e+000  0.000000e+000  0.000000e+000  0.000000e+000  0.000000e+000  0.000000e+000  0.000000e+000  
0.000000e+000  0.000000e+000  0.000000e+000  0.000000e+000  0.000000e+000  0.000000e+000  0.000000e+000  0.000000e+000  0.000000e+000  
0.000000e+000  0.000000e+000  0.000000e+000  0.000000e+000  0.000000e+000  0.000000e+000  0.000000e+000  0.000000e+000  0.000000e+000  
0.000000e+000  0.000000e+000  0.000000e+000  0.000000e+000  0.000000e+000  0.000000e+000  0.000000e+000  0.000000e+000  0.000000e+000  

0.000000e+000  0.000000e+000  0.000000e+000  0.000000e+000  0.000000e+000  0.000000e+000  0.000000e+000  0.000000e+000  0.000000e+000  
0.000000e+000  0.000000e+000  0.000000e+000  0.000000e+000  0.000000e+000  0.000000e+000  0.000000e+000  0.000000e+000  0.000000e+000  
0.000000e+000  0.000000e+000  0.000000e+000  0.000000e+000  0.000000e+000  0.000000e+000  0.000000e+000  0.000000e+000  0.000000e+000  
0.000000e+000  0.000000e+000  0.000000e+000  0.000000e+000  0.000000e+000  0.000000e+000  0.000000e+000  0.000000e+000  0.000000e+000  
0.000000e+000  0.000000e+000  0.000000e+000  0.000000e+000  0.000000e+000  0.000000e+000  0.000000e+000  0.000000e+000  0.000000e+000  
0.000000e+000  0.000000e+000  0.000000e+000  0.000000e+000  0.000000e+000  0.000000e+000  0.000000e+000  0.000000e+000  0.000000e+000  
0.000000e+000  0.000000e+000  0.000000e+000  0.000000e+000  0.000000e+000  0.000000e+000  0.000000e+000  0.000000e+000  0.000000e+000  
0.000000e+000  0.000000e+000  0.000000e+000  0.000000e+000  0.000000e+000  0.000000e+000  0.000000e+000  0.000000e+000  0.000000e+000  
0.000000e+000  0.000000e+000  0.000000e+000  0.000000e+000  0.000000e+000  0.000000e+000  0.000000e+000  0.000000e+000  0.000000e+000  
0.000000e+000  0.000000e+000  0.000000e+000  0.000000e+000  0.000000e+000  0.000000e+000  0.000000e+000  0.000000e+000  0.000000e+000  
0.000000e+000  0.000000e+000  0.000000e+000  0.000000e+000  0.000000e+000  0.000000e+000  0.000000e+000  0.000000e+000  0.000000e+000  
0.000000e+000  0.000000e+000  0.000000e+000  0.000000e+000  0.000000e+000  0.000000e+000  0.000000e+000  0.000000e+000  0.000000e+000  
0.000000e+000  0.000000e+000  0.000000e+000  0.000000e+000  0.000000e+000  0.000000e+000  0.000000e+000  0.000000e+000  0.000000e+000  
0.000000e+000  0.000000e+000  0.000000e+000  0.000000e+000  0.000000e+000  0.000000e+000  0.000000e+000  0.000000e+000  0.000000e+000  
0.000000e+000  0.000000e+000  0.000000e+000  0.000000e+000  0.000000e+000  0.000000e+000  0.000000e+000  0.000000e+000  0.000000e+000  
0.000000e+000  0.000000e+000  0.000000e+000  0.000000e+000  0.000000e+000  0.000000e+000  0.000000e+000  0.000000e+000  0.000000e+000  
0.000000e+000  0.000000e+000  0.000000e+000  0.000000e+000  0.000000e+000  0.000000e+000  0.000000e+000  0.000000e+000  0.000000e+000  
0.000000e+000  0.000000e+000  0.000000e+000  0.000000e+000  0.000000e+000  0.000000e+000  0.000000e+000  0.000000e+000  0.000000e+000  
0.000000e+000  0.000000e+000  0.000000e+000  0.000000e+000  0.000000e+000  0.000000e+000  0.000000e+000  0.000000e+000  0.000000e+000  
0.000000e+000  0.000000e+000  0.000000e+000  0.000000e+000  0.000000e+000  0.000000e+000  0.000000e+000  0.000000e+000  0.000000e+000  

0.000000e+000  0.000000e+000  0.000000e+000  0.000000e+000  0.000000e+000  0.000000e+000  0.000000e+000  0.000000e+000  0.000000e+000  
0.000000e+000  0.000000e+000  0.000000e+000  0.000000e+000  0.000000e+000  0.000000e+000  0.000000e+000  0.000000e+000  0.000000e+000  
0.000000e+000  0.000000e+000  0.000000e+000  0.000000e+000  0.000000e+000  0.000000e+000  0.000000e+000  0.000000e+000  0.000000e+000  
0.000000e+000  0.000000e+000  0.000000e+000  0.000000e+000  0.000000e+000  0.000000e+000  0.000000e+000  0.000000e+000  0.000000e+000  
0.000000e+000  0.000000e+000  0.000000e+000  0.000000e+000  0.000000e+000  0.000000e+000  0.000000e+000  0.000000e+000  0.000000e+000  
0.000000e+000  0.000000e+000  0.000000e+000  0.000000e+000  0.000000e+000  0.000000e+000  0.000000e+000  0.000000e+000  0.000000e+000  
0.000000e+000  0.000000e+000  0.000000e+000  0.000000e+000  0.000000e+000  0.000000e+000  0.000000e+000  0.000000e+000  0.000000e+000  
0.000000e+000  0.000000e+000  0.000000e+000  0.000000e+000  0.000000e+000  0.000000e+000  0.000000e+000  0.000000e+000  0.000000e+000  
0.000000e+000  0.000000e+000  0.000000e+000  0.000000e+000  0.000000e+000  0.000000e+000  0.000000e+000  0.000000e+000  0.000000e+000  
0.000000e+000  0.000000e+000  0.000000e+000  0.000000e+000  0.000000e+000  0.000000e+000  0.000000e+000  0.000000e+000  0.000000e+000  
0.000000e+000  0.000000e+000  0.000000e+000  0.000000e+000  0.000000e+000  0.000000e+000  0.000000e+000  0.000000e+000  0.000000e+000  
0.000000e+000  0.000000e+000  0.000000e+000  0.000000e+000  0.000000e+000  0.000000e+000  0.000000e+000  0.000000e+000  0.000000e+000  
0.000000e+000  0.000000e+000  0.000000e+000  0.000000e+000  0.000000e+000  0.000000e+000  0.000000e+000  0.000000e+000  0.000000e+000  
0.000000e+000  0.000000e+000  0.000000e+000  0.000000e+000  0.000000e+000  0.000000e+000  0.000000e+000  0.000000e+000  0.000000e+000  
0.000000e+000  0.000000e+000  0.000000e+000  0.000000e+000  0.000000e+000  0.000000e+000  0.000000e+000  0.000000e+000  0.000000e+000  
0.000000e+000  0.000000e+000  0.000000e+000  0.000000e+000  0.000000e+000  0.000000e+000  0.000000e+000  0.000000e+000  0.000000e+000  
0.000000e+000  0.000000e+000  0.000000e+000  0.000000e+000  0.000000e+000  0.000000e+000  0.000000e+000  0.000000e+000  0.000000e+000  
0.000000e+000  0.000000e+000  0.000000e+000  0.000000e+000  0.000000e+000  0.000000e+000  0.000000e+000  0.000000e+000  0.000000e+000  
0.000000e+000  0.000000e+000  0.000000e+000  0.000000e+000  0.000000e+000  0.000000e+000  0.000000e+000  0.000000e+000  0.000000e+000  
0.000000e+000  0.000000e+000  0.000000e+000  0.000000e+000  0.000000e+000  0.000000e+000  0.000000e+000  0.000000e+000  0.000000e+000  

0.000000e+000  0.000000e+000  0.000000e+000  0.000000e+000  0.000000e+000  0.000000e+000  0.000000e+000  0.000000e+000  0.000000e+000  
0.000000e+000  -1.629515e+000  -3.541785e+000  -5.534370e+000  -6.860745e+000  -8.078452e+000  -8.900707e+000  -4.551280e+000  0.000000e+000  
0.000000e+000  -3.208379e+000  -7.024115e+000  -1.113424e+001  -1.400724e+001  -1.679083e+001  -1.885829e+001  -9.642126e+000  0.000000e+000  
0.000000e+000  -4.643857e+000  -1.026971e+001  -1.663497e+001  -2.143696e+001  -2.649728e+001  -3.081724e+001  -1.573814e+001  0.000000e+000  
0.000000e+000  -5.886799e+000  -1.314956e+001  -2.184774e+001  -2.908581e+001  -3.760721e+001  -4.626442e+001  -2.351929e+001  0.000000e+000  
0.000000e+000  -6.845633e+000  -1.536918e+001  -2.609010e+001  -3.603495e+001  -4.944081e+001  -6.626827e+001  -3.323339e+001  0.000000e+000  
0.000000e+000  -7.450320e+000  -1.661464e+001  -2.827454e+001  -4.011734e+001  -5.875951e+001  -8.942478e+001  -4.319153e+001  0.000000e+000  
0.000000e+000  -7.703810e+000  -1.676345e+001  -2.737325e+001  -3.785910e+001  -5.658496e+001  -1.022094e+002  -4.430099e+001  0.000000e+000  
0.000000e+000  -7.721318e+000  -1.618979e+001  -2.394113e+001  -2.766827e+001  -2.696745e+001  0.000000e+000  -7.202450e+000  0.000000e+000  
0.000000e+000  -7.701810e+000  -1.587281e+001  -2.233813e+001  -2.355053e+001  -1.842305e+001  0.000000e+000  -1.748251e+000  0.000000e+000  
0.000000e+000  -7.701810e+000  -1.587281e+001  -2.233813e+001  -2.355053e+001  -1.842305e+001  0.000000e+000  -1.748251e+000  0.000000e+000  
0.000000e+000  -7.721318e+000  -1.618979e+001  -2.394113e+001  -2.766827e+001  -2.696745e+001  0.000000e+000  -7.202450e+000  0.000000e+000  
0.000000e+000  -7.703810e+000  -1.676345e+001  -2.737325e+001  -3.785910e+001  -5.658496e+001  -1.022094e+002  -4.430099e+001  0.000000e+000  
0.000000e+000  -7.450320e+000  -1.661464e+001  -2.827454e+001  -4.011734e+001  -5.875951e+001  -8.942478e+001  -4.319153e+001  0.000000e+000  
0.000000e+000  -6.845633e+000  -1.536918e+001  -2.609010e+001  -3.603495e+001  -4.944081e+001  -6.626827e+001  -3.323339e+001  0.000000e+000  
0.000000e+000  -5.886799e+000  -1.314956e+001  -2.184774e+001  -2.908581e+001  -3.760721e+001  -4.626442e+001  -2.351929e+001  0.000000e+000  
0.000000e+000  -4.643857e+000  -1.026971e+001  -1.663497e+001  -2.143696e+001  -2.649728e+001  -3.081724e+001  -1.573814e+001  0.000000e+000  
0.000000e+000  -3.208379e+000  -7.024115e+000  -1.113424e+001  -1.400724e+001  -1.679083e+001  -1.885829e+001  -9.642126e+000  0.000000e+000  
0.000000e+000  -1.629515e+000  -3.541785e+000  -5.534370e+000  -6.860745e+000  -8.078452e+000  -8.900707e+000  -4.551280e+000  0.000000e+000  
0.000000e+000  0.000000e+000  0.000000e+000  0.000000e+000  0.000000e+000  0.000000e+000  0.000000e+000  0.000000e+000  0.000000e+000  

